L 07/09/2020 - 00:00:48: SourceMod log file session started (file "/home/srvdod/srcds/dod_s/dod/addons/sourcemod/logs/L20200709.log") (Version "1.10.0.6490")
L 07/09/2020 - 00:00:48: [SM] Changed map to "dod_donner"
L 07/09/2020 - 00:00:48: [SM] Changed map to "dod_donner"
L 07/09/2020 - 00:00:49: -------- Mapchange to dod_donner --------
L 07/09/2020 - 00:00:49: [adminsounds.smx] 0 sounds loaded
L 07/09/2020 - 00:00:50: -------- Mapchange to dod_donner --------
L 07/09/2020 - 00:00:50: [adminsounds.smx] 0 sounds loaded
L 07/09/2020 - 00:00:55: [randomcycle.smx] RandomCycle has chosen mario_air for the nextmap.
L 07/09/2020 - 00:07:48: [mapchooser.smx] Voting for next map has started.
L 07/09/2020 - 00:11:49: [SM] Changed map to "dod_sewer_rats_b1"
L 07/09/2020 - 00:11:49: [SM] Changed map to "dod_sewer_rats_b1"
L 07/09/2020 - 00:11:50: -------- Mapchange to dod_sewer_rats_b1 --------
L 07/09/2020 - 00:11:50: [adminsounds.smx] 0 sounds loaded
L 07/09/2020 - 00:11:51: -------- Mapchange to dod_sewer_rats_b1 --------
L 07/09/2020 - 00:11:51: [adminsounds.smx] 0 sounds loaded
L 07/09/2020 - 00:11:56: [randomcycle.smx] RandomCycle has chosen dod_fullhouse for the nextmap.
L 07/09/2020 - 00:18:49: [mapchooser.smx] Voting for next map has started.
L 07/09/2020 - 00:22:50: [SM] Changed map to "dod_sniperarena_dgs2"
L 07/09/2020 - 00:22:50: [SM] Changed map to "dod_sniperarena_dgs2"
L 07/09/2020 - 00:22:51: -------- Mapchange to dod_sniperarena_dgs2 --------
L 07/09/2020 - 00:22:51: [adminsounds.smx] 0 sounds loaded
L 07/09/2020 - 00:22:52: -------- Mapchange to dod_sniperarena_dgs2 --------
L 07/09/2020 - 00:22:52: [adminsounds.smx] 0 sounds loaded
L 07/09/2020 - 00:22:57: [randomcycle.smx] RandomCycle has chosen dod_jagd for the nextmap.
L 07/09/2020 - 00:29:50: [mapchooser.smx] Voting for next map has started.
L 07/09/2020 - 00:33:51: [SM] Changed map to "dod_jagd"
L 07/09/2020 - 00:33:51: [SM] Changed map to "dod_jagd"
L 07/09/2020 - 00:33:53: -------- Mapchange to dod_jagd --------
L 07/09/2020 - 00:33:53: [adminsounds.smx] 0 sounds loaded
L 07/09/2020 - 00:33:55: -------- Mapchange to dod_jagd --------
L 07/09/2020 - 00:33:55: [adminsounds.smx] 0 sounds loaded
L 07/09/2020 - 00:34:00: [randomcycle.smx] RandomCycle has chosen dod_orange_cancrelats for the nextmap.
L 07/09/2020 - 00:40:53: [mapchooser.smx] Voting for next map has started.
L 07/09/2020 - 00:44:54: [SM] Changed map to "dod_avalanche"
L 07/09/2020 - 00:44:54: [SM] Changed map to "dod_avalanche"
L 07/09/2020 - 00:44:55: -------- Mapchange to dod_avalanche --------
L 07/09/2020 - 00:44:55: [adminsounds.smx] 0 sounds loaded
L 07/09/2020 - 00:44:56: -------- Mapchange to dod_avalanche --------
L 07/09/2020 - 00:44:56: [adminsounds.smx] 0 sounds loaded
L 07/09/2020 - 00:45:01: [randomcycle.smx] RandomCycle has chosen cdcmarijuana! for the nextmap.
L 07/09/2020 - 00:51:54: [mapchooser.smx] Voting for next map has started.
L 07/09/2020 - 00:55:55: [SM] Changed map to "mario_air"
L 07/09/2020 - 00:55:55: [SM] Changed map to "mario_air"
L 07/09/2020 - 00:55:56: -------- Mapchange to mario_air --------
L 07/09/2020 - 00:55:56: [adminsounds.smx] 0 sounds loaded
L 07/09/2020 - 00:55:57: -------- Mapchange to mario_air --------
L 07/09/2020 - 00:55:57: [adminsounds.smx] 0 sounds loaded
L 07/09/2020 - 00:56:02: [randomcycle.smx] RandomCycle has chosen dod_legoland_b2 for the nextmap.
L 07/09/2020 - 01:02:55: [mapchooser.smx] Voting for next map has started.
L 07/09/2020 - 01:06:56: [SM] Changed map to "dod_solitude_rats"
L 07/09/2020 - 01:06:56: [SM] Changed map to "dod_solitude_rats"
L 07/09/2020 - 01:06:57: -------- Mapchange to dod_solitude_rats --------
L 07/09/2020 - 01:06:57: [adminsounds.smx] 0 sounds loaded
L 07/09/2020 - 01:06:58: -------- Mapchange to dod_solitude_rats --------
L 07/09/2020 - 01:06:58: [adminsounds.smx] 0 sounds loaded
L 07/09/2020 - 01:07:03: [randomcycle.smx] RandomCycle has chosen dod_avalanche for the nextmap.
L 07/09/2020 - 01:13:56: [mapchooser.smx] Voting for next map has started.
L 07/09/2020 - 01:17:57: [SM] Changed map to "dod_orange_wallhack"
L 07/09/2020 - 01:17:57: [SM] Changed map to "dod_orange_wallhack"
L 07/09/2020 - 01:17:58: -------- Mapchange to dod_orange_wallhack --------
L 07/09/2020 - 01:17:58: [adminsounds.smx] 0 sounds loaded
L 07/09/2020 - 01:17:59: -------- Mapchange to dod_orange_wallhack --------
L 07/09/2020 - 01:17:59: [adminsounds.smx] 0 sounds loaded
L 07/09/2020 - 01:18:04: [randomcycle.smx] RandomCycle has chosen dod_orange_damier_v2 for the nextmap.
L 07/09/2020 - 01:24:57: [mapchooser.smx] Voting for next map has started.
L 07/09/2020 - 01:28:58: [SM] Changed map to "dod_legoland_b2"
L 07/09/2020 - 01:28:58: [SM] Changed map to "dod_legoland_b2"
L 07/09/2020 - 01:28:58: -------- Mapchange to dod_legoland_b2 --------
L 07/09/2020 - 01:28:59: [adminsounds.smx] 0 sounds loaded
L 07/09/2020 - 01:28:59: -------- Mapchange to dod_legoland_b2 --------
L 07/09/2020 - 01:29:00: [adminsounds.smx] 0 sounds loaded
L 07/09/2020 - 01:29:05: [randomcycle.smx] RandomCycle has chosen dod_beer_circus for the nextmap.
L 07/09/2020 - 01:35:58: [mapchooser.smx] Voting for next map has started.
L 07/09/2020 - 01:39:59: [SM] Changed map to "dod_risk_b9"
L 07/09/2020 - 01:39:59: [SM] Changed map to "dod_risk_b9"
L 07/09/2020 - 01:40:01: -------- Mapchange to dod_risk_b9 --------
L 07/09/2020 - 01:40:01: [adminsounds.smx] 0 sounds loaded
L 07/09/2020 - 01:40:03: -------- Mapchange to dod_risk_b9 --------
L 07/09/2020 - 01:40:03: [adminsounds.smx] 0 sounds loaded
L 07/09/2020 - 01:40:08: [randomcycle.smx] RandomCycle has chosen dod_bigbunky_v4 for the nextmap.
L 07/09/2020 - 01:47:01: [mapchooser.smx] Voting for next map has started.
L 07/09/2020 - 01:51:02: [SM] Changed map to "acc_labice"
L 07/09/2020 - 01:51:02: [SM] Changed map to "acc_labice"
L 07/09/2020 - 01:51:03: -------- Mapchange to acc_labice --------
L 07/09/2020 - 01:51:03: [adminsounds.smx] 0 sounds loaded
L 07/09/2020 - 01:51:04: -------- Mapchange to acc_labice --------
L 07/09/2020 - 01:51:04: [adminsounds.smx] 0 sounds loaded
L 07/09/2020 - 01:51:09: [randomcycle.smx] RandomCycle has chosen dod_sniper_killbox_v2 for the nextmap.
L 07/09/2020 - 01:58:02: [mapchooser.smx] Voting for next map has started.
L 07/09/2020 - 02:02:03: [SM] Changed map to "dod_sand_rats_2006"
L 07/09/2020 - 02:02:03: [SM] Changed map to "dod_sand_rats_2006"
L 07/09/2020 - 02:02:04: -------- Mapchange to dod_sand_rats_2006 --------
L 07/09/2020 - 02:02:04: [adminsounds.smx] 0 sounds loaded
L 07/09/2020 - 02:02:05: -------- Mapchange to dod_sand_rats_2006 --------
L 07/09/2020 - 02:02:05: [adminsounds.smx] 0 sounds loaded
L 07/09/2020 - 02:02:10: [randomcycle.smx] RandomCycle has chosen mario_air for the nextmap.
L 07/09/2020 - 02:09:03: [mapchooser.smx] Voting for next map has started.
L 07/09/2020 - 02:13:04: [SM] Changed map to "dod_dust2_snow_xmas"
L 07/09/2020 - 02:13:04: [SM] Changed map to "dod_dust2_snow_xmas"
L 07/09/2020 - 02:13:05: -------- Mapchange to dod_dust2_snow_xmas --------
L 07/09/2020 - 02:13:05: [adminsounds.smx] 0 sounds loaded
L 07/09/2020 - 02:13:06: -------- Mapchange to dod_dust2_snow_xmas --------
L 07/09/2020 - 02:13:06: [adminsounds.smx] 0 sounds loaded
L 07/09/2020 - 02:13:11: [randomcycle.smx] RandomCycle has chosen dod_risk_b9 for the nextmap.
L 07/09/2020 - 02:20:04: [mapchooser.smx] Voting for next map has started.
L 07/09/2020 - 02:24:05: [SM] Changed map to "dod_dli_football_b1"
L 07/09/2020 - 02:24:05: [SM] Changed map to "dod_dli_football_b1"
L 07/09/2020 - 02:24:06: -------- Mapchange to dod_dli_football_b1 --------
L 07/09/2020 - 02:24:06: [adminsounds.smx] 0 sounds loaded
L 07/09/2020 - 02:24:07: -------- Mapchange to dod_dli_football_b1 --------
L 07/09/2020 - 02:24:07: [adminsounds.smx] 0 sounds loaded
L 07/09/2020 - 02:24:12: [randomcycle.smx] RandomCycle has chosen dod_mousekitchen_ed for the nextmap.
L 07/09/2020 - 02:31:05: [mapchooser.smx] Voting for next map has started.
L 07/09/2020 - 02:35:06: [SM] Changed map to "dod_donner"
L 07/09/2020 - 02:35:06: [SM] Changed map to "dod_donner"
L 07/09/2020 - 02:35:08: -------- Mapchange to dod_donner --------
L 07/09/2020 - 02:35:08: [adminsounds.smx] 0 sounds loaded
L 07/09/2020 - 02:35:09: -------- Mapchange to dod_donner --------
L 07/09/2020 - 02:35:09: [adminsounds.smx] 0 sounds loaded
L 07/09/2020 - 02:35:14: [randomcycle.smx] RandomCycle has chosen dod_football_a for the nextmap.
L 07/09/2020 - 02:42:07: [mapchooser.smx] Voting for next map has started.
L 07/09/2020 - 02:46:08: [SM] Changed map to "dod_orange_castel_evolution"
L 07/09/2020 - 02:46:08: [SM] Changed map to "dod_orange_castel_evolution"
L 07/09/2020 - 02:46:09: -------- Mapchange to dod_orange_castel_evolution --------
L 07/09/2020 - 02:46:09: [adminsounds.smx] 0 sounds loaded
L 07/09/2020 - 02:46:10: -------- Mapchange to dod_orange_castel_evolution --------
L 07/09/2020 - 02:46:10: [adminsounds.smx] 0 sounds loaded
L 07/09/2020 - 02:46:15: [randomcycle.smx] RandomCycle has chosen dod_chocolate_fight_arena for the nextmap.
L 07/09/2020 - 02:53:08: [mapchooser.smx] Voting for next map has started.
L 07/09/2020 - 02:57:09: [SM] Changed map to "dod_bunky2_modified"
L 07/09/2020 - 02:57:09: [SM] Changed map to "dod_bunky2_modified"
L 07/09/2020 - 02:57:10: -------- Mapchange to dod_bunky2_modified --------
L 07/09/2020 - 02:57:10: [adminsounds.smx] 0 sounds loaded
L 07/09/2020 - 02:57:11: -------- Mapchange to dod_bunky2_modified --------
L 07/09/2020 - 02:57:11: [adminsounds.smx] 0 sounds loaded
L 07/09/2020 - 02:57:16: [randomcycle.smx] RandomCycle has chosen dod_argentan for the nextmap.
L 07/09/2020 - 03:04:09: [mapchooser.smx] Voting for next map has started.
L 07/09/2020 - 03:08:10: [SM] Changed map to "dod_dust2_snow_xmas"
L 07/09/2020 - 03:08:10: [SM] Changed map to "dod_dust2_snow_xmas"
L 07/09/2020 - 03:08:11: -------- Mapchange to dod_dust2_snow_xmas --------
L 07/09/2020 - 03:08:11: [adminsounds.smx] 0 sounds loaded
L 07/09/2020 - 03:08:13: -------- Mapchange to dod_dust2_snow_xmas --------
L 07/09/2020 - 03:08:13: [adminsounds.smx] 0 sounds loaded
L 07/09/2020 - 03:08:18: [randomcycle.smx] RandomCycle has chosen dod_solitude_rats for the nextmap.
L 07/09/2020 - 03:15:11: [mapchooser.smx] Voting for next map has started.
L 07/09/2020 - 03:19:12: [SM] Changed map to "dod_deux_chateaux_final"
L 07/09/2020 - 03:19:12: [SM] Changed map to "dod_deux_chateaux_final"
L 07/09/2020 - 03:19:13: -------- Mapchange to dod_deux_chateaux_final --------
L 07/09/2020 - 03:19:13: [adminsounds.smx] 0 sounds loaded
L 07/09/2020 - 03:19:14: -------- Mapchange to dod_deux_chateaux_final --------
L 07/09/2020 - 03:19:14: [adminsounds.smx] 0 sounds loaded
L 07/09/2020 - 03:19:19: [randomcycle.smx] RandomCycle has chosen dod_sucette_v3 for the nextmap.
L 07/09/2020 - 03:26:12: [mapchooser.smx] Voting for next map has started.
L 07/09/2020 - 03:30:13: [SM] Changed map to "dod_orange_bridges"
L 07/09/2020 - 03:30:13: [SM] Changed map to "dod_orange_bridges"
L 07/09/2020 - 03:30:14: -------- Mapchange to dod_orange_bridges --------
L 07/09/2020 - 03:30:14: [adminsounds.smx] 0 sounds loaded
L 07/09/2020 - 03:30:15: -------- Mapchange to dod_orange_bridges --------
L 07/09/2020 - 03:30:15: [adminsounds.smx] 0 sounds loaded
L 07/09/2020 - 03:30:20: [randomcycle.smx] RandomCycle has chosen dod_avalanche for the nextmap.
L 07/09/2020 - 03:37:13: [mapchooser.smx] Voting for next map has started.
L 07/09/2020 - 03:41:14: [SM] Changed map to "dod_orange_wallhack"
L 07/09/2020 - 03:41:14: [SM] Changed map to "dod_orange_wallhack"
L 07/09/2020 - 03:41:15: -------- Mapchange to dod_orange_wallhack --------
L 07/09/2020 - 03:41:15: [adminsounds.smx] 0 sounds loaded
L 07/09/2020 - 03:41:16: -------- Mapchange to dod_orange_wallhack --------
L 07/09/2020 - 03:41:16: [adminsounds.smx] 0 sounds loaded
L 07/09/2020 - 03:41:21: [randomcycle.smx] RandomCycle has chosen dod_jagd for the nextmap.
L 07/09/2020 - 03:48:14: [mapchooser.smx] Voting for next map has started.
L 07/09/2020 - 03:52:15: [SM] Changed map to "mario_air"
L 07/09/2020 - 03:52:15: [SM] Changed map to "mario_air"
L 07/09/2020 - 03:52:16: -------- Mapchange to mario_air --------
L 07/09/2020 - 03:52:16: [adminsounds.smx] 0 sounds loaded
L 07/09/2020 - 03:52:17: -------- Mapchange to mario_air --------
L 07/09/2020 - 03:52:17: [adminsounds.smx] 0 sounds loaded
L 07/09/2020 - 03:52:22: [randomcycle.smx] RandomCycle has chosen sniperzone for the nextmap.
L 07/09/2020 - 03:59:15: [mapchooser.smx] Voting for next map has started.
L 07/09/2020 - 04:03:16: [SM] Changed map to "dod_fullhouse"
L 07/09/2020 - 04:03:16: [SM] Changed map to "dod_fullhouse"
L 07/09/2020 - 04:03:17: -------- Mapchange to dod_fullhouse --------
L 07/09/2020 - 04:03:18: [adminsounds.smx] 0 sounds loaded
L 07/09/2020 - 04:03:19: -------- Mapchange to dod_fullhouse --------
L 07/09/2020 - 04:03:19: [adminsounds.smx] 0 sounds loaded
L 07/09/2020 - 04:03:24: [randomcycle.smx] RandomCycle has chosen dod_orange_wallhack for the nextmap.
L 07/09/2020 - 04:10:17: [mapchooser.smx] Voting for next map has started.
L 07/09/2020 - 04:14:18: [SM] Changed map to "dod_kalt"
L 07/09/2020 - 04:14:18: [SM] Changed map to "dod_kalt"
L 07/09/2020 - 04:14:19: -------- Mapchange to dod_kalt --------
L 07/09/2020 - 04:14:20: [adminsounds.smx] 0 sounds loaded
L 07/09/2020 - 04:14:21: -------- Mapchange to dod_kalt --------
L 07/09/2020 - 04:14:21: [adminsounds.smx] 0 sounds loaded
L 07/09/2020 - 04:14:26: [randomcycle.smx] RandomCycle has chosen dod_4pyramides for the nextmap.
L 07/09/2020 - 04:21:19: [mapchooser.smx] Voting for next map has started.
L 07/09/2020 - 04:25:20: [SM] Changed map to "cdcmarijuana!"
L 07/09/2020 - 04:25:20: [SM] Changed map to "cdcmarijuana!"
L 07/09/2020 - 04:25:21: -------- Mapchange to cdcmarijuana! --------
L 07/09/2020 - 04:25:21: [adminsounds.smx] 0 sounds loaded
L 07/09/2020 - 04:25:22: -------- Mapchange to cdcmarijuana! --------
L 07/09/2020 - 04:25:22: [adminsounds.smx] 0 sounds loaded
L 07/09/2020 - 04:25:27: [randomcycle.smx] RandomCycle has chosen dod_oasis_v1a for the nextmap.
L 07/09/2020 - 04:32:20: [mapchooser.smx] Voting for next map has started.
L 07/09/2020 - 04:36:21: [SM] Changed map to "dod_donner"
L 07/09/2020 - 04:36:21: [SM] Changed map to "dod_donner"
L 07/09/2020 - 04:36:23: -------- Mapchange to dod_donner --------
L 07/09/2020 - 04:36:23: [adminsounds.smx] 0 sounds loaded
L 07/09/2020 - 04:36:24: -------- Mapchange to dod_donner --------
L 07/09/2020 - 04:36:24: [adminsounds.smx] 0 sounds loaded
L 07/09/2020 - 04:36:29: [randomcycle.smx] RandomCycle has chosen dod_legoland_b2 for the nextmap.
L 07/09/2020 - 04:43:22: [mapchooser.smx] Voting for next map has started.
L 07/09/2020 - 04:47:23: [SM] Changed map to "dod_sniperarena_dgs2"
L 07/09/2020 - 04:47:23: [SM] Changed map to "dod_sniperarena_dgs2"
L 07/09/2020 - 04:47:24: -------- Mapchange to dod_sniperarena_dgs2 --------
L 07/09/2020 - 04:47:24: [adminsounds.smx] 0 sounds loaded
L 07/09/2020 - 04:47:26: -------- Mapchange to dod_sniperarena_dgs2 --------
L 07/09/2020 - 04:47:26: [adminsounds.smx] 0 sounds loaded
L 07/09/2020 - 04:47:31: [randomcycle.smx] RandomCycle has chosen cdcmarijuana! for the nextmap.
L 07/09/2020 - 04:54:24: [mapchooser.smx] Voting for next map has started.
L 07/09/2020 - 04:58:25: [SM] Changed map to "dod_football_a"
L 07/09/2020 - 04:58:25: [SM] Changed map to "dod_football_a"
L 07/09/2020 - 04:58:26: -------- Mapchange to dod_football_a --------
L 07/09/2020 - 04:58:26: [adminsounds.smx] 0 sounds loaded
L 07/09/2020 - 04:58:27: -------- Mapchange to dod_football_a --------
L 07/09/2020 - 04:58:27: [adminsounds.smx] 0 sounds loaded
L 07/09/2020 - 04:58:32: [randomcycle.smx] RandomCycle has chosen dod_orange_castel_evolution for the nextmap.
L 07/09/2020 - 05:05:25: [mapchooser.smx] Voting for next map has started.
L 07/09/2020 - 05:09:26: [SM] Changed map to "dod_cdc_rats_rm"
L 07/09/2020 - 05:09:26: [SM] Changed map to "dod_cdc_rats_rm"
L 07/09/2020 - 05:09:27: -------- Mapchange to dod_cdc_rats_rm --------
L 07/09/2020 - 05:09:27: [adminsounds.smx] 0 sounds loaded
L 07/09/2020 - 05:09:28: -------- Mapchange to dod_cdc_rats_rm --------
L 07/09/2020 - 05:09:28: [adminsounds.smx] 0 sounds loaded
L 07/09/2020 - 05:09:34: [randomcycle.smx] RandomCycle has chosen dod_deux_chateaux_final for the nextmap.
L 07/09/2020 - 05:16:27: [mapchooser.smx] Voting for next map has started.
L 07/09/2020 - 05:20:28: [SM] Changed map to "dod_orange_damier_v2"
L 07/09/2020 - 05:20:28: [SM] Changed map to "dod_orange_damier_v2"
L 07/09/2020 - 05:20:29: -------- Mapchange to dod_orange_damier_v2 --------
L 07/09/2020 - 05:20:29: [adminsounds.smx] 0 sounds loaded
L 07/09/2020 - 05:20:30: -------- Mapchange to dod_orange_damier_v2 --------
L 07/09/2020 - 05:20:30: [adminsounds.smx] 0 sounds loaded
L 07/09/2020 - 05:20:35: [randomcycle.smx] RandomCycle has chosen dod_orange_cancrelats for the nextmap.
L 07/09/2020 - 05:27:28: [mapchooser.smx] Voting for next map has started.
L 07/09/2020 - 05:31:29: [SM] Changed map to "dod_aimap_b1"
L 07/09/2020 - 05:31:29: [SM] Changed map to "dod_aimap_b1"
L 07/09/2020 - 05:31:30: -------- Mapchange to dod_aimap_b1 --------
L 07/09/2020 - 05:31:30: [adminsounds.smx] 0 sounds loaded
L 07/09/2020 - 05:31:31: -------- Mapchange to dod_aimap_b1 --------
L 07/09/2020 - 05:31:32: [adminsounds.smx] 0 sounds loaded
L 07/09/2020 - 05:31:37: [randomcycle.smx] RandomCycle has chosen dod_sniperarena_dgs2 for the nextmap.
L 07/09/2020 - 05:38:30: [mapchooser.smx] Voting for next map has started.
L 07/09/2020 - 05:42:31: [SM] Changed map to "dod_oasis_v1a"
L 07/09/2020 - 05:42:31: [SM] Changed map to "dod_oasis_v1a"
L 07/09/2020 - 05:42:32: -------- Mapchange to dod_oasis_v1a --------
L 07/09/2020 - 05:42:32: [adminsounds.smx] 0 sounds loaded
L 07/09/2020 - 05:42:33: -------- Mapchange to dod_oasis_v1a --------
L 07/09/2020 - 05:42:33: [adminsounds.smx] 0 sounds loaded
L 07/09/2020 - 05:42:39: [randomcycle.smx] RandomCycle has chosen dod_sniper_killbox_v2 for the nextmap.
L 07/09/2020 - 05:49:32: [mapchooser.smx] Voting for next map has started.
L 07/09/2020 - 05:53:33: [SM] Changed map to "dod_sniperarena_dgs2"
L 07/09/2020 - 05:53:33: [SM] Changed map to "dod_sniperarena_dgs2"
L 07/09/2020 - 05:53:34: -------- Mapchange to dod_sniperarena_dgs2 --------
L 07/09/2020 - 05:53:34: [adminsounds.smx] 0 sounds loaded
L 07/09/2020 - 05:53:35: -------- Mapchange to dod_sniperarena_dgs2 --------
L 07/09/2020 - 05:53:35: [adminsounds.smx] 0 sounds loaded
L 07/09/2020 - 05:53:40: [randomcycle.smx] RandomCycle has chosen dod_beer_circus for the nextmap.
L 07/09/2020 - 06:00:33: [mapchooser.smx] Voting for next map has started.
L 07/09/2020 - 06:04:34: [SM] Changed map to "dod_4pyramides"
L 07/09/2020 - 06:04:34: [SM] Changed map to "dod_4pyramides"
L 07/09/2020 - 06:04:35: -------- Mapchange to dod_4pyramides --------
L 07/09/2020 - 06:04:35: [adminsounds.smx] 0 sounds loaded
L 07/09/2020 - 06:04:37: -------- Mapchange to dod_4pyramides --------
L 07/09/2020 - 06:04:37: [adminsounds.smx] 0 sounds loaded
L 07/09/2020 - 06:04:42: [randomcycle.smx] RandomCycle has chosen dod_donner for the nextmap.
L 07/09/2020 - 06:11:35: [mapchooser.smx] Voting for next map has started.
L 07/09/2020 - 06:15:36: [SM] Changed map to "dod_football_a"
L 07/09/2020 - 06:15:36: [SM] Changed map to "dod_football_a"
L 07/09/2020 - 06:15:37: -------- Mapchange to dod_football_a --------
L 07/09/2020 - 06:15:37: [adminsounds.smx] 0 sounds loaded
L 07/09/2020 - 06:15:38: -------- Mapchange to dod_football_a --------
L 07/09/2020 - 06:15:38: [adminsounds.smx] 0 sounds loaded
L 07/09/2020 - 06:15:44: [randomcycle.smx] RandomCycle has chosen dod_cdc_rats_rm for the nextmap.
L 07/09/2020 - 06:22:37: [mapchooser.smx] Voting for next map has started.
L 07/09/2020 - 06:26:38: [SM] Changed map to "dod_monopoly_source"
L 07/09/2020 - 06:26:38: [SM] Changed map to "dod_monopoly_source"
L 07/09/2020 - 06:26:39: -------- Mapchange to dod_monopoly_source --------
L 07/09/2020 - 06:26:39: [adminsounds.smx] 0 sounds loaded
L 07/09/2020 - 06:26:40: -------- Mapchange to dod_monopoly_source --------
L 07/09/2020 - 06:26:40: [adminsounds.smx] 0 sounds loaded
L 07/09/2020 - 06:26:45: [randomcycle.smx] RandomCycle has chosen dod_sewer_rats_b1 for the nextmap.
L 07/09/2020 - 06:33:38: [mapchooser.smx] Voting for next map has started.
L 07/09/2020 - 06:37:39: [SM] Changed map to "dod_solitude_rats"
L 07/09/2020 - 06:37:39: [SM] Changed map to "dod_solitude_rats"
L 07/09/2020 - 06:37:41: -------- Mapchange to dod_solitude_rats --------
L 07/09/2020 - 06:37:41: [adminsounds.smx] 0 sounds loaded
L 07/09/2020 - 06:37:42: -------- Mapchange to dod_solitude_rats --------
L 07/09/2020 - 06:37:42: [adminsounds.smx] 0 sounds loaded
L 07/09/2020 - 06:37:47: [randomcycle.smx] RandomCycle has chosen dod_dust2_snow_xmas for the nextmap.
L 07/09/2020 - 06:44:40: [mapchooser.smx] Voting for next map has started.
L 07/09/2020 - 06:48:41: [SM] Changed map to "dod_aimap_b1"
L 07/09/2020 - 06:48:41: [SM] Changed map to "dod_aimap_b1"
L 07/09/2020 - 06:48:42: -------- Mapchange to dod_aimap_b1 --------
L 07/09/2020 - 06:48:42: [adminsounds.smx] 0 sounds loaded
L 07/09/2020 - 06:48:44: -------- Mapchange to dod_aimap_b1 --------
L 07/09/2020 - 06:48:44: [adminsounds.smx] 0 sounds loaded
L 07/09/2020 - 06:48:49: [randomcycle.smx] RandomCycle has chosen dod_bigbunky_v4 for the nextmap.
L 07/09/2020 - 06:55:42: [mapchooser.smx] Voting for next map has started.
L 07/09/2020 - 06:59:43: [SM] Changed map to "dod_anzio"
L 07/09/2020 - 06:59:43: [SM] Changed map to "dod_anzio"
L 07/09/2020 - 06:59:45: -------- Mapchange to dod_anzio --------
L 07/09/2020 - 06:59:45: [adminsounds.smx] 0 sounds loaded
L 07/09/2020 - 06:59:46: -------- Mapchange to dod_anzio --------
L 07/09/2020 - 06:59:46: [adminsounds.smx] 0 sounds loaded
L 07/09/2020 - 06:59:52: [randomcycle.smx] RandomCycle has chosen dod_sniper_wars_beta for the nextmap.
L 07/09/2020 - 07:06:45: [mapchooser.smx] Voting for next map has started.
L 07/09/2020 - 07:10:46: [SM] Changed map to "dod_cdc_rats_rm"
L 07/09/2020 - 07:10:46: [SM] Changed map to "dod_cdc_rats_rm"
L 07/09/2020 - 07:10:47: -------- Mapchange to dod_cdc_rats_rm --------
L 07/09/2020 - 07:10:47: [adminsounds.smx] 0 sounds loaded
L 07/09/2020 - 07:10:48: -------- Mapchange to dod_cdc_rats_rm --------
L 07/09/2020 - 07:10:48: [adminsounds.smx] 0 sounds loaded
L 07/09/2020 - 07:10:53: [randomcycle.smx] RandomCycle has chosen dod_mousekitchen_ed for the nextmap.
L 07/09/2020 - 07:17:46: [mapchooser.smx] Voting for next map has started.
L 07/09/2020 - 07:21:48: [SM] Changed map to "dod_orange_castel_evolution"
L 07/09/2020 - 07:21:48: [SM] Changed map to "dod_orange_castel_evolution"
L 07/09/2020 - 07:21:49: -------- Mapchange to dod_orange_castel_evolution --------
L 07/09/2020 - 07:21:49: [adminsounds.smx] 0 sounds loaded
L 07/09/2020 - 07:21:50: -------- Mapchange to dod_orange_castel_evolution --------
L 07/09/2020 - 07:21:50: [adminsounds.smx] 0 sounds loaded
L 07/09/2020 - 07:21:55: [randomcycle.smx] RandomCycle has chosen dod_kalt for the nextmap.
L 07/09/2020 - 07:28:48: [mapchooser.smx] Voting for next map has started.
L 07/09/2020 - 07:32:49: [SM] Changed map to "dod_orange_cancrelats"
L 07/09/2020 - 07:32:49: [SM] Changed map to "dod_orange_cancrelats"
L 07/09/2020 - 07:32:50: -------- Mapchange to dod_orange_cancrelats --------
L 07/09/2020 - 07:32:50: [adminsounds.smx] 0 sounds loaded
L 07/09/2020 - 07:32:52: -------- Mapchange to dod_orange_cancrelats --------
L 07/09/2020 - 07:32:52: [adminsounds.smx] 0 sounds loaded
L 07/09/2020 - 07:32:57: [randomcycle.smx] RandomCycle has chosen babyfight_arena for the nextmap.
L 07/09/2020 - 07:39:50: [mapchooser.smx] Voting for next map has started.
L 07/09/2020 - 07:43:51: [SM] Changed map to "dod_4pyramides"
L 07/09/2020 - 07:43:51: [SM] Changed map to "dod_4pyramides"
L 07/09/2020 - 07:43:52: -------- Mapchange to dod_4pyramides --------
L 07/09/2020 - 07:43:52: [adminsounds.smx] 0 sounds loaded
L 07/09/2020 - 07:43:54: -------- Mapchange to dod_4pyramides --------
L 07/09/2020 - 07:43:54: [adminsounds.smx] 0 sounds loaded
L 07/09/2020 - 07:43:59: [randomcycle.smx] RandomCycle has chosen dod_iceworld_final_[bds]_doc for the nextmap.
L 07/09/2020 - 07:50:52: [mapchooser.smx] Voting for next map has started.
L 07/09/2020 - 07:54:53: [SM] Changed map to "dod_fullhouse"
L 07/09/2020 - 07:54:53: [SM] Changed map to "dod_fullhouse"
L 07/09/2020 - 07:54:54: -------- Mapchange to dod_fullhouse --------
L 07/09/2020 - 07:54:54: [adminsounds.smx] 0 sounds loaded
L 07/09/2020 - 07:54:56: -------- Mapchange to dod_fullhouse --------
L 07/09/2020 - 07:54:56: [adminsounds.smx] 0 sounds loaded
L 07/09/2020 - 07:55:01: [randomcycle.smx] RandomCycle has chosen dod_chocolate_fight_arena for the nextmap.
L 07/09/2020 - 08:01:54: [mapchooser.smx] Voting for next map has started.
L 07/09/2020 - 08:05:55: [SM] Changed map to "dod_bigbunky_v4"
L 07/09/2020 - 08:05:55: [SM] Changed map to "dod_bigbunky_v4"
L 07/09/2020 - 08:05:57: -------- Mapchange to dod_bigbunky_v4 --------
L 07/09/2020 - 08:05:57: [adminsounds.smx] 0 sounds loaded
L 07/09/2020 - 08:05:58: -------- Mapchange to dod_bigbunky_v4 --------
L 07/09/2020 - 08:05:58: [adminsounds.smx] 0 sounds loaded
L 07/09/2020 - 08:06:04: [randomcycle.smx] RandomCycle has chosen dod_football_a for the nextmap.
L 07/09/2020 - 08:12:57: [mapchooser.smx] Voting for next map has started.
L 07/09/2020 - 08:16:58: [SM] Changed map to "sniperzone"
L 07/09/2020 - 08:16:58: [SM] Changed map to "sniperzone"
L 07/09/2020 - 08:16:59: -------- Mapchange to sniperzone --------
L 07/09/2020 - 08:16:59: [adminsounds.smx] 0 sounds loaded
L 07/09/2020 - 08:17:01: -------- Mapchange to sniperzone --------
L 07/09/2020 - 08:17:01: [adminsounds.smx] 0 sounds loaded
L 07/09/2020 - 08:17:06: [randomcycle.smx] RandomCycle has chosen dod_solitude_rats for the nextmap.
L 07/09/2020 - 08:23:59: [mapchooser.smx] Voting for next map has started.
L 07/09/2020 - 08:28:00: [SM] Changed map to "dod_sucette_v3"
L 07/09/2020 - 08:28:00: [SM] Changed map to "dod_sucette_v3"
L 07/09/2020 - 08:28:01: -------- Mapchange to dod_sucette_v3 --------
L 07/09/2020 - 08:28:01: [adminsounds.smx] 0 sounds loaded
L 07/09/2020 - 08:28:03: -------- Mapchange to dod_sucette_v3 --------
L 07/09/2020 - 08:28:03: [adminsounds.smx] 0 sounds loaded
L 07/09/2020 - 08:28:08: [randomcycle.smx] RandomCycle has chosen dod_orange_cancrelats for the nextmap.
L 07/09/2020 - 08:35:01: [mapchooser.smx] Voting for next map has started.
L 07/09/2020 - 08:39:02: [SM] Changed map to "babyfight_arena"
L 07/09/2020 - 08:39:02: [SM] Changed map to "babyfight_arena"
L 07/09/2020 - 08:39:03: -------- Mapchange to babyfight_arena --------
L 07/09/2020 - 08:39:03: [adminsounds.smx] 0 sounds loaded
L 07/09/2020 - 08:39:05: -------- Mapchange to babyfight_arena --------
L 07/09/2020 - 08:39:05: [adminsounds.smx] 0 sounds loaded
L 07/09/2020 - 08:39:10: [randomcycle.smx] RandomCycle has chosen cdcmarijuana! for the nextmap.
L 07/09/2020 - 08:46:03: [mapchooser.smx] Voting for next map has started.
L 07/09/2020 - 08:50:04: [SM] Changed map to "dod_fullhouse"
L 07/09/2020 - 08:50:04: [SM] Changed map to "dod_fullhouse"
L 07/09/2020 - 08:50:05: -------- Mapchange to dod_fullhouse --------
L 07/09/2020 - 08:50:06: [adminsounds.smx] 0 sounds loaded
L 07/09/2020 - 08:50:07: -------- Mapchange to dod_fullhouse --------
L 07/09/2020 - 08:50:07: [adminsounds.smx] 0 sounds loaded
L 07/09/2020 - 08:50:13: [randomcycle.smx] RandomCycle has chosen dod_oasis_v1a for the nextmap.
L 07/09/2020 - 08:57:06: [mapchooser.smx] Voting for next map has started.
L 07/09/2020 - 09:01:07: [SM] Changed map to "dod_sniperarena_dgs2"
L 07/09/2020 - 09:01:07: [SM] Changed map to "dod_sniperarena_dgs2"
L 07/09/2020 - 09:01:08: -------- Mapchange to dod_sniperarena_dgs2 --------
L 07/09/2020 - 09:01:08: [adminsounds.smx] 0 sounds loaded
L 07/09/2020 - 09:01:09: -------- Mapchange to dod_sniperarena_dgs2 --------
L 07/09/2020 - 09:01:09: [adminsounds.smx] 0 sounds loaded
L 07/09/2020 - 09:01:15: [randomcycle.smx] RandomCycle has chosen dod_cdc_rats_rm for the nextmap.
L 07/09/2020 - 09:08:08: [mapchooser.smx] Voting for next map has started.
L 07/09/2020 - 09:12:09: [SM] Changed map to "dod_monopoly_source"
L 07/09/2020 - 09:12:09: [SM] Changed map to "dod_monopoly_source"
L 07/09/2020 - 09:12:10: -------- Mapchange to dod_monopoly_source --------
L 07/09/2020 - 09:12:10: [adminsounds.smx] 0 sounds loaded
L 07/09/2020 - 09:12:11: -------- Mapchange to dod_monopoly_source --------
L 07/09/2020 - 09:12:11: [adminsounds.smx] 0 sounds loaded
L 07/09/2020 - 09:12:17: [randomcycle.smx] RandomCycle has chosen dod_orange_sniper for the nextmap.
L 07/09/2020 - 09:19:10: [mapchooser.smx] Voting for next map has started.
L 07/09/2020 - 09:23:11: [SM] Changed map to "dod_mousekitchen_ed"
L 07/09/2020 - 09:23:11: [SM] Changed map to "dod_mousekitchen_ed"
L 07/09/2020 - 09:23:12: -------- Mapchange to dod_mousekitchen_ed --------
L 07/09/2020 - 09:23:12: [adminsounds.smx] 0 sounds loaded
L 07/09/2020 - 09:23:14: -------- Mapchange to dod_mousekitchen_ed --------
L 07/09/2020 - 09:23:14: [adminsounds.smx] 0 sounds loaded
L 07/09/2020 - 09:23:19: [randomcycle.smx] RandomCycle has chosen dod_beer_circus for the nextmap.
L 07/09/2020 - 09:30:12: [mapchooser.smx] Voting for next map has started.
L 07/09/2020 - 09:34:13: [SM] Changed map to "dod_dli_football_b1"
L 07/09/2020 - 09:34:13: [SM] Changed map to "dod_dli_football_b1"
L 07/09/2020 - 09:34:14: -------- Mapchange to dod_dli_football_b1 --------
L 07/09/2020 - 09:34:14: [adminsounds.smx] 0 sounds loaded
L 07/09/2020 - 09:34:16: -------- Mapchange to dod_dli_football_b1 --------
L 07/09/2020 - 09:34:16: [adminsounds.smx] 0 sounds loaded
L 07/09/2020 - 09:34:21: [randomcycle.smx] RandomCycle has chosen mario_air for the nextmap.
L 07/09/2020 - 09:41:14: [mapchooser.smx] Voting for next map has started.
L 07/09/2020 - 09:45:15: [SM] Changed map to "dod_avalanche"
L 07/09/2020 - 09:45:15: [SM] Changed map to "dod_avalanche"
L 07/09/2020 - 09:45:17: -------- Mapchange to dod_avalanche --------
L 07/09/2020 - 09:45:17: [adminsounds.smx] 0 sounds loaded
L 07/09/2020 - 09:45:19: -------- Mapchange to dod_avalanche --------
L 07/09/2020 - 09:45:19: [adminsounds.smx] 0 sounds loaded
L 07/09/2020 - 09:45:24: [randomcycle.smx] RandomCycle has chosen dod_sniper_killbox_v2 for the nextmap.
L 07/09/2020 - 09:52:17: [mapchooser.smx] Voting for next map has started.
L 07/09/2020 - 09:56:18: [SM] Changed map to "dod_sniper_killbox_v2"
L 07/09/2020 - 09:56:18: [SM] Changed map to "dod_sniper_killbox_v2"
L 07/09/2020 - 09:56:19: -------- Mapchange to dod_sniper_killbox_v2 --------
L 07/09/2020 - 09:56:19: [adminsounds.smx] 0 sounds loaded
L 07/09/2020 - 09:56:21: -------- Mapchange to dod_sniper_killbox_v2 --------
L 07/09/2020 - 09:56:21: [adminsounds.smx] 0 sounds loaded
L 07/09/2020 - 09:56:26: [randomcycle.smx] RandomCycle has chosen dod_4pyramides for the nextmap.
L 07/09/2020 - 10:03:19: [mapchooser.smx] Voting for next map has started.
L 07/09/2020 - 10:07:20: [SM] Changed map to "dod_risk_b9"
L 07/09/2020 - 10:07:20: [SM] Changed map to "dod_risk_b9"
L 07/09/2020 - 10:07:23: -------- Mapchange to dod_risk_b9 --------
L 07/09/2020 - 10:07:23: [adminsounds.smx] 0 sounds loaded
L 07/09/2020 - 10:07:26: -------- Mapchange to dod_risk_b9 --------
L 07/09/2020 - 10:07:26: [adminsounds.smx] 0 sounds loaded
L 07/09/2020 - 10:07:32: [randomcycle.smx] RandomCycle has chosen dod_anzio for the nextmap.
L 07/09/2020 - 10:14:25: [mapchooser.smx] Voting for next map has started.
L 07/09/2020 - 10:18:26: [SM] Changed map to "dod_orange_castel_evolution"
L 07/09/2020 - 10:18:26: [SM] Changed map to "dod_orange_castel_evolution"
L 07/09/2020 - 10:18:27: -------- Mapchange to dod_orange_castel_evolution --------
L 07/09/2020 - 10:18:27: [adminsounds.smx] 0 sounds loaded
L 07/09/2020 - 10:18:29: -------- Mapchange to dod_orange_castel_evolution --------
L 07/09/2020 - 10:18:29: [adminsounds.smx] 0 sounds loaded
L 07/09/2020 - 10:18:34: [randomcycle.smx] RandomCycle has chosen dod_colmar for the nextmap.
L 07/09/2020 - 10:25:27: [mapchooser.smx] Voting for next map has started.
L 07/09/2020 - 10:29:28: [SM] Changed map to "dod_argentan"
L 07/09/2020 - 10:29:28: [SM] Changed map to "dod_argentan"
L 07/09/2020 - 10:29:30: -------- Mapchange to dod_argentan --------
L 07/09/2020 - 10:29:30: [adminsounds.smx] 0 sounds loaded
L 07/09/2020 - 10:29:32: -------- Mapchange to dod_argentan --------
L 07/09/2020 - 10:29:32: [adminsounds.smx] 0 sounds loaded
L 07/09/2020 - 10:29:37: [randomcycle.smx] RandomCycle has chosen dod_sand_rats_2006 for the nextmap.
L 07/09/2020 - 10:36:30: [mapchooser.smx] Voting for next map has started.
L 07/09/2020 - 10:40:31: [SM] Changed map to "dod_football_a"
L 07/09/2020 - 10:40:31: [SM] Changed map to "dod_football_a"
L 07/09/2020 - 10:40:33: -------- Mapchange to dod_football_a --------
L 07/09/2020 - 10:40:33: [adminsounds.smx] 0 sounds loaded
L 07/09/2020 - 10:40:34: -------- Mapchange to dod_football_a --------
L 07/09/2020 - 10:40:34: [adminsounds.smx] 0 sounds loaded
L 07/09/2020 - 10:40:40: [randomcycle.smx] RandomCycle has chosen dod_orange_damier_v2 for the nextmap.
L 07/09/2020 - 10:47:33: [mapchooser.smx] Voting for next map has started.
L 07/09/2020 - 10:51:34: [SM] Changed map to "dod_sniperarena_dgs2"
L 07/09/2020 - 10:51:34: [SM] Changed map to "dod_sniperarena_dgs2"
L 07/09/2020 - 10:51:35: -------- Mapchange to dod_sniperarena_dgs2 --------
L 07/09/2020 - 10:51:35: [adminsounds.smx] 0 sounds loaded
L 07/09/2020 - 10:51:37: -------- Mapchange to dod_sniperarena_dgs2 --------
L 07/09/2020 - 10:51:37: [adminsounds.smx] 0 sounds loaded
L 07/09/2020 - 10:51:42: [randomcycle.smx] RandomCycle has chosen dod_argentan for the nextmap.
L 07/09/2020 - 10:58:35: [mapchooser.smx] Voting for next map has started.
L 07/09/2020 - 11:02:36: [SM] Changed map to "dod_solitude_rats"
L 07/09/2020 - 11:02:36: [SM] Changed map to "dod_solitude_rats"
L 07/09/2020 - 11:02:38: -------- Mapchange to dod_solitude_rats --------
L 07/09/2020 - 11:02:38: [adminsounds.smx] 0 sounds loaded
L 07/09/2020 - 11:02:40: -------- Mapchange to dod_solitude_rats --------
L 07/09/2020 - 11:02:40: [adminsounds.smx] 0 sounds loaded
L 07/09/2020 - 11:02:45: [randomcycle.smx] RandomCycle has chosen cdcmarijuana! for the nextmap.
L 07/09/2020 - 11:09:38: [mapchooser.smx] Voting for next map has started.
L 07/09/2020 - 11:13:39: [SM] Changed map to "dod_argentan"
L 07/09/2020 - 11:13:39: [SM] Changed map to "dod_argentan"
L 07/09/2020 - 11:13:41: -------- Mapchange to dod_argentan --------
L 07/09/2020 - 11:13:41: [adminsounds.smx] 0 sounds loaded
L 07/09/2020 - 11:13:43: -------- Mapchange to dod_argentan --------
L 07/09/2020 - 11:13:43: [adminsounds.smx] 0 sounds loaded
L 07/09/2020 - 11:13:48: [randomcycle.smx] RandomCycle has chosen dod_orange_cancrelats for the nextmap.
L 07/09/2020 - 11:20:41: [mapchooser.smx] Voting for next map has started.
L 07/09/2020 - 11:24:42: [SM] Changed map to "dod_sewer_rats_b1"
L 07/09/2020 - 11:24:42: [SM] Changed map to "dod_sewer_rats_b1"
L 07/09/2020 - 11:24:44: -------- Mapchange to dod_sewer_rats_b1 --------
L 07/09/2020 - 11:24:44: [adminsounds.smx] 0 sounds loaded
L 07/09/2020 - 11:24:45: -------- Mapchange to dod_sewer_rats_b1 --------
L 07/09/2020 - 11:24:46: [adminsounds.smx] 0 sounds loaded
L 07/09/2020 - 11:24:51: [randomcycle.smx] RandomCycle has chosen dod_sniper_wars_beta for the nextmap.
L 07/09/2020 - 11:31:44: [mapchooser.smx] Voting for next map has started.
L 07/09/2020 - 11:35:45: [SM] Changed map to "dod_avalanche@night"
L 07/09/2020 - 11:35:45: [SM] Changed map to "dod_avalanche@night"
L 07/09/2020 - 11:35:47: -------- Mapchange to dod_avalanche@night --------
L 07/09/2020 - 11:35:47: [adminsounds.smx] 0 sounds loaded
L 07/09/2020 - 11:35:49: -------- Mapchange to dod_avalanche@night --------
L 07/09/2020 - 11:35:49: [adminsounds.smx] 0 sounds loaded
L 07/09/2020 - 11:35:54: [randomcycle.smx] RandomCycle has chosen dod_sniperarena_dgs2 for the nextmap.
L 07/09/2020 - 11:42:47: [mapchooser.smx] Voting for next map has started.
L 07/09/2020 - 11:46:48: [SM] Changed map to "dod_oasis_v1a"
L 07/09/2020 - 11:46:48: [SM] Changed map to "dod_oasis_v1a"
L 07/09/2020 - 11:46:50: -------- Mapchange to dod_oasis_v1a --------
L 07/09/2020 - 11:46:50: [adminsounds.smx] 0 sounds loaded
L 07/09/2020 - 11:46:52: -------- Mapchange to dod_oasis_v1a --------
L 07/09/2020 - 11:46:52: [adminsounds.smx] 0 sounds loaded
L 07/09/2020 - 11:46:57: [randomcycle.smx] RandomCycle has chosen dod_orange_wallhack for the nextmap.
L 07/09/2020 - 11:53:50: [mapchooser.smx] Voting for next map has started.
L 07/09/2020 - 11:57:51: [SM] Changed map to "cdcmarijuana!"
L 07/09/2020 - 11:57:51: [SM] Changed map to "cdcmarijuana!"
L 07/09/2020 - 11:57:52: -------- Mapchange to cdcmarijuana! --------
L 07/09/2020 - 11:57:52: [adminsounds.smx] 0 sounds loaded
L 07/09/2020 - 11:57:54: -------- Mapchange to cdcmarijuana! --------
L 07/09/2020 - 11:57:54: [adminsounds.smx] 0 sounds loaded
L 07/09/2020 - 11:58:00: [randomcycle.smx] RandomCycle has chosen dod_legoland_b2 for the nextmap.
L 07/09/2020 - 12:04:53: [mapchooser.smx] Voting for next map has started.
L 07/09/2020 - 12:08:54: [SM] Changed map to "dod_anzio"
L 07/09/2020 - 12:08:54: [SM] Changed map to "dod_anzio"
L 07/09/2020 - 12:08:56: -------- Mapchange to dod_anzio --------
L 07/09/2020 - 12:08:56: [adminsounds.smx] 0 sounds loaded
L 07/09/2020 - 12:08:58: -------- Mapchange to dod_anzio --------
L 07/09/2020 - 12:08:58: [adminsounds.smx] 0 sounds loaded
L 07/09/2020 - 12:09:03: [randomcycle.smx] RandomCycle has chosen dod_murky_p2 for the nextmap.
L 07/09/2020 - 12:15:56: [mapchooser.smx] Voting for next map has started.
L 07/09/2020 - 12:19:57: [SM] Changed map to "dod_sniper_killbox_v2"
L 07/09/2020 - 12:19:57: [SM] Changed map to "dod_sniper_killbox_v2"
L 07/09/2020 - 12:19:59: -------- Mapchange to dod_sniper_killbox_v2 --------
L 07/09/2020 - 12:19:59: [adminsounds.smx] 0 sounds loaded
L 07/09/2020 - 12:20:01: -------- Mapchange to dod_sniper_killbox_v2 --------
L 07/09/2020 - 12:20:01: [adminsounds.smx] 0 sounds loaded
L 07/09/2020 - 12:20:06: [randomcycle.smx] RandomCycle has chosen dod_avalanche for the nextmap.
L 07/09/2020 - 12:26:59: [mapchooser.smx] Voting for next map has started.
L 07/09/2020 - 12:31:00: [SM] Changed map to "dod_orange_cancrelats"
L 07/09/2020 - 12:31:00: [SM] Changed map to "dod_orange_cancrelats"
L 07/09/2020 - 12:31:01: -------- Mapchange to dod_orange_cancrelats --------
L 07/09/2020 - 12:31:02: [adminsounds.smx] 0 sounds loaded
L 07/09/2020 - 12:31:03: -------- Mapchange to dod_orange_cancrelats --------
L 07/09/2020 - 12:31:03: [adminsounds.smx] 0 sounds loaded
L 07/09/2020 - 12:31:09: [randomcycle.smx] RandomCycle has chosen dod_colmar for the nextmap.
L 07/09/2020 - 12:38:02: [mapchooser.smx] Voting for next map has started.
L 07/09/2020 - 12:42:03: [SM] Changed map to "dod_cdc_rats_rm"
L 07/09/2020 - 12:42:03: [SM] Changed map to "dod_cdc_rats_rm"
L 07/09/2020 - 12:42:04: -------- Mapchange to dod_cdc_rats_rm --------
L 07/09/2020 - 12:42:04: [adminsounds.smx] 0 sounds loaded
L 07/09/2020 - 12:42:06: -------- Mapchange to dod_cdc_rats_rm --------
L 07/09/2020 - 12:42:06: [adminsounds.smx] 0 sounds loaded
L 07/09/2020 - 12:42:11: [randomcycle.smx] RandomCycle has chosen dod_anzio for the nextmap.
L 07/09/2020 - 12:49:04: [mapchooser.smx] Voting for next map has started.
L 07/09/2020 - 12:53:05: [SM] Changed map to "dod_chocolate_fight_arena"
L 07/09/2020 - 12:53:05: [SM] Changed map to "dod_chocolate_fight_arena"
L 07/09/2020 - 12:53:07: -------- Mapchange to dod_chocolate_fight_arena --------
L 07/09/2020 - 12:53:07: [adminsounds.smx] 0 sounds loaded
L 07/09/2020 - 12:53:09: -------- Mapchange to dod_chocolate_fight_arena --------
L 07/09/2020 - 12:53:09: [adminsounds.smx] 0 sounds loaded
L 07/09/2020 - 12:53:14: [randomcycle.smx] RandomCycle has chosen dod_dli_football_b1 for the nextmap.
L 07/09/2020 - 13:00:07: [mapchooser.smx] Voting for next map has started.
L 07/09/2020 - 13:04:08: [SM] Changed map to "cdcmarijuana!"
L 07/09/2020 - 13:04:08: [SM] Changed map to "cdcmarijuana!"
L 07/09/2020 - 13:04:09: -------- Mapchange to cdcmarijuana! --------
L 07/09/2020 - 13:04:10: [adminsounds.smx] 0 sounds loaded
L 07/09/2020 - 13:04:11: -------- Mapchange to cdcmarijuana! --------
L 07/09/2020 - 13:04:12: [adminsounds.smx] 0 sounds loaded
L 07/09/2020 - 13:04:17: [randomcycle.smx] RandomCycle has chosen mario_air for the nextmap.
L 07/09/2020 - 13:11:10: [mapchooser.smx] Voting for next map has started.
L 07/09/2020 - 13:15:11: [SM] Changed map to "dod_solitude_rats"
L 07/09/2020 - 13:15:11: [SM] Changed map to "dod_solitude_rats"
L 07/09/2020 - 13:15:13: -------- Mapchange to dod_solitude_rats --------
L 07/09/2020 - 13:15:13: [adminsounds.smx] 0 sounds loaded
L 07/09/2020 - 13:15:15: -------- Mapchange to dod_solitude_rats --------
L 07/09/2020 - 13:15:15: [adminsounds.smx] 0 sounds loaded
L 07/09/2020 - 13:15:20: [randomcycle.smx] RandomCycle has chosen dod_beer_circus for the nextmap.
L 07/09/2020 - 13:22:13: [mapchooser.smx] Voting for next map has started.
L 07/09/2020 - 13:26:14: [SM] Changed map to "dod_sniper_killbox_v2"
L 07/09/2020 - 13:26:14: [SM] Changed map to "dod_sniper_killbox_v2"
L 07/09/2020 - 13:26:16: -------- Mapchange to dod_sniper_killbox_v2 --------
L 07/09/2020 - 13:26:16: [adminsounds.smx] 0 sounds loaded
L 07/09/2020 - 13:26:18: -------- Mapchange to dod_sniper_killbox_v2 --------
L 07/09/2020 - 13:26:18: [adminsounds.smx] 0 sounds loaded
L 07/09/2020 - 13:26:23: [randomcycle.smx] RandomCycle has chosen dod_cdc_rats_rm for the nextmap.
L 07/09/2020 - 13:33:16: [mapchooser.smx] Voting for next map has started.
L 07/09/2020 - 13:37:17: [SM] Changed map to "babyfight_arena"
L 07/09/2020 - 13:37:17: [SM] Changed map to "babyfight_arena"
L 07/09/2020 - 13:37:19: -------- Mapchange to babyfight_arena --------
L 07/09/2020 - 13:37:19: [adminsounds.smx] 0 sounds loaded
L 07/09/2020 - 13:37:21: -------- Mapchange to babyfight_arena --------
L 07/09/2020 - 13:37:21: [adminsounds.smx] 0 sounds loaded
L 07/09/2020 - 13:37:26: [randomcycle.smx] RandomCycle has chosen dod_sniper_wars_beta for the nextmap.
L 07/09/2020 - 13:44:19: [mapchooser.smx] Voting for next map has started.
L 07/09/2020 - 13:48:20: [SM] Changed map to "dod_kalt"
L 07/09/2020 - 13:48:20: [SM] Changed map to "dod_kalt"
L 07/09/2020 - 13:48:22: -------- Mapchange to dod_kalt --------
L 07/09/2020 - 13:48:22: [adminsounds.smx] 0 sounds loaded
L 07/09/2020 - 13:48:25: -------- Mapchange to dod_kalt --------
L 07/09/2020 - 13:48:25: [adminsounds.smx] 0 sounds loaded
L 07/09/2020 - 13:48:30: [randomcycle.smx] RandomCycle has chosen dod_sand_rats_2006 for the nextmap.
L 07/09/2020 - 13:55:23: [mapchooser.smx] Voting for next map has started.
L 07/09/2020 - 13:59:24: [SM] Changed map to "dod_monopoly_source"
L 07/09/2020 - 13:59:24: [SM] Changed map to "dod_monopoly_source"
L 07/09/2020 - 13:59:26: -------- Mapchange to dod_monopoly_source --------
L 07/09/2020 - 13:59:26: [adminsounds.smx] 0 sounds loaded
L 07/09/2020 - 13:59:28: -------- Mapchange to dod_monopoly_source --------
L 07/09/2020 - 13:59:28: [adminsounds.smx] 0 sounds loaded
L 07/09/2020 - 13:59:33: [randomcycle.smx] RandomCycle has chosen dod_sniperarena_dgs2 for the nextmap.
L 07/09/2020 - 14:06:26: [mapchooser.smx] Voting for next map has started.
L 07/09/2020 - 14:10:27: [SM] Changed map to "dod_football_a"
L 07/09/2020 - 14:10:27: [SM] Changed map to "dod_football_a"
L 07/09/2020 - 14:10:29: -------- Mapchange to dod_football_a --------
L 07/09/2020 - 14:10:29: [adminsounds.smx] 0 sounds loaded
L 07/09/2020 - 14:10:31: -------- Mapchange to dod_football_a --------
L 07/09/2020 - 14:10:31: [adminsounds.smx] 0 sounds loaded
L 07/09/2020 - 14:10:36: [randomcycle.smx] RandomCycle has chosen dod_sewer_rats_b1 for the nextmap.
L 07/09/2020 - 14:17:29: [mapchooser.smx] Voting for next map has started.
L 07/09/2020 - 14:21:30: [SM] Changed map to "dod_orange_sniper"
L 07/09/2020 - 14:21:30: [SM] Changed map to "dod_orange_sniper"
L 07/09/2020 - 14:21:32: -------- Mapchange to dod_orange_sniper --------
L 07/09/2020 - 14:21:32: [adminsounds.smx] 0 sounds loaded
L 07/09/2020 - 14:21:34: -------- Mapchange to dod_orange_sniper --------
L 07/09/2020 - 14:21:34: [adminsounds.smx] 0 sounds loaded
L 07/09/2020 - 14:21:39: [randomcycle.smx] RandomCycle has chosen dod_flash for the nextmap.
L 07/09/2020 - 14:28:32: [mapchooser.smx] Voting for next map has started.
L 07/09/2020 - 14:32:33: [SM] Changed map to "dod_anzio"
L 07/09/2020 - 14:32:33: [SM] Changed map to "dod_anzio"
L 07/09/2020 - 14:32:35: -------- Mapchange to dod_anzio --------
L 07/09/2020 - 14:32:35: [adminsounds.smx] 0 sounds loaded
L 07/09/2020 - 14:32:38: -------- Mapchange to dod_anzio --------
L 07/09/2020 - 14:32:38: [adminsounds.smx] 0 sounds loaded
L 07/09/2020 - 14:32:43: [randomcycle.smx] RandomCycle has chosen dod_orange_castel_evolution for the nextmap.
L 07/09/2020 - 14:39:36: [mapchooser.smx] Voting for next map has started.
L 07/09/2020 - 14:43:37: [SM] Changed map to "dod_monopoly_source"
L 07/09/2020 - 14:43:37: [SM] Changed map to "dod_monopoly_source"
L 07/09/2020 - 14:43:39: -------- Mapchange to dod_monopoly_source --------
L 07/09/2020 - 14:43:39: [adminsounds.smx] 0 sounds loaded
L 07/09/2020 - 14:43:41: -------- Mapchange to dod_monopoly_source --------
L 07/09/2020 - 14:43:41: [adminsounds.smx] 0 sounds loaded
L 07/09/2020 - 14:43:46: [randomcycle.smx] RandomCycle has chosen dod_donner for the nextmap.
L 07/09/2020 - 14:50:40: [mapchooser.smx] Voting for next map has started.
L 07/09/2020 - 14:54:41: [SM] Changed map to "acc_labice"
L 07/09/2020 - 14:54:41: [SM] Changed map to "acc_labice"
L 07/09/2020 - 14:54:42: -------- Mapchange to acc_labice --------
L 07/09/2020 - 14:54:42: [adminsounds.smx] 0 sounds loaded
L 07/09/2020 - 14:54:44: -------- Mapchange to acc_labice --------
L 07/09/2020 - 14:54:44: [adminsounds.smx] 0 sounds loaded
L 07/09/2020 - 14:54:50: [randomcycle.smx] RandomCycle has chosen dod_sniper_killbox_v2 for the nextmap.
L 07/09/2020 - 15:01:43: [mapchooser.smx] Voting for next map has started.
L 07/09/2020 - 15:05:44: [SM] Changed map to "dod_orange_castel_evolution"
L 07/09/2020 - 15:05:44: [SM] Changed map to "dod_orange_castel_evolution"
L 07/09/2020 - 15:05:45: -------- Mapchange to dod_orange_castel_evolution --------
L 07/09/2020 - 15:05:45: [adminsounds.smx] 0 sounds loaded
L 07/09/2020 - 15:05:47: -------- Mapchange to dod_orange_castel_evolution --------
L 07/09/2020 - 15:05:47: [adminsounds.smx] 0 sounds loaded
L 07/09/2020 - 15:05:53: [randomcycle.smx] RandomCycle has chosen acc_labice for the nextmap.
L 07/09/2020 - 15:12:46: [mapchooser.smx] Voting for next map has started.
L 07/09/2020 - 15:12:53: [mapchooser.smx] Voting for next map has finished. Nextmap: dod_fullhouse.
L 07/09/2020 - 15:16:47: [SM] Changed map to "dod_fullhouse"
L 07/09/2020 - 15:16:47: [SM] Changed map to "dod_fullhouse"
L 07/09/2020 - 15:16:48: -------- Mapchange to dod_fullhouse --------
L 07/09/2020 - 15:16:49: [adminsounds.smx] 0 sounds loaded
L 07/09/2020 - 15:16:50: -------- Mapchange to dod_fullhouse --------
L 07/09/2020 - 15:16:51: [adminsounds.smx] 0 sounds loaded
L 07/09/2020 - 15:16:56: [randomcycle.smx] RandomCycle has chosen dod_iceworld_final_[bds]_doc for the nextmap.
L 07/09/2020 - 15:23:49: [mapchooser.smx] Voting for next map has started.
L 07/09/2020 - 15:27:51: [SM] Changed map to "dod_beer_circus"
L 07/09/2020 - 15:27:51: [SM] Changed map to "dod_beer_circus"
L 07/09/2020 - 15:28:00: -------- Mapchange to dod_beer_circus --------
L 07/09/2020 - 15:28:00: [adminsounds.smx] 0 sounds loaded
L 07/09/2020 - 15:28:11: -------- Mapchange to dod_beer_circus --------
L 07/09/2020 - 15:28:11: [adminsounds.smx] 0 sounds loaded
L 07/09/2020 - 15:28:16: [randomcycle.smx] RandomCycle has chosen dod_kalt for the nextmap.
L 07/09/2020 - 15:35:09: [mapchooser.smx] Voting for next map has started.
L 07/09/2020 - 15:39:10: [SM] Changed map to "dod_sniperarena_dgs2"
L 07/09/2020 - 15:39:10: [SM] Changed map to "dod_sniperarena_dgs2"
L 07/09/2020 - 15:39:12: -------- Mapchange to dod_sniperarena_dgs2 --------
L 07/09/2020 - 15:39:12: [adminsounds.smx] 0 sounds loaded
L 07/09/2020 - 15:39:14: -------- Mapchange to dod_sniperarena_dgs2 --------
L 07/09/2020 - 15:39:14: [adminsounds.smx] 0 sounds loaded
L 07/09/2020 - 15:39:20: [randomcycle.smx] RandomCycle has chosen dod_monopoly_source for the nextmap.
L 07/09/2020 - 15:46:13: [mapchooser.smx] Voting for next map has started.
L 07/09/2020 - 15:50:14: [SM] Changed map to "dod_anzio"
L 07/09/2020 - 15:50:14: [SM] Changed map to "dod_anzio"
L 07/09/2020 - 15:50:16: -------- Mapchange to dod_anzio --------
L 07/09/2020 - 15:50:16: [adminsounds.smx] 0 sounds loaded
L 07/09/2020 - 15:50:18: -------- Mapchange to dod_anzio --------
L 07/09/2020 - 15:50:18: [adminsounds.smx] 0 sounds loaded
L 07/09/2020 - 15:50:24: [randomcycle.smx] RandomCycle has chosen cdcmarijuana! for the nextmap.
L 07/09/2020 - 15:57:17: [mapchooser.smx] Voting for next map has started.
L 07/09/2020 - 16:01:18: [SM] Changed map to "dod_orange_damier_v2"
L 07/09/2020 - 16:01:18: [SM] Changed map to "dod_orange_damier_v2"
L 07/09/2020 - 16:01:19: -------- Mapchange to dod_orange_damier_v2 --------
L 07/09/2020 - 16:01:20: [adminsounds.smx] 0 sounds loaded
L 07/09/2020 - 16:01:22: -------- Mapchange to dod_orange_damier_v2 --------
L 07/09/2020 - 16:01:22: [adminsounds.smx] 0 sounds loaded
L 07/09/2020 - 16:01:27: [randomcycle.smx] RandomCycle has chosen dod_sand_rats_2006 for the nextmap.
L 07/09/2020 - 16:08:20: [mapchooser.smx] Voting for next map has started.
L 07/09/2020 - 16:12:21: [SM] Changed map to "dod_aimap_b1"
L 07/09/2020 - 16:12:21: [SM] Changed map to "dod_aimap_b1"
L 07/09/2020 - 16:12:23: -------- Mapchange to dod_aimap_b1 --------
L 07/09/2020 - 16:12:23: [adminsounds.smx] 0 sounds loaded
L 07/09/2020 - 16:12:25: -------- Mapchange to dod_aimap_b1 --------
L 07/09/2020 - 16:12:25: [adminsounds.smx] 0 sounds loaded
L 07/09/2020 - 16:12:31: [randomcycle.smx] RandomCycle has chosen dod_football_a for the nextmap.
L 07/09/2020 - 16:19:24: [mapchooser.smx] Voting for next map has started.
L 07/09/2020 - 16:23:25: [SM] Changed map to "dod_rats"
L 07/09/2020 - 16:23:25: [SM] Changed map to "dod_rats"
L 07/09/2020 - 16:23:26: -------- Mapchange to dod_rats --------
L 07/09/2020 - 16:23:26: [adminsounds.smx] 0 sounds loaded
L 07/09/2020 - 16:23:29: -------- Mapchange to dod_rats --------
L 07/09/2020 - 16:23:29: [adminsounds.smx] 0 sounds loaded
L 07/09/2020 - 16:23:34: [randomcycle.smx] RandomCycle has chosen dod_sucette_v3 for the nextmap.
L 07/09/2020 - 16:30:28: [mapchooser.smx] Voting for next map has started.
L 07/09/2020 - 16:34:29: [SM] Changed map to "dod_orange_sniper"
L 07/09/2020 - 16:34:29: [SM] Changed map to "dod_orange_sniper"
L 07/09/2020 - 16:34:30: -------- Mapchange to dod_orange_sniper --------
L 07/09/2020 - 16:34:30: [adminsounds.smx] 0 sounds loaded
L 07/09/2020 - 16:34:32: -------- Mapchange to dod_orange_sniper --------
L 07/09/2020 - 16:34:32: [adminsounds.smx] 0 sounds loaded
L 07/09/2020 - 16:34:38: [randomcycle.smx] RandomCycle has chosen dod_orange_cancrelats for the nextmap.
L 07/09/2020 - 16:41:31: [mapchooser.smx] Voting for next map has started.
L 07/09/2020 - 16:45:32: [SM] Changed map to "dod_orange_cancrelats"
L 07/09/2020 - 16:45:32: [SM] Changed map to "dod_orange_cancrelats"
L 07/09/2020 - 16:45:33: -------- Mapchange to dod_orange_cancrelats --------
L 07/09/2020 - 16:45:33: [adminsounds.smx] 0 sounds loaded
L 07/09/2020 - 16:45:36: -------- Mapchange to dod_orange_cancrelats --------
L 07/09/2020 - 16:45:36: [adminsounds.smx] 0 sounds loaded
L 07/09/2020 - 16:45:41: [randomcycle.smx] RandomCycle has chosen dod_4pyramides for the nextmap.
L 07/09/2020 - 16:52:34: [mapchooser.smx] Voting for next map has started.
L 07/09/2020 - 16:56:35: [SM] Changed map to "dod_beer_circus"
L 07/09/2020 - 16:56:35: [SM] Changed map to "dod_beer_circus"
L 07/09/2020 - 16:56:45: -------- Mapchange to dod_beer_circus --------
L 07/09/2020 - 16:56:45: [adminsounds.smx] 0 sounds loaded
L 07/09/2020 - 16:56:55: -------- Mapchange to dod_beer_circus --------
L 07/09/2020 - 16:56:55: [adminsounds.smx] 0 sounds loaded
L 07/09/2020 - 16:57:01: [randomcycle.smx] RandomCycle has chosen dod_dust2_snow_xmas for the nextmap.
L 07/09/2020 - 17:03:54: [mapchooser.smx] Voting for next map has started.
L 07/09/2020 - 17:07:55: [SM] Changed map to "dod_rats"
L 07/09/2020 - 17:07:55: [SM] Changed map to "dod_rats"
L 07/09/2020 - 17:07:57: -------- Mapchange to dod_rats --------
L 07/09/2020 - 17:07:57: [adminsounds.smx] 0 sounds loaded
L 07/09/2020 - 17:07:59: -------- Mapchange to dod_rats --------
L 07/09/2020 - 17:07:59: [adminsounds.smx] 0 sounds loaded
L 07/09/2020 - 17:08:05: [randomcycle.smx] RandomCycle has chosen dod_bigbunky_v4 for the nextmap.
L 07/09/2020 - 17:14:58: [mapchooser.smx] Voting for next map has started.
L 07/09/2020 - 17:18:59: [SM] Changed map to "dod_dli_football_b1"
L 07/09/2020 - 17:18:59: [SM] Changed map to "dod_dli_football_b1"
L 07/09/2020 - 17:19:01: -------- Mapchange to dod_dli_football_b1 --------
L 07/09/2020 - 17:19:01: [adminsounds.smx] 0 sounds loaded
L 07/09/2020 - 17:19:03: -------- Mapchange to dod_dli_football_b1 --------
L 07/09/2020 - 17:19:03: [adminsounds.smx] 0 sounds loaded
L 07/09/2020 - 17:19:09: [randomcycle.smx] RandomCycle has chosen dod_legoland_b2 for the nextmap.
L 07/09/2020 - 17:26:02: [mapchooser.smx] Voting for next map has started.
L 07/09/2020 - 17:30:03: [SM] Changed map to "dod_sewer_rats_b1"
L 07/09/2020 - 17:30:03: [SM] Changed map to "dod_sewer_rats_b1"
L 07/09/2020 - 17:30:04: -------- Mapchange to dod_sewer_rats_b1 --------
L 07/09/2020 - 17:30:04: [adminsounds.smx] 0 sounds loaded
L 07/09/2020 - 17:30:06: -------- Mapchange to dod_sewer_rats_b1 --------
L 07/09/2020 - 17:30:06: [adminsounds.smx] 0 sounds loaded
L 07/09/2020 - 17:30:12: [randomcycle.smx] RandomCycle has chosen dod_argentan for the nextmap.
L 07/09/2020 - 17:37:05: [mapchooser.smx] Voting for next map has started.
L 07/09/2020 - 17:41:06: [SM] Changed map to "dod_argentan"
L 07/09/2020 - 17:41:06: [SM] Changed map to "dod_argentan"
L 07/09/2020 - 17:41:08: -------- Mapchange to dod_argentan --------
L 07/09/2020 - 17:41:08: [adminsounds.smx] 0 sounds loaded
L 07/09/2020 - 17:41:11: -------- Mapchange to dod_argentan --------
L 07/09/2020 - 17:41:11: [adminsounds.smx] 0 sounds loaded
L 07/09/2020 - 17:41:16: [randomcycle.smx] RandomCycle has chosen dod_cdc_rats_rm for the nextmap.
L 07/09/2020 - 17:48:09: [mapchooser.smx] Voting for next map has started.
L 07/09/2020 - 17:52:10: [SM] Changed map to "babyfight_arena"
L 07/09/2020 - 17:52:10: [SM] Changed map to "babyfight_arena"
L 07/09/2020 - 17:52:12: -------- Mapchange to babyfight_arena --------
L 07/09/2020 - 17:52:12: [adminsounds.smx] 0 sounds loaded
L 07/09/2020 - 17:52:14: -------- Mapchange to babyfight_arena --------
L 07/09/2020 - 17:52:15: [adminsounds.smx] 0 sounds loaded
L 07/09/2020 - 17:52:20: [randomcycle.smx] RandomCycle has chosen cdcmarijuana! for the nextmap.
L 07/09/2020 - 17:59:13: [mapchooser.smx] Voting for next map has started.
L 07/09/2020 - 18:03:14: [SM] Changed map to "dod_fullhouse"
L 07/09/2020 - 18:03:14: [SM] Changed map to "dod_fullhouse"
L 07/09/2020 - 18:03:16: -------- Mapchange to dod_fullhouse --------
L 07/09/2020 - 18:03:16: [adminsounds.smx] 0 sounds loaded
L 07/09/2020 - 18:03:18: -------- Mapchange to dod_fullhouse --------
L 07/09/2020 - 18:03:18: [adminsounds.smx] 0 sounds loaded
L 07/09/2020 - 18:03:24: [randomcycle.smx] RandomCycle has chosen dod_beer_circus for the nextmap.
L 07/09/2020 - 18:10:17: [mapchooser.smx] Voting for next map has started.
L 07/09/2020 - 18:14:18: [SM] Changed map to "dod_oasis_v1a"
L 07/09/2020 - 18:14:18: [SM] Changed map to "dod_oasis_v1a"
L 07/09/2020 - 18:14:20: -------- Mapchange to dod_oasis_v1a --------
L 07/09/2020 - 18:14:20: [adminsounds.smx] 0 sounds loaded
L 07/09/2020 - 18:14:23: -------- Mapchange to dod_oasis_v1a --------
L 07/09/2020 - 18:14:23: [adminsounds.smx] 0 sounds loaded
L 07/09/2020 - 18:14:28: [randomcycle.smx] RandomCycle has chosen dod_orange_wallhack for the nextmap.
L 07/09/2020 - 18:21:21: [mapchooser.smx] Voting for next map has started.
L 07/09/2020 - 18:25:22: [SM] Changed map to "dod_avalanche"
L 07/09/2020 - 18:25:22: [SM] Changed map to "dod_avalanche"
L 07/09/2020 - 18:25:38: SourceMod log file session started (file "/home/srvdod/srcds/dod_s/dod/addons/sourcemod/logs/L20200709.log") (Version "1.10.0.6490")
L 07/09/2020 - 18:25:38: [adminsounds.smx] 0 sounds loaded
L 07/09/2020 - 18:25:44: [randomcycle.smx] RandomCycle has chosen dod_murky_p2 for the nextmap.
L 07/09/2020 - 20:17:34: [mapchooser.smx] Voting for next map has started.
L 07/09/2020 - 20:21:35: [SM] Changed map to "dod_bigbunky_v4"
L 07/09/2020 - 20:21:35: [SM] Changed map to "dod_bigbunky_v4"
L 07/09/2020 - 20:21:37: -------- Mapchange to dod_bigbunky_v4 --------
L 07/09/2020 - 20:21:37: [adminsounds.smx] 0 sounds loaded
L 07/09/2020 - 20:21:40: -------- Mapchange to dod_bigbunky_v4 --------
L 07/09/2020 - 20:21:40: [adminsounds.smx] 0 sounds loaded
L 07/09/2020 - 20:21:45: [randomcycle.smx] RandomCycle has chosen dod_donner for the nextmap.
L 07/09/2020 - 20:28:38: [mapchooser.smx] Voting for next map has started.
L 07/09/2020 - 20:32:39: [SM] Changed map to "sniperzone"
L 07/09/2020 - 20:32:39: [SM] Changed map to "sniperzone"
L 07/09/2020 - 20:32:41: -------- Mapchange to sniperzone --------
L 07/09/2020 - 20:32:41: [adminsounds.smx] 0 sounds loaded
L 07/09/2020 - 20:32:44: -------- Mapchange to sniperzone --------
L 07/09/2020 - 20:32:44: [adminsounds.smx] 0 sounds loaded
L 07/09/2020 - 20:32:49: [randomcycle.smx] RandomCycle has chosen dod_deux_chateaux_final for the nextmap.
L 07/09/2020 - 20:39:42: [mapchooser.smx] Voting for next map has started.
L 07/09/2020 - 20:43:43: [SM] Changed map to "dod_beer_circus"
L 07/09/2020 - 20:43:43: [SM] Changed map to "dod_beer_circus"
L 07/09/2020 - 20:43:53: -------- Mapchange to dod_beer_circus --------
L 07/09/2020 - 20:43:53: [adminsounds.smx] 0 sounds loaded
L 07/09/2020 - 20:44:04: -------- Mapchange to dod_beer_circus --------
L 07/09/2020 - 20:44:04: [adminsounds.smx] 0 sounds loaded
L 07/09/2020 - 20:44:09: [randomcycle.smx] RandomCycle has chosen dod_mousekitchen_ed for the nextmap.
L 07/09/2020 - 20:51:02: [mapchooser.smx] Voting for next map has started.
L 07/09/2020 - 20:55:03: [SM] Changed map to "dod_flash"
L 07/09/2020 - 20:55:03: [SM] Changed map to "dod_flash"
L 07/09/2020 - 20:55:05: -------- Mapchange to dod_flash --------
L 07/09/2020 - 20:55:06: [adminsounds.smx] 0 sounds loaded
L 07/09/2020 - 20:55:08: -------- Mapchange to dod_flash --------
L 07/09/2020 - 20:55:08: [adminsounds.smx] 0 sounds loaded
L 07/09/2020 - 20:55:14: [randomcycle.smx] RandomCycle has chosen dod_football_a for the nextmap.
L 07/09/2020 - 21:02:07: [mapchooser.smx] Voting for next map has started.
L 07/09/2020 - 21:06:08: [SM] Changed map to "mario_air"
L 07/09/2020 - 21:06:08: [SM] Changed map to "mario_air"
L 07/09/2020 - 21:06:10: -------- Mapchange to mario_air --------
L 07/09/2020 - 21:06:10: [adminsounds.smx] 0 sounds loaded
L 07/09/2020 - 21:06:12: -------- Mapchange to mario_air --------
L 07/09/2020 - 21:06:12: [adminsounds.smx] 0 sounds loaded
L 07/09/2020 - 21:06:18: [randomcycle.smx] RandomCycle has chosen cdcmarijuana! for the nextmap.
L 07/09/2020 - 21:13:11: [mapchooser.smx] Voting for next map has started.
L 07/09/2020 - 21:17:12: [SM] Changed map to "dod_monopoly_source"
L 07/09/2020 - 21:17:12: [SM] Changed map to "dod_monopoly_source"
L 07/09/2020 - 21:17:13: -------- Mapchange to dod_monopoly_source --------
L 07/09/2020 - 21:17:13: [adminsounds.smx] 0 sounds loaded
L 07/09/2020 - 21:17:16: -------- Mapchange to dod_monopoly_source --------
L 07/09/2020 - 21:17:16: [adminsounds.smx] 0 sounds loaded
L 07/09/2020 - 21:17:22: [randomcycle.smx] RandomCycle has chosen dod_argentan for the nextmap.
L 07/09/2020 - 21:24:15: [mapchooser.smx] Voting for next map has started.
L 07/09/2020 - 21:28:16: [SM] Changed map to "dod_aimap_b1"
L 07/09/2020 - 21:28:16: [SM] Changed map to "dod_aimap_b1"
L 07/09/2020 - 21:28:17: -------- Mapchange to dod_aimap_b1 --------
L 07/09/2020 - 21:28:17: [adminsounds.smx] 0 sounds loaded
L 07/09/2020 - 21:28:20: -------- Mapchange to dod_aimap_b1 --------
L 07/09/2020 - 21:28:20: [adminsounds.smx] 0 sounds loaded
L 07/09/2020 - 21:28:25: [randomcycle.smx] RandomCycle has chosen mario_air for the nextmap.
L 07/09/2020 - 21:35:18: [mapchooser.smx] Voting for next map has started.
L 07/09/2020 - 21:39:20: [SM] Changed map to "dod_sniper_wars_beta"
L 07/09/2020 - 21:39:20: [SM] Changed map to "dod_sniper_wars_beta"
L 07/09/2020 - 21:39:21: -------- Mapchange to dod_sniper_wars_beta --------
L 07/09/2020 - 21:39:21: [adminsounds.smx] 0 sounds loaded
L 07/09/2020 - 21:39:23: -------- Mapchange to dod_sniper_wars_beta --------
L 07/09/2020 - 21:39:24: [adminsounds.smx] 0 sounds loaded
L 07/09/2020 - 21:39:29: [randomcycle.smx] RandomCycle has chosen dod_beer_circus for the nextmap.
L 07/09/2020 - 21:46:22: [mapchooser.smx] Voting for next map has started.
L 07/09/2020 - 21:50:23: [SM] Changed map to "dod_orange_wallhack"
L 07/09/2020 - 21:50:23: [SM] Changed map to "dod_orange_wallhack"
L 07/09/2020 - 21:50:25: -------- Mapchange to dod_orange_wallhack --------
L 07/09/2020 - 21:50:25: [adminsounds.smx] 0 sounds loaded
L 07/09/2020 - 21:50:27: -------- Mapchange to dod_orange_wallhack --------
L 07/09/2020 - 21:50:27: [adminsounds.smx] 0 sounds loaded
L 07/09/2020 - 21:50:33: [randomcycle.smx] RandomCycle has chosen babyfight_arena for the nextmap.
L 07/09/2020 - 21:57:26: [mapchooser.smx] Voting for next map has started.
L 07/09/2020 - 22:01:27: [SM] Changed map to "dod_avalanche"
L 07/09/2020 - 22:01:27: [SM] Changed map to "dod_avalanche"
L 07/09/2020 - 22:01:29: -------- Mapchange to dod_avalanche --------
L 07/09/2020 - 22:01:29: [adminsounds.smx] 0 sounds loaded
L 07/09/2020 - 22:01:32: -------- Mapchange to dod_avalanche --------
L 07/09/2020 - 22:01:32: [adminsounds.smx] 0 sounds loaded
L 07/09/2020 - 22:01:38: [randomcycle.smx] RandomCycle has chosen dod_monopoly_source for the nextmap.
L 07/09/2020 - 22:08:31: [mapchooser.smx] Voting for next map has started.
L 07/09/2020 - 22:12:32: [SM] Changed map to "cdcmarijuana!"
L 07/09/2020 - 22:12:32: [SM] Changed map to "cdcmarijuana!"
L 07/09/2020 - 22:12:34: -------- Mapchange to cdcmarijuana! --------
L 07/09/2020 - 22:12:34: [adminsounds.smx] 0 sounds loaded
L 07/09/2020 - 22:12:36: -------- Mapchange to cdcmarijuana! --------
L 07/09/2020 - 22:12:36: [adminsounds.smx] 0 sounds loaded
L 07/09/2020 - 22:12:42: [randomcycle.smx] RandomCycle has chosen dod_rats for the nextmap.
L 07/09/2020 - 22:19:35: [mapchooser.smx] Voting for next map has started.
L 07/09/2020 - 22:23:36: [SM] Changed map to "dod_murky_p2"
L 07/09/2020 - 22:23:36: [SM] Changed map to "dod_murky_p2"
L 07/09/2020 - 22:23:38: -------- Mapchange to dod_murky_p2 --------
L 07/09/2020 - 22:23:38: [adminsounds.smx] 0 sounds loaded
L 07/09/2020 - 22:23:41: -------- Mapchange to dod_murky_p2 --------
L 07/09/2020 - 22:23:41: [adminsounds.smx] 0 sounds loaded
L 07/09/2020 - 22:23:46: [randomcycle.smx] RandomCycle has chosen dod_sniperarena_dgs2 for the nextmap.
L 07/09/2020 - 22:30:39: [mapchooser.smx] Voting for next map has started.
L 07/09/2020 - 22:34:40: [SM] Changed map to "dod_oasis_v1a"
L 07/09/2020 - 22:34:40: [SM] Changed map to "dod_oasis_v1a"
L 07/09/2020 - 22:34:42: -------- Mapchange to dod_oasis_v1a --------
L 07/09/2020 - 22:34:42: [adminsounds.smx] 0 sounds loaded
L 07/09/2020 - 22:34:45: -------- Mapchange to dod_oasis_v1a --------
L 07/09/2020 - 22:34:45: [adminsounds.smx] 0 sounds loaded
L 07/09/2020 - 22:34:51: [randomcycle.smx] RandomCycle has chosen dod_fullhouse for the nextmap.
L 07/09/2020 - 22:41:44: [mapchooser.smx] Voting for next map has started.
L 07/09/2020 - 22:45:45: [SM] Changed map to "dod_flash"
L 07/09/2020 - 22:45:45: [SM] Changed map to "dod_flash"
L 07/09/2020 - 22:45:47: -------- Mapchange to dod_flash --------
L 07/09/2020 - 22:45:47: [adminsounds.smx] 0 sounds loaded
L 07/09/2020 - 22:45:50: -------- Mapchange to dod_flash --------
L 07/09/2020 - 22:45:50: [adminsounds.smx] 0 sounds loaded
L 07/09/2020 - 22:45:56: [randomcycle.smx] RandomCycle has chosen dod_jagd for the nextmap.
L 07/09/2020 - 22:52:49: [mapchooser.smx] Voting for next map has started.
L 07/09/2020 - 22:56:50: [SM] Changed map to "dod_solitude_rats"
L 07/09/2020 - 22:56:50: [SM] Changed map to "dod_solitude_rats"
L 07/09/2020 - 22:56:52: -------- Mapchange to dod_solitude_rats --------
L 07/09/2020 - 22:56:52: [adminsounds.smx] 0 sounds loaded
L 07/09/2020 - 22:56:54: -------- Mapchange to dod_solitude_rats --------
L 07/09/2020 - 22:56:54: [adminsounds.smx] 0 sounds loaded
L 07/09/2020 - 22:57:00: [randomcycle.smx] RandomCycle has chosen dod_orange_cancrelats for the nextmap.
L 07/09/2020 - 23:03:53: [mapchooser.smx] Voting for next map has started.
L 07/09/2020 - 23:07:54: [SM] Changed map to "dod_fullhouse"
L 07/09/2020 - 23:07:54: [SM] Changed map to "dod_fullhouse"
L 07/09/2020 - 23:07:56: -------- Mapchange to dod_fullhouse --------
L 07/09/2020 - 23:07:56: [adminsounds.smx] 0 sounds loaded
L 07/09/2020 - 23:07:59: -------- Mapchange to dod_fullhouse --------
L 07/09/2020 - 23:07:59: [adminsounds.smx] 0 sounds loaded
L 07/09/2020 - 23:08:05: [randomcycle.smx] RandomCycle has chosen dod_deux_chateaux_final for the nextmap.
L 07/09/2020 - 23:14:58: [mapchooser.smx] Voting for next map has started.
L 07/09/2020 - 23:18:59: [SM] Changed map to "dod_jagd"
L 07/09/2020 - 23:18:59: [SM] Changed map to "dod_jagd"
L 07/09/2020 - 23:19:02: -------- Mapchange to dod_jagd --------
L 07/09/2020 - 23:19:02: [adminsounds.smx] 0 sounds loaded
L 07/09/2020 - 23:19:06: -------- Mapchange to dod_jagd --------
L 07/09/2020 - 23:19:06: [adminsounds.smx] 0 sounds loaded
L 07/09/2020 - 23:19:11: [randomcycle.smx] RandomCycle has chosen dod_anzio for the nextmap.
L 07/09/2020 - 23:26:04: [mapchooser.smx] Voting for next map has started.
L 07/09/2020 - 23:30:06: [SM] Changed map to "dod_oasis_v1a"
L 07/09/2020 - 23:30:06: [SM] Changed map to "dod_oasis_v1a"
L 07/09/2020 - 23:30:07: -------- Mapchange to dod_oasis_v1a --------
L 07/09/2020 - 23:30:07: [adminsounds.smx] 0 sounds loaded
L 07/09/2020 - 23:30:10: -------- Mapchange to dod_oasis_v1a --------
L 07/09/2020 - 23:30:10: [adminsounds.smx] 0 sounds loaded
L 07/09/2020 - 23:30:16: [randomcycle.smx] RandomCycle has chosen dod_flash for the nextmap.
L 07/09/2020 - 23:37:09: [mapchooser.smx] Voting for next map has started.
L 07/09/2020 - 23:41:10: [SM] Changed map to "dod_4pyramides"
L 07/09/2020 - 23:41:10: [SM] Changed map to "dod_4pyramides"
L 07/09/2020 - 23:41:12: -------- Mapchange to dod_4pyramides --------
L 07/09/2020 - 23:41:12: [adminsounds.smx] 0 sounds loaded
L 07/09/2020 - 23:41:15: -------- Mapchange to dod_4pyramides --------
L 07/09/2020 - 23:41:15: [adminsounds.smx] 0 sounds loaded
L 07/09/2020 - 23:41:21: [randomcycle.smx] RandomCycle has chosen dod_argentan for the nextmap.
L 07/09/2020 - 23:48:14: [mapchooser.smx] Voting for next map has started.
L 07/09/2020 - 23:52:15: [SM] Changed map to "dod_mousekitchen_ed"
L 07/09/2020 - 23:52:15: [SM] Changed map to "dod_mousekitchen_ed"
L 07/09/2020 - 23:52:16: -------- Mapchange to dod_mousekitchen_ed --------
L 07/09/2020 - 23:52:16: [adminsounds.smx] 0 sounds loaded
L 07/09/2020 - 23:52:19: -------- Mapchange to dod_mousekitchen_ed --------
L 07/09/2020 - 23:52:19: [adminsounds.smx] 0 sounds loaded
L 07/09/2020 - 23:52:25: [randomcycle.smx] RandomCycle has chosen dod_kalt for the nextmap.
L 07/09/2020 - 23:59:18: [mapchooser.smx] Voting for next map has started.
L 07/10/2020 - 00:03:19: Log file closed.
