L 07/13/2020 - 00:05:28: SourceMod log file session started (file "/home/srvdod/srcds/dod_s/dod/addons/sourcemod/logs/L20200713.log") (Version "1.10.0.6490")
L 07/13/2020 - 00:05:28: [mapchooser.smx] Voting for next map has started.
L 07/13/2020 - 00:09:30: [SM] Changed map to "babyfight_arena"
L 07/13/2020 - 00:09:30: [SM] Changed map to "babyfight_arena"
L 07/13/2020 - 00:09:30: -------- Mapchange to babyfight_arena --------
L 07/13/2020 - 00:09:30: [adminsounds.smx] 62 sounds loaded
L 07/13/2020 - 00:09:31: -------- Mapchange to babyfight_arena --------
L 07/13/2020 - 00:09:31: [adminsounds.smx] 62 sounds loaded
L 07/13/2020 - 00:09:36: [randomcycle.smx] RandomCycle has chosen dod_avalanche for the nextmap.
L 07/13/2020 - 00:16:29: [mapchooser.smx] Voting for next map has started.
L 07/13/2020 - 00:20:30: [SM] Changed map to "dod_kalt"
L 07/13/2020 - 00:20:30: [SM] Changed map to "dod_kalt"
L 07/13/2020 - 00:20:32: -------- Mapchange to dod_kalt --------
L 07/13/2020 - 00:20:32: [adminsounds.smx] 62 sounds loaded
L 07/13/2020 - 00:20:33: -------- Mapchange to dod_kalt --------
L 07/13/2020 - 00:20:33: [adminsounds.smx] 62 sounds loaded
L 07/13/2020 - 00:20:38: [randomcycle.smx] RandomCycle has chosen dod_football_a for the nextmap.
L 07/13/2020 - 00:27:31: [mapchooser.smx] Voting for next map has started.
L 07/13/2020 - 00:31:32: [SM] Changed map to "dod_rats"
L 07/13/2020 - 00:31:32: [SM] Changed map to "dod_rats"
L 07/13/2020 - 00:31:33: -------- Mapchange to dod_rats --------
L 07/13/2020 - 00:31:33: [adminsounds.smx] 62 sounds loaded
L 07/13/2020 - 00:31:34: -------- Mapchange to dod_rats --------
L 07/13/2020 - 00:31:34: [adminsounds.smx] 62 sounds loaded
L 07/13/2020 - 00:31:39: [randomcycle.smx] RandomCycle has chosen dod_legoland_b2 for the nextmap.
L 07/13/2020 - 00:38:32: [mapchooser.smx] Voting for next map has started.
L 07/13/2020 - 00:42:33: [SM] Changed map to "dod_avalanche@night"
L 07/13/2020 - 00:42:33: [SM] Changed map to "dod_avalanche@night"
L 07/13/2020 - 00:42:34: -------- Mapchange to dod_avalanche@night --------
L 07/13/2020 - 00:42:34: [adminsounds.smx] 62 sounds loaded
L 07/13/2020 - 00:42:35: -------- Mapchange to dod_avalanche@night --------
L 07/13/2020 - 00:42:36: [adminsounds.smx] 62 sounds loaded
L 07/13/2020 - 00:42:40: [randomcycle.smx] RandomCycle has chosen dod_4pyramides for the nextmap.
L 07/13/2020 - 00:49:34: [mapchooser.smx] Voting for next map has started.
L 07/13/2020 - 00:53:35: [SM] Changed map to "dod_sewer_rats_b1"
L 07/13/2020 - 00:53:35: [SM] Changed map to "dod_sewer_rats_b1"
L 07/13/2020 - 00:53:35: -------- Mapchange to dod_sewer_rats_b1 --------
L 07/13/2020 - 00:53:35: [adminsounds.smx] 62 sounds loaded
L 07/13/2020 - 00:53:36: -------- Mapchange to dod_sewer_rats_b1 --------
L 07/13/2020 - 00:53:36: [adminsounds.smx] 62 sounds loaded
L 07/13/2020 - 00:53:41: [randomcycle.smx] RandomCycle has chosen dod_solitude_rats for the nextmap.
L 07/13/2020 - 01:00:34: [mapchooser.smx] Voting for next map has started.
L 07/13/2020 - 01:04:35: [SM] Changed map to "dod_chocolate_fight_arena"
L 07/13/2020 - 01:04:35: [SM] Changed map to "dod_chocolate_fight_arena"
L 07/13/2020 - 01:04:36: -------- Mapchange to dod_chocolate_fight_arena --------
L 07/13/2020 - 01:04:36: [adminsounds.smx] 62 sounds loaded
L 07/13/2020 - 01:04:37: -------- Mapchange to dod_chocolate_fight_arena --------
L 07/13/2020 - 01:04:37: [adminsounds.smx] 62 sounds loaded
L 07/13/2020 - 01:04:42: [randomcycle.smx] RandomCycle has chosen dod_orange_castel_evolution for the nextmap.
L 07/13/2020 - 01:11:35: [mapchooser.smx] Voting for next map has started.
L 07/13/2020 - 01:15:36: [SM] Changed map to "acc_labice"
L 07/13/2020 - 01:15:36: [SM] Changed map to "acc_labice"
L 07/13/2020 - 01:15:37: -------- Mapchange to acc_labice --------
L 07/13/2020 - 01:15:37: [adminsounds.smx] 62 sounds loaded
L 07/13/2020 - 01:15:38: -------- Mapchange to acc_labice --------
L 07/13/2020 - 01:15:38: [adminsounds.smx] 62 sounds loaded
L 07/13/2020 - 01:15:43: [randomcycle.smx] RandomCycle has chosen dod_fullhouse for the nextmap.
L 07/13/2020 - 01:22:36: [mapchooser.smx] Voting for next map has started.
L 07/13/2020 - 01:26:37: [SM] Changed map to "dod_solitude_rats"
L 07/13/2020 - 01:26:37: [SM] Changed map to "dod_solitude_rats"
L 07/13/2020 - 01:26:38: -------- Mapchange to dod_solitude_rats --------
L 07/13/2020 - 01:26:38: [adminsounds.smx] 62 sounds loaded
L 07/13/2020 - 01:26:39: -------- Mapchange to dod_solitude_rats --------
L 07/13/2020 - 01:26:39: [adminsounds.smx] 62 sounds loaded
L 07/13/2020 - 01:26:44: [randomcycle.smx] RandomCycle has chosen dod_orange_bridges for the nextmap.
L 07/13/2020 - 01:33:37: [mapchooser.smx] Voting for next map has started.
L 07/13/2020 - 01:37:38: [SM] Changed map to "sniperzone"
L 07/13/2020 - 01:37:38: [SM] Changed map to "sniperzone"
L 07/13/2020 - 01:37:39: -------- Mapchange to sniperzone --------
L 07/13/2020 - 01:37:39: [adminsounds.smx] 62 sounds loaded
L 07/13/2020 - 01:37:40: -------- Mapchange to sniperzone --------
L 07/13/2020 - 01:37:40: [adminsounds.smx] 62 sounds loaded
L 07/13/2020 - 01:37:45: [randomcycle.smx] RandomCycle has chosen dod_jagd for the nextmap.
L 07/13/2020 - 01:44:38: [mapchooser.smx] Voting for next map has started.
L 07/13/2020 - 01:48:39: [SM] Changed map to "dod_sucette_v3"
L 07/13/2020 - 01:48:39: [SM] Changed map to "dod_sucette_v3"
L 07/13/2020 - 01:48:40: -------- Mapchange to dod_sucette_v3 --------
L 07/13/2020 - 01:48:40: [adminsounds.smx] 62 sounds loaded
L 07/13/2020 - 01:48:41: -------- Mapchange to dod_sucette_v3 --------
L 07/13/2020 - 01:48:41: [adminsounds.smx] 62 sounds loaded
L 07/13/2020 - 01:48:46: [randomcycle.smx] RandomCycle has chosen dod_orange_cancrelats for the nextmap.
L 07/13/2020 - 01:55:39: [mapchooser.smx] Voting for next map has started.
L 07/13/2020 - 01:59:40: [SM] Changed map to "dod_bunky2_modified"
L 07/13/2020 - 01:59:40: [SM] Changed map to "dod_bunky2_modified"
L 07/13/2020 - 01:59:40: -------- Mapchange to dod_bunky2_modified --------
L 07/13/2020 - 01:59:40: [adminsounds.smx] 62 sounds loaded
L 07/13/2020 - 01:59:41: -------- Mapchange to dod_bunky2_modified --------
L 07/13/2020 - 01:59:41: [adminsounds.smx] 62 sounds loaded
L 07/13/2020 - 01:59:46: [randomcycle.smx] RandomCycle has chosen acc_labice for the nextmap.
L 07/13/2020 - 02:06:39: [mapchooser.smx] Voting for next map has started.
L 07/13/2020 - 02:10:40: [SM] Changed map to "dod_orange_damier_v2"
L 07/13/2020 - 02:10:40: [SM] Changed map to "dod_orange_damier_v2"
L 07/13/2020 - 02:10:41: -------- Mapchange to dod_orange_damier_v2 --------
L 07/13/2020 - 02:10:41: [adminsounds.smx] 62 sounds loaded
L 07/13/2020 - 02:10:42: -------- Mapchange to dod_orange_damier_v2 --------
L 07/13/2020 - 02:10:42: [adminsounds.smx] 62 sounds loaded
L 07/13/2020 - 02:10:47: [randomcycle.smx] RandomCycle has chosen dod_avalanche@night for the nextmap.
L 07/13/2020 - 02:17:40: [mapchooser.smx] Voting for next map has started.
L 07/13/2020 - 02:21:41: [SM] Changed map to "dod_avalanche"
L 07/13/2020 - 02:21:41: [SM] Changed map to "dod_avalanche"
L 07/13/2020 - 02:21:42: -------- Mapchange to dod_avalanche --------
L 07/13/2020 - 02:21:43: [adminsounds.smx] 62 sounds loaded
L 07/13/2020 - 02:21:44: -------- Mapchange to dod_avalanche --------
L 07/13/2020 - 02:21:44: [adminsounds.smx] 62 sounds loaded
L 07/13/2020 - 02:21:49: [randomcycle.smx] RandomCycle has chosen dod_sniperarena_dgs2 for the nextmap.
L 07/13/2020 - 02:28:42: [mapchooser.smx] Voting for next map has started.
L 07/13/2020 - 02:32:43: [SM] Changed map to "dod_bigbunky_v4"
L 07/13/2020 - 02:32:43: [SM] Changed map to "dod_bigbunky_v4"
L 07/13/2020 - 02:32:44: -------- Mapchange to dod_bigbunky_v4 --------
L 07/13/2020 - 02:32:44: [adminsounds.smx] 62 sounds loaded
L 07/13/2020 - 02:32:45: -------- Mapchange to dod_bigbunky_v4 --------
L 07/13/2020 - 02:32:45: [adminsounds.smx] 62 sounds loaded
L 07/13/2020 - 02:32:50: [randomcycle.smx] RandomCycle has chosen dod_argentan for the nextmap.
L 07/13/2020 - 02:39:43: [mapchooser.smx] Voting for next map has started.
L 07/13/2020 - 02:43:44: [SM] Changed map to "dod_avalanche@night"
L 07/13/2020 - 02:43:44: [SM] Changed map to "dod_avalanche@night"
L 07/13/2020 - 02:43:45: -------- Mapchange to dod_avalanche@night --------
L 07/13/2020 - 02:43:45: [adminsounds.smx] 62 sounds loaded
L 07/13/2020 - 02:43:47: -------- Mapchange to dod_avalanche@night --------
L 07/13/2020 - 02:43:47: [adminsounds.smx] 62 sounds loaded
L 07/13/2020 - 02:43:52: [randomcycle.smx] RandomCycle has chosen dod_sniper_wars_beta for the nextmap.
L 07/13/2020 - 02:50:45: [mapchooser.smx] Voting for next map has started.
L 07/13/2020 - 02:54:46: [SM] Changed map to "sniperzone"
L 07/13/2020 - 02:54:46: [SM] Changed map to "sniperzone"
L 07/13/2020 - 02:54:47: -------- Mapchange to sniperzone --------
L 07/13/2020 - 02:54:47: [adminsounds.smx] 62 sounds loaded
L 07/13/2020 - 02:54:48: -------- Mapchange to sniperzone --------
L 07/13/2020 - 02:54:48: [adminsounds.smx] 62 sounds loaded
L 07/13/2020 - 02:54:53: [randomcycle.smx] RandomCycle has chosen dod_dli_football_b1 for the nextmap.
L 07/13/2020 - 03:01:46: [mapchooser.smx] Voting for next map has started.
L 07/13/2020 - 03:05:47: [SM] Changed map to "dod_jagd"
L 07/13/2020 - 03:05:47: [SM] Changed map to "dod_jagd"
L 07/13/2020 - 03:05:49: -------- Mapchange to dod_jagd --------
L 07/13/2020 - 03:05:50: [adminsounds.smx] 62 sounds loaded
L 07/13/2020 - 03:05:52: -------- Mapchange to dod_jagd --------
L 07/13/2020 - 03:05:52: [adminsounds.smx] 62 sounds loaded
L 07/13/2020 - 03:05:57: [randomcycle.smx] RandomCycle has chosen dod_iceworld_final_[bds]_doc for the nextmap.
L 07/13/2020 - 03:12:50: [mapchooser.smx] Voting for next map has started.
L 07/13/2020 - 03:16:51: [SM] Changed map to "dod_orange_damier_v2"
L 07/13/2020 - 03:16:51: [SM] Changed map to "dod_orange_damier_v2"
L 07/13/2020 - 03:16:52: -------- Mapchange to dod_orange_damier_v2 --------
L 07/13/2020 - 03:16:52: [adminsounds.smx] 62 sounds loaded
L 07/13/2020 - 03:16:53: -------- Mapchange to dod_orange_damier_v2 --------
L 07/13/2020 - 03:16:53: [adminsounds.smx] 62 sounds loaded
L 07/13/2020 - 03:16:58: [randomcycle.smx] RandomCycle has chosen dod_orange_damier_v2 for the nextmap.
L 07/13/2020 - 03:23:51: [mapchooser.smx] Voting for next map has started.
L 07/13/2020 - 03:27:52: [SM] Changed map to "dod_sniperarena_dgs2"
L 07/13/2020 - 03:27:52: [SM] Changed map to "dod_sniperarena_dgs2"
L 07/13/2020 - 03:27:53: -------- Mapchange to dod_sniperarena_dgs2 --------
L 07/13/2020 - 03:27:53: [adminsounds.smx] 62 sounds loaded
L 07/13/2020 - 03:27:54: -------- Mapchange to dod_sniperarena_dgs2 --------
L 07/13/2020 - 03:27:54: [adminsounds.smx] 62 sounds loaded
L 07/13/2020 - 03:27:59: [randomcycle.smx] RandomCycle has chosen dod_deux_chateaux_final for the nextmap.
L 07/13/2020 - 03:34:52: [mapchooser.smx] Voting for next map has started.
L 07/13/2020 - 03:38:53: [SM] Changed map to "dod_fullhouse"
L 07/13/2020 - 03:38:53: [SM] Changed map to "dod_fullhouse"
L 07/13/2020 - 03:38:54: -------- Mapchange to dod_fullhouse --------
L 07/13/2020 - 03:38:54: [adminsounds.smx] 62 sounds loaded
L 07/13/2020 - 03:38:55: -------- Mapchange to dod_fullhouse --------
L 07/13/2020 - 03:38:56: [adminsounds.smx] 62 sounds loaded
L 07/13/2020 - 03:39:01: [randomcycle.smx] RandomCycle has chosen dod_monopoly_source for the nextmap.
L 07/13/2020 - 03:45:54: [mapchooser.smx] Voting for next map has started.
L 07/13/2020 - 03:49:55: [SM] Changed map to "dod_sniper_wars_beta"
L 07/13/2020 - 03:49:55: [SM] Changed map to "dod_sniper_wars_beta"
L 07/13/2020 - 03:49:55: -------- Mapchange to dod_sniper_wars_beta --------
L 07/13/2020 - 03:49:56: [adminsounds.smx] 62 sounds loaded
L 07/13/2020 - 03:49:57: -------- Mapchange to dod_sniper_wars_beta --------
L 07/13/2020 - 03:49:57: [adminsounds.smx] 62 sounds loaded
L 07/13/2020 - 03:50:02: [randomcycle.smx] RandomCycle has chosen dod_4pyramides for the nextmap.
L 07/13/2020 - 03:56:55: [mapchooser.smx] Voting for next map has started.
L 07/13/2020 - 04:00:56: [SM] Changed map to "dod_dust2_snow_xmas"
L 07/13/2020 - 04:00:56: [SM] Changed map to "dod_dust2_snow_xmas"
L 07/13/2020 - 04:00:57: -------- Mapchange to dod_dust2_snow_xmas --------
L 07/13/2020 - 04:00:57: [adminsounds.smx] 62 sounds loaded
L 07/13/2020 - 04:00:58: -------- Mapchange to dod_dust2_snow_xmas --------
L 07/13/2020 - 04:00:58: [adminsounds.smx] 62 sounds loaded
L 07/13/2020 - 04:01:03: [randomcycle.smx] RandomCycle has chosen dod_football_a for the nextmap.
L 07/13/2020 - 04:07:56: [mapchooser.smx] Voting for next map has started.
L 07/13/2020 - 04:11:57: [SM] Changed map to "dod_legoland_b2"
L 07/13/2020 - 04:11:57: [SM] Changed map to "dod_legoland_b2"
L 07/13/2020 - 04:11:58: -------- Mapchange to dod_legoland_b2 --------
L 07/13/2020 - 04:11:58: [adminsounds.smx] 62 sounds loaded
L 07/13/2020 - 04:11:59: -------- Mapchange to dod_legoland_b2 --------
L 07/13/2020 - 04:11:59: [adminsounds.smx] 62 sounds loaded
L 07/13/2020 - 04:12:04: [randomcycle.smx] RandomCycle has chosen dod_dust2_snow_xmas for the nextmap.
L 07/13/2020 - 04:18:57: [mapchooser.smx] Voting for next map has started.
L 07/13/2020 - 04:22:58: [SM] Changed map to "dod_sniperarena_dgs2"
L 07/13/2020 - 04:22:59: [SM] Changed map to "dod_sniperarena_dgs2"
L 07/13/2020 - 04:22:59: -------- Mapchange to dod_sniperarena_dgs2 --------
L 07/13/2020 - 04:22:59: [adminsounds.smx] 62 sounds loaded
L 07/13/2020 - 04:23:01: -------- Mapchange to dod_sniperarena_dgs2 --------
L 07/13/2020 - 04:23:01: [adminsounds.smx] 62 sounds loaded
L 07/13/2020 - 04:23:06: [randomcycle.smx] RandomCycle has chosen cdcmarijuana! for the nextmap.
L 07/13/2020 - 04:29:59: [mapchooser.smx] Voting for next map has started.
L 07/13/2020 - 04:34:00: [SM] Changed map to "dod_orange_wallhack"
L 07/13/2020 - 04:34:00: [SM] Changed map to "dod_orange_wallhack"
L 07/13/2020 - 04:34:01: -------- Mapchange to dod_orange_wallhack --------
L 07/13/2020 - 04:34:01: [adminsounds.smx] 62 sounds loaded
L 07/13/2020 - 04:34:02: -------- Mapchange to dod_orange_wallhack --------
L 07/13/2020 - 04:34:02: [adminsounds.smx] 62 sounds loaded
L 07/13/2020 - 04:34:07: [randomcycle.smx] RandomCycle has chosen dod_avalanche for the nextmap.
L 07/13/2020 - 04:41:00: [mapchooser.smx] Voting for next map has started.
L 07/13/2020 - 04:45:01: [SM] Changed map to "dod_bigbunky_v4"
L 07/13/2020 - 04:45:01: [SM] Changed map to "dod_bigbunky_v4"
L 07/13/2020 - 04:45:02: -------- Mapchange to dod_bigbunky_v4 --------
L 07/13/2020 - 04:45:02: [adminsounds.smx] 62 sounds loaded
L 07/13/2020 - 04:45:03: -------- Mapchange to dod_bigbunky_v4 --------
L 07/13/2020 - 04:45:03: [adminsounds.smx] 62 sounds loaded
L 07/13/2020 - 04:45:08: [randomcycle.smx] RandomCycle has chosen mario_air for the nextmap.
L 07/13/2020 - 04:52:01: [mapchooser.smx] Voting for next map has started.
L 07/13/2020 - 04:56:02: [SM] Changed map to "dod_sewer_rats_b1"
L 07/13/2020 - 04:56:02: [SM] Changed map to "dod_sewer_rats_b1"
L 07/13/2020 - 04:56:03: -------- Mapchange to dod_sewer_rats_b1 --------
L 07/13/2020 - 04:56:03: [adminsounds.smx] 62 sounds loaded
L 07/13/2020 - 04:56:04: -------- Mapchange to dod_sewer_rats_b1 --------
L 07/13/2020 - 04:56:05: [adminsounds.smx] 62 sounds loaded
L 07/13/2020 - 04:56:10: [randomcycle.smx] RandomCycle has chosen dod_avalanche@night for the nextmap.
L 07/13/2020 - 05:03:03: [mapchooser.smx] Voting for next map has started.
L 07/13/2020 - 05:07:04: [SM] Changed map to "dod_beer_circus"
L 07/13/2020 - 05:07:04: [SM] Changed map to "dod_beer_circus"
L 07/13/2020 - 05:07:13: -------- Mapchange to dod_beer_circus --------
L 07/13/2020 - 05:07:13: [adminsounds.smx] 62 sounds loaded
L 07/13/2020 - 05:07:22: -------- Mapchange to dod_beer_circus --------
L 07/13/2020 - 05:07:22: [adminsounds.smx] 62 sounds loaded
L 07/13/2020 - 05:07:27: [randomcycle.smx] RandomCycle has chosen dod_sniper_wars_beta for the nextmap.
L 07/13/2020 - 05:14:20: [mapchooser.smx] Voting for next map has started.
L 07/13/2020 - 05:18:21: [SM] Changed map to "dod_sniper_wars_beta"
L 07/13/2020 - 05:18:21: [SM] Changed map to "dod_sniper_wars_beta"
L 07/13/2020 - 05:18:22: -------- Mapchange to dod_sniper_wars_beta --------
L 07/13/2020 - 05:18:22: [adminsounds.smx] 62 sounds loaded
L 07/13/2020 - 05:18:24: -------- Mapchange to dod_sniper_wars_beta --------
L 07/13/2020 - 05:18:24: [adminsounds.smx] 62 sounds loaded
L 07/13/2020 - 05:18:29: [randomcycle.smx] RandomCycle has chosen dod_colmar for the nextmap.
L 07/13/2020 - 05:25:22: [mapchooser.smx] Voting for next map has started.
L 07/13/2020 - 05:29:23: [SM] Changed map to "dod_risk_b9"
L 07/13/2020 - 05:29:23: [SM] Changed map to "dod_risk_b9"
L 07/13/2020 - 05:29:25: -------- Mapchange to dod_risk_b9 --------
L 07/13/2020 - 05:29:25: [adminsounds.smx] 62 sounds loaded
L 07/13/2020 - 05:29:28: -------- Mapchange to dod_risk_b9 --------
L 07/13/2020 - 05:29:28: [adminsounds.smx] 62 sounds loaded
L 07/13/2020 - 05:29:33: [randomcycle.smx] RandomCycle has chosen dod_solitude_rats for the nextmap.
L 07/13/2020 - 05:36:26: [mapchooser.smx] Voting for next map has started.
L 07/13/2020 - 05:40:27: [SM] Changed map to "dod_orange_damier_v2"
L 07/13/2020 - 05:40:28: [SM] Changed map to "dod_orange_damier_v2"
L 07/13/2020 - 05:40:28: -------- Mapchange to dod_orange_damier_v2 --------
L 07/13/2020 - 05:40:29: [adminsounds.smx] 62 sounds loaded
L 07/13/2020 - 05:40:30: -------- Mapchange to dod_orange_damier_v2 --------
L 07/13/2020 - 05:40:30: [adminsounds.smx] 62 sounds loaded
L 07/13/2020 - 05:40:35: [randomcycle.smx] RandomCycle has chosen dod_sand_rats_2006 for the nextmap.
L 07/13/2020 - 05:47:28: [mapchooser.smx] Voting for next map has started.
L 07/13/2020 - 05:51:29: [SM] Changed map to "dod_orange_bridges"
L 07/13/2020 - 05:51:29: [SM] Changed map to "dod_orange_bridges"
L 07/13/2020 - 05:51:30: -------- Mapchange to dod_orange_bridges --------
L 07/13/2020 - 05:51:30: [adminsounds.smx] 62 sounds loaded
L 07/13/2020 - 05:51:31: -------- Mapchange to dod_orange_bridges --------
L 07/13/2020 - 05:51:31: [adminsounds.smx] 62 sounds loaded
L 07/13/2020 - 05:51:37: [randomcycle.smx] RandomCycle has chosen dod_kalt for the nextmap.
L 07/13/2020 - 05:58:30: [mapchooser.smx] Voting for next map has started.
L 07/13/2020 - 06:02:31: [SM] Changed map to "dod_sucette_v3"
L 07/13/2020 - 06:02:31: [SM] Changed map to "dod_sucette_v3"
L 07/13/2020 - 06:02:32: -------- Mapchange to dod_sucette_v3 --------
L 07/13/2020 - 06:02:32: [adminsounds.smx] 62 sounds loaded
L 07/13/2020 - 06:02:33: -------- Mapchange to dod_sucette_v3 --------
L 07/13/2020 - 06:02:33: [adminsounds.smx] 62 sounds loaded
L 07/13/2020 - 06:02:38: [randomcycle.smx] RandomCycle has chosen dod_donner for the nextmap.
L 07/13/2020 - 06:09:31: [mapchooser.smx] Voting for next map has started.
L 07/13/2020 - 06:13:32: [SM] Changed map to "dod_flash"
L 07/13/2020 - 06:13:32: [SM] Changed map to "dod_flash"
L 07/13/2020 - 06:13:34: -------- Mapchange to dod_flash --------
L 07/13/2020 - 06:13:34: [adminsounds.smx] 62 sounds loaded
L 07/13/2020 - 06:13:35: -------- Mapchange to dod_flash --------
L 07/13/2020 - 06:13:35: [adminsounds.smx] 62 sounds loaded
L 07/13/2020 - 06:13:40: [randomcycle.smx] RandomCycle has chosen dod_bigbunky_v4 for the nextmap.
L 07/13/2020 - 06:20:34: [mapchooser.smx] Voting for next map has started.
L 07/13/2020 - 06:24:35: [SM] Changed map to "dod_sand_rats_2006"
L 07/13/2020 - 06:24:35: [SM] Changed map to "dod_sand_rats_2006"
L 07/13/2020 - 06:24:36: -------- Mapchange to dod_sand_rats_2006 --------
L 07/13/2020 - 06:24:36: [adminsounds.smx] 62 sounds loaded
L 07/13/2020 - 06:24:37: -------- Mapchange to dod_sand_rats_2006 --------
L 07/13/2020 - 06:24:37: [adminsounds.smx] 62 sounds loaded
L 07/13/2020 - 06:24:43: [randomcycle.smx] RandomCycle has chosen dod_4pyramides for the nextmap.
L 07/13/2020 - 06:31:36: [mapchooser.smx] Voting for next map has started.
L 07/13/2020 - 06:35:37: [SM] Changed map to "dod_beer_circus"
L 07/13/2020 - 06:35:37: [SM] Changed map to "dod_beer_circus"
L 07/13/2020 - 06:35:46: -------- Mapchange to dod_beer_circus --------
L 07/13/2020 - 06:35:46: [adminsounds.smx] 62 sounds loaded
L 07/13/2020 - 06:35:55: -------- Mapchange to dod_beer_circus --------
L 07/13/2020 - 06:35:55: [adminsounds.smx] 62 sounds loaded
L 07/13/2020 - 06:36:00: [randomcycle.smx] RandomCycle has chosen dod_argentan for the nextmap.
L 07/13/2020 - 06:42:53: [mapchooser.smx] Voting for next map has started.
L 07/13/2020 - 06:46:54: [SM] Changed map to "dod_cdc_rats_rm"
L 07/13/2020 - 06:46:54: [SM] Changed map to "dod_cdc_rats_rm"
L 07/13/2020 - 06:46:55: -------- Mapchange to dod_cdc_rats_rm --------
L 07/13/2020 - 06:46:55: [adminsounds.smx] 62 sounds loaded
L 07/13/2020 - 06:46:57: -------- Mapchange to dod_cdc_rats_rm --------
L 07/13/2020 - 06:46:57: [adminsounds.smx] 62 sounds loaded
L 07/13/2020 - 06:47:02: [randomcycle.smx] RandomCycle has chosen dod_orange_castel_evolution for the nextmap.
L 07/13/2020 - 06:53:55: [mapchooser.smx] Voting for next map has started.
L 07/13/2020 - 06:57:56: [SM] Changed map to "dod_legoland_b2"
L 07/13/2020 - 06:57:56: [SM] Changed map to "dod_legoland_b2"
L 07/13/2020 - 06:57:57: -------- Mapchange to dod_legoland_b2 --------
L 07/13/2020 - 06:57:57: [adminsounds.smx] 62 sounds loaded
L 07/13/2020 - 06:57:59: -------- Mapchange to dod_legoland_b2 --------
L 07/13/2020 - 06:57:59: [adminsounds.smx] 62 sounds loaded
L 07/13/2020 - 06:58:04: [randomcycle.smx] RandomCycle has chosen dod_mousekitchen_ed for the nextmap.
L 07/13/2020 - 07:04:57: [mapchooser.smx] Voting for next map has started.
L 07/13/2020 - 07:08:58: [SM] Changed map to "dod_colmar"
L 07/13/2020 - 07:08:58: [SM] Changed map to "dod_colmar"
L 07/13/2020 - 07:09:00: -------- Mapchange to dod_colmar --------
L 07/13/2020 - 07:09:00: [adminsounds.smx] 62 sounds loaded
L 07/13/2020 - 07:09:02: -------- Mapchange to dod_colmar --------
L 07/13/2020 - 07:09:02: [adminsounds.smx] 62 sounds loaded
L 07/13/2020 - 07:09:07: [randomcycle.smx] RandomCycle has chosen dod_jagd for the nextmap.
L 07/13/2020 - 07:16:00: [mapchooser.smx] Voting for next map has started.
L 07/13/2020 - 07:20:01: [SM] Changed map to "sniperzone"
L 07/13/2020 - 07:20:01: [SM] Changed map to "sniperzone"
L 07/13/2020 - 07:20:03: -------- Mapchange to sniperzone --------
L 07/13/2020 - 07:20:03: [adminsounds.smx] 62 sounds loaded
L 07/13/2020 - 07:20:04: -------- Mapchange to sniperzone --------
L 07/13/2020 - 07:20:04: [adminsounds.smx] 62 sounds loaded
L 07/13/2020 - 07:20:09: [randomcycle.smx] RandomCycle has chosen dod_anzio for the nextmap.
L 07/13/2020 - 07:27:02: [mapchooser.smx] Voting for next map has started.
L 07/13/2020 - 07:31:03: [SM] Changed map to "dod_monopoly_source"
L 07/13/2020 - 07:31:03: [SM] Changed map to "dod_monopoly_source"
L 07/13/2020 - 07:31:04: -------- Mapchange to dod_monopoly_source --------
L 07/13/2020 - 07:31:04: [adminsounds.smx] 62 sounds loaded
L 07/13/2020 - 07:31:06: -------- Mapchange to dod_monopoly_source --------
L 07/13/2020 - 07:31:06: [adminsounds.smx] 62 sounds loaded
L 07/13/2020 - 07:31:11: [randomcycle.smx] RandomCycle has chosen dod_sniper_killbox_v2 for the nextmap.
L 07/13/2020 - 07:38:04: [mapchooser.smx] Voting for next map has started.
L 07/13/2020 - 07:42:05: [SM] Changed map to "dod_orange_damier_v2"
L 07/13/2020 - 07:42:05: [SM] Changed map to "dod_orange_damier_v2"
L 07/13/2020 - 07:42:06: -------- Mapchange to dod_orange_damier_v2 --------
L 07/13/2020 - 07:42:06: [adminsounds.smx] 62 sounds loaded
L 07/13/2020 - 07:42:08: -------- Mapchange to dod_orange_damier_v2 --------
L 07/13/2020 - 07:42:08: [adminsounds.smx] 62 sounds loaded
L 07/13/2020 - 07:42:13: [randomcycle.smx] RandomCycle has chosen dod_chocolate_fight_arena for the nextmap.
L 07/13/2020 - 07:49:06: [mapchooser.smx] Voting for next map has started.
L 07/13/2020 - 07:53:07: [SM] Changed map to "cdcmarijuana!"
L 07/13/2020 - 07:53:07: [SM] Changed map to "cdcmarijuana!"
L 07/13/2020 - 07:53:08: -------- Mapchange to cdcmarijuana! --------
L 07/13/2020 - 07:53:08: [adminsounds.smx] 62 sounds loaded
L 07/13/2020 - 07:53:09: -------- Mapchange to cdcmarijuana! --------
L 07/13/2020 - 07:53:10: [adminsounds.smx] 62 sounds loaded
L 07/13/2020 - 07:53:15: [randomcycle.smx] RandomCycle has chosen dod_avalanche for the nextmap.
L 07/13/2020 - 08:00:08: [mapchooser.smx] Voting for next map has started.
L 07/13/2020 - 08:04:09: [SM] Changed map to "dod_sucette_v3"
L 07/13/2020 - 08:04:09: [SM] Changed map to "dod_sucette_v3"
L 07/13/2020 - 08:04:10: -------- Mapchange to dod_sucette_v3 --------
L 07/13/2020 - 08:04:10: [adminsounds.smx] 62 sounds loaded
L 07/13/2020 - 08:04:11: -------- Mapchange to dod_sucette_v3 --------
L 07/13/2020 - 08:04:12: [adminsounds.smx] 62 sounds loaded
L 07/13/2020 - 08:04:17: [randomcycle.smx] RandomCycle has chosen sniperzone for the nextmap.
L 07/13/2020 - 08:11:10: [mapchooser.smx] Voting for next map has started.
L 07/13/2020 - 08:15:11: [SM] Changed map to "dod_football_a"
L 07/13/2020 - 08:15:11: [SM] Changed map to "dod_football_a"
L 07/13/2020 - 08:15:12: -------- Mapchange to dod_football_a --------
L 07/13/2020 - 08:15:12: [adminsounds.smx] 62 sounds loaded
L 07/13/2020 - 08:15:13: -------- Mapchange to dod_football_a --------
L 07/13/2020 - 08:15:14: [adminsounds.smx] 62 sounds loaded
L 07/13/2020 - 08:15:19: [randomcycle.smx] RandomCycle has chosen dod_deux_chateaux_final for the nextmap.
L 07/13/2020 - 08:22:12: [mapchooser.smx] Voting for next map has started.
L 07/13/2020 - 08:26:13: [SM] Changed map to "dod_monopoly_source"
L 07/13/2020 - 08:26:13: [SM] Changed map to "dod_monopoly_source"
L 07/13/2020 - 08:26:14: -------- Mapchange to dod_monopoly_source --------
L 07/13/2020 - 08:26:14: [adminsounds.smx] 62 sounds loaded
L 07/13/2020 - 08:26:15: -------- Mapchange to dod_monopoly_source --------
L 07/13/2020 - 08:26:15: [adminsounds.smx] 62 sounds loaded
L 07/13/2020 - 08:26:21: [randomcycle.smx] RandomCycle has chosen dod_rats for the nextmap.
L 07/13/2020 - 08:33:14: [mapchooser.smx] Voting for next map has started.
L 07/13/2020 - 08:37:15: [SM] Changed map to "dod_orange_castel_evolution"
L 07/13/2020 - 08:37:15: [SM] Changed map to "dod_orange_castel_evolution"
L 07/13/2020 - 08:37:16: -------- Mapchange to dod_orange_castel_evolution --------
L 07/13/2020 - 08:37:16: [adminsounds.smx] 62 sounds loaded
L 07/13/2020 - 08:37:17: -------- Mapchange to dod_orange_castel_evolution --------
L 07/13/2020 - 08:37:17: [adminsounds.smx] 62 sounds loaded
L 07/13/2020 - 08:37:23: [randomcycle.smx] RandomCycle has chosen dod_kalt for the nextmap.
L 07/13/2020 - 08:44:16: [mapchooser.smx] Voting for next map has started.
L 07/13/2020 - 08:48:17: [SM] Changed map to "dod_iceworld_final_[bds]_doc"
L 07/13/2020 - 08:48:17: [SM] Changed map to "dod_iceworld_final_[bds]_doc"
L 07/13/2020 - 08:48:18: -------- Mapchange to dod_iceworld_final_[bds]_doc --------
L 07/13/2020 - 08:48:18: [adminsounds.smx] 62 sounds loaded
L 07/13/2020 - 08:48:19: -------- Mapchange to dod_iceworld_final_[bds]_doc --------
L 07/13/2020 - 08:48:19: [adminsounds.smx] 62 sounds loaded
L 07/13/2020 - 08:48:25: [randomcycle.smx] RandomCycle has chosen dod_legoland_b2 for the nextmap.
L 07/13/2020 - 08:55:18: [mapchooser.smx] Voting for next map has started.
L 07/13/2020 - 08:59:19: [SM] Changed map to "sniperzone"
L 07/13/2020 - 08:59:19: [SM] Changed map to "sniperzone"
L 07/13/2020 - 08:59:20: -------- Mapchange to sniperzone --------
L 07/13/2020 - 08:59:20: [adminsounds.smx] 62 sounds loaded
L 07/13/2020 - 08:59:22: -------- Mapchange to sniperzone --------
L 07/13/2020 - 08:59:22: [adminsounds.smx] 62 sounds loaded
L 07/13/2020 - 08:59:27: [randomcycle.smx] RandomCycle has chosen dod_4pyramides for the nextmap.
L 07/13/2020 - 09:06:20: [mapchooser.smx] Voting for next map has started.
L 07/13/2020 - 09:10:21: [SM] Changed map to "dod_orange_bridges"
L 07/13/2020 - 09:10:21: [SM] Changed map to "dod_orange_bridges"
L 07/13/2020 - 09:10:22: -------- Mapchange to dod_orange_bridges --------
L 07/13/2020 - 09:10:22: [adminsounds.smx] 62 sounds loaded
L 07/13/2020 - 09:10:24: -------- Mapchange to dod_orange_bridges --------
L 07/13/2020 - 09:10:24: [adminsounds.smx] 62 sounds loaded
L 07/13/2020 - 09:10:29: [randomcycle.smx] RandomCycle has chosen dod_orange_sniper for the nextmap.
L 07/13/2020 - 09:17:22: [mapchooser.smx] Voting for next map has started.
L 07/13/2020 - 09:21:23: [SM] Changed map to "dod_mousekitchen_ed"
L 07/13/2020 - 09:21:23: [SM] Changed map to "dod_mousekitchen_ed"
L 07/13/2020 - 09:21:24: -------- Mapchange to dod_mousekitchen_ed --------
L 07/13/2020 - 09:21:24: [adminsounds.smx] 62 sounds loaded
L 07/13/2020 - 09:21:26: -------- Mapchange to dod_mousekitchen_ed --------
L 07/13/2020 - 09:21:26: [adminsounds.smx] 62 sounds loaded
L 07/13/2020 - 09:21:31: [randomcycle.smx] RandomCycle has chosen dod_orange_castel_evolution for the nextmap.
L 07/13/2020 - 09:28:24: [mapchooser.smx] Voting for next map has started.
L 07/13/2020 - 09:32:25: [SM] Changed map to "dod_aimap_b1"
L 07/13/2020 - 09:32:25: [SM] Changed map to "dod_aimap_b1"
L 07/13/2020 - 09:32:27: -------- Mapchange to dod_aimap_b1 --------
L 07/13/2020 - 09:32:27: [adminsounds.smx] 62 sounds loaded
L 07/13/2020 - 09:32:28: -------- Mapchange to dod_aimap_b1 --------
L 07/13/2020 - 09:32:28: [adminsounds.smx] 62 sounds loaded
L 07/13/2020 - 09:32:33: [randomcycle.smx] RandomCycle has chosen dod_monopoly_source for the nextmap.
L 07/13/2020 - 09:39:26: [mapchooser.smx] Voting for next map has started.
L 07/13/2020 - 09:43:27: [SM] Changed map to "dod_colmar"
L 07/13/2020 - 09:43:27: [SM] Changed map to "dod_colmar"
L 07/13/2020 - 09:43:30: -------- Mapchange to dod_colmar --------
L 07/13/2020 - 09:43:30: [adminsounds.smx] 62 sounds loaded
L 07/13/2020 - 09:43:32: -------- Mapchange to dod_colmar --------
L 07/13/2020 - 09:43:32: [adminsounds.smx] 62 sounds loaded
L 07/13/2020 - 09:43:38: [randomcycle.smx] RandomCycle has chosen dod_dli_football_b1 for the nextmap.
L 07/13/2020 - 09:50:31: [mapchooser.smx] Voting for next map has started.
L 07/13/2020 - 09:54:32: [SM] Changed map to "dod_orange_bridges"
L 07/13/2020 - 09:54:32: [SM] Changed map to "dod_orange_bridges"
L 07/13/2020 - 09:54:33: -------- Mapchange to dod_orange_bridges --------
L 07/13/2020 - 09:54:33: [adminsounds.smx] 62 sounds loaded
L 07/13/2020 - 09:54:34: -------- Mapchange to dod_orange_bridges --------
L 07/13/2020 - 09:54:34: [adminsounds.smx] 62 sounds loaded
L 07/13/2020 - 09:54:40: [randomcycle.smx] RandomCycle has chosen dod_risk_b9 for the nextmap.
L 07/13/2020 - 10:01:33: [mapchooser.smx] Voting for next map has started.
L 07/13/2020 - 10:05:34: [SM] Changed map to "dod_monopoly_source"
L 07/13/2020 - 10:05:34: [SM] Changed map to "dod_monopoly_source"
L 07/13/2020 - 10:05:35: -------- Mapchange to dod_monopoly_source --------
L 07/13/2020 - 10:05:35: [adminsounds.smx] 62 sounds loaded
L 07/13/2020 - 10:05:36: -------- Mapchange to dod_monopoly_source --------
L 07/13/2020 - 10:05:36: [adminsounds.smx] 62 sounds loaded
L 07/13/2020 - 10:05:42: [randomcycle.smx] RandomCycle has chosen cdcmarijuana! for the nextmap.
L 07/13/2020 - 10:12:35: [mapchooser.smx] Voting for next map has started.
L 07/13/2020 - 10:16:36: [SM] Changed map to "dod_football_a"
L 07/13/2020 - 10:16:36: [SM] Changed map to "dod_football_a"
L 07/13/2020 - 10:16:37: -------- Mapchange to dod_football_a --------
L 07/13/2020 - 10:16:37: [adminsounds.smx] 62 sounds loaded
L 07/13/2020 - 10:16:39: -------- Mapchange to dod_football_a --------
L 07/13/2020 - 10:16:39: [adminsounds.smx] 62 sounds loaded
L 07/13/2020 - 10:16:44: [randomcycle.smx] RandomCycle has chosen dod_jagd for the nextmap.
L 07/13/2020 - 10:23:37: [mapchooser.smx] Voting for next map has started.
L 07/13/2020 - 10:27:38: [SM] Changed map to "dod_orange_cancrelats"
L 07/13/2020 - 10:27:38: [SM] Changed map to "dod_orange_cancrelats"
L 07/13/2020 - 10:27:39: -------- Mapchange to dod_orange_cancrelats --------
L 07/13/2020 - 10:27:39: [adminsounds.smx] 62 sounds loaded
L 07/13/2020 - 10:27:41: -------- Mapchange to dod_orange_cancrelats --------
L 07/13/2020 - 10:27:41: [adminsounds.smx] 62 sounds loaded
L 07/13/2020 - 10:27:47: [randomcycle.smx] RandomCycle has chosen babyfight_arena for the nextmap.
L 07/13/2020 - 10:34:40: [mapchooser.smx] Voting for next map has started.
L 07/13/2020 - 10:38:41: [SM] Changed map to "dod_murky_p2"
L 07/13/2020 - 10:38:41: [SM] Changed map to "dod_murky_p2"
L 07/13/2020 - 10:38:42: -------- Mapchange to dod_murky_p2 --------
L 07/13/2020 - 10:38:42: [adminsounds.smx] 62 sounds loaded
L 07/13/2020 - 10:38:44: -------- Mapchange to dod_murky_p2 --------
L 07/13/2020 - 10:38:44: [adminsounds.smx] 62 sounds loaded
L 07/13/2020 - 10:38:49: [randomcycle.smx] RandomCycle has chosen dod_avalanche for the nextmap.
L 07/13/2020 - 10:45:42: [mapchooser.smx] Voting for next map has started.
L 07/13/2020 - 10:49:43: [SM] Changed map to "dod_bigbunky_v4"
L 07/13/2020 - 10:49:43: [SM] Changed map to "dod_bigbunky_v4"
L 07/13/2020 - 10:49:44: -------- Mapchange to dod_bigbunky_v4 --------
L 07/13/2020 - 10:49:44: [adminsounds.smx] 62 sounds loaded
L 07/13/2020 - 10:49:46: -------- Mapchange to dod_bigbunky_v4 --------
L 07/13/2020 - 10:49:46: [adminsounds.smx] 62 sounds loaded
L 07/13/2020 - 10:49:52: [randomcycle.smx] RandomCycle has chosen dod_sewer_rats_b1 for the nextmap.
L 07/13/2020 - 10:56:45: [mapchooser.smx] Voting for next map has started.
L 07/13/2020 - 11:00:46: [SM] Changed map to "dod_chocolate_fight_arena"
L 07/13/2020 - 11:00:46: [SM] Changed map to "dod_chocolate_fight_arena"
L 07/13/2020 - 11:00:47: -------- Mapchange to dod_chocolate_fight_arena --------
L 07/13/2020 - 11:00:47: [adminsounds.smx] 62 sounds loaded
L 07/13/2020 - 11:00:49: -------- Mapchange to dod_chocolate_fight_arena --------
L 07/13/2020 - 11:00:49: [adminsounds.smx] 62 sounds loaded
L 07/13/2020 - 11:00:54: [randomcycle.smx] RandomCycle has chosen dod_sniper_killbox_v2 for the nextmap.
L 07/13/2020 - 11:07:47: [mapchooser.smx] Voting for next map has started.
L 07/13/2020 - 11:11:48: [SM] Changed map to "dod_orange_wallhack"
L 07/13/2020 - 11:11:48: [SM] Changed map to "dod_orange_wallhack"
L 07/13/2020 - 11:11:49: -------- Mapchange to dod_orange_wallhack --------
L 07/13/2020 - 11:11:49: [adminsounds.smx] 62 sounds loaded
L 07/13/2020 - 11:11:51: -------- Mapchange to dod_orange_wallhack --------
L 07/13/2020 - 11:11:51: [adminsounds.smx] 62 sounds loaded
L 07/13/2020 - 11:11:57: [randomcycle.smx] RandomCycle has chosen dod_argentan for the nextmap.
L 07/13/2020 - 11:18:50: [mapchooser.smx] Voting for next map has started.
L 07/13/2020 - 11:22:51: [SM] Changed map to "dod_beer_circus"
L 07/13/2020 - 11:22:51: [SM] Changed map to "dod_beer_circus"
L 07/13/2020 - 11:23:00: -------- Mapchange to dod_beer_circus --------
L 07/13/2020 - 11:23:00: [adminsounds.smx] 62 sounds loaded
L 07/13/2020 - 11:23:10: -------- Mapchange to dod_beer_circus --------
L 07/13/2020 - 11:23:10: [adminsounds.smx] 62 sounds loaded
L 07/13/2020 - 11:23:15: [randomcycle.smx] RandomCycle has chosen dod_colmar for the nextmap.
L 07/13/2020 - 11:30:08: [mapchooser.smx] Voting for next map has started.
L 07/13/2020 - 11:34:09: [SM] Changed map to "dod_sniper_wars_beta"
L 07/13/2020 - 11:34:09: [SM] Changed map to "dod_sniper_wars_beta"
L 07/13/2020 - 11:34:11: -------- Mapchange to dod_sniper_wars_beta --------
L 07/13/2020 - 11:34:11: [adminsounds.smx] 62 sounds loaded
L 07/13/2020 - 11:34:12: -------- Mapchange to dod_sniper_wars_beta --------
L 07/13/2020 - 11:34:12: [adminsounds.smx] 62 sounds loaded
L 07/13/2020 - 11:34:18: [randomcycle.smx] RandomCycle has chosen dod_beer_circus for the nextmap.
L 07/13/2020 - 11:41:11: [mapchooser.smx] Voting for next map has started.
L 07/13/2020 - 11:45:12: [SM] Changed map to "dod_orange_damier_v2"
L 07/13/2020 - 11:45:12: [SM] Changed map to "dod_orange_damier_v2"
L 07/13/2020 - 11:45:13: -------- Mapchange to dod_orange_damier_v2 --------
L 07/13/2020 - 11:45:13: [adminsounds.smx] 62 sounds loaded
L 07/13/2020 - 11:45:15: -------- Mapchange to dod_orange_damier_v2 --------
L 07/13/2020 - 11:45:15: [adminsounds.smx] 62 sounds loaded
L 07/13/2020 - 11:45:20: [randomcycle.smx] RandomCycle has chosen dod_bunky2_modified for the nextmap.
L 07/13/2020 - 11:52:13: [mapchooser.smx] Voting for next map has started.
L 07/13/2020 - 11:56:14: [SM] Changed map to "dod_sewer_rats_b1"
L 07/13/2020 - 11:56:14: [SM] Changed map to "dod_sewer_rats_b1"
L 07/13/2020 - 11:56:16: -------- Mapchange to dod_sewer_rats_b1 --------
L 07/13/2020 - 11:56:16: [adminsounds.smx] 62 sounds loaded
L 07/13/2020 - 11:56:17: -------- Mapchange to dod_sewer_rats_b1 --------
L 07/13/2020 - 11:56:17: [adminsounds.smx] 62 sounds loaded
L 07/13/2020 - 11:56:23: [randomcycle.smx] RandomCycle has chosen dod_orange_damier_v2 for the nextmap.
L 07/13/2020 - 12:03:16: [mapchooser.smx] Voting for next map has started.
L 07/13/2020 - 12:07:17: [SM] Changed map to "mario_air"
L 07/13/2020 - 12:07:17: [SM] Changed map to "mario_air"
L 07/13/2020 - 12:07:18: -------- Mapchange to mario_air --------
L 07/13/2020 - 12:07:18: [adminsounds.smx] 62 sounds loaded
L 07/13/2020 - 12:07:20: -------- Mapchange to mario_air --------
L 07/13/2020 - 12:07:20: [adminsounds.smx] 62 sounds loaded
L 07/13/2020 - 12:07:26: [randomcycle.smx] RandomCycle has chosen dod_avalanche@night for the nextmap.
L 07/13/2020 - 12:14:19: [mapchooser.smx] Voting for next map has started.
L 07/13/2020 - 12:18:20: [SM] Changed map to "dod_orange_sniper"
L 07/13/2020 - 12:18:20: [SM] Changed map to "dod_orange_sniper"
L 07/13/2020 - 12:18:21: -------- Mapchange to dod_orange_sniper --------
L 07/13/2020 - 12:18:21: [adminsounds.smx] 62 sounds loaded
L 07/13/2020 - 12:18:23: -------- Mapchange to dod_orange_sniper --------
L 07/13/2020 - 12:18:23: [adminsounds.smx] 62 sounds loaded
L 07/13/2020 - 12:18:28: [randomcycle.smx] RandomCycle has chosen dod_deux_chateaux_final for the nextmap.
L 07/13/2020 - 12:25:21: [mapchooser.smx] Voting for next map has started.
L 07/13/2020 - 12:29:22: [SM] Changed map to "dod_monopoly_source"
L 07/13/2020 - 12:29:22: [SM] Changed map to "dod_monopoly_source"
L 07/13/2020 - 12:29:23: -------- Mapchange to dod_monopoly_source --------
L 07/13/2020 - 12:29:23: [adminsounds.smx] 62 sounds loaded
L 07/13/2020 - 12:29:25: -------- Mapchange to dod_monopoly_source --------
L 07/13/2020 - 12:29:25: [adminsounds.smx] 62 sounds loaded
L 07/13/2020 - 12:29:31: [randomcycle.smx] RandomCycle has chosen dod_sniperarena_dgs2 for the nextmap.
L 07/13/2020 - 12:36:24: [mapchooser.smx] Voting for next map has started.
L 07/13/2020 - 12:40:25: [SM] Changed map to "dod_mousekitchen_ed"
L 07/13/2020 - 12:40:25: [SM] Changed map to "dod_mousekitchen_ed"
L 07/13/2020 - 12:40:26: -------- Mapchange to dod_mousekitchen_ed --------
L 07/13/2020 - 12:40:26: [adminsounds.smx] 62 sounds loaded
L 07/13/2020 - 12:40:28: -------- Mapchange to dod_mousekitchen_ed --------
L 07/13/2020 - 12:40:28: [adminsounds.smx] 62 sounds loaded
L 07/13/2020 - 12:40:33: [randomcycle.smx] RandomCycle has chosen dod_cdc_rats_rm for the nextmap.
L 07/13/2020 - 12:47:26: [mapchooser.smx] Voting for next map has started.
L 07/13/2020 - 12:51:27: [SM] Changed map to "dod_deux_chateaux_final"
L 07/13/2020 - 12:51:27: [SM] Changed map to "dod_deux_chateaux_final"
L 07/13/2020 - 12:51:29: -------- Mapchange to dod_deux_chateaux_final --------
L 07/13/2020 - 12:51:29: [adminsounds.smx] 62 sounds loaded
L 07/13/2020 - 12:51:31: -------- Mapchange to dod_deux_chateaux_final --------
L 07/13/2020 - 12:51:31: [adminsounds.smx] 62 sounds loaded
L 07/13/2020 - 12:51:36: [randomcycle.smx] RandomCycle has chosen dod_orange_sniper for the nextmap.
L 07/13/2020 - 12:58:29: [mapchooser.smx] Voting for next map has started.
L 07/13/2020 - 13:02:30: [SM] Changed map to "dod_sniperarena_dgs2"
L 07/13/2020 - 13:02:30: [SM] Changed map to "dod_sniperarena_dgs2"
L 07/13/2020 - 13:02:32: -------- Mapchange to dod_sniperarena_dgs2 --------
L 07/13/2020 - 13:02:32: [adminsounds.smx] 62 sounds loaded
L 07/13/2020 - 13:02:34: -------- Mapchange to dod_sniperarena_dgs2 --------
L 07/13/2020 - 13:02:34: [adminsounds.smx] 62 sounds loaded
L 07/13/2020 - 13:02:39: [randomcycle.smx] RandomCycle has chosen dod_monopoly_source for the nextmap.
L 07/13/2020 - 13:09:32: [mapchooser.smx] Voting for next map has started.
L 07/13/2020 - 13:13:33: [SM] Changed map to "dod_football_a"
L 07/13/2020 - 13:13:33: [SM] Changed map to "dod_football_a"
L 07/13/2020 - 13:13:34: -------- Mapchange to dod_football_a --------
L 07/13/2020 - 13:13:35: [adminsounds.smx] 62 sounds loaded
L 07/13/2020 - 13:13:36: -------- Mapchange to dod_football_a --------
L 07/13/2020 - 13:13:37: [adminsounds.smx] 62 sounds loaded
L 07/13/2020 - 13:13:42: [randomcycle.smx] RandomCycle has chosen dod_iceworld_final_[bds]_doc for the nextmap.
L 07/13/2020 - 13:20:35: [mapchooser.smx] Voting for next map has started.
L 07/13/2020 - 13:24:36: [SM] Changed map to "dod_4pyramides"
L 07/13/2020 - 13:24:36: [SM] Changed map to "dod_4pyramides"
L 07/13/2020 - 13:24:37: -------- Mapchange to dod_4pyramides --------
L 07/13/2020 - 13:24:38: [adminsounds.smx] 62 sounds loaded
L 07/13/2020 - 13:24:40: -------- Mapchange to dod_4pyramides --------
L 07/13/2020 - 13:24:40: [adminsounds.smx] 62 sounds loaded
L 07/13/2020 - 13:24:45: [randomcycle.smx] RandomCycle has chosen dod_orange_wallhack for the nextmap.
L 07/13/2020 - 13:31:38: [mapchooser.smx] Voting for next map has started.
L 07/13/2020 - 13:35:39: [SM] Changed map to "dod_anzio"
L 07/13/2020 - 13:35:39: [SM] Changed map to "dod_anzio"
L 07/13/2020 - 13:35:41: -------- Mapchange to dod_anzio --------
L 07/13/2020 - 13:35:41: [adminsounds.smx] 62 sounds loaded
L 07/13/2020 - 13:35:43: -------- Mapchange to dod_anzio --------
L 07/13/2020 - 13:35:43: [adminsounds.smx] 62 sounds loaded
L 07/13/2020 - 13:35:49: [randomcycle.smx] RandomCycle has chosen dod_sniper_killbox_v2 for the nextmap.
L 07/13/2020 - 13:42:42: [mapchooser.smx] Voting for next map has started.
L 07/13/2020 - 13:46:43: [SM] Changed map to "dod_orange_wallhack"
L 07/13/2020 - 13:46:43: [SM] Changed map to "dod_orange_wallhack"
L 07/13/2020 - 13:46:44: -------- Mapchange to dod_orange_wallhack --------
L 07/13/2020 - 13:46:44: [adminsounds.smx] 62 sounds loaded
L 07/13/2020 - 13:46:46: -------- Mapchange to dod_orange_wallhack --------
L 07/13/2020 - 13:46:46: [adminsounds.smx] 62 sounds loaded
L 07/13/2020 - 13:46:52: [randomcycle.smx] RandomCycle has chosen dod_argentan for the nextmap.
L 07/13/2020 - 13:53:45: [mapchooser.smx] Voting for next map has started.
L 07/13/2020 - 13:57:46: [SM] Changed map to "dod_orange_castel_evolution"
L 07/13/2020 - 13:57:46: [SM] Changed map to "dod_orange_castel_evolution"
L 07/13/2020 - 13:57:47: -------- Mapchange to dod_orange_castel_evolution --------
L 07/13/2020 - 13:57:47: [adminsounds.smx] 62 sounds loaded
L 07/13/2020 - 13:57:49: -------- Mapchange to dod_orange_castel_evolution --------
L 07/13/2020 - 13:57:49: [adminsounds.smx] 62 sounds loaded
L 07/13/2020 - 13:57:55: [randomcycle.smx] RandomCycle has chosen acc_labice for the nextmap.
L 07/13/2020 - 14:04:48: [mapchooser.smx] Voting for next map has started.
L 07/13/2020 - 14:08:49: [SM] Changed map to "dod_jagd"
L 07/13/2020 - 14:08:49: [SM] Changed map to "dod_jagd"
L 07/13/2020 - 14:08:51: -------- Mapchange to dod_jagd --------
L 07/13/2020 - 14:08:52: [adminsounds.smx] 62 sounds loaded
L 07/13/2020 - 14:08:54: -------- Mapchange to dod_jagd --------
L 07/13/2020 - 14:08:55: [adminsounds.smx] 62 sounds loaded
L 07/13/2020 - 14:09:00: [randomcycle.smx] RandomCycle has chosen dod_4pyramides for the nextmap.
L 07/13/2020 - 14:15:53: [mapchooser.smx] Voting for next map has started.
L 07/13/2020 - 14:19:54: [SM] Changed map to "dod_aimap_b1"
L 07/13/2020 - 14:19:54: [SM] Changed map to "dod_aimap_b1"
L 07/13/2020 - 14:19:55: -------- Mapchange to dod_aimap_b1 --------
L 07/13/2020 - 14:19:56: [adminsounds.smx] 62 sounds loaded
L 07/13/2020 - 14:19:58: -------- Mapchange to dod_aimap_b1 --------
L 07/13/2020 - 14:19:58: [adminsounds.smx] 62 sounds loaded
L 07/13/2020 - 14:20:03: [randomcycle.smx] RandomCycle has chosen dod_sniper_wars_beta for the nextmap.
L 07/13/2020 - 14:26:56: [mapchooser.smx] Voting for next map has started.
L 07/13/2020 - 14:30:57: [SM] Changed map to "dod_dli_football_b1"
L 07/13/2020 - 14:30:57: [SM] Changed map to "dod_dli_football_b1"
L 07/13/2020 - 14:30:59: -------- Mapchange to dod_dli_football_b1 --------
L 07/13/2020 - 14:30:59: [adminsounds.smx] 62 sounds loaded
L 07/13/2020 - 14:31:01: -------- Mapchange to dod_dli_football_b1 --------
L 07/13/2020 - 14:31:01: [adminsounds.smx] 62 sounds loaded
L 07/13/2020 - 14:31:06: [randomcycle.smx] RandomCycle has chosen dod_sucette_v3 for the nextmap.
L 07/13/2020 - 14:37:59: [mapchooser.smx] Voting for next map has started.
L 07/13/2020 - 14:42:00: [SM] Changed map to "dod_sucette_v3"
L 07/13/2020 - 14:42:00: [SM] Changed map to "dod_sucette_v3"
L 07/13/2020 - 14:42:02: -------- Mapchange to dod_sucette_v3 --------
L 07/13/2020 - 14:42:02: [adminsounds.smx] 62 sounds loaded
L 07/13/2020 - 14:42:04: -------- Mapchange to dod_sucette_v3 --------
L 07/13/2020 - 14:42:04: [adminsounds.smx] 62 sounds loaded
L 07/13/2020 - 14:42:09: [randomcycle.smx] RandomCycle has chosen dod_donner for the nextmap.
L 07/13/2020 - 14:49:02: [mapchooser.smx] Voting for next map has started.
L 07/13/2020 - 14:53:03: [SM] Changed map to "babyfight_arena"
L 07/13/2020 - 14:53:03: [SM] Changed map to "babyfight_arena"
L 07/13/2020 - 14:53:05: -------- Mapchange to babyfight_arena --------
L 07/13/2020 - 14:53:05: [adminsounds.smx] 62 sounds loaded
L 07/13/2020 - 14:53:07: -------- Mapchange to babyfight_arena --------
L 07/13/2020 - 14:53:07: [adminsounds.smx] 62 sounds loaded
L 07/13/2020 - 14:53:12: [randomcycle.smx] RandomCycle has chosen dod_aimap_b1 for the nextmap.
L 07/13/2020 - 15:00:05: [mapchooser.smx] Voting for next map has started.
L 07/13/2020 - 15:04:06: [SM] Changed map to "dod_argentan"
L 07/13/2020 - 15:04:06: [SM] Changed map to "dod_argentan"
L 07/13/2020 - 15:04:08: -------- Mapchange to dod_argentan --------
L 07/13/2020 - 15:04:08: [adminsounds.smx] 62 sounds loaded
L 07/13/2020 - 15:04:10: -------- Mapchange to dod_argentan --------
L 07/13/2020 - 15:04:11: [adminsounds.smx] 62 sounds loaded
L 07/13/2020 - 15:04:16: [randomcycle.smx] RandomCycle has chosen dod_kalt for the nextmap.
L 07/13/2020 - 15:11:09: [mapchooser.smx] Voting for next map has started.
L 07/13/2020 - 15:15:10: [SM] Changed map to "dod_anzio"
L 07/13/2020 - 15:15:10: [SM] Changed map to "dod_anzio"
L 07/13/2020 - 15:15:12: -------- Mapchange to dod_anzio --------
L 07/13/2020 - 15:15:12: [adminsounds.smx] 62 sounds loaded
L 07/13/2020 - 15:15:15: -------- Mapchange to dod_anzio --------
L 07/13/2020 - 15:15:15: [adminsounds.smx] 62 sounds loaded
L 07/13/2020 - 15:15:20: [randomcycle.smx] RandomCycle has chosen dod_deux_chateaux_final for the nextmap.
L 07/13/2020 - 15:22:13: [mapchooser.smx] Voting for next map has started.
L 07/13/2020 - 15:26:14: [SM] Changed map to "dod_kalt"
L 07/13/2020 - 15:26:14: [SM] Changed map to "dod_kalt"
L 07/13/2020 - 15:26:16: -------- Mapchange to dod_kalt --------
L 07/13/2020 - 15:26:16: [adminsounds.smx] 62 sounds loaded
L 07/13/2020 - 15:26:19: -------- Mapchange to dod_kalt --------
L 07/13/2020 - 15:26:19: [adminsounds.smx] 62 sounds loaded
L 07/13/2020 - 15:26:25: [randomcycle.smx] RandomCycle has chosen dod_risk_b9 for the nextmap.
L 07/13/2020 - 15:33:18: [mapchooser.smx] Voting for next map has started.
L 07/13/2020 - 15:37:19: [SM] Changed map to "dod_orange_sniper"
L 07/13/2020 - 15:37:19: [SM] Changed map to "dod_orange_sniper"
L 07/13/2020 - 15:37:20: -------- Mapchange to dod_orange_sniper --------
L 07/13/2020 - 15:37:20: [adminsounds.smx] 62 sounds loaded
L 07/13/2020 - 15:37:22: -------- Mapchange to dod_orange_sniper --------
L 07/13/2020 - 15:37:22: [adminsounds.smx] 62 sounds loaded
L 07/13/2020 - 15:37:28: [randomcycle.smx] RandomCycle has chosen dod_sand_rats_2006 for the nextmap.
L 07/13/2020 - 15:44:21: [mapchooser.smx] Voting for next map has started.
L 07/13/2020 - 15:48:22: [SM] Changed map to "dod_sand_rats_2006"
L 07/13/2020 - 15:48:22: [SM] Changed map to "dod_sand_rats_2006"
L 07/13/2020 - 15:48:24: -------- Mapchange to dod_sand_rats_2006 --------
L 07/13/2020 - 15:48:24: [adminsounds.smx] 62 sounds loaded
L 07/13/2020 - 15:48:26: -------- Mapchange to dod_sand_rats_2006 --------
L 07/13/2020 - 15:48:26: [adminsounds.smx] 62 sounds loaded
L 07/13/2020 - 15:48:32: [randomcycle.smx] RandomCycle has chosen dod_anzio for the nextmap.
L 07/13/2020 - 15:55:25: [mapchooser.smx] Voting for next map has started.
L 07/13/2020 - 15:59:26: [SM] Changed map to "dod_solitude_rats"
L 07/13/2020 - 15:59:26: [SM] Changed map to "dod_solitude_rats"
L 07/13/2020 - 15:59:27: -------- Mapchange to dod_solitude_rats --------
L 07/13/2020 - 15:59:27: [adminsounds.smx] 62 sounds loaded
L 07/13/2020 - 15:59:30: -------- Mapchange to dod_solitude_rats --------
L 07/13/2020 - 15:59:30: [adminsounds.smx] 62 sounds loaded
L 07/13/2020 - 15:59:35: [randomcycle.smx] RandomCycle has chosen dod_monopoly_source for the nextmap.
L 07/13/2020 - 16:06:28: [mapchooser.smx] Voting for next map has started.
L 07/13/2020 - 16:10:29: [SM] Changed map to "dod_orange_castel_evolution"
L 07/13/2020 - 16:10:29: [SM] Changed map to "dod_orange_castel_evolution"
L 07/13/2020 - 16:10:31: -------- Mapchange to dod_orange_castel_evolution --------
L 07/13/2020 - 16:10:31: [adminsounds.smx] 62 sounds loaded
L 07/13/2020 - 16:10:33: -------- Mapchange to dod_orange_castel_evolution --------
L 07/13/2020 - 16:10:33: [adminsounds.smx] 62 sounds loaded
L 07/13/2020 - 16:10:38: [randomcycle.smx] RandomCycle has chosen dod_mousekitchen_ed for the nextmap.
L 07/13/2020 - 16:17:32: [mapchooser.smx] Voting for next map has started.
L 07/13/2020 - 16:21:33: [SM] Changed map to "dod_bunky2_modified"
L 07/13/2020 - 16:21:33: [SM] Changed map to "dod_bunky2_modified"
L 07/13/2020 - 16:21:34: -------- Mapchange to dod_bunky2_modified --------
L 07/13/2020 - 16:21:34: [adminsounds.smx] 62 sounds loaded
L 07/13/2020 - 16:21:36: -------- Mapchange to dod_bunky2_modified --------
L 07/13/2020 - 16:21:36: [adminsounds.smx] 62 sounds loaded
L 07/13/2020 - 16:21:42: [randomcycle.smx] RandomCycle has chosen dod_flash for the nextmap.
L 07/13/2020 - 16:28:35: [mapchooser.smx] Voting for next map has started.
L 07/13/2020 - 16:32:36: [SM] Changed map to "dod_sniper_killbox_v2"
L 07/13/2020 - 16:32:36: [SM] Changed map to "dod_sniper_killbox_v2"
L 07/13/2020 - 16:32:37: -------- Mapchange to dod_sniper_killbox_v2 --------
L 07/13/2020 - 16:32:38: [adminsounds.smx] 62 sounds loaded
L 07/13/2020 - 16:32:40: -------- Mapchange to dod_sniper_killbox_v2 --------
L 07/13/2020 - 16:32:40: [adminsounds.smx] 62 sounds loaded
L 07/13/2020 - 16:32:45: [randomcycle.smx] RandomCycle has chosen cdcmarijuana! for the nextmap.
L 07/13/2020 - 16:39:38: [mapchooser.smx] Voting for next map has started.
L 07/13/2020 - 16:43:39: [SM] Changed map to "acc_labice"
L 07/13/2020 - 16:43:39: [SM] Changed map to "acc_labice"
L 07/13/2020 - 16:43:41: -------- Mapchange to acc_labice --------
L 07/13/2020 - 16:43:41: [adminsounds.smx] 62 sounds loaded
L 07/13/2020 - 16:43:43: -------- Mapchange to acc_labice --------
L 07/13/2020 - 16:43:43: [adminsounds.smx] 62 sounds loaded
L 07/13/2020 - 16:43:49: [randomcycle.smx] RandomCycle has chosen dod_argentan for the nextmap.
L 07/13/2020 - 16:50:42: [mapchooser.smx] Voting for next map has started.
L 07/13/2020 - 16:54:43: [SM] Changed map to "dod_aimap_b1"
L 07/13/2020 - 16:54:43: [SM] Changed map to "dod_aimap_b1"
L 07/13/2020 - 16:54:44: -------- Mapchange to dod_aimap_b1 --------
L 07/13/2020 - 16:54:44: [adminsounds.smx] 62 sounds loaded
L 07/13/2020 - 16:54:47: -------- Mapchange to dod_aimap_b1 --------
L 07/13/2020 - 16:54:47: [adminsounds.smx] 62 sounds loaded
L 07/13/2020 - 16:54:52: [randomcycle.smx] RandomCycle has chosen dod_sewer_rats_b1 for the nextmap.
L 07/13/2020 - 17:01:45: [mapchooser.smx] Voting for next map has started.
L 07/13/2020 - 17:05:46: [SM] Changed map to "dod_avalanche"
L 07/13/2020 - 17:05:46: [SM] Changed map to "dod_avalanche"
L 07/13/2020 - 17:05:48: -------- Mapchange to dod_avalanche --------
L 07/13/2020 - 17:05:48: [adminsounds.smx] 62 sounds loaded
L 07/13/2020 - 17:05:51: -------- Mapchange to dod_avalanche --------
L 07/13/2020 - 17:05:51: [adminsounds.smx] 62 sounds loaded
L 07/13/2020 - 17:05:57: [randomcycle.smx] RandomCycle has chosen dod_orange_damier_v2 for the nextmap.
L 07/13/2020 - 17:12:50: [mapchooser.smx] Voting for next map has started.
L 07/13/2020 - 17:16:51: [SM] Changed map to "dod_risk_b9"
L 07/13/2020 - 17:16:51: [SM] Changed map to "dod_risk_b9"
L 07/13/2020 - 17:16:54: -------- Mapchange to dod_risk_b9 --------
L 07/13/2020 - 17:16:54: [adminsounds.smx] 62 sounds loaded
L 07/13/2020 - 17:16:58: -------- Mapchange to dod_risk_b9 --------
L 07/13/2020 - 17:16:58: [adminsounds.smx] 62 sounds loaded
L 07/13/2020 - 17:17:03: [randomcycle.smx] RandomCycle has chosen dod_sniper_killbox_v2 for the nextmap.
L 07/13/2020 - 17:23:56: [mapchooser.smx] Voting for next map has started.
L 07/13/2020 - 17:27:57: [SM] Changed map to "dod_orange_castel_evolution"
L 07/13/2020 - 17:27:57: [SM] Changed map to "dod_orange_castel_evolution"
L 07/13/2020 - 17:27:59: -------- Mapchange to dod_orange_castel_evolution --------
L 07/13/2020 - 17:27:59: [adminsounds.smx] 62 sounds loaded
L 07/13/2020 - 17:28:01: -------- Mapchange to dod_orange_castel_evolution --------
L 07/13/2020 - 17:28:01: [adminsounds.smx] 62 sounds loaded
L 07/13/2020 - 17:28:07: [randomcycle.smx] RandomCycle has chosen dod_chocolate_fight_arena for the nextmap.
L 07/13/2020 - 17:35:00: [mapchooser.smx] Voting for next map has started.
L 07/13/2020 - 17:39:01: [SM] Changed map to "dod_cdc_rats_rm"
L 07/13/2020 - 17:39:01: [SM] Changed map to "dod_cdc_rats_rm"
L 07/13/2020 - 17:39:02: -------- Mapchange to dod_cdc_rats_rm --------
L 07/13/2020 - 17:39:02: [adminsounds.smx] 62 sounds loaded
L 07/13/2020 - 17:39:04: -------- Mapchange to dod_cdc_rats_rm --------
L 07/13/2020 - 17:39:05: [adminsounds.smx] 62 sounds loaded
L 07/13/2020 - 17:39:10: [randomcycle.smx] RandomCycle has chosen dod_orange_cancrelats for the nextmap.
L 07/13/2020 - 17:46:03: [mapchooser.smx] Voting for next map has started.
L 07/13/2020 - 17:50:04: [SM] Changed map to "dod_sniperarena_dgs2"
L 07/13/2020 - 17:50:04: [SM] Changed map to "dod_sniperarena_dgs2"
L 07/13/2020 - 17:50:06: -------- Mapchange to dod_sniperarena_dgs2 --------
L 07/13/2020 - 17:50:06: [adminsounds.smx] 62 sounds loaded
L 07/13/2020 - 17:50:08: -------- Mapchange to dod_sniperarena_dgs2 --------
L 07/13/2020 - 17:50:08: [adminsounds.smx] 62 sounds loaded
L 07/13/2020 - 17:50:14: [randomcycle.smx] RandomCycle has chosen dod_bunky2_modified for the nextmap.
L 07/13/2020 - 17:57:07: [mapchooser.smx] Voting for next map has started.
L 07/13/2020 - 18:01:08: [SM] Changed map to "dod_dli_football_b1"
L 07/13/2020 - 18:01:08: [SM] Changed map to "dod_dli_football_b1"
L 07/13/2020 - 18:01:09: -------- Mapchange to dod_dli_football_b1 --------
L 07/13/2020 - 18:01:09: [adminsounds.smx] 62 sounds loaded
L 07/13/2020 - 18:01:12: -------- Mapchange to dod_dli_football_b1 --------
L 07/13/2020 - 18:01:12: [adminsounds.smx] 62 sounds loaded
L 07/13/2020 - 18:01:17: [randomcycle.smx] RandomCycle has chosen dod_dli_football_b1 for the nextmap.
L 07/13/2020 - 18:08:10: [mapchooser.smx] Voting for next map has started.
L 07/13/2020 - 18:12:11: [SM] Changed map to "dod_orange_damier_v2"
L 07/13/2020 - 18:12:11: [SM] Changed map to "dod_orange_damier_v2"
L 07/13/2020 - 18:12:13: -------- Mapchange to dod_orange_damier_v2 --------
L 07/13/2020 - 18:12:13: [adminsounds.smx] 62 sounds loaded
L 07/13/2020 - 18:12:15: -------- Mapchange to dod_orange_damier_v2 --------
L 07/13/2020 - 18:12:15: [adminsounds.smx] 62 sounds loaded
L 07/13/2020 - 18:12:21: [randomcycle.smx] RandomCycle has chosen dod_beer_circus for the nextmap.
L 07/13/2020 - 18:19:14: [mapchooser.smx] Voting for next map has started.
L 07/13/2020 - 18:23:15: [SM] Changed map to "dod_sniper_wars_beta"
L 07/13/2020 - 18:23:15: [SM] Changed map to "dod_sniper_wars_beta"
L 07/13/2020 - 18:23:17: -------- Mapchange to dod_sniper_wars_beta --------
L 07/13/2020 - 18:23:17: [adminsounds.smx] 62 sounds loaded
L 07/13/2020 - 18:23:19: -------- Mapchange to dod_sniper_wars_beta --------
L 07/13/2020 - 18:23:19: [adminsounds.smx] 62 sounds loaded
L 07/13/2020 - 18:23:25: [randomcycle.smx] RandomCycle has chosen dod_orange_wallhack for the nextmap.
L 07/13/2020 - 18:30:18: [mapchooser.smx] Voting for next map has started.
L 07/13/2020 - 18:34:19: [SM] Changed map to "dod_bunky2_modified"
L 07/13/2020 - 18:34:19: [SM] Changed map to "dod_bunky2_modified"
L 07/13/2020 - 18:34:21: -------- Mapchange to dod_bunky2_modified --------
L 07/13/2020 - 18:34:21: [adminsounds.smx] 62 sounds loaded
L 07/13/2020 - 18:34:23: -------- Mapchange to dod_bunky2_modified --------
L 07/13/2020 - 18:34:23: [adminsounds.smx] 62 sounds loaded
L 07/13/2020 - 18:34:29: [randomcycle.smx] RandomCycle has chosen dod_iceworld_final_[bds]_doc for the nextmap.
L 07/13/2020 - 18:41:22: [mapchooser.smx] Voting for next map has started.
L 07/13/2020 - 18:45:23: [SM] Changed map to "dod_sniperarena_dgs2"
L 07/13/2020 - 18:45:23: [SM] Changed map to "dod_sniperarena_dgs2"
L 07/13/2020 - 18:45:24: -------- Mapchange to dod_sniperarena_dgs2 --------
L 07/13/2020 - 18:45:24: [adminsounds.smx] 62 sounds loaded
L 07/13/2020 - 18:45:27: -------- Mapchange to dod_sniperarena_dgs2 --------
L 07/13/2020 - 18:45:27: [adminsounds.smx] 62 sounds loaded
L 07/13/2020 - 18:45:33: [randomcycle.smx] RandomCycle has chosen sniperzone for the nextmap.
L 07/13/2020 - 18:52:26: [mapchooser.smx] Voting for next map has started.
L 07/13/2020 - 18:56:27: [SM] Changed map to "dod_monopoly_source"
L 07/13/2020 - 18:56:27: [SM] Changed map to "dod_monopoly_source"
L 07/13/2020 - 18:56:28: -------- Mapchange to dod_monopoly_source --------
L 07/13/2020 - 18:56:28: [adminsounds.smx] 62 sounds loaded
L 07/13/2020 - 18:56:31: -------- Mapchange to dod_monopoly_source --------
L 07/13/2020 - 18:56:31: [adminsounds.smx] 62 sounds loaded
L 07/13/2020 - 18:56:36: [randomcycle.smx] RandomCycle has chosen dod_deux_chateaux_final for the nextmap.
L 07/13/2020 - 19:03:29: [mapchooser.smx] Voting for next map has started.
L 07/13/2020 - 19:07:31: [SM] Changed map to "dod_bigbunky_v4"
L 07/13/2020 - 19:07:31: [SM] Changed map to "dod_bigbunky_v4"
L 07/13/2020 - 19:07:32: -------- Mapchange to dod_bigbunky_v4 --------
L 07/13/2020 - 19:07:32: [adminsounds.smx] 62 sounds loaded
L 07/13/2020 - 19:07:35: -------- Mapchange to dod_bigbunky_v4 --------
L 07/13/2020 - 19:07:35: [adminsounds.smx] 62 sounds loaded
L 07/13/2020 - 19:07:40: [randomcycle.smx] RandomCycle has chosen dod_sewer_rats_b1 for the nextmap.
L 07/13/2020 - 19:14:34: [mapchooser.smx] Voting for next map has started.
L 07/13/2020 - 19:18:35: [SM] Changed map to "dod_cdc_rats_rm"
L 07/13/2020 - 19:18:35: [SM] Changed map to "dod_cdc_rats_rm"
L 07/13/2020 - 19:18:36: -------- Mapchange to dod_cdc_rats_rm --------
L 07/13/2020 - 19:18:36: [adminsounds.smx] 62 sounds loaded
L 07/13/2020 - 19:18:38: -------- Mapchange to dod_cdc_rats_rm --------
L 07/13/2020 - 19:18:39: [adminsounds.smx] 62 sounds loaded
L 07/13/2020 - 19:18:44: [randomcycle.smx] RandomCycle has chosen dod_monopoly_source for the nextmap.
L 07/13/2020 - 19:25:37: [mapchooser.smx] Voting for next map has started.
L 07/13/2020 - 19:29:38: [SM] Changed map to "dod_legoland_b2"
L 07/13/2020 - 19:29:38: [SM] Changed map to "dod_legoland_b2"
L 07/13/2020 - 19:29:40: -------- Mapchange to dod_legoland_b2 --------
L 07/13/2020 - 19:29:40: [adminsounds.smx] 62 sounds loaded
L 07/13/2020 - 19:29:43: -------- Mapchange to dod_legoland_b2 --------
L 07/13/2020 - 19:29:43: [adminsounds.smx] 62 sounds loaded
L 07/13/2020 - 19:29:48: [randomcycle.smx] RandomCycle has chosen dod_donner for the nextmap.
L 07/13/2020 - 19:36:41: [mapchooser.smx] Voting for next map has started.
L 07/13/2020 - 19:40:42: [SM] Changed map to "dod_avalanche"
L 07/13/2020 - 19:40:42: [SM] Changed map to "dod_avalanche"
L 07/13/2020 - 19:40:44: -------- Mapchange to dod_avalanche --------
L 07/13/2020 - 19:40:45: [adminsounds.smx] 62 sounds loaded
L 07/13/2020 - 19:40:47: -------- Mapchange to dod_avalanche --------
L 07/13/2020 - 19:40:47: [adminsounds.smx] 62 sounds loaded
L 07/13/2020 - 19:40:53: [randomcycle.smx] RandomCycle has chosen acc_labice for the nextmap.
L 07/13/2020 - 19:47:46: [mapchooser.smx] Voting for next map has started.
L 07/13/2020 - 19:51:47: [SM] Changed map to "dod_oasis_v1a"
L 07/13/2020 - 19:51:47: [SM] Changed map to "dod_oasis_v1a"
L 07/13/2020 - 19:51:49: -------- Mapchange to dod_oasis_v1a --------
L 07/13/2020 - 19:51:49: [adminsounds.smx] 62 sounds loaded
L 07/13/2020 - 19:51:52: -------- Mapchange to dod_oasis_v1a --------
L 07/13/2020 - 19:51:52: [adminsounds.smx] 62 sounds loaded
L 07/13/2020 - 19:51:57: [randomcycle.smx] RandomCycle has chosen dod_colmar for the nextmap.
L 07/13/2020 - 19:58:50: [mapchooser.smx] Voting for next map has started.
L 07/13/2020 - 20:02:51: [SM] Changed map to "dod_risk_b9"
L 07/13/2020 - 20:02:51: [SM] Changed map to "dod_risk_b9"
L 07/13/2020 - 20:02:55: -------- Mapchange to dod_risk_b9 --------
L 07/13/2020 - 20:02:55: [adminsounds.smx] 62 sounds loaded
L 07/13/2020 - 20:02:59: -------- Mapchange to dod_risk_b9 --------
L 07/13/2020 - 20:02:59: [adminsounds.smx] 62 sounds loaded
L 07/13/2020 - 20:03:04: [randomcycle.smx] RandomCycle has chosen dod_sniper_wars_beta for the nextmap.
L 07/13/2020 - 20:09:57: [mapchooser.smx] Voting for next map has started.
L 07/13/2020 - 20:13:59: [SM] Changed map to "dod_sniper_killbox_v2"
L 07/13/2020 - 20:13:59: [SM] Changed map to "dod_sniper_killbox_v2"
L 07/13/2020 - 20:14:00: -------- Mapchange to dod_sniper_killbox_v2 --------
L 07/13/2020 - 20:14:00: [adminsounds.smx] 62 sounds loaded
L 07/13/2020 - 20:14:03: -------- Mapchange to dod_sniper_killbox_v2 --------
L 07/13/2020 - 20:14:03: [adminsounds.smx] 62 sounds loaded
L 07/13/2020 - 20:14:09: [randomcycle.smx] RandomCycle has chosen dod_dust2_snow_xmas for the nextmap.
L 07/13/2020 - 20:21:02: [mapchooser.smx] Voting for next map has started.
L 07/13/2020 - 20:25:03: [SM] Changed map to "dod_football_a"
L 07/13/2020 - 20:25:03: [SM] Changed map to "dod_football_a"
L 07/13/2020 - 20:25:04: -------- Mapchange to dod_football_a --------
L 07/13/2020 - 20:25:04: [adminsounds.smx] 62 sounds loaded
L 07/13/2020 - 20:25:07: -------- Mapchange to dod_football_a --------
L 07/13/2020 - 20:25:07: [adminsounds.smx] 62 sounds loaded
L 07/13/2020 - 20:25:13: [randomcycle.smx] RandomCycle has chosen dod_risk_b9 for the nextmap.
L 07/13/2020 - 20:32:06: [mapchooser.smx] Voting for next map has started.
L 07/13/2020 - 20:36:07: [SM] Changed map to "dod_sniperarena_dgs2"
L 07/13/2020 - 20:36:07: [SM] Changed map to "dod_sniperarena_dgs2"
L 07/13/2020 - 20:36:08: -------- Mapchange to dod_sniperarena_dgs2 --------
L 07/13/2020 - 20:36:08: [adminsounds.smx] 62 sounds loaded
L 07/13/2020 - 20:36:11: -------- Mapchange to dod_sniperarena_dgs2 --------
L 07/13/2020 - 20:36:11: [adminsounds.smx] 62 sounds loaded
L 07/13/2020 - 20:36:17: [randomcycle.smx] RandomCycle has chosen dod_beer_circus for the nextmap.
L 07/13/2020 - 20:43:10: [mapchooser.smx] Voting for next map has started.
L 07/13/2020 - 20:47:11: [SM] Changed map to "dod_kalt"
L 07/13/2020 - 20:47:11: [SM] Changed map to "dod_kalt"
L 07/13/2020 - 20:47:13: -------- Mapchange to dod_kalt --------
L 07/13/2020 - 20:47:13: [adminsounds.smx] 62 sounds loaded
L 07/13/2020 - 20:47:16: -------- Mapchange to dod_kalt --------
L 07/13/2020 - 20:47:16: [adminsounds.smx] 62 sounds loaded
L 07/13/2020 - 20:47:22: [randomcycle.smx] RandomCycle has chosen dod_orange_damier_v2 for the nextmap.
L 07/13/2020 - 20:54:15: [mapchooser.smx] Voting for next map has started.
L 07/13/2020 - 20:58:16: [SM] Changed map to "dod_monopoly_source"
L 07/13/2020 - 20:58:16: [SM] Changed map to "dod_monopoly_source"
L 07/13/2020 - 20:58:18: -------- Mapchange to dod_monopoly_source --------
L 07/13/2020 - 20:58:18: [adminsounds.smx] 62 sounds loaded
L 07/13/2020 - 20:58:20: -------- Mapchange to dod_monopoly_source --------
L 07/13/2020 - 20:58:20: [adminsounds.smx] 62 sounds loaded
L 07/13/2020 - 20:58:26: [randomcycle.smx] RandomCycle has chosen dod_solitude_rats for the nextmap.
L 07/13/2020 - 21:05:19: [mapchooser.smx] Voting for next map has started.
L 07/13/2020 - 21:09:20: [SM] Changed map to "dod_sniper_wars_beta"
L 07/13/2020 - 21:09:20: [SM] Changed map to "dod_sniper_wars_beta"
L 07/13/2020 - 21:09:22: -------- Mapchange to dod_sniper_wars_beta --------
L 07/13/2020 - 21:09:22: [adminsounds.smx] 62 sounds loaded
L 07/13/2020 - 21:09:25: -------- Mapchange to dod_sniper_wars_beta --------
L 07/13/2020 - 21:09:25: [adminsounds.smx] 62 sounds loaded
L 07/13/2020 - 21:09:30: [randomcycle.smx] RandomCycle has chosen dod_oasis_v1a for the nextmap.
L 07/13/2020 - 21:16:23: [mapchooser.smx] Voting for next map has started.
L 07/13/2020 - 21:20:24: [SM] Changed map to "dod_sewer_rats_b1"
L 07/13/2020 - 21:20:25: [SM] Changed map to "dod_sewer_rats_b1"
L 07/13/2020 - 21:20:26: -------- Mapchange to dod_sewer_rats_b1 --------
L 07/13/2020 - 21:20:26: [adminsounds.smx] 62 sounds loaded
L 07/13/2020 - 21:20:29: -------- Mapchange to dod_sewer_rats_b1 --------
L 07/13/2020 - 21:20:29: [adminsounds.smx] 62 sounds loaded
L 07/13/2020 - 21:20:35: [randomcycle.smx] RandomCycle has chosen dod_murky_p2 for the nextmap.
L 07/13/2020 - 21:27:28: [mapchooser.smx] Voting for next map has started.
L 07/13/2020 - 21:31:29: [SM] Changed map to "dod_jagd"
L 07/13/2020 - 21:31:29: [SM] Changed map to "dod_jagd"
L 07/13/2020 - 21:31:32: -------- Mapchange to dod_jagd --------
L 07/13/2020 - 21:31:32: [adminsounds.smx] 62 sounds loaded
L 07/13/2020 - 21:31:36: -------- Mapchange to dod_jagd --------
L 07/13/2020 - 21:31:36: [adminsounds.smx] 62 sounds loaded
L 07/13/2020 - 21:31:41: [randomcycle.smx] RandomCycle has chosen dod_orange_wallhack for the nextmap.
L 07/13/2020 - 21:38:35: [mapchooser.smx] Voting for next map has started.
L 07/13/2020 - 21:42:36: [SM] Changed map to "dod_dust2_snow_xmas"
L 07/13/2020 - 21:42:36: [SM] Changed map to "dod_dust2_snow_xmas"
L 07/13/2020 - 21:42:37: -------- Mapchange to dod_dust2_snow_xmas --------
L 07/13/2020 - 21:42:37: [adminsounds.smx] 62 sounds loaded
L 07/13/2020 - 21:42:40: -------- Mapchange to dod_dust2_snow_xmas --------
L 07/13/2020 - 21:42:40: [adminsounds.smx] 62 sounds loaded
L 07/13/2020 - 21:42:46: [randomcycle.smx] RandomCycle has chosen dod_cdc_rats_rm for the nextmap.
L 07/13/2020 - 21:49:39: [mapchooser.smx] Voting for next map has started.
L 07/13/2020 - 21:53:40: [SM] Changed map to "dod_avalanche@night"
L 07/13/2020 - 21:53:40: [SM] Changed map to "dod_avalanche@night"
L 07/13/2020 - 21:53:42: -------- Mapchange to dod_avalanche@night --------
L 07/13/2020 - 21:53:42: [adminsounds.smx] 62 sounds loaded
L 07/13/2020 - 21:53:45: -------- Mapchange to dod_avalanche@night --------
L 07/13/2020 - 21:53:45: [adminsounds.smx] 62 sounds loaded
L 07/13/2020 - 21:53:51: [randomcycle.smx] RandomCycle has chosen dod_sand_rats_2006 for the nextmap.
L 07/13/2020 - 22:00:44: [mapchooser.smx] Voting for next map has started.
L 07/13/2020 - 22:04:45: [SM] Changed map to "dod_beer_circus"
L 07/13/2020 - 22:04:45: [SM] Changed map to "dod_beer_circus"
L 07/13/2020 - 22:04:55: -------- Mapchange to dod_beer_circus --------
L 07/13/2020 - 22:04:55: [adminsounds.smx] 62 sounds loaded
L 07/13/2020 - 22:05:06: -------- Mapchange to dod_beer_circus --------
L 07/13/2020 - 22:05:06: [adminsounds.smx] 62 sounds loaded
L 07/13/2020 - 22:05:12: [randomcycle.smx] RandomCycle has chosen dod_orange_bridges for the nextmap.
L 07/13/2020 - 22:12:05: [mapchooser.smx] Voting for next map has started.
L 07/13/2020 - 22:16:06: [SM] Changed map to "dod_orange_cancrelats"
L 07/13/2020 - 22:16:06: [SM] Changed map to "dod_orange_cancrelats"
L 07/13/2020 - 22:16:07: -------- Mapchange to dod_orange_cancrelats --------
L 07/13/2020 - 22:16:08: [adminsounds.smx] 62 sounds loaded
L 07/13/2020 - 22:16:10: -------- Mapchange to dod_orange_cancrelats --------
L 07/13/2020 - 22:16:10: [adminsounds.smx] 62 sounds loaded
L 07/13/2020 - 22:16:16: [randomcycle.smx] RandomCycle has chosen dod_sewer_rats_b1 for the nextmap.
L 07/13/2020 - 22:23:09: [mapchooser.smx] Voting for next map has started.
L 07/13/2020 - 22:27:10: [SM] Changed map to "dod_colmar"
L 07/13/2020 - 22:27:10: [SM] Changed map to "dod_colmar"
L 07/13/2020 - 22:27:13: -------- Mapchange to dod_colmar --------
L 07/13/2020 - 22:27:13: [adminsounds.smx] 62 sounds loaded
L 07/13/2020 - 22:27:16: -------- Mapchange to dod_colmar --------
L 07/13/2020 - 22:27:16: [adminsounds.smx] 62 sounds loaded
L 07/13/2020 - 22:27:22: [randomcycle.smx] RandomCycle has chosen dod_sniperarena_dgs2 for the nextmap.
L 07/13/2020 - 22:34:15: [mapchooser.smx] Voting for next map has started.
L 07/13/2020 - 22:38:16: [SM] Changed map to "dod_bigbunky_v4"
L 07/13/2020 - 22:38:16: [SM] Changed map to "dod_bigbunky_v4"
L 07/13/2020 - 22:38:18: -------- Mapchange to dod_bigbunky_v4 --------
L 07/13/2020 - 22:38:18: [adminsounds.smx] 62 sounds loaded
L 07/13/2020 - 22:38:21: -------- Mapchange to dod_bigbunky_v4 --------
L 07/13/2020 - 22:38:21: [adminsounds.smx] 62 sounds loaded
L 07/13/2020 - 22:38:27: [randomcycle.smx] RandomCycle has chosen dod_sniper_wars_beta for the nextmap.
L 07/13/2020 - 22:45:20: [mapchooser.smx] Voting for next map has started.
L 07/13/2020 - 22:49:21: [SM] Changed map to "dod_sniper_killbox_v2"
L 07/13/2020 - 22:49:21: [SM] Changed map to "dod_sniper_killbox_v2"
L 07/13/2020 - 22:49:23: -------- Mapchange to dod_sniper_killbox_v2 --------
L 07/13/2020 - 22:49:23: [adminsounds.smx] 62 sounds loaded
L 07/13/2020 - 22:49:26: -------- Mapchange to dod_sniper_killbox_v2 --------
L 07/13/2020 - 22:49:26: [adminsounds.smx] 62 sounds loaded
L 07/13/2020 - 22:49:31: [randomcycle.smx] RandomCycle has chosen dod_sniper_killbox_v2 for the nextmap.
L 07/13/2020 - 22:56:25: [mapchooser.smx] Voting for next map has started.
L 07/13/2020 - 23:00:26: [SM] Changed map to "dod_sand_rats_2006"
L 07/13/2020 - 23:00:26: [SM] Changed map to "dod_sand_rats_2006"
L 07/13/2020 - 23:00:27: -------- Mapchange to dod_sand_rats_2006 --------
L 07/13/2020 - 23:00:28: [adminsounds.smx] 62 sounds loaded
L 07/13/2020 - 23:00:30: -------- Mapchange to dod_sand_rats_2006 --------
L 07/13/2020 - 23:00:30: [adminsounds.smx] 62 sounds loaded
L 07/13/2020 - 23:00:36: [randomcycle.smx] RandomCycle has chosen dod_kalt for the nextmap.
L 07/13/2020 - 23:07:29: [mapchooser.smx] Voting for next map has started.
L 07/13/2020 - 23:11:30: [SM] Changed map to "dod_solitude_rats"
L 07/13/2020 - 23:11:30: [SM] Changed map to "dod_solitude_rats"
L 07/13/2020 - 23:11:32: -------- Mapchange to dod_solitude_rats --------
L 07/13/2020 - 23:11:32: [adminsounds.smx] 62 sounds loaded
L 07/13/2020 - 23:11:35: -------- Mapchange to dod_solitude_rats --------
L 07/13/2020 - 23:11:35: [adminsounds.smx] 62 sounds loaded
L 07/13/2020 - 23:11:41: [randomcycle.smx] RandomCycle has chosen sniperzone for the nextmap.
L 07/13/2020 - 23:18:34: [mapchooser.smx] Voting for next map has started.
L 07/13/2020 - 23:22:35: [SM] Changed map to "dod_avalanche"
L 07/13/2020 - 23:22:35: [SM] Changed map to "dod_avalanche"
L 07/13/2020 - 23:22:37: -------- Mapchange to dod_avalanche --------
L 07/13/2020 - 23:22:37: [adminsounds.smx] 62 sounds loaded
L 07/13/2020 - 23:22:40: -------- Mapchange to dod_avalanche --------
L 07/13/2020 - 23:22:40: [adminsounds.smx] 62 sounds loaded
L 07/13/2020 - 23:22:46: [randomcycle.smx] RandomCycle has chosen cdcmarijuana! for the nextmap.
L 07/13/2020 - 23:29:39: [mapchooser.smx] Voting for next map has started.
L 07/13/2020 - 23:33:40: [SM] Changed map to "dod_argentan"
L 07/13/2020 - 23:33:40: [SM] Changed map to "dod_argentan"
L 07/13/2020 - 23:33:43: -------- Mapchange to dod_argentan --------
L 07/13/2020 - 23:33:43: [adminsounds.smx] 62 sounds loaded
L 07/13/2020 - 23:33:46: -------- Mapchange to dod_argentan --------
L 07/13/2020 - 23:33:46: [adminsounds.smx] 62 sounds loaded
L 07/13/2020 - 23:33:52: [randomcycle.smx] RandomCycle has chosen dod_rats for the nextmap.
L 07/13/2020 - 23:40:45: [mapchooser.smx] Voting for next map has started.
L 07/13/2020 - 23:44:46: [SM] Changed map to "dod_sniper_killbox_v2"
L 07/13/2020 - 23:44:46: [SM] Changed map to "dod_sniper_killbox_v2"
L 07/13/2020 - 23:44:48: -------- Mapchange to dod_sniper_killbox_v2 --------
L 07/13/2020 - 23:44:48: [adminsounds.smx] 62 sounds loaded
L 07/13/2020 - 23:44:51: -------- Mapchange to dod_sniper_killbox_v2 --------
L 07/13/2020 - 23:44:51: [adminsounds.smx] 62 sounds loaded
L 07/13/2020 - 23:44:57: [randomcycle.smx] RandomCycle has chosen dod_aimap_b1 for the nextmap.
L 07/13/2020 - 23:51:50: [mapchooser.smx] Voting for next map has started.
L 07/13/2020 - 23:55:51: [SM] Changed map to "dod_orange_wallhack"
L 07/13/2020 - 23:55:51: [SM] Changed map to "dod_orange_wallhack"
L 07/13/2020 - 23:55:52: -------- Mapchange to dod_orange_wallhack --------
L 07/13/2020 - 23:55:53: [adminsounds.smx] 62 sounds loaded
L 07/13/2020 - 23:55:55: -------- Mapchange to dod_orange_wallhack --------
L 07/13/2020 - 23:55:55: [adminsounds.smx] 62 sounds loaded
L 07/13/2020 - 23:56:01: [randomcycle.smx] RandomCycle has chosen dod_bunky2_modified for the nextmap.
L 07/14/2020 - 00:02:54: Log file closed.
