L 07/16/2020 - 00:01:53: SourceMod log file session started (file "/home/srvdod/srcds/dod_s/dod/addons/sourcemod/logs/L20200716.log") (Version "1.10.0.6490")
L 07/16/2020 - 00:01:53: [mapchooser.smx] Voting for next map has started.
L 07/16/2020 - 00:05:54: [SM] Changed map to "dod_iceworld_final_[bds]_doc"
L 07/16/2020 - 00:05:54: [SM] Changed map to "dod_iceworld_final_[bds]_doc"
L 07/16/2020 - 00:05:55: -------- Mapchange to dod_iceworld_final_[bds]_doc --------
L 07/16/2020 - 00:05:55: [adminsounds.smx] 62 sounds loaded
L 07/16/2020 - 00:05:56: -------- Mapchange to dod_iceworld_final_[bds]_doc --------
L 07/16/2020 - 00:05:56: [adminsounds.smx] 62 sounds loaded
L 07/16/2020 - 00:06:01: [randomcycle.smx] RandomCycle has chosen mario_air for the nextmap.
L 07/16/2020 - 00:12:54: [mapchooser.smx] Voting for next map has started.
L 07/16/2020 - 00:13:00: [mapchooser.smx] Voting for next map has finished. Nextmap: dod_rats.
L 07/16/2020 - 00:16:55: [SM] Changed map to "dod_rats"
L 07/16/2020 - 00:16:55: [SM] Changed map to "dod_rats"
L 07/16/2020 - 00:16:56: -------- Mapchange to dod_rats --------
L 07/16/2020 - 00:16:56: [adminsounds.smx] 62 sounds loaded
L 07/16/2020 - 00:16:57: -------- Mapchange to dod_rats --------
L 07/16/2020 - 00:16:57: [adminsounds.smx] 62 sounds loaded
L 07/16/2020 - 00:17:02: [randomcycle.smx] RandomCycle has chosen dod_legoland_b2 for the nextmap.
L 07/16/2020 - 00:23:55: [mapchooser.smx] Voting for next map has started.
L 07/16/2020 - 00:27:56: [SM] Changed map to "dod_orange_wallhack"
L 07/16/2020 - 00:27:56: [SM] Changed map to "dod_orange_wallhack"
L 07/16/2020 - 00:27:56: -------- Mapchange to dod_orange_wallhack --------
L 07/16/2020 - 00:27:57: [adminsounds.smx] 62 sounds loaded
L 07/16/2020 - 00:27:57: -------- Mapchange to dod_orange_wallhack --------
L 07/16/2020 - 00:27:57: [adminsounds.smx] 62 sounds loaded
L 07/16/2020 - 00:28:02: [randomcycle.smx] RandomCycle has chosen dod_iceworld_final_[bds]_doc for the nextmap.
L 07/16/2020 - 00:34:55: [mapchooser.smx] Voting for next map has started.
L 07/16/2020 - 00:38:56: [SM] Changed map to "dod_anzio"
L 07/16/2020 - 00:38:56: [SM] Changed map to "dod_anzio"
L 07/16/2020 - 00:38:58: -------- Mapchange to dod_anzio --------
L 07/16/2020 - 00:38:58: [adminsounds.smx] 62 sounds loaded
L 07/16/2020 - 00:38:59: -------- Mapchange to dod_anzio --------
L 07/16/2020 - 00:38:59: [adminsounds.smx] 62 sounds loaded
L 07/16/2020 - 00:39:04: [randomcycle.smx] RandomCycle has chosen dod_rats for the nextmap.
L 07/16/2020 - 00:45:57: [mapchooser.smx] Voting for next map has started.
L 07/16/2020 - 00:49:58: [SM] Changed map to "dod_risk_b9"
L 07/16/2020 - 00:49:58: [SM] Changed map to "dod_risk_b9"
L 07/16/2020 - 00:50:01: -------- Mapchange to dod_risk_b9 --------
L 07/16/2020 - 00:50:01: [adminsounds.smx] 62 sounds loaded
L 07/16/2020 - 00:50:03: -------- Mapchange to dod_risk_b9 --------
L 07/16/2020 - 00:50:03: [adminsounds.smx] 62 sounds loaded
L 07/16/2020 - 00:50:08: [randomcycle.smx] RandomCycle has chosen dod_risk_b9 for the nextmap.
L 07/16/2020 - 00:57:01: [mapchooser.smx] Voting for next map has started.
L 07/16/2020 - 01:01:02: [SM] Changed map to "cdcmarijuana!"
L 07/16/2020 - 01:01:02: [SM] Changed map to "cdcmarijuana!"
L 07/16/2020 - 01:01:03: -------- Mapchange to cdcmarijuana! --------
L 07/16/2020 - 01:01:03: [adminsounds.smx] 62 sounds loaded
L 07/16/2020 - 01:01:04: -------- Mapchange to cdcmarijuana! --------
L 07/16/2020 - 01:01:04: [adminsounds.smx] 62 sounds loaded
L 07/16/2020 - 01:01:09: [randomcycle.smx] RandomCycle has chosen cdcmarijuana! for the nextmap.
L 07/16/2020 - 01:43:06: SourceMod log file session started (file "/home/srvdod/srcds/dod_s/dod/addons/sourcemod/logs/L20200716.log") (Version "1.10.0.6490")
L 07/16/2020 - 01:43:06: [adminsounds.smx] 62 sounds loaded
L 07/16/2020 - 01:43:11: [randomcycle.smx] RandomCycle has chosen dod_orange_cancrelats for the nextmap.
L 07/16/2020 - 01:44:24: [adminsounds.smx] "B0UL3T___0N3<2><[U:1:37484034]><>" launch the sound sons - "Feel Good"
L 07/16/2020 - 01:44:32: [adminsounds.smx] "B0UL3T___0N3<2><[U:1:37484034]><>" launch the sound sons - "Arrete de parler"
L 07/16/2020 - 01:45:23: [adminsounds.smx] "B0UL3T___0N3<3><[U:1:37484034]><>" launch the sound sons - "Arrete de parler"
L 07/16/2020 - 01:50:54: [mapchooser.smx] Voting for next map has started.
L 07/16/2020 - 01:54:55: [SM] Changed map to "dod_bigbunky_v4"
L 07/16/2020 - 01:54:55: [SM] Changed map to "dod_bigbunky_v4"
L 07/16/2020 - 01:54:56: -------- Mapchange to dod_bigbunky_v4 --------
L 07/16/2020 - 01:54:56: [adminsounds.smx] 62 sounds loaded
L 07/16/2020 - 01:54:57: -------- Mapchange to dod_bigbunky_v4 --------
L 07/16/2020 - 01:54:57: [adminsounds.smx] 62 sounds loaded
L 07/16/2020 - 01:55:02: [randomcycle.smx] RandomCycle has chosen dod_murky_p2 for the nextmap.
L 07/16/2020 - 01:59:06: SourceMod log file session started (file "/home/srvdod/srcds/dod_s/dod/addons/sourcemod/logs/L20200716.log") (Version "1.10.0.6490")
L 07/16/2020 - 01:59:06: [adminsounds.smx] 62 sounds loaded
L 07/16/2020 - 01:59:11: [randomcycle.smx] RandomCycle has chosen dod_monopoly_source for the nextmap.
L 07/16/2020 - 01:59:48: [adminsounds.smx] "B0UL3T___0N3<2><[U:1:37484034]><>" launch the sound sons - "Arrete de parler"
L 07/16/2020 - 02:00:10: [adminsounds.smx] "B0UL3T___0N3<2><[U:1:37484034]><>" launch the sound sons - "Feel Good"
L 07/16/2020 - 02:00:48: [adminsounds.smx] "B0UL3T___0N3<2><[U:1:37484034]><>" launch the sound 0 - "Blade"
L 07/16/2020 - 02:06:16: [mapchooser.smx] Voting for next map has started.
L 07/16/2020 - 02:10:11: [basecommands.smx] "B0UL3T___0N3<4><[U:1:37484034]><>" changed map to "dod_sucette_v3"
L 07/16/2020 - 02:10:14: [SM] Changed map to "dod_sucette_v3"
L 07/16/2020 - 02:10:15: -------- Mapchange to dod_sucette_v3 --------
L 07/16/2020 - 02:10:15: [adminsounds.smx] 62 sounds loaded
L 07/16/2020 - 02:10:20: [randomcycle.smx] RandomCycle has chosen dod_anzio for the nextmap.
L 07/16/2020 - 02:10:29: [adminsounds.smx] "B0UL3T___0N3<4><[U:1:37484034]><>" launch the sound sons - "Feel Good"
L 07/16/2020 - 02:10:40: [adminsounds.smx] "B0UL3T___0N3<4><[U:1:37484034]><>" launch the sound 0 - "ACDC"
L 07/16/2020 - 02:11:00: [adminsounds.smx] "B0UL3T___0N3<4><[U:1:37484034]><>" launch the sound 0 - "ACDC"
L 07/16/2020 - 02:17:13: [mapchooser.smx] Voting for next map has started.
L 07/16/2020 - 02:21:14: [SM] Changed map to "dod_bigbunky_v4"
L 07/16/2020 - 02:21:14: [SM] Changed map to "dod_bigbunky_v4"
L 07/16/2020 - 02:21:15: -------- Mapchange to dod_bigbunky_v4 --------
L 07/16/2020 - 02:21:15: [adminsounds.smx] 62 sounds loaded
L 07/16/2020 - 02:21:16: -------- Mapchange to dod_bigbunky_v4 --------
L 07/16/2020 - 02:21:16: [adminsounds.smx] 62 sounds loaded
L 07/16/2020 - 02:21:21: [randomcycle.smx] RandomCycle has chosen dod_mousekitchen_ed for the nextmap.
L 07/16/2020 - 02:28:14: [mapchooser.smx] Voting for next map has started.
L 07/16/2020 - 02:32:15: [SM] Changed map to "dod_orange_bridges"
L 07/16/2020 - 02:32:15: [SM] Changed map to "dod_orange_bridges"
L 07/16/2020 - 02:32:16: -------- Mapchange to dod_orange_bridges --------
L 07/16/2020 - 02:32:16: [adminsounds.smx] 62 sounds loaded
L 07/16/2020 - 02:32:17: -------- Mapchange to dod_orange_bridges --------
L 07/16/2020 - 02:32:17: [adminsounds.smx] 62 sounds loaded
L 07/16/2020 - 02:32:22: [randomcycle.smx] RandomCycle has chosen dod_risk_b9 for the nextmap.
L 07/16/2020 - 02:39:15: [mapchooser.smx] Voting for next map has started.
L 07/16/2020 - 02:43:16: [SM] Changed map to "dod_murky_p2"
L 07/16/2020 - 02:43:16: [SM] Changed map to "dod_murky_p2"
L 07/16/2020 - 02:43:17: -------- Mapchange to dod_murky_p2 --------
L 07/16/2020 - 02:43:17: [adminsounds.smx] 62 sounds loaded
L 07/16/2020 - 02:43:17: -------- Mapchange to dod_murky_p2 --------
L 07/16/2020 - 02:43:18: [adminsounds.smx] 62 sounds loaded
L 07/16/2020 - 02:43:23: [randomcycle.smx] RandomCycle has chosen dod_orange_wallhack for the nextmap.
L 07/16/2020 - 02:50:16: [mapchooser.smx] Voting for next map has started.
L 07/16/2020 - 02:50:57: [basecommands.smx] "B0UL3T___0N3<6><[U:1:37484034]><>" changed map to "dod_argentan"
L 07/16/2020 - 02:51:00: [SM] Changed map to "dod_argentan"
L 07/16/2020 - 02:51:01: -------- Mapchange to dod_argentan --------
L 07/16/2020 - 02:51:01: [adminsounds.smx] 62 sounds loaded
L 07/16/2020 - 02:51:07: [randomcycle.smx] RandomCycle has chosen dod_orange_bridges for the nextmap.
L 07/16/2020 - 02:51:17: [adminsounds.smx] "B0UL3T___0N3<6><[U:1:37484034]><>" launch the sound 0 - "Feel Good"
L 07/16/2020 - 02:56:06: SourceMod log file session started (file "/home/srvdod/srcds/dod_s/dod/addons/sourcemod/logs/L20200716.log") (Version "1.10.0.6490")
L 07/16/2020 - 02:56:06: [adminsounds.smx] 62 sounds loaded
L 07/16/2020 - 02:56:11: [randomcycle.smx] RandomCycle has chosen dod_donner for the nextmap.
L 07/16/2020 - 03:03:47: [mapchooser.smx] Voting for next map has started.
L 07/16/2020 - 03:06:54: [adminsounds.smx] "B0UL3T___0N3<4><[U:1:37484034]><>" launch the sound sons - "Feel Good"
L 07/16/2020 - 03:07:07: [adminsounds.smx] "B0UL3T___0N3<4><[U:1:37484034]><>" launch the sound 0 - "Feel Good"
L 07/16/2020 - 03:07:17: [adminsounds.smx] "B0UL3T___0N3<4><[U:1:37484034]><>" launch the sound sons - "MECREANT!!!"
L 07/16/2020 - 03:07:49: [SM] Changed map to "dod_football_a"
L 07/16/2020 - 03:07:49: [SM] Changed map to "dod_football_a"
L 07/16/2020 - 03:07:50: -------- Mapchange to dod_football_a --------
L 07/16/2020 - 03:07:50: [adminsounds.smx] 62 sounds loaded
L 07/16/2020 - 03:07:50: -------- Mapchange to dod_football_a --------
L 07/16/2020 - 03:07:51: [adminsounds.smx] 62 sounds loaded
L 07/16/2020 - 03:07:56: [randomcycle.smx] RandomCycle has chosen dod_4pyramides for the nextmap.
L 07/16/2020 - 03:08:13: [adminsounds.smx] "B0UL3T___0N3<5><[U:1:37484034]><>" launch the sound sons - "Benny Hill"
L 07/16/2020 - 03:08:54: [adminsounds.smx] "B0UL3T___0N3<5><[U:1:37484034]><>" launch the sound 0 - "Blade"
L 07/16/2020 - 03:09:43: [adminsounds.smx] "B0UL3T___0N3<5><[U:1:37484034]><>" launch the sound sons - "Arrete de parler"
L 07/16/2020 - 03:10:29: [adminsounds.smx] "B0UL3T___0N3<5><[U:1:37484034]><>" launch the sound sons - "Beer"
L 07/16/2020 - 03:10:37: [adminsounds.smx] "B0UL3T___0N3<5><[U:1:37484034]><>" launch the sound sons - "MECREANT!!!"
L 07/16/2020 - 03:10:53: [adminsounds.smx] "B0UL3T___0N3<5><[U:1:37484034]><>" launch the sound sons - "MECREANT!!!"
L 07/16/2020 - 03:11:18: [adminsounds.smx] "B0UL3T___0N3<5><[U:1:37484034]><>" launch the sound sons - "Poli Bonjour"
L 07/16/2020 - 03:12:36: [adminsounds.smx] "B0UL3T___0N3<5><[U:1:37484034]><>" launch the sound 0 - "Faithless"
L 07/16/2020 - 03:12:42: [SM] Changed map to "dod_4pyramides"
L 07/16/2020 - 03:12:42: [SM] Changed map to "dod_4pyramides"
L 07/16/2020 - 03:12:43: -------- Mapchange to dod_4pyramides --------
L 07/16/2020 - 03:12:43: [adminsounds.smx] 62 sounds loaded
L 07/16/2020 - 03:12:44: -------- Mapchange to dod_4pyramides --------
L 07/16/2020 - 03:12:44: [adminsounds.smx] 62 sounds loaded
L 07/16/2020 - 03:12:49: [randomcycle.smx] RandomCycle has chosen dod_sand_rats_2006 for the nextmap.
L 07/16/2020 - 03:12:59: [adminsounds.smx] "B0UL3T___0N3<6><[U:1:37484034]><>" launch the sound sons - "Burn"
L 07/16/2020 - 03:13:12: [adminsounds.smx] "B0UL3T___0N3<6><[U:1:37484034]><>" launch the sound sons - "Burn"
L 07/16/2020 - 03:13:38: [adminsounds.smx] "B0UL3T___0N3<6><[U:1:37484034]><>" launch the sound sons - "Burn"
L 07/16/2020 - 03:14:26: [adminsounds.smx] "B0UL3T___0N3<6><[U:1:37484034]><>" launch the sound sons - "Burn"
L 07/16/2020 - 03:15:21: [adminsounds.smx] "B0UL3T___0N3<6><[U:1:37484034]><>" launch the sound sons - "C_est pas faut"
L 07/16/2020 - 03:15:39: [adminsounds.smx] "B0UL3T___0N3<6><[U:1:37484034]><>" launch the sound sons - "Campeur"
L 07/16/2020 - 03:16:14: [adminsounds.smx] "B0UL3T___0N3<6><[U:1:37484034]><>" launch the sound sons - "Chicken"
L 07/16/2020 - 03:16:29: [adminsounds.smx] "B0UL3T___0N3<6><[U:1:37484034]><>" launch the sound sons - "Chicken"
L 07/16/2020 - 03:17:05: [adminsounds.smx] "B0UL3T___0N3<6><[U:1:37484034]><>" launch the sound sons - "Cons Raison"
L 07/16/2020 - 03:17:44: [adminsounds.smx] "B0UL3T___0N3<6><[U:1:37484034]><>" launch the sound sons - "Deja Mort"
L 07/16/2020 - 03:18:09: [adminsounds.smx] "B0UL3T___0N3<6><[U:1:37484034]><>" launch the sound sons - "Doh Homer"
L 07/16/2020 - 03:18:36: [adminsounds.smx] "B0UL3T___0N3<6><[U:1:37484034]><>" launch the sound sons - "Doh Homer"
L 07/16/2020 - 03:18:54: [adminsounds.smx] "B0UL3T___0N3<6><[U:1:37484034]><>" launch the sound sons - "La Drogue C_est Mal"
L 07/16/2020 - 03:19:31: [adminsounds.smx] "B0UL3T___0N3<6><[U:1:37484034]><>" launch the sound sons - "Poulette"
L 07/16/2020 - 03:19:42: [mapchooser.smx] Voting for next map has started.
L 07/16/2020 - 03:19:48: [adminsounds.smx] "B0UL3T___0N3<6><[U:1:37484034]><>" launch the sound sons - "Pelera Le Jonc"
L 07/16/2020 - 03:20:41: [adminsounds.smx] "B0UL3T___0N3<6><[U:1:37484034]><>" launch the sound sons - "GRR..."
L 07/16/2020 - 03:21:16: [adminsounds.smx] "B0UL3T___0N3<6><[U:1:37484034]><>" launch the sound sons - "Haha Nelson"
L 07/16/2020 - 03:21:34: [adminsounds.smx] "B0UL3T___0N3<6><[U:1:37484034]><>" launch the sound sons - "Bon Anniversaire"
L 07/16/2020 - 03:21:53: [adminsounds.smx] "B0UL3T___0N3<6><[U:1:37484034]><>" launch the sound sons - "Bon Anniversaire"
L 07/16/2020 - 03:23:01: [adminsounds.smx] "B0UL3T___0N3<6><[U:1:37484034]><>" launch the sound sons - "J'ai Glisse"
L 07/16/2020 - 03:23:23: [adminsounds.smx] "B0UL3T___0N3<6><[U:1:37484034]><>" launch the sound sons - "Désolé"
L 07/16/2020 - 03:23:43: [SM] Changed map to "dod_orange_cancrelats"
L 07/16/2020 - 03:23:43: [SM] Changed map to "dod_orange_cancrelats"
L 07/16/2020 - 03:23:44: -------- Mapchange to dod_orange_cancrelats --------
L 07/16/2020 - 03:23:44: [adminsounds.smx] 62 sounds loaded
L 07/16/2020 - 03:23:45: -------- Mapchange to dod_orange_cancrelats --------
L 07/16/2020 - 03:23:45: [adminsounds.smx] 62 sounds loaded
L 07/16/2020 - 03:23:50: [randomcycle.smx] RandomCycle has chosen dod_jagd for the nextmap.
L 07/16/2020 - 03:24:02: [adminsounds.smx] "B0UL3T___0N3<7><[U:1:37484034]><>" launch the sound sons - "Désolé"
L 07/16/2020 - 03:24:29: [adminsounds.smx] "B0UL3T___0N3<7><[U:1:37484034]><>" launch the sound sons - "Désolé"
L 07/16/2020 - 03:24:46: [adminsounds.smx] "B0UL3T___0N3<7><[U:1:37484034]><>" launch the sound sons - "Jinglebells"
L 07/16/2020 - 03:24:59: [adminsounds.smx] "B0UL3T___0N3<7><[U:1:37484034]><>" launch the sound sons - "Jinglebells"
L 07/16/2020 - 03:25:11: [adminsounds.smx] "B0UL3T___0N3<7><[U:1:37484034]><>" launch the sound sons - "Jinglebells"
L 07/16/2020 - 03:26:29: [adminsounds.smx] "B0UL3T___0N3<7><[U:1:37484034]><>" launch the sound sons - "Good Morning"
L 07/16/2020 - 03:27:14: [adminsounds.smx] "B0UL3T___0N3<7><[U:1:37484034]><>" launch the sound sons - "Joe La Mouk"
L 07/16/2020 - 03:27:28: [adminsounds.smx] "B0UL3T___0N3<7><[U:1:37484034]><>" launch the sound sons - "Joe La Mouk"
L 07/16/2020 - 03:27:51: [adminsounds.smx] "B0UL3T___0N3<7><[U:1:37484034]><>" launch the sound sons - "Joe La Mouk"
L 07/16/2020 - 03:29:05: [adminsounds.smx] "B0UL3T___0N3<7><[U:1:37484034]><>" launch the sound sons - "Gwendoline"
L 07/16/2020 - 03:29:33: [adminsounds.smx] "B0UL3T___0N3<7><[U:1:37484034]><>" launch the sound sons - "Mana"
L 07/16/2020 - 03:29:56: [adminsounds.smx] "B0UL3T___0N3<7><[U:1:37484034]><>" launch the sound sons - "Mana"
L 07/16/2020 - 03:30:08: [adminsounds.smx] "B0UL3T___0N3<7><[U:1:37484034]><>" launch the sound sons - "Mana"
L 07/16/2020 - 03:30:38: [adminsounds.smx] "B0UL3T___0N3<7><[U:1:37484034]><>" launch the sound sons - "Merry Christmas"
L 07/16/2020 - 03:30:43: [mapchooser.smx] Voting for next map has started.
L 07/16/2020 - 03:31:54: [adminsounds.smx] "B0UL3T___0N3<7><[U:1:37484034]><>" launch the sound sons - "Molo Caillera"
L 07/16/2020 - 03:32:17: [adminsounds.smx] "B0UL3T___0N3<7><[U:1:37484034]><>" launch the sound sons - "Muaha..."
L 07/16/2020 - 03:32:27: [adminsounds.smx] "B0UL3T___0N3<7><[U:1:37484034]><>" launch the sound sons - "Muaha..."
L 07/16/2020 - 03:32:54: [adminsounds.smx] "B0UL3T___0N3<7><[U:1:37484034]><>" launch the sound sons - "Nana"
L 07/16/2020 - 03:33:39: [adminsounds.smx] "B0UL3T___0N3<7><[U:1:37484034]><>" launch the sound sons - "Nana"
L 07/16/2020 - 03:33:57: [adminsounds.smx] "B0UL3T___0N3<7><[U:1:37484034]><>" launch the sound sons - "Now"
L 07/16/2020 - 03:34:31: [adminsounds.smx] "B0UL3T___0N3<7><[U:1:37484034]><>" launch the sound sons - "Ole"
L 07/16/2020 - 03:34:44: [SM] Changed map to "dod_kalt"
L 07/16/2020 - 03:34:44: [SM] Changed map to "dod_kalt"
L 07/16/2020 - 03:34:46: -------- Mapchange to dod_kalt --------
L 07/16/2020 - 03:34:46: [adminsounds.smx] 62 sounds loaded
L 07/16/2020 - 03:34:47: -------- Mapchange to dod_kalt --------
L 07/16/2020 - 03:34:47: [adminsounds.smx] 62 sounds loaded
L 07/16/2020 - 03:34:53: [randomcycle.smx] RandomCycle has chosen cdcmarijuana! for the nextmap.
L 07/16/2020 - 03:36:33: [adminsounds.smx] "B0UL3T___0N3<8><[U:1:37484034]><>" launch the sound sons - "OMG"
L 07/16/2020 - 03:37:00: [adminsounds.smx] "B0UL3T___0N3<8><[U:1:37484034]><>" launch the sound sons - "Dans Ta Gueule"
L 07/16/2020 - 03:39:00: [adminsounds.smx] "B0UL3T___0N3<8><[U:1:37484034]><>" launch the sound sons - "Ringard"
L 07/16/2020 - 03:39:52: [adminsounds.smx] "B0UL3T___0N3<8><[U:1:37484034]><>" launch the sound sons - "Salut Bonhomme"
L 07/16/2020 - 03:40:35: [adminsounds.smx] "B0UL3T___0N3<8><[U:1:37484034]><>" launch the sound sons - "Salut Bonhomme"
L 07/16/2020 - 03:41:26: [adminsounds.smx] "B0UL3T___0N3<8><[U:1:37484034]><>" launch the sound sons - "Satelites"
L 07/16/2020 - 03:41:46: [mapchooser.smx] Voting for next map has started.
L 07/16/2020 - 03:41:56: [mapchooser.smx] Voting for next map has finished. Nextmap: dod_solitude_rats.
L 07/16/2020 - 03:42:23: [adminsounds.smx] "B0UL3T___0N3<8><[U:1:37484034]><>" launch the sound sons - "Scheisse"
L 07/16/2020 - 03:43:15: [adminsounds.smx] "B0UL3T___0N3<8><[U:1:37484034]><>" launch the sound sons - "Slip"
L 07/16/2020 - 03:43:35: [adminsounds.smx] "B0UL3T___0N3<8><[U:1:37484034]><>" launch the sound sons - "Sarazin"
L 07/16/2020 - 03:43:52: [adminsounds.smx] "B0UL3T___0N3<8><[U:1:37484034]><>" launch the sound sons - "Sarazin"
L 07/16/2020 - 03:44:46: [adminsounds.smx] "B0UL3T___0N3<8><[U:1:37484034]><>" launch the sound sons - "Sarazin"
L 07/16/2020 - 03:45:01: [adminsounds.smx] "B0UL3T___0N3<8><[U:1:37484034]><>" launch the sound sons - "Sarazin"
L 07/16/2020 - 03:45:37: [adminsounds.smx] "B0UL3T___0N3<8><[U:1:37484034]><>" launch the sound sons - "Sarazin"
L 07/16/2020 - 03:45:47: [SM] Changed map to "dod_solitude_rats"
L 07/16/2020 - 03:45:47: [SM] Changed map to "dod_solitude_rats"
L 07/16/2020 - 03:45:48: -------- Mapchange to dod_solitude_rats --------
L 07/16/2020 - 03:45:48: [adminsounds.smx] 62 sounds loaded
L 07/16/2020 - 03:45:49: -------- Mapchange to dod_solitude_rats --------
L 07/16/2020 - 03:45:49: [adminsounds.smx] 62 sounds loaded
L 07/16/2020 - 03:45:54: [randomcycle.smx] RandomCycle has chosen dod_solitude_rats for the nextmap.
L 07/16/2020 - 03:46:10: [adminsounds.smx] "B0UL3T___0N3<9><[U:1:37484034]><>" launch the sound sons - "Sarazin"
L 07/16/2020 - 03:46:28: [adminsounds.smx] "B0UL3T___0N3<9><[U:1:37484034]><>" launch the sound sons - "Bite Couilles"
L 07/16/2020 - 03:47:05: [adminsounds.smx] "B0UL3T___0N3<9><[U:1:37484034]><>" launch the sound sons - "Bite Couilles"
L 07/16/2020 - 03:47:25: [adminsounds.smx] "B0UL3T___0N3<9><[U:1:37484034]><>" launch the sound sons - "Camp"
L 07/16/2020 - 03:48:43: [adminsounds.smx] "B0UL3T___0N3<9><[U:1:37484034]><>" launch the sound sons - "Sortie Doigt Cul"
L 07/16/2020 - 03:49:47: [adminsounds.smx] "B0UL3T___0N3<9><[U:1:37484034]><>" launch the sound sons - "Je Te Nique Ta Mere"
L 07/16/2020 - 03:50:12: [adminsounds.smx] "B0UL3T___0N3<9><[U:1:37484034]><>" launch the sound sons - "Petit Comique"
L 07/16/2020 - 03:50:29: [adminsounds.smx] "B0UL3T___0N3<9><[U:1:37484034]><>" launch the sound sons - "Petit Comique"
L 07/16/2020 - 03:50:59: [adminsounds.smx] "B0UL3T___0N3<9><[U:1:37484034]><>" launch the sound sons - "Petit Comique"
L 07/16/2020 - 03:51:43: [adminsounds.smx] "B0UL3T___0N3<9><[U:1:37484034]><>" launch the sound sons - "Sniper"
L 07/16/2020 - 03:52:21: [adminsounds.smx] "B0UL3T___0N3<9><[U:1:37484034]><>" launch the sound sons - "Ta Gueule"
L 07/16/2020 - 03:52:47: [mapchooser.smx] Voting for next map has started.
L 07/16/2020 - 03:52:53: [mapchooser.smx] Voting for next map has finished. Nextmap: babyfight_arena.
L 07/16/2020 - 03:53:09: [adminsounds.smx] "B0UL3T___0N3<9><[U:1:37484034]><>" launch the sound sons - "Tire Spawn"
L 07/16/2020 - 03:53:40: [adminsounds.smx] "B0UL3T___0N3<9><[U:1:37484034]><>" launch the sound sons - "Wazza"
L 07/16/2020 - 03:54:01: [adminsounds.smx] "B0UL3T___0N3<9><[U:1:37484034]><>" launch the sound sons - "Welcome"
L 07/16/2020 - 03:54:21: [adminsounds.smx] "B0UL3T___0N3<9><[U:1:37484034]><>" launch the sound sons - "Welcome"
L 07/16/2020 - 03:55:15: [adminsounds.smx] "B0UL3T___0N3<9><[U:1:37484034]><>" launch the sound sons - "Welcome Here"
L 07/16/2020 - 03:55:43: [adminsounds.smx] "B0UL3T___0N3<9><[U:1:37484034]><>" launch the sound 0 - "Albatra"
L 07/16/2020 - 03:56:35: [adminsounds.smx] "B0UL3T___0N3<9><[U:1:37484034]><>" launch the sound 0 - "Ca M_Enerve"
L 07/16/2020 - 03:56:48: [SM] Changed map to "babyfight_arena"
L 07/16/2020 - 03:56:48: [SM] Changed map to "babyfight_arena"
L 07/16/2020 - 03:56:49: -------- Mapchange to babyfight_arena --------
L 07/16/2020 - 03:56:49: [adminsounds.smx] 62 sounds loaded
L 07/16/2020 - 03:56:50: -------- Mapchange to babyfight_arena --------
L 07/16/2020 - 03:56:50: [adminsounds.smx] 62 sounds loaded
L 07/16/2020 - 03:56:55: [randomcycle.smx] RandomCycle has chosen dod_bigbunky_v4 for the nextmap.
L 07/16/2020 - 03:57:14: [adminsounds.smx] "B0UL3T___0N3<10><[U:1:37484034]><>" launch the sound 0 - "Faithless"
L 07/16/2020 - 03:57:55: [adminsounds.smx] "B0UL3T___0N3<10><[U:1:37484034]><>" launch the sound 0 - "Feel Good"
L 07/16/2020 - 03:58:47: [adminsounds.smx] "B0UL3T___0N3<10><[U:1:37484034]><>" launch the sound 0 - "Ramstein"
L 07/16/2020 - 03:59:39: [adminsounds.smx] "B0UL3T___0N3<10><[U:1:37484034]><>" launch the sound 0 - "Fortunate"
L 07/16/2020 - 04:00:17: [adminsounds.smx] "B0UL3T___0N3<10><[U:1:37484034]><>" launch the sound 0 - "Full Metal"
L 07/16/2020 - 04:00:56: [adminsounds.smx] "B0UL3T___0N3<10><[U:1:37484034]><>" launch the sound 0 - "Albatra"
L 07/16/2020 - 04:02:00: [adminsounds.smx] "B0UL3T___0N3<10><[U:1:37484034]><>" launch the sound 0 - "Full Metal"
L 07/16/2020 - 04:02:51: [adminsounds.smx] "B0UL3T___0N3<10><[U:1:37484034]><>" launch the sound 0 - "Lagrange"
L 07/16/2020 - 04:03:17: [adminsounds.smx] "B0UL3T___0N3<10><[U:1:37484034]><>" launch the sound 0 - "Lagrange"
L 07/16/2020 - 04:03:48: [mapchooser.smx] Voting for next map has started.
L 07/16/2020 - 04:03:54: [mapchooser.smx] Voting for next map has finished. Nextmap: dod_murky_p2.
L 07/16/2020 - 04:04:52: [adminsounds.smx] "B0UL3T___0N3<10><[U:1:37484034]><>" launch the sound 0 - "Loser"
L 07/16/2020 - 04:06:04: [adminsounds.smx] "B0UL3T___0N3<10><[U:1:37484034]><>" launch the sound 0 - "Pulp Fiction"
L 07/16/2020 - 04:07:04: [adminsounds.smx] "B0UL3T___0N3<10><[U:1:37484034]><>" launch the sound 0 - "Pulp Fiction"
L 07/16/2020 - 04:07:13: [adminsounds.smx] "B0UL3T___0N3<10><[U:1:37484034]><>" launch the sound 0 - "Ricard"
L 07/16/2020 - 04:07:49: [SM] Changed map to "dod_murky_p2"
L 07/16/2020 - 04:07:49: [SM] Changed map to "dod_murky_p2"
L 07/16/2020 - 04:07:50: -------- Mapchange to dod_murky_p2 --------
L 07/16/2020 - 04:07:50: [adminsounds.smx] 62 sounds loaded
L 07/16/2020 - 04:07:51: -------- Mapchange to dod_murky_p2 --------
L 07/16/2020 - 04:07:51: [adminsounds.smx] 62 sounds loaded
L 07/16/2020 - 04:07:56: [randomcycle.smx] RandomCycle has chosen dod_oasis_v1a for the nextmap.
L 07/16/2020 - 04:14:49: [mapchooser.smx] Voting for next map has started.
L 07/16/2020 - 04:18:51: [SM] Changed map to "dod_cdc_rats_rm"
L 07/16/2020 - 04:18:51: [SM] Changed map to "dod_cdc_rats_rm"
L 07/16/2020 - 04:18:51: -------- Mapchange to dod_cdc_rats_rm --------
L 07/16/2020 - 04:18:51: [adminsounds.smx] 62 sounds loaded
L 07/16/2020 - 04:18:52: -------- Mapchange to dod_cdc_rats_rm --------
L 07/16/2020 - 04:18:53: [adminsounds.smx] 62 sounds loaded
L 07/16/2020 - 04:18:58: [randomcycle.smx] RandomCycle has chosen dod_flash for the nextmap.
L 07/16/2020 - 04:25:51: [mapchooser.smx] Voting for next map has started.
L 07/16/2020 - 04:29:52: [SM] Changed map to "dod_orange_wallhack"
L 07/16/2020 - 04:29:52: [SM] Changed map to "dod_orange_wallhack"
L 07/16/2020 - 04:29:52: -------- Mapchange to dod_orange_wallhack --------
L 07/16/2020 - 04:29:52: [adminsounds.smx] 62 sounds loaded
L 07/16/2020 - 04:29:54: -------- Mapchange to dod_orange_wallhack --------
L 07/16/2020 - 04:29:54: [adminsounds.smx] 62 sounds loaded
L 07/16/2020 - 04:29:59: [randomcycle.smx] RandomCycle has chosen dod_aimap_b1 for the nextmap.
L 07/16/2020 - 04:36:52: [mapchooser.smx] Voting for next map has started.
L 07/16/2020 - 04:40:53: [SM] Changed map to "dod_sniperarena_dgs2"
L 07/16/2020 - 04:40:53: [SM] Changed map to "dod_sniperarena_dgs2"
L 07/16/2020 - 04:40:54: -------- Mapchange to dod_sniperarena_dgs2 --------
L 07/16/2020 - 04:40:54: [adminsounds.smx] 62 sounds loaded
L 07/16/2020 - 04:40:55: -------- Mapchange to dod_sniperarena_dgs2 --------
L 07/16/2020 - 04:40:55: [adminsounds.smx] 62 sounds loaded
L 07/16/2020 - 04:41:00: [randomcycle.smx] RandomCycle has chosen dod_orange_cancrelats for the nextmap.
L 07/16/2020 - 04:47:53: [mapchooser.smx] Voting for next map has started.
L 07/16/2020 - 04:51:54: [SM] Changed map to "dod_beer_circus"
L 07/16/2020 - 04:51:54: [SM] Changed map to "dod_beer_circus"
L 07/16/2020 - 04:52:03: -------- Mapchange to dod_beer_circus --------
L 07/16/2020 - 04:52:03: [adminsounds.smx] 62 sounds loaded
L 07/16/2020 - 04:52:12: -------- Mapchange to dod_beer_circus --------
L 07/16/2020 - 04:52:12: [adminsounds.smx] 62 sounds loaded
L 07/16/2020 - 04:52:17: [randomcycle.smx] RandomCycle has chosen dod_sewer_rats_b1 for the nextmap.
L 07/16/2020 - 04:59:10: [mapchooser.smx] Voting for next map has started.
L 07/16/2020 - 05:03:12: [SM] Changed map to "dod_oasis_v1a"
L 07/16/2020 - 05:03:12: [SM] Changed map to "dod_oasis_v1a"
L 07/16/2020 - 05:03:13: -------- Mapchange to dod_oasis_v1a --------
L 07/16/2020 - 05:03:13: [adminsounds.smx] 62 sounds loaded
L 07/16/2020 - 05:03:14: -------- Mapchange to dod_oasis_v1a --------
L 07/16/2020 - 05:03:14: [adminsounds.smx] 62 sounds loaded
L 07/16/2020 - 05:03:19: [randomcycle.smx] RandomCycle has chosen dod_murky_p2 for the nextmap.
L 07/16/2020 - 05:10:12: [mapchooser.smx] Voting for next map has started.
L 07/16/2020 - 05:14:13: [SM] Changed map to "dod_orange_wallhack"
L 07/16/2020 - 05:14:13: [SM] Changed map to "dod_orange_wallhack"
L 07/16/2020 - 05:14:14: -------- Mapchange to dod_orange_wallhack --------
L 07/16/2020 - 05:14:14: [adminsounds.smx] 62 sounds loaded
L 07/16/2020 - 05:14:15: -------- Mapchange to dod_orange_wallhack --------
L 07/16/2020 - 05:14:15: [adminsounds.smx] 62 sounds loaded
L 07/16/2020 - 05:14:20: [randomcycle.smx] RandomCycle has chosen dod_deux_chateaux_final for the nextmap.
L 07/16/2020 - 05:21:13: [mapchooser.smx] Voting for next map has started.
L 07/16/2020 - 05:25:14: [SM] Changed map to "dod_solitude_rats"
L 07/16/2020 - 05:25:14: [SM] Changed map to "dod_solitude_rats"
L 07/16/2020 - 05:25:15: -------- Mapchange to dod_solitude_rats --------
L 07/16/2020 - 05:25:15: [adminsounds.smx] 62 sounds loaded
L 07/16/2020 - 05:25:17: -------- Mapchange to dod_solitude_rats --------
L 07/16/2020 - 05:25:17: [adminsounds.smx] 62 sounds loaded
L 07/16/2020 - 05:25:22: [randomcycle.smx] RandomCycle has chosen dod_dli_football_b1 for the nextmap.
L 07/16/2020 - 05:32:15: [mapchooser.smx] Voting for next map has started.
L 07/16/2020 - 05:36:16: [SM] Changed map to "dod_anzio"
L 07/16/2020 - 05:36:16: [SM] Changed map to "dod_anzio"
L 07/16/2020 - 05:36:17: -------- Mapchange to dod_anzio --------
L 07/16/2020 - 05:36:18: [adminsounds.smx] 62 sounds loaded
L 07/16/2020 - 05:36:19: -------- Mapchange to dod_anzio --------
L 07/16/2020 - 05:36:19: [adminsounds.smx] 62 sounds loaded
L 07/16/2020 - 05:36:24: [randomcycle.smx] RandomCycle has chosen dod_rats for the nextmap.
L 07/16/2020 - 05:43:17: [mapchooser.smx] Voting for next map has started.
L 07/16/2020 - 05:47:18: [SM] Changed map to "dod_dli_football_b1"
L 07/16/2020 - 05:47:18: [SM] Changed map to "dod_dli_football_b1"
L 07/16/2020 - 05:47:19: -------- Mapchange to dod_dli_football_b1 --------
L 07/16/2020 - 05:47:19: [adminsounds.smx] 62 sounds loaded
L 07/16/2020 - 05:47:21: -------- Mapchange to dod_dli_football_b1 --------
L 07/16/2020 - 05:47:21: [adminsounds.smx] 62 sounds loaded
L 07/16/2020 - 05:47:26: [randomcycle.smx] RandomCycle has chosen dod_cdc_rats_rm for the nextmap.
L 07/16/2020 - 05:54:19: [mapchooser.smx] Voting for next map has started.
L 07/16/2020 - 05:58:20: [SM] Changed map to "dod_aimap_b1"
L 07/16/2020 - 05:58:20: [SM] Changed map to "dod_aimap_b1"
L 07/16/2020 - 05:58:21: -------- Mapchange to dod_aimap_b1 --------
L 07/16/2020 - 05:58:21: [adminsounds.smx] 62 sounds loaded
L 07/16/2020 - 05:58:22: -------- Mapchange to dod_aimap_b1 --------
L 07/16/2020 - 05:58:22: [adminsounds.smx] 62 sounds loaded
L 07/16/2020 - 05:58:27: [randomcycle.smx] RandomCycle has chosen dod_dust2_snow_xmas for the nextmap.
L 07/16/2020 - 06:05:20: [mapchooser.smx] Voting for next map has started.
L 07/16/2020 - 06:09:21: [SM] Changed map to "mario_air"
L 07/16/2020 - 06:09:22: [SM] Changed map to "mario_air"
L 07/16/2020 - 06:09:23: -------- Mapchange to mario_air --------
L 07/16/2020 - 06:09:23: [adminsounds.smx] 62 sounds loaded
L 07/16/2020 - 06:09:24: -------- Mapchange to mario_air --------
L 07/16/2020 - 06:09:24: [adminsounds.smx] 62 sounds loaded
L 07/16/2020 - 06:09:29: [randomcycle.smx] RandomCycle has chosen dod_fullhouse for the nextmap.
L 07/16/2020 - 06:16:22: [mapchooser.smx] Voting for next map has started.
L 07/16/2020 - 06:20:23: [SM] Changed map to "dod_bunky2_modified"
L 07/16/2020 - 06:20:23: [SM] Changed map to "dod_bunky2_modified"
L 07/16/2020 - 06:20:24: -------- Mapchange to dod_bunky2_modified --------
L 07/16/2020 - 06:20:24: [adminsounds.smx] 62 sounds loaded
L 07/16/2020 - 06:20:26: -------- Mapchange to dod_bunky2_modified --------
L 07/16/2020 - 06:20:26: [adminsounds.smx] 62 sounds loaded
L 07/16/2020 - 06:20:31: [randomcycle.smx] RandomCycle has chosen dod_avalanche@night for the nextmap.
L 07/16/2020 - 06:27:24: [mapchooser.smx] Voting for next map has started.
L 07/16/2020 - 06:31:25: [SM] Changed map to "dod_sniper_wars_beta"
L 07/16/2020 - 06:31:25: [SM] Changed map to "dod_sniper_wars_beta"
L 07/16/2020 - 06:31:26: -------- Mapchange to dod_sniper_wars_beta --------
L 07/16/2020 - 06:31:26: [adminsounds.smx] 62 sounds loaded
L 07/16/2020 - 06:31:27: -------- Mapchange to dod_sniper_wars_beta --------
L 07/16/2020 - 06:31:27: [adminsounds.smx] 62 sounds loaded
L 07/16/2020 - 06:31:32: [randomcycle.smx] RandomCycle has chosen dod_anzio for the nextmap.
L 07/16/2020 - 06:38:25: [mapchooser.smx] Voting for next map has started.
L 07/16/2020 - 06:42:26: [SM] Changed map to "dod_sniper_killbox_v2"
L 07/16/2020 - 06:42:26: [SM] Changed map to "dod_sniper_killbox_v2"
L 07/16/2020 - 06:42:27: -------- Mapchange to dod_sniper_killbox_v2 --------
L 07/16/2020 - 06:42:27: [adminsounds.smx] 62 sounds loaded
L 07/16/2020 - 06:42:29: -------- Mapchange to dod_sniper_killbox_v2 --------
L 07/16/2020 - 06:42:29: [adminsounds.smx] 62 sounds loaded
L 07/16/2020 - 06:42:34: [randomcycle.smx] RandomCycle has chosen dod_bigbunky_v4 for the nextmap.
L 07/16/2020 - 06:49:27: [mapchooser.smx] Voting for next map has started.
L 07/16/2020 - 06:53:28: [SM] Changed map to "acc_labice"
L 07/16/2020 - 06:53:28: [SM] Changed map to "acc_labice"
L 07/16/2020 - 06:53:29: -------- Mapchange to acc_labice --------
L 07/16/2020 - 06:53:29: [adminsounds.smx] 62 sounds loaded
L 07/16/2020 - 06:53:30: -------- Mapchange to acc_labice --------
L 07/16/2020 - 06:53:30: [adminsounds.smx] 62 sounds loaded
L 07/16/2020 - 06:53:35: [randomcycle.smx] RandomCycle has chosen dod_kalt for the nextmap.
L 07/16/2020 - 07:00:28: [mapchooser.smx] Voting for next map has started.
L 07/16/2020 - 07:04:29: [SM] Changed map to "dod_orange_sniper"
L 07/16/2020 - 07:04:30: [SM] Changed map to "dod_orange_sniper"
L 07/16/2020 - 07:04:31: -------- Mapchange to dod_orange_sniper --------
L 07/16/2020 - 07:04:31: [adminsounds.smx] 62 sounds loaded
L 07/16/2020 - 07:04:32: -------- Mapchange to dod_orange_sniper --------
L 07/16/2020 - 07:04:32: [adminsounds.smx] 62 sounds loaded
L 07/16/2020 - 07:04:37: [randomcycle.smx] RandomCycle has chosen dod_sniperarena_dgs2 for the nextmap.
L 07/16/2020 - 07:11:30: [mapchooser.smx] Voting for next map has started.
L 07/16/2020 - 07:15:31: [SM] Changed map to "dod_fullhouse"
L 07/16/2020 - 07:15:31: [SM] Changed map to "dod_fullhouse"
L 07/16/2020 - 07:15:32: -------- Mapchange to dod_fullhouse --------
L 07/16/2020 - 07:15:32: [adminsounds.smx] 62 sounds loaded
L 07/16/2020 - 07:15:34: -------- Mapchange to dod_fullhouse --------
L 07/16/2020 - 07:15:34: [adminsounds.smx] 62 sounds loaded
L 07/16/2020 - 07:15:39: [randomcycle.smx] RandomCycle has chosen dod_jagd for the nextmap.
L 07/16/2020 - 07:22:32: [mapchooser.smx] Voting for next map has started.
L 07/16/2020 - 07:26:33: [SM] Changed map to "dod_colmar"
L 07/16/2020 - 07:26:33: [SM] Changed map to "dod_colmar"
L 07/16/2020 - 07:26:35: -------- Mapchange to dod_colmar --------
L 07/16/2020 - 07:26:35: [adminsounds.smx] 62 sounds loaded
L 07/16/2020 - 07:26:37: -------- Mapchange to dod_colmar --------
L 07/16/2020 - 07:26:37: [adminsounds.smx] 62 sounds loaded
L 07/16/2020 - 07:26:42: [randomcycle.smx] RandomCycle has chosen dod_beer_circus for the nextmap.
L 07/16/2020 - 07:33:36: [mapchooser.smx] Voting for next map has started.
L 07/16/2020 - 07:37:37: [SM] Changed map to "dod_sand_rats_2006"
L 07/16/2020 - 07:37:37: [SM] Changed map to "dod_sand_rats_2006"
L 07/16/2020 - 07:37:38: -------- Mapchange to dod_sand_rats_2006 --------
L 07/16/2020 - 07:37:38: [adminsounds.smx] 62 sounds loaded
L 07/16/2020 - 07:37:39: -------- Mapchange to dod_sand_rats_2006 --------
L 07/16/2020 - 07:37:39: [adminsounds.smx] 62 sounds loaded
L 07/16/2020 - 07:37:44: [randomcycle.smx] RandomCycle has chosen dod_sniper_killbox_v2 for the nextmap.
L 07/16/2020 - 07:44:37: [mapchooser.smx] Voting for next map has started.
L 07/16/2020 - 07:48:39: [SM] Changed map to "dod_flash"
L 07/16/2020 - 07:48:39: [SM] Changed map to "dod_flash"
L 07/16/2020 - 07:48:40: -------- Mapchange to dod_flash --------
L 07/16/2020 - 07:48:40: [adminsounds.smx] 62 sounds loaded
L 07/16/2020 - 07:48:41: -------- Mapchange to dod_flash --------
L 07/16/2020 - 07:48:42: [adminsounds.smx] 62 sounds loaded
L 07/16/2020 - 07:48:47: [randomcycle.smx] RandomCycle has chosen dod_legoland_b2 for the nextmap.
L 07/16/2020 - 07:55:40: [mapchooser.smx] Voting for next map has started.
L 07/16/2020 - 07:59:41: [SM] Changed map to "dod_deux_chateaux_final"
L 07/16/2020 - 07:59:41: [SM] Changed map to "dod_deux_chateaux_final"
L 07/16/2020 - 07:59:42: -------- Mapchange to dod_deux_chateaux_final --------
L 07/16/2020 - 07:59:42: [adminsounds.smx] 62 sounds loaded
L 07/16/2020 - 07:59:43: -------- Mapchange to dod_deux_chateaux_final --------
L 07/16/2020 - 07:59:44: [adminsounds.smx] 62 sounds loaded
L 07/16/2020 - 07:59:49: [randomcycle.smx] RandomCycle has chosen dod_orange_bridges for the nextmap.
L 07/16/2020 - 08:06:42: [mapchooser.smx] Voting for next map has started.
L 07/16/2020 - 08:10:43: [SM] Changed map to "dod_bunky2_modified"
L 07/16/2020 - 08:10:43: [SM] Changed map to "dod_bunky2_modified"
L 07/16/2020 - 08:10:44: -------- Mapchange to dod_bunky2_modified --------
L 07/16/2020 - 08:10:44: [adminsounds.smx] 62 sounds loaded
L 07/16/2020 - 08:10:45: -------- Mapchange to dod_bunky2_modified --------
L 07/16/2020 - 08:10:45: [adminsounds.smx] 62 sounds loaded
L 07/16/2020 - 08:10:51: [randomcycle.smx] RandomCycle has chosen acc_labice for the nextmap.
L 07/16/2020 - 08:17:44: [mapchooser.smx] Voting for next map has started.
L 07/16/2020 - 08:21:45: [SM] Changed map to "dod_solitude_rats"
L 07/16/2020 - 08:21:45: [SM] Changed map to "dod_solitude_rats"
L 07/16/2020 - 08:21:46: -------- Mapchange to dod_solitude_rats --------
L 07/16/2020 - 08:21:46: [adminsounds.smx] 62 sounds loaded
L 07/16/2020 - 08:21:48: -------- Mapchange to dod_solitude_rats --------
L 07/16/2020 - 08:21:48: [adminsounds.smx] 62 sounds loaded
L 07/16/2020 - 08:21:53: [randomcycle.smx] RandomCycle has chosen babyfight_arena for the nextmap.
L 07/16/2020 - 08:28:46: [mapchooser.smx] Voting for next map has started.
L 07/16/2020 - 08:32:47: [SM] Changed map to "dod_argentan"
L 07/16/2020 - 08:32:47: [SM] Changed map to "dod_argentan"
L 07/16/2020 - 08:32:49: -------- Mapchange to dod_argentan --------
L 07/16/2020 - 08:32:49: [adminsounds.smx] 62 sounds loaded
L 07/16/2020 - 08:32:50: -------- Mapchange to dod_argentan --------
L 07/16/2020 - 08:32:50: [adminsounds.smx] 62 sounds loaded
L 07/16/2020 - 08:32:56: [randomcycle.smx] RandomCycle has chosen dod_sucette_v3 for the nextmap.
L 07/16/2020 - 08:39:49: [mapchooser.smx] Voting for next map has started.
L 07/16/2020 - 08:43:50: [SM] Changed map to "dod_sucette_v3"
L 07/16/2020 - 08:43:50: [SM] Changed map to "dod_sucette_v3"
L 07/16/2020 - 08:43:51: -------- Mapchange to dod_sucette_v3 --------
L 07/16/2020 - 08:43:51: [adminsounds.smx] 62 sounds loaded
L 07/16/2020 - 08:43:53: -------- Mapchange to dod_sucette_v3 --------
L 07/16/2020 - 08:43:53: [adminsounds.smx] 62 sounds loaded
L 07/16/2020 - 08:43:58: [randomcycle.smx] RandomCycle has chosen dod_aimap_b1 for the nextmap.
L 07/16/2020 - 08:50:51: [mapchooser.smx] Voting for next map has started.
L 07/16/2020 - 08:54:52: [SM] Changed map to "dod_beer_circus"
L 07/16/2020 - 08:54:52: [SM] Changed map to "dod_beer_circus"
L 07/16/2020 - 08:55:01: -------- Mapchange to dod_beer_circus --------
L 07/16/2020 - 08:55:01: [adminsounds.smx] 62 sounds loaded
L 07/16/2020 - 08:55:11: -------- Mapchange to dod_beer_circus --------
L 07/16/2020 - 08:55:11: [adminsounds.smx] 62 sounds loaded
L 07/16/2020 - 08:55:16: [randomcycle.smx] RandomCycle has chosen dod_orange_damier_v2 for the nextmap.
L 07/16/2020 - 09:02:09: [mapchooser.smx] Voting for next map has started.
L 07/16/2020 - 09:06:10: [SM] Changed map to "dod_sewer_rats_b1"
L 07/16/2020 - 09:06:10: [SM] Changed map to "dod_sewer_rats_b1"
L 07/16/2020 - 09:06:11: -------- Mapchange to dod_sewer_rats_b1 --------
L 07/16/2020 - 09:06:11: [adminsounds.smx] 62 sounds loaded
L 07/16/2020 - 09:06:13: -------- Mapchange to dod_sewer_rats_b1 --------
L 07/16/2020 - 09:06:13: [adminsounds.smx] 62 sounds loaded
L 07/16/2020 - 09:06:18: [randomcycle.smx] RandomCycle has chosen dod_murky_p2 for the nextmap.
L 07/16/2020 - 09:13:11: [mapchooser.smx] Voting for next map has started.
L 07/16/2020 - 09:17:12: [SM] Changed map to "dod_dli_football_b1"
L 07/16/2020 - 09:17:12: [SM] Changed map to "dod_dli_football_b1"
L 07/16/2020 - 09:17:13: -------- Mapchange to dod_dli_football_b1 --------
L 07/16/2020 - 09:17:13: [adminsounds.smx] 62 sounds loaded
L 07/16/2020 - 09:17:15: -------- Mapchange to dod_dli_football_b1 --------
L 07/16/2020 - 09:17:15: [adminsounds.smx] 62 sounds loaded
L 07/16/2020 - 09:17:20: [randomcycle.smx] RandomCycle has chosen dod_cdc_rats_rm for the nextmap.
L 07/16/2020 - 09:24:13: [mapchooser.smx] Voting for next map has started.
L 07/16/2020 - 09:28:14: [SM] Changed map to "dod_rats"
L 07/16/2020 - 09:28:14: [SM] Changed map to "dod_rats"
L 07/16/2020 - 09:28:16: -------- Mapchange to dod_rats --------
L 07/16/2020 - 09:28:16: [adminsounds.smx] 62 sounds loaded
L 07/16/2020 - 09:28:17: -------- Mapchange to dod_rats --------
L 07/16/2020 - 09:28:18: [adminsounds.smx] 62 sounds loaded
L 07/16/2020 - 09:28:23: [randomcycle.smx] RandomCycle has chosen dod_bunky2_modified for the nextmap.
L 07/16/2020 - 09:35:16: [mapchooser.smx] Voting for next map has started.
L 07/16/2020 - 09:39:17: [SM] Changed map to "dod_bigbunky_v4"
L 07/16/2020 - 09:39:17: [SM] Changed map to "dod_bigbunky_v4"
L 07/16/2020 - 09:39:18: -------- Mapchange to dod_bigbunky_v4 --------
L 07/16/2020 - 09:39:18: [adminsounds.smx] 62 sounds loaded
L 07/16/2020 - 09:39:20: -------- Mapchange to dod_bigbunky_v4 --------
L 07/16/2020 - 09:39:20: [adminsounds.smx] 62 sounds loaded
L 07/16/2020 - 09:39:25: [randomcycle.smx] RandomCycle has chosen sniperzone for the nextmap.
L 07/16/2020 - 09:46:18: [mapchooser.smx] Voting for next map has started.
L 07/16/2020 - 09:46:25: [mapchooser.smx] Voting for next map has finished. Nextmap: dod_cdc_rats_rm.
L 07/16/2020 - 09:50:19: [SM] Changed map to "dod_cdc_rats_rm"
L 07/16/2020 - 09:50:19: [SM] Changed map to "dod_cdc_rats_rm"
L 07/16/2020 - 09:50:21: -------- Mapchange to dod_cdc_rats_rm --------
L 07/16/2020 - 09:50:21: [adminsounds.smx] 62 sounds loaded
L 07/16/2020 - 09:50:22: -------- Mapchange to dod_cdc_rats_rm --------
L 07/16/2020 - 09:50:22: [adminsounds.smx] 62 sounds loaded
L 07/16/2020 - 09:50:28: [randomcycle.smx] RandomCycle has chosen dod_dli_football_b1 for the nextmap.
L 07/16/2020 - 09:57:21: [mapchooser.smx] Voting for next map has started.
L 07/16/2020 - 09:57:29: [mapchooser.smx] Voting for next map has finished. Nextmap: dod_iceworld_final_[bds]_doc.
L 07/16/2020 - 09:58:15: [basecommands.smx] "B0UL3T___0N3<16><[U:1:37484034]><>" changed map to "dod_chocolate_fight_arena"
L 07/16/2020 - 09:58:18: [SM] Changed map to "dod_chocolate_fight_arena"
L 07/16/2020 - 09:58:19: -------- Mapchange to dod_chocolate_fight_arena --------
L 07/16/2020 - 09:58:19: [adminsounds.smx] 62 sounds loaded
L 07/16/2020 - 09:58:25: [randomcycle.smx] RandomCycle has chosen dod_oasis_v1a for the nextmap.
L 07/16/2020 - 10:01:42: [playercommands.smx] "B0UL3T___0N3<16><[U:1:37484034]><>" slapped "B0UL3T___0N3<16><[U:1:37484034]><>" (damage "1")
L 07/16/2020 - 10:01:48: [playercommands.smx] "B0UL3T___0N3<16><[U:1:37484034]><>" slapped "B0UL3T___0N3<16><[U:1:37484034]><>" (damage "1")
L 07/16/2020 - 10:01:48: [playercommands.smx] "B0UL3T___0N3<16><[U:1:37484034]><>" slapped "B0UL3T___0N3<16><[U:1:37484034]><>" (damage "1")
L 07/16/2020 - 10:01:48: [playercommands.smx] "B0UL3T___0N3<16><[U:1:37484034]><>" slapped "B0UL3T___0N3<16><[U:1:37484034]><>" (damage "1")
L 07/16/2020 - 10:01:48: [playercommands.smx] "B0UL3T___0N3<16><[U:1:37484034]><>" slapped "B0UL3T___0N3<16><[U:1:37484034]><>" (damage "1")
L 07/16/2020 - 10:01:49: [playercommands.smx] "B0UL3T___0N3<16><[U:1:37484034]><>" slapped "B0UL3T___0N3<16><[U:1:37484034]><>" (damage "1")
L 07/16/2020 - 10:01:49: [playercommands.smx] "B0UL3T___0N3<16><[U:1:37484034]><>" slapped "B0UL3T___0N3<16><[U:1:37484034]><>" (damage "1")
L 07/16/2020 - 10:01:49: [playercommands.smx] "B0UL3T___0N3<16><[U:1:37484034]><>" slapped "B0UL3T___0N3<16><[U:1:37484034]><>" (damage "1")
L 07/16/2020 - 10:01:49: [playercommands.smx] "B0UL3T___0N3<16><[U:1:37484034]><>" slapped "B0UL3T___0N3<16><[U:1:37484034]><>" (damage "1")
L 07/16/2020 - 10:01:49: [playercommands.smx] "B0UL3T___0N3<16><[U:1:37484034]><>" slapped "B0UL3T___0N3<16><[U:1:37484034]><>" (damage "1")
L 07/16/2020 - 10:01:50: [playercommands.smx] "B0UL3T___0N3<16><[U:1:37484034]><>" slapped "B0UL3T___0N3<16><[U:1:37484034]><>" (damage "1")
L 07/16/2020 - 10:01:50: [playercommands.smx] "B0UL3T___0N3<16><[U:1:37484034]><>" slapped "B0UL3T___0N3<16><[U:1:37484034]><>" (damage "1")
L 07/16/2020 - 10:01:50: [playercommands.smx] "B0UL3T___0N3<16><[U:1:37484034]><>" slapped "B0UL3T___0N3<16><[U:1:37484034]><>" (damage "1")
L 07/16/2020 - 10:01:51: [playercommands.smx] "B0UL3T___0N3<16><[U:1:37484034]><>" slapped "B0UL3T___0N3<16><[U:1:37484034]><>" (damage "1")
L 07/16/2020 - 10:01:51: [playercommands.smx] "B0UL3T___0N3<16><[U:1:37484034]><>" slapped "B0UL3T___0N3<16><[U:1:37484034]><>" (damage "1")
L 07/16/2020 - 10:01:51: [playercommands.smx] "B0UL3T___0N3<16><[U:1:37484034]><>" slapped "B0UL3T___0N3<16><[U:1:37484034]><>" (damage "1")
L 07/16/2020 - 10:01:52: [playercommands.smx] "B0UL3T___0N3<16><[U:1:37484034]><>" slapped "B0UL3T___0N3<16><[U:1:37484034]><>" (damage "1")
L 07/16/2020 - 10:01:52: [playercommands.smx] "B0UL3T___0N3<16><[U:1:37484034]><>" slapped "B0UL3T___0N3<16><[U:1:37484034]><>" (damage "1")
L 07/16/2020 - 10:01:52: [playercommands.smx] "B0UL3T___0N3<16><[U:1:37484034]><>" slapped "B0UL3T___0N3<16><[U:1:37484034]><>" (damage "1")
L 07/16/2020 - 10:01:52: [playercommands.smx] "B0UL3T___0N3<16><[U:1:37484034]><>" slapped "B0UL3T___0N3<16><[U:1:37484034]><>" (damage "1")
L 07/16/2020 - 10:01:52: [playercommands.smx] "B0UL3T___0N3<16><[U:1:37484034]><>" slapped "B0UL3T___0N3<16><[U:1:37484034]><>" (damage "1")
L 07/16/2020 - 10:01:59: [playercommands.smx] "B0UL3T___0N3<16><[U:1:37484034]><>" slapped "B0UL3T___0N3<16><[U:1:37484034]><>" (damage "1")
L 07/16/2020 - 10:01:59: [playercommands.smx] "B0UL3T___0N3<16><[U:1:37484034]><>" slapped "B0UL3T___0N3<16><[U:1:37484034]><>" (damage "1")
L 07/16/2020 - 10:01:59: [playercommands.smx] "B0UL3T___0N3<16><[U:1:37484034]><>" slapped "B0UL3T___0N3<16><[U:1:37484034]><>" (damage "1")
L 07/16/2020 - 10:01:59: [playercommands.smx] "B0UL3T___0N3<16><[U:1:37484034]><>" slapped "B0UL3T___0N3<16><[U:1:37484034]><>" (damage "1")
L 07/16/2020 - 10:02:00: [playercommands.smx] "B0UL3T___0N3<16><[U:1:37484034]><>" slapped "B0UL3T___0N3<16><[U:1:37484034]><>" (damage "1")
L 07/16/2020 - 10:02:00: [playercommands.smx] "B0UL3T___0N3<16><[U:1:37484034]><>" slapped "B0UL3T___0N3<16><[U:1:37484034]><>" (damage "1")
L 07/16/2020 - 10:02:00: [playercommands.smx] "B0UL3T___0N3<16><[U:1:37484034]><>" slapped "B0UL3T___0N3<16><[U:1:37484034]><>" (damage "1")
L 07/16/2020 - 10:02:01: [playercommands.smx] "B0UL3T___0N3<16><[U:1:37484034]><>" slapped "B0UL3T___0N3<16><[U:1:37484034]><>" (damage "1")
L 07/16/2020 - 10:02:01: [playercommands.smx] "B0UL3T___0N3<16><[U:1:37484034]><>" slapped "B0UL3T___0N3<16><[U:1:37484034]><>" (damage "1")
L 07/16/2020 - 10:02:02: [playercommands.smx] "B0UL3T___0N3<16><[U:1:37484034]><>" slapped "B0UL3T___0N3<16><[U:1:37484034]><>" (damage "1")
L 07/16/2020 - 10:02:03: [playercommands.smx] "B0UL3T___0N3<16><[U:1:37484034]><>" slapped "B0UL3T___0N3<16><[U:1:37484034]><>" (damage "1")
L 07/16/2020 - 10:02:03: [playercommands.smx] "B0UL3T___0N3<16><[U:1:37484034]><>" slapped "B0UL3T___0N3<16><[U:1:37484034]><>" (damage "1")
L 07/16/2020 - 10:02:03: [playercommands.smx] "B0UL3T___0N3<16><[U:1:37484034]><>" slapped "B0UL3T___0N3<16><[U:1:37484034]><>" (damage "1")
L 07/16/2020 - 10:02:03: [playercommands.smx] "B0UL3T___0N3<16><[U:1:37484034]><>" slapped "B0UL3T___0N3<16><[U:1:37484034]><>" (damage "1")
L 07/16/2020 - 10:02:03: [playercommands.smx] "B0UL3T___0N3<16><[U:1:37484034]><>" slapped "B0UL3T___0N3<16><[U:1:37484034]><>" (damage "1")
L 07/16/2020 - 10:02:04: [playercommands.smx] "B0UL3T___0N3<16><[U:1:37484034]><>" slapped "B0UL3T___0N3<16><[U:1:37484034]><>" (damage "1")
L 07/16/2020 - 10:02:04: [playercommands.smx] "B0UL3T___0N3<16><[U:1:37484034]><>" slapped "B0UL3T___0N3<16><[U:1:37484034]><>" (damage "1")
L 07/16/2020 - 10:02:04: [playercommands.smx] "B0UL3T___0N3<16><[U:1:37484034]><>" slapped "B0UL3T___0N3<16><[U:1:37484034]><>" (damage "1")
L 07/16/2020 - 10:02:05: [playercommands.smx] "B0UL3T___0N3<16><[U:1:37484034]><>" slapped "B0UL3T___0N3<16><[U:1:37484034]><>" (damage "1")
L 07/16/2020 - 10:02:06: [playercommands.smx] "B0UL3T___0N3<16><[U:1:37484034]><>" slapped "B0UL3T___0N3<16><[U:1:37484034]><>" (damage "1")
L 07/16/2020 - 10:02:06: [playercommands.smx] "B0UL3T___0N3<16><[U:1:37484034]><>" slapped "B0UL3T___0N3<16><[U:1:37484034]><>" (damage "1")
L 07/16/2020 - 10:02:06: [playercommands.smx] "B0UL3T___0N3<16><[U:1:37484034]><>" slapped "B0UL3T___0N3<16><[U:1:37484034]><>" (damage "1")
L 07/16/2020 - 10:02:06: [playercommands.smx] "B0UL3T___0N3<16><[U:1:37484034]><>" slapped "B0UL3T___0N3<16><[U:1:37484034]><>" (damage "1")
L 07/16/2020 - 10:02:07: [playercommands.smx] "B0UL3T___0N3<16><[U:1:37484034]><>" slapped "B0UL3T___0N3<16><[U:1:37484034]><>" (damage "1")
L 07/16/2020 - 10:02:07: [playercommands.smx] "B0UL3T___0N3<16><[U:1:37484034]><>" slapped "B0UL3T___0N3<16><[U:1:37484034]><>" (damage "1")
L 07/16/2020 - 10:02:07: [playercommands.smx] "B0UL3T___0N3<16><[U:1:37484034]><>" slapped "B0UL3T___0N3<16><[U:1:37484034]><>" (damage "1")
L 07/16/2020 - 10:02:07: [playercommands.smx] "B0UL3T___0N3<16><[U:1:37484034]><>" slapped "B0UL3T___0N3<16><[U:1:37484034]><>" (damage "1")
L 07/16/2020 - 10:02:08: [playercommands.smx] "B0UL3T___0N3<16><[U:1:37484034]><>" slapped "B0UL3T___0N3<16><[U:1:37484034]><>" (damage "1")
L 07/16/2020 - 10:02:08: [playercommands.smx] "B0UL3T___0N3<16><[U:1:37484034]><>" slapped "B0UL3T___0N3<16><[U:1:37484034]><>" (damage "1")
L 07/16/2020 - 10:02:08: [playercommands.smx] "B0UL3T___0N3<16><[U:1:37484034]><>" slapped "B0UL3T___0N3<16><[U:1:37484034]><>" (damage "1")
L 07/16/2020 - 10:02:12: [playercommands.smx] "B0UL3T___0N3<16><[U:1:37484034]><>" slapped "B0UL3T___0N3<16><[U:1:37484034]><>" (damage "1")
L 07/16/2020 - 10:02:22: [playercommands.smx] "B0UL3T___0N3<16><[U:1:37484034]><>" slapped "B0UL3T___0N3<16><[U:1:37484034]><>" (damage "1")
L 07/16/2020 - 10:02:22: [playercommands.smx] "B0UL3T___0N3<16><[U:1:37484034]><>" slapped "B0UL3T___0N3<16><[U:1:37484034]><>" (damage "1")
L 07/16/2020 - 10:02:22: [playercommands.smx] "B0UL3T___0N3<16><[U:1:37484034]><>" slapped "B0UL3T___0N3<16><[U:1:37484034]><>" (damage "1")
L 07/16/2020 - 10:02:23: [playercommands.smx] "B0UL3T___0N3<16><[U:1:37484034]><>" slapped "B0UL3T___0N3<16><[U:1:37484034]><>" (damage "1")
L 07/16/2020 - 10:02:23: [playercommands.smx] "B0UL3T___0N3<16><[U:1:37484034]><>" slapped "B0UL3T___0N3<16><[U:1:37484034]><>" (damage "1")
L 07/16/2020 - 10:02:23: [playercommands.smx] "B0UL3T___0N3<16><[U:1:37484034]><>" slapped "B0UL3T___0N3<16><[U:1:37484034]><>" (damage "1")
L 07/16/2020 - 10:02:24: [playercommands.smx] "B0UL3T___0N3<16><[U:1:37484034]><>" slapped "B0UL3T___0N3<16><[U:1:37484034]><>" (damage "1")
L 07/16/2020 - 10:02:24: [playercommands.smx] "B0UL3T___0N3<16><[U:1:37484034]><>" slapped "B0UL3T___0N3<16><[U:1:37484034]><>" (damage "1")
L 07/16/2020 - 10:02:24: [playercommands.smx] "B0UL3T___0N3<16><[U:1:37484034]><>" slapped "B0UL3T___0N3<16><[U:1:37484034]><>" (damage "1")
L 07/16/2020 - 10:02:25: [playercommands.smx] "B0UL3T___0N3<16><[U:1:37484034]><>" slapped "B0UL3T___0N3<16><[U:1:37484034]><>" (damage "1")
L 07/16/2020 - 10:02:32: [playercommands.smx] "B0UL3T___0N3<16><[U:1:37484034]><>" slapped "B0UL3T___0N3<16><[U:1:37484034]><>" (damage "1")
L 07/16/2020 - 10:02:32: [playercommands.smx] "B0UL3T___0N3<16><[U:1:37484034]><>" slapped "B0UL3T___0N3<16><[U:1:37484034]><>" (damage "1")
L 07/16/2020 - 10:02:32: [playercommands.smx] "B0UL3T___0N3<16><[U:1:37484034]><>" slapped "B0UL3T___0N3<16><[U:1:37484034]><>" (damage "1")
L 07/16/2020 - 10:02:32: [playercommands.smx] "B0UL3T___0N3<16><[U:1:37484034]><>" slapped "B0UL3T___0N3<16><[U:1:37484034]><>" (damage "1")
L 07/16/2020 - 10:02:33: [playercommands.smx] "B0UL3T___0N3<16><[U:1:37484034]><>" slapped "B0UL3T___0N3<16><[U:1:37484034]><>" (damage "1")
L 07/16/2020 - 10:02:33: [playercommands.smx] "B0UL3T___0N3<16><[U:1:37484034]><>" slapped "B0UL3T___0N3<16><[U:1:37484034]><>" (damage "1")
L 07/16/2020 - 10:02:33: [playercommands.smx] "B0UL3T___0N3<16><[U:1:37484034]><>" slapped "B0UL3T___0N3<16><[U:1:37484034]><>" (damage "1")
L 07/16/2020 - 10:03:52: [basevotes.smx] "B0UL3T___0N3<16><[U:1:37484034]><>" initiated a map vote.
L 07/16/2020 - 10:03:58: [basevotes.smx] Changing map to dod_football_a due to vote.
L 07/16/2020 - 10:04:03: [SM] Changed map to "dod_football_a"
L 07/16/2020 - 10:04:04: -------- Mapchange to dod_football_a --------
L 07/16/2020 - 10:04:04: [adminsounds.smx] 62 sounds loaded
L 07/16/2020 - 10:04:10: [randomcycle.smx] RandomCycle has chosen dod_chocolate_fight_arena for the nextmap.
L 07/16/2020 - 10:11:03: [mapchooser.smx] Voting for next map has started.
L 07/16/2020 - 10:15:04: [SM] Changed map to "dod_kalt"
L 07/16/2020 - 10:15:04: [SM] Changed map to "dod_kalt"
L 07/16/2020 - 10:15:06: -------- Mapchange to dod_kalt --------
L 07/16/2020 - 10:15:06: [adminsounds.smx] 62 sounds loaded
L 07/16/2020 - 10:15:08: -------- Mapchange to dod_kalt --------
L 07/16/2020 - 10:15:08: [adminsounds.smx] 62 sounds loaded
L 07/16/2020 - 10:15:14: [randomcycle.smx] RandomCycle has chosen dod_legoland_b2 for the nextmap.
L 07/16/2020 - 10:15:47: [mapchooser.smx] Starting map vote because outside request
L 07/16/2020 - 10:15:47: [mapchooser.smx] Voting for next map has started.
L 07/16/2020 - 10:15:55: [mapchooser.smx] Voting for next map has finished. Nextmap: dod_oasis_v1a.
L 07/16/2020 - 10:15:57: [SM] Changed map to "dod_oasis_v1a"
L 07/16/2020 - 10:15:58: -------- Mapchange to dod_oasis_v1a --------
L 07/16/2020 - 10:15:58: [adminsounds.smx] 62 sounds loaded
L 07/16/2020 - 10:16:04: [randomcycle.smx] RandomCycle has chosen dod_risk_b9 for the nextmap.
L 07/16/2020 - 10:19:51: [basecommands.smx] "B0UL3T___0N3<22><[U:1:37484034]><>" changed map to "dod_oasis_v1a"
L 07/16/2020 - 10:19:54: [SM] Changed map to "dod_oasis_v1a"
L 07/16/2020 - 10:19:55: -------- Mapchange to dod_oasis_v1a --------
L 07/16/2020 - 10:19:55: [adminsounds.smx] 62 sounds loaded
L 07/16/2020 - 10:20:01: [randomcycle.smx] RandomCycle has chosen dod_flash for the nextmap.
L 07/16/2020 - 10:24:03: [playercommands.smx] "B0UL3T___0N3<23><[U:1:37484034]><>" slapped "B0UL3T___0N3<23><[U:1:37484034]><>" (damage "20")
L 07/16/2020 - 10:24:05: [playercommands.smx] "B0UL3T___0N3<23><[U:1:37484034]><>" slapped "B0UL3T___0N3<23><[U:1:37484034]><>" (damage "20")
L 07/16/2020 - 10:24:06: [playercommands.smx] "B0UL3T___0N3<23><[U:1:37484034]><>" slapped "B0UL3T___0N3<23><[U:1:37484034]><>" (damage "20")
L 07/16/2020 - 10:24:07: [playercommands.smx] "B0UL3T___0N3<23><[U:1:37484034]><>" slapped "B0UL3T___0N3<23><[U:1:37484034]><>" (damage "20")
L 07/16/2020 - 10:24:08: [playercommands.smx] "B0UL3T___0N3<23><[U:1:37484034]><>" slapped "B0UL3T___0N3<23><[U:1:37484034]><>" (damage "20")
L 07/16/2020 - 10:26:54: [mapchooser.smx] Voting for next map has started.
L 07/16/2020 - 10:30:55: [SM] Changed map to "dod_bigbunky_v4"
L 07/16/2020 - 10:30:55: [SM] Changed map to "dod_bigbunky_v4"
L 07/16/2020 - 10:30:57: -------- Mapchange to dod_bigbunky_v4 --------
L 07/16/2020 - 10:30:57: [adminsounds.smx] 62 sounds loaded
L 07/16/2020 - 10:30:58: -------- Mapchange to dod_bigbunky_v4 --------
L 07/16/2020 - 10:30:58: [adminsounds.smx] 62 sounds loaded
L 07/16/2020 - 10:31:04: [randomcycle.smx] RandomCycle has chosen dod_sniper_killbox_v2 for the nextmap.
L 07/16/2020 - 10:37:57: [mapchooser.smx] Voting for next map has started.
L 07/16/2020 - 10:41:58: [SM] Changed map to "dod_mousekitchen_ed"
L 07/16/2020 - 10:41:58: [SM] Changed map to "dod_mousekitchen_ed"
L 07/16/2020 - 10:41:59: -------- Mapchange to dod_mousekitchen_ed --------
L 07/16/2020 - 10:41:59: [adminsounds.smx] 62 sounds loaded
L 07/16/2020 - 10:42:01: -------- Mapchange to dod_mousekitchen_ed --------
L 07/16/2020 - 10:42:01: [adminsounds.smx] 62 sounds loaded
L 07/16/2020 - 10:42:06: [randomcycle.smx] RandomCycle has chosen acc_labice for the nextmap.
L 07/16/2020 - 10:48:59: [mapchooser.smx] Voting for next map has started.
L 07/16/2020 - 10:53:00: [SM] Changed map to "dod_jagd"
L 07/16/2020 - 10:53:00: [SM] Changed map to "dod_jagd"
L 07/16/2020 - 10:53:03: -------- Mapchange to dod_jagd --------
L 07/16/2020 - 10:53:03: [adminsounds.smx] 62 sounds loaded
L 07/16/2020 - 10:53:06: -------- Mapchange to dod_jagd --------
L 07/16/2020 - 10:53:06: [adminsounds.smx] 62 sounds loaded
L 07/16/2020 - 10:53:11: [randomcycle.smx] RandomCycle has chosen dod_dust2_snow_xmas for the nextmap.
L 07/16/2020 - 11:00:04: [mapchooser.smx] Voting for next map has started.
L 07/16/2020 - 11:04:05: [SM] Changed map to "dod_orange_sniper"
L 07/16/2020 - 11:04:05: [SM] Changed map to "dod_orange_sniper"
L 07/16/2020 - 11:04:06: -------- Mapchange to dod_orange_sniper --------
L 07/16/2020 - 11:04:06: [adminsounds.smx] 62 sounds loaded
L 07/16/2020 - 11:04:08: -------- Mapchange to dod_orange_sniper --------
L 07/16/2020 - 11:04:08: [adminsounds.smx] 62 sounds loaded
L 07/16/2020 - 11:04:13: [randomcycle.smx] RandomCycle has chosen dod_rats for the nextmap.
L 07/16/2020 - 11:11:06: [mapchooser.smx] Voting for next map has started.
L 07/16/2020 - 11:15:07: [SM] Changed map to "dod_bigbunky_v4"
L 07/16/2020 - 11:15:07: [SM] Changed map to "dod_bigbunky_v4"
L 07/16/2020 - 11:15:09: -------- Mapchange to dod_bigbunky_v4 --------
L 07/16/2020 - 11:15:09: [adminsounds.smx] 62 sounds loaded
L 07/16/2020 - 11:15:11: -------- Mapchange to dod_bigbunky_v4 --------
L 07/16/2020 - 11:15:11: [adminsounds.smx] 62 sounds loaded
L 07/16/2020 - 11:15:11: [mapchooser.smx] Voting for next map has started.
L 07/16/2020 - 11:15:16: [randomcycle.smx] RandomCycle has chosen dod_orange_castel_evolution for the nextmap.
L 07/16/2020 - 11:18:11: [SM] Changed map to "dod_orange_castel_evolution"
L 07/16/2020 - 11:18:11: [SM] Changed map to "dod_orange_castel_evolution"
L 07/16/2020 - 11:18:12: -------- Mapchange to dod_orange_castel_evolution --------
L 07/16/2020 - 11:18:12: [adminsounds.smx] 62 sounds loaded
L 07/16/2020 - 11:18:14: -------- Mapchange to dod_orange_castel_evolution --------
L 07/16/2020 - 11:18:14: [adminsounds.smx] 62 sounds loaded
L 07/16/2020 - 11:18:14: [mapchooser.smx] Voting for next map has started.
L 07/16/2020 - 11:18:19: [randomcycle.smx] RandomCycle has chosen dod_avalanche@night for the nextmap.
L 07/16/2020 - 11:21:14: [SM] Changed map to "dod_avalanche@night"
L 07/16/2020 - 11:21:14: [SM] Changed map to "dod_avalanche@night"
L 07/16/2020 - 11:21:15: -------- Mapchange to dod_avalanche@night --------
L 07/16/2020 - 11:21:16: [adminsounds.smx] 62 sounds loaded
L 07/16/2020 - 11:21:17: -------- Mapchange to dod_avalanche@night --------
L 07/16/2020 - 11:21:18: [adminsounds.smx] 62 sounds loaded
L 07/16/2020 - 11:21:18: [mapchooser.smx] Voting for next map has started.
L 07/16/2020 - 11:21:23: [randomcycle.smx] RandomCycle has chosen babyfight_arena for the nextmap.
L 07/16/2020 - 11:21:49: [basecommands.smx] "B0UL3T___0N3<28><[U:1:37484034]><>" changed map to "dod_football_a"
L 07/16/2020 - 11:21:52: [SM] Changed map to "dod_football_a"
L 07/16/2020 - 11:21:53: -------- Mapchange to dod_football_a --------
L 07/16/2020 - 11:21:54: [adminsounds.smx] 62 sounds loaded
L 07/16/2020 - 11:21:54: [mapchooser.smx] Voting for next map has started.
L 07/16/2020 - 11:21:59: [randomcycle.smx] RandomCycle has chosen dod_orange_cancrelats for the nextmap.
L 07/16/2020 - 11:24:54: [SM] Changed map to "dod_orange_cancrelats"
L 07/16/2020 - 11:24:54: [SM] Changed map to "dod_orange_cancrelats"
L 07/16/2020 - 11:24:55: -------- Mapchange to dod_orange_cancrelats --------
L 07/16/2020 - 11:24:55: [adminsounds.smx] 62 sounds loaded
L 07/16/2020 - 11:24:57: -------- Mapchange to dod_orange_cancrelats --------
L 07/16/2020 - 11:24:57: [adminsounds.smx] 62 sounds loaded
L 07/16/2020 - 11:24:57: [mapchooser.smx] Voting for next map has started.
L 07/16/2020 - 11:25:02: [randomcycle.smx] RandomCycle has chosen dod_sucette_v3 for the nextmap.
L 07/16/2020 - 11:27:57: [SM] Changed map to "dod_sucette_v3"
L 07/16/2020 - 11:27:57: [SM] Changed map to "dod_sucette_v3"
L 07/16/2020 - 11:27:58: -------- Mapchange to dod_sucette_v3 --------
L 07/16/2020 - 11:27:58: [adminsounds.smx] 62 sounds loaded
L 07/16/2020 - 11:28:00: -------- Mapchange to dod_sucette_v3 --------
L 07/16/2020 - 11:28:00: [adminsounds.smx] 62 sounds loaded
L 07/16/2020 - 11:28:00: [mapchooser.smx] Voting for next map has started.
L 07/16/2020 - 11:28:05: [randomcycle.smx] RandomCycle has chosen dod_oasis_v1a for the nextmap.
L 07/16/2020 - 11:31:00: [SM] Changed map to "dod_oasis_v1a"
L 07/16/2020 - 11:31:00: [SM] Changed map to "dod_oasis_v1a"
L 07/16/2020 - 11:31:01: -------- Mapchange to dod_oasis_v1a --------
L 07/16/2020 - 11:31:01: [adminsounds.smx] 62 sounds loaded
L 07/16/2020 - 11:31:03: -------- Mapchange to dod_oasis_v1a --------
L 07/16/2020 - 11:31:03: [adminsounds.smx] 62 sounds loaded
L 07/16/2020 - 11:31:04: [mapchooser.smx] Voting for next map has started.
L 07/16/2020 - 11:31:09: [randomcycle.smx] RandomCycle has chosen dod_risk_b9 for the nextmap.
L 07/16/2020 - 11:31:44: [basecommands.smx] "B0UL3T___0N3<31><[U:1:37484034]><>" changed map to "dod_sucette_v3"
L 07/16/2020 - 11:31:47: [SM] Changed map to "dod_sucette_v3"
L 07/16/2020 - 11:31:48: -------- Mapchange to dod_sucette_v3 --------
L 07/16/2020 - 11:34:49: [SM] Changed map to "dod_risk_b9"
L 07/16/2020 - 11:34:49: [SM] Changed map to "dod_risk_b9"
L 07/16/2020 - 11:34:51: -------- Mapchange to dod_risk_b9 --------
L 07/16/2020 - 11:34:55: -------- Mapchange to dod_risk_b9 --------
L 07/16/2020 - 11:39:17: SourceMod log file session started (file "/home/srvdod/srcds/dod_s/dod/addons/sourcemod/logs/L20200716.log") (Version "1.10.0.6490")
L 07/16/2020 - 11:39:17: -------- Mapchange to dod_orange_bridges --------
L 07/16/2020 - 11:39:18: -------- Mapchange to dod_monopoly_source --------
L 07/16/2020 - 11:42:20: -------- Mapchange to dod_orange_damier_v2 --------
L 07/16/2020 - 11:42:22: -------- Mapchange to dod_donner --------
L 07/16/2020 - 11:45:24: -------- Mapchange to dod_oasis_v1a --------
L 07/16/2020 - 11:45:26: -------- Mapchange to dod_cdc_rats_rm --------
L 07/16/2020 - 11:48:28: -------- Mapchange to dod_argentan --------
L 07/16/2020 - 11:48:30: -------- Mapchange to dod_chocolate_fight_arena --------
L 07/16/2020 - 11:51:31: -------- Mapchange to acc_labice --------
L 07/16/2020 - 11:51:33: -------- Mapchange to dod_sewer_rats_b1 --------
L 07/16/2020 - 11:54:35: -------- Mapchange to dod_dust2_snow_xmas --------
L 07/16/2020 - 11:54:37: -------- Mapchange to dod_kalt --------
L 07/16/2020 - 11:57:39: -------- Mapchange to dod_orange_sniper --------
L 07/16/2020 - 11:57:41: -------- Mapchange to dod_legoland_b2 --------
L 07/16/2020 - 12:00:42: -------- Mapchange to dod_orange_castel_evolution --------
L 07/16/2020 - 12:00:45: -------- Mapchange to dod_flash --------
L 07/16/2020 - 12:03:46: -------- Mapchange to dod_orange_cancrelats --------
L 07/16/2020 - 12:03:48: -------- Mapchange to dod_deux_chateaux_final --------
L 07/16/2020 - 12:06:50: -------- Mapchange to dod_iceworld_final_[bds]_doc --------
L 07/16/2020 - 12:06:52: -------- Mapchange to dod_sniper_killbox_v2 --------
L 07/16/2020 - 12:09:55: -------- Mapchange to dod_jagd --------
L 07/16/2020 - 12:09:57: -------- Mapchange to dod_avalanche@night --------
L 07/16/2020 - 12:12:59: -------- Mapchange to mario_air --------
L 07/16/2020 - 12:13:02: -------- Mapchange to dod_risk_b9 --------
L 07/16/2020 - 12:16:04: -------- Mapchange to dod_orange_wallhack --------
L 07/16/2020 - 12:16:06: -------- Mapchange to dod_sand_rats_2006 --------
L 07/16/2020 - 12:19:09: -------- Mapchange to dod_colmar --------
L 07/16/2020 - 12:19:11: -------- Mapchange to cdcmarijuana! --------
L 07/16/2020 - 12:22:12: -------- Mapchange to dod_dli_football_b1 --------
L 07/16/2020 - 12:22:14: -------- Mapchange to babyfight_arena --------
L 07/16/2020 - 12:25:16: -------- Mapchange to dod_solitude_rats --------
L 07/16/2020 - 12:25:18: -------- Mapchange to dod_rats --------
L 07/16/2020 - 12:28:20: -------- Mapchange to dod_bunky2_modified --------
L 07/16/2020 - 12:28:22: -------- Mapchange to dod_fullhouse --------
L 07/16/2020 - 12:31:24: -------- Mapchange to dod_sniperarena_dgs2 --------
L 07/16/2020 - 12:31:26: -------- Mapchange to dod_murky_p2 --------
L 07/16/2020 - 12:34:28: -------- Mapchange to dod_bigbunky_v4 --------
L 07/16/2020 - 12:34:30: -------- Mapchange to dod_sniper_wars_beta --------
L 07/16/2020 - 12:37:40: -------- Mapchange to dod_beer_circus --------
L 07/16/2020 - 12:37:42: -------- Mapchange to dod_sucette_v3 --------
L 07/16/2020 - 12:40:45: -------- Mapchange to dod_anzio --------
L 07/16/2020 - 12:40:47: -------- Mapchange to dod_4pyramides --------
L 07/16/2020 - 12:43:49: -------- Mapchange to dod_football_a --------
L 07/16/2020 - 12:43:51: -------- Mapchange to dod_mousekitchen_ed --------
L 07/16/2020 - 12:46:53: -------- Mapchange to sniperzone --------
L 07/16/2020 - 12:46:55: -------- Mapchange to dod_aimap_b1 --------
L 07/16/2020 - 12:49:57: -------- Mapchange to dod_avalanche --------
L 07/16/2020 - 12:50:00: -------- Mapchange to dod_orange_bridges --------
L 07/16/2020 - 12:53:01: -------- Mapchange to dod_monopoly_source --------
L 07/16/2020 - 12:53:03: -------- Mapchange to dod_orange_damier_v2 --------
L 07/16/2020 - 12:56:05: -------- Mapchange to dod_donner --------
L 07/16/2020 - 12:56:08: -------- Mapchange to dod_oasis_v1a --------
L 07/16/2020 - 12:59:10: -------- Mapchange to dod_cdc_rats_rm --------
L 07/16/2020 - 12:59:12: -------- Mapchange to dod_argentan --------
L 07/16/2020 - 13:02:14: -------- Mapchange to dod_chocolate_fight_arena --------
L 07/16/2020 - 13:02:17: -------- Mapchange to acc_labice --------
L 07/16/2020 - 13:05:18: -------- Mapchange to dod_sewer_rats_b1 --------
L 07/16/2020 - 13:05:21: -------- Mapchange to dod_dust2_snow_xmas --------
L 07/16/2020 - 13:08:23: -------- Mapchange to dod_kalt --------
L 07/16/2020 - 13:08:26: -------- Mapchange to dod_orange_sniper --------
L 07/16/2020 - 13:11:28: -------- Mapchange to dod_legoland_b2 --------
L 07/16/2020 - 13:11:30: -------- Mapchange to dod_orange_castel_evolution --------
L 07/16/2020 - 13:14:32: -------- Mapchange to dod_flash --------
L 07/16/2020 - 13:14:32: [adminsounds.smx] 62 sounds loaded
L 07/16/2020 - 13:14:35: -------- Mapchange to dod_orange_cancrelats --------
L 07/16/2020 - 13:14:35: [adminsounds.smx] 62 sounds loaded
L 07/16/2020 - 13:14:36: [mapchooser.smx] Voting for next map has started.
L 07/16/2020 - 13:17:35: [SM] Changed map to "dod_sewer_rats_b1"
L 07/16/2020 - 13:17:35: [SM] Changed map to "dod_sewer_rats_b1"
L 07/16/2020 - 13:17:37: -------- Mapchange to dod_sewer_rats_b1 --------
L 07/16/2020 - 13:17:37: [adminsounds.smx] 62 sounds loaded
L 07/16/2020 - 13:17:39: -------- Mapchange to dod_sewer_rats_b1 --------
L 07/16/2020 - 13:17:39: [adminsounds.smx] 62 sounds loaded
L 07/16/2020 - 13:17:40: [mapchooser.smx] Voting for next map has started.
L 07/16/2020 - 13:19:39: [SM] Changed map to "dod_argentan"
L 07/16/2020 - 13:19:39: [SM] Changed map to "dod_argentan"
L 07/16/2020 - 13:19:41: -------- Mapchange to dod_argentan --------
L 07/16/2020 - 13:19:41: [adminsounds.smx] 62 sounds loaded
L 07/16/2020 - 13:19:44: -------- Mapchange to dod_argentan --------
L 07/16/2020 - 13:19:44: [adminsounds.smx] 62 sounds loaded
L 07/16/2020 - 13:19:45: [mapchooser.smx] Voting for next map has started.
L 07/16/2020 - 13:21:44: [SM] Changed map to "dod_orange_wallhack"
L 07/16/2020 - 13:21:44: [SM] Changed map to "dod_orange_wallhack"
L 07/16/2020 - 13:21:46: -------- Mapchange to dod_orange_wallhack --------
L 07/16/2020 - 13:21:46: [adminsounds.smx] 62 sounds loaded
L 07/16/2020 - 13:21:48: -------- Mapchange to dod_orange_wallhack --------
L 07/16/2020 - 13:21:48: [adminsounds.smx] 62 sounds loaded
L 07/16/2020 - 13:21:49: [mapchooser.smx] Voting for next map has started.
L 07/16/2020 - 13:23:48: [SM] Changed map to "dod_dust2_snow_xmas"
L 07/16/2020 - 13:23:48: [SM] Changed map to "dod_dust2_snow_xmas"
L 07/16/2020 - 13:23:50: -------- Mapchange to dod_dust2_snow_xmas --------
L 07/16/2020 - 13:23:50: [adminsounds.smx] 62 sounds loaded
L 07/16/2020 - 13:23:53: -------- Mapchange to dod_dust2_snow_xmas --------
L 07/16/2020 - 13:23:53: [adminsounds.smx] 62 sounds loaded
L 07/16/2020 - 13:23:54: [mapchooser.smx] Voting for next map has started.
L 07/16/2020 - 13:25:53: [SM] Changed map to "dod_bigbunky_v4"
L 07/16/2020 - 13:25:53: [SM] Changed map to "dod_bigbunky_v4"
L 07/16/2020 - 13:25:54: -------- Mapchange to dod_bigbunky_v4 --------
L 07/16/2020 - 13:25:55: [adminsounds.smx] 62 sounds loaded
L 07/16/2020 - 13:25:57: -------- Mapchange to dod_bigbunky_v4 --------
L 07/16/2020 - 13:25:57: [adminsounds.smx] 62 sounds loaded
L 07/16/2020 - 13:25:58: [mapchooser.smx] Voting for next map has started.
L 07/16/2020 - 13:27:57: [SM] Changed map to "dod_4pyramides"
L 07/16/2020 - 13:27:57: [SM] Changed map to "dod_4pyramides"
L 07/16/2020 - 13:27:59: -------- Mapchange to dod_4pyramides --------
L 07/16/2020 - 13:27:59: [adminsounds.smx] 62 sounds loaded
L 07/16/2020 - 13:28:01: -------- Mapchange to dod_4pyramides --------
L 07/16/2020 - 13:28:01: [adminsounds.smx] 62 sounds loaded
L 07/16/2020 - 13:28:02: [mapchooser.smx] Voting for next map has started.
L 07/16/2020 - 13:30:02: [SM] Changed map to "dod_iceworld_final_[bds]_doc"
L 07/16/2020 - 13:30:02: [SM] Changed map to "dod_iceworld_final_[bds]_doc"
L 07/16/2020 - 13:30:03: -------- Mapchange to dod_iceworld_final_[bds]_doc --------
L 07/16/2020 - 13:30:03: [adminsounds.smx] 62 sounds loaded
L 07/16/2020 - 13:30:06: -------- Mapchange to dod_iceworld_final_[bds]_doc --------
L 07/16/2020 - 13:30:06: [adminsounds.smx] 62 sounds loaded
L 07/16/2020 - 13:30:07: [mapchooser.smx] Voting for next map has started.
L 07/16/2020 - 13:30:20: [basecommands.smx] "B0UL3T___0N3<18><[U:1:37484034]><>" changed map to "dod_4pyramides"
L 07/16/2020 - 13:30:23: [SM] Changed map to "dod_4pyramides"
L 07/16/2020 - 13:30:25: -------- Mapchange to dod_4pyramides --------
L 07/16/2020 - 13:30:25: [adminsounds.smx] 62 sounds loaded
L 07/16/2020 - 13:30:26: [mapchooser.smx] Voting for next map has started.
L 07/16/2020 - 13:32:25: [SM] Changed map to "dod_cdc_rats_rm"
L 07/16/2020 - 13:32:25: [SM] Changed map to "dod_cdc_rats_rm"
L 07/16/2020 - 13:32:27: -------- Mapchange to dod_cdc_rats_rm --------
L 07/16/2020 - 13:32:27: [adminsounds.smx] 62 sounds loaded
L 07/16/2020 - 13:32:29: -------- Mapchange to dod_cdc_rats_rm --------
L 07/16/2020 - 13:32:29: [adminsounds.smx] 62 sounds loaded
L 07/16/2020 - 13:32:30: [mapchooser.smx] Voting for next map has started.
L 07/16/2020 - 13:34:29: [SM] Changed map to "dod_kalt"
L 07/16/2020 - 13:34:29: [SM] Changed map to "dod_kalt"
L 07/16/2020 - 13:34:31: -------- Mapchange to dod_kalt --------
L 07/16/2020 - 13:34:32: [adminsounds.smx] 62 sounds loaded
L 07/16/2020 - 13:34:34: -------- Mapchange to dod_kalt --------
L 07/16/2020 - 13:34:34: [adminsounds.smx] 62 sounds loaded
L 07/16/2020 - 13:35:33: [mapchooser.smx] Voting for next map has started.
L 07/16/2020 - 13:35:40: [mapchooser.smx] Voting for next map has finished. Nextmap: acc_labice.
L 07/16/2020 - 13:37:35: [SM] Changed map to "acc_labice"
L 07/16/2020 - 13:37:35: [SM] Changed map to "acc_labice"
L 07/16/2020 - 13:37:36: -------- Mapchange to acc_labice --------
L 07/16/2020 - 13:37:37: [adminsounds.smx] 62 sounds loaded
L 07/16/2020 - 13:37:39: -------- Mapchange to acc_labice --------
L 07/16/2020 - 13:37:39: [adminsounds.smx] 62 sounds loaded
L 07/16/2020 - 13:38:38: [mapchooser.smx] Voting for next map has started.
L 07/16/2020 - 13:38:41: [mapchooser.smx] Voting for next map has finished. Nextmap: dod_jagd.
L 07/16/2020 - 13:39:10: [basecommands.smx] "B0UL3T___0N3<21><[U:1:37484034]><>" executed config (file "sourcemod/sm_warmode_on.cfg")
L 07/16/2020 - 13:40:40: [SM] Changed map to "dod_jagd"
L 07/16/2020 - 13:40:40: [SM] Changed map to "dod_jagd"
L 07/16/2020 - 13:40:43: -------- Mapchange to dod_jagd --------
L 07/16/2020 - 13:40:46: -------- Mapchange to dod_jagd --------
L 07/16/2020 - 13:41:09: [basecommands.smx] "B0UL3T___0N3<22><[U:1:37484034]><>" executed config (file "match.cfg")
L 07/16/2020 - 13:58:02: [SM] Changed map to "dod_jagd"
L 07/16/2020 - 13:58:02: [SM] Changed map to "dod_jagd"
L 07/16/2020 - 13:58:04: -------- Mapchange to dod_jagd --------
L 07/16/2020 - 13:58:08: -------- Mapchange to dod_jagd --------
L 07/16/2020 - 14:01:08: [SM] Changed map to "dod_jagd"
L 07/16/2020 - 14:01:08: [SM] Changed map to "dod_jagd"
L 07/16/2020 - 14:01:11: -------- Mapchange to dod_jagd --------
L 07/16/2020 - 14:01:14: -------- Mapchange to dod_jagd --------
L 07/16/2020 - 14:01:53: [basecommands.smx] "B0UL3T___0N3<24><[U:1:37484034]><>" changed map to "dod_sucette_v3"
L 07/16/2020 - 14:01:56: [SM] Changed map to "dod_sucette_v3"
L 07/16/2020 - 14:01:57: -------- Mapchange to dod_sucette_v3 --------
L 07/16/2020 - 14:04:58: [SM] Changed map to "dod_jagd"
L 07/16/2020 - 14:04:58: [SM] Changed map to "dod_jagd"
L 07/16/2020 - 14:05:01: -------- Mapchange to dod_jagd --------
L 07/16/2020 - 14:05:05: -------- Mapchange to dod_jagd --------
L 07/16/2020 - 14:08:05: [SM] Changed map to "dod_jagd"
L 07/16/2020 - 14:08:05: [SM] Changed map to "dod_jagd"
L 07/16/2020 - 14:08:07: -------- Mapchange to dod_jagd --------
L 07/16/2020 - 14:08:11: -------- Mapchange to dod_jagd --------
L 07/16/2020 - 14:11:12: [SM] Changed map to "dod_jagd"
L 07/16/2020 - 14:11:12: [SM] Changed map to "dod_jagd"
L 07/16/2020 - 14:11:14: -------- Mapchange to dod_jagd --------
L 07/16/2020 - 14:11:18: -------- Mapchange to dod_jagd --------
L 07/16/2020 - 14:14:18: [SM] Changed map to "dod_jagd"
L 07/16/2020 - 14:14:18: [SM] Changed map to "dod_jagd"
L 07/16/2020 - 14:14:21: -------- Mapchange to dod_jagd --------
L 07/16/2020 - 14:14:25: -------- Mapchange to dod_jagd --------
L 07/16/2020 - 14:17:25: [SM] Changed map to "dod_jagd"
L 07/16/2020 - 14:17:25: [SM] Changed map to "dod_jagd"
L 07/16/2020 - 14:17:28: -------- Mapchange to dod_jagd --------
L 07/16/2020 - 14:17:31: -------- Mapchange to dod_jagd --------
L 07/16/2020 - 14:20:32: [SM] Changed map to "dod_jagd"
L 07/16/2020 - 14:20:32: [SM] Changed map to "dod_jagd"
L 07/16/2020 - 14:20:35: -------- Mapchange to dod_jagd --------
L 07/16/2020 - 14:20:38: -------- Mapchange to dod_jagd --------
L 07/16/2020 - 14:24:06: SourceMod log file session started (file "/home/srvdod/srcds/dod_s/dod/addons/sourcemod/logs/L20200716.log") (Version "1.10.0.6490")
L 07/16/2020 - 14:24:06: [adminsounds.smx] 62 sounds loaded
L 07/16/2020 - 14:34:50: [mapchooser.smx] Voting for next map has started.
L 07/16/2020 - 14:34:59: [mapchooser.smx] Voting for next map has finished. Nextmap: dod_bigbunky_v4.
L 07/16/2020 - 14:36:51: [SM] Changed map to "dod_bigbunky_v4"
L 07/16/2020 - 14:36:51: [SM] Changed map to "dod_bigbunky_v4"
L 07/16/2020 - 14:36:53: -------- Mapchange to dod_bigbunky_v4 --------
L 07/16/2020 - 14:36:53: [adminsounds.smx] 62 sounds loaded
L 07/16/2020 - 14:36:56: -------- Mapchange to dod_bigbunky_v4 --------
L 07/16/2020 - 14:36:56: [adminsounds.smx] 62 sounds loaded
L 07/16/2020 - 14:37:55: [mapchooser.smx] Voting for next map has started.
L 07/16/2020 - 14:39:57: [SM] Changed map to "dod_iceworld_final_[bds]_doc"
L 07/16/2020 - 14:39:57: [SM] Changed map to "dod_iceworld_final_[bds]_doc"
L 07/16/2020 - 14:39:58: -------- Mapchange to dod_iceworld_final_[bds]_doc --------
L 07/16/2020 - 14:39:58: [adminsounds.smx] 62 sounds loaded
L 07/16/2020 - 14:40:01: -------- Mapchange to dod_iceworld_final_[bds]_doc --------
L 07/16/2020 - 14:40:01: [adminsounds.smx] 62 sounds loaded
L 07/16/2020 - 14:41:00: [mapchooser.smx] Voting for next map has started.
L 07/16/2020 - 14:43:01: [SM] Changed map to "dod_orange_wallhack"
L 07/16/2020 - 14:43:01: [SM] Changed map to "dod_orange_wallhack"
L 07/16/2020 - 14:43:03: -------- Mapchange to dod_orange_wallhack --------
L 07/16/2020 - 14:43:03: [adminsounds.smx] 62 sounds loaded
L 07/16/2020 - 14:43:06: -------- Mapchange to dod_orange_wallhack --------
L 07/16/2020 - 14:43:06: [adminsounds.smx] 62 sounds loaded
L 07/16/2020 - 14:44:05: [mapchooser.smx] Voting for next map has started.
L 07/16/2020 - 14:46:06: [SM] Changed map to "dod_rats"
L 07/16/2020 - 14:46:06: [SM] Changed map to "dod_rats"
L 07/16/2020 - 14:46:08: -------- Mapchange to dod_rats --------
L 07/16/2020 - 14:46:08: [adminsounds.smx] 62 sounds loaded
L 07/16/2020 - 14:46:11: -------- Mapchange to dod_rats --------
L 07/16/2020 - 14:46:11: [adminsounds.smx] 62 sounds loaded
L 07/16/2020 - 14:47:10: [mapchooser.smx] Voting for next map has started.
L 07/16/2020 - 14:49:12: [SM] Changed map to "dod_cdc_rats_rm"
L 07/16/2020 - 14:49:12: [SM] Changed map to "dod_cdc_rats_rm"
L 07/16/2020 - 14:49:13: -------- Mapchange to dod_cdc_rats_rm --------
L 07/16/2020 - 14:49:13: [adminsounds.smx] 62 sounds loaded
L 07/16/2020 - 14:49:16: -------- Mapchange to dod_cdc_rats_rm --------
L 07/16/2020 - 14:49:16: [adminsounds.smx] 62 sounds loaded
L 07/16/2020 - 14:50:15: [mapchooser.smx] Voting for next map has started.
L 07/16/2020 - 14:52:17: [SM] Changed map to "dod_bigbunky_v4"
L 07/16/2020 - 14:52:17: [SM] Changed map to "dod_bigbunky_v4"
L 07/16/2020 - 14:52:18: -------- Mapchange to dod_bigbunky_v4 --------
L 07/16/2020 - 14:52:18: [adminsounds.smx] 62 sounds loaded
L 07/16/2020 - 14:52:21: -------- Mapchange to dod_bigbunky_v4 --------
L 07/16/2020 - 14:52:21: [adminsounds.smx] 62 sounds loaded
L 07/16/2020 - 14:53:20: [mapchooser.smx] Voting for next map has started.
L 07/16/2020 - 14:55:22: [SM] Changed map to "dod_beer_circus"
L 07/16/2020 - 14:55:22: [SM] Changed map to "dod_beer_circus"
L 07/16/2020 - 14:55:32: -------- Mapchange to dod_beer_circus --------
L 07/16/2020 - 14:55:32: [adminsounds.smx] 62 sounds loaded
L 07/16/2020 - 14:55:42: -------- Mapchange to dod_beer_circus --------
L 07/16/2020 - 14:55:42: [adminsounds.smx] 62 sounds loaded
L 07/16/2020 - 14:56:41: [mapchooser.smx] Voting for next map has started.
L 07/16/2020 - 14:58:43: [SM] Changed map to "cdcmarijuana!"
L 07/16/2020 - 14:58:43: [SM] Changed map to "cdcmarijuana!"
L 07/16/2020 - 14:58:45: -------- Mapchange to cdcmarijuana! --------
L 07/16/2020 - 14:58:45: [adminsounds.smx] 62 sounds loaded
L 07/16/2020 - 14:58:47: -------- Mapchange to cdcmarijuana! --------
L 07/16/2020 - 14:58:47: [adminsounds.smx] 62 sounds loaded
L 07/16/2020 - 14:59:46: [mapchooser.smx] Voting for next map has started.
L 07/16/2020 - 15:01:48: [SM] Changed map to "dod_orange_bridges"
L 07/16/2020 - 15:01:48: [SM] Changed map to "dod_orange_bridges"
L 07/16/2020 - 15:01:50: -------- Mapchange to dod_orange_bridges --------
L 07/16/2020 - 15:01:50: [adminsounds.smx] 62 sounds loaded
L 07/16/2020 - 15:01:53: -------- Mapchange to dod_orange_bridges --------
L 07/16/2020 - 15:01:53: [adminsounds.smx] 62 sounds loaded
L 07/16/2020 - 15:02:52: [mapchooser.smx] Voting for next map has started.
L 07/16/2020 - 15:04:53: [SM] Changed map to "acc_labice"
L 07/16/2020 - 15:04:53: [SM] Changed map to "acc_labice"
L 07/16/2020 - 15:04:55: -------- Mapchange to acc_labice --------
L 07/16/2020 - 15:04:55: [adminsounds.smx] 62 sounds loaded
L 07/16/2020 - 15:04:58: -------- Mapchange to acc_labice --------
L 07/16/2020 - 15:04:58: [adminsounds.smx] 62 sounds loaded
L 07/16/2020 - 15:05:57: [mapchooser.smx] Voting for next map has started.
L 07/16/2020 - 15:07:59: [SM] Changed map to "dod_rats"
L 07/16/2020 - 15:07:59: [SM] Changed map to "dod_rats"
L 07/16/2020 - 15:08:01: -------- Mapchange to dod_rats --------
L 07/16/2020 - 15:08:01: [adminsounds.smx] 62 sounds loaded
L 07/16/2020 - 15:08:04: -------- Mapchange to dod_rats --------
L 07/16/2020 - 15:08:04: [adminsounds.smx] 62 sounds loaded
L 07/16/2020 - 15:09:03: [mapchooser.smx] Voting for next map has started.
L 07/16/2020 - 15:11:04: [SM] Changed map to "dod_anzio"
L 07/16/2020 - 15:11:04: [SM] Changed map to "dod_anzio"
L 07/16/2020 - 15:11:07: -------- Mapchange to dod_anzio --------
L 07/16/2020 - 15:11:07: [adminsounds.smx] 62 sounds loaded
L 07/16/2020 - 15:11:10: -------- Mapchange to dod_anzio --------
L 07/16/2020 - 15:11:10: [adminsounds.smx] 62 sounds loaded
L 07/16/2020 - 15:12:09: [mapchooser.smx] Voting for next map has started.
L 07/16/2020 - 15:14:11: [SM] Changed map to "dod_deux_chateaux_final"
L 07/16/2020 - 15:14:11: [SM] Changed map to "dod_deux_chateaux_final"
L 07/16/2020 - 15:14:12: -------- Mapchange to dod_deux_chateaux_final --------
L 07/16/2020 - 15:14:13: [adminsounds.smx] 62 sounds loaded
L 07/16/2020 - 15:14:15: -------- Mapchange to dod_deux_chateaux_final --------
L 07/16/2020 - 15:14:16: [adminsounds.smx] 62 sounds loaded
L 07/16/2020 - 15:15:14: [mapchooser.smx] Voting for next map has started.
L 07/16/2020 - 15:17:16: [SM] Changed map to "dod_aimap_b1"
L 07/16/2020 - 15:17:16: [SM] Changed map to "dod_aimap_b1"
L 07/16/2020 - 15:17:18: -------- Mapchange to dod_aimap_b1 --------
L 07/16/2020 - 15:17:18: [adminsounds.smx] 62 sounds loaded
L 07/16/2020 - 15:17:21: -------- Mapchange to dod_aimap_b1 --------
L 07/16/2020 - 15:17:21: [adminsounds.smx] 62 sounds loaded
L 07/16/2020 - 15:18:20: [mapchooser.smx] Voting for next map has started.
L 07/16/2020 - 15:20:21: [SM] Changed map to "dod_sucette_v3"
L 07/16/2020 - 15:20:21: [SM] Changed map to "dod_sucette_v3"
L 07/16/2020 - 15:20:23: -------- Mapchange to dod_sucette_v3 --------
L 07/16/2020 - 15:20:23: [adminsounds.smx] 62 sounds loaded
L 07/16/2020 - 15:20:26: -------- Mapchange to dod_sucette_v3 --------
L 07/16/2020 - 15:20:26: [adminsounds.smx] 62 sounds loaded
L 07/16/2020 - 15:21:25: [mapchooser.smx] Voting for next map has started.
L 07/16/2020 - 15:23:27: [SM] Changed map to "dod_avalanche@night"
L 07/16/2020 - 15:23:27: [SM] Changed map to "dod_avalanche@night"
L 07/16/2020 - 15:23:29: -------- Mapchange to dod_avalanche@night --------
L 07/16/2020 - 15:23:29: [adminsounds.smx] 62 sounds loaded
L 07/16/2020 - 15:23:32: -------- Mapchange to dod_avalanche@night --------
L 07/16/2020 - 15:23:32: [adminsounds.smx] 62 sounds loaded
L 07/16/2020 - 15:24:31: [mapchooser.smx] Voting for next map has started.
L 07/16/2020 - 15:26:33: [SM] Changed map to "dod_sewer_rats_b1"
L 07/16/2020 - 15:26:33: [SM] Changed map to "dod_sewer_rats_b1"
L 07/16/2020 - 15:26:35: -------- Mapchange to dod_sewer_rats_b1 --------
L 07/16/2020 - 15:26:35: [adminsounds.smx] 62 sounds loaded
L 07/16/2020 - 15:26:38: -------- Mapchange to dod_sewer_rats_b1 --------
L 07/16/2020 - 15:26:38: [adminsounds.smx] 62 sounds loaded
L 07/16/2020 - 15:27:37: [mapchooser.smx] Voting for next map has started.
L 07/16/2020 - 15:29:38: [SM] Changed map to "dod_anzio"
L 07/16/2020 - 15:29:38: [SM] Changed map to "dod_anzio"
L 07/16/2020 - 15:29:41: -------- Mapchange to dod_anzio --------
L 07/16/2020 - 15:29:41: [adminsounds.smx] 62 sounds loaded
L 07/16/2020 - 15:29:44: -------- Mapchange to dod_anzio --------
L 07/16/2020 - 15:29:44: [adminsounds.smx] 62 sounds loaded
L 07/16/2020 - 15:30:43: [mapchooser.smx] Voting for next map has started.
L 07/16/2020 - 15:32:45: [SM] Changed map to "babyfight_arena"
L 07/16/2020 - 15:32:45: [SM] Changed map to "babyfight_arena"
L 07/16/2020 - 15:32:47: -------- Mapchange to babyfight_arena --------
L 07/16/2020 - 15:32:47: [adminsounds.smx] 62 sounds loaded
L 07/16/2020 - 15:32:50: -------- Mapchange to babyfight_arena --------
L 07/16/2020 - 15:32:50: [adminsounds.smx] 62 sounds loaded
L 07/16/2020 - 15:33:49: [mapchooser.smx] Voting for next map has started.
L 07/16/2020 - 15:35:51: [SM] Changed map to "dod_orange_castel_evolution"
L 07/16/2020 - 15:35:51: [SM] Changed map to "dod_orange_castel_evolution"
L 07/16/2020 - 15:35:52: -------- Mapchange to dod_orange_castel_evolution --------
L 07/16/2020 - 15:35:52: [adminsounds.smx] 62 sounds loaded
L 07/16/2020 - 15:35:55: -------- Mapchange to dod_orange_castel_evolution --------
L 07/16/2020 - 15:35:55: [adminsounds.smx] 62 sounds loaded
L 07/16/2020 - 15:36:54: [mapchooser.smx] Voting for next map has started.
L 07/16/2020 - 15:38:56: [SM] Changed map to "dod_aimap_b1"
L 07/16/2020 - 15:38:56: [SM] Changed map to "dod_aimap_b1"
L 07/16/2020 - 15:38:58: -------- Mapchange to dod_aimap_b1 --------
L 07/16/2020 - 15:38:58: [adminsounds.smx] 62 sounds loaded
L 07/16/2020 - 15:39:01: -------- Mapchange to dod_aimap_b1 --------
L 07/16/2020 - 15:39:01: [adminsounds.smx] 62 sounds loaded
L 07/16/2020 - 15:40:00: [mapchooser.smx] Voting for next map has started.
L 07/16/2020 - 15:42:02: [SM] Changed map to "dod_donner"
L 07/16/2020 - 15:42:02: [SM] Changed map to "dod_donner"
L 07/16/2020 - 15:42:04: -------- Mapchange to dod_donner --------
L 07/16/2020 - 15:42:04: [adminsounds.smx] 62 sounds loaded
L 07/16/2020 - 15:42:07: -------- Mapchange to dod_donner --------
L 07/16/2020 - 15:42:07: [adminsounds.smx] 62 sounds loaded
L 07/16/2020 - 15:43:06: [mapchooser.smx] Voting for next map has started.
L 07/16/2020 - 15:45:08: [SM] Changed map to "dod_colmar"
L 07/16/2020 - 15:45:08: [SM] Changed map to "dod_colmar"
L 07/16/2020 - 15:45:11: -------- Mapchange to dod_colmar --------
L 07/16/2020 - 15:45:11: [adminsounds.smx] 62 sounds loaded
L 07/16/2020 - 15:45:15: -------- Mapchange to dod_colmar --------
L 07/16/2020 - 15:45:15: [adminsounds.smx] 62 sounds loaded
L 07/16/2020 - 15:46:14: [mapchooser.smx] Voting for next map has started.
L 07/16/2020 - 15:48:16: [SM] Changed map to "dod_football_a"
L 07/16/2020 - 15:48:16: [SM] Changed map to "dod_football_a"
L 07/16/2020 - 15:48:17: -------- Mapchange to dod_football_a --------
L 07/16/2020 - 15:48:17: [adminsounds.smx] 62 sounds loaded
L 07/16/2020 - 15:48:20: -------- Mapchange to dod_football_a --------
L 07/16/2020 - 15:48:21: [adminsounds.smx] 62 sounds loaded
L 07/16/2020 - 15:49:20: [mapchooser.smx] Voting for next map has started.
L 07/16/2020 - 15:51:21: [SM] Changed map to "dod_orange_wallhack"
L 07/16/2020 - 15:51:21: [SM] Changed map to "dod_orange_wallhack"
L 07/16/2020 - 15:51:23: -------- Mapchange to dod_orange_wallhack --------
L 07/16/2020 - 15:51:23: [adminsounds.smx] 62 sounds loaded
L 07/16/2020 - 15:51:26: -------- Mapchange to dod_orange_wallhack --------
L 07/16/2020 - 15:51:26: [adminsounds.smx] 62 sounds loaded
L 07/16/2020 - 15:52:25: [mapchooser.smx] Voting for next map has started.
L 07/16/2020 - 15:54:27: [SM] Changed map to "dod_oasis_v1a"
L 07/16/2020 - 15:54:27: [SM] Changed map to "dod_oasis_v1a"
L 07/16/2020 - 15:54:29: -------- Mapchange to dod_oasis_v1a --------
L 07/16/2020 - 15:54:29: [adminsounds.smx] 62 sounds loaded
L 07/16/2020 - 15:54:32: -------- Mapchange to dod_oasis_v1a --------
L 07/16/2020 - 15:54:32: [adminsounds.smx] 62 sounds loaded
L 07/16/2020 - 15:55:31: [mapchooser.smx] Voting for next map has started.
L 07/16/2020 - 15:57:33: [SM] Changed map to "dod_bunky2_modified"
L 07/16/2020 - 15:57:33: [SM] Changed map to "dod_bunky2_modified"
L 07/16/2020 - 15:57:35: -------- Mapchange to dod_bunky2_modified --------
L 07/16/2020 - 15:57:35: [adminsounds.smx] 62 sounds loaded
L 07/16/2020 - 15:57:38: -------- Mapchange to dod_bunky2_modified --------
L 07/16/2020 - 15:57:38: [adminsounds.smx] 62 sounds loaded
L 07/16/2020 - 15:58:37: [mapchooser.smx] Voting for next map has started.
L 07/16/2020 - 16:00:39: [SM] Changed map to "dod_avalanche@night"
L 07/16/2020 - 16:00:39: [SM] Changed map to "dod_avalanche@night"
L 07/16/2020 - 16:00:41: -------- Mapchange to dod_avalanche@night --------
L 07/16/2020 - 16:00:41: [adminsounds.smx] 62 sounds loaded
L 07/16/2020 - 16:00:44: -------- Mapchange to dod_avalanche@night --------
L 07/16/2020 - 16:00:45: [adminsounds.smx] 62 sounds loaded
L 07/16/2020 - 23:32:06: SourceMod log file session started (file "/home/srvdod/srcds/dod_s/dod/addons/sourcemod/logs/L20200716.log") (Version "1.10.0.6490")
L 07/16/2020 - 23:32:06: [adminsounds.smx] 62 sounds loaded
L 07/16/2020 - 23:42:58: [mapchooser.smx] Voting for next map has started.
L 07/16/2020 - 23:43:04: [mapchooser.smx] Voting for next map has finished. Nextmap: dod_cdc_rats_rm.
L 07/16/2020 - 23:44:59: [SM] Changed map to "dod_cdc_rats_rm"
L 07/16/2020 - 23:44:59: [SM] Changed map to "dod_cdc_rats_rm"
L 07/16/2020 - 23:45:01: -------- Mapchange to dod_cdc_rats_rm --------
L 07/16/2020 - 23:45:01: [adminsounds.smx] 62 sounds loaded
L 07/16/2020 - 23:45:05: -------- Mapchange to dod_cdc_rats_rm --------
L 07/16/2020 - 23:45:05: [adminsounds.smx] 62 sounds loaded
L 07/16/2020 - 23:54:05: [mapchooser.smx] Voting for next map has started.
L 07/16/2020 - 23:56:06: [SM] Changed map to "dod_orange_wallhack"
L 07/16/2020 - 23:56:06: [SM] Changed map to "dod_orange_wallhack"
L 07/16/2020 - 23:56:09: -------- Mapchange to dod_orange_wallhack --------
L 07/16/2020 - 23:56:09: [adminsounds.smx] 62 sounds loaded
L 07/16/2020 - 23:56:12: -------- Mapchange to dod_orange_wallhack --------
L 07/16/2020 - 23:56:12: [adminsounds.smx] 62 sounds loaded
L 07/17/2020 - 00:05:12: Log file closed.
