L 07/14/2020 - 00:02:54: SourceMod log file session started (file "/home/srvdod/srcds/dod_s/dod/addons/sourcemod/logs/L20200714.log") (Version "1.10.0.6490")
L 07/14/2020 - 00:02:54: [mapchooser.smx] Voting for next map has started.
L 07/14/2020 - 00:06:55: [SM] Changed map to "dod_cdc_rats_rm"
L 07/14/2020 - 00:06:55: [SM] Changed map to "dod_cdc_rats_rm"
L 07/14/2020 - 00:06:56: -------- Mapchange to dod_cdc_rats_rm --------
L 07/14/2020 - 00:06:56: [adminsounds.smx] 62 sounds loaded
L 07/14/2020 - 00:06:57: -------- Mapchange to dod_cdc_rats_rm --------
L 07/14/2020 - 00:06:57: [adminsounds.smx] 62 sounds loaded
L 07/14/2020 - 00:07:02: [randomcycle.smx] RandomCycle has chosen dod_mousekitchen_ed for the nextmap.
L 07/14/2020 - 00:13:55: [mapchooser.smx] Voting for next map has started.
L 07/14/2020 - 00:17:56: [SM] Changed map to "dod_avalanche"
L 07/14/2020 - 00:17:56: [SM] Changed map to "dod_avalanche"
L 07/14/2020 - 00:17:57: -------- Mapchange to dod_avalanche --------
L 07/14/2020 - 00:17:57: [adminsounds.smx] 62 sounds loaded
L 07/14/2020 - 00:17:58: -------- Mapchange to dod_avalanche --------
L 07/14/2020 - 00:17:58: [adminsounds.smx] 62 sounds loaded
L 07/14/2020 - 00:18:03: [randomcycle.smx] RandomCycle has chosen dod_chocolate_fight_arena for the nextmap.
L 07/14/2020 - 00:24:56: [mapchooser.smx] Voting for next map has started.
L 07/14/2020 - 00:28:57: [SM] Changed map to "dod_sniperarena_dgs2"
L 07/14/2020 - 00:28:57: [SM] Changed map to "dod_sniperarena_dgs2"
L 07/14/2020 - 00:28:58: -------- Mapchange to dod_sniperarena_dgs2 --------
L 07/14/2020 - 00:28:58: [adminsounds.smx] 62 sounds loaded
L 07/14/2020 - 00:28:59: -------- Mapchange to dod_sniperarena_dgs2 --------
L 07/14/2020 - 00:28:59: [adminsounds.smx] 62 sounds loaded
L 07/14/2020 - 00:29:04: [randomcycle.smx] RandomCycle has chosen dod_orange_castel_evolution for the nextmap.
L 07/14/2020 - 00:35:57: [mapchooser.smx] Voting for next map has started.
L 07/14/2020 - 00:39:58: [SM] Changed map to "acc_labice"
L 07/14/2020 - 00:39:58: [SM] Changed map to "acc_labice"
L 07/14/2020 - 00:39:59: -------- Mapchange to acc_labice --------
L 07/14/2020 - 00:39:59: [adminsounds.smx] 62 sounds loaded
L 07/14/2020 - 00:40:00: -------- Mapchange to acc_labice --------
L 07/14/2020 - 00:40:00: [adminsounds.smx] 62 sounds loaded
L 07/14/2020 - 00:40:05: [randomcycle.smx] RandomCycle has chosen dod_football_a for the nextmap.
L 07/14/2020 - 00:46:58: [mapchooser.smx] Voting for next map has started.
L 07/14/2020 - 00:50:59: [SM] Changed map to "dod_orange_cancrelats"
L 07/14/2020 - 00:50:59: [SM] Changed map to "dod_orange_cancrelats"
L 07/14/2020 - 00:51:00: -------- Mapchange to dod_orange_cancrelats --------
L 07/14/2020 - 00:51:00: [adminsounds.smx] 62 sounds loaded
L 07/14/2020 - 00:51:00: -------- Mapchange to dod_orange_cancrelats --------
L 07/14/2020 - 00:51:01: [adminsounds.smx] 62 sounds loaded
L 07/14/2020 - 00:51:05: [randomcycle.smx] RandomCycle has chosen dod_sniper_wars_beta for the nextmap.
L 07/14/2020 - 00:57:58: [mapchooser.smx] Voting for next map has started.
L 07/14/2020 - 01:01:59: [SM] Changed map to "dod_sniper_killbox_v2"
L 07/14/2020 - 01:02:00: [SM] Changed map to "dod_sniper_killbox_v2"
L 07/14/2020 - 01:02:00: -------- Mapchange to dod_sniper_killbox_v2 --------
L 07/14/2020 - 01:02:00: [adminsounds.smx] 62 sounds loaded
L 07/14/2020 - 01:02:01: -------- Mapchange to dod_sniper_killbox_v2 --------
L 07/14/2020 - 01:02:01: [adminsounds.smx] 62 sounds loaded
L 07/14/2020 - 01:02:06: [randomcycle.smx] RandomCycle has chosen dod_donner for the nextmap.
L 07/14/2020 - 01:08:59: [mapchooser.smx] Voting for next map has started.
L 07/14/2020 - 01:13:00: [SM] Changed map to "sniperzone"
L 07/14/2020 - 01:13:00: [SM] Changed map to "sniperzone"
L 07/14/2020 - 01:13:01: -------- Mapchange to sniperzone --------
L 07/14/2020 - 01:13:01: [adminsounds.smx] 62 sounds loaded
L 07/14/2020 - 01:13:02: -------- Mapchange to sniperzone --------
L 07/14/2020 - 01:13:02: [adminsounds.smx] 62 sounds loaded
L 07/14/2020 - 01:13:07: [randomcycle.smx] RandomCycle has chosen dod_orange_wallhack for the nextmap.
L 07/14/2020 - 01:20:00: [mapchooser.smx] Voting for next map has started.
L 07/14/2020 - 01:24:01: [SM] Changed map to "dod_monopoly_source"
L 07/14/2020 - 01:24:01: [SM] Changed map to "dod_monopoly_source"
L 07/14/2020 - 01:24:02: -------- Mapchange to dod_monopoly_source --------
L 07/14/2020 - 01:24:02: [adminsounds.smx] 62 sounds loaded
L 07/14/2020 - 01:24:03: -------- Mapchange to dod_monopoly_source --------
L 07/14/2020 - 01:24:03: [adminsounds.smx] 62 sounds loaded
L 07/14/2020 - 01:24:08: [randomcycle.smx] RandomCycle has chosen sniperzone for the nextmap.
L 07/14/2020 - 01:31:01: [mapchooser.smx] Voting for next map has started.
L 07/14/2020 - 01:35:02: [SM] Changed map to "dod_orange_castel_evolution"
L 07/14/2020 - 01:35:02: [SM] Changed map to "dod_orange_castel_evolution"
L 07/14/2020 - 01:35:03: -------- Mapchange to dod_orange_castel_evolution --------
L 07/14/2020 - 01:35:03: [adminsounds.smx] 62 sounds loaded
L 07/14/2020 - 01:35:04: -------- Mapchange to dod_orange_castel_evolution --------
L 07/14/2020 - 01:35:04: [adminsounds.smx] 62 sounds loaded
L 07/14/2020 - 01:35:09: [randomcycle.smx] RandomCycle has chosen dod_jagd for the nextmap.
L 07/14/2020 - 01:42:02: [mapchooser.smx] Voting for next map has started.
L 07/14/2020 - 01:46:03: [SM] Changed map to "dod_orange_damier_v2"
L 07/14/2020 - 01:46:03: [SM] Changed map to "dod_orange_damier_v2"
L 07/14/2020 - 01:46:04: -------- Mapchange to dod_orange_damier_v2 --------
L 07/14/2020 - 01:46:04: [adminsounds.smx] 62 sounds loaded
L 07/14/2020 - 01:46:05: -------- Mapchange to dod_orange_damier_v2 --------
L 07/14/2020 - 01:46:05: [adminsounds.smx] 62 sounds loaded
L 07/14/2020 - 01:46:10: [randomcycle.smx] RandomCycle has chosen dod_sniper_killbox_v2 for the nextmap.
L 07/14/2020 - 01:53:03: [mapchooser.smx] Voting for next map has started.
L 07/14/2020 - 01:57:04: [SM] Changed map to "babyfight_arena"
L 07/14/2020 - 01:57:04: [SM] Changed map to "babyfight_arena"
L 07/14/2020 - 01:57:05: -------- Mapchange to babyfight_arena --------
L 07/14/2020 - 01:57:05: [adminsounds.smx] 62 sounds loaded
L 07/14/2020 - 01:57:05: -------- Mapchange to babyfight_arena --------
L 07/14/2020 - 01:57:06: [adminsounds.smx] 62 sounds loaded
L 07/14/2020 - 01:57:10: [randomcycle.smx] RandomCycle has chosen dod_beer_circus for the nextmap.
L 07/14/2020 - 02:04:04: [mapchooser.smx] Voting for next map has started.
L 07/14/2020 - 02:08:05: [SM] Changed map to "dod_orange_wallhack"
L 07/14/2020 - 02:08:05: [SM] Changed map to "dod_orange_wallhack"
L 07/14/2020 - 02:08:05: -------- Mapchange to dod_orange_wallhack --------
L 07/14/2020 - 02:08:05: [adminsounds.smx] 62 sounds loaded
L 07/14/2020 - 02:08:06: -------- Mapchange to dod_orange_wallhack --------
L 07/14/2020 - 02:08:06: [adminsounds.smx] 62 sounds loaded
L 07/14/2020 - 02:08:11: [randomcycle.smx] RandomCycle has chosen dod_avalanche@night for the nextmap.
L 07/14/2020 - 02:15:04: [mapchooser.smx] Voting for next map has started.
L 07/14/2020 - 02:19:05: [SM] Changed map to "dod_orange_bridges"
L 07/14/2020 - 02:19:05: [SM] Changed map to "dod_orange_bridges"
L 07/14/2020 - 02:19:06: -------- Mapchange to dod_orange_bridges --------
L 07/14/2020 - 02:19:06: [adminsounds.smx] 62 sounds loaded
L 07/14/2020 - 02:19:07: -------- Mapchange to dod_orange_bridges --------
L 07/14/2020 - 02:19:07: [adminsounds.smx] 62 sounds loaded
L 07/14/2020 - 02:19:12: [randomcycle.smx] RandomCycle has chosen dod_solitude_rats for the nextmap.
L 07/14/2020 - 02:26:05: [mapchooser.smx] Voting for next map has started.
L 07/14/2020 - 02:30:06: [SM] Changed map to "dod_bunky2_modified"
L 07/14/2020 - 02:30:06: [SM] Changed map to "dod_bunky2_modified"
L 07/14/2020 - 02:30:07: -------- Mapchange to dod_bunky2_modified --------
L 07/14/2020 - 02:30:07: [adminsounds.smx] 62 sounds loaded
L 07/14/2020 - 02:30:08: -------- Mapchange to dod_bunky2_modified --------
L 07/14/2020 - 02:30:08: [adminsounds.smx] 62 sounds loaded
L 07/14/2020 - 02:30:13: [randomcycle.smx] RandomCycle has chosen dod_mousekitchen_ed for the nextmap.
L 07/14/2020 - 02:37:06: [mapchooser.smx] Voting for next map has started.
L 07/14/2020 - 02:41:07: [SM] Changed map to "dod_orange_cancrelats"
L 07/14/2020 - 02:41:07: [SM] Changed map to "dod_orange_cancrelats"
L 07/14/2020 - 02:41:08: -------- Mapchange to dod_orange_cancrelats --------
L 07/14/2020 - 02:41:08: [adminsounds.smx] 62 sounds loaded
L 07/14/2020 - 02:41:09: -------- Mapchange to dod_orange_cancrelats --------
L 07/14/2020 - 02:41:09: [adminsounds.smx] 62 sounds loaded
L 07/14/2020 - 02:41:14: [randomcycle.smx] RandomCycle has chosen dod_orange_sniper for the nextmap.
L 07/14/2020 - 02:48:07: [mapchooser.smx] Voting for next map has started.
L 07/14/2020 - 02:52:08: [SM] Changed map to "dod_rats"
L 07/14/2020 - 02:52:08: [SM] Changed map to "dod_rats"
L 07/14/2020 - 02:52:09: -------- Mapchange to dod_rats --------
L 07/14/2020 - 02:52:09: [adminsounds.smx] 62 sounds loaded
L 07/14/2020 - 02:52:10: -------- Mapchange to dod_rats --------
L 07/14/2020 - 02:52:11: [adminsounds.smx] 62 sounds loaded
L 07/14/2020 - 02:52:16: [randomcycle.smx] RandomCycle has chosen dod_colmar for the nextmap.
L 07/14/2020 - 02:59:09: [mapchooser.smx] Voting for next map has started.
L 07/14/2020 - 03:03:10: [SM] Changed map to "sniperzone"
L 07/14/2020 - 03:03:10: [SM] Changed map to "sniperzone"
L 07/14/2020 - 03:03:11: -------- Mapchange to sniperzone --------
L 07/14/2020 - 03:03:11: [adminsounds.smx] 62 sounds loaded
L 07/14/2020 - 03:03:12: -------- Mapchange to sniperzone --------
L 07/14/2020 - 03:03:12: [adminsounds.smx] 62 sounds loaded
L 07/14/2020 - 03:03:17: [randomcycle.smx] RandomCycle has chosen dod_fullhouse for the nextmap.
L 07/14/2020 - 03:10:10: [mapchooser.smx] Voting for next map has started.
L 07/14/2020 - 03:14:11: [SM] Changed map to "dod_cdc_rats_rm"
L 07/14/2020 - 03:14:11: [SM] Changed map to "dod_cdc_rats_rm"
L 07/14/2020 - 03:14:12: -------- Mapchange to dod_cdc_rats_rm --------
L 07/14/2020 - 03:14:12: [adminsounds.smx] 62 sounds loaded
L 07/14/2020 - 03:14:13: -------- Mapchange to dod_cdc_rats_rm --------
L 07/14/2020 - 03:14:13: [adminsounds.smx] 62 sounds loaded
L 07/14/2020 - 03:14:18: [randomcycle.smx] RandomCycle has chosen dod_4pyramides for the nextmap.
L 07/14/2020 - 03:21:11: [mapchooser.smx] Voting for next map has started.
L 07/14/2020 - 03:25:12: [SM] Changed map to "dod_orange_castel_evolution"
L 07/14/2020 - 03:25:12: [SM] Changed map to "dod_orange_castel_evolution"
L 07/14/2020 - 03:25:13: -------- Mapchange to dod_orange_castel_evolution --------
L 07/14/2020 - 03:25:13: [adminsounds.smx] 62 sounds loaded
L 07/14/2020 - 03:25:14: -------- Mapchange to dod_orange_castel_evolution --------
L 07/14/2020 - 03:25:14: [adminsounds.smx] 62 sounds loaded
L 07/14/2020 - 03:25:19: [randomcycle.smx] RandomCycle has chosen dod_avalanche for the nextmap.
L 07/14/2020 - 03:32:12: [mapchooser.smx] Voting for next map has started.
L 07/14/2020 - 03:36:13: [SM] Changed map to "dod_orange_cancrelats"
L 07/14/2020 - 03:36:13: [SM] Changed map to "dod_orange_cancrelats"
L 07/14/2020 - 03:36:14: -------- Mapchange to dod_orange_cancrelats --------
L 07/14/2020 - 03:36:14: [adminsounds.smx] 62 sounds loaded
L 07/14/2020 - 03:36:15: -------- Mapchange to dod_orange_cancrelats --------
L 07/14/2020 - 03:36:15: [adminsounds.smx] 62 sounds loaded
L 07/14/2020 - 03:36:20: [randomcycle.smx] RandomCycle has chosen dod_orange_cancrelats for the nextmap.
L 07/14/2020 - 03:43:13: [mapchooser.smx] Voting for next map has started.
L 07/14/2020 - 03:47:14: [SM] Changed map to "dod_argentan"
L 07/14/2020 - 03:47:14: [SM] Changed map to "dod_argentan"
L 07/14/2020 - 03:47:16: -------- Mapchange to dod_argentan --------
L 07/14/2020 - 03:47:16: [adminsounds.smx] 62 sounds loaded
L 07/14/2020 - 03:47:17: -------- Mapchange to dod_argentan --------
L 07/14/2020 - 03:47:17: [adminsounds.smx] 62 sounds loaded
L 07/14/2020 - 03:47:22: [randomcycle.smx] RandomCycle has chosen dod_aimap_b1 for the nextmap.
L 07/14/2020 - 03:54:15: [mapchooser.smx] Voting for next map has started.
L 07/14/2020 - 03:58:16: [SM] Changed map to "dod_4pyramides"
L 07/14/2020 - 03:58:16: [SM] Changed map to "dod_4pyramides"
L 07/14/2020 - 03:58:17: -------- Mapchange to dod_4pyramides --------
L 07/14/2020 - 03:58:17: [adminsounds.smx] 62 sounds loaded
L 07/14/2020 - 03:58:19: -------- Mapchange to dod_4pyramides --------
L 07/14/2020 - 03:58:19: [adminsounds.smx] 62 sounds loaded
L 07/14/2020 - 03:58:24: [randomcycle.smx] RandomCycle has chosen dod_deux_chateaux_final for the nextmap.
L 07/14/2020 - 04:05:17: [mapchooser.smx] Voting for next map has started.
L 07/14/2020 - 04:09:18: [SM] Changed map to "dod_orange_bridges"
L 07/14/2020 - 04:09:18: [SM] Changed map to "dod_orange_bridges"
L 07/14/2020 - 04:09:19: -------- Mapchange to dod_orange_bridges --------
L 07/14/2020 - 04:09:19: [adminsounds.smx] 62 sounds loaded
L 07/14/2020 - 04:09:20: -------- Mapchange to dod_orange_bridges --------
L 07/14/2020 - 04:09:20: [adminsounds.smx] 62 sounds loaded
L 07/14/2020 - 04:09:25: [randomcycle.smx] RandomCycle has chosen dod_oasis_v1a for the nextmap.
L 07/14/2020 - 04:16:18: [mapchooser.smx] Voting for next map has started.
L 07/14/2020 - 04:20:19: [SM] Changed map to "dod_donner"
L 07/14/2020 - 04:20:19: [SM] Changed map to "dod_donner"
L 07/14/2020 - 04:20:20: -------- Mapchange to dod_donner --------
L 07/14/2020 - 04:20:20: [adminsounds.smx] 62 sounds loaded
L 07/14/2020 - 04:20:22: -------- Mapchange to dod_donner --------
L 07/14/2020 - 04:20:22: [adminsounds.smx] 62 sounds loaded
L 07/14/2020 - 04:20:27: [randomcycle.smx] RandomCycle has chosen dod_rats for the nextmap.
L 07/14/2020 - 04:27:20: [mapchooser.smx] Voting for next map has started.
L 07/14/2020 - 04:31:21: [SM] Changed map to "dod_iceworld_final_[bds]_doc"
L 07/14/2020 - 04:31:21: [SM] Changed map to "dod_iceworld_final_[bds]_doc"
L 07/14/2020 - 04:31:22: -------- Mapchange to dod_iceworld_final_[bds]_doc --------
L 07/14/2020 - 04:31:22: [adminsounds.smx] 62 sounds loaded
L 07/14/2020 - 04:31:23: -------- Mapchange to dod_iceworld_final_[bds]_doc --------
L 07/14/2020 - 04:31:23: [adminsounds.smx] 62 sounds loaded
L 07/14/2020 - 04:31:28: [randomcycle.smx] RandomCycle has chosen dod_murky_p2 for the nextmap.
L 07/14/2020 - 04:38:21: [mapchooser.smx] Voting for next map has started.
L 07/14/2020 - 04:42:22: [SM] Changed map to "dod_orange_sniper"
L 07/14/2020 - 04:42:22: [SM] Changed map to "dod_orange_sniper"
L 07/14/2020 - 04:42:23: -------- Mapchange to dod_orange_sniper --------
L 07/14/2020 - 04:42:23: [adminsounds.smx] 62 sounds loaded
L 07/14/2020 - 04:42:24: -------- Mapchange to dod_orange_sniper --------
L 07/14/2020 - 04:42:24: [adminsounds.smx] 62 sounds loaded
L 07/14/2020 - 04:42:30: [randomcycle.smx] RandomCycle has chosen dod_sucette_v3 for the nextmap.
L 07/14/2020 - 04:49:23: [mapchooser.smx] Voting for next map has started.
L 07/14/2020 - 04:53:24: [SM] Changed map to "dod_avalanche"
L 07/14/2020 - 04:53:24: [SM] Changed map to "dod_avalanche"
L 07/14/2020 - 04:53:25: -------- Mapchange to dod_avalanche --------
L 07/14/2020 - 04:53:25: [adminsounds.smx] 62 sounds loaded
L 07/14/2020 - 04:53:27: -------- Mapchange to dod_avalanche --------
L 07/14/2020 - 04:53:27: [adminsounds.smx] 62 sounds loaded
L 07/14/2020 - 04:53:32: [randomcycle.smx] RandomCycle has chosen dod_kalt for the nextmap.
L 07/14/2020 - 05:00:25: [mapchooser.smx] Voting for next map has started.
L 07/14/2020 - 05:04:26: [SM] Changed map to "dod_sniperarena_dgs2"
L 07/14/2020 - 05:04:26: [SM] Changed map to "dod_sniperarena_dgs2"
L 07/14/2020 - 05:04:27: -------- Mapchange to dod_sniperarena_dgs2 --------
L 07/14/2020 - 05:04:27: [adminsounds.smx] 62 sounds loaded
L 07/14/2020 - 05:04:28: -------- Mapchange to dod_sniperarena_dgs2 --------
L 07/14/2020 - 05:04:28: [adminsounds.smx] 62 sounds loaded
L 07/14/2020 - 05:04:33: [randomcycle.smx] RandomCycle has chosen dod_sewer_rats_b1 for the nextmap.
L 07/14/2020 - 05:11:26: [mapchooser.smx] Voting for next map has started.
L 07/14/2020 - 05:15:27: [SM] Changed map to "dod_murky_p2"
L 07/14/2020 - 05:15:27: [SM] Changed map to "dod_murky_p2"
L 07/14/2020 - 05:15:28: -------- Mapchange to dod_murky_p2 --------
L 07/14/2020 - 05:15:28: [adminsounds.smx] 62 sounds loaded
L 07/14/2020 - 05:15:30: -------- Mapchange to dod_murky_p2 --------
L 07/14/2020 - 05:15:30: [adminsounds.smx] 62 sounds loaded
L 07/14/2020 - 05:15:35: [randomcycle.smx] RandomCycle has chosen dod_orange_castel_evolution for the nextmap.
L 07/14/2020 - 05:22:28: [mapchooser.smx] Voting for next map has started.
L 07/14/2020 - 05:26:29: [SM] Changed map to "sniperzone"
L 07/14/2020 - 05:26:29: [SM] Changed map to "sniperzone"
L 07/14/2020 - 05:26:30: -------- Mapchange to sniperzone --------
L 07/14/2020 - 05:26:30: [adminsounds.smx] 62 sounds loaded
L 07/14/2020 - 05:26:31: -------- Mapchange to sniperzone --------
L 07/14/2020 - 05:26:32: [adminsounds.smx] 62 sounds loaded
L 07/14/2020 - 05:26:37: [randomcycle.smx] RandomCycle has chosen sniperzone for the nextmap.
L 07/14/2020 - 05:33:30: [mapchooser.smx] Voting for next map has started.
L 07/14/2020 - 05:37:31: [SM] Changed map to "mario_air"
L 07/14/2020 - 05:37:31: [SM] Changed map to "mario_air"
L 07/14/2020 - 05:37:32: -------- Mapchange to mario_air --------
L 07/14/2020 - 05:37:32: [adminsounds.smx] 62 sounds loaded
L 07/14/2020 - 05:37:33: -------- Mapchange to mario_air --------
L 07/14/2020 - 05:37:33: [adminsounds.smx] 62 sounds loaded
L 07/14/2020 - 05:37:38: [randomcycle.smx] RandomCycle has chosen dod_dust2_snow_xmas for the nextmap.
L 07/14/2020 - 05:44:31: [mapchooser.smx] Voting for next map has started.
L 07/14/2020 - 05:48:32: [SM] Changed map to "cdcmarijuana!"
L 07/14/2020 - 05:48:32: [SM] Changed map to "cdcmarijuana!"
L 07/14/2020 - 05:48:33: -------- Mapchange to cdcmarijuana! --------
L 07/14/2020 - 05:48:33: [adminsounds.smx] 62 sounds loaded
L 07/14/2020 - 05:48:35: -------- Mapchange to cdcmarijuana! --------
L 07/14/2020 - 05:48:35: [adminsounds.smx] 62 sounds loaded
L 07/14/2020 - 05:48:40: [randomcycle.smx] RandomCycle has chosen cdcmarijuana! for the nextmap.
L 07/14/2020 - 05:55:33: [mapchooser.smx] Voting for next map has started.
L 07/14/2020 - 05:59:34: [SM] Changed map to "dod_fullhouse"
L 07/14/2020 - 05:59:34: [SM] Changed map to "dod_fullhouse"
L 07/14/2020 - 05:59:35: -------- Mapchange to dod_fullhouse --------
L 07/14/2020 - 05:59:35: [adminsounds.smx] 62 sounds loaded
L 07/14/2020 - 05:59:37: -------- Mapchange to dod_fullhouse --------
L 07/14/2020 - 05:59:37: [adminsounds.smx] 62 sounds loaded
L 07/14/2020 - 05:59:42: [randomcycle.smx] RandomCycle has chosen dod_4pyramides for the nextmap.
L 07/14/2020 - 06:06:35: [mapchooser.smx] Voting for next map has started.
L 07/14/2020 - 06:10:36: [SM] Changed map to "dod_flash"
L 07/14/2020 - 06:10:36: [SM] Changed map to "dod_flash"
L 07/14/2020 - 06:10:37: -------- Mapchange to dod_flash --------
L 07/14/2020 - 06:10:37: [adminsounds.smx] 62 sounds loaded
L 07/14/2020 - 06:10:39: -------- Mapchange to dod_flash --------
L 07/14/2020 - 06:10:39: [adminsounds.smx] 62 sounds loaded
L 07/14/2020 - 06:10:44: [randomcycle.smx] RandomCycle has chosen dod_chocolate_fight_arena for the nextmap.
L 07/14/2020 - 06:17:37: [mapchooser.smx] Voting for next map has started.
L 07/14/2020 - 06:21:38: [SM] Changed map to "dod_chocolate_fight_arena"
L 07/14/2020 - 06:21:38: [SM] Changed map to "dod_chocolate_fight_arena"
L 07/14/2020 - 06:21:39: -------- Mapchange to dod_chocolate_fight_arena --------
L 07/14/2020 - 06:21:39: [adminsounds.smx] 62 sounds loaded
L 07/14/2020 - 06:21:40: -------- Mapchange to dod_chocolate_fight_arena --------
L 07/14/2020 - 06:21:41: [adminsounds.smx] 62 sounds loaded
L 07/14/2020 - 06:21:46: [randomcycle.smx] RandomCycle has chosen dod_colmar for the nextmap.
L 07/14/2020 - 06:28:39: [mapchooser.smx] Voting for next map has started.
L 07/14/2020 - 06:32:40: [SM] Changed map to "dod_colmar"
L 07/14/2020 - 06:32:40: [SM] Changed map to "dod_colmar"
L 07/14/2020 - 06:32:42: -------- Mapchange to dod_colmar --------
L 07/14/2020 - 06:32:42: [adminsounds.smx] 62 sounds loaded
L 07/14/2020 - 06:32:44: -------- Mapchange to dod_colmar --------
L 07/14/2020 - 06:32:44: [adminsounds.smx] 62 sounds loaded
L 07/14/2020 - 06:32:49: [randomcycle.smx] RandomCycle has chosen dod_argentan for the nextmap.
L 07/14/2020 - 06:39:42: [mapchooser.smx] Voting for next map has started.
L 07/14/2020 - 06:43:43: [SM] Changed map to "cdcmarijuana!"
L 07/14/2020 - 06:43:43: [SM] Changed map to "cdcmarijuana!"
L 07/14/2020 - 06:43:44: -------- Mapchange to cdcmarijuana! --------
L 07/14/2020 - 06:43:44: [adminsounds.smx] 62 sounds loaded
L 07/14/2020 - 06:43:46: -------- Mapchange to cdcmarijuana! --------
L 07/14/2020 - 06:43:46: [adminsounds.smx] 62 sounds loaded
L 07/14/2020 - 06:43:51: [randomcycle.smx] RandomCycle has chosen dod_sniper_wars_beta for the nextmap.
L 07/14/2020 - 06:50:44: [mapchooser.smx] Voting for next map has started.
L 07/14/2020 - 06:54:45: [SM] Changed map to "dod_orange_wallhack"
L 07/14/2020 - 06:54:45: [SM] Changed map to "dod_orange_wallhack"
L 07/14/2020 - 06:54:46: -------- Mapchange to dod_orange_wallhack --------
L 07/14/2020 - 06:54:46: [adminsounds.smx] 62 sounds loaded
L 07/14/2020 - 06:54:47: -------- Mapchange to dod_orange_wallhack --------
L 07/14/2020 - 06:54:47: [adminsounds.smx] 62 sounds loaded
L 07/14/2020 - 06:54:53: [randomcycle.smx] RandomCycle has chosen mario_air for the nextmap.
L 07/14/2020 - 07:01:46: [mapchooser.smx] Voting for next map has started.
L 07/14/2020 - 07:05:47: [SM] Changed map to "dod_jagd"
L 07/14/2020 - 07:05:47: [SM] Changed map to "dod_jagd"
L 07/14/2020 - 07:05:49: -------- Mapchange to dod_jagd --------
L 07/14/2020 - 07:05:49: [adminsounds.smx] 62 sounds loaded
L 07/14/2020 - 07:05:51: -------- Mapchange to dod_jagd --------
L 07/14/2020 - 07:05:52: [adminsounds.smx] 62 sounds loaded
L 07/14/2020 - 07:05:57: [randomcycle.smx] RandomCycle has chosen dod_orange_wallhack for the nextmap.
L 07/14/2020 - 07:12:50: [mapchooser.smx] Voting for next map has started.
L 07/14/2020 - 07:16:51: [SM] Changed map to "dod_sewer_rats_b1"
L 07/14/2020 - 07:16:51: [SM] Changed map to "dod_sewer_rats_b1"
L 07/14/2020 - 07:16:52: -------- Mapchange to dod_sewer_rats_b1 --------
L 07/14/2020 - 07:16:52: [adminsounds.smx] 62 sounds loaded
L 07/14/2020 - 07:16:53: -------- Mapchange to dod_sewer_rats_b1 --------
L 07/14/2020 - 07:16:53: [adminsounds.smx] 62 sounds loaded
L 07/14/2020 - 07:16:59: [randomcycle.smx] RandomCycle has chosen babyfight_arena for the nextmap.
L 07/14/2020 - 07:23:52: [mapchooser.smx] Voting for next map has started.
L 07/14/2020 - 07:27:53: [SM] Changed map to "dod_donner"
L 07/14/2020 - 07:27:53: [SM] Changed map to "dod_donner"
L 07/14/2020 - 07:27:54: -------- Mapchange to dod_donner --------
L 07/14/2020 - 07:27:54: [adminsounds.smx] 62 sounds loaded
L 07/14/2020 - 07:27:56: -------- Mapchange to dod_donner --------
L 07/14/2020 - 07:27:56: [adminsounds.smx] 62 sounds loaded
L 07/14/2020 - 07:28:01: [randomcycle.smx] RandomCycle has chosen dod_kalt for the nextmap.
L 07/14/2020 - 07:34:54: [mapchooser.smx] Voting for next map has started.
L 07/14/2020 - 07:38:55: [SM] Changed map to "dod_aimap_b1"
L 07/14/2020 - 07:38:55: [SM] Changed map to "dod_aimap_b1"
L 07/14/2020 - 07:38:56: -------- Mapchange to dod_aimap_b1 --------
L 07/14/2020 - 07:38:56: [adminsounds.smx] 62 sounds loaded
L 07/14/2020 - 07:38:58: -------- Mapchange to dod_aimap_b1 --------
L 07/14/2020 - 07:38:58: [adminsounds.smx] 62 sounds loaded
L 07/14/2020 - 07:39:03: [randomcycle.smx] RandomCycle has chosen dod_sucette_v3 for the nextmap.
L 07/14/2020 - 07:45:56: [mapchooser.smx] Voting for next map has started.
L 07/14/2020 - 07:49:57: [SM] Changed map to "dod_anzio"
L 07/14/2020 - 07:49:57: [SM] Changed map to "dod_anzio"
L 07/14/2020 - 07:49:59: -------- Mapchange to dod_anzio --------
L 07/14/2020 - 07:49:59: [adminsounds.smx] 62 sounds loaded
L 07/14/2020 - 07:50:01: -------- Mapchange to dod_anzio --------
L 07/14/2020 - 07:50:01: [adminsounds.smx] 62 sounds loaded
L 07/14/2020 - 07:50:06: [randomcycle.smx] RandomCycle has chosen dod_anzio for the nextmap.
L 07/14/2020 - 07:56:59: [mapchooser.smx] Voting for next map has started.
L 07/14/2020 - 08:01:00: [SM] Changed map to "dod_orange_castel_evolution"
L 07/14/2020 - 08:01:00: [SM] Changed map to "dod_orange_castel_evolution"
L 07/14/2020 - 08:01:01: -------- Mapchange to dod_orange_castel_evolution --------
L 07/14/2020 - 08:01:02: [adminsounds.smx] 62 sounds loaded
L 07/14/2020 - 08:01:03: -------- Mapchange to dod_orange_castel_evolution --------
L 07/14/2020 - 08:01:03: [adminsounds.smx] 62 sounds loaded
L 07/14/2020 - 08:01:08: [randomcycle.smx] RandomCycle has chosen dod_orange_sniper for the nextmap.
L 07/14/2020 - 08:08:01: [mapchooser.smx] Voting for next map has started.
L 07/14/2020 - 08:12:02: [SM] Changed map to "dod_bigbunky_v4"
L 07/14/2020 - 08:12:02: [SM] Changed map to "dod_bigbunky_v4"
L 07/14/2020 - 08:12:04: -------- Mapchange to dod_bigbunky_v4 --------
L 07/14/2020 - 08:12:04: [adminsounds.smx] 62 sounds loaded
L 07/14/2020 - 08:12:05: -------- Mapchange to dod_bigbunky_v4 --------
L 07/14/2020 - 08:12:05: [adminsounds.smx] 62 sounds loaded
L 07/14/2020 - 08:12:11: [randomcycle.smx] RandomCycle has chosen dod_4pyramides for the nextmap.
L 07/14/2020 - 08:19:04: [mapchooser.smx] Voting for next map has started.
L 07/14/2020 - 08:23:05: [SM] Changed map to "dod_avalanche"
L 07/14/2020 - 08:23:05: [SM] Changed map to "dod_avalanche"
L 07/14/2020 - 08:23:06: -------- Mapchange to dod_avalanche --------
L 07/14/2020 - 08:23:06: [adminsounds.smx] 62 sounds loaded
L 07/14/2020 - 08:23:08: -------- Mapchange to dod_avalanche --------
L 07/14/2020 - 08:23:08: [adminsounds.smx] 62 sounds loaded
L 07/14/2020 - 08:23:13: [randomcycle.smx] RandomCycle has chosen dod_beer_circus for the nextmap.
L 07/14/2020 - 08:30:06: [mapchooser.smx] Voting for next map has started.
L 07/14/2020 - 08:34:07: [SM] Changed map to "dod_dli_football_b1"
L 07/14/2020 - 08:34:07: [SM] Changed map to "dod_dli_football_b1"
L 07/14/2020 - 08:34:09: -------- Mapchange to dod_dli_football_b1 --------
L 07/14/2020 - 08:34:09: [adminsounds.smx] 62 sounds loaded
L 07/14/2020 - 08:34:10: -------- Mapchange to dod_dli_football_b1 --------
L 07/14/2020 - 08:34:10: [adminsounds.smx] 62 sounds loaded
L 07/14/2020 - 08:34:15: [randomcycle.smx] RandomCycle has chosen dod_legoland_b2 for the nextmap.
L 07/14/2020 - 08:41:08: [mapchooser.smx] Voting for next map has started.
L 07/14/2020 - 08:45:09: [SM] Changed map to "cdcmarijuana!"
L 07/14/2020 - 08:45:09: [SM] Changed map to "cdcmarijuana!"
L 07/14/2020 - 08:45:10: -------- Mapchange to cdcmarijuana! --------
L 07/14/2020 - 08:45:11: [adminsounds.smx] 62 sounds loaded
L 07/14/2020 - 08:45:12: -------- Mapchange to cdcmarijuana! --------
L 07/14/2020 - 08:45:12: [adminsounds.smx] 62 sounds loaded
L 07/14/2020 - 08:45:17: [randomcycle.smx] RandomCycle has chosen dod_bunky2_modified for the nextmap.
L 07/14/2020 - 08:52:10: [mapchooser.smx] Voting for next map has started.
L 07/14/2020 - 08:56:11: [SM] Changed map to "dod_deux_chateaux_final"
L 07/14/2020 - 08:56:11: [SM] Changed map to "dod_deux_chateaux_final"
L 07/14/2020 - 08:56:12: -------- Mapchange to dod_deux_chateaux_final --------
L 07/14/2020 - 08:56:13: [adminsounds.smx] 62 sounds loaded
L 07/14/2020 - 08:56:14: -------- Mapchange to dod_deux_chateaux_final --------
L 07/14/2020 - 08:56:14: [adminsounds.smx] 62 sounds loaded
L 07/14/2020 - 08:56:19: [randomcycle.smx] RandomCycle has chosen sniperzone for the nextmap.
L 07/14/2020 - 09:03:12: [mapchooser.smx] Voting for next map has started.
L 07/14/2020 - 09:07:13: [SM] Changed map to "dod_beer_circus"
L 07/14/2020 - 09:07:13: [SM] Changed map to "dod_beer_circus"
L 07/14/2020 - 09:07:23: -------- Mapchange to dod_beer_circus --------
L 07/14/2020 - 09:07:23: [adminsounds.smx] 62 sounds loaded
L 07/14/2020 - 09:07:32: -------- Mapchange to dod_beer_circus --------
L 07/14/2020 - 09:07:33: [adminsounds.smx] 62 sounds loaded
L 07/14/2020 - 09:07:38: [randomcycle.smx] RandomCycle has chosen dod_cdc_rats_rm for the nextmap.
L 07/14/2020 - 09:14:31: [mapchooser.smx] Voting for next map has started.
L 07/14/2020 - 09:18:32: [SM] Changed map to "dod_cdc_rats_rm"
L 07/14/2020 - 09:18:32: [SM] Changed map to "dod_cdc_rats_rm"
L 07/14/2020 - 09:18:33: -------- Mapchange to dod_cdc_rats_rm --------
L 07/14/2020 - 09:18:33: [adminsounds.smx] 62 sounds loaded
L 07/14/2020 - 09:18:34: -------- Mapchange to dod_cdc_rats_rm --------
L 07/14/2020 - 09:18:35: [adminsounds.smx] 62 sounds loaded
L 07/14/2020 - 09:18:40: [randomcycle.smx] RandomCycle has chosen mario_air for the nextmap.
L 07/14/2020 - 09:25:33: [mapchooser.smx] Voting for next map has started.
L 07/14/2020 - 09:29:34: [SM] Changed map to "dod_monopoly_source"
L 07/14/2020 - 09:29:34: [SM] Changed map to "dod_monopoly_source"
L 07/14/2020 - 09:29:35: -------- Mapchange to dod_monopoly_source --------
L 07/14/2020 - 09:29:35: [adminsounds.smx] 62 sounds loaded
L 07/14/2020 - 09:29:37: -------- Mapchange to dod_monopoly_source --------
L 07/14/2020 - 09:29:37: [adminsounds.smx] 62 sounds loaded
L 07/14/2020 - 09:29:42: [randomcycle.smx] RandomCycle has chosen dod_kalt for the nextmap.
L 07/14/2020 - 09:36:35: [mapchooser.smx] Voting for next map has started.
L 07/14/2020 - 09:40:36: [SM] Changed map to "dod_flash"
L 07/14/2020 - 09:40:36: [SM] Changed map to "dod_flash"
L 07/14/2020 - 09:40:37: -------- Mapchange to dod_flash --------
L 07/14/2020 - 09:40:38: [adminsounds.smx] 62 sounds loaded
L 07/14/2020 - 09:40:39: -------- Mapchange to dod_flash --------
L 07/14/2020 - 09:40:39: [adminsounds.smx] 62 sounds loaded
L 07/14/2020 - 09:40:45: [randomcycle.smx] RandomCycle has chosen dod_donner for the nextmap.
L 07/14/2020 - 09:47:38: [mapchooser.smx] Voting for next map has started.
L 07/14/2020 - 09:51:39: [SM] Changed map to "cdcmarijuana!"
L 07/14/2020 - 09:51:39: [SM] Changed map to "cdcmarijuana!"
L 07/14/2020 - 09:51:40: -------- Mapchange to cdcmarijuana! --------
L 07/14/2020 - 09:51:40: [adminsounds.smx] 62 sounds loaded
L 07/14/2020 - 09:51:42: -------- Mapchange to cdcmarijuana! --------
L 07/14/2020 - 09:51:42: [adminsounds.smx] 62 sounds loaded
L 07/14/2020 - 09:51:47: [randomcycle.smx] RandomCycle has chosen dod_argentan for the nextmap.
L 07/14/2020 - 09:58:40: [mapchooser.smx] Voting for next map has started.
L 07/14/2020 - 10:02:41: [SM] Changed map to "dod_avalanche"
L 07/14/2020 - 10:02:41: [SM] Changed map to "dod_avalanche"
L 07/14/2020 - 10:02:43: -------- Mapchange to dod_avalanche --------
L 07/14/2020 - 10:02:43: [adminsounds.smx] 62 sounds loaded
L 07/14/2020 - 10:02:45: -------- Mapchange to dod_avalanche --------
L 07/14/2020 - 10:02:45: [adminsounds.smx] 62 sounds loaded
L 07/14/2020 - 10:02:50: [randomcycle.smx] RandomCycle has chosen dod_deux_chateaux_final for the nextmap.
L 07/14/2020 - 10:09:43: [mapchooser.smx] Voting for next map has started.
L 07/14/2020 - 10:13:44: [SM] Changed map to "dod_jagd"
L 07/14/2020 - 10:13:44: [SM] Changed map to "dod_jagd"
L 07/14/2020 - 10:13:46: -------- Mapchange to dod_jagd --------
L 07/14/2020 - 10:13:47: [adminsounds.smx] 62 sounds loaded
L 07/14/2020 - 10:13:49: -------- Mapchange to dod_jagd --------
L 07/14/2020 - 10:13:49: [adminsounds.smx] 62 sounds loaded
L 07/14/2020 - 10:13:55: [randomcycle.smx] RandomCycle has chosen dod_anzio for the nextmap.
L 07/14/2020 - 10:20:48: [mapchooser.smx] Voting for next map has started.
L 07/14/2020 - 10:24:49: [SM] Changed map to "dod_donner"
L 07/14/2020 - 10:24:49: [SM] Changed map to "dod_donner"
L 07/14/2020 - 10:24:50: -------- Mapchange to dod_donner --------
L 07/14/2020 - 10:24:50: [adminsounds.smx] 62 sounds loaded
L 07/14/2020 - 10:24:52: -------- Mapchange to dod_donner --------
L 07/14/2020 - 10:24:52: [adminsounds.smx] 62 sounds loaded
L 07/14/2020 - 10:24:58: [randomcycle.smx] RandomCycle has chosen babyfight_arena for the nextmap.
L 07/14/2020 - 10:31:51: [mapchooser.smx] Voting for next map has started.
L 07/14/2020 - 10:35:52: [SM] Changed map to "dod_rats"
L 07/14/2020 - 10:35:52: [SM] Changed map to "dod_rats"
L 07/14/2020 - 10:35:53: -------- Mapchange to dod_rats --------
L 07/14/2020 - 10:35:53: [adminsounds.smx] 62 sounds loaded
L 07/14/2020 - 10:35:55: -------- Mapchange to dod_rats --------
L 07/14/2020 - 10:35:55: [adminsounds.smx] 62 sounds loaded
L 07/14/2020 - 10:36:01: [randomcycle.smx] RandomCycle has chosen dod_sand_rats_2006 for the nextmap.
L 07/14/2020 - 10:42:54: [mapchooser.smx] Voting for next map has started.
L 07/14/2020 - 10:46:55: [SM] Changed map to "dod_flash"
L 07/14/2020 - 10:46:55: [SM] Changed map to "dod_flash"
L 07/14/2020 - 10:46:56: -------- Mapchange to dod_flash --------
L 07/14/2020 - 10:46:56: [adminsounds.smx] 62 sounds loaded
L 07/14/2020 - 10:46:58: -------- Mapchange to dod_flash --------
L 07/14/2020 - 10:46:58: [adminsounds.smx] 62 sounds loaded
L 07/14/2020 - 10:47:04: [randomcycle.smx] RandomCycle has chosen dod_bigbunky_v4 for the nextmap.
L 07/14/2020 - 10:53:57: [mapchooser.smx] Voting for next map has started.
L 07/14/2020 - 10:57:58: [SM] Changed map to "mario_air"
L 07/14/2020 - 10:57:58: [SM] Changed map to "mario_air"
L 07/14/2020 - 10:57:59: -------- Mapchange to mario_air --------
L 07/14/2020 - 10:57:59: [adminsounds.smx] 62 sounds loaded
L 07/14/2020 - 10:58:01: -------- Mapchange to mario_air --------
L 07/14/2020 - 10:58:01: [adminsounds.smx] 62 sounds loaded
L 07/14/2020 - 10:58:06: [randomcycle.smx] RandomCycle has chosen dod_orange_bridges for the nextmap.
L 07/14/2020 - 11:04:59: [mapchooser.smx] Voting for next map has started.
L 07/14/2020 - 11:09:01: [SM] Changed map to "dod_murky_p2"
L 07/14/2020 - 11:09:01: [SM] Changed map to "dod_murky_p2"
L 07/14/2020 - 11:09:02: -------- Mapchange to dod_murky_p2 --------
L 07/14/2020 - 11:09:02: [adminsounds.smx] 62 sounds loaded
L 07/14/2020 - 11:09:03: -------- Mapchange to dod_murky_p2 --------
L 07/14/2020 - 11:09:04: [adminsounds.smx] 62 sounds loaded
L 07/14/2020 - 11:09:09: [randomcycle.smx] RandomCycle has chosen dod_orange_damier_v2 for the nextmap.
L 07/14/2020 - 11:16:02: [mapchooser.smx] Voting for next map has started.
L 07/14/2020 - 11:20:03: [SM] Changed map to "dod_bunky2_modified"
L 07/14/2020 - 11:20:03: [SM] Changed map to "dod_bunky2_modified"
L 07/14/2020 - 11:20:04: -------- Mapchange to dod_bunky2_modified --------
L 07/14/2020 - 11:20:04: [adminsounds.smx] 62 sounds loaded
L 07/14/2020 - 11:20:06: -------- Mapchange to dod_bunky2_modified --------
L 07/14/2020 - 11:20:06: [adminsounds.smx] 62 sounds loaded
L 07/14/2020 - 11:20:11: [randomcycle.smx] RandomCycle has chosen dod_sucette_v3 for the nextmap.
L 07/14/2020 - 11:27:04: [mapchooser.smx] Voting for next map has started.
L 07/14/2020 - 11:31:05: [SM] Changed map to "dod_avalanche@night"
L 07/14/2020 - 11:31:05: [SM] Changed map to "dod_avalanche@night"
L 07/14/2020 - 11:31:07: -------- Mapchange to dod_avalanche@night --------
L 07/14/2020 - 11:31:07: [adminsounds.smx] 62 sounds loaded
L 07/14/2020 - 11:31:09: -------- Mapchange to dod_avalanche@night --------
L 07/14/2020 - 11:31:09: [adminsounds.smx] 62 sounds loaded
L 07/14/2020 - 11:31:15: [randomcycle.smx] RandomCycle has chosen dod_aimap_b1 for the nextmap.
L 07/14/2020 - 11:38:08: [mapchooser.smx] Voting for next map has started.
L 07/14/2020 - 11:42:09: [SM] Changed map to "dod_sniper_killbox_v2"
L 07/14/2020 - 11:42:09: [SM] Changed map to "dod_sniper_killbox_v2"
L 07/14/2020 - 11:42:10: -------- Mapchange to dod_sniper_killbox_v2 --------
L 07/14/2020 - 11:42:10: [adminsounds.smx] 62 sounds loaded
L 07/14/2020 - 11:42:12: -------- Mapchange to dod_sniper_killbox_v2 --------
L 07/14/2020 - 11:42:12: [adminsounds.smx] 62 sounds loaded
L 07/14/2020 - 11:42:17: [randomcycle.smx] RandomCycle has chosen dod_avalanche for the nextmap.
L 07/14/2020 - 11:49:10: [mapchooser.smx] Voting for next map has started.
L 07/14/2020 - 11:53:11: [SM] Changed map to "dod_murky_p2"
L 07/14/2020 - 11:53:11: [SM] Changed map to "dod_murky_p2"
L 07/14/2020 - 11:53:12: -------- Mapchange to dod_murky_p2 --------
L 07/14/2020 - 11:53:13: [adminsounds.smx] 62 sounds loaded
L 07/14/2020 - 11:53:14: -------- Mapchange to dod_murky_p2 --------
L 07/14/2020 - 11:53:14: [adminsounds.smx] 62 sounds loaded
L 07/14/2020 - 11:53:20: [randomcycle.smx] RandomCycle has chosen dod_sniper_killbox_v2 for the nextmap.
L 07/14/2020 - 12:00:13: [mapchooser.smx] Voting for next map has started.
L 07/14/2020 - 12:04:14: [SM] Changed map to "acc_labice"
L 07/14/2020 - 12:04:14: [SM] Changed map to "acc_labice"
L 07/14/2020 - 12:04:15: -------- Mapchange to acc_labice --------
L 07/14/2020 - 12:04:15: [adminsounds.smx] 62 sounds loaded
L 07/14/2020 - 12:04:17: -------- Mapchange to acc_labice --------
L 07/14/2020 - 12:04:17: [adminsounds.smx] 62 sounds loaded
L 07/14/2020 - 12:04:22: [randomcycle.smx] RandomCycle has chosen mario_air for the nextmap.
L 07/14/2020 - 12:11:15: [mapchooser.smx] Voting for next map has started.
L 07/14/2020 - 12:15:16: [SM] Changed map to "dod_risk_b9"
L 07/14/2020 - 12:15:16: [SM] Changed map to "dod_risk_b9"
L 07/14/2020 - 12:15:19: -------- Mapchange to dod_risk_b9 --------
L 07/14/2020 - 12:15:19: [adminsounds.smx] 62 sounds loaded
L 07/14/2020 - 12:15:23: -------- Mapchange to dod_risk_b9 --------
L 07/14/2020 - 12:15:23: [adminsounds.smx] 62 sounds loaded
L 07/14/2020 - 12:15:28: [randomcycle.smx] RandomCycle has chosen dod_flash for the nextmap.
L 07/14/2020 - 12:22:21: [mapchooser.smx] Voting for next map has started.
L 07/14/2020 - 12:26:22: [SM] Changed map to "dod_orange_wallhack"
L 07/14/2020 - 12:26:22: [SM] Changed map to "dod_orange_wallhack"
L 07/14/2020 - 12:26:23: -------- Mapchange to dod_orange_wallhack --------
L 07/14/2020 - 12:26:23: [adminsounds.smx] 62 sounds loaded
L 07/14/2020 - 12:26:25: -------- Mapchange to dod_orange_wallhack --------
L 07/14/2020 - 12:26:25: [adminsounds.smx] 62 sounds loaded
L 07/14/2020 - 12:26:31: [randomcycle.smx] RandomCycle has chosen dod_beer_circus for the nextmap.
L 07/14/2020 - 12:33:24: [mapchooser.smx] Voting for next map has started.
L 07/14/2020 - 12:37:25: [SM] Changed map to "dod_avalanche@night"
L 07/14/2020 - 12:37:25: [SM] Changed map to "dod_avalanche@night"
L 07/14/2020 - 12:37:26: -------- Mapchange to dod_avalanche@night --------
L 07/14/2020 - 12:37:26: [adminsounds.smx] 62 sounds loaded
L 07/14/2020 - 12:37:29: -------- Mapchange to dod_avalanche@night --------
L 07/14/2020 - 12:37:29: [adminsounds.smx] 62 sounds loaded
L 07/14/2020 - 12:37:34: [randomcycle.smx] RandomCycle has chosen dod_dust2_snow_xmas for the nextmap.
L 07/14/2020 - 12:44:27: [mapchooser.smx] Voting for next map has started.
L 07/14/2020 - 12:48:28: [SM] Changed map to "dod_argentan"
L 07/14/2020 - 12:48:28: [SM] Changed map to "dod_argentan"
L 07/14/2020 - 12:48:30: -------- Mapchange to dod_argentan --------
L 07/14/2020 - 12:48:30: [adminsounds.smx] 62 sounds loaded
L 07/14/2020 - 12:48:32: -------- Mapchange to dod_argentan --------
L 07/14/2020 - 12:48:32: [adminsounds.smx] 62 sounds loaded
L 07/14/2020 - 12:48:38: [randomcycle.smx] RandomCycle has chosen dod_sniperarena_dgs2 for the nextmap.
L 07/14/2020 - 12:55:31: [mapchooser.smx] Voting for next map has started.
L 07/14/2020 - 12:59:32: [SM] Changed map to "dod_rats"
L 07/14/2020 - 12:59:32: [SM] Changed map to "dod_rats"
L 07/14/2020 - 12:59:33: -------- Mapchange to dod_rats --------
L 07/14/2020 - 12:59:33: [adminsounds.smx] 62 sounds loaded
L 07/14/2020 - 12:59:35: -------- Mapchange to dod_rats --------
L 07/14/2020 - 12:59:36: [adminsounds.smx] 62 sounds loaded
L 07/14/2020 - 12:59:41: [randomcycle.smx] RandomCycle has chosen dod_football_a for the nextmap.
L 07/14/2020 - 13:06:34: [mapchooser.smx] Voting for next map has started.
L 07/14/2020 - 13:10:35: [SM] Changed map to "dod_aimap_b1"
L 07/14/2020 - 13:10:35: [SM] Changed map to "dod_aimap_b1"
L 07/14/2020 - 13:10:36: -------- Mapchange to dod_aimap_b1 --------
L 07/14/2020 - 13:10:36: [adminsounds.smx] 62 sounds loaded
L 07/14/2020 - 13:10:38: -------- Mapchange to dod_aimap_b1 --------
L 07/14/2020 - 13:10:38: [adminsounds.smx] 62 sounds loaded
L 07/14/2020 - 13:10:44: [randomcycle.smx] RandomCycle has chosen dod_mousekitchen_ed for the nextmap.
L 07/14/2020 - 13:17:37: [mapchooser.smx] Voting for next map has started.
L 07/14/2020 - 13:21:38: [SM] Changed map to "acc_labice"
L 07/14/2020 - 13:21:38: [SM] Changed map to "acc_labice"
L 07/14/2020 - 13:21:39: -------- Mapchange to acc_labice --------
L 07/14/2020 - 13:21:39: [adminsounds.smx] 62 sounds loaded
L 07/14/2020 - 13:21:41: -------- Mapchange to acc_labice --------
L 07/14/2020 - 13:21:41: [adminsounds.smx] 62 sounds loaded
L 07/14/2020 - 13:21:47: [randomcycle.smx] RandomCycle has chosen dod_kalt for the nextmap.
L 07/14/2020 - 13:28:40: [mapchooser.smx] Voting for next map has started.
L 07/14/2020 - 13:32:41: [SM] Changed map to "dod_sniper_wars_beta"
L 07/14/2020 - 13:32:41: [SM] Changed map to "dod_sniper_wars_beta"
L 07/14/2020 - 13:32:42: -------- Mapchange to dod_sniper_wars_beta --------
L 07/14/2020 - 13:32:42: [adminsounds.smx] 62 sounds loaded
L 07/14/2020 - 13:32:44: -------- Mapchange to dod_sniper_wars_beta --------
L 07/14/2020 - 13:32:44: [adminsounds.smx] 62 sounds loaded
L 07/14/2020 - 13:32:50: [randomcycle.smx] RandomCycle has chosen dod_sewer_rats_b1 for the nextmap.
L 07/14/2020 - 13:39:43: [mapchooser.smx] Voting for next map has started.
L 07/14/2020 - 13:43:44: [SM] Changed map to "dod_mousekitchen_ed"
L 07/14/2020 - 13:43:44: [SM] Changed map to "dod_mousekitchen_ed"
L 07/14/2020 - 13:43:45: -------- Mapchange to dod_mousekitchen_ed --------
L 07/14/2020 - 13:43:45: [adminsounds.smx] 62 sounds loaded
L 07/14/2020 - 13:43:47: -------- Mapchange to dod_mousekitchen_ed --------
L 07/14/2020 - 13:43:47: [adminsounds.smx] 62 sounds loaded
L 07/14/2020 - 13:43:53: [randomcycle.smx] RandomCycle has chosen dod_orange_sniper for the nextmap.
L 07/14/2020 - 13:50:46: [mapchooser.smx] Voting for next map has started.
L 07/14/2020 - 13:54:47: [SM] Changed map to "dod_legoland_b2"
L 07/14/2020 - 13:54:47: [SM] Changed map to "dod_legoland_b2"
L 07/14/2020 - 13:54:48: -------- Mapchange to dod_legoland_b2 --------
L 07/14/2020 - 13:54:48: [adminsounds.smx] 62 sounds loaded
L 07/14/2020 - 13:54:50: -------- Mapchange to dod_legoland_b2 --------
L 07/14/2020 - 13:54:50: [adminsounds.smx] 62 sounds loaded
L 07/14/2020 - 13:54:56: [randomcycle.smx] RandomCycle has chosen dod_orange_cancrelats for the nextmap.
L 07/14/2020 - 14:01:49: [mapchooser.smx] Voting for next map has started.
L 07/14/2020 - 14:05:50: [SM] Changed map to "dod_deux_chateaux_final"
L 07/14/2020 - 14:05:50: [SM] Changed map to "dod_deux_chateaux_final"
L 07/14/2020 - 14:05:51: -------- Mapchange to dod_deux_chateaux_final --------
L 07/14/2020 - 14:05:51: [adminsounds.smx] 62 sounds loaded
L 07/14/2020 - 14:05:53: -------- Mapchange to dod_deux_chateaux_final --------
L 07/14/2020 - 14:05:53: [adminsounds.smx] 62 sounds loaded
L 07/14/2020 - 14:05:59: [randomcycle.smx] RandomCycle has chosen dod_rats for the nextmap.
L 07/14/2020 - 14:12:52: [mapchooser.smx] Voting for next map has started.
L 07/14/2020 - 14:16:53: [SM] Changed map to "dod_argentan"
L 07/14/2020 - 14:16:53: [SM] Changed map to "dod_argentan"
L 07/14/2020 - 14:16:54: -------- Mapchange to dod_argentan --------
L 07/14/2020 - 14:16:55: [adminsounds.smx] 62 sounds loaded
L 07/14/2020 - 14:16:57: -------- Mapchange to dod_argentan --------
L 07/14/2020 - 14:16:57: [adminsounds.smx] 62 sounds loaded
L 07/14/2020 - 14:17:02: [randomcycle.smx] RandomCycle has chosen dod_sucette_v3 for the nextmap.
L 07/14/2020 - 14:23:56: [mapchooser.smx] Voting for next map has started.
L 07/14/2020 - 14:27:57: [SM] Changed map to "dod_sewer_rats_b1"
L 07/14/2020 - 14:27:57: [SM] Changed map to "dod_sewer_rats_b1"
L 07/14/2020 - 14:27:58: -------- Mapchange to dod_sewer_rats_b1 --------
L 07/14/2020 - 14:27:58: [adminsounds.smx] 62 sounds loaded
L 07/14/2020 - 14:28:00: -------- Mapchange to dod_sewer_rats_b1 --------
L 07/14/2020 - 14:28:00: [adminsounds.smx] 62 sounds loaded
L 07/14/2020 - 14:28:06: [randomcycle.smx] RandomCycle has chosen dod_avalanche@night for the nextmap.
L 07/14/2020 - 14:34:59: [mapchooser.smx] Voting for next map has started.
L 07/14/2020 - 14:39:00: [SM] Changed map to "dod_solitude_rats"
L 07/14/2020 - 14:39:00: [SM] Changed map to "dod_solitude_rats"
L 07/14/2020 - 14:39:01: -------- Mapchange to dod_solitude_rats --------
L 07/14/2020 - 14:39:01: [adminsounds.smx] 62 sounds loaded
L 07/14/2020 - 14:39:03: -------- Mapchange to dod_solitude_rats --------
L 07/14/2020 - 14:39:03: [adminsounds.smx] 62 sounds loaded
L 07/14/2020 - 14:39:09: [randomcycle.smx] RandomCycle has chosen sniperzone for the nextmap.
L 07/14/2020 - 14:46:02: [mapchooser.smx] Voting for next map has started.
L 07/14/2020 - 14:50:03: [SM] Changed map to "dod_jagd"
L 07/14/2020 - 14:50:03: [SM] Changed map to "dod_jagd"
L 07/14/2020 - 14:50:05: -------- Mapchange to dod_jagd --------
L 07/14/2020 - 14:50:06: [adminsounds.smx] 62 sounds loaded
L 07/14/2020 - 14:50:09: -------- Mapchange to dod_jagd --------
L 07/14/2020 - 14:50:09: [adminsounds.smx] 62 sounds loaded
L 07/14/2020 - 14:50:14: [randomcycle.smx] RandomCycle has chosen dod_anzio for the nextmap.
L 07/14/2020 - 14:57:07: [mapchooser.smx] Voting for next map has started.
L 07/14/2020 - 15:01:08: [SM] Changed map to "dod_avalanche@night"
L 07/14/2020 - 15:01:08: [SM] Changed map to "dod_avalanche@night"
L 07/14/2020 - 15:01:10: -------- Mapchange to dod_avalanche@night --------
L 07/14/2020 - 15:01:10: [adminsounds.smx] 62 sounds loaded
L 07/14/2020 - 15:01:12: -------- Mapchange to dod_avalanche@night --------
L 07/14/2020 - 15:01:13: [adminsounds.smx] 62 sounds loaded
L 07/14/2020 - 15:01:18: [randomcycle.smx] RandomCycle has chosen dod_fullhouse for the nextmap.
L 07/14/2020 - 15:08:11: [mapchooser.smx] Voting for next map has started.
L 07/14/2020 - 15:12:12: [SM] Changed map to "dod_chocolate_fight_arena"
L 07/14/2020 - 15:12:12: [SM] Changed map to "dod_chocolate_fight_arena"
L 07/14/2020 - 15:12:14: -------- Mapchange to dod_chocolate_fight_arena --------
L 07/14/2020 - 15:12:14: [adminsounds.smx] 62 sounds loaded
L 07/14/2020 - 15:12:16: -------- Mapchange to dod_chocolate_fight_arena --------
L 07/14/2020 - 15:12:16: [adminsounds.smx] 62 sounds loaded
L 07/14/2020 - 15:12:22: [randomcycle.smx] RandomCycle has chosen dod_beer_circus for the nextmap.
L 07/14/2020 - 15:19:15: [mapchooser.smx] Voting for next map has started.
L 07/14/2020 - 15:23:16: [SM] Changed map to "dod_bigbunky_v4"
L 07/14/2020 - 15:23:16: [SM] Changed map to "dod_bigbunky_v4"
L 07/14/2020 - 15:23:17: -------- Mapchange to dod_bigbunky_v4 --------
L 07/14/2020 - 15:23:17: [adminsounds.smx] 62 sounds loaded
L 07/14/2020 - 15:23:19: -------- Mapchange to dod_bigbunky_v4 --------
L 07/14/2020 - 15:23:19: [adminsounds.smx] 62 sounds loaded
L 07/14/2020 - 15:23:25: [randomcycle.smx] RandomCycle has chosen dod_deux_chateaux_final for the nextmap.
L 07/14/2020 - 15:30:18: [mapchooser.smx] Voting for next map has started.
L 07/14/2020 - 15:34:19: [SM] Changed map to "dod_cdc_rats_rm"
L 07/14/2020 - 15:34:19: [SM] Changed map to "dod_cdc_rats_rm"
L 07/14/2020 - 15:34:20: -------- Mapchange to dod_cdc_rats_rm --------
L 07/14/2020 - 15:34:20: [adminsounds.smx] 62 sounds loaded
L 07/14/2020 - 15:34:22: -------- Mapchange to dod_cdc_rats_rm --------
L 07/14/2020 - 15:34:23: [adminsounds.smx] 62 sounds loaded
L 07/14/2020 - 15:34:28: [randomcycle.smx] RandomCycle has chosen dod_kalt for the nextmap.
L 07/14/2020 - 15:41:21: [mapchooser.smx] Voting for next map has started.
L 07/14/2020 - 15:45:22: [SM] Changed map to "dod_colmar"
L 07/14/2020 - 15:45:22: [SM] Changed map to "dod_colmar"
L 07/14/2020 - 15:45:25: -------- Mapchange to dod_colmar --------
L 07/14/2020 - 15:45:25: [adminsounds.smx] 62 sounds loaded
L 07/14/2020 - 15:45:28: -------- Mapchange to dod_colmar --------
L 07/14/2020 - 15:45:28: [adminsounds.smx] 62 sounds loaded
L 07/14/2020 - 15:45:33: [randomcycle.smx] RandomCycle has chosen dod_murky_p2 for the nextmap.
L 07/14/2020 - 15:52:26: [mapchooser.smx] Voting for next map has started.
L 07/14/2020 - 15:56:27: [SM] Changed map to "dod_orange_castel_evolution"
L 07/14/2020 - 15:56:27: [SM] Changed map to "dod_orange_castel_evolution"
L 07/14/2020 - 15:56:29: -------- Mapchange to dod_orange_castel_evolution --------
L 07/14/2020 - 15:56:29: [adminsounds.smx] 62 sounds loaded
L 07/14/2020 - 15:56:31: -------- Mapchange to dod_orange_castel_evolution --------
L 07/14/2020 - 15:56:31: [adminsounds.smx] 62 sounds loaded
L 07/14/2020 - 15:56:37: [randomcycle.smx] RandomCycle has chosen dod_jagd for the nextmap.
L 07/14/2020 - 16:03:30: [mapchooser.smx] Voting for next map has started.
L 07/14/2020 - 16:07:31: [SM] Changed map to "dod_risk_b9"
L 07/14/2020 - 16:07:31: [SM] Changed map to "dod_risk_b9"
L 07/14/2020 - 16:07:34: -------- Mapchange to dod_risk_b9 --------
L 07/14/2020 - 16:07:34: [adminsounds.smx] 62 sounds loaded
L 07/14/2020 - 16:07:38: -------- Mapchange to dod_risk_b9 --------
L 07/14/2020 - 16:07:38: [adminsounds.smx] 62 sounds loaded
L 07/14/2020 - 16:07:43: [randomcycle.smx] RandomCycle has chosen dod_football_a for the nextmap.
L 07/14/2020 - 16:14:36: [mapchooser.smx] Voting for next map has started.
L 07/14/2020 - 16:18:37: [SM] Changed map to "dod_fullhouse"
L 07/14/2020 - 16:18:37: [SM] Changed map to "dod_fullhouse"
L 07/14/2020 - 16:18:39: -------- Mapchange to dod_fullhouse --------
L 07/14/2020 - 16:18:39: [adminsounds.smx] 62 sounds loaded
L 07/14/2020 - 16:18:41: -------- Mapchange to dod_fullhouse --------
L 07/14/2020 - 16:18:41: [adminsounds.smx] 62 sounds loaded
L 07/14/2020 - 16:18:47: [randomcycle.smx] RandomCycle has chosen dod_chocolate_fight_arena for the nextmap.
L 07/14/2020 - 16:25:40: [mapchooser.smx] Voting for next map has started.
L 07/14/2020 - 16:29:41: [SM] Changed map to "cdcmarijuana!"
L 07/14/2020 - 16:29:41: [SM] Changed map to "cdcmarijuana!"
L 07/14/2020 - 16:29:42: -------- Mapchange to cdcmarijuana! --------
L 07/14/2020 - 16:29:42: [adminsounds.smx] 62 sounds loaded
L 07/14/2020 - 16:29:45: -------- Mapchange to cdcmarijuana! --------
L 07/14/2020 - 16:29:45: [adminsounds.smx] 62 sounds loaded
L 07/14/2020 - 16:29:50: [randomcycle.smx] RandomCycle has chosen dod_avalanche for the nextmap.
L 07/14/2020 - 16:36:43: [mapchooser.smx] Voting for next map has started.
L 07/14/2020 - 16:40:44: [SM] Changed map to "dod_kalt"
L 07/14/2020 - 16:40:44: [SM] Changed map to "dod_kalt"
L 07/14/2020 - 16:40:46: -------- Mapchange to dod_kalt --------
L 07/14/2020 - 16:40:46: [adminsounds.smx] 62 sounds loaded
L 07/14/2020 - 16:40:49: -------- Mapchange to dod_kalt --------
L 07/14/2020 - 16:40:49: [adminsounds.smx] 62 sounds loaded
L 07/14/2020 - 16:40:55: [randomcycle.smx] RandomCycle has chosen dod_flash for the nextmap.
L 07/14/2020 - 16:47:48: [mapchooser.smx] Voting for next map has started.
L 07/14/2020 - 16:51:49: [SM] Changed map to "dod_murky_p2"
L 07/14/2020 - 16:51:49: [SM] Changed map to "dod_murky_p2"
L 07/14/2020 - 16:51:50: -------- Mapchange to dod_murky_p2 --------
L 07/14/2020 - 16:51:50: [adminsounds.smx] 62 sounds loaded
L 07/14/2020 - 16:51:52: -------- Mapchange to dod_murky_p2 --------
L 07/14/2020 - 16:51:53: [adminsounds.smx] 62 sounds loaded
L 07/14/2020 - 16:51:58: [randomcycle.smx] RandomCycle has chosen acc_labice for the nextmap.
L 07/14/2020 - 16:58:51: [mapchooser.smx] Voting for next map has started.
L 07/14/2020 - 17:02:52: [SM] Changed map to "dod_sniper_wars_beta"
L 07/14/2020 - 17:02:52: [SM] Changed map to "dod_sniper_wars_beta"
L 07/14/2020 - 17:02:54: -------- Mapchange to dod_sniper_wars_beta --------
L 07/14/2020 - 17:02:54: [adminsounds.smx] 62 sounds loaded
L 07/14/2020 - 17:02:56: -------- Mapchange to dod_sniper_wars_beta --------
L 07/14/2020 - 17:02:56: [adminsounds.smx] 62 sounds loaded
L 07/14/2020 - 17:03:02: [randomcycle.smx] RandomCycle has chosen dod_sucette_v3 for the nextmap.
L 07/14/2020 - 17:09:55: [mapchooser.smx] Voting for next map has started.
L 07/14/2020 - 17:13:56: [SM] Changed map to "dod_aimap_b1"
L 07/14/2020 - 17:13:56: [SM] Changed map to "dod_aimap_b1"
L 07/14/2020 - 17:13:57: -------- Mapchange to dod_aimap_b1 --------
L 07/14/2020 - 17:13:57: [adminsounds.smx] 62 sounds loaded
L 07/14/2020 - 17:13:59: -------- Mapchange to dod_aimap_b1 --------
L 07/14/2020 - 17:13:59: [adminsounds.smx] 62 sounds loaded
L 07/14/2020 - 17:14:05: [randomcycle.smx] RandomCycle has chosen dod_legoland_b2 for the nextmap.
L 07/14/2020 - 17:20:58: [mapchooser.smx] Voting for next map has started.
L 07/14/2020 - 17:24:59: [SM] Changed map to "dod_mousekitchen_ed"
L 07/14/2020 - 17:24:59: [SM] Changed map to "dod_mousekitchen_ed"
L 07/14/2020 - 17:25:01: -------- Mapchange to dod_mousekitchen_ed --------
L 07/14/2020 - 17:25:01: [adminsounds.smx] 62 sounds loaded
L 07/14/2020 - 17:25:03: -------- Mapchange to dod_mousekitchen_ed --------
L 07/14/2020 - 17:25:03: [adminsounds.smx] 62 sounds loaded
L 07/14/2020 - 17:25:09: [randomcycle.smx] RandomCycle has chosen dod_sewer_rats_b1 for the nextmap.
L 07/14/2020 - 17:32:02: [mapchooser.smx] Voting for next map has started.
L 07/14/2020 - 17:36:03: [SM] Changed map to "dod_beer_circus"
L 07/14/2020 - 17:36:03: [SM] Changed map to "dod_beer_circus"
L 07/14/2020 - 17:36:12: -------- Mapchange to dod_beer_circus --------
L 07/14/2020 - 17:36:12: [adminsounds.smx] 62 sounds loaded
L 07/14/2020 - 17:36:23: -------- Mapchange to dod_beer_circus --------
L 07/14/2020 - 17:36:23: [adminsounds.smx] 62 sounds loaded
L 07/14/2020 - 17:36:28: [randomcycle.smx] RandomCycle has chosen dod_solitude_rats for the nextmap.
L 07/14/2020 - 17:43:22: [mapchooser.smx] Voting for next map has started.
L 07/14/2020 - 17:47:23: [SM] Changed map to "dod_risk_b9"
L 07/14/2020 - 17:47:23: [SM] Changed map to "dod_risk_b9"
L 07/14/2020 - 17:47:26: -------- Mapchange to dod_risk_b9 --------
L 07/14/2020 - 17:47:26: [adminsounds.smx] 62 sounds loaded
L 07/14/2020 - 17:47:29: -------- Mapchange to dod_risk_b9 --------
L 07/14/2020 - 17:47:30: [adminsounds.smx] 62 sounds loaded
L 07/14/2020 - 17:47:35: [randomcycle.smx] RandomCycle has chosen dod_bunky2_modified for the nextmap.
L 07/14/2020 - 17:54:28: [mapchooser.smx] Voting for next map has started.
L 07/14/2020 - 17:58:29: [SM] Changed map to "dod_dust2_snow_xmas"
L 07/14/2020 - 17:58:29: [SM] Changed map to "dod_dust2_snow_xmas"
L 07/14/2020 - 17:58:31: -------- Mapchange to dod_dust2_snow_xmas --------
L 07/14/2020 - 17:58:31: [adminsounds.smx] 62 sounds loaded
L 07/14/2020 - 17:58:33: -------- Mapchange to dod_dust2_snow_xmas --------
L 07/14/2020 - 17:58:34: [adminsounds.smx] 62 sounds loaded
L 07/14/2020 - 17:58:39: [randomcycle.smx] RandomCycle has chosen dod_murky_p2 for the nextmap.
L 07/14/2020 - 18:05:32: [mapchooser.smx] Voting for next map has started.
L 07/14/2020 - 18:09:33: [SM] Changed map to "dod_donner"
L 07/14/2020 - 18:09:33: [SM] Changed map to "dod_donner"
L 07/14/2020 - 18:09:35: -------- Mapchange to dod_donner --------
L 07/14/2020 - 18:09:35: [adminsounds.smx] 62 sounds loaded
L 07/14/2020 - 18:09:38: -------- Mapchange to dod_donner --------
L 07/14/2020 - 18:09:38: [adminsounds.smx] 62 sounds loaded
L 07/14/2020 - 18:09:44: [randomcycle.smx] RandomCycle has chosen dod_4pyramides for the nextmap.
L 07/14/2020 - 18:16:37: [mapchooser.smx] Voting for next map has started.
L 07/14/2020 - 18:20:38: [SM] Changed map to "dod_deux_chateaux_final"
L 07/14/2020 - 18:20:38: [SM] Changed map to "dod_deux_chateaux_final"
L 07/14/2020 - 18:20:54: SourceMod log file session started (file "/home/srvdod/srcds/dod_s/dod/addons/sourcemod/logs/L20200714.log") (Version "1.10.0.6490")
L 07/14/2020 - 18:20:54: [adminsounds.smx] 62 sounds loaded
L 07/14/2020 - 18:21:00: [randomcycle.smx] RandomCycle has chosen dod_sewer_rats_b1 for the nextmap.
L 07/14/2020 - 19:16:32: [mapchooser.smx] Voting for next map has started.
L 07/14/2020 - 19:20:33: [SM] Changed map to "dod_jagd"
L 07/14/2020 - 19:20:33: [SM] Changed map to "dod_jagd"
L 07/14/2020 - 19:20:36: -------- Mapchange to dod_jagd --------
L 07/14/2020 - 19:20:36: [adminsounds.smx] 62 sounds loaded
L 07/14/2020 - 19:20:39: -------- Mapchange to dod_jagd --------
L 07/14/2020 - 19:20:39: [adminsounds.smx] 62 sounds loaded
L 07/14/2020 - 19:20:45: [randomcycle.smx] RandomCycle has chosen dod_risk_b9 for the nextmap.
L 07/14/2020 - 19:27:38: [mapchooser.smx] Voting for next map has started.
L 07/14/2020 - 19:31:39: [SM] Changed map to "dod_flash"
L 07/14/2020 - 19:31:39: [SM] Changed map to "dod_flash"
L 07/14/2020 - 19:31:41: -------- Mapchange to dod_flash --------
L 07/14/2020 - 19:31:41: [adminsounds.smx] 62 sounds loaded
L 07/14/2020 - 19:31:44: -------- Mapchange to dod_flash --------
L 07/14/2020 - 19:31:44: [adminsounds.smx] 62 sounds loaded
L 07/14/2020 - 19:31:50: [randomcycle.smx] RandomCycle has chosen dod_colmar for the nextmap.
L 07/14/2020 - 19:38:43: [mapchooser.smx] Voting for next map has started.
L 07/14/2020 - 19:42:44: [SM] Changed map to "dod_beer_circus"
L 07/14/2020 - 19:42:44: [SM] Changed map to "dod_beer_circus"
L 07/14/2020 - 19:42:53: -------- Mapchange to dod_beer_circus --------
L 07/14/2020 - 19:42:53: [adminsounds.smx] 62 sounds loaded
L 07/14/2020 - 19:43:04: -------- Mapchange to dod_beer_circus --------
L 07/14/2020 - 19:43:04: [adminsounds.smx] 62 sounds loaded
L 07/14/2020 - 19:43:10: [randomcycle.smx] RandomCycle has chosen sniperzone for the nextmap.
L 07/14/2020 - 19:50:03: [mapchooser.smx] Voting for next map has started.
L 07/14/2020 - 19:54:04: [SM] Changed map to "babyfight_arena"
L 07/14/2020 - 19:54:04: [SM] Changed map to "babyfight_arena"
L 07/14/2020 - 19:54:05: -------- Mapchange to babyfight_arena --------
L 07/14/2020 - 19:54:05: [adminsounds.smx] 62 sounds loaded
L 07/14/2020 - 19:54:08: -------- Mapchange to babyfight_arena --------
L 07/14/2020 - 19:54:08: [adminsounds.smx] 62 sounds loaded
L 07/14/2020 - 19:54:13: [randomcycle.smx] RandomCycle has chosen dod_orange_wallhack for the nextmap.
L 07/14/2020 - 20:01:06: [mapchooser.smx] Voting for next map has started.
L 07/14/2020 - 20:05:07: [SM] Changed map to "sniperzone"
L 07/14/2020 - 20:05:08: [SM] Changed map to "sniperzone"
L 07/14/2020 - 20:05:09: -------- Mapchange to sniperzone --------
L 07/14/2020 - 20:05:09: [adminsounds.smx] 62 sounds loaded
L 07/14/2020 - 20:05:12: -------- Mapchange to sniperzone --------
L 07/14/2020 - 20:05:12: [adminsounds.smx] 62 sounds loaded
L 07/14/2020 - 20:05:18: [randomcycle.smx] RandomCycle has chosen dod_murky_p2 for the nextmap.
L 07/14/2020 - 20:12:11: [mapchooser.smx] Voting for next map has started.
L 07/14/2020 - 20:16:12: [SM] Changed map to "dod_bunky2_modified"
L 07/14/2020 - 20:16:12: [SM] Changed map to "dod_bunky2_modified"
L 07/14/2020 - 20:16:13: -------- Mapchange to dod_bunky2_modified --------
L 07/14/2020 - 20:16:13: [adminsounds.smx] 62 sounds loaded
L 07/14/2020 - 20:16:16: -------- Mapchange to dod_bunky2_modified --------
L 07/14/2020 - 20:16:16: [adminsounds.smx] 62 sounds loaded
L 07/14/2020 - 20:16:21: [randomcycle.smx] RandomCycle has chosen dod_football_a for the nextmap.
L 07/14/2020 - 20:23:14: [mapchooser.smx] Voting for next map has started.
L 07/14/2020 - 20:27:16: [SM] Changed map to "dod_monopoly_source"
L 07/14/2020 - 20:27:16: [SM] Changed map to "dod_monopoly_source"
L 07/14/2020 - 20:27:17: -------- Mapchange to dod_monopoly_source --------
L 07/14/2020 - 20:27:17: [adminsounds.smx] 62 sounds loaded
L 07/14/2020 - 20:27:20: -------- Mapchange to dod_monopoly_source --------
L 07/14/2020 - 20:27:20: [adminsounds.smx] 62 sounds loaded
L 07/14/2020 - 20:27:25: [randomcycle.smx] RandomCycle has chosen dod_argentan for the nextmap.
L 07/14/2020 - 20:34:18: [mapchooser.smx] Voting for next map has started.
L 07/14/2020 - 20:38:19: [SM] Changed map to "dod_orange_bridges"
L 07/14/2020 - 20:38:19: [SM] Changed map to "dod_orange_bridges"
L 07/14/2020 - 20:38:21: -------- Mapchange to dod_orange_bridges --------
L 07/14/2020 - 20:38:21: [adminsounds.smx] 62 sounds loaded
L 07/14/2020 - 20:38:23: -------- Mapchange to dod_orange_bridges --------
L 07/14/2020 - 20:38:23: [adminsounds.smx] 62 sounds loaded
L 07/14/2020 - 20:38:29: [randomcycle.smx] RandomCycle has chosen dod_orange_sniper for the nextmap.
L 07/14/2020 - 20:45:22: [mapchooser.smx] Voting for next map has started.
L 07/14/2020 - 20:49:23: [SM] Changed map to "dod_colmar"
L 07/14/2020 - 20:49:23: [SM] Changed map to "dod_colmar"
L 07/14/2020 - 20:49:26: -------- Mapchange to dod_colmar --------
L 07/14/2020 - 20:49:26: [adminsounds.smx] 62 sounds loaded
L 07/14/2020 - 20:49:29: -------- Mapchange to dod_colmar --------
L 07/14/2020 - 20:49:29: [adminsounds.smx] 62 sounds loaded
L 07/14/2020 - 20:49:35: [randomcycle.smx] RandomCycle has chosen dod_sucette_v3 for the nextmap.
L 07/14/2020 - 20:56:28: [mapchooser.smx] Voting for next map has started.
L 07/14/2020 - 21:00:29: [SM] Changed map to "dod_beer_circus"
L 07/14/2020 - 21:00:29: [SM] Changed map to "dod_beer_circus"
L 07/14/2020 - 21:00:39: -------- Mapchange to dod_beer_circus --------
L 07/14/2020 - 21:00:39: [adminsounds.smx] 62 sounds loaded
L 07/14/2020 - 21:00:50: -------- Mapchange to dod_beer_circus --------
L 07/14/2020 - 21:00:50: [adminsounds.smx] 62 sounds loaded
L 07/14/2020 - 21:00:55: [randomcycle.smx] RandomCycle has chosen dod_sand_rats_2006 for the nextmap.
L 07/14/2020 - 21:07:48: [mapchooser.smx] Voting for next map has started.
L 07/14/2020 - 21:11:50: [SM] Changed map to "dod_dust2_snow_xmas"
L 07/14/2020 - 21:11:50: [SM] Changed map to "dod_dust2_snow_xmas"
L 07/14/2020 - 21:11:51: -------- Mapchange to dod_dust2_snow_xmas --------
L 07/14/2020 - 21:11:51: [adminsounds.smx] 62 sounds loaded
L 07/14/2020 - 21:11:54: -------- Mapchange to dod_dust2_snow_xmas --------
L 07/14/2020 - 21:11:54: [adminsounds.smx] 62 sounds loaded
L 07/14/2020 - 21:12:00: [randomcycle.smx] RandomCycle has chosen dod_fullhouse for the nextmap.
L 07/14/2020 - 21:18:53: [mapchooser.smx] Voting for next map has started.
L 07/14/2020 - 21:22:54: [SM] Changed map to "acc_labice"
L 07/14/2020 - 21:22:54: [SM] Changed map to "acc_labice"
L 07/14/2020 - 21:22:56: -------- Mapchange to acc_labice --------
L 07/14/2020 - 21:22:56: [adminsounds.smx] 62 sounds loaded
L 07/14/2020 - 21:22:58: -------- Mapchange to acc_labice --------
L 07/14/2020 - 21:22:58: [adminsounds.smx] 62 sounds loaded
L 07/14/2020 - 21:23:04: [randomcycle.smx] RandomCycle has chosen dod_sniperarena_dgs2 for the nextmap.
L 07/14/2020 - 21:29:57: [mapchooser.smx] Voting for next map has started.
L 07/14/2020 - 21:33:58: [SM] Changed map to "dod_jagd"
L 07/14/2020 - 21:33:58: [SM] Changed map to "dod_jagd"
L 07/14/2020 - 21:34:01: -------- Mapchange to dod_jagd --------
L 07/14/2020 - 21:34:01: [adminsounds.smx] 62 sounds loaded
L 07/14/2020 - 21:34:05: -------- Mapchange to dod_jagd --------
L 07/14/2020 - 21:34:05: [adminsounds.smx] 62 sounds loaded
L 07/14/2020 - 21:34:11: [randomcycle.smx] RandomCycle has chosen dod_anzio for the nextmap.
L 07/14/2020 - 21:41:04: [mapchooser.smx] Voting for next map has started.
L 07/14/2020 - 21:45:05: [SM] Changed map to "dod_sniper_wars_beta"
L 07/14/2020 - 21:45:05: [SM] Changed map to "dod_sniper_wars_beta"
L 07/14/2020 - 21:45:06: -------- Mapchange to dod_sniper_wars_beta --------
L 07/14/2020 - 21:45:07: [adminsounds.smx] 62 sounds loaded
L 07/14/2020 - 21:45:09: -------- Mapchange to dod_sniper_wars_beta --------
L 07/14/2020 - 21:45:09: [adminsounds.smx] 62 sounds loaded
L 07/14/2020 - 21:45:15: [randomcycle.smx] RandomCycle has chosen mario_air for the nextmap.
L 07/14/2020 - 21:52:08: [mapchooser.smx] Voting for next map has started.
L 07/14/2020 - 21:56:09: [SM] Changed map to "dod_deux_chateaux_final"
L 07/14/2020 - 21:56:09: [SM] Changed map to "dod_deux_chateaux_final"
L 07/14/2020 - 21:56:11: -------- Mapchange to dod_deux_chateaux_final --------
L 07/14/2020 - 21:56:11: [adminsounds.smx] 62 sounds loaded
L 07/14/2020 - 21:56:13: -------- Mapchange to dod_deux_chateaux_final --------
L 07/14/2020 - 21:56:13: [adminsounds.smx] 62 sounds loaded
L 07/14/2020 - 21:56:19: [randomcycle.smx] RandomCycle has chosen dod_avalanche@night for the nextmap.
L 07/14/2020 - 22:03:12: [mapchooser.smx] Voting for next map has started.
L 07/14/2020 - 22:07:13: [SM] Changed map to "dod_cdc_rats_rm"
L 07/14/2020 - 22:07:13: [SM] Changed map to "dod_cdc_rats_rm"
L 07/14/2020 - 22:07:15: -------- Mapchange to dod_cdc_rats_rm --------
L 07/14/2020 - 22:07:15: [adminsounds.smx] 62 sounds loaded
L 07/14/2020 - 22:07:18: -------- Mapchange to dod_cdc_rats_rm --------
L 07/14/2020 - 22:07:18: [adminsounds.smx] 62 sounds loaded
L 07/14/2020 - 22:07:24: [randomcycle.smx] RandomCycle has chosen cdcmarijuana! for the nextmap.
L 07/14/2020 - 22:14:16: [mapchooser.smx] Voting for next map has started.
L 07/14/2020 - 22:18:18: [SM] Changed map to "babyfight_arena"
L 07/14/2020 - 22:18:18: [SM] Changed map to "babyfight_arena"
L 07/14/2020 - 22:18:19: -------- Mapchange to babyfight_arena --------
L 07/14/2020 - 22:18:19: [adminsounds.smx] 62 sounds loaded
L 07/14/2020 - 22:18:22: -------- Mapchange to babyfight_arena --------
L 07/14/2020 - 22:18:22: [adminsounds.smx] 62 sounds loaded
L 07/14/2020 - 22:18:28: [randomcycle.smx] RandomCycle has chosen dod_legoland_b2 for the nextmap.
L 07/14/2020 - 22:25:21: [mapchooser.smx] Voting for next map has started.
L 07/14/2020 - 22:29:22: [SM] Changed map to "dod_football_a"
L 07/14/2020 - 22:29:22: [SM] Changed map to "dod_football_a"
L 07/14/2020 - 22:29:24: -------- Mapchange to dod_football_a --------
L 07/14/2020 - 22:29:24: [adminsounds.smx] 62 sounds loaded
L 07/14/2020 - 22:29:26: -------- Mapchange to dod_football_a --------
L 07/14/2020 - 22:29:26: [adminsounds.smx] 62 sounds loaded
L 07/14/2020 - 22:29:32: [randomcycle.smx] RandomCycle has chosen dod_donner for the nextmap.
L 07/14/2020 - 22:36:25: [mapchooser.smx] Voting for next map has started.
L 07/14/2020 - 22:40:26: [SM] Changed map to "dod_avalanche"
L 07/14/2020 - 22:40:26: [SM] Changed map to "dod_avalanche"
L 07/14/2020 - 22:40:28: -------- Mapchange to dod_avalanche --------
L 07/14/2020 - 22:40:28: [adminsounds.smx] 62 sounds loaded
L 07/14/2020 - 22:40:31: -------- Mapchange to dod_avalanche --------
L 07/14/2020 - 22:40:31: [adminsounds.smx] 62 sounds loaded
L 07/14/2020 - 22:40:37: [randomcycle.smx] RandomCycle has chosen sniperzone for the nextmap.
L 07/14/2020 - 22:47:30: [mapchooser.smx] Voting for next map has started.
L 07/14/2020 - 22:51:31: [SM] Changed map to "dod_jagd"
L 07/14/2020 - 22:51:31: [SM] Changed map to "dod_jagd"
L 07/14/2020 - 22:51:34: -------- Mapchange to dod_jagd --------
L 07/14/2020 - 22:51:34: [adminsounds.smx] 62 sounds loaded
L 07/14/2020 - 22:51:38: -------- Mapchange to dod_jagd --------
L 07/14/2020 - 22:51:38: [adminsounds.smx] 62 sounds loaded
L 07/14/2020 - 22:51:44: [randomcycle.smx] RandomCycle has chosen dod_4pyramides for the nextmap.
L 07/14/2020 - 22:58:37: [mapchooser.smx] Voting for next map has started.
L 07/14/2020 - 23:02:38: [SM] Changed map to "acc_labice"
L 07/14/2020 - 23:02:38: [SM] Changed map to "acc_labice"
L 07/14/2020 - 23:02:40: -------- Mapchange to acc_labice --------
L 07/14/2020 - 23:02:40: [adminsounds.smx] 62 sounds loaded
L 07/14/2020 - 23:02:42: -------- Mapchange to acc_labice --------
L 07/14/2020 - 23:02:42: [adminsounds.smx] 62 sounds loaded
L 07/14/2020 - 23:02:48: [randomcycle.smx] RandomCycle has chosen dod_sewer_rats_b1 for the nextmap.
L 07/14/2020 - 23:09:41: [mapchooser.smx] Voting for next map has started.
L 07/14/2020 - 23:13:42: [SM] Changed map to "babyfight_arena"
L 07/14/2020 - 23:13:42: [SM] Changed map to "babyfight_arena"
L 07/14/2020 - 23:13:44: -------- Mapchange to babyfight_arena --------
L 07/14/2020 - 23:13:44: [adminsounds.smx] 62 sounds loaded
L 07/14/2020 - 23:13:47: -------- Mapchange to babyfight_arena --------
L 07/14/2020 - 23:13:47: [adminsounds.smx] 62 sounds loaded
L 07/14/2020 - 23:13:53: [randomcycle.smx] RandomCycle has chosen dod_solitude_rats for the nextmap.
L 07/14/2020 - 23:20:46: [mapchooser.smx] Voting for next map has started.
L 07/14/2020 - 23:24:47: [SM] Changed map to "dod_sniperarena_dgs2"
L 07/14/2020 - 23:24:47: [SM] Changed map to "dod_sniperarena_dgs2"
L 07/14/2020 - 23:24:48: -------- Mapchange to dod_sniperarena_dgs2 --------
L 07/14/2020 - 23:24:49: [adminsounds.smx] 62 sounds loaded
L 07/14/2020 - 23:24:51: -------- Mapchange to dod_sniperarena_dgs2 --------
L 07/14/2020 - 23:24:51: [adminsounds.smx] 62 sounds loaded
L 07/14/2020 - 23:24:57: [randomcycle.smx] RandomCycle has chosen dod_risk_b9 for the nextmap.
L 07/14/2020 - 23:31:50: [mapchooser.smx] Voting for next map has started.
L 07/14/2020 - 23:35:51: [SM] Changed map to "dod_colmar"
L 07/14/2020 - 23:35:51: [SM] Changed map to "dod_colmar"
L 07/14/2020 - 23:35:54: -------- Mapchange to dod_colmar --------
L 07/14/2020 - 23:35:54: [adminsounds.smx] 62 sounds loaded
L 07/14/2020 - 23:35:58: -------- Mapchange to dod_colmar --------
L 07/14/2020 - 23:35:58: [adminsounds.smx] 62 sounds loaded
L 07/14/2020 - 23:36:04: [randomcycle.smx] RandomCycle has chosen dod_iceworld_final_[bds]_doc for the nextmap.
L 07/14/2020 - 23:42:57: [mapchooser.smx] Voting for next map has started.
L 07/14/2020 - 23:46:58: [SM] Changed map to "dod_sniper_killbox_v2"
L 07/14/2020 - 23:46:58: [SM] Changed map to "dod_sniper_killbox_v2"
L 07/14/2020 - 23:46:59: -------- Mapchange to dod_sniper_killbox_v2 --------
L 07/14/2020 - 23:46:59: [adminsounds.smx] 62 sounds loaded
L 07/14/2020 - 23:47:02: -------- Mapchange to dod_sniper_killbox_v2 --------
L 07/14/2020 - 23:47:02: [adminsounds.smx] 62 sounds loaded
L 07/14/2020 - 23:47:08: [randomcycle.smx] RandomCycle has chosen dod_cdc_rats_rm for the nextmap.
L 07/14/2020 - 23:54:01: [mapchooser.smx] Voting for next map has started.
L 07/14/2020 - 23:58:02: [SM] Changed map to "dod_chocolate_fight_arena"
L 07/14/2020 - 23:58:02: [SM] Changed map to "dod_chocolate_fight_arena"
L 07/14/2020 - 23:58:04: -------- Mapchange to dod_chocolate_fight_arena --------
L 07/14/2020 - 23:58:04: [adminsounds.smx] 62 sounds loaded
L 07/14/2020 - 23:58:07: -------- Mapchange to dod_chocolate_fight_arena --------
L 07/14/2020 - 23:58:07: [adminsounds.smx] 62 sounds loaded
L 07/14/2020 - 23:58:13: [randomcycle.smx] RandomCycle has chosen dod_orange_wallhack for the nextmap.
L 07/15/2020 - 00:05:06: Log file closed.
