L 07/21/2020 - 00:03:58: SourceMod log file session started (file "/home/srvdod/srcds/dod_s/dod/addons/sourcemod/logs/L20200721.log") (Version "1.10.0.6490")
L 07/21/2020 - 00:03:58: [mapchooser.smx] Voting for next map has started.
L 07/21/2020 - 00:05:04: [SM] Changed map to "dod_churchyard"
L 07/21/2020 - 00:05:04: [SM] Changed map to "dod_churchyard"
L 07/21/2020 - 00:05:06: -------- Mapchange to dod_churchyard --------
L 07/21/2020 - 00:05:06: [adminsounds.smx] 64 sounds loaded
L 07/21/2020 - 00:05:07: -------- Mapchange to dod_churchyard --------
L 07/21/2020 - 00:05:07: [adminsounds.smx] 64 sounds loaded
L 07/21/2020 - 00:05:12: [randomcycle.smx] RandomCycle has chosen dod_longestday_b5 for the nextmap.
L 07/21/2020 - 00:14:05: SourceMod log file session started (file "/home/srvdod/srcds/dod_s/dod/addons/sourcemod/logs/L20200721.log") (Version "1.10.0.6490")
L 07/21/2020 - 00:14:05: [adminsounds.smx] 64 sounds loaded
L 07/21/2020 - 00:14:11: [randomcycle.smx] RandomCycle has chosen 3xi_trainmap for the nextmap.
L 07/21/2020 - 00:23:55: [mapchooser.smx] Voting for next map has started.
L 07/21/2020 - 00:25:02: [SM] Changed map to "dod_coire_rc3"
L 07/21/2020 - 00:25:02: [SM] Changed map to "dod_coire_rc3"
L 07/21/2020 - 00:25:03: -------- Mapchange to dod_coire_rc3 --------
L 07/21/2020 - 00:25:03: [adminsounds.smx] 64 sounds loaded
L 07/21/2020 - 00:25:05: -------- Mapchange to dod_coire_rc3 --------
L 07/21/2020 - 00:25:05: [adminsounds.smx] 64 sounds loaded
L 07/21/2020 - 00:25:10: [randomcycle.smx] RandomCycle has chosen dod_anzio for the nextmap.
L 07/21/2020 - 00:34:03: [mapchooser.smx] Voting for next map has started.
L 07/21/2020 - 00:35:09: [SM] Changed map to "dod_bunker_warfare_v1"
L 07/21/2020 - 00:35:09: [SM] Changed map to "dod_bunker_warfare_v1"
L 07/21/2020 - 00:35:10: -------- Mapchange to dod_bunker_warfare_v1 --------
L 07/21/2020 - 00:35:10: [adminsounds.smx] 64 sounds loaded
L 07/21/2020 - 00:35:11: -------- Mapchange to dod_bunker_warfare_v1 --------
L 07/21/2020 - 00:35:11: [adminsounds.smx] 64 sounds loaded
L 07/21/2020 - 00:35:16: [randomcycle.smx] RandomCycle has chosen dod_azure for the nextmap.
L 07/21/2020 - 00:44:09: [mapchooser.smx] Voting for next map has started.
L 07/21/2020 - 00:45:15: [SM] Changed map to "dod_sniperbridge_rc1"
L 07/21/2020 - 00:45:15: [SM] Changed map to "dod_sniperbridge_rc1"
L 07/21/2020 - 00:45:16: -------- Mapchange to dod_sniperbridge_rc1 --------
L 07/21/2020 - 00:45:16: [adminsounds.smx] 64 sounds loaded
L 07/21/2020 - 00:45:17: -------- Mapchange to dod_sniperbridge_rc1 --------
L 07/21/2020 - 00:45:17: [adminsounds.smx] 64 sounds loaded
L 07/21/2020 - 00:45:22: [randomcycle.smx] RandomCycle has chosen dod_murky_p2 for the nextmap.
L 07/21/2020 - 00:54:15: [mapchooser.smx] Voting for next map has started.
L 07/21/2020 - 00:55:21: [SM] Changed map to "dod_argentan"
L 07/21/2020 - 00:55:21: [SM] Changed map to "dod_argentan"
L 07/21/2020 - 00:55:22: -------- Mapchange to dod_argentan --------
L 07/21/2020 - 00:55:23: [adminsounds.smx] 64 sounds loaded
L 07/21/2020 - 00:55:24: -------- Mapchange to dod_argentan --------
L 07/21/2020 - 00:55:24: [adminsounds.smx] 64 sounds loaded
L 07/21/2020 - 00:55:29: [randomcycle.smx] RandomCycle has chosen dod_churchyard for the nextmap.
L 07/21/2020 - 01:04:22: [mapchooser.smx] Voting for next map has started.
L 07/21/2020 - 01:05:28: [SM] Changed map to "dod_rive_rc3"
L 07/21/2020 - 01:05:28: [SM] Changed map to "dod_rive_rc3"
L 07/21/2020 - 01:05:29: -------- Mapchange to dod_rive_rc3 --------
L 07/21/2020 - 01:05:30: [adminsounds.smx] 64 sounds loaded
L 07/21/2020 - 01:05:31: -------- Mapchange to dod_rive_rc3 --------
L 07/21/2020 - 01:05:31: [adminsounds.smx] 64 sounds loaded
L 07/21/2020 - 01:05:36: [randomcycle.smx] RandomCycle has chosen dod_kalt for the nextmap.
L 07/21/2020 - 01:14:29: [mapchooser.smx] Voting for next map has started.
L 07/21/2020 - 01:15:35: [SM] Changed map to "dod_murky_p2"
L 07/21/2020 - 01:15:35: [SM] Changed map to "dod_murky_p2"
L 07/21/2020 - 01:15:36: -------- Mapchange to dod_murky_p2 --------
L 07/21/2020 - 01:15:36: [adminsounds.smx] 64 sounds loaded
L 07/21/2020 - 01:15:36: -------- Mapchange to dod_murky_p2 --------
L 07/21/2020 - 01:15:37: [adminsounds.smx] 64 sounds loaded
L 07/21/2020 - 01:15:42: [randomcycle.smx] RandomCycle has chosen dod_aura for the nextmap.
L 07/21/2020 - 01:24:35: [mapchooser.smx] Voting for next map has started.
L 07/21/2020 - 01:25:41: [SM] Changed map to "dod_breugelb8"
L 07/21/2020 - 01:25:41: [SM] Changed map to "dod_breugelb8"
L 07/21/2020 - 01:25:43: -------- Mapchange to dod_breugelb8 --------
L 07/21/2020 - 01:25:43: [adminsounds.smx] 64 sounds loaded
L 07/21/2020 - 01:25:45: -------- Mapchange to dod_breugelb8 --------
L 07/21/2020 - 01:25:45: [adminsounds.smx] 64 sounds loaded
L 07/21/2020 - 01:25:50: [randomcycle.smx] RandomCycle has chosen dod_jagd for the nextmap.
L 07/21/2020 - 01:34:43: [mapchooser.smx] Voting for next map has started.
L 07/21/2020 - 01:35:49: [SM] Changed map to "dod_anzio"
L 07/21/2020 - 01:35:49: [SM] Changed map to "dod_anzio"
L 07/21/2020 - 01:35:50: -------- Mapchange to dod_anzio --------
L 07/21/2020 - 01:35:50: [adminsounds.smx] 64 sounds loaded
L 07/21/2020 - 01:35:51: -------- Mapchange to dod_anzio --------
L 07/21/2020 - 01:35:51: [adminsounds.smx] 64 sounds loaded
L 07/21/2020 - 01:35:56: [randomcycle.smx] RandomCycle has chosen dod_argentan for the nextmap.
L 07/21/2020 - 01:44:50: [mapchooser.smx] Voting for next map has started.
L 07/21/2020 - 01:45:56: [SM] Changed map to "dod_avalanche@night"
L 07/21/2020 - 01:45:56: [SM] Changed map to "dod_avalanche@night"
L 07/21/2020 - 01:45:57: -------- Mapchange to dod_avalanche@night --------
L 07/21/2020 - 01:45:57: [adminsounds.smx] 64 sounds loaded
L 07/21/2020 - 01:45:58: -------- Mapchange to dod_avalanche@night --------
L 07/21/2020 - 01:45:58: [adminsounds.smx] 64 sounds loaded
L 07/21/2020 - 01:46:03: [randomcycle.smx] RandomCycle has chosen dod_beaverville_b2 for the nextmap.
L 07/21/2020 - 01:54:56: [mapchooser.smx] Voting for next map has started.
L 07/21/2020 - 01:56:02: [SM] Changed map to "dod_stug"
L 07/21/2020 - 01:56:02: [SM] Changed map to "dod_stug"
L 07/21/2020 - 01:56:04: -------- Mapchange to dod_stug --------
L 07/21/2020 - 01:56:04: [adminsounds.smx] 64 sounds loaded
L 07/21/2020 - 01:56:06: -------- Mapchange to dod_stug --------
L 07/21/2020 - 01:56:06: [adminsounds.smx] 64 sounds loaded
L 07/21/2020 - 01:56:11: [randomcycle.smx] RandomCycle has chosen dod_orange_indoor_dream_arena for the nextmap.
L 07/21/2020 - 02:05:04: [mapchooser.smx] Voting for next map has started.
L 07/21/2020 - 02:06:11: [SM] Changed map to "dod_sniper_wars_beta"
L 07/21/2020 - 02:06:11: [SM] Changed map to "dod_sniper_wars_beta"
L 07/21/2020 - 02:06:12: -------- Mapchange to dod_sniper_wars_beta --------
L 07/21/2020 - 02:06:12: [adminsounds.smx] 64 sounds loaded
L 07/21/2020 - 02:06:13: -------- Mapchange to dod_sniper_wars_beta --------
L 07/21/2020 - 02:06:13: [adminsounds.smx] 64 sounds loaded
L 07/21/2020 - 02:06:18: [randomcycle.smx] RandomCycle has chosen dod_don for the nextmap.
L 07/21/2020 - 02:15:11: [mapchooser.smx] Voting for next map has started.
L 07/21/2020 - 02:16:17: [SM] Changed map to "dod_colmar"
L 07/21/2020 - 02:16:17: [SM] Changed map to "dod_colmar"
L 07/21/2020 - 02:16:19: -------- Mapchange to dod_colmar --------
L 07/21/2020 - 02:16:19: [adminsounds.smx] 64 sounds loaded
L 07/21/2020 - 02:16:21: -------- Mapchange to dod_colmar --------
L 07/21/2020 - 02:16:21: [adminsounds.smx] 64 sounds loaded
L 07/21/2020 - 02:16:26: [randomcycle.smx] RandomCycle has chosen dod_anvil for the nextmap.
L 07/21/2020 - 02:25:19: [mapchooser.smx] Voting for next map has started.
L 07/21/2020 - 02:26:25: [SM] Changed map to "dod_anzio"
L 07/21/2020 - 02:26:25: [SM] Changed map to "dod_anzio"
L 07/21/2020 - 02:26:26: -------- Mapchange to dod_anzio --------
L 07/21/2020 - 02:26:27: [adminsounds.smx] 64 sounds loaded
L 07/21/2020 - 02:26:28: -------- Mapchange to dod_anzio --------
L 07/21/2020 - 02:26:28: [adminsounds.smx] 64 sounds loaded
L 07/21/2020 - 02:26:33: [randomcycle.smx] RandomCycle has chosen dod_sniperarena_dgs2 for the nextmap.
L 07/21/2020 - 02:35:26: [mapchooser.smx] Voting for next map has started.
L 07/21/2020 - 02:36:32: [SM] Changed map to "dod_anvil"
L 07/21/2020 - 02:36:32: [SM] Changed map to "dod_anvil"
L 07/21/2020 - 02:36:34: -------- Mapchange to dod_anvil --------
L 07/21/2020 - 02:36:35: [adminsounds.smx] 64 sounds loaded
L 07/21/2020 - 02:36:37: -------- Mapchange to dod_anvil --------
L 07/21/2020 - 02:36:37: [adminsounds.smx] 64 sounds loaded
L 07/21/2020 - 02:36:42: [randomcycle.smx] RandomCycle has chosen 3xi_trainmap for the nextmap.
L 07/21/2020 - 02:45:35: [mapchooser.smx] Voting for next map has started.
L 07/21/2020 - 02:46:41: [SM] Changed map to "dod_coire_rc3"
L 07/21/2020 - 02:46:41: [SM] Changed map to "dod_coire_rc3"
L 07/21/2020 - 02:46:43: -------- Mapchange to dod_coire_rc3 --------
L 07/21/2020 - 02:46:43: [adminsounds.smx] 64 sounds loaded
L 07/21/2020 - 02:46:45: -------- Mapchange to dod_coire_rc3 --------
L 07/21/2020 - 02:46:45: [adminsounds.smx] 64 sounds loaded
L 07/21/2020 - 02:46:50: [randomcycle.smx] RandomCycle has chosen dod_gan for the nextmap.
L 07/21/2020 - 02:55:43: [mapchooser.smx] Voting for next map has started.
L 07/21/2020 - 02:56:49: [SM] Changed map to "dod_real_arena"
L 07/21/2020 - 02:56:49: [SM] Changed map to "dod_real_arena"
L 07/21/2020 - 02:56:50: -------- Mapchange to dod_real_arena --------
L 07/21/2020 - 02:56:50: [adminsounds.smx] 64 sounds loaded
L 07/21/2020 - 02:56:51: -------- Mapchange to dod_real_arena --------
L 07/21/2020 - 02:56:51: [adminsounds.smx] 64 sounds loaded
L 07/21/2020 - 02:56:56: [randomcycle.smx] RandomCycle has chosen dod_orange_sniper for the nextmap.
L 07/21/2020 - 03:05:49: [mapchooser.smx] Voting for next map has started.
L 07/21/2020 - 03:06:55: [SM] Changed map to "dod_colmar"
L 07/21/2020 - 03:06:55: [SM] Changed map to "dod_colmar"
L 07/21/2020 - 03:06:57: -------- Mapchange to dod_colmar --------
L 07/21/2020 - 03:06:57: [adminsounds.smx] 64 sounds loaded
L 07/21/2020 - 03:06:59: -------- Mapchange to dod_colmar --------
L 07/21/2020 - 03:06:59: [adminsounds.smx] 64 sounds loaded
L 07/21/2020 - 03:07:04: [randomcycle.smx] RandomCycle has chosen dod_rive_rc3 for the nextmap.
L 07/21/2020 - 03:15:57: [mapchooser.smx] Voting for next map has started.
L 07/21/2020 - 03:17:03: [SM] Changed map to "dod_marche"
L 07/21/2020 - 03:17:03: [SM] Changed map to "dod_marche"
L 07/21/2020 - 03:17:05: -------- Mapchange to dod_marche --------
L 07/21/2020 - 03:17:05: [adminsounds.smx] 64 sounds loaded
L 07/21/2020 - 03:17:06: -------- Mapchange to dod_marche --------
L 07/21/2020 - 03:17:06: [adminsounds.smx] 64 sounds loaded
L 07/21/2020 - 03:17:11: [randomcycle.smx] RandomCycle has chosen dod_arrierveld for the nextmap.
L 07/21/2020 - 03:26:04: [mapchooser.smx] Voting for next map has started.
L 07/21/2020 - 03:27:10: [SM] Changed map to "dod_rive_rc3"
L 07/21/2020 - 03:27:10: [SM] Changed map to "dod_rive_rc3"
L 07/21/2020 - 03:27:11: -------- Mapchange to dod_rive_rc3 --------
L 07/21/2020 - 03:27:11: [adminsounds.smx] 64 sounds loaded
L 07/21/2020 - 03:27:13: -------- Mapchange to dod_rive_rc3 --------
L 07/21/2020 - 03:27:13: [adminsounds.smx] 64 sounds loaded
L 07/21/2020 - 03:27:18: [randomcycle.smx] RandomCycle has chosen dod_colmar for the nextmap.
L 07/21/2020 - 03:36:11: [mapchooser.smx] Voting for next map has started.
L 07/21/2020 - 03:37:17: [SM] Changed map to "dod_avalanche"
L 07/21/2020 - 03:37:17: [SM] Changed map to "dod_avalanche"
L 07/21/2020 - 03:37:18: -------- Mapchange to dod_avalanche --------
L 07/21/2020 - 03:37:18: [adminsounds.smx] 64 sounds loaded
L 07/21/2020 - 03:37:20: -------- Mapchange to dod_avalanche --------
L 07/21/2020 - 03:37:20: [adminsounds.smx] 64 sounds loaded
L 07/21/2020 - 03:37:25: [randomcycle.smx] RandomCycle has chosen dod_bunker_warfare_v1 for the nextmap.
L 07/21/2020 - 03:46:18: [mapchooser.smx] Voting for next map has started.
L 07/21/2020 - 03:47:24: [SM] Changed map to "dod_cr44b3_remake"
L 07/21/2020 - 03:47:24: [SM] Changed map to "dod_cr44b3_remake"
L 07/21/2020 - 03:47:25: -------- Mapchange to dod_cr44b3_remake --------
L 07/21/2020 - 03:47:25: [adminsounds.smx] 64 sounds loaded
L 07/21/2020 - 03:47:27: -------- Mapchange to dod_cr44b3_remake --------
L 07/21/2020 - 03:47:27: [adminsounds.smx] 64 sounds loaded
L 07/21/2020 - 03:47:32: [randomcycle.smx] RandomCycle has chosen dod_dust2_tdf for the nextmap.
L 07/21/2020 - 03:56:25: [mapchooser.smx] Voting for next map has started.
L 07/21/2020 - 03:57:31: [SM] Changed map to "dod_flash"
L 07/21/2020 - 03:57:31: [SM] Changed map to "dod_flash"
L 07/21/2020 - 03:57:32: -------- Mapchange to dod_flash --------
L 07/21/2020 - 03:57:32: [adminsounds.smx] 64 sounds loaded
L 07/21/2020 - 03:57:34: -------- Mapchange to dod_flash --------
L 07/21/2020 - 03:57:34: [adminsounds.smx] 64 sounds loaded
L 07/21/2020 - 03:57:39: [randomcycle.smx] RandomCycle has chosen dod_donner for the nextmap.
L 07/21/2020 - 04:06:32: [mapchooser.smx] Voting for next map has started.
L 07/21/2020 - 04:07:38: [SM] Changed map to "dod_avalanche@night"
L 07/21/2020 - 04:07:38: [SM] Changed map to "dod_avalanche@night"
L 07/21/2020 - 04:07:39: -------- Mapchange to dod_avalanche@night --------
L 07/21/2020 - 04:07:39: [adminsounds.smx] 64 sounds loaded
L 07/21/2020 - 04:07:41: -------- Mapchange to dod_avalanche@night --------
L 07/21/2020 - 04:07:41: [adminsounds.smx] 64 sounds loaded
L 07/21/2020 - 04:07:46: [randomcycle.smx] RandomCycle has chosen dod_harrington for the nextmap.
L 07/21/2020 - 04:16:39: [mapchooser.smx] Voting for next map has started.
L 07/21/2020 - 04:17:45: [SM] Changed map to "dod_breugelb8"
L 07/21/2020 - 04:17:45: [SM] Changed map to "dod_breugelb8"
L 07/21/2020 - 04:17:47: -------- Mapchange to dod_breugelb8 --------
L 07/21/2020 - 04:17:47: [adminsounds.smx] 64 sounds loaded
L 07/21/2020 - 04:17:50: -------- Mapchange to dod_breugelb8 --------
L 07/21/2020 - 04:17:50: [adminsounds.smx] 64 sounds loaded
L 07/21/2020 - 04:17:55: [randomcycle.smx] RandomCycle has chosen dod_anzio for the nextmap.
L 07/21/2020 - 04:26:48: [mapchooser.smx] Voting for next map has started.
L 07/21/2020 - 04:27:54: [SM] Changed map to "dod_orange_indoor_dream_arena"
L 07/21/2020 - 04:27:54: [SM] Changed map to "dod_orange_indoor_dream_arena"
L 07/21/2020 - 04:27:55: -------- Mapchange to dod_orange_indoor_dream_arena --------
L 07/21/2020 - 04:27:55: [adminsounds.smx] 64 sounds loaded
L 07/21/2020 - 04:27:56: -------- Mapchange to dod_orange_indoor_dream_arena --------
L 07/21/2020 - 04:27:56: [adminsounds.smx] 64 sounds loaded
L 07/21/2020 - 04:28:01: [randomcycle.smx] RandomCycle has chosen dod_breugelb8 for the nextmap.
L 07/21/2020 - 04:36:54: [mapchooser.smx] Voting for next map has started.
L 07/21/2020 - 04:38:00: [SM] Changed map to "dod_beaverville_b2"
L 07/21/2020 - 04:38:00: [SM] Changed map to "dod_beaverville_b2"
L 07/21/2020 - 04:38:02: -------- Mapchange to dod_beaverville_b2 --------
L 07/21/2020 - 04:38:02: [adminsounds.smx] 64 sounds loaded
L 07/21/2020 - 04:38:03: -------- Mapchange to dod_beaverville_b2 --------
L 07/21/2020 - 04:38:03: [adminsounds.smx] 64 sounds loaded
L 07/21/2020 - 04:38:08: [randomcycle.smx] RandomCycle has chosen dod_sniperarena_dgs2 for the nextmap.
L 07/21/2020 - 04:47:01: [mapchooser.smx] Voting for next map has started.
L 07/21/2020 - 04:48:07: [SM] Changed map to "dod_lennon"
L 07/21/2020 - 04:48:07: [SM] Changed map to "dod_lennon"
L 07/21/2020 - 04:48:09: -------- Mapchange to dod_lennon --------
L 07/21/2020 - 04:48:09: [adminsounds.smx] 64 sounds loaded
L 07/21/2020 - 04:48:11: -------- Mapchange to dod_lennon --------
L 07/21/2020 - 04:48:11: [adminsounds.smx] 64 sounds loaded
L 07/21/2020 - 04:48:16: [randomcycle.smx] RandomCycle has chosen dod_lerouge for the nextmap.
L 07/21/2020 - 04:57:09: [mapchooser.smx] Voting for next map has started.
L 07/21/2020 - 04:58:15: [SM] Changed map to "dod_orange_sniper"
L 07/21/2020 - 04:58:15: [SM] Changed map to "dod_orange_sniper"
L 07/21/2020 - 04:58:16: -------- Mapchange to dod_orange_sniper --------
L 07/21/2020 - 04:58:16: [adminsounds.smx] 64 sounds loaded
L 07/21/2020 - 04:58:17: -------- Mapchange to dod_orange_sniper --------
L 07/21/2020 - 04:58:17: [adminsounds.smx] 64 sounds loaded
L 07/21/2020 - 04:58:22: [randomcycle.smx] RandomCycle has chosen dod_longestday_b5 for the nextmap.
L 07/21/2020 - 05:07:15: [mapchooser.smx] Voting for next map has started.
L 07/21/2020 - 05:08:21: [SM] Changed map to "dod_don"
L 07/21/2020 - 05:08:21: [SM] Changed map to "dod_don"
L 07/21/2020 - 05:08:23: -------- Mapchange to dod_don --------
L 07/21/2020 - 05:08:23: [adminsounds.smx] 64 sounds loaded
L 07/21/2020 - 05:08:24: -------- Mapchange to dod_don --------
L 07/21/2020 - 05:08:24: [adminsounds.smx] 64 sounds loaded
L 07/21/2020 - 05:08:29: [randomcycle.smx] RandomCycle has chosen dod_churchyard for the nextmap.
L 07/21/2020 - 05:17:22: [mapchooser.smx] Voting for next map has started.
L 07/21/2020 - 05:18:28: [SM] Changed map to "dod_bunky"
L 07/21/2020 - 05:18:28: [SM] Changed map to "dod_bunky"
L 07/21/2020 - 05:18:29: -------- Mapchange to dod_bunky --------
L 07/21/2020 - 05:18:30: [adminsounds.smx] 64 sounds loaded
L 07/21/2020 - 05:18:31: -------- Mapchange to dod_bunky --------
L 07/21/2020 - 05:18:31: [adminsounds.smx] 64 sounds loaded
L 07/21/2020 - 05:18:36: [randomcycle.smx] RandomCycle has chosen dod_coire_rc3 for the nextmap.
L 07/21/2020 - 05:27:29: [mapchooser.smx] Voting for next map has started.
L 07/21/2020 - 05:28:35: [SM] Changed map to "dod_murky_p2"
L 07/21/2020 - 05:28:35: [SM] Changed map to "dod_murky_p2"
L 07/21/2020 - 05:28:36: -------- Mapchange to dod_murky_p2 --------
L 07/21/2020 - 05:28:36: [adminsounds.smx] 64 sounds loaded
L 07/21/2020 - 05:28:37: -------- Mapchange to dod_murky_p2 --------
L 07/21/2020 - 05:28:38: [adminsounds.smx] 64 sounds loaded
L 07/21/2020 - 05:28:43: [randomcycle.smx] RandomCycle has chosen dod_jagd for the nextmap.
L 07/21/2020 - 05:37:36: [mapchooser.smx] Voting for next map has started.
L 07/21/2020 - 05:38:42: [SM] Changed map to "dod_arrierveld"
L 07/21/2020 - 05:38:42: [SM] Changed map to "dod_arrierveld"
L 07/21/2020 - 05:38:43: -------- Mapchange to dod_arrierveld --------
L 07/21/2020 - 05:38:43: [adminsounds.smx] 64 sounds loaded
L 07/21/2020 - 05:38:45: -------- Mapchange to dod_arrierveld --------
L 07/21/2020 - 05:38:45: [adminsounds.smx] 64 sounds loaded
L 07/21/2020 - 05:38:50: [randomcycle.smx] RandomCycle has chosen dod_orange_sniper for the nextmap.
L 07/21/2020 - 05:47:43: [mapchooser.smx] Voting for next map has started.
L 07/21/2020 - 05:48:49: [SM] Changed map to "dod_don"
L 07/21/2020 - 05:48:49: [SM] Changed map to "dod_don"
L 07/21/2020 - 05:48:50: -------- Mapchange to dod_don --------
L 07/21/2020 - 05:48:50: [adminsounds.smx] 64 sounds loaded
L 07/21/2020 - 05:48:52: -------- Mapchange to dod_don --------
L 07/21/2020 - 05:48:52: [adminsounds.smx] 64 sounds loaded
L 07/21/2020 - 05:48:57: [randomcycle.smx] RandomCycle has chosen dod_kalt for the nextmap.
L 07/21/2020 - 05:57:50: [mapchooser.smx] Voting for next map has started.
L 07/21/2020 - 05:58:56: [SM] Changed map to "dod_longestday_b5"
L 07/21/2020 - 05:58:56: [SM] Changed map to "dod_longestday_b5"
L 07/21/2020 - 05:58:57: -------- Mapchange to dod_longestday_b5 --------
L 07/21/2020 - 05:58:57: [adminsounds.smx] 64 sounds loaded
L 07/21/2020 - 05:58:59: -------- Mapchange to dod_longestday_b5 --------
L 07/21/2020 - 05:58:59: [adminsounds.smx] 64 sounds loaded
L 07/21/2020 - 05:59:04: [randomcycle.smx] RandomCycle has chosen dod_crash for the nextmap.
L 07/21/2020 - 06:07:57: [mapchooser.smx] Voting for next map has started.
L 07/21/2020 - 06:09:03: [SM] Changed map to "dod_crash"
L 07/21/2020 - 06:09:03: [SM] Changed map to "dod_crash"
L 07/21/2020 - 06:09:05: -------- Mapchange to dod_crash --------
L 07/21/2020 - 06:09:05: [adminsounds.smx] 64 sounds loaded
L 07/21/2020 - 06:09:08: -------- Mapchange to dod_crash --------
L 07/21/2020 - 06:09:08: [adminsounds.smx] 64 sounds loaded
L 07/21/2020 - 06:09:13: [randomcycle.smx] RandomCycle has chosen dod_real_arena for the nextmap.
L 07/21/2020 - 06:18:06: [mapchooser.smx] Voting for next map has started.
L 07/21/2020 - 06:19:12: [SM] Changed map to "dod_bunky"
L 07/21/2020 - 06:19:12: [SM] Changed map to "dod_bunky"
L 07/21/2020 - 06:19:13: -------- Mapchange to dod_bunky --------
L 07/21/2020 - 06:19:13: [adminsounds.smx] 64 sounds loaded
L 07/21/2020 - 06:19:15: -------- Mapchange to dod_bunky --------
L 07/21/2020 - 06:19:15: [adminsounds.smx] 64 sounds loaded
L 07/21/2020 - 06:19:20: [randomcycle.smx] RandomCycle has chosen dod_marche for the nextmap.
L 07/21/2020 - 06:28:13: [mapchooser.smx] Voting for next map has started.
L 07/21/2020 - 06:29:19: [SM] Changed map to "dod_rive_rc3"
L 07/21/2020 - 06:29:19: [SM] Changed map to "dod_rive_rc3"
L 07/21/2020 - 06:29:21: -------- Mapchange to dod_rive_rc3 --------
L 07/21/2020 - 06:29:21: [adminsounds.smx] 64 sounds loaded
L 07/21/2020 - 06:29:22: -------- Mapchange to dod_rive_rc3 --------
L 07/21/2020 - 06:29:22: [adminsounds.smx] 64 sounds loaded
L 07/21/2020 - 06:29:28: [randomcycle.smx] RandomCycle has chosen dod_aura for the nextmap.
L 07/21/2020 - 06:38:21: [mapchooser.smx] Voting for next map has started.
L 07/21/2020 - 06:39:27: [SM] Changed map to "dod_marche"
L 07/21/2020 - 06:39:27: [SM] Changed map to "dod_marche"
L 07/21/2020 - 06:39:28: -------- Mapchange to dod_marche --------
L 07/21/2020 - 06:39:28: [adminsounds.smx] 64 sounds loaded
L 07/21/2020 - 06:39:30: -------- Mapchange to dod_marche --------
L 07/21/2020 - 06:39:30: [adminsounds.smx] 64 sounds loaded
L 07/21/2020 - 06:39:35: [randomcycle.smx] RandomCycle has chosen dod_rive_rc3 for the nextmap.
L 07/21/2020 - 06:48:28: [mapchooser.smx] Voting for next map has started.
L 07/21/2020 - 06:49:34: [SM] Changed map to "dod_orange_sniper"
L 07/21/2020 - 06:49:34: [SM] Changed map to "dod_orange_sniper"
L 07/21/2020 - 06:49:35: -------- Mapchange to dod_orange_sniper --------
L 07/21/2020 - 06:49:35: [adminsounds.smx] 64 sounds loaded
L 07/21/2020 - 06:49:37: -------- Mapchange to dod_orange_sniper --------
L 07/21/2020 - 06:49:37: [adminsounds.smx] 64 sounds loaded
L 07/21/2020 - 06:49:42: [randomcycle.smx] RandomCycle has chosen dod_anvil for the nextmap.
L 07/21/2020 - 06:58:35: [mapchooser.smx] Voting for next map has started.
L 07/21/2020 - 06:59:41: [SM] Changed map to "dod_aura"
L 07/21/2020 - 06:59:41: [SM] Changed map to "dod_aura"
L 07/21/2020 - 06:59:43: -------- Mapchange to dod_aura --------
L 07/21/2020 - 06:59:43: [adminsounds.smx] 64 sounds loaded
L 07/21/2020 - 06:59:45: -------- Mapchange to dod_aura --------
L 07/21/2020 - 06:59:45: [adminsounds.smx] 64 sounds loaded
L 07/21/2020 - 06:59:50: [randomcycle.smx] RandomCycle has chosen dod_tiger2008 for the nextmap.
L 07/21/2020 - 07:08:43: [mapchooser.smx] Voting for next map has started.
L 07/21/2020 - 07:09:49: [SM] Changed map to "dod_anvil"
L 07/21/2020 - 07:09:49: [SM] Changed map to "dod_anvil"
L 07/21/2020 - 07:09:52: -------- Mapchange to dod_anvil --------
L 07/21/2020 - 07:09:52: [adminsounds.smx] 64 sounds loaded
L 07/21/2020 - 07:09:55: -------- Mapchange to dod_anvil --------
L 07/21/2020 - 07:09:55: [adminsounds.smx] 64 sounds loaded
L 07/21/2020 - 07:10:00: [randomcycle.smx] RandomCycle has chosen dod_don for the nextmap.
L 07/21/2020 - 07:18:53: [mapchooser.smx] Voting for next map has started.
L 07/21/2020 - 07:19:59: [SM] Changed map to "dod_beachlanding_tdf"
L 07/21/2020 - 07:19:59: [SM] Changed map to "dod_beachlanding_tdf"
L 07/21/2020 - 07:20:01: -------- Mapchange to dod_beachlanding_tdf --------
L 07/21/2020 - 07:20:01: [adminsounds.smx] 64 sounds loaded
L 07/21/2020 - 07:20:03: -------- Mapchange to dod_beachlanding_tdf --------
L 07/21/2020 - 07:20:03: [adminsounds.smx] 64 sounds loaded
L 07/21/2020 - 07:20:08: [randomcycle.smx] RandomCycle has chosen dod_beachlanding_tdf for the nextmap.
L 07/21/2020 - 07:29:01: [mapchooser.smx] Voting for next map has started.
L 07/21/2020 - 07:30:07: [SM] Changed map to "dod_strasbourg_b3"
L 07/21/2020 - 07:30:07: [SM] Changed map to "dod_strasbourg_b3"
L 07/21/2020 - 07:30:09: -------- Mapchange to dod_strasbourg_b3 --------
L 07/21/2020 - 07:30:09: [adminsounds.smx] 64 sounds loaded
L 07/21/2020 - 07:30:12: -------- Mapchange to dod_strasbourg_b3 --------
L 07/21/2020 - 07:30:12: [adminsounds.smx] 64 sounds loaded
L 07/21/2020 - 07:30:17: [randomcycle.smx] RandomCycle has chosen dod_orange_sniper for the nextmap.
L 07/21/2020 - 07:39:10: [mapchooser.smx] Voting for next map has started.
L 07/21/2020 - 07:40:16: [SM] Changed map to "dod_dust2_tdf"
L 07/21/2020 - 07:40:16: [SM] Changed map to "dod_dust2_tdf"
L 07/21/2020 - 07:40:18: -------- Mapchange to dod_dust2_tdf --------
L 07/21/2020 - 07:40:18: [adminsounds.smx] 64 sounds loaded
L 07/21/2020 - 07:40:20: -------- Mapchange to dod_dust2_tdf --------
L 07/21/2020 - 07:40:20: [adminsounds.smx] 64 sounds loaded
L 07/21/2020 - 07:40:25: [randomcycle.smx] RandomCycle has chosen dod_sniperarena_dgs2 for the nextmap.
L 07/21/2020 - 07:49:18: [mapchooser.smx] Voting for next map has started.
L 07/21/2020 - 07:50:24: [SM] Changed map to "dod_lennon"
L 07/21/2020 - 07:50:24: [SM] Changed map to "dod_lennon"
L 07/21/2020 - 07:50:26: -------- Mapchange to dod_lennon --------
L 07/21/2020 - 07:50:26: [adminsounds.smx] 64 sounds loaded
L 07/21/2020 - 07:50:28: -------- Mapchange to dod_lennon --------
L 07/21/2020 - 07:50:28: [adminsounds.smx] 64 sounds loaded
L 07/21/2020 - 07:50:33: [randomcycle.smx] RandomCycle has chosen 3xi_trainmap for the nextmap.
L 07/21/2020 - 07:59:26: [mapchooser.smx] Voting for next map has started.
L 07/21/2020 - 08:00:32: [SM] Changed map to "dod_rive_rc3"
L 07/21/2020 - 08:00:32: [SM] Changed map to "dod_rive_rc3"
L 07/21/2020 - 08:00:34: -------- Mapchange to dod_rive_rc3 --------
L 07/21/2020 - 08:00:34: [adminsounds.smx] 64 sounds loaded
L 07/21/2020 - 08:00:36: -------- Mapchange to dod_rive_rc3 --------
L 07/21/2020 - 08:00:36: [adminsounds.smx] 64 sounds loaded
L 07/21/2020 - 08:00:41: [randomcycle.smx] RandomCycle has chosen dod_crash for the nextmap.
L 07/21/2020 - 08:09:34: [mapchooser.smx] Voting for next map has started.
L 07/21/2020 - 08:10:40: [SM] Changed map to "dod_strasbourg_b3"
L 07/21/2020 - 08:10:40: [SM] Changed map to "dod_strasbourg_b3"
L 07/21/2020 - 08:10:42: -------- Mapchange to dod_strasbourg_b3 --------
L 07/21/2020 - 08:10:43: [adminsounds.smx] 64 sounds loaded
L 07/21/2020 - 08:10:45: -------- Mapchange to dod_strasbourg_b3 --------
L 07/21/2020 - 08:10:45: [adminsounds.smx] 64 sounds loaded
L 07/21/2020 - 08:10:51: [randomcycle.smx] RandomCycle has chosen dod_real_arena for the nextmap.
L 07/21/2020 - 08:19:44: [mapchooser.smx] Voting for next map has started.
L 07/21/2020 - 08:20:50: [SM] Changed map to "dod_lerouge"
L 07/21/2020 - 08:20:50: [SM] Changed map to "dod_lerouge"
L 07/21/2020 - 08:20:51: -------- Mapchange to dod_lerouge --------
L 07/21/2020 - 08:20:51: [adminsounds.smx] 64 sounds loaded
L 07/21/2020 - 08:20:53: -------- Mapchange to dod_lerouge --------
L 07/21/2020 - 08:20:53: [adminsounds.smx] 64 sounds loaded
L 07/21/2020 - 08:20:58: [randomcycle.smx] RandomCycle has chosen dod_palermo for the nextmap.
L 07/21/2020 - 08:29:51: [mapchooser.smx] Voting for next map has started.
L 07/21/2020 - 08:30:57: [SM] Changed map to "dod_beaverville_b2"
L 07/21/2020 - 08:30:57: [SM] Changed map to "dod_beaverville_b2"
L 07/21/2020 - 08:30:59: -------- Mapchange to dod_beaverville_b2 --------
L 07/21/2020 - 08:30:59: [adminsounds.smx] 64 sounds loaded
L 07/21/2020 - 08:31:01: -------- Mapchange to dod_beaverville_b2 --------
L 07/21/2020 - 08:31:01: [adminsounds.smx] 64 sounds loaded
L 07/21/2020 - 08:31:06: [randomcycle.smx] RandomCycle has chosen dod_aura for the nextmap.
L 07/21/2020 - 08:39:59: [mapchooser.smx] Voting for next map has started.
L 07/21/2020 - 08:41:05: [SM] Changed map to "dod_palermo"
L 07/21/2020 - 08:41:05: [SM] Changed map to "dod_palermo"
L 07/21/2020 - 08:41:07: -------- Mapchange to dod_palermo --------
L 07/21/2020 - 08:41:07: [adminsounds.smx] 64 sounds loaded
L 07/21/2020 - 08:41:09: -------- Mapchange to dod_palermo --------
L 07/21/2020 - 08:41:09: [adminsounds.smx] 64 sounds loaded
L 07/21/2020 - 08:41:14: [randomcycle.smx] RandomCycle has chosen dod_anvil for the nextmap.
L 07/21/2020 - 08:50:07: [mapchooser.smx] Voting for next map has started.
L 07/21/2020 - 08:51:13: [SM] Changed map to "dod_don"
L 07/21/2020 - 08:51:13: [SM] Changed map to "dod_don"
L 07/21/2020 - 08:51:15: -------- Mapchange to dod_don --------
L 07/21/2020 - 08:51:15: [adminsounds.smx] 64 sounds loaded
L 07/21/2020 - 08:51:16: -------- Mapchange to dod_don --------
L 07/21/2020 - 08:51:17: [adminsounds.smx] 64 sounds loaded
L 07/21/2020 - 08:51:22: [randomcycle.smx] RandomCycle has chosen dod_lerouge for the nextmap.
L 07/21/2020 - 09:00:15: [mapchooser.smx] Voting for next map has started.
L 07/21/2020 - 09:01:21: [SM] Changed map to "dod_strasbourg_b3"
L 07/21/2020 - 09:01:21: [SM] Changed map to "dod_strasbourg_b3"
L 07/21/2020 - 09:01:23: -------- Mapchange to dod_strasbourg_b3 --------
L 07/21/2020 - 09:01:23: [adminsounds.smx] 64 sounds loaded
L 07/21/2020 - 09:01:26: -------- Mapchange to dod_strasbourg_b3 --------
L 07/21/2020 - 09:01:26: [adminsounds.smx] 64 sounds loaded
L 07/21/2020 - 09:01:31: [randomcycle.smx] RandomCycle has chosen dod_don for the nextmap.
L 07/21/2020 - 09:10:24: [mapchooser.smx] Voting for next map has started.
L 07/21/2020 - 09:11:30: [SM] Changed map to "dod_sniper_wars_beta"
L 07/21/2020 - 09:11:30: [SM] Changed map to "dod_sniper_wars_beta"
L 07/21/2020 - 09:11:32: -------- Mapchange to dod_sniper_wars_beta --------
L 07/21/2020 - 09:11:32: [adminsounds.smx] 64 sounds loaded
L 07/21/2020 - 09:11:33: -------- Mapchange to dod_sniper_wars_beta --------
L 07/21/2020 - 09:11:33: [adminsounds.smx] 64 sounds loaded
L 07/21/2020 - 09:11:39: [randomcycle.smx] RandomCycle has chosen dod_beachlanding_tdf for the nextmap.
L 07/21/2020 - 09:20:32: [mapchooser.smx] Voting for next map has started.
L 07/21/2020 - 09:21:38: [SM] Changed map to "dod_crash"
L 07/21/2020 - 09:21:38: [SM] Changed map to "dod_crash"
L 07/21/2020 - 09:21:40: -------- Mapchange to dod_crash --------
L 07/21/2020 - 09:21:40: [adminsounds.smx] 64 sounds loaded
L 07/21/2020 - 09:21:42: -------- Mapchange to dod_crash --------
L 07/21/2020 - 09:21:43: [adminsounds.smx] 64 sounds loaded
L 07/21/2020 - 09:21:48: [randomcycle.smx] RandomCycle has chosen dod_bunky for the nextmap.
L 07/21/2020 - 09:30:41: [mapchooser.smx] Voting for next map has started.
L 07/21/2020 - 09:31:47: [SM] Changed map to "dod_rive_rc3"
L 07/21/2020 - 09:31:47: [SM] Changed map to "dod_rive_rc3"
L 07/21/2020 - 09:31:49: -------- Mapchange to dod_rive_rc3 --------
L 07/21/2020 - 09:31:49: [adminsounds.smx] 64 sounds loaded
L 07/21/2020 - 09:31:51: -------- Mapchange to dod_rive_rc3 --------
L 07/21/2020 - 09:31:51: [adminsounds.smx] 64 sounds loaded
L 07/21/2020 - 09:31:56: [randomcycle.smx] RandomCycle has chosen dod_orange_sniper for the nextmap.
L 07/21/2020 - 09:40:49: [mapchooser.smx] Voting for next map has started.
L 07/21/2020 - 09:41:55: [SM] Changed map to "dod_gan"
L 07/21/2020 - 09:41:55: [SM] Changed map to "dod_gan"
L 07/21/2020 - 09:41:56: -------- Mapchange to dod_gan --------
L 07/21/2020 - 09:41:56: [adminsounds.smx] 64 sounds loaded
L 07/21/2020 - 09:41:58: -------- Mapchange to dod_gan --------
L 07/21/2020 - 09:41:58: [adminsounds.smx] 64 sounds loaded
L 07/21/2020 - 09:42:04: [randomcycle.smx] RandomCycle has chosen dod_avalanche for the nextmap.
L 07/21/2020 - 09:50:57: [mapchooser.smx] Voting for next map has started.
L 07/21/2020 - 09:52:03: [SM] Changed map to "dod_avalanche"
L 07/21/2020 - 09:52:03: [SM] Changed map to "dod_avalanche"
L 07/21/2020 - 09:52:05: -------- Mapchange to dod_avalanche --------
L 07/21/2020 - 09:52:05: [adminsounds.smx] 64 sounds loaded
L 07/21/2020 - 09:52:07: -------- Mapchange to dod_avalanche --------
L 07/21/2020 - 09:52:07: [adminsounds.smx] 64 sounds loaded
L 07/21/2020 - 09:52:12: [randomcycle.smx] RandomCycle has chosen dod_rive_rc3 for the nextmap.
L 07/21/2020 - 10:01:05: [mapchooser.smx] Voting for next map has started.
L 07/21/2020 - 10:02:11: [SM] Changed map to "dod_aura"
L 07/21/2020 - 10:02:11: [SM] Changed map to "dod_aura"
L 07/21/2020 - 10:02:13: -------- Mapchange to dod_aura --------
L 07/21/2020 - 10:02:13: [adminsounds.smx] 64 sounds loaded
L 07/21/2020 - 10:02:16: -------- Mapchange to dod_aura --------
L 07/21/2020 - 10:02:16: [adminsounds.smx] 64 sounds loaded
L 07/21/2020 - 10:02:21: [randomcycle.smx] RandomCycle has chosen dod_churchyard for the nextmap.
L 07/21/2020 - 10:11:14: [mapchooser.smx] Voting for next map has started.
L 07/21/2020 - 10:12:20: [SM] Changed map to "dod_orange_indoor_dream_arena"
L 07/21/2020 - 10:12:20: [SM] Changed map to "dod_orange_indoor_dream_arena"
L 07/21/2020 - 10:12:22: -------- Mapchange to dod_orange_indoor_dream_arena --------
L 07/21/2020 - 10:12:22: [adminsounds.smx] 64 sounds loaded
L 07/21/2020 - 10:12:24: -------- Mapchange to dod_orange_indoor_dream_arena --------
L 07/21/2020 - 10:12:24: [adminsounds.smx] 64 sounds loaded
L 07/21/2020 - 10:12:29: [randomcycle.smx] RandomCycle has chosen dod_bunker_warfare_v1 for the nextmap.
L 07/21/2020 - 10:21:22: [mapchooser.smx] Voting for next map has started.
L 07/21/2020 - 10:22:28: [SM] Changed map to "dod_coire_rc3"
L 07/21/2020 - 10:22:28: [SM] Changed map to "dod_coire_rc3"
L 07/21/2020 - 10:22:30: -------- Mapchange to dod_coire_rc3 --------
L 07/21/2020 - 10:22:31: [adminsounds.smx] 64 sounds loaded
L 07/21/2020 - 10:22:33: -------- Mapchange to dod_coire_rc3 --------
L 07/21/2020 - 10:22:33: [adminsounds.smx] 64 sounds loaded
L 07/21/2020 - 10:22:39: [randomcycle.smx] RandomCycle has chosen dod_harrington for the nextmap.
L 07/21/2020 - 10:31:32: [mapchooser.smx] Voting for next map has started.
L 07/21/2020 - 10:32:38: [SM] Changed map to "dod_breugelb8"
L 07/21/2020 - 10:32:38: [SM] Changed map to "dod_breugelb8"
L 07/21/2020 - 10:32:40: -------- Mapchange to dod_breugelb8 --------
L 07/21/2020 - 10:32:40: [adminsounds.smx] 64 sounds loaded
L 07/21/2020 - 10:32:43: -------- Mapchange to dod_breugelb8 --------
L 07/21/2020 - 10:32:43: [adminsounds.smx] 64 sounds loaded
L 07/21/2020 - 10:32:49: [randomcycle.smx] RandomCycle has chosen 3xi_trainmap for the nextmap.
L 07/21/2020 - 10:41:42: [mapchooser.smx] Voting for next map has started.
L 07/21/2020 - 10:42:48: [SM] Changed map to "dod_cr44b3_remake"
L 07/21/2020 - 10:42:48: [SM] Changed map to "dod_cr44b3_remake"
L 07/21/2020 - 10:42:50: -------- Mapchange to dod_cr44b3_remake --------
L 07/21/2020 - 10:42:50: [adminsounds.smx] 64 sounds loaded
L 07/21/2020 - 10:42:52: -------- Mapchange to dod_cr44b3_remake --------
L 07/21/2020 - 10:42:52: [adminsounds.smx] 64 sounds loaded
L 07/21/2020 - 10:42:57: [randomcycle.smx] RandomCycle has chosen dod_lennon for the nextmap.
L 07/21/2020 - 10:51:50: [mapchooser.smx] Voting for next map has started.
L 07/21/2020 - 10:52:56: [SM] Changed map to "dod_beachlanding_tdf"
L 07/21/2020 - 10:52:56: [SM] Changed map to "dod_beachlanding_tdf"
L 07/21/2020 - 10:52:58: -------- Mapchange to dod_beachlanding_tdf --------
L 07/21/2020 - 10:52:58: [adminsounds.smx] 64 sounds loaded
L 07/21/2020 - 10:53:00: -------- Mapchange to dod_beachlanding_tdf --------
L 07/21/2020 - 10:53:00: [adminsounds.smx] 64 sounds loaded
L 07/21/2020 - 10:53:05: [randomcycle.smx] RandomCycle has chosen dod_gan for the nextmap.
L 07/21/2020 - 11:01:58: [mapchooser.smx] Voting for next map has started.
L 07/21/2020 - 11:03:04: [SM] Changed map to "dod_beaverville_b2"
L 07/21/2020 - 11:03:04: [SM] Changed map to "dod_beaverville_b2"
L 07/21/2020 - 11:03:06: -------- Mapchange to dod_beaverville_b2 --------
L 07/21/2020 - 11:03:06: [adminsounds.smx] 64 sounds loaded
L 07/21/2020 - 11:03:08: -------- Mapchange to dod_beaverville_b2 --------
L 07/21/2020 - 11:03:08: [adminsounds.smx] 64 sounds loaded
L 07/21/2020 - 11:03:13: [randomcycle.smx] RandomCycle has chosen dod_flash for the nextmap.
L 07/21/2020 - 11:12:06: [mapchooser.smx] Voting for next map has started.
L 07/21/2020 - 11:13:13: [SM] Changed map to "dod_anzio"
L 07/21/2020 - 11:13:13: [SM] Changed map to "dod_anzio"
L 07/21/2020 - 11:13:15: -------- Mapchange to dod_anzio --------
L 07/21/2020 - 11:13:15: [adminsounds.smx] 64 sounds loaded
L 07/21/2020 - 11:13:17: -------- Mapchange to dod_anzio --------
L 07/21/2020 - 11:13:17: [adminsounds.smx] 64 sounds loaded
L 07/21/2020 - 11:13:22: [randomcycle.smx] RandomCycle has chosen dod_beachlanding_tdf for the nextmap.
L 07/21/2020 - 11:22:15: [mapchooser.smx] Voting for next map has started.
L 07/21/2020 - 11:23:21: [SM] Changed map to "dod_lennon"
L 07/21/2020 - 11:23:21: [SM] Changed map to "dod_lennon"
L 07/21/2020 - 11:23:23: -------- Mapchange to dod_lennon --------
L 07/21/2020 - 11:23:23: [adminsounds.smx] 64 sounds loaded
L 07/21/2020 - 11:23:26: -------- Mapchange to dod_lennon --------
L 07/21/2020 - 11:23:26: [adminsounds.smx] 64 sounds loaded
L 07/21/2020 - 11:23:31: [randomcycle.smx] RandomCycle has chosen dod_snow_battlefield_final for the nextmap.
L 07/21/2020 - 11:32:24: [mapchooser.smx] Voting for next map has started.
L 07/21/2020 - 11:33:30: [SM] Changed map to "dod_aura"
L 07/21/2020 - 11:33:30: [SM] Changed map to "dod_aura"
L 07/21/2020 - 11:33:32: -------- Mapchange to dod_aura --------
L 07/21/2020 - 11:33:32: [adminsounds.smx] 64 sounds loaded
L 07/21/2020 - 11:33:35: -------- Mapchange to dod_aura --------
L 07/21/2020 - 11:33:35: [adminsounds.smx] 64 sounds loaded
L 07/21/2020 - 11:33:40: [randomcycle.smx] RandomCycle has chosen dod_sniper_wars_beta for the nextmap.
L 07/21/2020 - 11:42:33: [mapchooser.smx] Voting for next map has started.
L 07/21/2020 - 11:43:39: [SM] Changed map to "dod_argentan"
L 07/21/2020 - 11:43:39: [SM] Changed map to "dod_argentan"
L 07/21/2020 - 11:43:41: -------- Mapchange to dod_argentan --------
L 07/21/2020 - 11:43:41: [adminsounds.smx] 64 sounds loaded
L 07/21/2020 - 11:43:43: -------- Mapchange to dod_argentan --------
L 07/21/2020 - 11:43:44: [adminsounds.smx] 64 sounds loaded
L 07/21/2020 - 11:43:49: [randomcycle.smx] RandomCycle has chosen dod_rive_rc3 for the nextmap.
L 07/21/2020 - 11:52:42: [mapchooser.smx] Voting for next map has started.
L 07/21/2020 - 11:53:48: [SM] Changed map to "dod_anvil"
L 07/21/2020 - 11:53:48: [SM] Changed map to "dod_anvil"
L 07/21/2020 - 11:53:51: -------- Mapchange to dod_anvil --------
L 07/21/2020 - 11:53:51: [adminsounds.smx] 64 sounds loaded
L 07/21/2020 - 11:53:55: -------- Mapchange to dod_anvil --------
L 07/21/2020 - 11:53:55: [adminsounds.smx] 64 sounds loaded
L 07/21/2020 - 11:54:00: [randomcycle.smx] RandomCycle has chosen dod_don for the nextmap.
L 07/21/2020 - 12:02:53: [mapchooser.smx] Voting for next map has started.
L 07/21/2020 - 12:03:59: [SM] Changed map to "dod_arrierveld"
L 07/21/2020 - 12:03:59: [SM] Changed map to "dod_arrierveld"
L 07/21/2020 - 12:04:01: -------- Mapchange to dod_arrierveld --------
L 07/21/2020 - 12:04:01: [adminsounds.smx] 64 sounds loaded
L 07/21/2020 - 12:04:04: -------- Mapchange to dod_arrierveld --------
L 07/21/2020 - 12:04:04: [adminsounds.smx] 64 sounds loaded
L 07/21/2020 - 12:04:09: [randomcycle.smx] RandomCycle has chosen dod_aura for the nextmap.
L 07/21/2020 - 12:13:02: [mapchooser.smx] Voting for next map has started.
L 07/21/2020 - 12:14:08: [SM] Changed map to "dod_sniperarena_dgs2"
L 07/21/2020 - 12:14:08: [SM] Changed map to "dod_sniperarena_dgs2"
L 07/21/2020 - 12:14:10: -------- Mapchange to dod_sniperarena_dgs2 --------
L 07/21/2020 - 12:14:10: [adminsounds.smx] 64 sounds loaded
L 07/21/2020 - 12:14:12: -------- Mapchange to dod_sniperarena_dgs2 --------
L 07/21/2020 - 12:14:12: [adminsounds.smx] 64 sounds loaded
L 07/21/2020 - 12:14:18: [randomcycle.smx] RandomCycle has chosen dod_lerouge for the nextmap.
L 07/21/2020 - 12:23:11: [mapchooser.smx] Voting for next map has started.
L 07/21/2020 - 12:24:17: [SM] Changed map to "dod_don"
L 07/21/2020 - 12:24:17: [SM] Changed map to "dod_don"
L 07/21/2020 - 12:24:18: -------- Mapchange to dod_don --------
L 07/21/2020 - 12:24:18: [adminsounds.smx] 64 sounds loaded
L 07/21/2020 - 12:24:20: -------- Mapchange to dod_don --------
L 07/21/2020 - 12:24:20: [adminsounds.smx] 64 sounds loaded
L 07/21/2020 - 12:24:26: [randomcycle.smx] RandomCycle has chosen dod_orange_indoor_dream_arena for the nextmap.
L 07/21/2020 - 12:33:19: [mapchooser.smx] Voting for next map has started.
L 07/21/2020 - 12:34:25: [SM] Changed map to "dod_crash"
L 07/21/2020 - 12:34:25: [SM] Changed map to "dod_crash"
L 07/21/2020 - 12:34:27: -------- Mapchange to dod_crash --------
L 07/21/2020 - 12:34:27: [adminsounds.smx] 64 sounds loaded
L 07/21/2020 - 12:34:30: -------- Mapchange to dod_crash --------
L 07/21/2020 - 12:34:30: [adminsounds.smx] 64 sounds loaded
L 07/21/2020 - 12:34:36: [randomcycle.smx] RandomCycle has chosen dod_real_arena for the nextmap.
L 07/21/2020 - 12:43:29: [mapchooser.smx] Voting for next map has started.
L 07/21/2020 - 12:44:35: [SM] Changed map to "dod_tiger2008"
L 07/21/2020 - 12:44:35: [SM] Changed map to "dod_tiger2008"
L 07/21/2020 - 12:44:37: -------- Mapchange to dod_tiger2008 --------
L 07/21/2020 - 12:44:37: [adminsounds.smx] 64 sounds loaded
L 07/21/2020 - 12:44:39: -------- Mapchange to dod_tiger2008 --------
L 07/21/2020 - 12:44:39: [adminsounds.smx] 64 sounds loaded
L 07/21/2020 - 12:44:45: [randomcycle.smx] RandomCycle has chosen dod_coire_rc3 for the nextmap.
L 07/21/2020 - 12:53:38: [mapchooser.smx] Voting for next map has started.
L 07/21/2020 - 12:54:44: [SM] Changed map to "dod_palermo"
L 07/21/2020 - 12:54:44: [SM] Changed map to "dod_palermo"
L 07/21/2020 - 12:54:46: -------- Mapchange to dod_palermo --------
L 07/21/2020 - 12:54:46: [adminsounds.smx] 64 sounds loaded
L 07/21/2020 - 12:54:48: -------- Mapchange to dod_palermo --------
L 07/21/2020 - 12:54:48: [adminsounds.smx] 64 sounds loaded
L 07/21/2020 - 12:54:54: [randomcycle.smx] RandomCycle has chosen dod_murky_p2 for the nextmap.
L 07/21/2020 - 13:03:47: [mapchooser.smx] Voting for next map has started.
L 07/21/2020 - 13:04:53: [SM] Changed map to "dod_argentan"
L 07/21/2020 - 13:04:53: [SM] Changed map to "dod_argentan"
L 07/21/2020 - 13:04:55: -------- Mapchange to dod_argentan --------
L 07/21/2020 - 13:04:55: [adminsounds.smx] 64 sounds loaded
L 07/21/2020 - 13:04:57: -------- Mapchange to dod_argentan --------
L 07/21/2020 - 13:04:57: [adminsounds.smx] 64 sounds loaded
L 07/21/2020 - 13:05:03: [randomcycle.smx] RandomCycle has chosen dod_colmar for the nextmap.
L 07/21/2020 - 13:13:56: [mapchooser.smx] Voting for next map has started.
L 07/21/2020 - 13:15:02: [SM] Changed map to "dod_lennon"
L 07/21/2020 - 13:15:02: [SM] Changed map to "dod_lennon"
L 07/21/2020 - 13:15:04: -------- Mapchange to dod_lennon --------
L 07/21/2020 - 13:15:04: [adminsounds.smx] 64 sounds loaded
L 07/21/2020 - 13:15:07: -------- Mapchange to dod_lennon --------
L 07/21/2020 - 13:15:07: [adminsounds.smx] 64 sounds loaded
L 07/21/2020 - 13:15:12: [randomcycle.smx] RandomCycle has chosen dod_stug for the nextmap.
L 07/21/2020 - 13:24:05: [mapchooser.smx] Voting for next map has started.
L 07/21/2020 - 13:25:11: [SM] Changed map to "dod_beaverville_b2"
L 07/21/2020 - 13:25:11: [SM] Changed map to "dod_beaverville_b2"
L 07/21/2020 - 13:25:13: -------- Mapchange to dod_beaverville_b2 --------
L 07/21/2020 - 13:25:13: [adminsounds.smx] 64 sounds loaded
L 07/21/2020 - 13:25:15: -------- Mapchange to dod_beaverville_b2 --------
L 07/21/2020 - 13:25:15: [adminsounds.smx] 64 sounds loaded
L 07/21/2020 - 13:25:21: [randomcycle.smx] RandomCycle has chosen dod_argentan for the nextmap.
L 07/21/2020 - 13:34:14: [mapchooser.smx] Voting for next map has started.
L 07/21/2020 - 13:35:20: [SM] Changed map to "dod_cr44b3_remake"
L 07/21/2020 - 13:35:20: [SM] Changed map to "dod_cr44b3_remake"
L 07/21/2020 - 13:35:22: -------- Mapchange to dod_cr44b3_remake --------
L 07/21/2020 - 13:35:22: [adminsounds.smx] 64 sounds loaded
L 07/21/2020 - 13:35:24: -------- Mapchange to dod_cr44b3_remake --------
L 07/21/2020 - 13:35:24: [adminsounds.smx] 64 sounds loaded
L 07/21/2020 - 13:35:30: [randomcycle.smx] RandomCycle has chosen dod_beachlanding_tdf for the nextmap.
L 07/21/2020 - 13:44:23: [mapchooser.smx] Voting for next map has started.
L 07/21/2020 - 13:45:29: [SM] Changed map to "dod_anzio"
L 07/21/2020 - 13:45:29: [SM] Changed map to "dod_anzio"
L 07/21/2020 - 13:45:31: -------- Mapchange to dod_anzio --------
L 07/21/2020 - 13:45:31: [adminsounds.smx] 64 sounds loaded
L 07/21/2020 - 13:45:34: -------- Mapchange to dod_anzio --------
L 07/21/2020 - 13:45:34: [adminsounds.smx] 64 sounds loaded
L 07/21/2020 - 13:45:39: [randomcycle.smx] RandomCycle has chosen dod_dust2_tdf for the nextmap.
L 07/21/2020 - 13:54:33: [mapchooser.smx] Voting for next map has started.
L 07/21/2020 - 13:55:39: [SM] Changed map to "dod_sniperarena_dgs2"
L 07/21/2020 - 13:55:39: [SM] Changed map to "dod_sniperarena_dgs2"
L 07/21/2020 - 13:55:40: -------- Mapchange to dod_sniperarena_dgs2 --------
L 07/21/2020 - 13:55:40: [adminsounds.smx] 64 sounds loaded
L 07/21/2020 - 13:55:43: -------- Mapchange to dod_sniperarena_dgs2 --------
L 07/21/2020 - 13:55:43: [adminsounds.smx] 64 sounds loaded
L 07/21/2020 - 13:55:48: [randomcycle.smx] RandomCycle has chosen dod_snow_battlefield_final for the nextmap.
L 07/21/2020 - 14:04:41: [mapchooser.smx] Voting for next map has started.
L 07/21/2020 - 14:05:47: [SM] Changed map to "dod_donner"
L 07/21/2020 - 14:05:47: [SM] Changed map to "dod_donner"
L 07/21/2020 - 14:05:49: -------- Mapchange to dod_donner --------
L 07/21/2020 - 14:05:49: [adminsounds.smx] 64 sounds loaded
L 07/21/2020 - 14:05:52: -------- Mapchange to dod_donner --------
L 07/21/2020 - 14:05:52: [adminsounds.smx] 64 sounds loaded
L 07/21/2020 - 14:05:58: [randomcycle.smx] RandomCycle has chosen dod_arrierveld for the nextmap.
L 07/21/2020 - 14:14:51: [mapchooser.smx] Voting for next map has started.
L 07/21/2020 - 14:15:57: [SM] Changed map to "dod_don"
L 07/21/2020 - 14:15:57: [SM] Changed map to "dod_don"
L 07/21/2020 - 14:15:58: -------- Mapchange to dod_don --------
L 07/21/2020 - 14:15:58: [adminsounds.smx] 64 sounds loaded
L 07/21/2020 - 14:16:01: -------- Mapchange to dod_don --------
L 07/21/2020 - 14:16:01: [adminsounds.smx] 64 sounds loaded
L 07/21/2020 - 14:16:06: [randomcycle.smx] RandomCycle has chosen dod_tiger2008 for the nextmap.
L 07/21/2020 - 14:24:59: [mapchooser.smx] Voting for next map has started.
L 07/21/2020 - 14:26:05: [SM] Changed map to "dod_crash"
L 07/21/2020 - 14:26:05: [SM] Changed map to "dod_crash"
L 07/21/2020 - 14:26:08: -------- Mapchange to dod_crash --------
L 07/21/2020 - 14:26:08: [adminsounds.smx] 64 sounds loaded
L 07/21/2020 - 14:26:11: -------- Mapchange to dod_crash --------
L 07/21/2020 - 14:26:11: [adminsounds.smx] 64 sounds loaded
L 07/21/2020 - 14:26:17: [randomcycle.smx] RandomCycle has chosen dod_lennon for the nextmap.
L 07/21/2020 - 14:35:10: [mapchooser.smx] Voting for next map has started.
L 07/21/2020 - 14:36:16: [SM] Changed map to "dod_avalanche@night"
L 07/21/2020 - 14:36:16: [SM] Changed map to "dod_avalanche@night"
L 07/21/2020 - 14:36:18: -------- Mapchange to dod_avalanche@night --------
L 07/21/2020 - 14:36:18: [adminsounds.smx] 64 sounds loaded
L 07/21/2020 - 14:36:20: -------- Mapchange to dod_avalanche@night --------
L 07/21/2020 - 14:36:20: [adminsounds.smx] 64 sounds loaded
L 07/21/2020 - 14:36:26: [randomcycle.smx] RandomCycle has chosen dod_sniper_wars_beta for the nextmap.
L 07/21/2020 - 14:45:19: [mapchooser.smx] Voting for next map has started.
L 07/21/2020 - 14:46:25: [SM] Changed map to "dod_sniper_wars_beta"
L 07/21/2020 - 14:46:25: [SM] Changed map to "dod_sniper_wars_beta"
L 07/21/2020 - 14:46:27: -------- Mapchange to dod_sniper_wars_beta --------
L 07/21/2020 - 14:46:27: [adminsounds.smx] 64 sounds loaded
L 07/21/2020 - 14:46:29: -------- Mapchange to dod_sniper_wars_beta --------
L 07/21/2020 - 14:46:29: [adminsounds.smx] 64 sounds loaded
L 07/21/2020 - 14:46:35: [randomcycle.smx] RandomCycle has chosen 3xi_trainmap for the nextmap.
L 07/21/2020 - 14:55:28: [mapchooser.smx] Voting for next map has started.
L 07/21/2020 - 14:56:34: [SM] Changed map to "dod_coire_rc3"
L 07/21/2020 - 14:56:34: [SM] Changed map to "dod_coire_rc3"
L 07/21/2020 - 14:56:36: -------- Mapchange to dod_coire_rc3 --------
L 07/21/2020 - 14:56:37: [adminsounds.smx] 64 sounds loaded
L 07/21/2020 - 14:56:40: -------- Mapchange to dod_coire_rc3 --------
L 07/21/2020 - 14:56:40: [adminsounds.smx] 64 sounds loaded
L 07/21/2020 - 14:56:45: [randomcycle.smx] RandomCycle has chosen dod_harrington for the nextmap.
L 07/21/2020 - 15:05:38: [mapchooser.smx] Voting for next map has started.
L 07/21/2020 - 15:06:44: [SM] Changed map to "dod_don"
L 07/21/2020 - 15:06:44: [SM] Changed map to "dod_don"
L 07/21/2020 - 15:06:46: -------- Mapchange to dod_don --------
L 07/21/2020 - 15:06:46: [adminsounds.smx] 64 sounds loaded
L 07/21/2020 - 15:06:49: -------- Mapchange to dod_don --------
L 07/21/2020 - 15:06:49: [adminsounds.smx] 64 sounds loaded
L 07/21/2020 - 15:06:54: [randomcycle.smx] RandomCycle has chosen dod_coire_rc3 for the nextmap.
L 07/21/2020 - 15:15:47: [mapchooser.smx] Voting for next map has started.
L 07/21/2020 - 15:16:53: [SM] Changed map to "dod_bunky"
L 07/21/2020 - 15:16:53: [SM] Changed map to "dod_bunky"
L 07/21/2020 - 15:16:55: -------- Mapchange to dod_bunky --------
L 07/21/2020 - 15:16:55: [adminsounds.smx] 64 sounds loaded
L 07/21/2020 - 15:16:58: -------- Mapchange to dod_bunky --------
L 07/21/2020 - 15:16:58: [adminsounds.smx] 64 sounds loaded
L 07/21/2020 - 15:17:03: [randomcycle.smx] RandomCycle has chosen dod_stug for the nextmap.
L 07/21/2020 - 15:25:57: [mapchooser.smx] Voting for next map has started.
L 07/21/2020 - 15:27:03: [SM] Changed map to "3xi_trainmap"
L 07/21/2020 - 15:27:03: [SM] Changed map to "3xi_trainmap"
L 07/21/2020 - 15:27:04: -------- Mapchange to 3xi_trainmap --------
L 07/21/2020 - 15:27:04: [adminsounds.smx] 64 sounds loaded
L 07/21/2020 - 15:27:07: -------- Mapchange to 3xi_trainmap --------
L 07/21/2020 - 15:27:07: [adminsounds.smx] 64 sounds loaded
L 07/21/2020 - 15:27:13: [randomcycle.smx] RandomCycle has chosen dod_orange_indoor_dream_arena for the nextmap.
L 07/21/2020 - 15:36:06: [mapchooser.smx] Voting for next map has started.
L 07/21/2020 - 15:37:12: [SM] Changed map to "dod_sniperarena_dgs2"
L 07/21/2020 - 15:37:12: [SM] Changed map to "dod_sniperarena_dgs2"
L 07/21/2020 - 15:37:13: -------- Mapchange to dod_sniperarena_dgs2 --------
L 07/21/2020 - 15:37:13: [adminsounds.smx] 64 sounds loaded
L 07/21/2020 - 15:37:16: -------- Mapchange to dod_sniperarena_dgs2 --------
L 07/21/2020 - 15:37:16: [adminsounds.smx] 64 sounds loaded
L 07/21/2020 - 15:37:22: [randomcycle.smx] RandomCycle has chosen dod_flash for the nextmap.
L 07/21/2020 - 15:46:15: [mapchooser.smx] Voting for next map has started.
L 07/21/2020 - 15:47:21: [SM] Changed map to "dod_avalanche"
L 07/21/2020 - 15:47:21: [SM] Changed map to "dod_avalanche"
L 07/21/2020 - 15:47:23: -------- Mapchange to dod_avalanche --------
L 07/21/2020 - 15:47:23: [adminsounds.smx] 64 sounds loaded
L 07/21/2020 - 15:47:26: -------- Mapchange to dod_avalanche --------
L 07/21/2020 - 15:47:26: [adminsounds.smx] 64 sounds loaded
L 07/21/2020 - 15:47:32: [randomcycle.smx] RandomCycle has chosen dod_kalt for the nextmap.
L 07/21/2020 - 15:56:25: [mapchooser.smx] Voting for next map has started.
L 07/21/2020 - 15:57:31: [SM] Changed map to "dod_bunker_warfare_v1"
L 07/21/2020 - 15:57:31: [SM] Changed map to "dod_bunker_warfare_v1"
L 07/21/2020 - 15:57:33: -------- Mapchange to dod_bunker_warfare_v1 --------
L 07/21/2020 - 15:57:33: [adminsounds.smx] 64 sounds loaded
L 07/21/2020 - 15:57:35: -------- Mapchange to dod_bunker_warfare_v1 --------
L 07/21/2020 - 15:57:35: [adminsounds.smx] 64 sounds loaded
L 07/21/2020 - 15:57:41: [randomcycle.smx] RandomCycle has chosen dod_sniperarena_dgs2 for the nextmap.
L 07/21/2020 - 16:06:34: [mapchooser.smx] Voting for next map has started.
L 07/21/2020 - 16:07:40: [SM] Changed map to "dod_rive_rc3"
L 07/21/2020 - 16:07:40: [SM] Changed map to "dod_rive_rc3"
L 07/21/2020 - 16:07:42: -------- Mapchange to dod_rive_rc3 --------
L 07/21/2020 - 16:07:42: [adminsounds.smx] 64 sounds loaded
L 07/21/2020 - 16:07:45: -------- Mapchange to dod_rive_rc3 --------
L 07/21/2020 - 16:07:45: [adminsounds.smx] 64 sounds loaded
L 07/21/2020 - 16:07:51: [randomcycle.smx] RandomCycle has chosen dod_strasbourg_b3 for the nextmap.
L 07/21/2020 - 16:16:44: [mapchooser.smx] Voting for next map has started.
L 07/21/2020 - 16:17:50: [SM] Changed map to "dod_bunky"
L 07/21/2020 - 16:17:50: [SM] Changed map to "dod_bunky"
L 07/21/2020 - 16:17:51: -------- Mapchange to dod_bunky --------
L 07/21/2020 - 16:17:51: [adminsounds.smx] 64 sounds loaded
L 07/21/2020 - 16:17:54: -------- Mapchange to dod_bunky --------
L 07/21/2020 - 16:17:54: [adminsounds.smx] 64 sounds loaded
L 07/21/2020 - 16:18:00: [randomcycle.smx] RandomCycle has chosen dod_avalanche for the nextmap.
L 07/21/2020 - 16:26:53: [mapchooser.smx] Voting for next map has started.
L 07/21/2020 - 16:27:59: [SM] Changed map to "dod_lerouge"
L 07/21/2020 - 16:27:59: [SM] Changed map to "dod_lerouge"
L 07/21/2020 - 16:28:01: -------- Mapchange to dod_lerouge --------
L 07/21/2020 - 16:28:01: [adminsounds.smx] 64 sounds loaded
L 07/21/2020 - 16:28:03: -------- Mapchange to dod_lerouge --------
L 07/21/2020 - 16:28:03: [adminsounds.smx] 64 sounds loaded
L 07/21/2020 - 16:28:09: [randomcycle.smx] RandomCycle has chosen dod_crash for the nextmap.
L 07/21/2020 - 16:37:02: [mapchooser.smx] Voting for next map has started.
L 07/21/2020 - 16:38:08: [SM] Changed map to "dod_strasbourg_b3"
L 07/21/2020 - 16:38:08: [SM] Changed map to "dod_strasbourg_b3"
L 07/21/2020 - 16:38:11: -------- Mapchange to dod_strasbourg_b3 --------
L 07/21/2020 - 16:38:11: [adminsounds.smx] 64 sounds loaded
L 07/21/2020 - 16:38:15: -------- Mapchange to dod_strasbourg_b3 --------
L 07/21/2020 - 16:38:15: [adminsounds.smx] 64 sounds loaded
L 07/21/2020 - 16:38:20: [randomcycle.smx] RandomCycle has chosen dod_rive_rc3 for the nextmap.
L 07/21/2020 - 16:47:13: [mapchooser.smx] Voting for next map has started.
L 07/21/2020 - 16:48:19: [SM] Changed map to "dod_avalanche@night"
L 07/21/2020 - 16:48:19: [SM] Changed map to "dod_avalanche@night"
L 07/21/2020 - 16:48:21: -------- Mapchange to dod_avalanche@night --------
L 07/21/2020 - 16:48:22: [adminsounds.smx] 64 sounds loaded
L 07/21/2020 - 16:48:24: -------- Mapchange to dod_avalanche@night --------
L 07/21/2020 - 16:48:24: [adminsounds.smx] 64 sounds loaded
L 07/21/2020 - 16:48:30: [randomcycle.smx] RandomCycle has chosen dod_tiger2008 for the nextmap.
L 07/21/2020 - 16:57:23: [mapchooser.smx] Voting for next map has started.
L 07/21/2020 - 16:58:29: [SM] Changed map to "dod_arrierveld"
L 07/21/2020 - 16:58:29: [SM] Changed map to "dod_arrierveld"
L 07/21/2020 - 16:58:31: -------- Mapchange to dod_arrierveld --------
L 07/21/2020 - 16:58:31: [adminsounds.smx] 64 sounds loaded
L 07/21/2020 - 16:58:34: -------- Mapchange to dod_arrierveld --------
L 07/21/2020 - 16:58:34: [adminsounds.smx] 64 sounds loaded
L 07/21/2020 - 16:58:40: [randomcycle.smx] RandomCycle has chosen dod_palermo for the nextmap.
L 07/21/2020 - 17:07:33: [mapchooser.smx] Voting for next map has started.
L 07/21/2020 - 17:08:39: [SM] Changed map to "dod_avalanche"
L 07/21/2020 - 17:08:39: [SM] Changed map to "dod_avalanche"
L 07/21/2020 - 17:08:41: -------- Mapchange to dod_avalanche --------
L 07/21/2020 - 17:08:41: [adminsounds.smx] 64 sounds loaded
L 07/21/2020 - 17:08:44: -------- Mapchange to dod_avalanche --------
L 07/21/2020 - 17:08:44: [adminsounds.smx] 64 sounds loaded
L 07/21/2020 - 17:08:50: [randomcycle.smx] RandomCycle has chosen dod_jagd for the nextmap.
L 07/21/2020 - 17:17:43: [mapchooser.smx] Voting for next map has started.
L 07/21/2020 - 17:18:49: [SM] Changed map to "dod_tiger2008"
L 07/21/2020 - 17:18:49: [SM] Changed map to "dod_tiger2008"
L 07/21/2020 - 17:18:51: -------- Mapchange to dod_tiger2008 --------
L 07/21/2020 - 17:18:51: [adminsounds.smx] 64 sounds loaded
L 07/21/2020 - 17:18:54: -------- Mapchange to dod_tiger2008 --------
L 07/21/2020 - 17:18:54: [adminsounds.smx] 64 sounds loaded
L 07/21/2020 - 17:19:00: [randomcycle.smx] RandomCycle has chosen 3xi_trainmap for the nextmap.
L 07/21/2020 - 17:27:53: [mapchooser.smx] Voting for next map has started.
L 07/21/2020 - 17:28:59: [SM] Changed map to "dod_sniperarena_dgs2"
L 07/21/2020 - 17:28:59: [SM] Changed map to "dod_sniperarena_dgs2"
L 07/21/2020 - 17:29:01: -------- Mapchange to dod_sniperarena_dgs2 --------
L 07/21/2020 - 17:29:01: [adminsounds.smx] 64 sounds loaded
L 07/21/2020 - 17:29:04: -------- Mapchange to dod_sniperarena_dgs2 --------
L 07/21/2020 - 17:29:04: [adminsounds.smx] 64 sounds loaded
L 07/21/2020 - 17:29:10: [randomcycle.smx] RandomCycle has chosen dod_coire_rc3 for the nextmap.
L 07/21/2020 - 17:38:03: [mapchooser.smx] Voting for next map has started.
L 07/21/2020 - 17:39:09: [SM] Changed map to "dod_sniperbridge_rc1"
L 07/21/2020 - 17:39:09: [SM] Changed map to "dod_sniperbridge_rc1"
L 07/21/2020 - 17:39:11: -------- Mapchange to dod_sniperbridge_rc1 --------
L 07/21/2020 - 17:39:11: [adminsounds.smx] 64 sounds loaded
L 07/21/2020 - 17:39:14: -------- Mapchange to dod_sniperbridge_rc1 --------
L 07/21/2020 - 17:39:14: [adminsounds.smx] 64 sounds loaded
L 07/21/2020 - 17:39:20: [randomcycle.smx] RandomCycle has chosen dod_don for the nextmap.
L 07/21/2020 - 17:48:13: [mapchooser.smx] Voting for next map has started.
L 07/21/2020 - 17:49:19: [SM] Changed map to "dod_coire_rc3"
L 07/21/2020 - 17:49:19: [SM] Changed map to "dod_coire_rc3"
L 07/21/2020 - 17:49:21: -------- Mapchange to dod_coire_rc3 --------
L 07/21/2020 - 17:49:22: [adminsounds.smx] 64 sounds loaded
L 07/21/2020 - 17:49:25: -------- Mapchange to dod_coire_rc3 --------
L 07/21/2020 - 17:49:25: [adminsounds.smx] 64 sounds loaded
L 07/21/2020 - 17:49:31: [randomcycle.smx] RandomCycle has chosen dod_longestday_b5 for the nextmap.
L 07/21/2020 - 17:58:24: [mapchooser.smx] Voting for next map has started.
L 07/21/2020 - 17:59:30: [SM] Changed map to "dod_crash"
L 07/21/2020 - 17:59:30: [SM] Changed map to "dod_crash"
L 07/21/2020 - 17:59:32: -------- Mapchange to dod_crash --------
L 07/21/2020 - 17:59:32: [adminsounds.smx] 64 sounds loaded
L 07/21/2020 - 17:59:36: -------- Mapchange to dod_crash --------
L 07/21/2020 - 17:59:36: [adminsounds.smx] 64 sounds loaded
L 07/21/2020 - 17:59:42: [randomcycle.smx] RandomCycle has chosen dod_azure for the nextmap.
L 07/21/2020 - 18:08:35: [mapchooser.smx] Voting for next map has started.
L 07/21/2020 - 18:09:41: [SM] Changed map to "dod_beaverville_b2"
L 07/21/2020 - 18:09:41: [SM] Changed map to "dod_beaverville_b2"
L 07/21/2020 - 18:09:43: -------- Mapchange to dod_beaverville_b2 --------
L 07/21/2020 - 18:09:43: [adminsounds.smx] 64 sounds loaded
L 07/21/2020 - 18:09:46: -------- Mapchange to dod_beaverville_b2 --------
L 07/21/2020 - 18:09:46: [adminsounds.smx] 64 sounds loaded
L 07/21/2020 - 18:09:52: [randomcycle.smx] RandomCycle has chosen dod_lennon for the nextmap.
L 07/21/2020 - 18:18:45: [mapchooser.smx] Voting for next map has started.
L 07/21/2020 - 18:19:51: [SM] Changed map to "dod_aura"
L 07/21/2020 - 18:19:51: [SM] Changed map to "dod_aura"
L 07/21/2020 - 18:19:53: -------- Mapchange to dod_aura --------
L 07/21/2020 - 18:19:53: [adminsounds.smx] 64 sounds loaded
L 07/21/2020 - 18:19:56: -------- Mapchange to dod_aura --------
L 07/21/2020 - 18:19:56: [adminsounds.smx] 64 sounds loaded
L 07/21/2020 - 18:20:02: [randomcycle.smx] RandomCycle has chosen dod_orange_indoor_dream_arena for the nextmap.
L 07/21/2020 - 18:28:55: [mapchooser.smx] Voting for next map has started.
L 07/21/2020 - 18:30:01: [SM] Changed map to "3xi_trainmap"
L 07/21/2020 - 18:30:01: [SM] Changed map to "3xi_trainmap"
L 07/21/2020 - 18:30:03: -------- Mapchange to 3xi_trainmap --------
L 07/21/2020 - 18:30:03: [adminsounds.smx] 64 sounds loaded
L 07/21/2020 - 18:30:06: -------- Mapchange to 3xi_trainmap --------
L 07/21/2020 - 18:30:06: [adminsounds.smx] 64 sounds loaded
L 07/21/2020 - 18:30:12: [randomcycle.smx] RandomCycle has chosen dod_donner for the nextmap.
L 07/21/2020 - 18:39:05: [mapchooser.smx] Voting for next map has started.
L 07/21/2020 - 18:40:11: [SM] Changed map to "dod_anvil"
L 07/21/2020 - 18:40:11: [SM] Changed map to "dod_anvil"
L 07/21/2020 - 18:40:14: -------- Mapchange to dod_anvil --------
L 07/21/2020 - 18:40:14: [adminsounds.smx] 64 sounds loaded
L 07/21/2020 - 18:40:18: -------- Mapchange to dod_anvil --------
L 07/21/2020 - 18:40:18: [adminsounds.smx] 64 sounds loaded
L 07/21/2020 - 18:40:24: [randomcycle.smx] RandomCycle has chosen dod_avalanche@night for the nextmap.
L 07/21/2020 - 18:49:17: [mapchooser.smx] Voting for next map has started.
L 07/21/2020 - 18:50:23: [SM] Changed map to "dod_lennon"
L 07/21/2020 - 18:50:23: [SM] Changed map to "dod_lennon"
L 07/21/2020 - 18:50:25: -------- Mapchange to dod_lennon --------
L 07/21/2020 - 18:50:26: [adminsounds.smx] 64 sounds loaded
L 07/21/2020 - 18:50:29: -------- Mapchange to dod_lennon --------
L 07/21/2020 - 18:50:29: [adminsounds.smx] 64 sounds loaded
L 07/21/2020 - 18:50:35: [randomcycle.smx] RandomCycle has chosen dod_churchyard for the nextmap.
L 07/21/2020 - 18:59:28: [mapchooser.smx] Voting for next map has started.
L 07/21/2020 - 19:00:34: [SM] Changed map to "dod_gan"
L 07/21/2020 - 19:00:34: [SM] Changed map to "dod_gan"
L 07/21/2020 - 19:00:35: -------- Mapchange to dod_gan --------
L 07/21/2020 - 19:00:36: [adminsounds.smx] 64 sounds loaded
L 07/21/2020 - 19:00:38: -------- Mapchange to dod_gan --------
L 07/21/2020 - 19:00:39: [adminsounds.smx] 64 sounds loaded
L 07/21/2020 - 19:00:44: [randomcycle.smx] RandomCycle has chosen dod_sniperarena_dgs2 for the nextmap.
L 07/21/2020 - 19:09:37: [mapchooser.smx] Voting for next map has started.
L 07/21/2020 - 19:10:43: [SM] Changed map to "dod_avalanche"
L 07/21/2020 - 19:10:43: [SM] Changed map to "dod_avalanche"
L 07/21/2020 - 19:10:46: -------- Mapchange to dod_avalanche --------
L 07/21/2020 - 19:10:46: [adminsounds.smx] 64 sounds loaded
L 07/21/2020 - 19:10:49: -------- Mapchange to dod_avalanche --------
L 07/21/2020 - 19:10:49: [adminsounds.smx] 64 sounds loaded
L 07/21/2020 - 19:10:55: [randomcycle.smx] RandomCycle has chosen dod_argentan for the nextmap.
L 07/21/2020 - 19:19:48: [mapchooser.smx] Voting for next map has started.
L 07/21/2020 - 19:20:54: [SM] Changed map to "dod_snow_battlefield_final"
L 07/21/2020 - 19:20:54: [SM] Changed map to "dod_snow_battlefield_final"
L 07/21/2020 - 19:20:56: -------- Mapchange to dod_snow_battlefield_final --------
L 07/21/2020 - 19:20:56: [adminsounds.smx] 64 sounds loaded
L 07/21/2020 - 19:20:59: -------- Mapchange to dod_snow_battlefield_final --------
L 07/21/2020 - 19:21:00: [adminsounds.smx] 64 sounds loaded
L 07/21/2020 - 19:21:05: [randomcycle.smx] RandomCycle has chosen dod_arrierveld for the nextmap.
L 07/21/2020 - 19:29:58: [mapchooser.smx] Voting for next map has started.
L 07/21/2020 - 19:31:04: [SM] Changed map to "dod_beachlanding_tdf"
L 07/21/2020 - 19:31:04: [SM] Changed map to "dod_beachlanding_tdf"
L 07/21/2020 - 19:31:07: -------- Mapchange to dod_beachlanding_tdf --------
L 07/21/2020 - 19:31:07: [adminsounds.smx] 64 sounds loaded
L 07/21/2020 - 19:31:09: -------- Mapchange to dod_beachlanding_tdf --------
L 07/21/2020 - 19:31:10: [adminsounds.smx] 64 sounds loaded
L 07/21/2020 - 19:31:15: [randomcycle.smx] RandomCycle has chosen dod_don for the nextmap.
L 07/21/2020 - 19:40:08: [mapchooser.smx] Voting for next map has started.
L 07/21/2020 - 19:41:14: [SM] Changed map to "dod_sniper_wars_beta"
L 07/21/2020 - 19:41:14: [SM] Changed map to "dod_sniper_wars_beta"
L 07/21/2020 - 19:41:16: -------- Mapchange to dod_sniper_wars_beta --------
L 07/21/2020 - 19:41:16: [adminsounds.smx] 64 sounds loaded
L 07/21/2020 - 19:41:19: -------- Mapchange to dod_sniper_wars_beta --------
L 07/21/2020 - 19:41:19: [adminsounds.smx] 64 sounds loaded
L 07/21/2020 - 19:41:25: [randomcycle.smx] RandomCycle has chosen dod_colmar for the nextmap.
L 07/21/2020 - 19:50:18: [mapchooser.smx] Voting for next map has started.
L 07/21/2020 - 19:51:24: [SM] Changed map to "dod_coire_rc3"
L 07/21/2020 - 19:51:24: [SM] Changed map to "dod_coire_rc3"
L 07/21/2020 - 19:51:27: -------- Mapchange to dod_coire_rc3 --------
L 07/21/2020 - 19:51:27: [adminsounds.smx] 64 sounds loaded
L 07/21/2020 - 19:51:31: -------- Mapchange to dod_coire_rc3 --------
L 07/21/2020 - 19:51:31: [adminsounds.smx] 64 sounds loaded
L 07/21/2020 - 19:51:37: [randomcycle.smx] RandomCycle has chosen dod_rive_rc3 for the nextmap.
L 07/21/2020 - 20:00:30: [mapchooser.smx] Voting for next map has started.
L 07/21/2020 - 20:01:36: [SM] Changed map to "dod_beaverville_b2"
L 07/21/2020 - 20:01:36: [SM] Changed map to "dod_beaverville_b2"
L 07/21/2020 - 20:01:38: -------- Mapchange to dod_beaverville_b2 --------
L 07/21/2020 - 20:01:38: [adminsounds.smx] 64 sounds loaded
L 07/21/2020 - 20:01:41: -------- Mapchange to dod_beaverville_b2 --------
L 07/21/2020 - 20:01:41: [adminsounds.smx] 64 sounds loaded
L 07/21/2020 - 20:01:47: [randomcycle.smx] RandomCycle has chosen dod_gan for the nextmap.
L 07/21/2020 - 20:10:40: [mapchooser.smx] Voting for next map has started.
L 07/21/2020 - 20:11:46: [SM] Changed map to "dod_crash"
L 07/21/2020 - 20:11:46: [SM] Changed map to "dod_crash"
L 07/21/2020 - 20:11:49: -------- Mapchange to dod_crash --------
L 07/21/2020 - 20:11:49: [adminsounds.smx] 64 sounds loaded
L 07/21/2020 - 20:11:52: -------- Mapchange to dod_crash --------
L 07/21/2020 - 20:11:52: [adminsounds.smx] 64 sounds loaded
L 07/21/2020 - 20:11:58: [randomcycle.smx] RandomCycle has chosen dod_breugelb8 for the nextmap.
L 07/21/2020 - 20:20:51: [mapchooser.smx] Voting for next map has started.
L 07/21/2020 - 20:20:53: [mapchooser.smx] Voting for next map has finished. Nextmap: dod_palermo.
L 07/21/2020 - 20:21:57: [SM] Changed map to "dod_palermo"
L 07/21/2020 - 20:21:57: [SM] Changed map to "dod_palermo"
L 07/21/2020 - 20:22:00: -------- Mapchange to dod_palermo --------
L 07/21/2020 - 20:22:00: [adminsounds.smx] 64 sounds loaded
L 07/21/2020 - 20:22:03: -------- Mapchange to dod_palermo --------
L 07/21/2020 - 20:22:03: [adminsounds.smx] 64 sounds loaded
L 07/21/2020 - 20:22:09: [randomcycle.smx] RandomCycle has chosen dod_beaverville_b2 for the nextmap.
L 07/21/2020 - 20:31:02: [mapchooser.smx] Voting for next map has started.
L 07/21/2020 - 20:31:04: [mapchooser.smx] Voting for next map has finished. Nextmap: dod_real_arena.
L 07/21/2020 - 20:32:08: [SM] Changed map to "dod_real_arena"
L 07/21/2020 - 20:32:08: [SM] Changed map to "dod_real_arena"
L 07/21/2020 - 20:32:10: -------- Mapchange to dod_real_arena --------
L 07/21/2020 - 20:32:10: [adminsounds.smx] 64 sounds loaded
L 07/21/2020 - 20:32:13: -------- Mapchange to dod_real_arena --------
L 07/21/2020 - 20:32:13: [adminsounds.smx] 64 sounds loaded
L 07/21/2020 - 20:32:19: [randomcycle.smx] RandomCycle has chosen dod_jagd for the nextmap.
L 07/21/2020 - 20:41:12: [mapchooser.smx] Voting for next map has started.
L 07/21/2020 - 20:41:16: [mapchooser.smx] Voting for next map has finished. Nextmap: dod_orange_indoor_dream_arena.
L 07/21/2020 - 20:42:18: [SM] Changed map to "dod_orange_indoor_dream_arena"
L 07/21/2020 - 20:42:18: [SM] Changed map to "dod_orange_indoor_dream_arena"
L 07/21/2020 - 20:42:20: -------- Mapchange to dod_orange_indoor_dream_arena --------
L 07/21/2020 - 20:42:20: [adminsounds.smx] 64 sounds loaded
L 07/21/2020 - 20:42:23: -------- Mapchange to dod_orange_indoor_dream_arena --------
L 07/21/2020 - 20:42:24: [adminsounds.smx] 64 sounds loaded
L 07/21/2020 - 20:42:30: [randomcycle.smx] RandomCycle has chosen dod_crash for the nextmap.
L 07/21/2020 - 20:51:23: [mapchooser.smx] Voting for next map has started.
L 07/21/2020 - 20:51:39: [mapchooser.smx] Voting for next map has finished. Nextmap: dod_marche.
L 07/21/2020 - 20:52:29: [SM] Changed map to "dod_marche"
L 07/21/2020 - 20:52:29: [SM] Changed map to "dod_marche"
L 07/21/2020 - 20:52:31: -------- Mapchange to dod_marche --------
L 07/21/2020 - 20:52:31: [adminsounds.smx] 64 sounds loaded
L 07/21/2020 - 20:52:34: -------- Mapchange to dod_marche --------
L 07/21/2020 - 20:52:34: [adminsounds.smx] 64 sounds loaded
L 07/21/2020 - 20:52:40: [randomcycle.smx] RandomCycle has chosen dod_bunker_warfare_v1 for the nextmap.
L 07/21/2020 - 21:01:33: [mapchooser.smx] Voting for next map has started.
L 07/21/2020 - 21:01:36: [mapchooser.smx] Voting for next map has finished. Nextmap: dod_azure.
L 07/21/2020 - 21:02:39: [SM] Changed map to "dod_azure"
L 07/21/2020 - 21:02:39: [SM] Changed map to "dod_azure"
L 07/21/2020 - 21:02:42: -------- Mapchange to dod_azure --------
L 07/21/2020 - 21:02:42: [adminsounds.smx] 64 sounds loaded
L 07/21/2020 - 21:02:45: -------- Mapchange to dod_azure --------
L 07/21/2020 - 21:02:45: [adminsounds.smx] 64 sounds loaded
L 07/21/2020 - 21:02:51: [randomcycle.smx] RandomCycle has chosen dod_stug for the nextmap.
L 07/21/2020 - 21:11:44: [mapchooser.smx] Voting for next map has started.
L 07/21/2020 - 21:12:06: [mapchooser.smx] Voting for next map has finished. Nextmap: dod_bunky.
L 07/21/2020 - 21:12:50: [SM] Changed map to "dod_bunky"
L 07/21/2020 - 21:12:50: [SM] Changed map to "dod_bunky"
L 07/21/2020 - 21:12:52: -------- Mapchange to dod_bunky --------
L 07/21/2020 - 21:12:52: [adminsounds.smx] 64 sounds loaded
L 07/21/2020 - 21:12:56: -------- Mapchange to dod_bunky --------
L 07/21/2020 - 21:12:56: [adminsounds.smx] 64 sounds loaded
L 07/21/2020 - 21:13:02: [randomcycle.smx] RandomCycle has chosen dod_bunky for the nextmap.
L 07/21/2020 - 21:18:05: SourceMod log file session started (file "/home/srvdod/srcds/dod_s/dod/addons/sourcemod/logs/L20200721.log") (Version "1.10.0.6490")
L 07/21/2020 - 21:18:05: [adminsounds.smx] 64 sounds loaded
L 07/21/2020 - 21:18:11: [randomcycle.smx] RandomCycle has chosen dod_argentan for the nextmap.
L 07/21/2020 - 21:23:42: [adminsounds.smx] "B0UL3T___0N3<19><[U:1:37484034]><>" launch the sound 1 - "ACDC"
L 07/21/2020 - 21:25:41: [adminsounds.smx] "B0UL3T___0N3<19><[U:1:37484034]><>" launch the sound 1 - "Blade"
L 07/21/2020 - 21:26:54: [adminsounds.smx] "B0UL3T___0N3<21><[U:1:37484034]><>" launch the sound 1 - "Blade"
L 07/21/2020 - 21:27:13: [mapchooser.smx] Voting for next map has started.
L 07/21/2020 - 21:27:32: [mapchooser.smx] Voting for next map has finished. Nextmap: dod_beachlanding_tdf.
L 07/21/2020 - 21:27:39: [adminsounds.smx] "B0UL3T___0N3<21><[U:1:37484034]><>" launch the sound 1 - "Albatra"
L 07/21/2020 - 21:28:19: [SM] Changed map to "dod_beachlanding_tdf"
L 07/21/2020 - 21:28:19: [SM] Changed map to "dod_beachlanding_tdf"
L 07/21/2020 - 21:28:21: -------- Mapchange to dod_beachlanding_tdf --------
L 07/21/2020 - 21:28:21: [adminsounds.smx] 64 sounds loaded
L 07/21/2020 - 21:28:24: -------- Mapchange to dod_beachlanding_tdf --------
L 07/21/2020 - 21:28:24: [adminsounds.smx] 64 sounds loaded
L 07/21/2020 - 21:28:30: [randomcycle.smx] RandomCycle has chosen dod_breugelb8 for the nextmap.
L 07/21/2020 - 21:37:23: [mapchooser.smx] Voting for next map has started.
L 07/21/2020 - 21:38:30: [SM] Changed map to "dod_flash"
L 07/21/2020 - 21:38:30: [SM] Changed map to "dod_flash"
L 07/21/2020 - 21:38:32: -------- Mapchange to dod_flash --------
L 07/21/2020 - 21:38:32: [adminsounds.smx] 64 sounds loaded
L 07/21/2020 - 21:38:35: -------- Mapchange to dod_flash --------
L 07/21/2020 - 21:38:35: [adminsounds.smx] 64 sounds loaded
L 07/21/2020 - 21:38:41: [randomcycle.smx] RandomCycle has chosen dod_lennon for the nextmap.
L 07/21/2020 - 21:47:34: [mapchooser.smx] Voting for next map has started.
L 07/21/2020 - 21:48:40: [SM] Changed map to "dod_jagd"
L 07/21/2020 - 21:48:40: [SM] Changed map to "dod_jagd"
L 07/21/2020 - 21:48:43: -------- Mapchange to dod_jagd --------
L 07/21/2020 - 21:48:43: [adminsounds.smx] 64 sounds loaded
L 07/21/2020 - 21:48:47: -------- Mapchange to dod_jagd --------
L 07/21/2020 - 21:48:47: [adminsounds.smx] 64 sounds loaded
L 07/21/2020 - 21:48:53: [randomcycle.smx] RandomCycle has chosen dod_crash for the nextmap.
L 07/21/2020 - 21:57:46: [mapchooser.smx] Voting for next map has started.
L 07/21/2020 - 21:58:52: [SM] Changed map to "dod_murky_p2"
L 07/21/2020 - 21:58:52: [SM] Changed map to "dod_murky_p2"
L 07/21/2020 - 21:58:54: -------- Mapchange to dod_murky_p2 --------
L 07/21/2020 - 21:58:54: [adminsounds.smx] 64 sounds loaded
L 07/21/2020 - 21:58:57: -------- Mapchange to dod_murky_p2 --------
L 07/21/2020 - 21:58:57: [adminsounds.smx] 64 sounds loaded
L 07/21/2020 - 21:59:03: [randomcycle.smx] RandomCycle has chosen dod_sniperarena_dgs2 for the nextmap.
L 07/21/2020 - 22:07:56: [mapchooser.smx] Voting for next map has started.
L 07/21/2020 - 22:09:02: [SM] Changed map to "dod_argentan"
L 07/21/2020 - 22:09:02: [SM] Changed map to "dod_argentan"
L 07/21/2020 - 22:09:04: -------- Mapchange to dod_argentan --------
L 07/21/2020 - 22:09:05: [adminsounds.smx] 64 sounds loaded
L 07/21/2020 - 22:09:07: -------- Mapchange to dod_argentan --------
L 07/21/2020 - 22:09:08: [adminsounds.smx] 64 sounds loaded
L 07/21/2020 - 22:09:14: [randomcycle.smx] RandomCycle has chosen dod_tiger2008 for the nextmap.
L 07/21/2020 - 22:18:07: [mapchooser.smx] Voting for next map has started.
L 07/21/2020 - 22:19:13: [SM] Changed map to "dod_lerouge"
L 07/21/2020 - 22:19:13: [SM] Changed map to "dod_lerouge"
L 07/21/2020 - 22:19:15: -------- Mapchange to dod_lerouge --------
L 07/21/2020 - 22:19:15: [adminsounds.smx] 64 sounds loaded
L 07/21/2020 - 22:19:18: -------- Mapchange to dod_lerouge --------
L 07/21/2020 - 22:19:18: [adminsounds.smx] 64 sounds loaded
L 07/21/2020 - 22:19:24: [randomcycle.smx] RandomCycle has chosen dod_snow_battlefield_final for the nextmap.
L 07/21/2020 - 22:28:17: [mapchooser.smx] Voting for next map has started.
L 07/21/2020 - 22:29:23: [SM] Changed map to "dod_longestday_b5"
L 07/21/2020 - 22:29:23: [SM] Changed map to "dod_longestday_b5"
L 07/21/2020 - 22:29:25: -------- Mapchange to dod_longestday_b5 --------
L 07/21/2020 - 22:29:25: [adminsounds.smx] 64 sounds loaded
L 07/21/2020 - 22:29:28: -------- Mapchange to dod_longestday_b5 --------
L 07/21/2020 - 22:29:29: [adminsounds.smx] 64 sounds loaded
L 07/21/2020 - 22:29:35: [randomcycle.smx] RandomCycle has chosen dod_strasbourg_b3 for the nextmap.
L 07/21/2020 - 22:38:28: [mapchooser.smx] Voting for next map has started.
L 07/21/2020 - 22:39:34: [SM] Changed map to "dod_real_arena"
L 07/21/2020 - 22:39:34: [SM] Changed map to "dod_real_arena"
L 07/21/2020 - 22:39:36: -------- Mapchange to dod_real_arena --------
L 07/21/2020 - 22:39:36: [adminsounds.smx] 64 sounds loaded
L 07/21/2020 - 22:39:39: -------- Mapchange to dod_real_arena --------
L 07/21/2020 - 22:39:39: [adminsounds.smx] 64 sounds loaded
L 07/21/2020 - 22:39:45: [randomcycle.smx] RandomCycle has chosen dod_gan for the nextmap.
L 07/21/2020 - 22:48:38: [mapchooser.smx] Voting for next map has started.
L 07/21/2020 - 22:48:45: [mapchooser.smx] Voting for next map has finished. Nextmap: dod_sniperarena_dgs2.
L 07/21/2020 - 22:49:44: [SM] Changed map to "dod_sniperarena_dgs2"
L 07/21/2020 - 22:49:44: [SM] Changed map to "dod_sniperarena_dgs2"
L 07/21/2020 - 22:49:46: -------- Mapchange to dod_sniperarena_dgs2 --------
L 07/21/2020 - 22:49:46: [adminsounds.smx] 64 sounds loaded
L 07/21/2020 - 22:49:49: -------- Mapchange to dod_sniperarena_dgs2 --------
L 07/21/2020 - 22:49:49: [adminsounds.smx] 64 sounds loaded
L 07/21/2020 - 22:49:55: [randomcycle.smx] RandomCycle has chosen dod_beachlanding_tdf for the nextmap.
L 07/21/2020 - 22:58:48: [mapchooser.smx] Voting for next map has started.
L 07/21/2020 - 22:59:55: [SM] Changed map to "dod_churchyard"
L 07/21/2020 - 22:59:55: [SM] Changed map to "dod_churchyard"
L 07/21/2020 - 22:59:58: -------- Mapchange to dod_churchyard --------
L 07/21/2020 - 22:59:58: [adminsounds.smx] 64 sounds loaded
L 07/21/2020 - 23:00:01: -------- Mapchange to dod_churchyard --------
L 07/21/2020 - 23:00:01: [adminsounds.smx] 64 sounds loaded
L 07/21/2020 - 23:00:07: [randomcycle.smx] RandomCycle has chosen dod_donner for the nextmap.
L 07/21/2020 - 23:09:00: [mapchooser.smx] Voting for next map has started.
L 07/21/2020 - 23:10:06: [SM] Changed map to "dod_kalt"
L 07/21/2020 - 23:10:07: [SM] Changed map to "dod_kalt"
L 07/21/2020 - 23:10:09: -------- Mapchange to dod_kalt --------
L 07/21/2020 - 23:10:09: [adminsounds.smx] 64 sounds loaded
L 07/21/2020 - 23:10:12: -------- Mapchange to dod_kalt --------
L 07/21/2020 - 23:10:13: [adminsounds.smx] 64 sounds loaded
L 07/21/2020 - 23:10:19: [randomcycle.smx] RandomCycle has chosen dod_anvil for the nextmap.
L 07/21/2020 - 23:19:12: [mapchooser.smx] Voting for next map has started.
L 07/21/2020 - 23:20:18: [SM] Changed map to "dod_anzio"
L 07/21/2020 - 23:20:18: [SM] Changed map to "dod_anzio"
L 07/21/2020 - 23:20:20: -------- Mapchange to dod_anzio --------
L 07/21/2020 - 23:20:20: [adminsounds.smx] 64 sounds loaded
L 07/21/2020 - 23:20:24: -------- Mapchange to dod_anzio --------
L 07/21/2020 - 23:20:24: [adminsounds.smx] 64 sounds loaded
L 07/21/2020 - 23:20:30: [randomcycle.smx] RandomCycle has chosen dod_beaverville_b2 for the nextmap.
L 07/21/2020 - 23:29:23: [mapchooser.smx] Voting for next map has started.
L 07/21/2020 - 23:29:54: [mapchooser.smx] Voting for next map has finished. Nextmap: dod_beachlanding_tdf.
L 07/21/2020 - 23:30:29: [SM] Changed map to "dod_beachlanding_tdf"
L 07/21/2020 - 23:30:29: [SM] Changed map to "dod_beachlanding_tdf"
L 07/21/2020 - 23:30:31: -------- Mapchange to dod_beachlanding_tdf --------
L 07/21/2020 - 23:30:31: [adminsounds.smx] 64 sounds loaded
L 07/21/2020 - 23:30:34: -------- Mapchange to dod_beachlanding_tdf --------
L 07/21/2020 - 23:30:34: [adminsounds.smx] 64 sounds loaded
L 07/21/2020 - 23:30:41: [randomcycle.smx] RandomCycle has chosen dod_colmar for the nextmap.
L 07/21/2020 - 23:39:34: [mapchooser.smx] Voting for next map has started.
L 07/21/2020 - 23:40:04: [mapchooser.smx] Voting for next map has finished. Nextmap: dod_azure.
L 07/21/2020 - 23:40:40: [SM] Changed map to "dod_azure"
L 07/21/2020 - 23:40:40: [SM] Changed map to "dod_azure"
L 07/21/2020 - 23:40:42: -------- Mapchange to dod_azure --------
L 07/21/2020 - 23:40:42: [adminsounds.smx] 64 sounds loaded
L 07/21/2020 - 23:40:46: -------- Mapchange to dod_azure --------
L 07/21/2020 - 23:40:46: [adminsounds.smx] 64 sounds loaded
L 07/21/2020 - 23:40:52: [randomcycle.smx] RandomCycle has chosen dod_bunker_warfare_v1 for the nextmap.
L 07/21/2020 - 23:49:45: [mapchooser.smx] Voting for next map has started.
L 07/21/2020 - 23:50:51: [SM] Changed map to "dod_marche"
L 07/21/2020 - 23:50:51: [SM] Changed map to "dod_marche"
L 07/21/2020 - 23:50:53: -------- Mapchange to dod_marche --------
L 07/21/2020 - 23:50:53: [adminsounds.smx] 64 sounds loaded
L 07/21/2020 - 23:50:57: -------- Mapchange to dod_marche --------
L 07/21/2020 - 23:50:57: [adminsounds.smx] 64 sounds loaded
L 07/21/2020 - 23:51:03: [randomcycle.smx] RandomCycle has chosen dod_orange_sniper for the nextmap.
L 07/21/2020 - 23:59:56: [mapchooser.smx] Voting for next map has started.
L 07/22/2020 - 00:01:02: Log file closed.
