L 07/02/2020 - 21:25:40: SourceMod error session started
L 07/02/2020 - 21:25:40: Info (map "dod_sniperarena_dgs2") (file "/home/srvdod/srcds/dod_s/dod/addons/sourcemod/logs/errors_20200702.log")
L 07/02/2020 - 21:25:40: [SM] Fatal error encountered parsing translation file "tkmanager.phrases.txt"
L 07/02/2020 - 21:25:40: [SM] Error (line 0, column 0): Stream failed to open
L 07/02/2020 - 21:25:40: [SM] Error parsing gameconfig file "/home/srvdod/srcds/dod_s/dod/addons/sourcemod/gamedata/plugin.instantrespawn.txt":
L 07/02/2020 - 21:25:40: [SM] Error 1 on line 0, col 0: Stream failed to open
L 07/02/2020 - 21:25:40: [SM] Exception reported: Unable to open plugin.instantrespawn: File could not be opened: No such file or directory
L 07/02/2020 - 21:25:40: [SM] Blaming: instant_respawn.smx
L 07/02/2020 - 21:25:40: [SM] Call stack trace:
L 07/02/2020 - 21:25:40: [SM]   [0] LoadGameConfigFile
L 07/02/2020 - 21:25:40: [SM]   [1] Line 38, /home/forums/content/files/6/4/2/4/4/79021.attach::OnPluginStart
L 07/02/2020 - 21:25:40: [SM] Unable to load plugin "instant_respawn.smx": Error detected in plugin startup (see error logs)
L 07/02/2020 - 21:25:41: Error log file session closed.
L 07/02/2020 - 21:25:41: SourceMod error session started
L 07/02/2020 - 21:25:41: Info (map "dod_sniperarena_dgs2") (file "/home/srvdod/srcds/dod_s/dod/addons/sourcemod/logs/errors_20200702.log")
L 07/02/2020 - 21:25:41: [SM] Fatal error encountered parsing translation file "tkmanager.phrases.txt"
L 07/02/2020 - 21:25:41: [SM] Error (line 0, column 0): Stream failed to open
L 07/02/2020 - 21:30:44: Error log file session closed.
L 07/02/2020 - 21:30:44: SourceMod error session started
L 07/02/2020 - 21:30:44: Info (map "dod_chocolate_fight_arena") (file "/home/srvdod/srcds/dod_s/dod/addons/sourcemod/logs/errors_20200702.log")
L 07/02/2020 - 21:30:44: [SM] Fatal error encountered parsing translation file "tkmanager.phrases.txt"
L 07/02/2020 - 21:30:44: [SM] Error (line 0, column 0): Stream failed to open
L 07/02/2020 - 21:41:44: Error log file session closed.
L 07/02/2020 - 21:41:44: SourceMod error session started
L 07/02/2020 - 21:41:44: Info (map "dod_bunky2_modified") (file "/home/srvdod/srcds/dod_s/dod/addons/sourcemod/logs/errors_20200702.log")
L 07/02/2020 - 21:41:44: [SM] Fatal error encountered parsing translation file "tkmanager.phrases.txt"
L 07/02/2020 - 21:41:44: [SM] Error (line 0, column 0): Stream failed to open
L 07/02/2020 - 21:41:45: Error log file session closed.
L 07/02/2020 - 21:41:45: SourceMod error session started
L 07/02/2020 - 21:41:45: Info (map "dod_bunky2_modified") (file "/home/srvdod/srcds/dod_s/dod/addons/sourcemod/logs/errors_20200702.log")
L 07/02/2020 - 21:41:45: [SM] Fatal error encountered parsing translation file "tkmanager.phrases.txt"
L 07/02/2020 - 21:41:45: [SM] Error (line 0, column 0): Stream failed to open
L 07/02/2020 - 21:46:43: Error log file session closed.
L 07/02/2020 - 21:46:43: SourceMod error session started
L 07/02/2020 - 21:46:43: Info (map "dod_legoland_b2") (file "/home/srvdod/srcds/dod_s/dod/addons/sourcemod/logs/errors_20200702.log")
L 07/02/2020 - 21:46:43: [SM] Fatal error encountered parsing translation file "tkmanager.phrases.txt"
L 07/02/2020 - 21:46:43: [SM] Error (line 0, column 0): Stream failed to open
L 07/02/2020 - 21:51:01: Error log file session closed.
L 07/02/2020 - 21:51:01: SourceMod error session started
L 07/02/2020 - 21:51:01: Info (map "dod_legoland_b2") (file "/home/srvdod/srcds/dod_s/dod/addons/sourcemod/logs/errors_20200702.log")
L 07/02/2020 - 21:51:01: [SM] Fatal error encountered parsing translation file "tkmanager.phrases.txt"
L 07/02/2020 - 21:51:01: [SM] Error (line 0, column 0): Stream failed to open
L 07/02/2020 - 21:54:05: SourceMod error session started
L 07/02/2020 - 21:54:05: Info (map "dod_avalanche") (file "/home/srvdod/srcds/dod_s/dod/addons/sourcemod/logs/errors_20200702.log")
L 07/02/2020 - 21:54:05: [SM] Unable to load extension "dodhooks.ext": /home/srvdod/srcds/dod_s/dod/addons/sourcemod/extensions/dodhooks.ext.so: cannot open shared object file: No such file or directory
L 07/02/2020 - 21:54:05: [SM] Fatal error encountered parsing translation file "tkmanager.phrases.txt"
L 07/02/2020 - 21:54:05: [SM] Error (line 0, column 0): Stream failed to open
L 07/02/2020 - 21:54:05: [SM] Unable to load plugin "instant_respawn.smx": Required extension "DoD Hooks" file("dodhooks.ext") not running
L 07/02/2020 - 22:06:36: Error log file session closed.
L 07/02/2020 - 22:06:36: SourceMod error session started
L 07/02/2020 - 22:06:36: Info (map "dod_aimap_b1") (file "/home/srvdod/srcds/dod_s/dod/addons/sourcemod/logs/errors_20200702.log")
L 07/02/2020 - 22:06:36: [SM] Fatal error encountered parsing translation file "tkmanager.phrases.txt"
L 07/02/2020 - 22:06:36: [SM] Error (line 0, column 0): Stream failed to open
L 07/02/2020 - 22:06:37: Error log file session closed.
L 07/02/2020 - 22:06:37: SourceMod error session started
L 07/02/2020 - 22:06:37: Info (map "dod_aimap_b1") (file "/home/srvdod/srcds/dod_s/dod/addons/sourcemod/logs/errors_20200702.log")
L 07/02/2020 - 22:06:37: [SM] Fatal error encountered parsing translation file "tkmanager.phrases.txt"
L 07/02/2020 - 22:06:37: [SM] Error (line 0, column 0): Stream failed to open
L 07/02/2020 - 22:17:37: Error log file session closed.
L 07/02/2020 - 22:17:37: SourceMod error session started
L 07/02/2020 - 22:17:37: Info (map "dod_sniper_killbox_v2") (file "/home/srvdod/srcds/dod_s/dod/addons/sourcemod/logs/errors_20200702.log")
L 07/02/2020 - 22:17:37: [SM] Fatal error encountered parsing translation file "tkmanager.phrases.txt"
L 07/02/2020 - 22:17:37: [SM] Error (line 0, column 0): Stream failed to open
L 07/02/2020 - 22:17:38: Error log file session closed.
L 07/02/2020 - 22:17:38: SourceMod error session started
L 07/02/2020 - 22:17:38: Info (map "dod_sniper_killbox_v2") (file "/home/srvdod/srcds/dod_s/dod/addons/sourcemod/logs/errors_20200702.log")
L 07/02/2020 - 22:17:38: [SM] Fatal error encountered parsing translation file "tkmanager.phrases.txt"
L 07/02/2020 - 22:17:38: [SM] Error (line 0, column 0): Stream failed to open
L 07/02/2020 - 22:28:38: Error log file session closed.
L 07/02/2020 - 22:28:38: SourceMod error session started
L 07/02/2020 - 22:28:38: Info (map "mario_air") (file "/home/srvdod/srcds/dod_s/dod/addons/sourcemod/logs/errors_20200702.log")
L 07/02/2020 - 22:28:38: [SM] Fatal error encountered parsing translation file "tkmanager.phrases.txt"
L 07/02/2020 - 22:28:38: [SM] Error (line 0, column 0): Stream failed to open
L 07/02/2020 - 22:28:39: Error log file session closed.
L 07/02/2020 - 22:28:39: SourceMod error session started
L 07/02/2020 - 22:28:39: Info (map "mario_air") (file "/home/srvdod/srcds/dod_s/dod/addons/sourcemod/logs/errors_20200702.log")
L 07/02/2020 - 22:28:39: [SM] Fatal error encountered parsing translation file "tkmanager.phrases.txt"
L 07/02/2020 - 22:28:39: [SM] Error (line 0, column 0): Stream failed to open
L 07/02/2020 - 22:39:39: Error log file session closed.
L 07/02/2020 - 22:39:39: SourceMod error session started
L 07/02/2020 - 22:39:39: Info (map "dod_orange_cancrelats") (file "/home/srvdod/srcds/dod_s/dod/addons/sourcemod/logs/errors_20200702.log")
L 07/02/2020 - 22:39:39: [SM] Fatal error encountered parsing translation file "tkmanager.phrases.txt"
L 07/02/2020 - 22:39:39: [SM] Error (line 0, column 0): Stream failed to open
L 07/02/2020 - 22:39:40: Error log file session closed.
L 07/02/2020 - 22:39:40: SourceMod error session started
L 07/02/2020 - 22:39:40: Info (map "dod_orange_cancrelats") (file "/home/srvdod/srcds/dod_s/dod/addons/sourcemod/logs/errors_20200702.log")
L 07/02/2020 - 22:39:40: [SM] Fatal error encountered parsing translation file "tkmanager.phrases.txt"
L 07/02/2020 - 22:39:40: [SM] Error (line 0, column 0): Stream failed to open
L 07/02/2020 - 22:50:40: Error log file session closed.
L 07/02/2020 - 22:50:40: SourceMod error session started
L 07/02/2020 - 22:50:40: Info (map "dod_football_a") (file "/home/srvdod/srcds/dod_s/dod/addons/sourcemod/logs/errors_20200702.log")
L 07/02/2020 - 22:50:40: [SM] Fatal error encountered parsing translation file "tkmanager.phrases.txt"
L 07/02/2020 - 22:50:40: [SM] Error (line 0, column 0): Stream failed to open
L 07/02/2020 - 22:50:41: Error log file session closed.
L 07/02/2020 - 22:50:41: SourceMod error session started
L 07/02/2020 - 22:50:41: Info (map "dod_football_a") (file "/home/srvdod/srcds/dod_s/dod/addons/sourcemod/logs/errors_20200702.log")
L 07/02/2020 - 22:50:41: [SM] Fatal error encountered parsing translation file "tkmanager.phrases.txt"
L 07/02/2020 - 22:50:41: [SM] Error (line 0, column 0): Stream failed to open
L 07/02/2020 - 23:01:41: Error log file session closed.
L 07/02/2020 - 23:01:41: SourceMod error session started
L 07/02/2020 - 23:01:41: Info (map "dod_legoland_b2") (file "/home/srvdod/srcds/dod_s/dod/addons/sourcemod/logs/errors_20200702.log")
L 07/02/2020 - 23:01:41: [SM] Fatal error encountered parsing translation file "tkmanager.phrases.txt"
L 07/02/2020 - 23:01:41: [SM] Error (line 0, column 0): Stream failed to open
L 07/02/2020 - 23:01:42: Error log file session closed.
L 07/02/2020 - 23:01:42: SourceMod error session started
L 07/02/2020 - 23:01:42: Info (map "dod_legoland_b2") (file "/home/srvdod/srcds/dod_s/dod/addons/sourcemod/logs/errors_20200702.log")
L 07/02/2020 - 23:01:42: [SM] Fatal error encountered parsing translation file "tkmanager.phrases.txt"
L 07/02/2020 - 23:01:42: [SM] Error (line 0, column 0): Stream failed to open
L 07/02/2020 - 23:12:43: Error log file session closed.
L 07/02/2020 - 23:12:43: SourceMod error session started
L 07/02/2020 - 23:12:43: Info (map "dod_colmar") (file "/home/srvdod/srcds/dod_s/dod/addons/sourcemod/logs/errors_20200702.log")
L 07/02/2020 - 23:12:43: [SM] Fatal error encountered parsing translation file "tkmanager.phrases.txt"
L 07/02/2020 - 23:12:43: [SM] Error (line 0, column 0): Stream failed to open
L 07/02/2020 - 23:12:45: Error log file session closed.
L 07/02/2020 - 23:12:45: SourceMod error session started
L 07/02/2020 - 23:12:45: Info (map "dod_colmar") (file "/home/srvdod/srcds/dod_s/dod/addons/sourcemod/logs/errors_20200702.log")
L 07/02/2020 - 23:12:45: [SM] Fatal error encountered parsing translation file "tkmanager.phrases.txt"
L 07/02/2020 - 23:12:45: [SM] Error (line 0, column 0): Stream failed to open
L 07/02/2020 - 23:23:45: Error log file session closed.
L 07/02/2020 - 23:23:45: SourceMod error session started
L 07/02/2020 - 23:23:45: Info (map "dod_dust2_snow_xmas") (file "/home/srvdod/srcds/dod_s/dod/addons/sourcemod/logs/errors_20200702.log")
L 07/02/2020 - 23:23:45: [SM] Fatal error encountered parsing translation file "tkmanager.phrases.txt"
L 07/02/2020 - 23:23:45: [SM] Error (line 0, column 0): Stream failed to open
L 07/02/2020 - 23:23:47: Error log file session closed.
L 07/02/2020 - 23:23:47: SourceMod error session started
L 07/02/2020 - 23:23:47: Info (map "dod_dust2_snow_xmas") (file "/home/srvdod/srcds/dod_s/dod/addons/sourcemod/logs/errors_20200702.log")
L 07/02/2020 - 23:23:47: [SM] Fatal error encountered parsing translation file "tkmanager.phrases.txt"
L 07/02/2020 - 23:23:47: [SM] Error (line 0, column 0): Stream failed to open
L 07/02/2020 - 23:34:47: Error log file session closed.
L 07/02/2020 - 23:34:47: SourceMod error session started
L 07/02/2020 - 23:34:47: Info (map "dod_bigbunky_v4") (file "/home/srvdod/srcds/dod_s/dod/addons/sourcemod/logs/errors_20200702.log")
L 07/02/2020 - 23:34:47: [SM] Fatal error encountered parsing translation file "tkmanager.phrases.txt"
L 07/02/2020 - 23:34:47: [SM] Error (line 0, column 0): Stream failed to open
L 07/02/2020 - 23:34:48: Error log file session closed.
L 07/02/2020 - 23:34:48: SourceMod error session started
L 07/02/2020 - 23:34:48: Info (map "dod_bigbunky_v4") (file "/home/srvdod/srcds/dod_s/dod/addons/sourcemod/logs/errors_20200702.log")
L 07/02/2020 - 23:34:48: [SM] Fatal error encountered parsing translation file "tkmanager.phrases.txt"
L 07/02/2020 - 23:34:48: [SM] Error (line 0, column 0): Stream failed to open
L 07/02/2020 - 23:45:48: Error log file session closed.
L 07/02/2020 - 23:45:48: SourceMod error session started
L 07/02/2020 - 23:45:48: Info (map "dod_4pyramides") (file "/home/srvdod/srcds/dod_s/dod/addons/sourcemod/logs/errors_20200702.log")
L 07/02/2020 - 23:45:48: [SM] Fatal error encountered parsing translation file "tkmanager.phrases.txt"
L 07/02/2020 - 23:45:48: [SM] Error (line 0, column 0): Stream failed to open
L 07/02/2020 - 23:45:49: Error log file session closed.
L 07/02/2020 - 23:45:49: SourceMod error session started
L 07/02/2020 - 23:45:49: Info (map "dod_4pyramides") (file "/home/srvdod/srcds/dod_s/dod/addons/sourcemod/logs/errors_20200702.log")
L 07/02/2020 - 23:45:49: [SM] Fatal error encountered parsing translation file "tkmanager.phrases.txt"
L 07/02/2020 - 23:45:49: [SM] Error (line 0, column 0): Stream failed to open
L 07/02/2020 - 23:56:51: Error log file session closed.
L 07/02/2020 - 23:56:51: SourceMod error session started
L 07/02/2020 - 23:56:51: Info (map "dod_jagd") (file "/home/srvdod/srcds/dod_s/dod/addons/sourcemod/logs/errors_20200702.log")
L 07/02/2020 - 23:56:51: [SM] Fatal error encountered parsing translation file "tkmanager.phrases.txt"
L 07/02/2020 - 23:56:51: [SM] Error (line 0, column 0): Stream failed to open
L 07/02/2020 - 23:56:53: Error log file session closed.
L 07/02/2020 - 23:56:53: SourceMod error session started
L 07/02/2020 - 23:56:53: Info (map "dod_jagd") (file "/home/srvdod/srcds/dod_s/dod/addons/sourcemod/logs/errors_20200702.log")
L 07/02/2020 - 23:56:53: [SM] Fatal error encountered parsing translation file "tkmanager.phrases.txt"
L 07/02/2020 - 23:56:53: [SM] Error (line 0, column 0): Stream failed to open
L 07/03/2020 - 00:03:51: Error log file session closed.
