L 07/15/2020 - 00:05:06: SourceMod log file session started (file "/home/srvdod/srcds/dod_s/dod/addons/sourcemod/logs/L20200715.log") (Version "1.10.0.6490")
L 07/15/2020 - 00:05:06: [mapchooser.smx] Voting for next map has started.
L 07/15/2020 - 00:09:07: [SM] Changed map to "dod_sand_rats_2006"
L 07/15/2020 - 00:09:07: [SM] Changed map to "dod_sand_rats_2006"
L 07/15/2020 - 00:09:08: -------- Mapchange to dod_sand_rats_2006 --------
L 07/15/2020 - 00:09:08: [adminsounds.smx] 62 sounds loaded
L 07/15/2020 - 00:09:09: -------- Mapchange to dod_sand_rats_2006 --------
L 07/15/2020 - 00:09:09: [adminsounds.smx] 62 sounds loaded
L 07/15/2020 - 00:09:14: [randomcycle.smx] RandomCycle has chosen dod_bigbunky_v4 for the nextmap.
L 07/15/2020 - 00:16:07: [mapchooser.smx] Voting for next map has started.
L 07/15/2020 - 00:20:08: [SM] Changed map to "dod_jagd"
L 07/15/2020 - 00:20:08: [SM] Changed map to "dod_jagd"
L 07/15/2020 - 00:20:10: -------- Mapchange to dod_jagd --------
L 07/15/2020 - 00:20:10: [adminsounds.smx] 62 sounds loaded
L 07/15/2020 - 00:20:12: -------- Mapchange to dod_jagd --------
L 07/15/2020 - 00:20:12: [adminsounds.smx] 62 sounds loaded
L 07/15/2020 - 00:20:17: [randomcycle.smx] RandomCycle has chosen cdcmarijuana! for the nextmap.
L 07/15/2020 - 00:27:10: [mapchooser.smx] Voting for next map has started.
L 07/15/2020 - 00:31:11: [SM] Changed map to "sniperzone"
L 07/15/2020 - 00:31:11: [SM] Changed map to "sniperzone"
L 07/15/2020 - 00:31:12: -------- Mapchange to sniperzone --------
L 07/15/2020 - 00:31:12: [adminsounds.smx] 62 sounds loaded
L 07/15/2020 - 00:31:13: -------- Mapchange to sniperzone --------
L 07/15/2020 - 00:31:13: [adminsounds.smx] 62 sounds loaded
L 07/15/2020 - 00:31:18: [randomcycle.smx] RandomCycle has chosen dod_deux_chateaux_final for the nextmap.
L 07/15/2020 - 00:38:11: [mapchooser.smx] Voting for next map has started.
L 07/15/2020 - 00:42:12: [SM] Changed map to "dod_iceworld_final_[bds]_doc"
L 07/15/2020 - 00:42:12: [SM] Changed map to "dod_iceworld_final_[bds]_doc"
L 07/15/2020 - 00:42:13: -------- Mapchange to dod_iceworld_final_[bds]_doc --------
L 07/15/2020 - 00:42:13: [adminsounds.smx] 62 sounds loaded
L 07/15/2020 - 00:42:13: -------- Mapchange to dod_iceworld_final_[bds]_doc --------
L 07/15/2020 - 00:42:13: [adminsounds.smx] 62 sounds loaded
L 07/15/2020 - 00:42:18: [randomcycle.smx] RandomCycle has chosen dod_kalt for the nextmap.
L 07/15/2020 - 00:49:11: [mapchooser.smx] Voting for next map has started.
L 07/15/2020 - 00:53:12: [SM] Changed map to "dod_dust2_snow_xmas"
L 07/15/2020 - 00:53:12: [SM] Changed map to "dod_dust2_snow_xmas"
L 07/15/2020 - 00:53:13: -------- Mapchange to dod_dust2_snow_xmas --------
L 07/15/2020 - 00:53:13: [adminsounds.smx] 62 sounds loaded
L 07/15/2020 - 00:53:14: -------- Mapchange to dod_dust2_snow_xmas --------
L 07/15/2020 - 00:53:14: [adminsounds.smx] 62 sounds loaded
L 07/15/2020 - 00:53:19: [randomcycle.smx] RandomCycle has chosen babyfight_arena for the nextmap.
L 07/15/2020 - 01:00:12: [mapchooser.smx] Voting for next map has started.
L 07/15/2020 - 01:04:13: [SM] Changed map to "dod_deux_chateaux_final"
L 07/15/2020 - 01:04:13: [SM] Changed map to "dod_deux_chateaux_final"
L 07/15/2020 - 01:04:14: -------- Mapchange to dod_deux_chateaux_final --------
L 07/15/2020 - 01:04:14: [adminsounds.smx] 62 sounds loaded
L 07/15/2020 - 01:04:15: -------- Mapchange to dod_deux_chateaux_final --------
L 07/15/2020 - 01:04:15: [adminsounds.smx] 62 sounds loaded
L 07/15/2020 - 01:04:20: [randomcycle.smx] RandomCycle has chosen dod_aimap_b1 for the nextmap.
L 07/15/2020 - 01:11:13: [mapchooser.smx] Voting for next map has started.
L 07/15/2020 - 01:15:14: [SM] Changed map to "dod_avalanche"
L 07/15/2020 - 01:15:14: [SM] Changed map to "dod_avalanche"
L 07/15/2020 - 01:15:15: -------- Mapchange to dod_avalanche --------
L 07/15/2020 - 01:15:16: [adminsounds.smx] 62 sounds loaded
L 07/15/2020 - 01:15:17: -------- Mapchange to dod_avalanche --------
L 07/15/2020 - 01:15:17: [adminsounds.smx] 62 sounds loaded
L 07/15/2020 - 01:15:22: [randomcycle.smx] RandomCycle has chosen dod_mousekitchen_ed for the nextmap.
L 07/15/2020 - 01:22:15: [mapchooser.smx] Voting for next map has started.
L 07/15/2020 - 01:26:16: [SM] Changed map to "dod_murky_p2"
L 07/15/2020 - 01:26:16: [SM] Changed map to "dod_murky_p2"
L 07/15/2020 - 01:26:17: -------- Mapchange to dod_murky_p2 --------
L 07/15/2020 - 01:26:17: [adminsounds.smx] 62 sounds loaded
L 07/15/2020 - 01:26:17: -------- Mapchange to dod_murky_p2 --------
L 07/15/2020 - 01:26:17: [adminsounds.smx] 62 sounds loaded
L 07/15/2020 - 01:26:22: [randomcycle.smx] RandomCycle has chosen dod_dli_football_b1 for the nextmap.
L 07/15/2020 - 01:33:15: [mapchooser.smx] Voting for next map has started.
L 07/15/2020 - 01:37:16: [SM] Changed map to "sniperzone"
L 07/15/2020 - 01:37:16: [SM] Changed map to "sniperzone"
L 07/15/2020 - 01:37:17: -------- Mapchange to sniperzone --------
L 07/15/2020 - 01:37:17: [adminsounds.smx] 62 sounds loaded
L 07/15/2020 - 01:37:19: -------- Mapchange to sniperzone --------
L 07/15/2020 - 01:37:19: [adminsounds.smx] 62 sounds loaded
L 07/15/2020 - 01:37:24: [randomcycle.smx] RandomCycle has chosen dod_sucette_v3 for the nextmap.
L 07/15/2020 - 01:44:17: [mapchooser.smx] Voting for next map has started.
L 07/15/2020 - 01:48:18: [SM] Changed map to "dod_sand_rats_2006"
L 07/15/2020 - 01:48:18: [SM] Changed map to "dod_sand_rats_2006"
L 07/15/2020 - 01:48:19: -------- Mapchange to dod_sand_rats_2006 --------
L 07/15/2020 - 01:48:19: [adminsounds.smx] 62 sounds loaded
L 07/15/2020 - 01:48:20: -------- Mapchange to dod_sand_rats_2006 --------
L 07/15/2020 - 01:48:20: [adminsounds.smx] 62 sounds loaded
L 07/15/2020 - 01:48:25: [randomcycle.smx] RandomCycle has chosen dod_monopoly_source for the nextmap.
L 07/15/2020 - 01:55:18: [mapchooser.smx] Voting for next map has started.
L 07/15/2020 - 01:59:19: [SM] Changed map to "babyfight_arena"
L 07/15/2020 - 01:59:19: [SM] Changed map to "babyfight_arena"
L 07/15/2020 - 01:59:20: -------- Mapchange to babyfight_arena --------
L 07/15/2020 - 01:59:20: [adminsounds.smx] 62 sounds loaded
L 07/15/2020 - 01:59:20: -------- Mapchange to babyfight_arena --------
L 07/15/2020 - 01:59:20: [adminsounds.smx] 62 sounds loaded
L 07/15/2020 - 01:59:25: [randomcycle.smx] RandomCycle has chosen dod_sand_rats_2006 for the nextmap.
L 07/15/2020 - 02:06:18: [mapchooser.smx] Voting for next map has started.
L 07/15/2020 - 02:10:20: [SM] Changed map to "dod_orange_sniper"
L 07/15/2020 - 02:10:20: [SM] Changed map to "dod_orange_sniper"
L 07/15/2020 - 02:10:20: -------- Mapchange to dod_orange_sniper --------
L 07/15/2020 - 02:10:20: [adminsounds.smx] 62 sounds loaded
L 07/15/2020 - 02:10:21: -------- Mapchange to dod_orange_sniper --------
L 07/15/2020 - 02:10:21: [adminsounds.smx] 62 sounds loaded
L 07/15/2020 - 02:10:26: [randomcycle.smx] RandomCycle has chosen dod_football_a for the nextmap.
L 07/15/2020 - 02:17:19: [mapchooser.smx] Voting for next map has started.
L 07/15/2020 - 02:21:20: [SM] Changed map to "dod_anzio"
L 07/15/2020 - 02:21:20: [SM] Changed map to "dod_anzio"
L 07/15/2020 - 02:21:22: -------- Mapchange to dod_anzio --------
L 07/15/2020 - 02:21:22: [adminsounds.smx] 62 sounds loaded
L 07/15/2020 - 02:21:23: -------- Mapchange to dod_anzio --------
L 07/15/2020 - 02:21:23: [adminsounds.smx] 62 sounds loaded
L 07/15/2020 - 02:21:28: [randomcycle.smx] RandomCycle has chosen dod_4pyramides for the nextmap.
L 07/15/2020 - 02:28:21: [mapchooser.smx] Voting for next map has started.
L 07/15/2020 - 02:32:22: [SM] Changed map to "dod_avalanche@night"
L 07/15/2020 - 02:32:22: [SM] Changed map to "dod_avalanche@night"
L 07/15/2020 - 02:32:23: -------- Mapchange to dod_avalanche@night --------
L 07/15/2020 - 02:32:24: [adminsounds.smx] 62 sounds loaded
L 07/15/2020 - 02:32:25: -------- Mapchange to dod_avalanche@night --------
L 07/15/2020 - 02:32:25: [adminsounds.smx] 62 sounds loaded
L 07/15/2020 - 02:32:30: [randomcycle.smx] RandomCycle has chosen dod_fullhouse for the nextmap.
L 07/15/2020 - 02:39:23: [mapchooser.smx] Voting for next map has started.
L 07/15/2020 - 02:43:24: [SM] Changed map to "dod_mousekitchen_ed"
L 07/15/2020 - 02:43:24: [SM] Changed map to "dod_mousekitchen_ed"
L 07/15/2020 - 02:43:25: -------- Mapchange to dod_mousekitchen_ed --------
L 07/15/2020 - 02:43:25: [adminsounds.smx] 62 sounds loaded
L 07/15/2020 - 02:43:26: -------- Mapchange to dod_mousekitchen_ed --------
L 07/15/2020 - 02:43:26: [adminsounds.smx] 62 sounds loaded
L 07/15/2020 - 02:43:31: [randomcycle.smx] RandomCycle has chosen dod_sniper_wars_beta for the nextmap.
L 07/15/2020 - 02:50:24: [mapchooser.smx] Voting for next map has started.
L 07/15/2020 - 02:54:25: [SM] Changed map to "babyfight_arena"
L 07/15/2020 - 02:54:25: [SM] Changed map to "babyfight_arena"
L 07/15/2020 - 02:54:26: -------- Mapchange to babyfight_arena --------
L 07/15/2020 - 02:54:26: [adminsounds.smx] 62 sounds loaded
L 07/15/2020 - 02:54:27: -------- Mapchange to babyfight_arena --------
L 07/15/2020 - 02:54:27: [adminsounds.smx] 62 sounds loaded
L 07/15/2020 - 02:54:32: [randomcycle.smx] RandomCycle has chosen cdcmarijuana! for the nextmap.
L 07/15/2020 - 03:01:25: [mapchooser.smx] Voting for next map has started.
L 07/15/2020 - 03:05:26: [SM] Changed map to "dod_football_a"
L 07/15/2020 - 03:05:26: [SM] Changed map to "dod_football_a"
L 07/15/2020 - 03:05:27: -------- Mapchange to dod_football_a --------
L 07/15/2020 - 03:05:27: [adminsounds.smx] 62 sounds loaded
L 07/15/2020 - 03:05:28: -------- Mapchange to dod_football_a --------
L 07/15/2020 - 03:05:28: [adminsounds.smx] 62 sounds loaded
L 07/15/2020 - 03:05:33: [randomcycle.smx] RandomCycle has chosen dod_chocolate_fight_arena for the nextmap.
L 07/15/2020 - 03:12:26: [mapchooser.smx] Voting for next map has started.
L 07/15/2020 - 03:16:27: [SM] Changed map to "dod_beer_circus"
L 07/15/2020 - 03:16:27: [SM] Changed map to "dod_beer_circus"
L 07/15/2020 - 03:16:36: -------- Mapchange to dod_beer_circus --------
L 07/15/2020 - 03:16:36: [adminsounds.smx] 62 sounds loaded
L 07/15/2020 - 03:16:46: -------- Mapchange to dod_beer_circus --------
L 07/15/2020 - 03:16:46: [adminsounds.smx] 62 sounds loaded
L 07/15/2020 - 03:16:51: [randomcycle.smx] RandomCycle has chosen dod_anzio for the nextmap.
L 07/15/2020 - 03:23:44: [mapchooser.smx] Voting for next map has started.
L 07/15/2020 - 03:27:45: [SM] Changed map to "sniperzone"
L 07/15/2020 - 03:27:45: [SM] Changed map to "sniperzone"
L 07/15/2020 - 03:27:46: -------- Mapchange to sniperzone --------
L 07/15/2020 - 03:27:46: [adminsounds.smx] 62 sounds loaded
L 07/15/2020 - 03:27:47: -------- Mapchange to sniperzone --------
L 07/15/2020 - 03:27:47: [adminsounds.smx] 62 sounds loaded
L 07/15/2020 - 03:27:52: [randomcycle.smx] RandomCycle has chosen dod_murky_p2 for the nextmap.
L 07/15/2020 - 03:34:45: [mapchooser.smx] Voting for next map has started.
L 07/15/2020 - 03:38:46: [SM] Changed map to "dod_sniper_killbox_v2"
L 07/15/2020 - 03:38:46: [SM] Changed map to "dod_sniper_killbox_v2"
L 07/15/2020 - 03:38:47: -------- Mapchange to dod_sniper_killbox_v2 --------
L 07/15/2020 - 03:38:47: [adminsounds.smx] 62 sounds loaded
L 07/15/2020 - 03:38:48: -------- Mapchange to dod_sniper_killbox_v2 --------
L 07/15/2020 - 03:38:48: [adminsounds.smx] 62 sounds loaded
L 07/15/2020 - 03:38:53: [randomcycle.smx] RandomCycle has chosen acc_labice for the nextmap.
L 07/15/2020 - 03:45:46: [mapchooser.smx] Voting for next map has started.
L 07/15/2020 - 03:49:47: [SM] Changed map to "dod_solitude_rats"
L 07/15/2020 - 03:49:47: [SM] Changed map to "dod_solitude_rats"
L 07/15/2020 - 03:49:49: -------- Mapchange to dod_solitude_rats --------
L 07/15/2020 - 03:49:49: [adminsounds.smx] 62 sounds loaded
L 07/15/2020 - 03:49:50: -------- Mapchange to dod_solitude_rats --------
L 07/15/2020 - 03:49:50: [adminsounds.smx] 62 sounds loaded
L 07/15/2020 - 03:49:55: [randomcycle.smx] RandomCycle has chosen dod_bigbunky_v4 for the nextmap.
L 07/15/2020 - 03:56:48: [mapchooser.smx] Voting for next map has started.
L 07/15/2020 - 04:00:49: [SM] Changed map to "dod_argentan"
L 07/15/2020 - 04:00:49: [SM] Changed map to "dod_argentan"
L 07/15/2020 - 04:00:50: -------- Mapchange to dod_argentan --------
L 07/15/2020 - 04:00:50: [adminsounds.smx] 62 sounds loaded
L 07/15/2020 - 04:00:52: -------- Mapchange to dod_argentan --------
L 07/15/2020 - 04:00:52: [adminsounds.smx] 62 sounds loaded
L 07/15/2020 - 04:00:57: [randomcycle.smx] RandomCycle has chosen dod_flash for the nextmap.
L 07/15/2020 - 04:07:50: [mapchooser.smx] Voting for next map has started.
L 07/15/2020 - 04:11:51: [SM] Changed map to "dod_murky_p2"
L 07/15/2020 - 04:11:51: [SM] Changed map to "dod_murky_p2"
L 07/15/2020 - 04:11:52: -------- Mapchange to dod_murky_p2 --------
L 07/15/2020 - 04:11:52: [adminsounds.smx] 62 sounds loaded
L 07/15/2020 - 04:11:53: -------- Mapchange to dod_murky_p2 --------
L 07/15/2020 - 04:11:53: [adminsounds.smx] 62 sounds loaded
L 07/15/2020 - 04:11:58: [randomcycle.smx] RandomCycle has chosen dod_sewer_rats_b1 for the nextmap.
L 07/15/2020 - 04:18:51: [mapchooser.smx] Voting for next map has started.
L 07/15/2020 - 04:22:52: [SM] Changed map to "dod_orange_sniper"
L 07/15/2020 - 04:22:52: [SM] Changed map to "dod_orange_sniper"
L 07/15/2020 - 04:22:53: -------- Mapchange to dod_orange_sniper --------
L 07/15/2020 - 04:22:53: [adminsounds.smx] 62 sounds loaded
L 07/15/2020 - 04:22:54: -------- Mapchange to dod_orange_sniper --------
L 07/15/2020 - 04:22:54: [adminsounds.smx] 62 sounds loaded
L 07/15/2020 - 04:22:59: [randomcycle.smx] RandomCycle has chosen dod_iceworld_final_[bds]_doc for the nextmap.
L 07/15/2020 - 04:29:52: [mapchooser.smx] Voting for next map has started.
L 07/15/2020 - 04:33:53: [SM] Changed map to "dod_fullhouse"
L 07/15/2020 - 04:33:53: [SM] Changed map to "dod_fullhouse"
L 07/15/2020 - 04:33:54: -------- Mapchange to dod_fullhouse --------
L 07/15/2020 - 04:33:55: [adminsounds.smx] 62 sounds loaded
L 07/15/2020 - 04:33:56: -------- Mapchange to dod_fullhouse --------
L 07/15/2020 - 04:33:56: [adminsounds.smx] 62 sounds loaded
L 07/15/2020 - 04:34:01: [randomcycle.smx] RandomCycle has chosen dod_sniperarena_dgs2 for the nextmap.
L 07/15/2020 - 04:40:54: [mapchooser.smx] Voting for next map has started.
L 07/15/2020 - 04:44:55: [SM] Changed map to "dod_mousekitchen_ed"
L 07/15/2020 - 04:44:55: [SM] Changed map to "dod_mousekitchen_ed"
L 07/15/2020 - 04:44:56: -------- Mapchange to dod_mousekitchen_ed --------
L 07/15/2020 - 04:44:56: [adminsounds.smx] 62 sounds loaded
L 07/15/2020 - 04:44:57: -------- Mapchange to dod_mousekitchen_ed --------
L 07/15/2020 - 04:44:57: [adminsounds.smx] 62 sounds loaded
L 07/15/2020 - 04:45:02: [randomcycle.smx] RandomCycle has chosen dod_orange_cancrelats for the nextmap.
L 07/15/2020 - 04:51:55: [mapchooser.smx] Voting for next map has started.
L 07/15/2020 - 04:55:56: [SM] Changed map to "dod_sucette_v3"
L 07/15/2020 - 04:55:56: [SM] Changed map to "dod_sucette_v3"
L 07/15/2020 - 04:55:57: -------- Mapchange to dod_sucette_v3 --------
L 07/15/2020 - 04:55:57: [adminsounds.smx] 62 sounds loaded
L 07/15/2020 - 04:55:58: -------- Mapchange to dod_sucette_v3 --------
L 07/15/2020 - 04:55:58: [adminsounds.smx] 62 sounds loaded
L 07/15/2020 - 04:56:04: [randomcycle.smx] RandomCycle has chosen dod_avalanche for the nextmap.
L 07/15/2020 - 05:02:57: [mapchooser.smx] Voting for next map has started.
L 07/15/2020 - 05:06:58: [SM] Changed map to "dod_rats"
L 07/15/2020 - 05:06:58: [SM] Changed map to "dod_rats"
L 07/15/2020 - 05:06:59: -------- Mapchange to dod_rats --------
L 07/15/2020 - 05:06:59: [adminsounds.smx] 62 sounds loaded
L 07/15/2020 - 05:07:00: -------- Mapchange to dod_rats --------
L 07/15/2020 - 05:07:00: [adminsounds.smx] 62 sounds loaded
L 07/15/2020 - 05:07:06: [randomcycle.smx] RandomCycle has chosen dod_kalt for the nextmap.
L 07/15/2020 - 05:13:59: [mapchooser.smx] Voting for next map has started.
L 07/15/2020 - 05:18:00: [SM] Changed map to "dod_orange_castel_evolution"
L 07/15/2020 - 05:18:00: [SM] Changed map to "dod_orange_castel_evolution"
L 07/15/2020 - 05:18:01: -------- Mapchange to dod_orange_castel_evolution --------
L 07/15/2020 - 05:18:01: [adminsounds.smx] 62 sounds loaded
L 07/15/2020 - 05:18:02: -------- Mapchange to dod_orange_castel_evolution --------
L 07/15/2020 - 05:18:02: [adminsounds.smx] 62 sounds loaded
L 07/15/2020 - 05:18:07: [randomcycle.smx] RandomCycle has chosen dod_donner for the nextmap.
L 07/15/2020 - 05:25:00: [mapchooser.smx] Voting for next map has started.
L 07/15/2020 - 05:29:01: [SM] Changed map to "dod_murky_p2"
L 07/15/2020 - 05:29:01: [SM] Changed map to "dod_murky_p2"
L 07/15/2020 - 05:29:02: -------- Mapchange to dod_murky_p2 --------
L 07/15/2020 - 05:29:02: [adminsounds.smx] 62 sounds loaded
L 07/15/2020 - 05:29:03: -------- Mapchange to dod_murky_p2 --------
L 07/15/2020 - 05:29:03: [adminsounds.smx] 62 sounds loaded
L 07/15/2020 - 05:29:09: [randomcycle.smx] RandomCycle has chosen dod_dli_football_b1 for the nextmap.
L 07/15/2020 - 05:36:02: [mapchooser.smx] Voting for next map has started.
L 07/15/2020 - 05:40:03: [SM] Changed map to "dod_aimap_b1"
L 07/15/2020 - 05:40:03: [SM] Changed map to "dod_aimap_b1"
L 07/15/2020 - 05:40:04: -------- Mapchange to dod_aimap_b1 --------
L 07/15/2020 - 05:40:04: [adminsounds.smx] 62 sounds loaded
L 07/15/2020 - 05:40:05: -------- Mapchange to dod_aimap_b1 --------
L 07/15/2020 - 05:40:05: [adminsounds.smx] 62 sounds loaded
L 07/15/2020 - 05:40:10: [randomcycle.smx] RandomCycle has chosen dod_orange_sniper for the nextmap.
L 07/15/2020 - 05:47:03: [mapchooser.smx] Voting for next map has started.
L 07/15/2020 - 05:51:04: [SM] Changed map to "dod_4pyramides"
L 07/15/2020 - 05:51:04: [SM] Changed map to "dod_4pyramides"
L 07/15/2020 - 05:51:05: -------- Mapchange to dod_4pyramides --------
L 07/15/2020 - 05:51:05: [adminsounds.smx] 62 sounds loaded
L 07/15/2020 - 05:51:07: -------- Mapchange to dod_4pyramides --------
L 07/15/2020 - 05:51:07: [adminsounds.smx] 62 sounds loaded
L 07/15/2020 - 05:51:12: [randomcycle.smx] RandomCycle has chosen dod_orange_bridges for the nextmap.
L 07/15/2020 - 05:58:05: [mapchooser.smx] Voting for next map has started.
L 07/15/2020 - 06:02:06: [SM] Changed map to "dod_sand_rats_2006"
L 07/15/2020 - 06:02:06: [SM] Changed map to "dod_sand_rats_2006"
L 07/15/2020 - 06:02:07: -------- Mapchange to dod_sand_rats_2006 --------
L 07/15/2020 - 06:02:07: [adminsounds.smx] 62 sounds loaded
L 07/15/2020 - 06:02:09: -------- Mapchange to dod_sand_rats_2006 --------
L 07/15/2020 - 06:02:09: [adminsounds.smx] 62 sounds loaded
L 07/15/2020 - 06:02:14: [randomcycle.smx] RandomCycle has chosen sniperzone for the nextmap.
L 07/15/2020 - 06:09:07: [mapchooser.smx] Voting for next map has started.
L 07/15/2020 - 06:13:08: [SM] Changed map to "acc_labice"
L 07/15/2020 - 06:13:08: [SM] Changed map to "acc_labice"
L 07/15/2020 - 06:13:09: -------- Mapchange to acc_labice --------
L 07/15/2020 - 06:13:09: [adminsounds.smx] 62 sounds loaded
L 07/15/2020 - 06:13:10: -------- Mapchange to acc_labice --------
L 07/15/2020 - 06:13:10: [adminsounds.smx] 62 sounds loaded
L 07/15/2020 - 06:13:15: [randomcycle.smx] RandomCycle has chosen dod_bunky2_modified for the nextmap.
L 07/15/2020 - 06:20:08: [mapchooser.smx] Voting for next map has started.
L 07/15/2020 - 06:24:10: [SM] Changed map to "dod_legoland_b2"
L 07/15/2020 - 06:24:10: [SM] Changed map to "dod_legoland_b2"
L 07/15/2020 - 06:24:11: -------- Mapchange to dod_legoland_b2 --------
L 07/15/2020 - 06:24:11: [adminsounds.smx] 62 sounds loaded
L 07/15/2020 - 06:24:12: -------- Mapchange to dod_legoland_b2 --------
L 07/15/2020 - 06:24:12: [adminsounds.smx] 62 sounds loaded
L 07/15/2020 - 06:24:17: [randomcycle.smx] RandomCycle has chosen dod_monopoly_source for the nextmap.
L 07/15/2020 - 06:31:10: [mapchooser.smx] Voting for next map has started.
L 07/15/2020 - 06:35:11: [SM] Changed map to "dod_sewer_rats_b1"
L 07/15/2020 - 06:35:11: [SM] Changed map to "dod_sewer_rats_b1"
L 07/15/2020 - 06:35:12: -------- Mapchange to dod_sewer_rats_b1 --------
L 07/15/2020 - 06:35:12: [adminsounds.smx] 62 sounds loaded
L 07/15/2020 - 06:35:14: -------- Mapchange to dod_sewer_rats_b1 --------
L 07/15/2020 - 06:35:14: [adminsounds.smx] 62 sounds loaded
L 07/15/2020 - 06:35:19: [randomcycle.smx] RandomCycle has chosen dod_orange_damier_v2 for the nextmap.
L 07/15/2020 - 06:42:12: [mapchooser.smx] Voting for next map has started.
L 07/15/2020 - 06:46:13: [SM] Changed map to "dod_bunky2_modified"
L 07/15/2020 - 06:46:13: [SM] Changed map to "dod_bunky2_modified"
L 07/15/2020 - 06:46:14: -------- Mapchange to dod_bunky2_modified --------
L 07/15/2020 - 06:46:14: [adminsounds.smx] 62 sounds loaded
L 07/15/2020 - 06:46:15: -------- Mapchange to dod_bunky2_modified --------
L 07/15/2020 - 06:46:15: [adminsounds.smx] 62 sounds loaded
L 07/15/2020 - 06:46:21: [randomcycle.smx] RandomCycle has chosen dod_sniperarena_dgs2 for the nextmap.
L 07/15/2020 - 06:53:14: [mapchooser.smx] Voting for next map has started.
L 07/15/2020 - 06:57:15: [SM] Changed map to "dod_deux_chateaux_final"
L 07/15/2020 - 06:57:15: [SM] Changed map to "dod_deux_chateaux_final"
L 07/15/2020 - 06:57:16: -------- Mapchange to dod_deux_chateaux_final --------
L 07/15/2020 - 06:57:16: [adminsounds.smx] 62 sounds loaded
L 07/15/2020 - 06:57:17: -------- Mapchange to dod_deux_chateaux_final --------
L 07/15/2020 - 06:57:17: [adminsounds.smx] 62 sounds loaded
L 07/15/2020 - 06:57:22: [randomcycle.smx] RandomCycle has chosen dod_aimap_b1 for the nextmap.
L 07/15/2020 - 07:04:15: [mapchooser.smx] Voting for next map has started.
L 07/15/2020 - 07:08:17: [SM] Changed map to "sniperzone"
L 07/15/2020 - 07:08:17: [SM] Changed map to "sniperzone"
L 07/15/2020 - 07:08:18: -------- Mapchange to sniperzone --------
L 07/15/2020 - 07:08:18: [adminsounds.smx] 62 sounds loaded
L 07/15/2020 - 07:08:19: -------- Mapchange to sniperzone --------
L 07/15/2020 - 07:08:19: [adminsounds.smx] 62 sounds loaded
L 07/15/2020 - 07:08:24: [randomcycle.smx] RandomCycle has chosen dod_chocolate_fight_arena for the nextmap.
L 07/15/2020 - 07:15:17: [mapchooser.smx] Voting for next map has started.
L 07/15/2020 - 07:19:18: [SM] Changed map to "dod_oasis_v1a"
L 07/15/2020 - 07:19:19: [SM] Changed map to "dod_oasis_v1a"
L 07/15/2020 - 07:19:20: -------- Mapchange to dod_oasis_v1a --------
L 07/15/2020 - 07:19:20: [adminsounds.smx] 62 sounds loaded
L 07/15/2020 - 07:19:21: -------- Mapchange to dod_oasis_v1a --------
L 07/15/2020 - 07:19:21: [adminsounds.smx] 62 sounds loaded
L 07/15/2020 - 07:19:26: [randomcycle.smx] RandomCycle has chosen dod_bigbunky_v4 for the nextmap.
L 07/15/2020 - 07:26:19: [mapchooser.smx] Voting for next map has started.
L 07/15/2020 - 07:30:20: [SM] Changed map to "dod_donner"
L 07/15/2020 - 07:30:21: [SM] Changed map to "dod_donner"
L 07/15/2020 - 07:30:22: -------- Mapchange to dod_donner --------
L 07/15/2020 - 07:30:22: [adminsounds.smx] 62 sounds loaded
L 07/15/2020 - 07:30:24: -------- Mapchange to dod_donner --------
L 07/15/2020 - 07:30:24: [adminsounds.smx] 62 sounds loaded
L 07/15/2020 - 07:30:29: [randomcycle.smx] RandomCycle has chosen dod_solitude_rats for the nextmap.
L 07/15/2020 - 07:37:22: [mapchooser.smx] Voting for next map has started.
L 07/15/2020 - 07:41:23: [SM] Changed map to "cdcmarijuana!"
L 07/15/2020 - 07:41:23: [SM] Changed map to "cdcmarijuana!"
L 07/15/2020 - 07:41:24: -------- Mapchange to cdcmarijuana! --------
L 07/15/2020 - 07:41:24: [adminsounds.smx] 62 sounds loaded
L 07/15/2020 - 07:41:26: -------- Mapchange to cdcmarijuana! --------
L 07/15/2020 - 07:41:26: [adminsounds.smx] 62 sounds loaded
L 07/15/2020 - 07:41:31: [randomcycle.smx] RandomCycle has chosen cdcmarijuana! for the nextmap.
L 07/15/2020 - 07:48:24: [mapchooser.smx] Voting for next map has started.
L 07/15/2020 - 07:52:25: [SM] Changed map to "dod_bigbunky_v4"
L 07/15/2020 - 07:52:25: [SM] Changed map to "dod_bigbunky_v4"
L 07/15/2020 - 07:52:26: -------- Mapchange to dod_bigbunky_v4 --------
L 07/15/2020 - 07:52:26: [adminsounds.smx] 62 sounds loaded
L 07/15/2020 - 07:52:28: -------- Mapchange to dod_bigbunky_v4 --------
L 07/15/2020 - 07:52:28: [adminsounds.smx] 62 sounds loaded
L 07/15/2020 - 07:52:33: [randomcycle.smx] RandomCycle has chosen dod_orange_cancrelats for the nextmap.
L 07/15/2020 - 07:59:26: [mapchooser.smx] Voting for next map has started.
L 07/15/2020 - 08:03:27: [SM] Changed map to "dod_sniper_killbox_v2"
L 07/15/2020 - 08:03:27: [SM] Changed map to "dod_sniper_killbox_v2"
L 07/15/2020 - 08:03:29: -------- Mapchange to dod_sniper_killbox_v2 --------
L 07/15/2020 - 08:03:29: [adminsounds.smx] 62 sounds loaded
L 07/15/2020 - 08:03:30: -------- Mapchange to dod_sniper_killbox_v2 --------
L 07/15/2020 - 08:03:30: [adminsounds.smx] 62 sounds loaded
L 07/15/2020 - 08:03:35: [randomcycle.smx] RandomCycle has chosen babyfight_arena for the nextmap.
L 07/15/2020 - 08:10:28: [mapchooser.smx] Voting for next map has started.
L 07/15/2020 - 08:14:29: [SM] Changed map to "dod_dli_football_b1"
L 07/15/2020 - 08:14:29: [SM] Changed map to "dod_dli_football_b1"
L 07/15/2020 - 08:14:31: -------- Mapchange to dod_dli_football_b1 --------
L 07/15/2020 - 08:14:31: [adminsounds.smx] 62 sounds loaded
L 07/15/2020 - 08:14:32: -------- Mapchange to dod_dli_football_b1 --------
L 07/15/2020 - 08:14:32: [adminsounds.smx] 62 sounds loaded
L 07/15/2020 - 08:14:37: [randomcycle.smx] RandomCycle has chosen dod_orange_wallhack for the nextmap.
L 07/15/2020 - 08:21:30: [mapchooser.smx] Voting for next map has started.
L 07/15/2020 - 08:25:31: [SM] Changed map to "dod_bunky2_modified"
L 07/15/2020 - 08:25:31: [SM] Changed map to "dod_bunky2_modified"
L 07/15/2020 - 08:25:33: -------- Mapchange to dod_bunky2_modified --------
L 07/15/2020 - 08:25:33: [adminsounds.smx] 62 sounds loaded
L 07/15/2020 - 08:25:34: -------- Mapchange to dod_bunky2_modified --------
L 07/15/2020 - 08:25:34: [adminsounds.smx] 62 sounds loaded
L 07/15/2020 - 08:25:39: [randomcycle.smx] RandomCycle has chosen acc_labice for the nextmap.
L 07/15/2020 - 08:32:32: [mapchooser.smx] Voting for next map has started.
L 07/15/2020 - 08:36:33: [SM] Changed map to "dod_orange_castel_evolution"
L 07/15/2020 - 08:36:33: [SM] Changed map to "dod_orange_castel_evolution"
L 07/15/2020 - 08:36:34: -------- Mapchange to dod_orange_castel_evolution --------
L 07/15/2020 - 08:36:35: [adminsounds.smx] 62 sounds loaded
L 07/15/2020 - 08:36:36: -------- Mapchange to dod_orange_castel_evolution --------
L 07/15/2020 - 08:36:36: [adminsounds.smx] 62 sounds loaded
L 07/15/2020 - 08:36:41: [randomcycle.smx] RandomCycle has chosen dod_orange_castel_evolution for the nextmap.
L 07/15/2020 - 08:43:34: [mapchooser.smx] Voting for next map has started.
L 07/15/2020 - 08:47:35: [SM] Changed map to "dod_sand_rats_2006"
L 07/15/2020 - 08:47:35: [SM] Changed map to "dod_sand_rats_2006"
L 07/15/2020 - 08:47:37: -------- Mapchange to dod_sand_rats_2006 --------
L 07/15/2020 - 08:47:37: [adminsounds.smx] 62 sounds loaded
L 07/15/2020 - 08:47:38: -------- Mapchange to dod_sand_rats_2006 --------
L 07/15/2020 - 08:47:38: [adminsounds.smx] 62 sounds loaded
L 07/15/2020 - 08:47:44: [randomcycle.smx] RandomCycle has chosen dod_sniper_wars_beta for the nextmap.
L 07/15/2020 - 08:54:37: [mapchooser.smx] Voting for next map has started.
L 07/15/2020 - 08:58:38: [SM] Changed map to "dod_jagd"
L 07/15/2020 - 08:58:38: [SM] Changed map to "dod_jagd"
L 07/15/2020 - 08:58:40: -------- Mapchange to dod_jagd --------
L 07/15/2020 - 08:58:40: [adminsounds.smx] 62 sounds loaded
L 07/15/2020 - 08:58:43: -------- Mapchange to dod_jagd --------
L 07/15/2020 - 08:58:43: [adminsounds.smx] 62 sounds loaded
L 07/15/2020 - 08:58:48: [randomcycle.smx] RandomCycle has chosen dod_anzio for the nextmap.
L 07/15/2020 - 09:05:41: [mapchooser.smx] Voting for next map has started.
L 07/15/2020 - 09:09:42: [SM] Changed map to "dod_legoland_b2"
L 07/15/2020 - 09:09:42: [SM] Changed map to "dod_legoland_b2"
L 07/15/2020 - 09:09:43: -------- Mapchange to dod_legoland_b2 --------
L 07/15/2020 - 09:09:44: [adminsounds.smx] 62 sounds loaded
L 07/15/2020 - 09:09:45: -------- Mapchange to dod_legoland_b2 --------
L 07/15/2020 - 09:09:45: [adminsounds.smx] 62 sounds loaded
L 07/15/2020 - 09:09:50: [randomcycle.smx] RandomCycle has chosen dod_cdc_rats_rm for the nextmap.
L 07/15/2020 - 09:16:43: [mapchooser.smx] Voting for next map has started.
L 07/15/2020 - 09:20:45: [SM] Changed map to "babyfight_arena"
L 07/15/2020 - 09:20:45: [SM] Changed map to "babyfight_arena"
L 07/15/2020 - 09:20:46: -------- Mapchange to babyfight_arena --------
L 07/15/2020 - 09:20:46: [adminsounds.smx] 62 sounds loaded
L 07/15/2020 - 09:20:47: -------- Mapchange to babyfight_arena --------
L 07/15/2020 - 09:20:47: [adminsounds.smx] 62 sounds loaded
L 07/15/2020 - 09:20:53: [randomcycle.smx] RandomCycle has chosen dod_iceworld_final_[bds]_doc for the nextmap.
L 07/15/2020 - 09:27:46: [mapchooser.smx] Voting for next map has started.
L 07/15/2020 - 09:31:47: [SM] Changed map to "dod_bunky2_modified"
L 07/15/2020 - 09:31:47: [SM] Changed map to "dod_bunky2_modified"
L 07/15/2020 - 09:31:48: -------- Mapchange to dod_bunky2_modified --------
L 07/15/2020 - 09:31:48: [adminsounds.smx] 62 sounds loaded
L 07/15/2020 - 09:31:49: -------- Mapchange to dod_bunky2_modified --------
L 07/15/2020 - 09:31:49: [adminsounds.smx] 62 sounds loaded
L 07/15/2020 - 09:31:55: [randomcycle.smx] RandomCycle has chosen dod_mousekitchen_ed for the nextmap.
L 07/15/2020 - 09:38:48: [mapchooser.smx] Voting for next map has started.
L 07/15/2020 - 09:42:49: [SM] Changed map to "dod_orange_cancrelats"
L 07/15/2020 - 09:42:49: [SM] Changed map to "dod_orange_cancrelats"
L 07/15/2020 - 09:42:50: -------- Mapchange to dod_orange_cancrelats --------
L 07/15/2020 - 09:42:50: [adminsounds.smx] 62 sounds loaded
L 07/15/2020 - 09:42:51: -------- Mapchange to dod_orange_cancrelats --------
L 07/15/2020 - 09:42:51: [adminsounds.smx] 62 sounds loaded
L 07/15/2020 - 09:42:57: [randomcycle.smx] RandomCycle has chosen dod_aimap_b1 for the nextmap.
L 07/15/2020 - 09:49:50: [mapchooser.smx] Voting for next map has started.
L 07/15/2020 - 09:53:51: [SM] Changed map to "dod_aimap_b1"
L 07/15/2020 - 09:53:51: [SM] Changed map to "dod_aimap_b1"
L 07/15/2020 - 09:53:52: -------- Mapchange to dod_aimap_b1 --------
L 07/15/2020 - 09:53:52: [adminsounds.smx] 62 sounds loaded
L 07/15/2020 - 09:53:54: -------- Mapchange to dod_aimap_b1 --------
L 07/15/2020 - 09:53:54: [adminsounds.smx] 62 sounds loaded
L 07/15/2020 - 09:53:59: [randomcycle.smx] RandomCycle has chosen cdcmarijuana! for the nextmap.
L 07/15/2020 - 10:00:52: [mapchooser.smx] Voting for next map has started.
L 07/15/2020 - 10:04:53: [SM] Changed map to "dod_oasis_v1a"
L 07/15/2020 - 10:04:53: [SM] Changed map to "dod_oasis_v1a"
L 07/15/2020 - 10:04:54: -------- Mapchange to dod_oasis_v1a --------
L 07/15/2020 - 10:04:54: [adminsounds.smx] 62 sounds loaded
L 07/15/2020 - 10:04:56: -------- Mapchange to dod_oasis_v1a --------
L 07/15/2020 - 10:04:56: [adminsounds.smx] 62 sounds loaded
L 07/15/2020 - 10:05:02: [randomcycle.smx] RandomCycle has chosen dod_argentan for the nextmap.
L 07/15/2020 - 10:11:55: [mapchooser.smx] Voting for next map has started.
L 07/15/2020 - 10:15:56: [SM] Changed map to "dod_orange_wallhack"
L 07/15/2020 - 10:15:56: [SM] Changed map to "dod_orange_wallhack"
L 07/15/2020 - 10:15:57: -------- Mapchange to dod_orange_wallhack --------
L 07/15/2020 - 10:15:57: [adminsounds.smx] 62 sounds loaded
L 07/15/2020 - 10:15:59: -------- Mapchange to dod_orange_wallhack --------
L 07/15/2020 - 10:15:59: [adminsounds.smx] 62 sounds loaded
L 07/15/2020 - 10:16:04: [randomcycle.smx] RandomCycle has chosen dod_sniper_killbox_v2 for the nextmap.
L 07/15/2020 - 10:22:57: [mapchooser.smx] Voting for next map has started.
L 07/15/2020 - 10:26:58: [SM] Changed map to "dod_rats"
L 07/15/2020 - 10:26:58: [SM] Changed map to "dod_rats"
L 07/15/2020 - 10:27:00: -------- Mapchange to dod_rats --------
L 07/15/2020 - 10:27:00: [adminsounds.smx] 62 sounds loaded
L 07/15/2020 - 10:27:02: -------- Mapchange to dod_rats --------
L 07/15/2020 - 10:27:02: [adminsounds.smx] 62 sounds loaded
L 07/15/2020 - 10:27:07: [randomcycle.smx] RandomCycle has chosen dod_sniperarena_dgs2 for the nextmap.
L 07/15/2020 - 10:34:00: [mapchooser.smx] Voting for next map has started.
L 07/15/2020 - 10:38:01: [SM] Changed map to "dod_aimap_b1"
L 07/15/2020 - 10:38:01: [SM] Changed map to "dod_aimap_b1"
L 07/15/2020 - 10:38:02: -------- Mapchange to dod_aimap_b1 --------
L 07/15/2020 - 10:38:02: [adminsounds.smx] 62 sounds loaded
L 07/15/2020 - 10:38:04: -------- Mapchange to dod_aimap_b1 --------
L 07/15/2020 - 10:38:04: [adminsounds.smx] 62 sounds loaded
L 07/15/2020 - 10:38:09: [randomcycle.smx] RandomCycle has chosen dod_dli_football_b1 for the nextmap.
L 07/15/2020 - 10:45:02: [mapchooser.smx] Voting for next map has started.
L 07/15/2020 - 10:49:03: [SM] Changed map to "dod_dust2_snow_xmas"
L 07/15/2020 - 10:49:03: [SM] Changed map to "dod_dust2_snow_xmas"
L 07/15/2020 - 10:49:05: -------- Mapchange to dod_dust2_snow_xmas --------
L 07/15/2020 - 10:49:05: [adminsounds.smx] 62 sounds loaded
L 07/15/2020 - 10:49:07: -------- Mapchange to dod_dust2_snow_xmas --------
L 07/15/2020 - 10:49:07: [adminsounds.smx] 62 sounds loaded
L 07/15/2020 - 10:49:12: [randomcycle.smx] RandomCycle has chosen dod_orange_bridges for the nextmap.
L 07/15/2020 - 10:56:05: [mapchooser.smx] Voting for next map has started.
L 07/15/2020 - 11:00:06: [SM] Changed map to "dod_deux_chateaux_final"
L 07/15/2020 - 11:00:06: [SM] Changed map to "dod_deux_chateaux_final"
L 07/15/2020 - 11:00:07: -------- Mapchange to dod_deux_chateaux_final --------
L 07/15/2020 - 11:00:07: [adminsounds.smx] 62 sounds loaded
L 07/15/2020 - 11:00:09: -------- Mapchange to dod_deux_chateaux_final --------
L 07/15/2020 - 11:00:09: [adminsounds.smx] 62 sounds loaded
L 07/15/2020 - 11:00:15: [randomcycle.smx] RandomCycle has chosen dod_avalanche for the nextmap.
L 07/15/2020 - 11:07:08: [mapchooser.smx] Voting for next map has started.
L 07/15/2020 - 11:11:09: [SM] Changed map to "dod_chocolate_fight_arena"
L 07/15/2020 - 11:11:09: [SM] Changed map to "dod_chocolate_fight_arena"
L 07/15/2020 - 11:11:10: -------- Mapchange to dod_chocolate_fight_arena --------
L 07/15/2020 - 11:11:10: [adminsounds.smx] 62 sounds loaded
L 07/15/2020 - 11:11:12: -------- Mapchange to dod_chocolate_fight_arena --------
L 07/15/2020 - 11:11:12: [adminsounds.smx] 62 sounds loaded
L 07/15/2020 - 11:11:17: [randomcycle.smx] RandomCycle has chosen dod_anzio for the nextmap.
L 07/15/2020 - 11:18:10: [mapchooser.smx] Voting for next map has started.
L 07/15/2020 - 11:22:11: [SM] Changed map to "dod_flash"
L 07/15/2020 - 11:22:11: [SM] Changed map to "dod_flash"
L 07/15/2020 - 11:22:13: -------- Mapchange to dod_flash --------
L 07/15/2020 - 11:22:13: [adminsounds.smx] 62 sounds loaded
L 07/15/2020 - 11:22:15: -------- Mapchange to dod_flash --------
L 07/15/2020 - 11:22:15: [adminsounds.smx] 62 sounds loaded
L 07/15/2020 - 11:22:20: [randomcycle.smx] RandomCycle has chosen dod_orange_wallhack for the nextmap.
L 07/15/2020 - 11:29:13: [mapchooser.smx] Voting for next map has started.
L 07/15/2020 - 11:33:14: [SM] Changed map to "dod_beer_circus"
L 07/15/2020 - 11:33:14: [SM] Changed map to "dod_beer_circus"
L 07/15/2020 - 11:33:24: -------- Mapchange to dod_beer_circus --------
L 07/15/2020 - 11:33:24: [adminsounds.smx] 62 sounds loaded
L 07/15/2020 - 11:33:34: -------- Mapchange to dod_beer_circus --------
L 07/15/2020 - 11:33:34: [adminsounds.smx] 62 sounds loaded
L 07/15/2020 - 11:33:39: [randomcycle.smx] RandomCycle has chosen dod_sewer_rats_b1 for the nextmap.
L 07/15/2020 - 11:40:32: [mapchooser.smx] Voting for next map has started.
L 07/15/2020 - 11:44:33: [SM] Changed map to "dod_bunky2_modified"
L 07/15/2020 - 11:44:33: [SM] Changed map to "dod_bunky2_modified"
L 07/15/2020 - 11:44:34: -------- Mapchange to dod_bunky2_modified --------
L 07/15/2020 - 11:44:34: [adminsounds.smx] 62 sounds loaded
L 07/15/2020 - 11:44:36: -------- Mapchange to dod_bunky2_modified --------
L 07/15/2020 - 11:44:36: [adminsounds.smx] 62 sounds loaded
L 07/15/2020 - 11:44:42: [randomcycle.smx] RandomCycle has chosen dod_oasis_v1a for the nextmap.
L 07/15/2020 - 11:51:35: [mapchooser.smx] Voting for next map has started.
L 07/15/2020 - 11:55:36: [SM] Changed map to "dod_aimap_b1"
L 07/15/2020 - 11:55:36: [SM] Changed map to "dod_aimap_b1"
L 07/15/2020 - 11:55:37: -------- Mapchange to dod_aimap_b1 --------
L 07/15/2020 - 11:55:37: [adminsounds.smx] 62 sounds loaded
L 07/15/2020 - 11:55:39: -------- Mapchange to dod_aimap_b1 --------
L 07/15/2020 - 11:55:39: [adminsounds.smx] 62 sounds loaded
L 07/15/2020 - 11:55:44: [randomcycle.smx] RandomCycle has chosen dod_sand_rats_2006 for the nextmap.
L 07/15/2020 - 12:02:37: [mapchooser.smx] Voting for next map has started.
L 07/15/2020 - 12:06:38: [SM] Changed map to "dod_sand_rats_2006"
L 07/15/2020 - 12:06:38: [SM] Changed map to "dod_sand_rats_2006"
L 07/15/2020 - 12:06:40: -------- Mapchange to dod_sand_rats_2006 --------
L 07/15/2020 - 12:06:40: [adminsounds.smx] 62 sounds loaded
L 07/15/2020 - 12:06:42: -------- Mapchange to dod_sand_rats_2006 --------
L 07/15/2020 - 12:06:42: [adminsounds.smx] 62 sounds loaded
L 07/15/2020 - 12:06:47: [randomcycle.smx] RandomCycle has chosen dod_mousekitchen_ed for the nextmap.
L 07/15/2020 - 12:13:40: [mapchooser.smx] Voting for next map has started.
L 07/15/2020 - 12:17:41: [SM] Changed map to "dod_sewer_rats_b1"
L 07/15/2020 - 12:17:41: [SM] Changed map to "dod_sewer_rats_b1"
L 07/15/2020 - 12:17:42: -------- Mapchange to dod_sewer_rats_b1 --------
L 07/15/2020 - 12:17:42: [adminsounds.smx] 62 sounds loaded
L 07/15/2020 - 12:17:44: -------- Mapchange to dod_sewer_rats_b1 --------
L 07/15/2020 - 12:17:44: [adminsounds.smx] 62 sounds loaded
L 07/15/2020 - 12:17:50: [randomcycle.smx] RandomCycle has chosen dod_sucette_v3 for the nextmap.
L 07/15/2020 - 12:24:43: [mapchooser.smx] Voting for next map has started.
L 07/15/2020 - 12:28:44: [SM] Changed map to "dod_monopoly_source"
L 07/15/2020 - 12:28:44: [SM] Changed map to "dod_monopoly_source"
L 07/15/2020 - 12:28:45: -------- Mapchange to dod_monopoly_source --------
L 07/15/2020 - 12:28:45: [adminsounds.smx] 62 sounds loaded
L 07/15/2020 - 12:28:47: -------- Mapchange to dod_monopoly_source --------
L 07/15/2020 - 12:28:47: [adminsounds.smx] 62 sounds loaded
L 07/15/2020 - 12:28:53: [randomcycle.smx] RandomCycle has chosen dod_avalanche@night for the nextmap.
L 07/15/2020 - 12:35:46: [mapchooser.smx] Voting for next map has started.
L 07/15/2020 - 12:39:47: [SM] Changed map to "dod_orange_bridges"
L 07/15/2020 - 12:39:47: [SM] Changed map to "dod_orange_bridges"
L 07/15/2020 - 12:39:48: -------- Mapchange to dod_orange_bridges --------
L 07/15/2020 - 12:39:48: [adminsounds.smx] 62 sounds loaded
L 07/15/2020 - 12:39:50: -------- Mapchange to dod_orange_bridges --------
L 07/15/2020 - 12:39:50: [adminsounds.smx] 62 sounds loaded
L 07/15/2020 - 12:39:55: [randomcycle.smx] RandomCycle has chosen dod_donner for the nextmap.
L 07/15/2020 - 12:46:48: [mapchooser.smx] Voting for next map has started.
L 07/15/2020 - 12:50:49: [SM] Changed map to "dod_bigbunky_v4"
L 07/15/2020 - 12:50:49: [SM] Changed map to "dod_bigbunky_v4"
L 07/15/2020 - 12:50:51: -------- Mapchange to dod_bigbunky_v4 --------
L 07/15/2020 - 12:50:51: [adminsounds.smx] 62 sounds loaded
L 07/15/2020 - 12:50:53: -------- Mapchange to dod_bigbunky_v4 --------
L 07/15/2020 - 12:50:53: [adminsounds.smx] 62 sounds loaded
L 07/15/2020 - 12:50:58: [randomcycle.smx] RandomCycle has chosen dod_deux_chateaux_final for the nextmap.
L 07/15/2020 - 12:57:51: [mapchooser.smx] Voting for next map has started.
L 07/15/2020 - 13:01:52: [SM] Changed map to "dod_murky_p2"
L 07/15/2020 - 13:01:52: [SM] Changed map to "dod_murky_p2"
L 07/15/2020 - 13:01:54: -------- Mapchange to dod_murky_p2 --------
L 07/15/2020 - 13:01:54: [adminsounds.smx] 62 sounds loaded
L 07/15/2020 - 13:01:56: -------- Mapchange to dod_murky_p2 --------
L 07/15/2020 - 13:01:56: [adminsounds.smx] 62 sounds loaded
L 07/15/2020 - 13:02:01: [randomcycle.smx] RandomCycle has chosen dod_flash for the nextmap.
L 07/15/2020 - 13:08:54: [mapchooser.smx] Voting for next map has started.
L 07/15/2020 - 13:12:55: [SM] Changed map to "dod_sewer_rats_b1"
L 07/15/2020 - 13:12:55: [SM] Changed map to "dod_sewer_rats_b1"
L 07/15/2020 - 13:12:57: -------- Mapchange to dod_sewer_rats_b1 --------
L 07/15/2020 - 13:12:57: [adminsounds.smx] 62 sounds loaded
L 07/15/2020 - 13:12:59: -------- Mapchange to dod_sewer_rats_b1 --------
L 07/15/2020 - 13:12:59: [adminsounds.smx] 62 sounds loaded
L 07/15/2020 - 13:13:04: [randomcycle.smx] RandomCycle has chosen dod_rats for the nextmap.
L 07/15/2020 - 13:19:57: [mapchooser.smx] Voting for next map has started.
L 07/15/2020 - 13:23:58: [SM] Changed map to "dod_iceworld_final_[bds]_doc"
L 07/15/2020 - 13:23:58: [SM] Changed map to "dod_iceworld_final_[bds]_doc"
L 07/15/2020 - 13:24:00: -------- Mapchange to dod_iceworld_final_[bds]_doc --------
L 07/15/2020 - 13:24:00: [adminsounds.smx] 62 sounds loaded
L 07/15/2020 - 13:24:01: -------- Mapchange to dod_iceworld_final_[bds]_doc --------
L 07/15/2020 - 13:24:02: [adminsounds.smx] 62 sounds loaded
L 07/15/2020 - 13:24:07: [randomcycle.smx] RandomCycle has chosen dod_bunky2_modified for the nextmap.
L 07/15/2020 - 13:31:00: [mapchooser.smx] Voting for next map has started.
L 07/15/2020 - 13:35:01: [SM] Changed map to "dod_legoland_b2"
L 07/15/2020 - 13:35:01: [SM] Changed map to "dod_legoland_b2"
L 07/15/2020 - 13:35:02: -------- Mapchange to dod_legoland_b2 --------
L 07/15/2020 - 13:35:03: [adminsounds.smx] 62 sounds loaded
L 07/15/2020 - 13:35:05: -------- Mapchange to dod_legoland_b2 --------
L 07/15/2020 - 13:35:05: [adminsounds.smx] 62 sounds loaded
L 07/15/2020 - 13:35:10: [randomcycle.smx] RandomCycle has chosen dod_cdc_rats_rm for the nextmap.
L 07/15/2020 - 13:42:03: [mapchooser.smx] Voting for next map has started.
L 07/15/2020 - 13:46:04: [SM] Changed map to "dod_rats"
L 07/15/2020 - 13:46:04: [SM] Changed map to "dod_rats"
L 07/15/2020 - 13:46:06: -------- Mapchange to dod_rats --------
L 07/15/2020 - 13:46:06: [adminsounds.smx] 62 sounds loaded
L 07/15/2020 - 13:46:08: -------- Mapchange to dod_rats --------
L 07/15/2020 - 13:46:08: [adminsounds.smx] 62 sounds loaded
L 07/15/2020 - 13:46:14: [randomcycle.smx] RandomCycle has chosen sniperzone for the nextmap.
L 07/15/2020 - 13:53:07: [mapchooser.smx] Voting for next map has started.
L 07/15/2020 - 13:57:08: [SM] Changed map to "dod_flash"
L 07/15/2020 - 13:57:08: [SM] Changed map to "dod_flash"
L 07/15/2020 - 13:57:09: -------- Mapchange to dod_flash --------
L 07/15/2020 - 13:57:10: [adminsounds.smx] 62 sounds loaded
L 07/15/2020 - 13:57:12: -------- Mapchange to dod_flash --------
L 07/15/2020 - 13:57:12: [adminsounds.smx] 62 sounds loaded
L 07/15/2020 - 13:57:17: [randomcycle.smx] RandomCycle has chosen mario_air for the nextmap.
L 07/15/2020 - 14:04:10: [mapchooser.smx] Voting for next map has started.
L 07/15/2020 - 14:08:11: [SM] Changed map to "dod_aimap_b1"
L 07/15/2020 - 14:08:11: [SM] Changed map to "dod_aimap_b1"
L 07/15/2020 - 14:08:13: -------- Mapchange to dod_aimap_b1 --------
L 07/15/2020 - 14:08:13: [adminsounds.smx] 62 sounds loaded
L 07/15/2020 - 14:08:15: -------- Mapchange to dod_aimap_b1 --------
L 07/15/2020 - 14:08:15: [adminsounds.smx] 62 sounds loaded
L 07/15/2020 - 14:08:20: [randomcycle.smx] RandomCycle has chosen dod_chocolate_fight_arena for the nextmap.
L 07/15/2020 - 14:15:13: [mapchooser.smx] Voting for next map has started.
L 07/15/2020 - 14:19:14: [SM] Changed map to "dod_orange_castel_evolution"
L 07/15/2020 - 14:19:14: [SM] Changed map to "dod_orange_castel_evolution"
L 07/15/2020 - 14:19:16: -------- Mapchange to dod_orange_castel_evolution --------
L 07/15/2020 - 14:19:16: [adminsounds.smx] 62 sounds loaded
L 07/15/2020 - 14:19:18: -------- Mapchange to dod_orange_castel_evolution --------
L 07/15/2020 - 14:19:18: [adminsounds.smx] 62 sounds loaded
L 07/15/2020 - 14:19:23: [randomcycle.smx] RandomCycle has chosen dod_anzio for the nextmap.
L 07/15/2020 - 14:26:16: [mapchooser.smx] Voting for next map has started.
L 07/15/2020 - 14:30:17: [SM] Changed map to "dod_solitude_rats"
L 07/15/2020 - 14:30:17: [SM] Changed map to "dod_solitude_rats"
L 07/15/2020 - 14:30:19: -------- Mapchange to dod_solitude_rats --------
L 07/15/2020 - 14:30:19: [adminsounds.smx] 62 sounds loaded
L 07/15/2020 - 14:30:21: -------- Mapchange to dod_solitude_rats --------
L 07/15/2020 - 14:30:21: [adminsounds.smx] 62 sounds loaded
L 07/15/2020 - 14:30:27: [randomcycle.smx] RandomCycle has chosen dod_avalanche for the nextmap.
L 07/15/2020 - 14:37:20: [mapchooser.smx] Voting for next map has started.
L 07/15/2020 - 14:41:21: [SM] Changed map to "dod_orange_sniper"
L 07/15/2020 - 14:41:21: [SM] Changed map to "dod_orange_sniper"
L 07/15/2020 - 14:41:22: -------- Mapchange to dod_orange_sniper --------
L 07/15/2020 - 14:41:22: [adminsounds.smx] 62 sounds loaded
L 07/15/2020 - 14:41:24: -------- Mapchange to dod_orange_sniper --------
L 07/15/2020 - 14:41:24: [adminsounds.smx] 62 sounds loaded
L 07/15/2020 - 14:41:30: [randomcycle.smx] RandomCycle has chosen dod_iceworld_final_[bds]_doc for the nextmap.
L 07/15/2020 - 14:48:23: [mapchooser.smx] Voting for next map has started.
L 07/15/2020 - 14:52:24: [SM] Changed map to "cdcmarijuana!"
L 07/15/2020 - 14:52:24: [SM] Changed map to "cdcmarijuana!"
L 07/15/2020 - 14:52:25: -------- Mapchange to cdcmarijuana! --------
L 07/15/2020 - 14:52:25: [adminsounds.smx] 62 sounds loaded
L 07/15/2020 - 14:52:27: -------- Mapchange to cdcmarijuana! --------
L 07/15/2020 - 14:52:27: [adminsounds.smx] 62 sounds loaded
L 07/15/2020 - 14:52:33: [randomcycle.smx] RandomCycle has chosen dod_oasis_v1a for the nextmap.
L 07/15/2020 - 14:59:26: [mapchooser.smx] Voting for next map has started.
L 07/15/2020 - 15:03:27: [SM] Changed map to "dod_orange_bridges"
L 07/15/2020 - 15:03:27: [SM] Changed map to "dod_orange_bridges"
L 07/15/2020 - 15:03:28: -------- Mapchange to dod_orange_bridges --------
L 07/15/2020 - 15:03:28: [adminsounds.smx] 62 sounds loaded
L 07/15/2020 - 15:03:30: -------- Mapchange to dod_orange_bridges --------
L 07/15/2020 - 15:03:30: [adminsounds.smx] 62 sounds loaded
L 07/15/2020 - 15:03:36: [randomcycle.smx] RandomCycle has chosen dod_beer_circus for the nextmap.
L 07/15/2020 - 15:10:29: [mapchooser.smx] Voting for next map has started.
L 07/15/2020 - 15:14:30: [SM] Changed map to "dod_orange_wallhack"
L 07/15/2020 - 15:14:30: [SM] Changed map to "dod_orange_wallhack"
L 07/15/2020 - 15:14:31: -------- Mapchange to dod_orange_wallhack --------
L 07/15/2020 - 15:14:31: [adminsounds.smx] 62 sounds loaded
L 07/15/2020 - 15:14:33: -------- Mapchange to dod_orange_wallhack --------
L 07/15/2020 - 15:14:33: [adminsounds.smx] 62 sounds loaded
L 07/15/2020 - 15:14:39: [randomcycle.smx] RandomCycle has chosen dod_sucette_v3 for the nextmap.
L 07/15/2020 - 15:21:32: [mapchooser.smx] Voting for next map has started.
L 07/15/2020 - 15:25:33: [SM] Changed map to "dod_sniperarena_dgs2"
L 07/15/2020 - 15:25:33: [SM] Changed map to "dod_sniperarena_dgs2"
L 07/15/2020 - 15:25:34: -------- Mapchange to dod_sniperarena_dgs2 --------
L 07/15/2020 - 15:25:34: [adminsounds.smx] 62 sounds loaded
L 07/15/2020 - 15:25:37: -------- Mapchange to dod_sniperarena_dgs2 --------
L 07/15/2020 - 15:25:37: [adminsounds.smx] 62 sounds loaded
L 07/15/2020 - 15:25:42: [randomcycle.smx] RandomCycle has chosen dod_monopoly_source for the nextmap.
L 07/15/2020 - 15:32:35: [mapchooser.smx] Voting for next map has started.
L 07/15/2020 - 15:36:36: [SM] Changed map to "dod_dli_football_b1"
L 07/15/2020 - 15:36:36: [SM] Changed map to "dod_dli_football_b1"
L 07/15/2020 - 15:36:38: -------- Mapchange to dod_dli_football_b1 --------
L 07/15/2020 - 15:36:38: [adminsounds.smx] 62 sounds loaded
L 07/15/2020 - 15:36:40: -------- Mapchange to dod_dli_football_b1 --------
L 07/15/2020 - 15:36:40: [adminsounds.smx] 62 sounds loaded
L 07/15/2020 - 15:36:46: [randomcycle.smx] RandomCycle has chosen dod_sniper_killbox_v2 for the nextmap.
L 07/15/2020 - 15:43:39: [mapchooser.smx] Voting for next map has started.
L 07/15/2020 - 15:47:40: [SM] Changed map to "dod_orange_sniper"
L 07/15/2020 - 15:47:40: [SM] Changed map to "dod_orange_sniper"
L 07/15/2020 - 15:47:41: -------- Mapchange to dod_orange_sniper --------
L 07/15/2020 - 15:47:41: [adminsounds.smx] 62 sounds loaded
L 07/15/2020 - 15:47:43: -------- Mapchange to dod_orange_sniper --------
L 07/15/2020 - 15:47:43: [adminsounds.smx] 62 sounds loaded
L 07/15/2020 - 15:47:49: [randomcycle.smx] RandomCycle has chosen dod_mousekitchen_ed for the nextmap.
L 07/15/2020 - 15:54:42: [mapchooser.smx] Voting for next map has started.
L 07/15/2020 - 15:58:43: [SM] Changed map to "dod_4pyramides"
L 07/15/2020 - 15:58:43: [SM] Changed map to "dod_4pyramides"
L 07/15/2020 - 15:58:44: -------- Mapchange to dod_4pyramides --------
L 07/15/2020 - 15:58:45: [adminsounds.smx] 62 sounds loaded
L 07/15/2020 - 15:58:47: -------- Mapchange to dod_4pyramides --------
L 07/15/2020 - 15:58:47: [adminsounds.smx] 62 sounds loaded
L 07/15/2020 - 15:58:52: [randomcycle.smx] RandomCycle has chosen dod_avalanche@night for the nextmap.
L 07/15/2020 - 16:05:45: [mapchooser.smx] Voting for next map has started.
L 07/15/2020 - 16:09:46: [SM] Changed map to "dod_legoland_b2"
L 07/15/2020 - 16:09:46: [SM] Changed map to "dod_legoland_b2"
L 07/15/2020 - 16:09:48: -------- Mapchange to dod_legoland_b2 --------
L 07/15/2020 - 16:09:48: [adminsounds.smx] 62 sounds loaded
L 07/15/2020 - 16:09:50: -------- Mapchange to dod_legoland_b2 --------
L 07/15/2020 - 16:09:50: [adminsounds.smx] 62 sounds loaded
L 07/15/2020 - 16:09:56: [randomcycle.smx] RandomCycle has chosen dod_bunky2_modified for the nextmap.
L 07/15/2020 - 16:16:49: [mapchooser.smx] Voting for next map has started.
L 07/15/2020 - 16:20:50: [SM] Changed map to "dod_iceworld_final_[bds]_doc"
L 07/15/2020 - 16:20:50: [SM] Changed map to "dod_iceworld_final_[bds]_doc"
L 07/15/2020 - 16:20:51: -------- Mapchange to dod_iceworld_final_[bds]_doc --------
L 07/15/2020 - 16:20:51: [adminsounds.smx] 62 sounds loaded
L 07/15/2020 - 16:20:54: -------- Mapchange to dod_iceworld_final_[bds]_doc --------
L 07/15/2020 - 16:20:54: [adminsounds.smx] 62 sounds loaded
L 07/15/2020 - 16:20:59: [randomcycle.smx] RandomCycle has chosen dod_legoland_b2 for the nextmap.
L 07/15/2020 - 16:27:52: [mapchooser.smx] Voting for next map has started.
L 07/15/2020 - 16:31:53: [SM] Changed map to "babyfight_arena"
L 07/15/2020 - 16:31:53: [SM] Changed map to "babyfight_arena"
L 07/15/2020 - 16:31:55: -------- Mapchange to babyfight_arena --------
L 07/15/2020 - 16:31:55: [adminsounds.smx] 62 sounds loaded
L 07/15/2020 - 16:31:57: -------- Mapchange to babyfight_arena --------
L 07/15/2020 - 16:31:57: [adminsounds.smx] 62 sounds loaded
L 07/15/2020 - 16:32:03: [randomcycle.smx] RandomCycle has chosen dod_dust2_snow_xmas for the nextmap.
L 07/15/2020 - 16:38:56: [mapchooser.smx] Voting for next map has started.
L 07/15/2020 - 16:42:57: [SM] Changed map to "dod_sewer_rats_b1"
L 07/15/2020 - 16:42:57: [SM] Changed map to "dod_sewer_rats_b1"
L 07/15/2020 - 16:42:58: -------- Mapchange to dod_sewer_rats_b1 --------
L 07/15/2020 - 16:42:58: [adminsounds.smx] 62 sounds loaded
L 07/15/2020 - 16:43:01: -------- Mapchange to dod_sewer_rats_b1 --------
L 07/15/2020 - 16:43:01: [adminsounds.smx] 62 sounds loaded
L 07/15/2020 - 16:43:06: [randomcycle.smx] RandomCycle has chosen dod_kalt for the nextmap.
L 07/15/2020 - 16:49:59: [mapchooser.smx] Voting for next map has started.
L 07/15/2020 - 16:54:00: [SM] Changed map to "dod_avalanche"
L 07/15/2020 - 16:54:00: [SM] Changed map to "dod_avalanche"
L 07/15/2020 - 16:54:02: -------- Mapchange to dod_avalanche --------
L 07/15/2020 - 16:54:02: [adminsounds.smx] 62 sounds loaded
L 07/15/2020 - 16:54:05: -------- Mapchange to dod_avalanche --------
L 07/15/2020 - 16:54:05: [adminsounds.smx] 62 sounds loaded
L 07/15/2020 - 16:54:11: [randomcycle.smx] RandomCycle has chosen mario_air for the nextmap.
L 07/15/2020 - 17:01:04: [mapchooser.smx] Voting for next map has started.
L 07/15/2020 - 17:05:05: [SM] Changed map to "sniperzone"
L 07/15/2020 - 17:05:05: [SM] Changed map to "sniperzone"
L 07/15/2020 - 17:05:06: -------- Mapchange to sniperzone --------
L 07/15/2020 - 17:05:06: [adminsounds.smx] 62 sounds loaded
L 07/15/2020 - 17:05:09: -------- Mapchange to sniperzone --------
L 07/15/2020 - 17:05:09: [adminsounds.smx] 62 sounds loaded
L 07/15/2020 - 17:05:14: [randomcycle.smx] RandomCycle has chosen dod_sniper_wars_beta for the nextmap.
L 07/15/2020 - 17:12:07: [mapchooser.smx] Voting for next map has started.
L 07/15/2020 - 17:16:08: [SM] Changed map to "dod_colmar"
L 07/15/2020 - 17:16:08: [SM] Changed map to "dod_colmar"
L 07/15/2020 - 17:16:11: -------- Mapchange to dod_colmar --------
L 07/15/2020 - 17:16:11: [adminsounds.smx] 62 sounds loaded
L 07/15/2020 - 17:16:14: -------- Mapchange to dod_colmar --------
L 07/15/2020 - 17:16:14: [adminsounds.smx] 62 sounds loaded
L 07/15/2020 - 17:16:20: [randomcycle.smx] RandomCycle has chosen dod_football_a for the nextmap.
L 07/15/2020 - 17:23:13: [mapchooser.smx] Voting for next map has started.
L 07/15/2020 - 17:27:14: [SM] Changed map to "dod_deux_chateaux_final"
L 07/15/2020 - 17:27:14: [SM] Changed map to "dod_deux_chateaux_final"
L 07/15/2020 - 17:27:15: -------- Mapchange to dod_deux_chateaux_final --------
L 07/15/2020 - 17:27:15: [adminsounds.smx] 62 sounds loaded
L 07/15/2020 - 17:27:18: -------- Mapchange to dod_deux_chateaux_final --------
L 07/15/2020 - 17:27:18: [adminsounds.smx] 62 sounds loaded
L 07/15/2020 - 17:27:23: [randomcycle.smx] RandomCycle has chosen dod_beer_circus for the nextmap.
L 07/15/2020 - 17:34:16: [mapchooser.smx] Voting for next map has started.
L 07/15/2020 - 17:38:17: [SM] Changed map to "dod_orange_castel_evolution"
L 07/15/2020 - 17:38:17: [SM] Changed map to "dod_orange_castel_evolution"
L 07/15/2020 - 17:38:19: -------- Mapchange to dod_orange_castel_evolution --------
L 07/15/2020 - 17:38:19: [adminsounds.smx] 62 sounds loaded
L 07/15/2020 - 17:38:21: -------- Mapchange to dod_orange_castel_evolution --------
L 07/15/2020 - 17:38:21: [adminsounds.smx] 62 sounds loaded
L 07/15/2020 - 17:38:27: [randomcycle.smx] RandomCycle has chosen acc_labice for the nextmap.
L 07/15/2020 - 17:45:20: [mapchooser.smx] Voting for next map has started.
L 07/15/2020 - 17:49:21: [SM] Changed map to "dod_sewer_rats_b1"
L 07/15/2020 - 17:49:21: [SM] Changed map to "dod_sewer_rats_b1"
L 07/15/2020 - 17:49:23: -------- Mapchange to dod_sewer_rats_b1 --------
L 07/15/2020 - 17:49:23: [adminsounds.smx] 62 sounds loaded
L 07/15/2020 - 17:49:25: -------- Mapchange to dod_sewer_rats_b1 --------
L 07/15/2020 - 17:49:25: [adminsounds.smx] 62 sounds loaded
L 07/15/2020 - 17:49:31: [randomcycle.smx] RandomCycle has chosen babyfight_arena for the nextmap.
L 07/15/2020 - 17:56:24: [mapchooser.smx] Voting for next map has started.
L 07/15/2020 - 18:00:25: [SM] Changed map to "dod_jagd"
L 07/15/2020 - 18:00:25: [SM] Changed map to "dod_jagd"
L 07/15/2020 - 18:00:28: -------- Mapchange to dod_jagd --------
L 07/15/2020 - 18:00:28: [adminsounds.smx] 62 sounds loaded
L 07/15/2020 - 18:00:31: -------- Mapchange to dod_jagd --------
L 07/15/2020 - 18:00:31: [adminsounds.smx] 62 sounds loaded
L 07/15/2020 - 18:00:37: [randomcycle.smx] RandomCycle has chosen dod_fullhouse for the nextmap.
L 07/15/2020 - 18:07:30: [mapchooser.smx] Voting for next map has started.
L 07/15/2020 - 18:11:31: [SM] Changed map to "dod_sniperarena_dgs2"
L 07/15/2020 - 18:11:31: [SM] Changed map to "dod_sniperarena_dgs2"
L 07/15/2020 - 18:11:33: -------- Mapchange to dod_sniperarena_dgs2 --------
L 07/15/2020 - 18:11:33: [adminsounds.smx] 62 sounds loaded
L 07/15/2020 - 18:11:35: -------- Mapchange to dod_sniperarena_dgs2 --------
L 07/15/2020 - 18:11:35: [adminsounds.smx] 62 sounds loaded
L 07/15/2020 - 18:11:41: [randomcycle.smx] RandomCycle has chosen dod_monopoly_source for the nextmap.
L 07/15/2020 - 18:18:34: [mapchooser.smx] Voting for next map has started.
L 07/15/2020 - 18:22:35: [SM] Changed map to "dod_legoland_b2"
L 07/15/2020 - 18:22:35: [SM] Changed map to "dod_legoland_b2"
L 07/15/2020 - 18:22:37: -------- Mapchange to dod_legoland_b2 --------
L 07/15/2020 - 18:22:37: [adminsounds.smx] 62 sounds loaded
L 07/15/2020 - 18:22:39: -------- Mapchange to dod_legoland_b2 --------
L 07/15/2020 - 18:22:39: [adminsounds.smx] 62 sounds loaded
L 07/15/2020 - 18:22:45: [randomcycle.smx] RandomCycle has chosen dod_sniper_killbox_v2 for the nextmap.
L 07/15/2020 - 18:29:38: [mapchooser.smx] Voting for next map has started.
L 07/15/2020 - 18:33:39: [SM] Changed map to "dod_orange_castel_evolution"
L 07/15/2020 - 18:33:39: [SM] Changed map to "dod_orange_castel_evolution"
L 07/15/2020 - 18:33:41: -------- Mapchange to dod_orange_castel_evolution --------
L 07/15/2020 - 18:33:41: [adminsounds.smx] 62 sounds loaded
L 07/15/2020 - 18:33:43: -------- Mapchange to dod_orange_castel_evolution --------
L 07/15/2020 - 18:33:43: [adminsounds.smx] 62 sounds loaded
L 07/15/2020 - 18:33:49: [randomcycle.smx] RandomCycle has chosen dod_orange_sniper for the nextmap.
L 07/15/2020 - 18:40:42: [mapchooser.smx] Voting for next map has started.
L 07/15/2020 - 18:44:43: [SM] Changed map to "dod_orange_sniper"
L 07/15/2020 - 18:44:43: [SM] Changed map to "dod_orange_sniper"
L 07/15/2020 - 18:44:44: -------- Mapchange to dod_orange_sniper --------
L 07/15/2020 - 18:44:44: [adminsounds.smx] 62 sounds loaded
L 07/15/2020 - 18:44:47: -------- Mapchange to dod_orange_sniper --------
L 07/15/2020 - 18:44:47: [adminsounds.smx] 62 sounds loaded
L 07/15/2020 - 18:44:52: [randomcycle.smx] RandomCycle has chosen dod_sewer_rats_b1 for the nextmap.
L 07/15/2020 - 18:51:46: [mapchooser.smx] Voting for next map has started.
L 07/15/2020 - 18:55:46: [SM] Changed map to "dod_sewer_rats_b1"
L 07/15/2020 - 18:55:47: [SM] Changed map to "dod_sewer_rats_b1"
L 07/15/2020 - 18:55:48: -------- Mapchange to dod_sewer_rats_b1 --------
L 07/15/2020 - 18:55:48: [adminsounds.smx] 62 sounds loaded
L 07/15/2020 - 18:55:51: -------- Mapchange to dod_sewer_rats_b1 --------
L 07/15/2020 - 18:55:51: [adminsounds.smx] 62 sounds loaded
L 07/15/2020 - 18:55:57: [randomcycle.smx] RandomCycle has chosen dod_colmar for the nextmap.
L 07/15/2020 - 19:02:50: [mapchooser.smx] Voting for next map has started.
L 07/15/2020 - 19:06:51: [SM] Changed map to "dod_bunky2_modified"
L 07/15/2020 - 19:06:51: [SM] Changed map to "dod_bunky2_modified"
L 07/15/2020 - 19:06:52: -------- Mapchange to dod_bunky2_modified --------
L 07/15/2020 - 19:06:52: [adminsounds.smx] 62 sounds loaded
L 07/15/2020 - 19:06:54: -------- Mapchange to dod_bunky2_modified --------
L 07/15/2020 - 19:06:55: [adminsounds.smx] 62 sounds loaded
L 07/15/2020 - 19:07:00: [randomcycle.smx] RandomCycle has chosen dod_deux_chateaux_final for the nextmap.
L 07/15/2020 - 19:13:53: [mapchooser.smx] Voting for next map has started.
L 07/15/2020 - 19:17:54: [SM] Changed map to "dod_sniper_killbox_v2"
L 07/15/2020 - 19:17:54: [SM] Changed map to "dod_sniper_killbox_v2"
L 07/15/2020 - 19:17:56: -------- Mapchange to dod_sniper_killbox_v2 --------
L 07/15/2020 - 19:17:56: [adminsounds.smx] 62 sounds loaded
L 07/15/2020 - 19:17:58: -------- Mapchange to dod_sniper_killbox_v2 --------
L 07/15/2020 - 19:17:58: [adminsounds.smx] 62 sounds loaded
L 07/15/2020 - 19:18:04: [randomcycle.smx] RandomCycle has chosen dod_donner for the nextmap.
L 07/15/2020 - 19:24:57: [mapchooser.smx] Voting for next map has started.
L 07/15/2020 - 19:28:58: [SM] Changed map to "dod_4pyramides"
L 07/15/2020 - 19:28:58: [SM] Changed map to "dod_4pyramides"
L 07/15/2020 - 19:29:00: -------- Mapchange to dod_4pyramides --------
L 07/15/2020 - 19:29:00: [adminsounds.smx] 62 sounds loaded
L 07/15/2020 - 19:29:03: -------- Mapchange to dod_4pyramides --------
L 07/15/2020 - 19:29:03: [adminsounds.smx] 62 sounds loaded
L 07/15/2020 - 19:29:08: [randomcycle.smx] RandomCycle has chosen dod_rats for the nextmap.
L 07/15/2020 - 19:36:01: [mapchooser.smx] Voting for next map has started.
L 07/15/2020 - 19:40:02: [SM] Changed map to "cdcmarijuana!"
L 07/15/2020 - 19:40:02: [SM] Changed map to "cdcmarijuana!"
L 07/15/2020 - 19:40:04: -------- Mapchange to cdcmarijuana! --------
L 07/15/2020 - 19:40:04: [adminsounds.smx] 62 sounds loaded
L 07/15/2020 - 19:40:06: -------- Mapchange to cdcmarijuana! --------
L 07/15/2020 - 19:40:06: [adminsounds.smx] 62 sounds loaded
L 07/15/2020 - 19:40:12: [randomcycle.smx] RandomCycle has chosen dod_risk_b9 for the nextmap.
L 07/15/2020 - 19:47:05: [mapchooser.smx] Voting for next map has started.
L 07/15/2020 - 19:51:06: [SM] Changed map to "sniperzone"
L 07/15/2020 - 19:51:06: [SM] Changed map to "sniperzone"
L 07/15/2020 - 19:51:08: -------- Mapchange to sniperzone --------
L 07/15/2020 - 19:51:08: [adminsounds.smx] 62 sounds loaded
L 07/15/2020 - 19:51:11: -------- Mapchange to sniperzone --------
L 07/15/2020 - 19:51:11: [adminsounds.smx] 62 sounds loaded
L 07/15/2020 - 19:51:16: [randomcycle.smx] RandomCycle has chosen dod_orange_damier_v2 for the nextmap.
L 07/15/2020 - 19:58:09: [mapchooser.smx] Voting for next map has started.
L 07/15/2020 - 20:02:11: [SM] Changed map to "dod_iceworld_final_[bds]_doc"
L 07/15/2020 - 20:02:11: [SM] Changed map to "dod_iceworld_final_[bds]_doc"
L 07/15/2020 - 20:02:12: -------- Mapchange to dod_iceworld_final_[bds]_doc --------
L 07/15/2020 - 20:02:12: [adminsounds.smx] 62 sounds loaded
L 07/15/2020 - 20:02:14: -------- Mapchange to dod_iceworld_final_[bds]_doc --------
L 07/15/2020 - 20:02:15: [adminsounds.smx] 62 sounds loaded
L 07/15/2020 - 20:02:20: [randomcycle.smx] RandomCycle has chosen dod_mousekitchen_ed for the nextmap.
L 07/15/2020 - 20:09:13: [mapchooser.smx] Voting for next map has started.
L 07/15/2020 - 20:13:14: [SM] Changed map to "dod_avalanche"
L 07/15/2020 - 20:13:14: [SM] Changed map to "dod_avalanche"
L 07/15/2020 - 20:13:16: -------- Mapchange to dod_avalanche --------
L 07/15/2020 - 20:13:17: [adminsounds.smx] 62 sounds loaded
L 07/15/2020 - 20:13:19: -------- Mapchange to dod_avalanche --------
L 07/15/2020 - 20:13:19: [adminsounds.smx] 62 sounds loaded
L 07/15/2020 - 20:13:25: [randomcycle.smx] RandomCycle has chosen dod_flash for the nextmap.
L 07/15/2020 - 20:20:18: [mapchooser.smx] Voting for next map has started.
L 07/15/2020 - 20:24:19: [SM] Changed map to "dod_kalt"
L 07/15/2020 - 20:24:19: [SM] Changed map to "dod_kalt"
L 07/15/2020 - 20:24:21: -------- Mapchange to dod_kalt --------
L 07/15/2020 - 20:24:22: [adminsounds.smx] 62 sounds loaded
L 07/15/2020 - 20:24:24: -------- Mapchange to dod_kalt --------
L 07/15/2020 - 20:24:25: [adminsounds.smx] 62 sounds loaded
L 07/15/2020 - 20:24:30: [randomcycle.smx] RandomCycle has chosen dod_chocolate_fight_arena for the nextmap.
L 07/15/2020 - 20:31:23: [mapchooser.smx] Voting for next map has started.
L 07/15/2020 - 20:35:24: [SM] Changed map to "dod_football_a"
L 07/15/2020 - 20:35:24: [SM] Changed map to "dod_football_a"
L 07/15/2020 - 20:35:26: -------- Mapchange to dod_football_a --------
L 07/15/2020 - 20:35:26: [adminsounds.smx] 62 sounds loaded
L 07/15/2020 - 20:35:29: -------- Mapchange to dod_football_a --------
L 07/15/2020 - 20:35:29: [adminsounds.smx] 62 sounds loaded
L 07/15/2020 - 20:35:35: [randomcycle.smx] RandomCycle has chosen dod_legoland_b2 for the nextmap.
L 07/15/2020 - 20:42:28: [mapchooser.smx] Voting for next map has started.
L 07/15/2020 - 20:46:29: [SM] Changed map to "dod_sand_rats_2006"
L 07/15/2020 - 20:46:29: [SM] Changed map to "dod_sand_rats_2006"
L 07/15/2020 - 20:46:30: -------- Mapchange to dod_sand_rats_2006 --------
L 07/15/2020 - 20:46:31: [adminsounds.smx] 62 sounds loaded
L 07/15/2020 - 20:46:33: -------- Mapchange to dod_sand_rats_2006 --------
L 07/15/2020 - 20:46:33: [adminsounds.smx] 62 sounds loaded
L 07/15/2020 - 20:46:39: [randomcycle.smx] RandomCycle has chosen dod_orange_wallhack for the nextmap.
L 07/15/2020 - 20:53:32: [mapchooser.smx] Voting for next map has started.
L 07/15/2020 - 20:57:33: [SM] Changed map to "dod_argentan"
L 07/15/2020 - 20:57:33: [SM] Changed map to "dod_argentan"
L 07/15/2020 - 20:57:35: -------- Mapchange to dod_argentan --------
L 07/15/2020 - 20:57:36: [adminsounds.smx] 62 sounds loaded
L 07/15/2020 - 20:57:38: -------- Mapchange to dod_argentan --------
L 07/15/2020 - 20:57:39: [adminsounds.smx] 62 sounds loaded
L 07/15/2020 - 20:57:44: [randomcycle.smx] RandomCycle has chosen dod_anzio for the nextmap.
L 07/15/2020 - 21:04:37: [mapchooser.smx] Voting for next map has started.
L 07/15/2020 - 21:08:38: [SM] Changed map to "dod_aimap_b1"
L 07/15/2020 - 21:08:38: [SM] Changed map to "dod_aimap_b1"
L 07/15/2020 - 21:08:40: -------- Mapchange to dod_aimap_b1 --------
L 07/15/2020 - 21:08:40: [adminsounds.smx] 62 sounds loaded
L 07/15/2020 - 21:08:43: -------- Mapchange to dod_aimap_b1 --------
L 07/15/2020 - 21:08:43: [adminsounds.smx] 62 sounds loaded
L 07/15/2020 - 21:08:49: [randomcycle.smx] RandomCycle has chosen dod_deux_chateaux_final for the nextmap.
L 07/15/2020 - 21:15:42: [mapchooser.smx] Voting for next map has started.
L 07/15/2020 - 21:19:43: [SM] Changed map to "acc_labice"
L 07/15/2020 - 21:19:43: [SM] Changed map to "acc_labice"
L 07/15/2020 - 21:19:44: -------- Mapchange to acc_labice --------
L 07/15/2020 - 21:19:44: [adminsounds.smx] 62 sounds loaded
L 07/15/2020 - 21:19:47: -------- Mapchange to acc_labice --------
L 07/15/2020 - 21:19:47: [adminsounds.smx] 62 sounds loaded
L 07/15/2020 - 21:19:53: [randomcycle.smx] RandomCycle has chosen dod_oasis_v1a for the nextmap.
L 07/15/2020 - 21:26:46: [mapchooser.smx] Voting for next map has started.
L 07/15/2020 - 21:30:47: [SM] Changed map to "dod_sewer_rats_b1"
L 07/15/2020 - 21:30:47: [SM] Changed map to "dod_sewer_rats_b1"
L 07/15/2020 - 21:30:49: -------- Mapchange to dod_sewer_rats_b1 --------
L 07/15/2020 - 21:30:49: [adminsounds.smx] 62 sounds loaded
L 07/15/2020 - 21:30:51: -------- Mapchange to dod_sewer_rats_b1 --------
L 07/15/2020 - 21:30:51: [adminsounds.smx] 62 sounds loaded
L 07/15/2020 - 21:30:57: [randomcycle.smx] RandomCycle has chosen dod_bigbunky_v4 for the nextmap.
L 07/15/2020 - 21:37:50: [mapchooser.smx] Voting for next map has started.
L 07/15/2020 - 21:41:51: [SM] Changed map to "dod_chocolate_fight_arena"
L 07/15/2020 - 21:41:51: [SM] Changed map to "dod_chocolate_fight_arena"
L 07/15/2020 - 21:41:53: -------- Mapchange to dod_chocolate_fight_arena --------
L 07/15/2020 - 21:41:53: [adminsounds.smx] 62 sounds loaded
L 07/15/2020 - 21:41:56: -------- Mapchange to dod_chocolate_fight_arena --------
L 07/15/2020 - 21:41:56: [adminsounds.smx] 62 sounds loaded
L 07/15/2020 - 21:42:02: [randomcycle.smx] RandomCycle has chosen dod_risk_b9 for the nextmap.
L 07/15/2020 - 21:48:55: [mapchooser.smx] Voting for next map has started.
L 07/15/2020 - 21:52:56: [SM] Changed map to "dod_kalt"
L 07/15/2020 - 21:52:56: [SM] Changed map to "dod_kalt"
L 07/15/2020 - 21:52:58: -------- Mapchange to dod_kalt --------
L 07/15/2020 - 21:52:58: [adminsounds.smx] 62 sounds loaded
L 07/15/2020 - 21:53:01: -------- Mapchange to dod_kalt --------
L 07/15/2020 - 21:53:01: [adminsounds.smx] 62 sounds loaded
L 07/15/2020 - 21:53:07: [randomcycle.smx] RandomCycle has chosen mario_air for the nextmap.
L 07/15/2020 - 22:00:00: [mapchooser.smx] Voting for next map has started.
L 07/15/2020 - 22:04:01: [SM] Changed map to "dod_monopoly_source"
L 07/15/2020 - 22:04:01: [SM] Changed map to "dod_monopoly_source"
L 07/15/2020 - 22:04:03: -------- Mapchange to dod_monopoly_source --------
L 07/15/2020 - 22:04:03: [adminsounds.smx] 62 sounds loaded
L 07/15/2020 - 22:04:06: -------- Mapchange to dod_monopoly_source --------
L 07/15/2020 - 22:04:06: [adminsounds.smx] 62 sounds loaded
L 07/15/2020 - 22:04:12: [randomcycle.smx] RandomCycle has chosen dod_sniper_wars_beta for the nextmap.
L 07/15/2020 - 22:11:05: [mapchooser.smx] Voting for next map has started.
L 07/15/2020 - 22:15:06: [SM] Changed map to "dod_orange_bridges"
L 07/15/2020 - 22:15:06: [SM] Changed map to "dod_orange_bridges"
L 07/15/2020 - 22:15:07: -------- Mapchange to dod_orange_bridges --------
L 07/15/2020 - 22:15:07: [adminsounds.smx] 62 sounds loaded
L 07/15/2020 - 22:15:10: -------- Mapchange to dod_orange_bridges --------
L 07/15/2020 - 22:15:10: [adminsounds.smx] 62 sounds loaded
L 07/15/2020 - 22:15:16: [randomcycle.smx] RandomCycle has chosen dod_orange_cancrelats for the nextmap.
L 07/15/2020 - 22:22:09: [mapchooser.smx] Voting for next map has started.
L 07/15/2020 - 22:26:10: [SM] Changed map to "dod_fullhouse"
L 07/15/2020 - 22:26:10: [SM] Changed map to "dod_fullhouse"
L 07/15/2020 - 22:26:12: -------- Mapchange to dod_fullhouse --------
L 07/15/2020 - 22:26:12: [adminsounds.smx] 62 sounds loaded
L 07/15/2020 - 22:26:14: -------- Mapchange to dod_fullhouse --------
L 07/15/2020 - 22:26:15: [adminsounds.smx] 62 sounds loaded
L 07/15/2020 - 22:26:20: [randomcycle.smx] RandomCycle has chosen dod_orange_bridges for the nextmap.
L 07/15/2020 - 22:33:13: [mapchooser.smx] Voting for next map has started.
L 07/15/2020 - 22:37:14: [SM] Changed map to "dod_kalt"
L 07/15/2020 - 22:37:14: [SM] Changed map to "dod_kalt"
L 07/15/2020 - 22:37:17: -------- Mapchange to dod_kalt --------
L 07/15/2020 - 22:37:17: [adminsounds.smx] 62 sounds loaded
L 07/15/2020 - 22:37:20: -------- Mapchange to dod_kalt --------
L 07/15/2020 - 22:37:20: [adminsounds.smx] 62 sounds loaded
L 07/15/2020 - 22:37:26: [randomcycle.smx] RandomCycle has chosen sniperzone for the nextmap.
L 07/15/2020 - 22:44:19: [mapchooser.smx] Voting for next map has started.
L 07/15/2020 - 22:48:20: [SM] Changed map to "dod_football_a"
L 07/15/2020 - 22:48:20: [SM] Changed map to "dod_football_a"
L 07/15/2020 - 22:48:22: -------- Mapchange to dod_football_a --------
L 07/15/2020 - 22:48:22: [adminsounds.smx] 62 sounds loaded
L 07/15/2020 - 22:48:25: -------- Mapchange to dod_football_a --------
L 07/15/2020 - 22:48:25: [adminsounds.smx] 62 sounds loaded
L 07/15/2020 - 22:48:31: [randomcycle.smx] RandomCycle has chosen dod_sniperarena_dgs2 for the nextmap.
L 07/15/2020 - 22:55:24: [mapchooser.smx] Voting for next map has started.
L 07/15/2020 - 22:59:25: [SM] Changed map to "dod_chocolate_fight_arena"
L 07/15/2020 - 22:59:25: [SM] Changed map to "dod_chocolate_fight_arena"
L 07/15/2020 - 22:59:26: -------- Mapchange to dod_chocolate_fight_arena --------
L 07/15/2020 - 22:59:26: [adminsounds.smx] 62 sounds loaded
L 07/15/2020 - 22:59:29: -------- Mapchange to dod_chocolate_fight_arena --------
L 07/15/2020 - 22:59:29: [adminsounds.smx] 62 sounds loaded
L 07/15/2020 - 22:59:35: [randomcycle.smx] RandomCycle has chosen dod_cdc_rats_rm for the nextmap.
L 07/15/2020 - 23:06:28: [mapchooser.smx] Voting for next map has started.
L 07/15/2020 - 23:10:29: [SM] Changed map to "dod_orange_cancrelats"
L 07/15/2020 - 23:10:29: [SM] Changed map to "dod_orange_cancrelats"
L 07/15/2020 - 23:10:31: -------- Mapchange to dod_orange_cancrelats --------
L 07/15/2020 - 23:10:31: [adminsounds.smx] 62 sounds loaded
L 07/15/2020 - 23:10:34: -------- Mapchange to dod_orange_cancrelats --------
L 07/15/2020 - 23:10:34: [adminsounds.smx] 62 sounds loaded
L 07/15/2020 - 23:10:40: [randomcycle.smx] RandomCycle has chosen dod_dust2_snow_xmas for the nextmap.
L 07/15/2020 - 23:17:33: [mapchooser.smx] Voting for next map has started.
L 07/15/2020 - 23:21:34: [SM] Changed map to "dod_rats"
L 07/15/2020 - 23:21:34: [SM] Changed map to "dod_rats"
L 07/15/2020 - 23:21:36: -------- Mapchange to dod_rats --------
L 07/15/2020 - 23:21:36: [adminsounds.smx] 62 sounds loaded
L 07/15/2020 - 23:21:39: -------- Mapchange to dod_rats --------
L 07/15/2020 - 23:21:39: [adminsounds.smx] 62 sounds loaded
L 07/15/2020 - 23:21:45: [randomcycle.smx] RandomCycle has chosen dod_jagd for the nextmap.
L 07/15/2020 - 23:28:38: [mapchooser.smx] Voting for next map has started.
L 07/15/2020 - 23:32:39: [SM] Changed map to "dod_flash"
L 07/15/2020 - 23:32:39: [SM] Changed map to "dod_flash"
L 07/15/2020 - 23:32:41: -------- Mapchange to dod_flash --------
L 07/15/2020 - 23:32:41: [adminsounds.smx] 62 sounds loaded
L 07/15/2020 - 23:32:44: -------- Mapchange to dod_flash --------
L 07/15/2020 - 23:32:44: [adminsounds.smx] 62 sounds loaded
L 07/15/2020 - 23:32:50: [randomcycle.smx] RandomCycle has chosen dod_avalanche for the nextmap.
L 07/15/2020 - 23:39:43: [mapchooser.smx] Voting for next map has started.
L 07/15/2020 - 23:43:44: [SM] Changed map to "dod_4pyramides"
L 07/15/2020 - 23:43:44: [SM] Changed map to "dod_4pyramides"
L 07/15/2020 - 23:43:46: -------- Mapchange to dod_4pyramides --------
L 07/15/2020 - 23:43:46: [adminsounds.smx] 62 sounds loaded
L 07/15/2020 - 23:43:49: -------- Mapchange to dod_4pyramides --------
L 07/15/2020 - 23:43:49: [adminsounds.smx] 62 sounds loaded
L 07/15/2020 - 23:43:55: [randomcycle.smx] RandomCycle has chosen dod_oasis_v1a for the nextmap.
L 07/15/2020 - 23:50:48: [mapchooser.smx] Voting for next map has started.
L 07/15/2020 - 23:54:49: [SM] Changed map to "dod_bunky2_modified"
L 07/15/2020 - 23:54:49: [SM] Changed map to "dod_bunky2_modified"
L 07/15/2020 - 23:54:51: -------- Mapchange to dod_bunky2_modified --------
L 07/15/2020 - 23:54:51: [adminsounds.smx] 62 sounds loaded
L 07/15/2020 - 23:54:54: -------- Mapchange to dod_bunky2_modified --------
L 07/15/2020 - 23:54:54: [adminsounds.smx] 62 sounds loaded
L 07/15/2020 - 23:55:00: [randomcycle.smx] RandomCycle has chosen dod_4pyramides for the nextmap.
L 07/16/2020 - 00:01:53: Log file closed.
