L 07/17/2020 - 00:05:12: SourceMod log file session started (file "/home/srvdod/srcds/dod_s/dod/addons/sourcemod/logs/L20200717.log") (Version "1.10.0.6490")
L 07/17/2020 - 00:05:12: [mapchooser.smx] Voting for next map has started.
L 07/17/2020 - 00:07:13: [SM] Changed map to "dod_orange_cancrelats"
L 07/17/2020 - 00:07:13: [SM] Changed map to "dod_orange_cancrelats"
L 07/17/2020 - 00:07:14: -------- Mapchange to dod_orange_cancrelats --------
L 07/17/2020 - 00:07:14: [adminsounds.smx] 62 sounds loaded
L 07/17/2020 - 00:07:14: -------- Mapchange to dod_orange_cancrelats --------
L 07/17/2020 - 00:07:15: [adminsounds.smx] 62 sounds loaded
L 07/17/2020 - 00:16:12: [mapchooser.smx] Voting for next map has started.
L 07/17/2020 - 00:18:13: [SM] Changed map to "dod_dust2_snow_xmas"
L 07/17/2020 - 00:18:13: [SM] Changed map to "dod_dust2_snow_xmas"
L 07/17/2020 - 00:18:14: -------- Mapchange to dod_dust2_snow_xmas --------
L 07/17/2020 - 00:18:15: [adminsounds.smx] 62 sounds loaded
L 07/17/2020 - 00:18:15: -------- Mapchange to dod_dust2_snow_xmas --------
L 07/17/2020 - 00:18:15: [adminsounds.smx] 62 sounds loaded
L 07/17/2020 - 00:27:13: [mapchooser.smx] Voting for next map has started.
L 07/17/2020 - 00:29:14: [SM] Changed map to "dod_bunky2_modified"
L 07/17/2020 - 00:29:14: [SM] Changed map to "dod_bunky2_modified"
L 07/17/2020 - 00:29:15: -------- Mapchange to dod_bunky2_modified --------
L 07/17/2020 - 00:29:15: [adminsounds.smx] 62 sounds loaded
L 07/17/2020 - 00:29:16: -------- Mapchange to dod_bunky2_modified --------
L 07/17/2020 - 00:29:16: [adminsounds.smx] 62 sounds loaded
L 07/17/2020 - 00:38:14: [mapchooser.smx] Voting for next map has started.
L 07/17/2020 - 00:40:15: [SM] Changed map to "dod_jagd"
L 07/17/2020 - 00:40:15: [SM] Changed map to "dod_jagd"
L 07/17/2020 - 00:40:17: -------- Mapchange to dod_jagd --------
L 07/17/2020 - 00:40:17: [adminsounds.smx] 62 sounds loaded
L 07/17/2020 - 00:40:19: -------- Mapchange to dod_jagd --------
L 07/17/2020 - 00:40:19: [adminsounds.smx] 62 sounds loaded
L 07/17/2020 - 00:49:17: [mapchooser.smx] Voting for next map has started.
L 07/17/2020 - 00:51:18: [SM] Changed map to "dod_sniper_wars_beta"
L 07/17/2020 - 00:51:18: [SM] Changed map to "dod_sniper_wars_beta"
L 07/17/2020 - 00:51:19: -------- Mapchange to dod_sniper_wars_beta --------
L 07/17/2020 - 00:51:19: [adminsounds.smx] 62 sounds loaded
L 07/17/2020 - 00:51:20: -------- Mapchange to dod_sniper_wars_beta --------
L 07/17/2020 - 00:51:20: [adminsounds.smx] 62 sounds loaded
L 07/17/2020 - 01:00:18: [mapchooser.smx] Voting for next map has started.
L 07/17/2020 - 01:02:19: [SM] Changed map to "dod_football_a"
L 07/17/2020 - 01:02:19: [SM] Changed map to "dod_football_a"
L 07/17/2020 - 01:02:20: -------- Mapchange to dod_football_a --------
L 07/17/2020 - 01:02:20: [adminsounds.smx] 62 sounds loaded
L 07/17/2020 - 01:02:21: -------- Mapchange to dod_football_a --------
L 07/17/2020 - 01:02:21: [adminsounds.smx] 62 sounds loaded
L 07/17/2020 - 01:11:19: [mapchooser.smx] Voting for next map has started.
L 07/17/2020 - 01:13:20: [SM] Changed map to "dod_kalt"
L 07/17/2020 - 01:13:20: [SM] Changed map to "dod_kalt"
L 07/17/2020 - 01:13:21: -------- Mapchange to dod_kalt --------
L 07/17/2020 - 01:13:21: [adminsounds.smx] 62 sounds loaded
L 07/17/2020 - 01:13:22: -------- Mapchange to dod_kalt --------
L 07/17/2020 - 01:13:23: [adminsounds.smx] 62 sounds loaded
L 07/17/2020 - 01:22:21: [mapchooser.smx] Voting for next map has started.
L 07/17/2020 - 01:24:22: [SM] Changed map to "dod_orange_bridges"
L 07/17/2020 - 01:24:22: [SM] Changed map to "dod_orange_bridges"
L 07/17/2020 - 01:24:22: -------- Mapchange to dod_orange_bridges --------
L 07/17/2020 - 01:24:22: [adminsounds.smx] 62 sounds loaded
L 07/17/2020 - 01:24:23: -------- Mapchange to dod_orange_bridges --------
L 07/17/2020 - 01:24:23: [adminsounds.smx] 62 sounds loaded
L 07/17/2020 - 01:33:21: [mapchooser.smx] Voting for next map has started.
L 07/17/2020 - 01:35:22: [SM] Changed map to "dod_monopoly_source"
L 07/17/2020 - 01:35:22: [SM] Changed map to "dod_monopoly_source"
L 07/17/2020 - 01:35:23: -------- Mapchange to dod_monopoly_source --------
L 07/17/2020 - 01:35:23: [adminsounds.smx] 62 sounds loaded
L 07/17/2020 - 01:35:24: -------- Mapchange to dod_monopoly_source --------
L 07/17/2020 - 01:35:24: [adminsounds.smx] 62 sounds loaded
L 07/17/2020 - 01:44:22: [mapchooser.smx] Voting for next map has started.
L 07/17/2020 - 01:46:23: [SM] Changed map to "dod_4pyramides"
L 07/17/2020 - 01:46:23: [SM] Changed map to "dod_4pyramides"
L 07/17/2020 - 01:46:24: -------- Mapchange to dod_4pyramides --------
L 07/17/2020 - 01:46:24: [adminsounds.smx] 62 sounds loaded
L 07/17/2020 - 01:46:25: -------- Mapchange to dod_4pyramides --------
L 07/17/2020 - 01:46:25: [adminsounds.smx] 62 sounds loaded
L 07/17/2020 - 01:55:23: [mapchooser.smx] Voting for next map has started.
L 07/17/2020 - 01:57:24: [SM] Changed map to "dod_fullhouse"
L 07/17/2020 - 01:57:24: [SM] Changed map to "dod_fullhouse"
L 07/17/2020 - 01:57:25: -------- Mapchange to dod_fullhouse --------
L 07/17/2020 - 01:57:25: [adminsounds.smx] 62 sounds loaded
L 07/17/2020 - 01:57:26: -------- Mapchange to dod_fullhouse --------
L 07/17/2020 - 01:57:26: [adminsounds.smx] 62 sounds loaded
L 07/17/2020 - 02:06:24: [mapchooser.smx] Voting for next map has started.
L 07/17/2020 - 02:08:25: [SM] Changed map to "dod_flash"
L 07/17/2020 - 02:08:25: [SM] Changed map to "dod_flash"
L 07/17/2020 - 02:08:26: -------- Mapchange to dod_flash --------
L 07/17/2020 - 02:08:26: [adminsounds.smx] 62 sounds loaded
L 07/17/2020 - 02:08:27: -------- Mapchange to dod_flash --------
L 07/17/2020 - 02:08:27: [adminsounds.smx] 62 sounds loaded
L 07/17/2020 - 02:17:26: [mapchooser.smx] Voting for next map has started.
L 07/17/2020 - 02:19:27: [SM] Changed map to "dod_mousekitchen_ed"
L 07/17/2020 - 02:19:27: [SM] Changed map to "dod_mousekitchen_ed"
L 07/17/2020 - 02:19:27: -------- Mapchange to dod_mousekitchen_ed --------
L 07/17/2020 - 02:19:27: [adminsounds.smx] 62 sounds loaded
L 07/17/2020 - 02:19:28: -------- Mapchange to dod_mousekitchen_ed --------
L 07/17/2020 - 02:19:29: [adminsounds.smx] 62 sounds loaded
L 07/17/2020 - 02:28:27: [mapchooser.smx] Voting for next map has started.
L 07/17/2020 - 02:30:28: [SM] Changed map to "dod_risk_b9"
L 07/17/2020 - 02:30:28: [SM] Changed map to "dod_risk_b9"
L 07/17/2020 - 02:30:30: -------- Mapchange to dod_risk_b9 --------
L 07/17/2020 - 02:30:30: [adminsounds.smx] 62 sounds loaded
L 07/17/2020 - 02:30:33: -------- Mapchange to dod_risk_b9 --------
L 07/17/2020 - 02:30:33: [adminsounds.smx] 62 sounds loaded
L 07/17/2020 - 02:39:31: [mapchooser.smx] Voting for next map has started.
L 07/17/2020 - 02:41:32: [SM] Changed map to "dod_chocolate_fight_arena"
L 07/17/2020 - 02:41:32: [SM] Changed map to "dod_chocolate_fight_arena"
L 07/17/2020 - 02:41:33: -------- Mapchange to dod_chocolate_fight_arena --------
L 07/17/2020 - 02:41:33: [adminsounds.smx] 62 sounds loaded
L 07/17/2020 - 02:41:34: -------- Mapchange to dod_chocolate_fight_arena --------
L 07/17/2020 - 02:41:34: [adminsounds.smx] 62 sounds loaded
L 07/17/2020 - 02:50:32: [mapchooser.smx] Voting for next map has started.
L 07/17/2020 - 02:52:33: [SM] Changed map to "dod_sniper_killbox_v2"
L 07/17/2020 - 02:52:33: [SM] Changed map to "dod_sniper_killbox_v2"
L 07/17/2020 - 02:52:34: -------- Mapchange to dod_sniper_killbox_v2 --------
L 07/17/2020 - 02:52:34: [adminsounds.smx] 62 sounds loaded
L 07/17/2020 - 02:52:35: -------- Mapchange to dod_sniper_killbox_v2 --------
L 07/17/2020 - 02:52:35: [adminsounds.smx] 62 sounds loaded
L 07/17/2020 - 03:01:33: [mapchooser.smx] Voting for next map has started.
L 07/17/2020 - 03:03:34: [SM] Changed map to "dod_orange_bridges"
L 07/17/2020 - 03:03:34: [SM] Changed map to "dod_orange_bridges"
L 07/17/2020 - 03:03:35: -------- Mapchange to dod_orange_bridges --------
L 07/17/2020 - 03:03:35: [adminsounds.smx] 62 sounds loaded
L 07/17/2020 - 03:03:36: -------- Mapchange to dod_orange_bridges --------
L 07/17/2020 - 03:03:36: [adminsounds.smx] 62 sounds loaded
L 07/17/2020 - 03:12:34: [mapchooser.smx] Voting for next map has started.
L 07/17/2020 - 03:14:35: [SM] Changed map to "dod_sewer_rats_b1"
L 07/17/2020 - 03:14:35: [SM] Changed map to "dod_sewer_rats_b1"
L 07/17/2020 - 03:14:36: -------- Mapchange to dod_sewer_rats_b1 --------
L 07/17/2020 - 03:14:36: [adminsounds.smx] 62 sounds loaded
L 07/17/2020 - 03:14:37: -------- Mapchange to dod_sewer_rats_b1 --------
L 07/17/2020 - 03:14:37: [adminsounds.smx] 62 sounds loaded
L 07/17/2020 - 03:23:35: [mapchooser.smx] Voting for next map has started.
L 07/17/2020 - 03:25:36: [SM] Changed map to "dod_orange_cancrelats"
L 07/17/2020 - 03:25:36: [SM] Changed map to "dod_orange_cancrelats"
L 07/17/2020 - 03:25:37: -------- Mapchange to dod_orange_cancrelats --------
L 07/17/2020 - 03:25:37: [adminsounds.smx] 62 sounds loaded
L 07/17/2020 - 03:25:38: -------- Mapchange to dod_orange_cancrelats --------
L 07/17/2020 - 03:25:38: [adminsounds.smx] 62 sounds loaded
L 07/17/2020 - 03:34:36: [mapchooser.smx] Voting for next map has started.
L 07/17/2020 - 03:36:37: [SM] Changed map to "dod_kalt"
L 07/17/2020 - 03:36:37: [SM] Changed map to "dod_kalt"
L 07/17/2020 - 03:36:39: -------- Mapchange to dod_kalt --------
L 07/17/2020 - 03:36:39: [adminsounds.smx] 62 sounds loaded
L 07/17/2020 - 03:36:40: -------- Mapchange to dod_kalt --------
L 07/17/2020 - 03:36:40: [adminsounds.smx] 62 sounds loaded
L 07/17/2020 - 03:45:38: [mapchooser.smx] Voting for next map has started.
L 07/17/2020 - 03:47:39: [SM] Changed map to "dod_beer_circus"
L 07/17/2020 - 03:47:39: [SM] Changed map to "dod_beer_circus"
L 07/17/2020 - 03:47:48: -------- Mapchange to dod_beer_circus --------
L 07/17/2020 - 03:47:48: [adminsounds.smx] 62 sounds loaded
L 07/17/2020 - 03:47:58: -------- Mapchange to dod_beer_circus --------
L 07/17/2020 - 03:47:58: [adminsounds.smx] 62 sounds loaded
L 07/17/2020 - 03:56:56: [mapchooser.smx] Voting for next map has started.
L 07/17/2020 - 03:58:57: [SM] Changed map to "dod_deux_chateaux_final"
L 07/17/2020 - 03:58:57: [SM] Changed map to "dod_deux_chateaux_final"
L 07/17/2020 - 03:58:58: -------- Mapchange to dod_deux_chateaux_final --------
L 07/17/2020 - 03:58:58: [adminsounds.smx] 62 sounds loaded
L 07/17/2020 - 03:58:59: -------- Mapchange to dod_deux_chateaux_final --------
L 07/17/2020 - 03:58:59: [adminsounds.smx] 62 sounds loaded
L 07/17/2020 - 04:07:57: [mapchooser.smx] Voting for next map has started.
L 07/17/2020 - 04:09:58: [SM] Changed map to "dod_sniper_killbox_v2"
L 07/17/2020 - 04:09:58: [SM] Changed map to "dod_sniper_killbox_v2"
L 07/17/2020 - 04:09:59: -------- Mapchange to dod_sniper_killbox_v2 --------
L 07/17/2020 - 04:09:59: [adminsounds.smx] 62 sounds loaded
L 07/17/2020 - 04:10:00: -------- Mapchange to dod_sniper_killbox_v2 --------
L 07/17/2020 - 04:10:00: [adminsounds.smx] 62 sounds loaded
L 07/17/2020 - 04:18:58: [mapchooser.smx] Voting for next map has started.
L 07/17/2020 - 04:20:59: [SM] Changed map to "dod_jagd"
L 07/17/2020 - 04:20:59: [SM] Changed map to "dod_jagd"
L 07/17/2020 - 04:21:01: -------- Mapchange to dod_jagd --------
L 07/17/2020 - 04:21:02: [adminsounds.smx] 62 sounds loaded
L 07/17/2020 - 04:21:04: -------- Mapchange to dod_jagd --------
L 07/17/2020 - 04:21:04: [adminsounds.smx] 62 sounds loaded
L 07/17/2020 - 04:30:02: [mapchooser.smx] Voting for next map has started.
L 07/17/2020 - 04:32:03: [SM] Changed map to "dod_orange_sniper"
L 07/17/2020 - 04:32:03: [SM] Changed map to "dod_orange_sniper"
L 07/17/2020 - 04:32:04: -------- Mapchange to dod_orange_sniper --------
L 07/17/2020 - 04:32:04: [adminsounds.smx] 62 sounds loaded
L 07/17/2020 - 04:32:05: -------- Mapchange to dod_orange_sniper --------
L 07/17/2020 - 04:32:05: [adminsounds.smx] 62 sounds loaded
L 07/17/2020 - 04:41:03: [mapchooser.smx] Voting for next map has started.
L 07/17/2020 - 04:43:04: [SM] Changed map to "dod_aimap_b1"
L 07/17/2020 - 04:43:04: [SM] Changed map to "dod_aimap_b1"
L 07/17/2020 - 04:43:05: -------- Mapchange to dod_aimap_b1 --------
L 07/17/2020 - 04:43:05: [adminsounds.smx] 62 sounds loaded
L 07/17/2020 - 04:43:06: -------- Mapchange to dod_aimap_b1 --------
L 07/17/2020 - 04:43:06: [adminsounds.smx] 62 sounds loaded
L 07/17/2020 - 04:52:04: [mapchooser.smx] Voting for next map has started.
L 07/17/2020 - 04:54:05: [SM] Changed map to "dod_deux_chateaux_final"
L 07/17/2020 - 04:54:05: [SM] Changed map to "dod_deux_chateaux_final"
L 07/17/2020 - 04:54:06: -------- Mapchange to dod_deux_chateaux_final --------
L 07/17/2020 - 04:54:06: [adminsounds.smx] 62 sounds loaded
L 07/17/2020 - 04:54:08: -------- Mapchange to dod_deux_chateaux_final --------
L 07/17/2020 - 04:54:08: [adminsounds.smx] 62 sounds loaded
L 07/17/2020 - 05:03:06: [mapchooser.smx] Voting for next map has started.
L 07/17/2020 - 05:05:07: [SM] Changed map to "dod_orange_cancrelats"
L 07/17/2020 - 05:05:07: [SM] Changed map to "dod_orange_cancrelats"
L 07/17/2020 - 05:05:08: -------- Mapchange to dod_orange_cancrelats --------
L 07/17/2020 - 05:05:08: [adminsounds.smx] 62 sounds loaded
L 07/17/2020 - 05:05:09: -------- Mapchange to dod_orange_cancrelats --------
L 07/17/2020 - 05:05:09: [adminsounds.smx] 62 sounds loaded
L 07/17/2020 - 05:14:07: [mapchooser.smx] Voting for next map has started.
L 07/17/2020 - 05:16:08: [SM] Changed map to "dod_murky_p2"
L 07/17/2020 - 05:16:08: [SM] Changed map to "dod_murky_p2"
L 07/17/2020 - 05:16:09: -------- Mapchange to dod_murky_p2 --------
L 07/17/2020 - 05:16:09: [adminsounds.smx] 62 sounds loaded
L 07/17/2020 - 05:16:10: -------- Mapchange to dod_murky_p2 --------
L 07/17/2020 - 05:16:11: [adminsounds.smx] 62 sounds loaded
L 07/17/2020 - 05:25:09: [mapchooser.smx] Voting for next map has started.
L 07/17/2020 - 05:27:10: [SM] Changed map to "cdcmarijuana!"
L 07/17/2020 - 05:27:10: [SM] Changed map to "cdcmarijuana!"
L 07/17/2020 - 05:27:11: -------- Mapchange to cdcmarijuana! --------
L 07/17/2020 - 05:27:11: [adminsounds.smx] 62 sounds loaded
L 07/17/2020 - 05:27:12: -------- Mapchange to cdcmarijuana! --------
L 07/17/2020 - 05:27:12: [adminsounds.smx] 62 sounds loaded
L 07/17/2020 - 05:36:10: [mapchooser.smx] Voting for next map has started.
L 07/17/2020 - 05:38:11: [SM] Changed map to "dod_orange_bridges"
L 07/17/2020 - 05:38:11: [SM] Changed map to "dod_orange_bridges"
L 07/17/2020 - 05:38:12: -------- Mapchange to dod_orange_bridges --------
L 07/17/2020 - 05:38:12: [adminsounds.smx] 62 sounds loaded
L 07/17/2020 - 05:38:14: -------- Mapchange to dod_orange_bridges --------
L 07/17/2020 - 05:38:14: [adminsounds.smx] 62 sounds loaded
L 07/17/2020 - 05:47:12: [mapchooser.smx] Voting for next map has started.
L 07/17/2020 - 05:49:13: [SM] Changed map to "dod_mousekitchen_ed"
L 07/17/2020 - 05:49:13: [SM] Changed map to "dod_mousekitchen_ed"
L 07/17/2020 - 05:49:14: -------- Mapchange to dod_mousekitchen_ed --------
L 07/17/2020 - 05:49:14: [adminsounds.smx] 62 sounds loaded
L 07/17/2020 - 05:49:15: -------- Mapchange to dod_mousekitchen_ed --------
L 07/17/2020 - 05:49:15: [adminsounds.smx] 62 sounds loaded
L 07/17/2020 - 05:58:13: [mapchooser.smx] Voting for next map has started.
L 07/17/2020 - 06:00:14: [SM] Changed map to "dod_sniper_wars_beta"
L 07/17/2020 - 06:00:14: [SM] Changed map to "dod_sniper_wars_beta"
L 07/17/2020 - 06:00:15: -------- Mapchange to dod_sniper_wars_beta --------
L 07/17/2020 - 06:00:15: [adminsounds.smx] 62 sounds loaded
L 07/17/2020 - 06:00:17: -------- Mapchange to dod_sniper_wars_beta --------
L 07/17/2020 - 06:00:17: [adminsounds.smx] 62 sounds loaded
L 07/17/2020 - 06:09:15: [mapchooser.smx] Voting for next map has started.
L 07/17/2020 - 06:11:16: [SM] Changed map to "dod_sniperarena_dgs2"
L 07/17/2020 - 06:11:16: [SM] Changed map to "dod_sniperarena_dgs2"
L 07/17/2020 - 06:11:17: -------- Mapchange to dod_sniperarena_dgs2 --------
L 07/17/2020 - 06:11:17: [adminsounds.smx] 62 sounds loaded
L 07/17/2020 - 06:11:18: -------- Mapchange to dod_sniperarena_dgs2 --------
L 07/17/2020 - 06:11:18: [adminsounds.smx] 62 sounds loaded
L 07/17/2020 - 06:20:17: [mapchooser.smx] Voting for next map has started.
L 07/17/2020 - 06:22:18: [SM] Changed map to "dod_argentan"
L 07/17/2020 - 06:22:18: [SM] Changed map to "dod_argentan"
L 07/17/2020 - 06:22:19: -------- Mapchange to dod_argentan --------
L 07/17/2020 - 06:22:19: [adminsounds.smx] 62 sounds loaded
L 07/17/2020 - 06:22:21: -------- Mapchange to dod_argentan --------
L 07/17/2020 - 06:22:21: [adminsounds.smx] 62 sounds loaded
L 07/17/2020 - 06:31:19: [mapchooser.smx] Voting for next map has started.
L 07/17/2020 - 06:33:20: [SM] Changed map to "dod_chocolate_fight_arena"
L 07/17/2020 - 06:33:20: [SM] Changed map to "dod_chocolate_fight_arena"
L 07/17/2020 - 06:33:21: -------- Mapchange to dod_chocolate_fight_arena --------
L 07/17/2020 - 06:33:21: [adminsounds.smx] 62 sounds loaded
L 07/17/2020 - 06:33:23: -------- Mapchange to dod_chocolate_fight_arena --------
L 07/17/2020 - 06:33:23: [adminsounds.smx] 62 sounds loaded
L 07/17/2020 - 06:42:21: [mapchooser.smx] Voting for next map has started.
L 07/17/2020 - 06:44:22: [SM] Changed map to "acc_labice"
L 07/17/2020 - 06:44:22: [SM] Changed map to "acc_labice"
L 07/17/2020 - 06:44:23: -------- Mapchange to acc_labice --------
L 07/17/2020 - 06:44:23: [adminsounds.smx] 62 sounds loaded
L 07/17/2020 - 06:44:24: -------- Mapchange to acc_labice --------
L 07/17/2020 - 06:44:24: [adminsounds.smx] 62 sounds loaded
L 07/17/2020 - 06:53:23: [mapchooser.smx] Voting for next map has started.
L 07/17/2020 - 06:55:24: [SM] Changed map to "dod_orange_bridges"
L 07/17/2020 - 06:55:24: [SM] Changed map to "dod_orange_bridges"
L 07/17/2020 - 06:55:25: -------- Mapchange to dod_orange_bridges --------
L 07/17/2020 - 06:55:25: [adminsounds.smx] 62 sounds loaded
L 07/17/2020 - 06:55:26: -------- Mapchange to dod_orange_bridges --------
L 07/17/2020 - 06:55:26: [adminsounds.smx] 62 sounds loaded
L 07/17/2020 - 07:04:24: [mapchooser.smx] Voting for next map has started.
L 07/17/2020 - 07:06:25: [SM] Changed map to "dod_dli_football_b1"
L 07/17/2020 - 07:06:25: [SM] Changed map to "dod_dli_football_b1"
L 07/17/2020 - 07:06:26: -------- Mapchange to dod_dli_football_b1 --------
L 07/17/2020 - 07:06:26: [adminsounds.smx] 62 sounds loaded
L 07/17/2020 - 07:06:28: -------- Mapchange to dod_dli_football_b1 --------
L 07/17/2020 - 07:06:28: [adminsounds.smx] 62 sounds loaded
L 07/17/2020 - 07:15:26: [mapchooser.smx] Voting for next map has started.
L 07/17/2020 - 07:17:27: [SM] Changed map to "dod_monopoly_source"
L 07/17/2020 - 07:17:27: [SM] Changed map to "dod_monopoly_source"
L 07/17/2020 - 07:17:28: -------- Mapchange to dod_monopoly_source --------
L 07/17/2020 - 07:17:28: [adminsounds.smx] 62 sounds loaded
L 07/17/2020 - 07:17:29: -------- Mapchange to dod_monopoly_source --------
L 07/17/2020 - 07:17:29: [adminsounds.smx] 62 sounds loaded
L 07/17/2020 - 07:26:28: [mapchooser.smx] Voting for next map has started.
L 07/17/2020 - 07:28:29: [SM] Changed map to "dod_murky_p2"
L 07/17/2020 - 07:28:29: [SM] Changed map to "dod_murky_p2"
L 07/17/2020 - 07:28:30: -------- Mapchange to dod_murky_p2 --------
L 07/17/2020 - 07:28:30: [adminsounds.smx] 62 sounds loaded
L 07/17/2020 - 07:28:31: -------- Mapchange to dod_murky_p2 --------
L 07/17/2020 - 07:28:31: [adminsounds.smx] 62 sounds loaded
L 07/17/2020 - 07:37:30: [mapchooser.smx] Voting for next map has started.
L 07/17/2020 - 07:39:31: [SM] Changed map to "sniperzone"
L 07/17/2020 - 07:39:31: [SM] Changed map to "sniperzone"
L 07/17/2020 - 07:39:32: -------- Mapchange to sniperzone --------
L 07/17/2020 - 07:39:32: [adminsounds.smx] 62 sounds loaded
L 07/17/2020 - 07:39:34: -------- Mapchange to sniperzone --------
L 07/17/2020 - 07:39:34: [adminsounds.smx] 62 sounds loaded
L 07/17/2020 - 07:48:32: [mapchooser.smx] Voting for next map has started.
L 07/17/2020 - 07:50:33: [SM] Changed map to "dod_sniper_killbox_v2"
L 07/17/2020 - 07:50:33: [SM] Changed map to "dod_sniper_killbox_v2"
L 07/17/2020 - 07:50:34: -------- Mapchange to dod_sniper_killbox_v2 --------
L 07/17/2020 - 07:50:34: [adminsounds.smx] 62 sounds loaded
L 07/17/2020 - 07:50:36: -------- Mapchange to dod_sniper_killbox_v2 --------
L 07/17/2020 - 07:50:36: [adminsounds.smx] 62 sounds loaded
L 07/17/2020 - 07:59:34: [mapchooser.smx] Voting for next map has started.
L 07/17/2020 - 08:01:35: [SM] Changed map to "dod_bigbunky_v4"
L 07/17/2020 - 08:01:35: [SM] Changed map to "dod_bigbunky_v4"
L 07/17/2020 - 08:01:36: -------- Mapchange to dod_bigbunky_v4 --------
L 07/17/2020 - 08:01:36: [adminsounds.smx] 62 sounds loaded
L 07/17/2020 - 08:01:38: -------- Mapchange to dod_bigbunky_v4 --------
L 07/17/2020 - 08:01:38: [adminsounds.smx] 62 sounds loaded
L 07/17/2020 - 08:10:36: [mapchooser.smx] Voting for next map has started.
L 07/17/2020 - 08:12:37: [SM] Changed map to "dod_monopoly_source"
L 07/17/2020 - 08:12:37: [SM] Changed map to "dod_monopoly_source"
L 07/17/2020 - 08:12:38: -------- Mapchange to dod_monopoly_source --------
L 07/17/2020 - 08:12:38: [adminsounds.smx] 62 sounds loaded
L 07/17/2020 - 08:12:40: -------- Mapchange to dod_monopoly_source --------
L 07/17/2020 - 08:12:40: [adminsounds.smx] 62 sounds loaded
L 07/17/2020 - 08:21:38: [mapchooser.smx] Voting for next map has started.
L 07/17/2020 - 08:23:39: [SM] Changed map to "dod_fullhouse"
L 07/17/2020 - 08:23:39: [SM] Changed map to "dod_fullhouse"
L 07/17/2020 - 08:23:40: -------- Mapchange to dod_fullhouse --------
L 07/17/2020 - 08:23:40: [adminsounds.smx] 62 sounds loaded
L 07/17/2020 - 08:23:42: -------- Mapchange to dod_fullhouse --------
L 07/17/2020 - 08:23:42: [adminsounds.smx] 62 sounds loaded
L 07/17/2020 - 08:32:40: [mapchooser.smx] Voting for next map has started.
L 07/17/2020 - 08:34:41: [SM] Changed map to "acc_labice"
L 07/17/2020 - 08:34:41: [SM] Changed map to "acc_labice"
L 07/17/2020 - 08:34:43: -------- Mapchange to acc_labice --------
L 07/17/2020 - 08:34:43: [adminsounds.smx] 62 sounds loaded
L 07/17/2020 - 08:34:44: -------- Mapchange to acc_labice --------
L 07/17/2020 - 08:34:44: [adminsounds.smx] 62 sounds loaded
L 07/17/2020 - 08:43:42: [mapchooser.smx] Voting for next map has started.
L 07/17/2020 - 08:45:43: [SM] Changed map to "dod_donner"
L 07/17/2020 - 08:45:43: [SM] Changed map to "dod_donner"
L 07/17/2020 - 08:45:45: -------- Mapchange to dod_donner --------
L 07/17/2020 - 08:45:45: [adminsounds.smx] 62 sounds loaded
L 07/17/2020 - 08:45:47: -------- Mapchange to dod_donner --------
L 07/17/2020 - 08:45:47: [adminsounds.smx] 62 sounds loaded
L 07/17/2020 - 08:54:45: [mapchooser.smx] Voting for next map has started.
L 07/17/2020 - 08:56:46: [SM] Changed map to "dod_solitude_rats"
L 07/17/2020 - 08:56:46: [SM] Changed map to "dod_solitude_rats"
L 07/17/2020 - 08:56:48: -------- Mapchange to dod_solitude_rats --------
L 07/17/2020 - 08:56:48: [adminsounds.smx] 62 sounds loaded
L 07/17/2020 - 08:56:49: -------- Mapchange to dod_solitude_rats --------
L 07/17/2020 - 08:56:49: [adminsounds.smx] 62 sounds loaded
L 07/17/2020 - 09:05:47: [mapchooser.smx] Voting for next map has started.
L 07/17/2020 - 09:07:49: [SM] Changed map to "dod_orange_sniper"
L 07/17/2020 - 09:07:49: [SM] Changed map to "dod_orange_sniper"
L 07/17/2020 - 09:07:50: -------- Mapchange to dod_orange_sniper --------
L 07/17/2020 - 09:07:50: [adminsounds.smx] 62 sounds loaded
L 07/17/2020 - 09:07:51: -------- Mapchange to dod_orange_sniper --------
L 07/17/2020 - 09:07:51: [adminsounds.smx] 62 sounds loaded
L 07/17/2020 - 09:16:50: [mapchooser.smx] Voting for next map has started.
L 07/17/2020 - 09:18:51: [SM] Changed map to "dod_dust2_snow_xmas"
L 07/17/2020 - 09:18:51: [SM] Changed map to "dod_dust2_snow_xmas"
L 07/17/2020 - 09:18:52: -------- Mapchange to dod_dust2_snow_xmas --------
L 07/17/2020 - 09:18:52: [adminsounds.smx] 62 sounds loaded
L 07/17/2020 - 09:18:54: -------- Mapchange to dod_dust2_snow_xmas --------
L 07/17/2020 - 09:18:54: [adminsounds.smx] 62 sounds loaded
L 07/17/2020 - 09:27:52: [mapchooser.smx] Voting for next map has started.
L 07/17/2020 - 09:29:53: [SM] Changed map to "dod_cdc_rats_rm"
L 07/17/2020 - 09:29:53: [SM] Changed map to "dod_cdc_rats_rm"
L 07/17/2020 - 09:29:54: -------- Mapchange to dod_cdc_rats_rm --------
L 07/17/2020 - 09:29:54: [adminsounds.smx] 62 sounds loaded
L 07/17/2020 - 09:29:56: -------- Mapchange to dod_cdc_rats_rm --------
L 07/17/2020 - 09:29:56: [adminsounds.smx] 62 sounds loaded
L 07/17/2020 - 09:38:54: [mapchooser.smx] Voting for next map has started.
L 07/17/2020 - 09:40:55: [SM] Changed map to "dod_bigbunky_v4"
L 07/17/2020 - 09:40:55: [SM] Changed map to "dod_bigbunky_v4"
L 07/17/2020 - 09:40:56: -------- Mapchange to dod_bigbunky_v4 --------
L 07/17/2020 - 09:40:56: [adminsounds.smx] 62 sounds loaded
L 07/17/2020 - 09:40:58: -------- Mapchange to dod_bigbunky_v4 --------
L 07/17/2020 - 09:40:58: [adminsounds.smx] 62 sounds loaded
L 07/17/2020 - 09:49:56: [mapchooser.smx] Voting for next map has started.
L 07/17/2020 - 09:51:57: [SM] Changed map to "dod_flash"
L 07/17/2020 - 09:51:57: [SM] Changed map to "dod_flash"
L 07/17/2020 - 09:51:59: -------- Mapchange to dod_flash --------
L 07/17/2020 - 09:51:59: [adminsounds.smx] 62 sounds loaded
L 07/17/2020 - 09:52:01: -------- Mapchange to dod_flash --------
L 07/17/2020 - 09:52:01: [adminsounds.smx] 62 sounds loaded
L 07/17/2020 - 10:00:59: [mapchooser.smx] Voting for next map has started.
L 07/17/2020 - 10:03:00: [SM] Changed map to "dod_sucette_v3"
L 07/17/2020 - 10:03:00: [SM] Changed map to "dod_sucette_v3"
L 07/17/2020 - 10:03:02: -------- Mapchange to dod_sucette_v3 --------
L 07/17/2020 - 10:03:02: [adminsounds.smx] 62 sounds loaded
L 07/17/2020 - 10:03:03: -------- Mapchange to dod_sucette_v3 --------
L 07/17/2020 - 10:03:03: [adminsounds.smx] 62 sounds loaded
L 07/17/2020 - 10:12:02: [mapchooser.smx] Voting for next map has started.
L 07/17/2020 - 10:14:03: [SM] Changed map to "dod_orange_damier_v2"
L 07/17/2020 - 10:14:03: [SM] Changed map to "dod_orange_damier_v2"
L 07/17/2020 - 10:14:04: -------- Mapchange to dod_orange_damier_v2 --------
L 07/17/2020 - 10:14:04: [adminsounds.smx] 62 sounds loaded
L 07/17/2020 - 10:14:06: -------- Mapchange to dod_orange_damier_v2 --------
L 07/17/2020 - 10:14:06: [adminsounds.smx] 62 sounds loaded
L 07/17/2020 - 10:23:04: [mapchooser.smx] Voting for next map has started.
L 07/17/2020 - 10:25:05: [SM] Changed map to "sniperzone"
L 07/17/2020 - 10:25:05: [SM] Changed map to "sniperzone"
L 07/17/2020 - 10:25:06: -------- Mapchange to sniperzone --------
L 07/17/2020 - 10:25:07: [adminsounds.smx] 62 sounds loaded
L 07/17/2020 - 10:25:08: -------- Mapchange to sniperzone --------
L 07/17/2020 - 10:25:08: [adminsounds.smx] 62 sounds loaded
L 07/17/2020 - 10:34:07: [mapchooser.smx] Voting for next map has started.
L 07/17/2020 - 10:36:08: [SM] Changed map to "dod_sewer_rats_b1"
L 07/17/2020 - 10:36:08: [SM] Changed map to "dod_sewer_rats_b1"
L 07/17/2020 - 10:36:09: -------- Mapchange to dod_sewer_rats_b1 --------
L 07/17/2020 - 10:36:09: [adminsounds.smx] 62 sounds loaded
L 07/17/2020 - 10:36:11: -------- Mapchange to dod_sewer_rats_b1 --------
L 07/17/2020 - 10:36:11: [adminsounds.smx] 62 sounds loaded
L 07/17/2020 - 10:45:09: [mapchooser.smx] Voting for next map has started.
L 07/17/2020 - 10:47:10: [SM] Changed map to "dod_solitude_rats"
L 07/17/2020 - 10:47:10: [SM] Changed map to "dod_solitude_rats"
L 07/17/2020 - 10:47:12: -------- Mapchange to dod_solitude_rats --------
L 07/17/2020 - 10:47:12: [adminsounds.smx] 62 sounds loaded
L 07/17/2020 - 10:47:13: -------- Mapchange to dod_solitude_rats --------
L 07/17/2020 - 10:47:13: [adminsounds.smx] 62 sounds loaded
L 07/17/2020 - 10:56:12: [mapchooser.smx] Voting for next map has started.
L 07/17/2020 - 10:58:13: [SM] Changed map to "dod_orange_castel_evolution"
L 07/17/2020 - 10:58:13: [SM] Changed map to "dod_orange_castel_evolution"
L 07/17/2020 - 10:58:14: -------- Mapchange to dod_orange_castel_evolution --------
L 07/17/2020 - 10:58:14: [adminsounds.smx] 62 sounds loaded
L 07/17/2020 - 10:58:16: -------- Mapchange to dod_orange_castel_evolution --------
L 07/17/2020 - 10:58:16: [adminsounds.smx] 62 sounds loaded
L 07/17/2020 - 11:07:14: [mapchooser.smx] Voting for next map has started.
L 07/17/2020 - 11:09:15: [SM] Changed map to "dod_kalt"
L 07/17/2020 - 11:09:15: [SM] Changed map to "dod_kalt"
L 07/17/2020 - 11:09:17: -------- Mapchange to dod_kalt --------
L 07/17/2020 - 11:09:17: [adminsounds.smx] 62 sounds loaded
L 07/17/2020 - 11:09:19: -------- Mapchange to dod_kalt --------
L 07/17/2020 - 11:09:19: [adminsounds.smx] 62 sounds loaded
L 07/17/2020 - 11:18:18: [mapchooser.smx] Voting for next map has started.
L 07/17/2020 - 11:20:19: [SM] Changed map to "dod_legoland_b2"
L 07/17/2020 - 11:20:19: [SM] Changed map to "dod_legoland_b2"
L 07/17/2020 - 11:20:20: -------- Mapchange to dod_legoland_b2 --------
L 07/17/2020 - 11:20:20: [adminsounds.smx] 62 sounds loaded
L 07/17/2020 - 11:20:22: -------- Mapchange to dod_legoland_b2 --------
L 07/17/2020 - 11:20:22: [adminsounds.smx] 62 sounds loaded
L 07/17/2020 - 11:29:20: [mapchooser.smx] Voting for next map has started.
L 07/17/2020 - 11:31:21: [SM] Changed map to "dod_flash"
L 07/17/2020 - 11:31:21: [SM] Changed map to "dod_flash"
L 07/17/2020 - 11:31:23: -------- Mapchange to dod_flash --------
L 07/17/2020 - 11:31:23: [adminsounds.smx] 62 sounds loaded
L 07/17/2020 - 11:31:25: -------- Mapchange to dod_flash --------
L 07/17/2020 - 11:31:25: [adminsounds.smx] 62 sounds loaded
L 07/17/2020 - 11:40:24: [mapchooser.smx] Voting for next map has started.
L 07/17/2020 - 11:42:25: [SM] Changed map to "dod_sniperarena_dgs2"
L 07/17/2020 - 11:42:25: [SM] Changed map to "dod_sniperarena_dgs2"
L 07/17/2020 - 11:42:26: -------- Mapchange to dod_sniperarena_dgs2 --------
L 07/17/2020 - 11:42:26: [adminsounds.smx] 62 sounds loaded
L 07/17/2020 - 11:42:28: -------- Mapchange to dod_sniperarena_dgs2 --------
L 07/17/2020 - 11:42:28: [adminsounds.smx] 62 sounds loaded
L 07/17/2020 - 11:51:26: [mapchooser.smx] Voting for next map has started.
L 07/17/2020 - 11:53:27: [SM] Changed map to "dod_monopoly_source"
L 07/17/2020 - 11:53:27: [SM] Changed map to "dod_monopoly_source"
L 07/17/2020 - 11:53:28: -------- Mapchange to dod_monopoly_source --------
L 07/17/2020 - 11:53:29: [adminsounds.smx] 62 sounds loaded
L 07/17/2020 - 11:53:30: -------- Mapchange to dod_monopoly_source --------
L 07/17/2020 - 11:53:30: [adminsounds.smx] 62 sounds loaded
L 07/17/2020 - 12:02:29: [mapchooser.smx] Voting for next map has started.
L 07/17/2020 - 12:04:30: [SM] Changed map to "dod_solitude_rats"
L 07/17/2020 - 12:04:30: [SM] Changed map to "dod_solitude_rats"
L 07/17/2020 - 12:04:31: -------- Mapchange to dod_solitude_rats --------
L 07/17/2020 - 12:04:31: [adminsounds.smx] 62 sounds loaded
L 07/17/2020 - 12:04:33: -------- Mapchange to dod_solitude_rats --------
L 07/17/2020 - 12:04:33: [adminsounds.smx] 62 sounds loaded
L 07/17/2020 - 12:13:32: [mapchooser.smx] Voting for next map has started.
L 07/17/2020 - 12:15:33: [SM] Changed map to "cdcmarijuana!"
L 07/17/2020 - 12:15:33: [SM] Changed map to "cdcmarijuana!"
L 07/17/2020 - 12:15:34: -------- Mapchange to cdcmarijuana! --------
L 07/17/2020 - 12:15:34: [adminsounds.smx] 62 sounds loaded
L 07/17/2020 - 12:15:36: -------- Mapchange to cdcmarijuana! --------
L 07/17/2020 - 12:15:36: [adminsounds.smx] 62 sounds loaded
L 07/17/2020 - 12:24:34: [mapchooser.smx] Voting for next map has started.
L 07/17/2020 - 12:26:35: [SM] Changed map to "dod_kalt"
L 07/17/2020 - 12:26:35: [SM] Changed map to "dod_kalt"
L 07/17/2020 - 12:26:37: -------- Mapchange to dod_kalt --------
L 07/17/2020 - 12:26:37: [adminsounds.smx] 62 sounds loaded
L 07/17/2020 - 12:26:39: -------- Mapchange to dod_kalt --------
L 07/17/2020 - 12:26:39: [adminsounds.smx] 62 sounds loaded
L 07/17/2020 - 12:35:38: [mapchooser.smx] Voting for next map has started.
L 07/17/2020 - 12:37:39: [SM] Changed map to "dod_colmar"
L 07/17/2020 - 12:37:39: [SM] Changed map to "dod_colmar"
L 07/17/2020 - 12:37:41: -------- Mapchange to dod_colmar --------
L 07/17/2020 - 12:37:41: [adminsounds.smx] 62 sounds loaded
L 07/17/2020 - 12:37:44: -------- Mapchange to dod_colmar --------
L 07/17/2020 - 12:37:44: [adminsounds.smx] 62 sounds loaded
L 07/17/2020 - 12:46:43: [mapchooser.smx] Voting for next map has started.
L 07/17/2020 - 12:48:44: [SM] Changed map to "dod_mousekitchen_ed"
L 07/17/2020 - 12:48:44: [SM] Changed map to "dod_mousekitchen_ed"
L 07/17/2020 - 12:48:45: -------- Mapchange to dod_mousekitchen_ed --------
L 07/17/2020 - 12:48:45: [adminsounds.smx] 62 sounds loaded
L 07/17/2020 - 12:48:47: -------- Mapchange to dod_mousekitchen_ed --------
L 07/17/2020 - 12:48:47: [adminsounds.smx] 62 sounds loaded
L 07/17/2020 - 12:57:45: [mapchooser.smx] Voting for next map has started.
L 07/17/2020 - 12:59:46: [SM] Changed map to "dod_orange_wallhack"
L 07/17/2020 - 12:59:46: [SM] Changed map to "dod_orange_wallhack"
L 07/17/2020 - 12:59:48: -------- Mapchange to dod_orange_wallhack --------
L 07/17/2020 - 12:59:48: [adminsounds.smx] 62 sounds loaded
L 07/17/2020 - 12:59:50: -------- Mapchange to dod_orange_wallhack --------
L 07/17/2020 - 12:59:50: [adminsounds.smx] 62 sounds loaded
L 07/17/2020 - 13:08:48: [mapchooser.smx] Voting for next map has started.
L 07/17/2020 - 13:10:49: [SM] Changed map to "dod_risk_b9"
L 07/17/2020 - 13:10:49: [SM] Changed map to "dod_risk_b9"
L 07/17/2020 - 13:10:52: -------- Mapchange to dod_risk_b9 --------
L 07/17/2020 - 13:10:52: [adminsounds.smx] 62 sounds loaded
L 07/17/2020 - 13:10:56: -------- Mapchange to dod_risk_b9 --------
L 07/17/2020 - 13:10:56: [adminsounds.smx] 62 sounds loaded
L 07/17/2020 - 13:19:54: [mapchooser.smx] Voting for next map has started.
L 07/17/2020 - 13:21:55: [SM] Changed map to "dod_aimap_b1"
L 07/17/2020 - 13:21:55: [SM] Changed map to "dod_aimap_b1"
L 07/17/2020 - 13:21:56: -------- Mapchange to dod_aimap_b1 --------
L 07/17/2020 - 13:21:56: [adminsounds.smx] 62 sounds loaded
L 07/17/2020 - 13:21:58: -------- Mapchange to dod_aimap_b1 --------
L 07/17/2020 - 13:21:58: [adminsounds.smx] 62 sounds loaded
L 07/17/2020 - 13:30:57: [mapchooser.smx] Voting for next map has started.
L 07/17/2020 - 13:32:58: [SM] Changed map to "sniperzone"
L 07/17/2020 - 13:32:58: [SM] Changed map to "sniperzone"
L 07/17/2020 - 13:32:59: -------- Mapchange to sniperzone --------
L 07/17/2020 - 13:33:00: [adminsounds.smx] 62 sounds loaded
L 07/17/2020 - 13:33:02: -------- Mapchange to sniperzone --------
L 07/17/2020 - 13:33:02: [adminsounds.smx] 62 sounds loaded
L 07/17/2020 - 13:42:00: [mapchooser.smx] Voting for next map has started.
L 07/17/2020 - 13:44:01: [SM] Changed map to "babyfight_arena"
L 07/17/2020 - 13:44:01: [SM] Changed map to "babyfight_arena"
L 07/17/2020 - 13:44:03: -------- Mapchange to babyfight_arena --------
L 07/17/2020 - 13:44:03: [adminsounds.smx] 62 sounds loaded
L 07/17/2020 - 13:44:05: -------- Mapchange to babyfight_arena --------
L 07/17/2020 - 13:44:05: [adminsounds.smx] 62 sounds loaded
L 07/17/2020 - 13:53:03: [mapchooser.smx] Voting for next map has started.
L 07/17/2020 - 13:55:04: [SM] Changed map to "dod_risk_b9"
L 07/17/2020 - 13:55:04: [SM] Changed map to "dod_risk_b9"
L 07/17/2020 - 13:55:07: -------- Mapchange to dod_risk_b9 --------
L 07/17/2020 - 13:55:07: [adminsounds.smx] 62 sounds loaded
L 07/17/2020 - 13:55:11: -------- Mapchange to dod_risk_b9 --------
L 07/17/2020 - 13:55:11: [adminsounds.smx] 62 sounds loaded
L 07/17/2020 - 14:04:09: [mapchooser.smx] Voting for next map has started.
L 07/17/2020 - 14:06:10: [SM] Changed map to "dod_deux_chateaux_final"
L 07/17/2020 - 14:06:10: [SM] Changed map to "dod_deux_chateaux_final"
L 07/17/2020 - 14:06:12: -------- Mapchange to dod_deux_chateaux_final --------
L 07/17/2020 - 14:06:12: [adminsounds.smx] 62 sounds loaded
L 07/17/2020 - 14:06:14: -------- Mapchange to dod_deux_chateaux_final --------
L 07/17/2020 - 14:06:14: [adminsounds.smx] 62 sounds loaded
L 07/17/2020 - 14:15:12: [mapchooser.smx] Voting for next map has started.
L 07/17/2020 - 14:17:13: [SM] Changed map to "dod_avalanche"
L 07/17/2020 - 14:17:13: [SM] Changed map to "dod_avalanche"
L 07/17/2020 - 14:17:15: -------- Mapchange to dod_avalanche --------
L 07/17/2020 - 14:17:15: [adminsounds.smx] 62 sounds loaded
L 07/17/2020 - 14:17:17: -------- Mapchange to dod_avalanche --------
L 07/17/2020 - 14:17:18: [adminsounds.smx] 62 sounds loaded
L 07/17/2020 - 14:26:16: [mapchooser.smx] Voting for next map has started.
L 07/17/2020 - 14:28:17: [SM] Changed map to "dod_avalanche@night"
L 07/17/2020 - 14:28:17: [SM] Changed map to "dod_avalanche@night"
L 07/17/2020 - 14:28:19: -------- Mapchange to dod_avalanche@night --------
L 07/17/2020 - 14:28:19: [adminsounds.smx] 62 sounds loaded
L 07/17/2020 - 14:28:21: -------- Mapchange to dod_avalanche@night --------
L 07/17/2020 - 14:28:21: [adminsounds.smx] 62 sounds loaded
L 07/17/2020 - 14:37:20: [mapchooser.smx] Voting for next map has started.
L 07/17/2020 - 14:39:21: [SM] Changed map to "dod_fullhouse"
L 07/17/2020 - 14:39:21: [SM] Changed map to "dod_fullhouse"
L 07/17/2020 - 14:39:22: -------- Mapchange to dod_fullhouse --------
L 07/17/2020 - 14:39:22: [adminsounds.smx] 62 sounds loaded
L 07/17/2020 - 14:39:24: -------- Mapchange to dod_fullhouse --------
L 07/17/2020 - 14:39:24: [adminsounds.smx] 62 sounds loaded
L 07/17/2020 - 14:48:23: [mapchooser.smx] Voting for next map has started.
L 07/17/2020 - 14:50:24: [SM] Changed map to "dod_orange_wallhack"
L 07/17/2020 - 14:50:24: [SM] Changed map to "dod_orange_wallhack"
L 07/17/2020 - 14:50:26: -------- Mapchange to dod_orange_wallhack --------
L 07/17/2020 - 14:50:26: [adminsounds.smx] 62 sounds loaded
L 07/17/2020 - 14:50:28: -------- Mapchange to dod_orange_wallhack --------
L 07/17/2020 - 14:50:28: [adminsounds.smx] 62 sounds loaded
L 07/17/2020 - 14:59:26: [mapchooser.smx] Voting for next map has started.
L 07/17/2020 - 15:01:27: [SM] Changed map to "dod_sand_rats_2006"
L 07/17/2020 - 15:01:27: [SM] Changed map to "dod_sand_rats_2006"
L 07/17/2020 - 15:01:29: -------- Mapchange to dod_sand_rats_2006 --------
L 07/17/2020 - 15:01:29: [adminsounds.smx] 62 sounds loaded
L 07/17/2020 - 15:01:31: -------- Mapchange to dod_sand_rats_2006 --------
L 07/17/2020 - 15:01:31: [adminsounds.smx] 62 sounds loaded
L 07/17/2020 - 15:04:42: SourceMod log file session started (file "/home/srvdod/srcds/dod_s/dod/addons/sourcemod/logs/L20200717.log") (Version "1.10.0.6490")
L 07/17/2020 - 15:04:42: [adminsounds.smx] 62 sounds loaded
L 07/17/2020 - 15:15:19: [mapchooser.smx] Voting for next map has started.
L 07/17/2020 - 15:17:20: [SM] Changed map to "dod_sucette_v3"
L 07/17/2020 - 15:17:20: [SM] Changed map to "dod_sucette_v3"
L 07/17/2020 - 15:17:22: -------- Mapchange to dod_sucette_v3 --------
L 07/17/2020 - 15:17:22: [adminsounds.smx] 62 sounds loaded
L 07/17/2020 - 15:17:24: -------- Mapchange to dod_sucette_v3 --------
L 07/17/2020 - 15:17:24: [adminsounds.smx] 62 sounds loaded
L 07/17/2020 - 15:21:06: SourceMod log file session started (file "/home/srvdod/srcds/dod_s/dod/addons/sourcemod/logs/L20200717.log") (Version "1.10.0.6490")
L 07/17/2020 - 15:21:06: [adminsounds.smx] 62 sounds loaded
L 07/17/2020 - 21:53:05: SourceMod log file session started (file "/home/srvdod/srcds/dod_s/dod/addons/sourcemod/logs/L20200717.log") (Version "1.10.0.6490")
L 07/17/2020 - 21:53:05: [adminsounds.smx] 62 sounds loaded
L 07/17/2020 - 22:02:19: [mapchooser.smx] Voting for next map has started.
L 07/17/2020 - 22:03:25: [SM] Changed map to "dod_football_a"
L 07/17/2020 - 22:03:25: [SM] Changed map to "dod_football_a"
L 07/17/2020 - 22:03:26: -------- Mapchange to dod_football_a --------
L 07/17/2020 - 22:03:26: [adminsounds.smx] 62 sounds loaded
L 07/17/2020 - 22:03:29: -------- Mapchange to dod_football_a --------
L 07/17/2020 - 22:03:29: [adminsounds.smx] 62 sounds loaded
L 07/17/2020 - 22:12:28: [mapchooser.smx] Voting for next map has started.
L 07/17/2020 - 22:13:34: [SM] Changed map to "dod_beer_circus"
L 07/17/2020 - 22:13:34: [SM] Changed map to "dod_beer_circus"
L 07/17/2020 - 22:13:44: -------- Mapchange to dod_beer_circus --------
L 07/17/2020 - 22:13:44: [adminsounds.smx] 62 sounds loaded
L 07/17/2020 - 22:13:55: -------- Mapchange to dod_beer_circus --------
L 07/17/2020 - 22:13:55: [adminsounds.smx] 62 sounds loaded
L 07/17/2020 - 22:22:54: [mapchooser.smx] Voting for next map has started.
L 07/17/2020 - 22:24:00: [SM] Changed map to "dod_orange_bridges"
L 07/17/2020 - 22:24:00: [SM] Changed map to "dod_orange_bridges"
L 07/17/2020 - 22:24:02: -------- Mapchange to dod_orange_bridges --------
L 07/17/2020 - 22:24:02: [adminsounds.smx] 62 sounds loaded
L 07/17/2020 - 22:24:04: -------- Mapchange to dod_orange_bridges --------
L 07/17/2020 - 22:24:04: [adminsounds.smx] 62 sounds loaded
L 07/17/2020 - 22:33:03: [mapchooser.smx] Voting for next map has started.
L 07/17/2020 - 22:34:10: [SM] Changed map to "acc_labice"
L 07/17/2020 - 22:34:10: [SM] Changed map to "acc_labice"
L 07/17/2020 - 22:34:11: -------- Mapchange to acc_labice --------
L 07/17/2020 - 22:34:11: [adminsounds.smx] 62 sounds loaded
L 07/17/2020 - 22:34:14: -------- Mapchange to acc_labice --------
L 07/17/2020 - 22:34:14: [adminsounds.smx] 62 sounds loaded
L 07/17/2020 - 22:43:13: [mapchooser.smx] Voting for next map has started.
L 07/17/2020 - 22:44:19: [SM] Changed map to "dod_dli_football_b1"
L 07/17/2020 - 22:44:19: [SM] Changed map to "dod_dli_football_b1"
L 07/17/2020 - 22:44:21: -------- Mapchange to dod_dli_football_b1 --------
L 07/17/2020 - 22:44:21: [adminsounds.smx] 62 sounds loaded
L 07/17/2020 - 22:44:24: -------- Mapchange to dod_dli_football_b1 --------
L 07/17/2020 - 22:44:24: [adminsounds.smx] 62 sounds loaded
L 07/17/2020 - 22:53:23: [mapchooser.smx] Voting for next map has started.
L 07/17/2020 - 22:54:29: [SM] Changed map to "dod_orange_cancrelats"
L 07/17/2020 - 22:54:29: [SM] Changed map to "dod_orange_cancrelats"
L 07/17/2020 - 22:54:30: -------- Mapchange to dod_orange_cancrelats --------
L 07/17/2020 - 22:54:30: [adminsounds.smx] 62 sounds loaded
L 07/17/2020 - 22:54:33: -------- Mapchange to dod_orange_cancrelats --------
L 07/17/2020 - 22:54:33: [adminsounds.smx] 62 sounds loaded
L 07/17/2020 - 23:03:32: [mapchooser.smx] Voting for next map has started.
L 07/17/2020 - 23:04:38: [SM] Changed map to "dod_kalt"
L 07/17/2020 - 23:04:38: [SM] Changed map to "dod_kalt"
L 07/17/2020 - 23:04:42: -------- Mapchange to dod_kalt --------
L 07/17/2020 - 23:04:43: [adminsounds.smx] 62 sounds loaded
L 07/17/2020 - 23:04:46: -------- Mapchange to dod_kalt --------
L 07/17/2020 - 23:04:46: [adminsounds.smx] 62 sounds loaded
L 07/17/2020 - 23:12:56: [basecommands.smx] "B0UL3T___0N3<8><[U:1:37484034]><>" changed map to "dod_sucette_v3"
L 07/17/2020 - 23:12:59: [SM] Changed map to "dod_sucette_v3"
L 07/17/2020 - 23:13:01: -------- Mapchange to dod_sucette_v3 --------
L 07/17/2020 - 23:13:01: [adminsounds.smx] 62 sounds loaded
L 07/17/2020 - 23:13:07: [randomcycle.smx] RandomCycle has chosen dod_iceworld_final_[bds]_doc for the nextmap.
L 07/17/2020 - 23:22:00: [mapchooser.smx] Voting for next map has started.
L 07/17/2020 - 23:23:07: [SM] Changed map to "cdcmarijuana!"
L 07/17/2020 - 23:23:07: [SM] Changed map to "cdcmarijuana!"
L 07/17/2020 - 23:23:09: -------- Mapchange to cdcmarijuana! --------
L 07/17/2020 - 23:23:09: [adminsounds.smx] 62 sounds loaded
L 07/17/2020 - 23:23:12: -------- Mapchange to cdcmarijuana! --------
L 07/17/2020 - 23:23:12: [adminsounds.smx] 62 sounds loaded
L 07/17/2020 - 23:23:18: [randomcycle.smx] RandomCycle has chosen dod_orange_castel_evolution for the nextmap.
L 07/17/2020 - 23:27:05: [basecommands.smx] "B0UL3T___0N3<10><[U:1:37484034]><>" changed map to "dod_football_a"
L 07/17/2020 - 23:27:08: [SM] Changed map to "dod_football_a"
L 07/17/2020 - 23:27:10: -------- Mapchange to dod_football_a --------
L 07/17/2020 - 23:27:10: [adminsounds.smx] 62 sounds loaded
L 07/17/2020 - 23:27:16: [randomcycle.smx] RandomCycle has chosen dod_jagd for the nextmap.
L 07/17/2020 - 23:28:22: [basecommands.smx] "B0UL3T___0N3<10><[U:1:37484034]><>" changed map to "dod_4pyramides"
L 07/17/2020 - 23:28:25: [SM] Changed map to "dod_4pyramides"
L 07/17/2020 - 23:28:27: -------- Mapchange to dod_4pyramides --------
L 07/17/2020 - 23:28:27: [adminsounds.smx] 62 sounds loaded
L 07/17/2020 - 23:28:33: [randomcycle.smx] RandomCycle has chosen dod_flash for the nextmap.
L 07/17/2020 - 23:37:26: [mapchooser.smx] Voting for next map has started.
L 07/17/2020 - 23:38:32: [SM] Changed map to "dod_iceworld_final_[bds]_doc"
L 07/17/2020 - 23:38:33: [SM] Changed map to "dod_iceworld_final_[bds]_doc"
L 07/17/2020 - 23:38:34: -------- Mapchange to dod_iceworld_final_[bds]_doc --------
L 07/17/2020 - 23:38:34: [adminsounds.smx] 62 sounds loaded
L 07/17/2020 - 23:38:37: -------- Mapchange to dod_iceworld_final_[bds]_doc --------
L 07/17/2020 - 23:38:37: [adminsounds.smx] 62 sounds loaded
L 07/17/2020 - 23:38:43: [randomcycle.smx] RandomCycle has chosen dod_legoland_b2 for the nextmap.
L 07/17/2020 - 23:46:16: [basecommands.smx] "B0UL3T___0N3<11><[U:1:37484034]><>" changed map to "dod_aimap_b1"
L 07/17/2020 - 23:46:19: [SM] Changed map to "dod_aimap_b1"
L 07/17/2020 - 23:46:21: -------- Mapchange to dod_aimap_b1 --------
L 07/17/2020 - 23:46:21: [adminsounds.smx] 62 sounds loaded
L 07/17/2020 - 23:46:27: [randomcycle.smx] RandomCycle has chosen dod_beer_circus for the nextmap.
L 07/17/2020 - 23:55:20: [mapchooser.smx] Voting for next map has started.
L 07/17/2020 - 23:56:26: [SM] Changed map to "dod_anzio"
L 07/17/2020 - 23:56:26: [SM] Changed map to "dod_anzio"
L 07/17/2020 - 23:56:30: -------- Mapchange to dod_anzio --------
L 07/17/2020 - 23:56:30: [adminsounds.smx] 62 sounds loaded
L 07/17/2020 - 23:56:33: -------- Mapchange to dod_anzio --------
L 07/17/2020 - 23:56:33: [adminsounds.smx] 62 sounds loaded
L 07/17/2020 - 23:56:39: [randomcycle.smx] RandomCycle has chosen dod_sniper_wars_beta for the nextmap.
L 07/18/2020 - 00:01:45: Log file closed.
