L 07/18/2020 - 00:01:45: SourceMod log file session started (file "/home/srvdod/srcds/dod_s/dod/addons/sourcemod/logs/L20200718.log") (Version "1.10.0.6490")
L 07/18/2020 - 00:01:45: [basecommands.smx] "B0UL3T___0N3<12><[U:1:37484034]><>" changed map to "acc_labice"
L 07/18/2020 - 00:01:48: [SM] Changed map to "acc_labice"
L 07/18/2020 - 00:01:49: -------- Mapchange to acc_labice --------
L 07/18/2020 - 00:01:49: [adminsounds.smx] 62 sounds loaded
L 07/18/2020 - 00:01:54: [randomcycle.smx] RandomCycle has chosen dod_avalanche for the nextmap.
L 07/18/2020 - 00:10:47: [mapchooser.smx] Voting for next map has started.
L 07/18/2020 - 00:11:54: [SM] Changed map to "dod_football_a"
L 07/18/2020 - 00:11:54: [SM] Changed map to "dod_football_a"
L 07/18/2020 - 00:11:55: -------- Mapchange to dod_football_a --------
L 07/18/2020 - 00:11:55: [adminsounds.smx] 62 sounds loaded
L 07/18/2020 - 00:11:56: -------- Mapchange to dod_football_a --------
L 07/18/2020 - 00:11:56: [adminsounds.smx] 62 sounds loaded
L 07/18/2020 - 00:12:01: [randomcycle.smx] RandomCycle has chosen dod_sewer_rats_b1 for the nextmap.
L 07/18/2020 - 00:20:54: [mapchooser.smx] Voting for next map has started.
L 07/18/2020 - 00:21:16: [SM] Changed map to "dod_sewer_rats_b1"
L 07/18/2020 - 00:21:16: [SM] Changed map to "dod_sewer_rats_b1"
L 07/18/2020 - 00:21:17: -------- Mapchange to dod_sewer_rats_b1 --------
L 07/18/2020 - 00:21:17: [adminsounds.smx] 62 sounds loaded
L 07/18/2020 - 00:21:17: -------- Mapchange to dod_sewer_rats_b1 --------
L 07/18/2020 - 00:21:18: [adminsounds.smx] 62 sounds loaded
L 07/18/2020 - 00:21:23: [randomcycle.smx] RandomCycle has chosen sniperzone for the nextmap.
L 07/18/2020 - 00:30:16: [mapchooser.smx] Voting for next map has started.
L 07/18/2020 - 00:30:21: [mapchooser.smx] Voting for next map has finished. Nextmap: dod_murky_p2.
L 07/18/2020 - 00:31:22: [SM] Changed map to "dod_murky_p2"
L 07/18/2020 - 00:31:22: [SM] Changed map to "dod_murky_p2"
L 07/18/2020 - 00:31:23: -------- Mapchange to dod_murky_p2 --------
L 07/18/2020 - 00:31:23: [adminsounds.smx] 62 sounds loaded
L 07/18/2020 - 00:31:23: -------- Mapchange to dod_murky_p2 --------
L 07/18/2020 - 00:31:23: [adminsounds.smx] 62 sounds loaded
L 07/18/2020 - 00:31:28: [randomcycle.smx] RandomCycle has chosen dod_fullhouse for the nextmap.
L 07/18/2020 - 00:40:22: [mapchooser.smx] Voting for next map has started.
L 07/18/2020 - 00:41:28: [SM] Changed map to "dod_anzio"
L 07/18/2020 - 00:41:28: [SM] Changed map to "dod_anzio"
L 07/18/2020 - 00:41:29: -------- Mapchange to dod_anzio --------
L 07/18/2020 - 00:41:29: [adminsounds.smx] 62 sounds loaded
L 07/18/2020 - 00:41:30: -------- Mapchange to dod_anzio --------
L 07/18/2020 - 00:41:30: [adminsounds.smx] 62 sounds loaded
L 07/18/2020 - 00:41:35: [randomcycle.smx] RandomCycle has chosen dod_mousekitchen_ed for the nextmap.
L 07/18/2020 - 00:50:28: [mapchooser.smx] Voting for next map has started.
L 07/18/2020 - 00:51:34: [SM] Changed map to "dod_chocolate_fight_arena"
L 07/18/2020 - 00:51:34: [SM] Changed map to "dod_chocolate_fight_arena"
L 07/18/2020 - 00:51:35: -------- Mapchange to dod_chocolate_fight_arena --------
L 07/18/2020 - 00:51:35: [adminsounds.smx] 62 sounds loaded
L 07/18/2020 - 00:51:36: -------- Mapchange to dod_chocolate_fight_arena --------
L 07/18/2020 - 00:51:36: [adminsounds.smx] 62 sounds loaded
L 07/18/2020 - 00:51:41: [randomcycle.smx] RandomCycle has chosen dod_orange_wallhack for the nextmap.
L 07/18/2020 - 01:00:34: [mapchooser.smx] Voting for next map has started.
L 07/18/2020 - 01:01:40: [SM] Changed map to "dod_rats"
L 07/18/2020 - 01:01:40: [SM] Changed map to "dod_rats"
L 07/18/2020 - 01:01:41: -------- Mapchange to dod_rats --------
L 07/18/2020 - 01:01:41: [adminsounds.smx] 62 sounds loaded
L 07/18/2020 - 01:01:43: -------- Mapchange to dod_rats --------
L 07/18/2020 - 01:01:43: [adminsounds.smx] 62 sounds loaded
L 07/18/2020 - 01:01:48: [randomcycle.smx] RandomCycle has chosen cdcmarijuana! for the nextmap.
L 07/18/2020 - 01:10:41: [mapchooser.smx] Voting for next map has started.
L 07/18/2020 - 01:11:47: [SM] Changed map to "dod_oasis_v1a"
L 07/18/2020 - 01:11:47: [SM] Changed map to "dod_oasis_v1a"
L 07/18/2020 - 01:11:48: -------- Mapchange to dod_oasis_v1a --------
L 07/18/2020 - 01:11:48: [adminsounds.smx] 62 sounds loaded
L 07/18/2020 - 01:11:49: -------- Mapchange to dod_oasis_v1a --------
L 07/18/2020 - 01:11:49: [adminsounds.smx] 62 sounds loaded
L 07/18/2020 - 01:11:54: [randomcycle.smx] RandomCycle has chosen dod_orange_bridges for the nextmap.
L 07/18/2020 - 01:20:47: [mapchooser.smx] Voting for next map has started.
L 07/18/2020 - 01:21:53: [SM] Changed map to "dod_flash"
L 07/18/2020 - 01:21:53: [SM] Changed map to "dod_flash"
L 07/18/2020 - 01:21:55: -------- Mapchange to dod_flash --------
L 07/18/2020 - 01:21:55: [adminsounds.smx] 62 sounds loaded
L 07/18/2020 - 01:21:56: -------- Mapchange to dod_flash --------
L 07/18/2020 - 01:21:56: [adminsounds.smx] 62 sounds loaded
L 07/18/2020 - 01:22:01: [randomcycle.smx] RandomCycle has chosen dod_orange_sniper for the nextmap.
L 07/18/2020 - 01:30:54: [mapchooser.smx] Voting for next map has started.
L 07/18/2020 - 01:32:00: [SM] Changed map to "dod_aimap_b1"
L 07/18/2020 - 01:32:00: [SM] Changed map to "dod_aimap_b1"
L 07/18/2020 - 01:32:01: -------- Mapchange to dod_aimap_b1 --------
L 07/18/2020 - 01:32:01: [adminsounds.smx] 62 sounds loaded
L 07/18/2020 - 01:32:02: -------- Mapchange to dod_aimap_b1 --------
L 07/18/2020 - 01:32:02: [adminsounds.smx] 62 sounds loaded
L 07/18/2020 - 01:32:07: [randomcycle.smx] RandomCycle has chosen acc_labice for the nextmap.
L 07/18/2020 - 01:41:00: [mapchooser.smx] Voting for next map has started.
L 07/18/2020 - 01:42:06: [SM] Changed map to "mario_air"
L 07/18/2020 - 01:42:06: [SM] Changed map to "mario_air"
L 07/18/2020 - 01:42:07: -------- Mapchange to mario_air --------
L 07/18/2020 - 01:42:07: [adminsounds.smx] 62 sounds loaded
L 07/18/2020 - 01:42:08: -------- Mapchange to mario_air --------
L 07/18/2020 - 01:42:08: [adminsounds.smx] 62 sounds loaded
L 07/18/2020 - 01:42:13: [randomcycle.smx] RandomCycle has chosen dod_solitude_rats for the nextmap.
L 07/18/2020 - 01:51:06: [mapchooser.smx] Voting for next map has started.
L 07/18/2020 - 01:52:12: [SM] Changed map to "dod_risk_b9"
L 07/18/2020 - 01:52:12: [SM] Changed map to "dod_risk_b9"
L 07/18/2020 - 01:52:15: -------- Mapchange to dod_risk_b9 --------
L 07/18/2020 - 01:52:15: [adminsounds.smx] 62 sounds loaded
L 07/18/2020 - 01:52:17: -------- Mapchange to dod_risk_b9 --------
L 07/18/2020 - 01:52:17: [adminsounds.smx] 62 sounds loaded
L 07/18/2020 - 01:52:22: [randomcycle.smx] RandomCycle has chosen babyfight_arena for the nextmap.
L 07/18/2020 - 02:01:15: [mapchooser.smx] Voting for next map has started.
L 07/18/2020 - 02:02:21: [SM] Changed map to "dod_fullhouse"
L 07/18/2020 - 02:02:21: [SM] Changed map to "dod_fullhouse"
L 07/18/2020 - 02:02:22: -------- Mapchange to dod_fullhouse --------
L 07/18/2020 - 02:02:23: [adminsounds.smx] 62 sounds loaded
L 07/18/2020 - 02:02:23: -------- Mapchange to dod_fullhouse --------
L 07/18/2020 - 02:02:23: [adminsounds.smx] 62 sounds loaded
L 07/18/2020 - 02:02:29: [randomcycle.smx] RandomCycle has chosen dod_rats for the nextmap.
L 07/18/2020 - 02:11:22: [mapchooser.smx] Voting for next map has started.
L 07/18/2020 - 02:12:28: [SM] Changed map to "dod_cdc_rats_rm"
L 07/18/2020 - 02:12:28: [SM] Changed map to "dod_cdc_rats_rm"
L 07/18/2020 - 02:12:29: -------- Mapchange to dod_cdc_rats_rm --------
L 07/18/2020 - 02:12:29: [adminsounds.smx] 62 sounds loaded
L 07/18/2020 - 02:12:30: -------- Mapchange to dod_cdc_rats_rm --------
L 07/18/2020 - 02:12:30: [adminsounds.smx] 62 sounds loaded
L 07/18/2020 - 02:12:35: [randomcycle.smx] RandomCycle has chosen dod_risk_b9 for the nextmap.
L 07/18/2020 - 02:21:28: [mapchooser.smx] Voting for next map has started.
L 07/18/2020 - 02:22:34: [SM] Changed map to "dod_monopoly_source"
L 07/18/2020 - 02:22:34: [SM] Changed map to "dod_monopoly_source"
L 07/18/2020 - 02:22:35: -------- Mapchange to dod_monopoly_source --------
L 07/18/2020 - 02:22:35: [adminsounds.smx] 62 sounds loaded
L 07/18/2020 - 02:22:36: -------- Mapchange to dod_monopoly_source --------
L 07/18/2020 - 02:22:36: [adminsounds.smx] 62 sounds loaded
L 07/18/2020 - 02:22:41: [randomcycle.smx] RandomCycle has chosen dod_oasis_v1a for the nextmap.
L 07/18/2020 - 02:31:34: [mapchooser.smx] Voting for next map has started.
L 07/18/2020 - 02:32:40: [SM] Changed map to "dod_argentan"
L 07/18/2020 - 02:32:40: [SM] Changed map to "dod_argentan"
L 07/18/2020 - 02:32:42: -------- Mapchange to dod_argentan --------
L 07/18/2020 - 02:32:42: [adminsounds.smx] 62 sounds loaded
L 07/18/2020 - 02:32:44: -------- Mapchange to dod_argentan --------
L 07/18/2020 - 02:32:44: [adminsounds.smx] 62 sounds loaded
L 07/18/2020 - 02:32:49: [randomcycle.smx] RandomCycle has chosen dod_4pyramides for the nextmap.
L 07/18/2020 - 02:41:42: [mapchooser.smx] Voting for next map has started.
L 07/18/2020 - 02:42:48: [SM] Changed map to "dod_beer_circus"
L 07/18/2020 - 02:42:48: [SM] Changed map to "dod_beer_circus"
L 07/18/2020 - 02:42:57: -------- Mapchange to dod_beer_circus --------
L 07/18/2020 - 02:42:57: [adminsounds.smx] 62 sounds loaded
L 07/18/2020 - 02:43:06: -------- Mapchange to dod_beer_circus --------
L 07/18/2020 - 02:43:06: [adminsounds.smx] 62 sounds loaded
L 07/18/2020 - 02:43:12: [randomcycle.smx] RandomCycle has chosen dod_deux_chateaux_final for the nextmap.
L 07/18/2020 - 02:50:46: SourceMod log file session started (file "/home/srvdod/srcds/dod_s/dod/addons/sourcemod/logs/L20200718.log") (Version "1.10.0.6490")
L 07/18/2020 - 02:50:46: [adminsounds.smx] 62 sounds loaded
L 07/18/2020 - 02:50:51: [randomcycle.smx] RandomCycle has chosen dod_beer_circus for the nextmap.
L 07/18/2020 - 03:00:03: [mapchooser.smx] Voting for next map has started.
L 07/18/2020 - 03:01:09: [SM] Changed map to "babyfight_arena"
L 07/18/2020 - 03:01:09: [SM] Changed map to "babyfight_arena"
L 07/18/2020 - 03:01:10: -------- Mapchange to babyfight_arena --------
L 07/18/2020 - 03:01:10: [adminsounds.smx] 62 sounds loaded
L 07/18/2020 - 03:01:11: -------- Mapchange to babyfight_arena --------
L 07/18/2020 - 03:01:11: [adminsounds.smx] 62 sounds loaded
L 07/18/2020 - 03:01:16: [randomcycle.smx] RandomCycle has chosen dod_donner for the nextmap.
L 07/18/2020 - 03:07:27: [adminsounds.smx] "B0UL3T___0N3<4><[U:1:37484034]><>" launch the sound 1 - "ACDC"
L 07/18/2020 - 03:08:09: [adminsounds.smx] "B0UL3T___0N3<4><[U:1:37484034]><>" launch the sound 1 - "Blade"
L 07/18/2020 - 03:10:09: [mapchooser.smx] Voting for next map has started.
L 07/18/2020 - 03:11:15: [SM] Changed map to "dod_sewer_rats_b1"
L 07/18/2020 - 03:11:15: [SM] Changed map to "dod_sewer_rats_b1"
L 07/18/2020 - 03:11:16: -------- Mapchange to dod_sewer_rats_b1 --------
L 07/18/2020 - 03:11:16: [adminsounds.smx] 62 sounds loaded
L 07/18/2020 - 03:11:17: -------- Mapchange to dod_sewer_rats_b1 --------
L 07/18/2020 - 03:11:17: [adminsounds.smx] 62 sounds loaded
L 07/18/2020 - 03:11:22: [randomcycle.smx] RandomCycle has chosen dod_bigbunky_v4 for the nextmap.
L 07/18/2020 - 03:20:15: [mapchooser.smx] Voting for next map has started.
L 07/18/2020 - 03:21:22: [SM] Changed map to "dod_bunky2_modified"
L 07/18/2020 - 03:21:22: [SM] Changed map to "dod_bunky2_modified"
L 07/18/2020 - 03:21:22: -------- Mapchange to dod_bunky2_modified --------
L 07/18/2020 - 03:21:22: [adminsounds.smx] 62 sounds loaded
L 07/18/2020 - 03:21:23: -------- Mapchange to dod_bunky2_modified --------
L 07/18/2020 - 03:21:24: [adminsounds.smx] 62 sounds loaded
L 07/18/2020 - 03:21:29: [randomcycle.smx] RandomCycle has chosen dod_football_a for the nextmap.
L 07/18/2020 - 03:27:50: [basecommands.smx] "B0UL3T___0N3<6><[U:1:37484034]><>" changed map to "dod_flash"
L 07/18/2020 - 03:27:53: [SM] Changed map to "dod_flash"
L 07/18/2020 - 03:27:54: -------- Mapchange to dod_flash --------
L 07/18/2020 - 03:27:54: [adminsounds.smx] 62 sounds loaded
L 07/18/2020 - 03:27:59: [randomcycle.smx] RandomCycle has chosen dod_bunky2_modified for the nextmap.
L 07/18/2020 - 03:36:30: [funcommands.smx] "B0UL3T___0N3<7><[U:1:37484034]><>" toggled noclip on "B0UL3T___0N3<7><[U:1:37484034]><>"
L 07/18/2020 - 03:36:52: [mapchooser.smx] Voting for next map has started.
L 07/18/2020 - 03:37:06: [mapchooser.smx] Voting for next map has finished. Nextmap: dod_deux_chateaux_final.
L 07/18/2020 - 03:37:20: [funcommands.smx] "B0UL3T___0N3<7><[U:1:37484034]><>" toggled noclip on "B0UL3T___0N3<7><[U:1:37484034]><>"
L 07/18/2020 - 03:37:47: [playercommands.smx] "B0UL3T___0N3<7><[U:1:37484034]><>" renamed "B0UL3T___0N3<7><[U:1:37484034]><>" (to "0TTN_0_30_L3")
L 07/18/2020 - 03:37:58: [SM] Changed map to "dod_deux_chateaux_final"
L 07/18/2020 - 03:37:58: [SM] Changed map to "dod_deux_chateaux_final"
L 07/18/2020 - 03:37:59: -------- Mapchange to dod_deux_chateaux_final --------
L 07/18/2020 - 03:37:59: [adminsounds.smx] 62 sounds loaded
L 07/18/2020 - 03:38:01: -------- Mapchange to dod_deux_chateaux_final --------
L 07/18/2020 - 03:38:01: [adminsounds.smx] 62 sounds loaded
L 07/18/2020 - 03:38:06: [randomcycle.smx] RandomCycle has chosen dod_cdc_rats_rm for the nextmap.
L 07/18/2020 - 03:46:59: [mapchooser.smx] Voting for next map has started.
L 07/18/2020 - 03:48:05: [SM] Changed map to "dod_iceworld_final_[bds]_doc"
L 07/18/2020 - 03:48:05: [SM] Changed map to "dod_iceworld_final_[bds]_doc"
L 07/18/2020 - 03:48:06: -------- Mapchange to dod_iceworld_final_[bds]_doc --------
L 07/18/2020 - 03:48:06: [adminsounds.smx] 62 sounds loaded
L 07/18/2020 - 03:48:07: -------- Mapchange to dod_iceworld_final_[bds]_doc --------
L 07/18/2020 - 03:48:07: [adminsounds.smx] 62 sounds loaded
L 07/18/2020 - 03:48:12: [randomcycle.smx] RandomCycle has chosen dod_sucette_v3 for the nextmap.
L 07/18/2020 - 03:55:11: [basecommands.smx] "B0UL3T___0N3<9><[U:1:37484034]><>" changed map to "babyfight_arena"
L 07/18/2020 - 03:55:14: [SM] Changed map to "babyfight_arena"
L 07/18/2020 - 03:55:15: -------- Mapchange to babyfight_arena --------
L 07/18/2020 - 03:55:15: [adminsounds.smx] 62 sounds loaded
L 07/18/2020 - 03:55:20: [randomcycle.smx] RandomCycle has chosen dod_argentan for the nextmap.
L 07/18/2020 - 04:04:13: [mapchooser.smx] Voting for next map has started.
L 07/18/2020 - 04:04:24: [mapchooser.smx] Voting for next map has finished. Nextmap: dod_football_a.
L 07/18/2020 - 04:05:19: [SM] Changed map to "dod_football_a"
L 07/18/2020 - 04:05:19: [SM] Changed map to "dod_football_a"
L 07/18/2020 - 04:05:20: -------- Mapchange to dod_football_a --------
L 07/18/2020 - 04:05:20: [adminsounds.smx] 62 sounds loaded
L 07/18/2020 - 04:05:21: -------- Mapchange to dod_football_a --------
L 07/18/2020 - 04:05:21: [adminsounds.smx] 62 sounds loaded
L 07/18/2020 - 04:05:26: [randomcycle.smx] RandomCycle has chosen dod_sniper_wars_beta for the nextmap.
L 07/18/2020 - 04:05:50: Log file closed.
L 07/18/2020 - 04:06:05: SourceMod log file session started (file "/home/srvdod/srcds/dod_s/dod/addons/sourcemod/logs/L20200718.log") (Version "1.10.0.6490")
L 07/18/2020 - 04:06:05: [adminsounds.smx] 62 sounds loaded
L 07/18/2020 - 04:06:11: [randomcycle.smx] RandomCycle has chosen sniperzone for the nextmap.
L 07/18/2020 - 10:08:04: [mapchooser.smx] Voting for next map has started.
L 07/18/2020 - 10:09:10: [SM] Changed map to "dod_football_a"
L 07/18/2020 - 10:09:10: [SM] Changed map to "dod_football_a"
L 07/18/2020 - 10:09:11: -------- Mapchange to dod_football_a --------
L 07/18/2020 - 10:09:11: [adminsounds.smx] 62 sounds loaded
L 07/18/2020 - 10:09:12: -------- Mapchange to dod_football_a --------
L 07/18/2020 - 10:09:12: [adminsounds.smx] 62 sounds loaded
L 07/18/2020 - 10:09:17: [randomcycle.smx] RandomCycle has chosen dod_orange_damier_v2 for the nextmap.
L 07/18/2020 - 10:18:10: [mapchooser.smx] Voting for next map has started.
L 07/18/2020 - 10:19:16: [SM] Changed map to "acc_labice"
L 07/18/2020 - 10:19:16: [SM] Changed map to "acc_labice"
L 07/18/2020 - 10:19:17: -------- Mapchange to acc_labice --------
L 07/18/2020 - 10:19:17: [adminsounds.smx] 62 sounds loaded
L 07/18/2020 - 10:19:18: -------- Mapchange to acc_labice --------
L 07/18/2020 - 10:19:19: [adminsounds.smx] 62 sounds loaded
L 07/18/2020 - 10:19:24: [randomcycle.smx] RandomCycle has chosen dod_orange_sniper for the nextmap.
L 07/18/2020 - 10:25:00: SourceMod log file session started (file "/home/srvdod/srcds/dod_s/dod/addons/sourcemod/logs/L20200718.log") (Version "1.10.0.6490")
L 07/18/2020 - 10:25:00: [adminsounds.smx] 62 sounds loaded
L 07/18/2020 - 10:25:05: [randomcycle.smx] RandomCycle has chosen dod_mousekitchen_ed for the nextmap.
L 07/18/2020 - 10:33:31: [basecommands.smx] "B0UL3T___0N3<2><[U:1:37484034]><>" changed map to "dod_risk_b9"
L 07/18/2020 - 10:33:34: [SM] Changed map to "dod_risk_b9"
L 07/18/2020 - 10:33:36: -------- Mapchange to dod_risk_b9 --------
L 07/18/2020 - 10:33:36: [adminsounds.smx] 62 sounds loaded
L 07/18/2020 - 10:33:42: [randomcycle.smx] RandomCycle has chosen dod_football_a for the nextmap.
L 07/18/2020 - 10:42:35: [mapchooser.smx] Voting for next map has started.
L 07/18/2020 - 10:43:41: [SM] Changed map to "dod_bigbunky_v4"
L 07/18/2020 - 10:43:41: [SM] Changed map to "dod_bigbunky_v4"
L 07/18/2020 - 10:43:42: -------- Mapchange to dod_bigbunky_v4 --------
L 07/18/2020 - 10:43:42: [adminsounds.smx] 62 sounds loaded
L 07/18/2020 - 10:43:43: -------- Mapchange to dod_bigbunky_v4 --------
L 07/18/2020 - 10:43:43: [adminsounds.smx] 62 sounds loaded
L 07/18/2020 - 10:43:48: [randomcycle.smx] RandomCycle has chosen dod_sniperarena_dgs2 for the nextmap.
L 07/18/2020 - 10:52:41: [mapchooser.smx] Voting for next map has started.
L 07/18/2020 - 10:53:48: [SM] Changed map to "dod_orange_wallhack"
L 07/18/2020 - 10:53:48: [SM] Changed map to "dod_orange_wallhack"
L 07/18/2020 - 10:53:49: -------- Mapchange to dod_orange_wallhack --------
L 07/18/2020 - 10:53:49: [adminsounds.smx] 62 sounds loaded
L 07/18/2020 - 10:53:50: -------- Mapchange to dod_orange_wallhack --------
L 07/18/2020 - 10:53:50: [adminsounds.smx] 62 sounds loaded
L 07/18/2020 - 10:53:55: [randomcycle.smx] RandomCycle has chosen dod_jagd for the nextmap.
L 07/18/2020 - 11:02:48: [mapchooser.smx] Voting for next map has started.
L 07/18/2020 - 11:03:17: [basecommands.smx] "B0UL3T___0N3<4><[U:1:37484034]><>" changed map to "dod_bigbunky_v4"
L 07/18/2020 - 11:03:20: [SM] Changed map to "dod_bigbunky_v4"
L 07/18/2020 - 11:03:21: -------- Mapchange to dod_bigbunky_v4 --------
L 07/18/2020 - 11:03:21: [adminsounds.smx] 62 sounds loaded
L 07/18/2020 - 11:03:26: [randomcycle.smx] RandomCycle has chosen dod_fullhouse for the nextmap.
L 07/18/2020 - 11:04:53: Log file closed.
L 07/18/2020 - 11:09:20: SourceMod log file session started (file "/home/srvdod/srcds/dod_s/dod/addons/sourcemod/logs/L20200718.log") (Version "1.10.0.6490")
L 07/18/2020 - 11:09:20: [adminsounds.smx] 62 sounds loaded
L 07/18/2020 - 11:09:26: [randomcycle.smx] RandomCycle has chosen dod_solitude_rats for the nextmap.
L 07/18/2020 - 11:15:59: SourceMod log file session started (file "/home/srvdod/srcds/dod_s/dod/addons/sourcemod/logs/L20200718.log") (Version "1.10.0.6490")
L 07/18/2020 - 11:15:59: [adminsounds.smx] 62 sounds loaded
L 07/18/2020 - 11:16:05: [randomcycle.smx] RandomCycle has chosen dod_fullhouse for the nextmap.
L 07/18/2020 - 11:28:41: Log file closed.
L 07/18/2020 - 11:28:50: SourceMod log file session started (file "/home/srvdod/srcds/dod_s/dod/addons/sourcemod/logs/L20200718.log") (Version "1.10.0.6490")
L 07/18/2020 - 11:28:50: [adminsounds.smx] 63 sounds loaded
L 07/18/2020 - 11:28:55: [randomcycle.smx] RandomCycle has chosen dod_orange_cancrelats for the nextmap.
L 07/18/2020 - 11:36:04: Log file closed.
L 07/18/2020 - 11:36:12: SourceMod log file session started (file "/home/srvdod/srcds/dod_s/dod/addons/sourcemod/logs/L20200718.log") (Version "1.10.0.6490")
L 07/18/2020 - 11:36:12: [adminsounds.smx] 63 sounds loaded
L 07/18/2020 - 11:36:17: [randomcycle.smx] RandomCycle has chosen dod_bunky2_modified for the nextmap.
L 07/18/2020 - 11:45:24: [mapchooser.smx] Voting for next map has started.
L 07/18/2020 - 11:46:30: [SM] Changed map to "dod_cdc_rats_rm"
L 07/18/2020 - 11:46:30: [SM] Changed map to "dod_cdc_rats_rm"
L 07/18/2020 - 11:46:31: -------- Mapchange to dod_cdc_rats_rm --------
L 07/18/2020 - 11:46:32: [adminsounds.smx] 63 sounds loaded
L 07/18/2020 - 11:46:33: -------- Mapchange to dod_cdc_rats_rm --------
L 07/18/2020 - 11:46:33: [adminsounds.smx] 63 sounds loaded
L 07/18/2020 - 11:46:38: [randomcycle.smx] RandomCycle has chosen dod_orange_sniper for the nextmap.
L 07/18/2020 - 11:55:31: [mapchooser.smx] Voting for next map has started.
L 07/18/2020 - 11:56:37: [SM] Changed map to "dod_orange_damier_v2"
L 07/18/2020 - 11:56:37: [SM] Changed map to "dod_orange_damier_v2"
L 07/18/2020 - 11:56:38: -------- Mapchange to dod_orange_damier_v2 --------
L 07/18/2020 - 11:56:38: [adminsounds.smx] 63 sounds loaded
L 07/18/2020 - 11:56:39: -------- Mapchange to dod_orange_damier_v2 --------
L 07/18/2020 - 11:56:40: [adminsounds.smx] 63 sounds loaded
L 07/18/2020 - 11:56:45: [randomcycle.smx] RandomCycle has chosen dod_avalanche for the nextmap.
L 07/18/2020 - 12:05:38: [mapchooser.smx] Voting for next map has started.
L 07/18/2020 - 12:06:08: [mapchooser.smx] Voting for next map has finished. Nextmap: acc_labice.
L 07/18/2020 - 12:06:44: [SM] Changed map to "acc_labice"
L 07/18/2020 - 12:06:44: [SM] Changed map to "acc_labice"
L 07/18/2020 - 12:06:45: -------- Mapchange to acc_labice --------
L 07/18/2020 - 12:06:45: [adminsounds.smx] 63 sounds loaded
L 07/18/2020 - 12:06:46: -------- Mapchange to acc_labice --------
L 07/18/2020 - 12:06:46: [adminsounds.smx] 63 sounds loaded
L 07/18/2020 - 12:06:51: [randomcycle.smx] RandomCycle has chosen dod_murky_p2 for the nextmap.
L 07/18/2020 - 12:15:44: [mapchooser.smx] Voting for next map has started.
L 07/18/2020 - 12:16:51: [SM] Changed map to "dod_donner"
L 07/18/2020 - 12:16:51: [SM] Changed map to "dod_donner"
L 07/18/2020 - 12:16:53: -------- Mapchange to dod_donner --------
L 07/18/2020 - 12:16:53: [adminsounds.smx] 63 sounds loaded
L 07/18/2020 - 12:16:55: -------- Mapchange to dod_donner --------
L 07/18/2020 - 12:16:55: [adminsounds.smx] 63 sounds loaded
L 07/18/2020 - 12:17:00: [randomcycle.smx] RandomCycle has chosen dod_sucette_v3 for the nextmap.
L 07/18/2020 - 12:25:53: [mapchooser.smx] Voting for next map has started.
L 07/18/2020 - 12:26:59: [SM] Changed map to "dod_avalanche@night"
L 07/18/2020 - 12:26:59: [SM] Changed map to "dod_avalanche@night"
L 07/18/2020 - 12:27:00: -------- Mapchange to dod_avalanche@night --------
L 07/18/2020 - 12:27:00: [adminsounds.smx] 63 sounds loaded
L 07/18/2020 - 12:27:02: -------- Mapchange to dod_avalanche@night --------
L 07/18/2020 - 12:27:02: [adminsounds.smx] 63 sounds loaded
L 07/18/2020 - 12:27:07: [randomcycle.smx] RandomCycle has chosen dod_donner for the nextmap.
L 07/18/2020 - 12:32:54: Log file closed.
L 07/18/2020 - 12:33:05: SourceMod log file session started (file "/home/srvdod/srcds/dod_s/dod/addons/sourcemod/logs/L20200718.log") (Version "1.10.0.6490")
L 07/18/2020 - 12:33:05: [adminsounds.smx] 63 sounds loaded
L 07/18/2020 - 12:33:09: SourceMod log file session started (file "/home/srvdod/srcds/dod_s/dod/addons/sourcemod/logs/L20200718.log") (Version "1.10.0.6490")
L 07/18/2020 - 12:33:09: [adminsounds.smx] 63 sounds loaded
L 07/18/2020 - 12:33:11: [randomcycle.smx] RandomCycle has chosen dod_kalt for the nextmap.
L 07/18/2020 - 12:33:14: [randomcycle.smx] RandomCycle has chosen dod_colmar for the nextmap.
L 07/18/2020 - 12:42:16: [mapchooser.smx] Voting for next map has started.
L 07/18/2020 - 12:42:19: [mapchooser.smx] Voting for next map has finished. Nextmap: dod_football_a.
L 07/18/2020 - 12:43:22: [SM] Changed map to "dod_football_a"
L 07/18/2020 - 12:43:22: [SM] Changed map to "dod_football_a"
L 07/18/2020 - 12:43:23: -------- Mapchange to dod_football_a --------
L 07/18/2020 - 12:43:23: [adminsounds.smx] 63 sounds loaded
L 07/18/2020 - 12:43:25: -------- Mapchange to dod_football_a --------
L 07/18/2020 - 12:43:25: [adminsounds.smx] 63 sounds loaded
L 07/18/2020 - 12:43:30: [randomcycle.smx] RandomCycle has chosen dod_risk_b9 for the nextmap.
L 07/18/2020 - 12:44:55: [basecommands.smx] "B0UL3T___0N3<26><[U:1:37484034]><>" changed map to "dod_bigbunky_v4"
L 07/18/2020 - 12:44:58: [SM] Changed map to "dod_bigbunky_v4"
L 07/18/2020 - 12:44:59: -------- Mapchange to dod_bigbunky_v4 --------
L 07/18/2020 - 12:44:59: [adminsounds.smx] 63 sounds loaded
L 07/18/2020 - 12:45:05: [randomcycle.smx] RandomCycle has chosen dod_aimap_b1 for the nextmap.
L 07/18/2020 - 12:49:05: SourceMod log file session started (file "/home/srvdod/srcds/dod_s/dod/addons/sourcemod/logs/L20200718.log") (Version "1.10.0.6490")
L 07/18/2020 - 12:49:05: [adminsounds.smx] 63 sounds loaded
L 07/18/2020 - 12:49:10: [randomcycle.smx] RandomCycle has chosen dod_solitude_rats for the nextmap.
L 07/18/2020 - 12:53:58: [mapchooser.smx] Voting for next map has started.
L 07/18/2020 - 12:55:04: [SM] Changed map to "dod_deux_chateaux_final"
L 07/18/2020 - 12:55:04: [SM] Changed map to "dod_deux_chateaux_final"
L 07/18/2020 - 12:55:05: -------- Mapchange to dod_deux_chateaux_final --------
L 07/18/2020 - 12:55:05: [adminsounds.smx] 63 sounds loaded
L 07/18/2020 - 12:55:06: -------- Mapchange to dod_deux_chateaux_final --------
L 07/18/2020 - 12:55:06: [adminsounds.smx] 63 sounds loaded
L 07/18/2020 - 12:55:11: [randomcycle.smx] RandomCycle has chosen dod_orange_wallhack for the nextmap.
L 07/18/2020 - 13:04:04: [mapchooser.smx] Voting for next map has started.
L 07/18/2020 - 13:05:10: [SM] Changed map to "acc_labice"
L 07/18/2020 - 13:05:10: [SM] Changed map to "acc_labice"
L 07/18/2020 - 13:05:12: -------- Mapchange to acc_labice --------
L 07/18/2020 - 13:05:12: [adminsounds.smx] 63 sounds loaded
L 07/18/2020 - 13:05:13: -------- Mapchange to acc_labice --------
L 07/18/2020 - 13:05:13: [adminsounds.smx] 63 sounds loaded
L 07/18/2020 - 13:05:18: [randomcycle.smx] RandomCycle has chosen dod_sniper_killbox_v2 for the nextmap.
L 07/18/2020 - 13:14:11: [mapchooser.smx] Voting for next map has started.
L 07/18/2020 - 13:15:17: [SM] Changed map to "dod_cdc_rats_rm"
L 07/18/2020 - 13:15:17: [SM] Changed map to "dod_cdc_rats_rm"
L 07/18/2020 - 13:15:18: -------- Mapchange to dod_cdc_rats_rm --------
L 07/18/2020 - 13:15:19: [adminsounds.smx] 63 sounds loaded
L 07/18/2020 - 13:15:20: -------- Mapchange to dod_cdc_rats_rm --------
L 07/18/2020 - 13:15:20: [adminsounds.smx] 63 sounds loaded
L 07/18/2020 - 13:15:25: [randomcycle.smx] RandomCycle has chosen dod_flash for the nextmap.
L 07/18/2020 - 13:24:18: [mapchooser.smx] Voting for next map has started.
L 07/18/2020 - 13:25:24: [SM] Changed map to "dod_sucette_v3"
L 07/18/2020 - 13:25:24: [SM] Changed map to "dod_sucette_v3"
L 07/18/2020 - 13:25:25: -------- Mapchange to dod_sucette_v3 --------
L 07/18/2020 - 13:25:26: [adminsounds.smx] 63 sounds loaded
L 07/18/2020 - 13:25:27: -------- Mapchange to dod_sucette_v3 --------
L 07/18/2020 - 13:25:27: [adminsounds.smx] 63 sounds loaded
L 07/18/2020 - 13:25:32: [randomcycle.smx] RandomCycle has chosen dod_sewer_rats_b1 for the nextmap.
L 07/18/2020 - 13:34:25: [mapchooser.smx] Voting for next map has started.
L 07/18/2020 - 13:35:31: [SM] Changed map to "dod_chocolate_fight_arena"
L 07/18/2020 - 13:35:31: [SM] Changed map to "dod_chocolate_fight_arena"
L 07/18/2020 - 13:35:33: -------- Mapchange to dod_chocolate_fight_arena --------
L 07/18/2020 - 13:35:33: [adminsounds.smx] 63 sounds loaded
L 07/18/2020 - 13:35:34: -------- Mapchange to dod_chocolate_fight_arena --------
L 07/18/2020 - 13:35:34: [adminsounds.smx] 63 sounds loaded
L 07/18/2020 - 13:35:39: [randomcycle.smx] RandomCycle has chosen dod_avalanche for the nextmap.
L 07/18/2020 - 13:44:32: [mapchooser.smx] Voting for next map has started.
L 07/18/2020 - 13:45:38: [SM] Changed map to "dod_orange_wallhack"
L 07/18/2020 - 13:45:39: [SM] Changed map to "dod_orange_wallhack"
L 07/18/2020 - 13:45:40: -------- Mapchange to dod_orange_wallhack --------
L 07/18/2020 - 13:45:40: [adminsounds.smx] 63 sounds loaded
L 07/18/2020 - 13:45:41: -------- Mapchange to dod_orange_wallhack --------
L 07/18/2020 - 13:45:41: [adminsounds.smx] 63 sounds loaded
L 07/18/2020 - 13:45:46: [randomcycle.smx] RandomCycle has chosen dod_orange_sniper for the nextmap.
L 07/18/2020 - 13:54:39: [mapchooser.smx] Voting for next map has started.
L 07/18/2020 - 13:55:45: [SM] Changed map to "dod_bunky2_modified"
L 07/18/2020 - 13:55:45: [SM] Changed map to "dod_bunky2_modified"
L 07/18/2020 - 13:55:47: -------- Mapchange to dod_bunky2_modified --------
L 07/18/2020 - 13:55:47: [adminsounds.smx] 63 sounds loaded
L 07/18/2020 - 13:55:48: -------- Mapchange to dod_bunky2_modified --------
L 07/18/2020 - 13:55:48: [adminsounds.smx] 63 sounds loaded
L 07/18/2020 - 13:55:54: [randomcycle.smx] RandomCycle has chosen dod_argentan for the nextmap.
L 07/18/2020 - 14:04:47: [mapchooser.smx] Voting for next map has started.
L 07/18/2020 - 14:05:53: [SM] Changed map to "dod_orange_castel_evolution"
L 07/18/2020 - 14:05:53: [SM] Changed map to "dod_orange_castel_evolution"
L 07/18/2020 - 14:05:54: -------- Mapchange to dod_orange_castel_evolution --------
L 07/18/2020 - 14:05:54: [adminsounds.smx] 63 sounds loaded
L 07/18/2020 - 14:05:55: -------- Mapchange to dod_orange_castel_evolution --------
L 07/18/2020 - 14:05:55: [adminsounds.smx] 63 sounds loaded
L 07/18/2020 - 14:06:01: [randomcycle.smx] RandomCycle has chosen dod_bigbunky_v4 for the nextmap.
L 07/18/2020 - 14:14:54: [mapchooser.smx] Voting for next map has started.
L 07/18/2020 - 14:16:00: [SM] Changed map to "dod_solitude_rats"
L 07/18/2020 - 14:16:00: [SM] Changed map to "dod_solitude_rats"
L 07/18/2020 - 14:16:01: -------- Mapchange to dod_solitude_rats --------
L 07/18/2020 - 14:16:01: [adminsounds.smx] 63 sounds loaded
L 07/18/2020 - 14:16:03: -------- Mapchange to dod_solitude_rats --------
L 07/18/2020 - 14:16:03: [adminsounds.smx] 63 sounds loaded
L 07/18/2020 - 14:16:08: [randomcycle.smx] RandomCycle has chosen babyfight_arena for the nextmap.
L 07/18/2020 - 14:25:01: [mapchooser.smx] Voting for next map has started.
L 07/18/2020 - 14:26:07: [SM] Changed map to "dod_legoland_b2"
L 07/18/2020 - 14:26:07: [SM] Changed map to "dod_legoland_b2"
L 07/18/2020 - 14:26:09: -------- Mapchange to dod_legoland_b2 --------
L 07/18/2020 - 14:26:09: [adminsounds.smx] 63 sounds loaded
L 07/18/2020 - 14:26:10: -------- Mapchange to dod_legoland_b2 --------
L 07/18/2020 - 14:26:10: [adminsounds.smx] 63 sounds loaded
L 07/18/2020 - 14:26:16: [randomcycle.smx] RandomCycle has chosen dod_deux_chateaux_final for the nextmap.
L 07/18/2020 - 14:35:09: [mapchooser.smx] Voting for next map has started.
L 07/18/2020 - 14:36:15: [SM] Changed map to "dod_jagd"
L 07/18/2020 - 14:36:15: [SM] Changed map to "dod_jagd"
L 07/18/2020 - 14:36:19: -------- Mapchange to dod_jagd --------
L 07/18/2020 - 14:36:19: [adminsounds.smx] 63 sounds loaded
L 07/18/2020 - 14:36:22: -------- Mapchange to dod_jagd --------
L 07/18/2020 - 14:36:22: [adminsounds.smx] 63 sounds loaded
L 07/18/2020 - 14:36:27: [randomcycle.smx] RandomCycle has chosen dod_4pyramides for the nextmap.
L 07/18/2020 - 14:45:20: [mapchooser.smx] Voting for next map has started.
L 07/18/2020 - 14:46:26: [SM] Changed map to "cdcmarijuana!"
L 07/18/2020 - 14:46:26: [SM] Changed map to "cdcmarijuana!"
L 07/18/2020 - 14:46:27: -------- Mapchange to cdcmarijuana! --------
L 07/18/2020 - 14:46:27: [adminsounds.smx] 63 sounds loaded
L 07/18/2020 - 14:46:29: -------- Mapchange to cdcmarijuana! --------
L 07/18/2020 - 14:46:29: [adminsounds.smx] 63 sounds loaded
L 07/18/2020 - 14:46:34: [randomcycle.smx] RandomCycle has chosen dod_sucette_v3 for the nextmap.
L 07/18/2020 - 14:55:27: [mapchooser.smx] Voting for next map has started.
L 07/18/2020 - 14:56:33: [SM] Changed map to "dod_monopoly_source"
L 07/18/2020 - 14:56:33: [SM] Changed map to "dod_monopoly_source"
L 07/18/2020 - 14:56:34: -------- Mapchange to dod_monopoly_source --------
L 07/18/2020 - 14:56:35: [adminsounds.smx] 63 sounds loaded
L 07/18/2020 - 14:56:36: -------- Mapchange to dod_monopoly_source --------
L 07/18/2020 - 14:56:36: [adminsounds.smx] 63 sounds loaded
L 07/18/2020 - 14:56:41: [randomcycle.smx] RandomCycle has chosen dod_orange_wallhack for the nextmap.
L 07/18/2020 - 15:05:34: [mapchooser.smx] Voting for next map has started.
L 07/18/2020 - 15:06:40: [SM] Changed map to "babyfight_arena"
L 07/18/2020 - 15:06:41: [SM] Changed map to "babyfight_arena"
L 07/18/2020 - 15:06:42: -------- Mapchange to babyfight_arena --------
L 07/18/2020 - 15:06:42: [adminsounds.smx] 63 sounds loaded
L 07/18/2020 - 15:06:44: -------- Mapchange to babyfight_arena --------
L 07/18/2020 - 15:06:44: [adminsounds.smx] 63 sounds loaded
L 07/18/2020 - 15:06:49: [randomcycle.smx] RandomCycle has chosen dod_risk_b9 for the nextmap.
L 07/18/2020 - 15:15:42: [mapchooser.smx] Voting for next map has started.
L 07/18/2020 - 15:16:48: [SM] Changed map to "dod_murky_p2"
L 07/18/2020 - 15:16:48: [SM] Changed map to "dod_murky_p2"
L 07/18/2020 - 15:16:49: -------- Mapchange to dod_murky_p2 --------
L 07/18/2020 - 15:16:49: [adminsounds.smx] 63 sounds loaded
L 07/18/2020 - 15:16:51: -------- Mapchange to dod_murky_p2 --------
L 07/18/2020 - 15:16:51: [adminsounds.smx] 63 sounds loaded
L 07/18/2020 - 15:16:56: [randomcycle.smx] RandomCycle has chosen dod_sniper_killbox_v2 for the nextmap.
L 07/18/2020 - 15:25:49: [mapchooser.smx] Voting for next map has started.
L 07/18/2020 - 15:26:55: [SM] Changed map to "acc_labice"
L 07/18/2020 - 15:26:56: [SM] Changed map to "acc_labice"
L 07/18/2020 - 15:26:57: -------- Mapchange to acc_labice --------
L 07/18/2020 - 15:26:57: [adminsounds.smx] 63 sounds loaded
L 07/18/2020 - 15:26:59: -------- Mapchange to acc_labice --------
L 07/18/2020 - 15:26:59: [adminsounds.smx] 63 sounds loaded
L 07/18/2020 - 15:27:04: [randomcycle.smx] RandomCycle has chosen dod_avalanche for the nextmap.
L 07/18/2020 - 15:35:57: [mapchooser.smx] Voting for next map has started.
L 07/18/2020 - 15:37:03: [SM] Changed map to "dod_kalt"
L 07/18/2020 - 15:37:03: [SM] Changed map to "dod_kalt"
L 07/18/2020 - 15:37:05: -------- Mapchange to dod_kalt --------
L 07/18/2020 - 15:37:05: [adminsounds.smx] 63 sounds loaded
L 07/18/2020 - 15:37:07: -------- Mapchange to dod_kalt --------
L 07/18/2020 - 15:37:07: [adminsounds.smx] 63 sounds loaded
L 07/18/2020 - 15:37:13: [randomcycle.smx] RandomCycle has chosen dod_sniperarena_dgs2 for the nextmap.
L 07/18/2020 - 15:46:06: [mapchooser.smx] Voting for next map has started.
L 07/18/2020 - 15:47:12: [SM] Changed map to "dod_cdc_rats_rm"
L 07/18/2020 - 15:47:12: [SM] Changed map to "dod_cdc_rats_rm"
L 07/18/2020 - 15:47:13: -------- Mapchange to dod_cdc_rats_rm --------
L 07/18/2020 - 15:47:13: [adminsounds.smx] 63 sounds loaded
L 07/18/2020 - 15:47:15: -------- Mapchange to dod_cdc_rats_rm --------
L 07/18/2020 - 15:47:15: [adminsounds.smx] 63 sounds loaded
L 07/18/2020 - 15:47:20: [randomcycle.smx] RandomCycle has chosen dod_aimap_b1 for the nextmap.
L 07/18/2020 - 15:56:13: [mapchooser.smx] Voting for next map has started.
L 07/18/2020 - 15:57:19: [SM] Changed map to "dod_risk_b9"
L 07/18/2020 - 15:57:19: [SM] Changed map to "dod_risk_b9"
L 07/18/2020 - 15:57:22: -------- Mapchange to dod_risk_b9 --------
L 07/18/2020 - 15:57:22: [adminsounds.smx] 63 sounds loaded
L 07/18/2020 - 15:57:25: -------- Mapchange to dod_risk_b9 --------
L 07/18/2020 - 15:57:25: [adminsounds.smx] 63 sounds loaded
L 07/18/2020 - 15:57:31: [randomcycle.smx] RandomCycle has chosen dod_flash for the nextmap.
L 07/18/2020 - 15:58:48: [basecommands.smx] "B0UL3T___0N3<282><[U:1:37484034]><>" changed map to "dod_anzio"
L 07/18/2020 - 15:58:51: [SM] Changed map to "dod_anzio"
L 07/18/2020 - 15:58:53: -------- Mapchange to dod_anzio --------
L 07/18/2020 - 15:58:53: [adminsounds.smx] 63 sounds loaded
L 07/18/2020 - 15:58:59: [randomcycle.smx] RandomCycle has chosen dod_rive_rc3 for the nextmap.
L 07/18/2020 - 16:07:52: [mapchooser.smx] Voting for next map has started.
L 07/18/2020 - 16:08:58: [SM] Changed map to "dod_beachlanding_tdf"
L 07/18/2020 - 16:08:58: [SM] Changed map to "dod_beachlanding_tdf"
L 07/18/2020 - 16:09:00: -------- Mapchange to dod_beachlanding_tdf --------
L 07/18/2020 - 16:09:00: [adminsounds.smx] 63 sounds loaded
L 07/18/2020 - 16:09:02: -------- Mapchange to dod_beachlanding_tdf --------
L 07/18/2020 - 16:09:02: [adminsounds.smx] 63 sounds loaded
L 07/18/2020 - 16:09:07: [randomcycle.smx] RandomCycle has chosen dod_don for the nextmap.
L 07/18/2020 - 16:18:00: [mapchooser.smx] Voting for next map has started.
L 07/18/2020 - 16:19:06: [SM] Changed map to "dod_avalanche"
L 07/18/2020 - 16:19:06: [SM] Changed map to "dod_avalanche"
L 07/18/2020 - 16:19:08: -------- Mapchange to dod_avalanche --------
L 07/18/2020 - 16:19:08: [adminsounds.smx] 63 sounds loaded
L 07/18/2020 - 16:19:10: -------- Mapchange to dod_avalanche --------
L 07/18/2020 - 16:19:10: [adminsounds.smx] 63 sounds loaded
L 07/18/2020 - 16:19:16: [randomcycle.smx] RandomCycle has chosen dod_breugelb8 for the nextmap.
L 07/18/2020 - 16:28:09: [mapchooser.smx] Voting for next map has started.
L 07/18/2020 - 16:29:15: [SM] Changed map to "dod_flash"
L 07/18/2020 - 16:29:15: [SM] Changed map to "dod_flash"
L 07/18/2020 - 16:29:16: -------- Mapchange to dod_flash --------
L 07/18/2020 - 16:29:16: [adminsounds.smx] 63 sounds loaded
L 07/18/2020 - 16:29:18: -------- Mapchange to dod_flash --------
L 07/18/2020 - 16:29:18: [adminsounds.smx] 63 sounds loaded
L 07/18/2020 - 16:29:24: [randomcycle.smx] RandomCycle has chosen dod_beaverville_b2 for the nextmap.
L 07/18/2020 - 16:38:17: [mapchooser.smx] Voting for next map has started.
L 07/18/2020 - 16:39:23: [SM] Changed map to "dod_anzio"
L 07/18/2020 - 16:39:23: [SM] Changed map to "dod_anzio"
L 07/18/2020 - 16:39:25: -------- Mapchange to dod_anzio --------
L 07/18/2020 - 16:39:25: [adminsounds.smx] 63 sounds loaded
L 07/18/2020 - 16:39:27: -------- Mapchange to dod_anzio --------
L 07/18/2020 - 16:39:27: [adminsounds.smx] 63 sounds loaded
L 07/18/2020 - 16:39:32: [randomcycle.smx] RandomCycle has chosen dod_arrierveld for the nextmap.
L 07/18/2020 - 16:48:25: [mapchooser.smx] Voting for next map has started.
L 07/18/2020 - 16:49:31: [SM] Changed map to "dod_donner"
L 07/18/2020 - 16:49:31: [SM] Changed map to "dod_donner"
L 07/18/2020 - 16:49:33: -------- Mapchange to dod_donner --------
L 07/18/2020 - 16:49:33: [adminsounds.smx] 63 sounds loaded
L 07/18/2020 - 16:49:35: -------- Mapchange to dod_donner --------
L 07/18/2020 - 16:49:35: [adminsounds.smx] 63 sounds loaded
L 07/18/2020 - 16:49:41: [randomcycle.smx] RandomCycle has chosen dod_colmar for the nextmap.
L 07/18/2020 - 16:58:34: [mapchooser.smx] Voting for next map has started.
L 07/18/2020 - 16:59:40: [SM] Changed map to "dod_breugelb8"
L 07/18/2020 - 16:59:40: [SM] Changed map to "dod_breugelb8"
L 07/18/2020 - 16:59:42: -------- Mapchange to dod_breugelb8 --------
L 07/18/2020 - 16:59:42: [adminsounds.smx] 63 sounds loaded
L 07/18/2020 - 16:59:45: -------- Mapchange to dod_breugelb8 --------
L 07/18/2020 - 16:59:45: [adminsounds.smx] 63 sounds loaded
L 07/18/2020 - 16:59:51: [randomcycle.smx] RandomCycle has chosen dod_beachlanding_tdf for the nextmap.
L 07/18/2020 - 17:08:44: [mapchooser.smx] Voting for next map has started.
L 07/18/2020 - 17:09:50: [SM] Changed map to "dod_flash"
L 07/18/2020 - 17:09:50: [SM] Changed map to "dod_flash"
L 07/18/2020 - 17:09:51: -------- Mapchange to dod_flash --------
L 07/18/2020 - 17:09:52: [adminsounds.smx] 63 sounds loaded
L 07/18/2020 - 17:09:54: -------- Mapchange to dod_flash --------
L 07/18/2020 - 17:09:54: [adminsounds.smx] 63 sounds loaded
L 07/18/2020 - 17:09:59: [randomcycle.smx] RandomCycle has chosen dod_anzio for the nextmap.
L 07/18/2020 - 17:18:52: [mapchooser.smx] Voting for next map has started.
L 07/18/2020 - 17:19:58: [SM] Changed map to "dod_anzio"
L 07/18/2020 - 17:19:58: [SM] Changed map to "dod_anzio"
L 07/18/2020 - 17:20:00: -------- Mapchange to dod_anzio --------
L 07/18/2020 - 17:20:00: [adminsounds.smx] 63 sounds loaded
L 07/18/2020 - 17:20:02: -------- Mapchange to dod_anzio --------
L 07/18/2020 - 17:20:03: [adminsounds.smx] 63 sounds loaded
L 07/18/2020 - 17:20:08: [randomcycle.smx] RandomCycle has chosen dod_rennes_xmas for the nextmap.
L 07/18/2020 - 17:29:01: [mapchooser.smx] Voting for next map has started.
L 07/18/2020 - 17:30:07: [SM] Changed map to "dod_rive_rc3"
L 07/18/2020 - 17:30:07: [SM] Changed map to "dod_rive_rc3"
L 07/18/2020 - 17:30:09: -------- Mapchange to dod_rive_rc3 --------
L 07/18/2020 - 17:30:09: [adminsounds.smx] 63 sounds loaded
L 07/18/2020 - 17:30:11: -------- Mapchange to dod_rive_rc3 --------
L 07/18/2020 - 17:30:11: [adminsounds.smx] 63 sounds loaded
L 07/18/2020 - 17:30:16: [randomcycle.smx] RandomCycle has chosen dod_palermo for the nextmap.
L 07/18/2020 - 17:39:09: [mapchooser.smx] Voting for next map has started.
L 07/18/2020 - 17:40:15: [SM] Changed map to "dod_jagd"
L 07/18/2020 - 17:40:16: [SM] Changed map to "dod_jagd"
L 07/18/2020 - 17:40:18: -------- Mapchange to dod_jagd --------
L 07/18/2020 - 17:40:18: [adminsounds.smx] 63 sounds loaded
L 07/18/2020 - 17:40:21: -------- Mapchange to dod_jagd --------
L 07/18/2020 - 17:40:21: [adminsounds.smx] 63 sounds loaded
L 07/18/2020 - 17:40:27: [randomcycle.smx] RandomCycle has chosen dod_argentan for the nextmap.
L 07/18/2020 - 17:49:20: [mapchooser.smx] Voting for next map has started.
L 07/18/2020 - 17:50:51: [SM] Changed map to "dod_arrierveld"
L 07/18/2020 - 17:50:51: [SM] Changed map to "dod_arrierveld"
L 07/18/2020 - 17:50:53: -------- Mapchange to dod_arrierveld --------
L 07/18/2020 - 17:50:53: [adminsounds.smx] 63 sounds loaded
L 07/18/2020 - 17:50:55: -------- Mapchange to dod_arrierveld --------
L 07/18/2020 - 17:50:55: [adminsounds.smx] 63 sounds loaded
L 07/18/2020 - 17:51:01: [randomcycle.smx] RandomCycle has chosen dod_azure for the nextmap.
L 07/18/2020 - 17:59:54: [mapchooser.smx] Voting for next map has started.
L 07/18/2020 - 18:01:00: [SM] Changed map to "dod_dust2_tdf"
L 07/18/2020 - 18:01:00: [SM] Changed map to "dod_dust2_tdf"
L 07/18/2020 - 18:01:01: -------- Mapchange to dod_dust2_tdf --------
L 07/18/2020 - 18:01:02: [adminsounds.smx] 63 sounds loaded
L 07/18/2020 - 18:01:04: -------- Mapchange to dod_dust2_tdf --------
L 07/18/2020 - 18:01:04: [adminsounds.smx] 63 sounds loaded
L 07/18/2020 - 18:01:09: [randomcycle.smx] RandomCycle has chosen dod_dust2_tdf for the nextmap.
L 07/18/2020 - 18:10:02: [mapchooser.smx] Voting for next map has started.
L 07/18/2020 - 18:11:08: [SM] Changed map to "dod_crash"
L 07/18/2020 - 18:11:08: [SM] Changed map to "dod_crash"
L 07/18/2020 - 18:11:11: -------- Mapchange to dod_crash --------
L 07/18/2020 - 18:11:11: [adminsounds.smx] 63 sounds loaded
L 07/18/2020 - 18:11:13: -------- Mapchange to dod_crash --------
L 07/18/2020 - 18:11:14: [adminsounds.smx] 63 sounds loaded
L 07/18/2020 - 18:11:19: [randomcycle.smx] RandomCycle has chosen dod_avalanche@night for the nextmap.
L 07/18/2020 - 18:20:12: [mapchooser.smx] Voting for next map has started.
L 07/18/2020 - 18:21:18: [SM] Changed map to "dod_argentan"
L 07/18/2020 - 18:21:18: [SM] Changed map to "dod_argentan"
L 07/18/2020 - 18:21:20: -------- Mapchange to dod_argentan --------
L 07/18/2020 - 18:21:20: [adminsounds.smx] 63 sounds loaded
L 07/18/2020 - 18:21:22: -------- Mapchange to dod_argentan --------
L 07/18/2020 - 18:21:22: [adminsounds.smx] 63 sounds loaded
L 07/18/2020 - 18:21:28: [randomcycle.smx] RandomCycle has chosen dod_coire_rc3 for the nextmap.
L 07/18/2020 - 18:30:21: [mapchooser.smx] Voting for next map has started.
L 07/18/2020 - 18:31:27: [SM] Changed map to "dod_gan"
L 07/18/2020 - 18:31:27: [SM] Changed map to "dod_gan"
L 07/18/2020 - 18:31:28: -------- Mapchange to dod_gan --------
L 07/18/2020 - 18:31:28: [adminsounds.smx] 63 sounds loaded
L 07/18/2020 - 18:31:31: -------- Mapchange to dod_gan --------
L 07/18/2020 - 18:31:31: [adminsounds.smx] 63 sounds loaded
L 07/18/2020 - 18:31:36: [randomcycle.smx] RandomCycle has chosen dod_snow_battlefield_final for the nextmap.
L 07/18/2020 - 18:40:29: [mapchooser.smx] Voting for next map has started.
L 07/18/2020 - 18:40:54: [mapchooser.smx] Voting for next map has finished. Nextmap: dod_arrierveld.
L 07/18/2020 - 18:41:35: [SM] Changed map to "dod_arrierveld"
L 07/18/2020 - 18:41:35: [SM] Changed map to "dod_arrierveld"
L 07/18/2020 - 18:41:39: -------- Mapchange to dod_arrierveld --------
L 07/18/2020 - 18:41:39: [adminsounds.smx] 63 sounds loaded
L 07/18/2020 - 18:41:41: -------- Mapchange to dod_arrierveld --------
L 07/18/2020 - 18:41:41: [adminsounds.smx] 63 sounds loaded
L 07/18/2020 - 18:41:47: [randomcycle.smx] RandomCycle has chosen dod_avalanche for the nextmap.
L 07/18/2020 - 18:50:40: [mapchooser.smx] Voting for next map has started.
L 07/18/2020 - 18:50:52: [mapchooser.smx] Voting for next map has finished. Nextmap: dod_harrington.
L 07/18/2020 - 18:51:46: [SM] Changed map to "dod_harrington"
L 07/18/2020 - 18:51:46: [SM] Changed map to "dod_harrington"
L 07/18/2020 - 18:51:48: -------- Mapchange to dod_harrington --------
L 07/18/2020 - 18:51:48: [adminsounds.smx] 63 sounds loaded
L 07/18/2020 - 18:51:51: -------- Mapchange to dod_harrington --------
L 07/18/2020 - 18:51:51: [adminsounds.smx] 63 sounds loaded
L 07/18/2020 - 18:51:57: [randomcycle.smx] RandomCycle has chosen dod_churchyard for the nextmap.
L 07/18/2020 - 19:00:50: [mapchooser.smx] Voting for next map has started.
L 07/18/2020 - 19:00:56: [mapchooser.smx] Voting for next map has finished. Nextmap: dod_avalanche.
L 07/18/2020 - 19:01:56: [SM] Changed map to "dod_avalanche"
L 07/18/2020 - 19:01:56: [SM] Changed map to "dod_avalanche"
L 07/18/2020 - 19:01:58: -------- Mapchange to dod_avalanche --------
L 07/18/2020 - 19:01:58: [adminsounds.smx] 63 sounds loaded
L 07/18/2020 - 19:02:00: -------- Mapchange to dod_avalanche --------
L 07/18/2020 - 19:02:00: [adminsounds.smx] 63 sounds loaded
L 07/18/2020 - 19:02:06: [randomcycle.smx] RandomCycle has chosen dod_cr44b3_remake for the nextmap.
L 07/18/2020 - 19:04:05: [adminsounds.smx] "B0UL3T___0N3<514><[U:1:37484034]><>" launch the sound 1 - "Blade"
L 07/18/2020 - 19:10:59: [mapchooser.smx] Voting for next map has started.
L 07/18/2020 - 19:11:06: [mapchooser.smx] Voting for next map has finished. Nextmap: dod_crash.
L 07/18/2020 - 19:12:05: [SM] Changed map to "dod_crash"
L 07/18/2020 - 19:12:05: [SM] Changed map to "dod_crash"
L 07/18/2020 - 19:12:07: -------- Mapchange to dod_crash --------
L 07/18/2020 - 19:12:07: [adminsounds.smx] 63 sounds loaded
L 07/18/2020 - 19:12:10: -------- Mapchange to dod_crash --------
L 07/18/2020 - 19:12:10: [adminsounds.smx] 63 sounds loaded
L 07/18/2020 - 19:12:16: [randomcycle.smx] RandomCycle has chosen dod_breugelb8 for the nextmap.
L 07/18/2020 - 19:21:09: [mapchooser.smx] Voting for next map has started.
L 07/18/2020 - 19:21:27: [mapchooser.smx] Voting for next map has finished. Nextmap: dod_real_arena.
L 07/18/2020 - 19:22:15: [SM] Changed map to "dod_real_arena"
L 07/18/2020 - 19:22:15: [SM] Changed map to "dod_real_arena"
L 07/18/2020 - 19:22:16: -------- Mapchange to dod_real_arena --------
L 07/18/2020 - 19:22:17: [adminsounds.smx] 63 sounds loaded
L 07/18/2020 - 19:22:19: -------- Mapchange to dod_real_arena --------
L 07/18/2020 - 19:22:19: [adminsounds.smx] 63 sounds loaded
L 07/18/2020 - 19:22:24: [randomcycle.smx] RandomCycle has chosen dod_arrierveld for the nextmap.
L 07/18/2020 - 19:31:17: [mapchooser.smx] Voting for next map has started.
L 07/18/2020 - 19:31:48: [mapchooser.smx] Voting for next map has finished. Nextmap: dod_beachlanding_tdf.
L 07/18/2020 - 19:32:23: [SM] Changed map to "dod_beachlanding_tdf"
L 07/18/2020 - 19:32:23: [SM] Changed map to "dod_beachlanding_tdf"
L 07/18/2020 - 19:32:25: -------- Mapchange to dod_beachlanding_tdf --------
L 07/18/2020 - 19:32:25: [adminsounds.smx] 63 sounds loaded
L 07/18/2020 - 19:32:27: -------- Mapchange to dod_beachlanding_tdf --------
L 07/18/2020 - 19:32:28: [adminsounds.smx] 63 sounds loaded
L 07/18/2020 - 19:32:33: [randomcycle.smx] RandomCycle has chosen dod_bunker_warfare_v1 for the nextmap.
L 07/18/2020 - 19:38:14: [mapchooser.smx] Starting map vote because outside request
L 07/18/2020 - 19:38:14: [mapchooser.smx] Voting for next map has started.
L 07/18/2020 - 19:38:45: [mapchooser.smx] Voting for next map has finished. Nextmap: dod_avalanche.
L 07/18/2020 - 19:38:47: [SM] Changed map to "dod_avalanche"
L 07/18/2020 - 19:38:49: -------- Mapchange to dod_avalanche --------
L 07/18/2020 - 19:38:49: [adminsounds.smx] 63 sounds loaded
L 07/18/2020 - 19:38:55: [randomcycle.smx] RandomCycle has chosen dod_orange_indoor_dream_arena for the nextmap.
L 07/18/2020 - 19:47:48: [mapchooser.smx] Voting for next map has started.
L 07/18/2020 - 19:48:18: [mapchooser.smx] Voting for next map has finished. Nextmap: dod_anzio.
L 07/18/2020 - 19:48:54: [SM] Changed map to "dod_anzio"
L 07/18/2020 - 19:48:54: [SM] Changed map to "dod_anzio"
L 07/18/2020 - 19:48:56: -------- Mapchange to dod_anzio --------
L 07/18/2020 - 19:48:56: [adminsounds.smx] 63 sounds loaded
L 07/18/2020 - 19:48:58: -------- Mapchange to dod_anzio --------
L 07/18/2020 - 19:48:58: [adminsounds.smx] 63 sounds loaded
L 07/18/2020 - 19:49:04: [randomcycle.smx] RandomCycle has chosen dod_jagd for the nextmap.
L 07/18/2020 - 19:57:57: [mapchooser.smx] Voting for next map has started.
L 07/18/2020 - 19:58:28: [mapchooser.smx] Voting for next map has finished. Nextmap: dod_donner.
L 07/18/2020 - 19:59:03: [SM] Changed map to "dod_donner"
L 07/18/2020 - 19:59:03: [SM] Changed map to "dod_donner"
L 07/18/2020 - 19:59:05: -------- Mapchange to dod_donner --------
L 07/18/2020 - 19:59:05: [adminsounds.smx] 63 sounds loaded
L 07/18/2020 - 19:59:07: -------- Mapchange to dod_donner --------
L 07/18/2020 - 19:59:07: [adminsounds.smx] 63 sounds loaded
L 07/18/2020 - 19:59:13: [randomcycle.smx] RandomCycle has chosen dod_sniperbridge_rc1 for the nextmap.
L 07/18/2020 - 20:08:06: [mapchooser.smx] Voting for next map has started.
L 07/18/2020 - 20:08:36: [mapchooser.smx] Voting for next map has finished. Nextmap: dod_palermo.
L 07/18/2020 - 20:09:12: [SM] Changed map to "dod_palermo"
L 07/18/2020 - 20:09:12: [SM] Changed map to "dod_palermo"
L 07/18/2020 - 20:09:15: -------- Mapchange to dod_palermo --------
L 07/18/2020 - 20:09:15: [adminsounds.smx] 63 sounds loaded
L 07/18/2020 - 20:09:17: -------- Mapchange to dod_palermo --------
L 07/18/2020 - 20:09:17: [adminsounds.smx] 63 sounds loaded
L 07/18/2020 - 20:09:23: [randomcycle.smx] RandomCycle has chosen dod_lennon for the nextmap.
L 07/18/2020 - 20:18:16: [mapchooser.smx] Voting for next map has started.
L 07/18/2020 - 20:18:46: [mapchooser.smx] Voting for next map was indecisive, beginning runoff vote
L 07/18/2020 - 20:19:16: [mapchooser.smx] Voting for next map has finished. Nextmap: dod_strasbourg_b3.
L 07/18/2020 - 20:19:22: [SM] Changed map to "dod_strasbourg_b3"
L 07/18/2020 - 20:19:22: [SM] Changed map to "dod_strasbourg_b3"
L 07/18/2020 - 20:19:25: -------- Mapchange to dod_strasbourg_b3 --------
L 07/18/2020 - 20:19:25: [adminsounds.smx] 63 sounds loaded
L 07/18/2020 - 20:19:28: -------- Mapchange to dod_strasbourg_b3 --------
L 07/18/2020 - 20:19:28: [adminsounds.smx] 63 sounds loaded
L 07/18/2020 - 20:19:34: [randomcycle.smx] RandomCycle has chosen dod_coire_rc3 for the nextmap.
L 07/18/2020 - 20:28:27: [mapchooser.smx] Voting for next map has started.
L 07/18/2020 - 20:28:57: [mapchooser.smx] Voting for next map has finished. Nextmap: dod_tiger2008.
L 07/18/2020 - 20:29:33: [SM] Changed map to "dod_tiger2008"
L 07/18/2020 - 20:29:33: [SM] Changed map to "dod_tiger2008"
L 07/18/2020 - 20:29:35: -------- Mapchange to dod_tiger2008 --------
L 07/18/2020 - 20:29:35: [adminsounds.smx] 63 sounds loaded
L 07/18/2020 - 20:29:38: -------- Mapchange to dod_tiger2008 --------
L 07/18/2020 - 20:29:38: [adminsounds.smx] 63 sounds loaded
L 07/18/2020 - 20:29:43: [randomcycle.smx] RandomCycle has chosen dod_snow_battlefield_final for the nextmap.
L 07/18/2020 - 20:38:36: [mapchooser.smx] Voting for next map has started.
L 07/18/2020 - 20:38:39: [mapchooser.smx] Voting for next map has finished. Nextmap: dod_crash.
L 07/18/2020 - 20:39:43: [SM] Changed map to "dod_crash"
L 07/18/2020 - 20:39:43: [SM] Changed map to "dod_crash"
L 07/18/2020 - 20:39:45: -------- Mapchange to dod_crash --------
L 07/18/2020 - 20:39:45: [adminsounds.smx] 63 sounds loaded
L 07/18/2020 - 20:39:48: -------- Mapchange to dod_crash --------
L 07/18/2020 - 20:39:48: [adminsounds.smx] 63 sounds loaded
L 07/18/2020 - 20:39:54: [randomcycle.smx] RandomCycle has chosen dod_strasbourg_b3 for the nextmap.
L 07/18/2020 - 20:48:47: [mapchooser.smx] Voting for next map has started.
L 07/18/2020 - 20:49:53: [SM] Changed map to "dod_arrierveld"
L 07/18/2020 - 20:49:53: [SM] Changed map to "dod_arrierveld"
L 07/18/2020 - 20:49:55: -------- Mapchange to dod_arrierveld --------
L 07/18/2020 - 20:49:55: [adminsounds.smx] 63 sounds loaded
L 07/18/2020 - 20:49:57: -------- Mapchange to dod_arrierveld --------
L 07/18/2020 - 20:49:57: [adminsounds.smx] 63 sounds loaded
L 07/18/2020 - 20:50:03: [randomcycle.smx] RandomCycle has chosen dod_rennes_xmas for the nextmap.
L 07/18/2020 - 20:58:56: [mapchooser.smx] Voting for next map has started.
L 07/18/2020 - 21:00:02: [SM] Changed map to "dod_gan"
L 07/18/2020 - 21:00:02: [SM] Changed map to "dod_gan"
L 07/18/2020 - 21:00:04: -------- Mapchange to dod_gan --------
L 07/18/2020 - 21:00:04: [adminsounds.smx] 63 sounds loaded
L 07/18/2020 - 21:00:06: -------- Mapchange to dod_gan --------
L 07/18/2020 - 21:00:06: [adminsounds.smx] 63 sounds loaded
L 07/18/2020 - 21:00:12: [randomcycle.smx] RandomCycle has chosen dod_kalt for the nextmap.
L 07/18/2020 - 21:09:05: [mapchooser.smx] Voting for next map has started.
L 07/18/2020 - 21:10:11: [SM] Changed map to "dod_cr44b3_remake"
L 07/18/2020 - 21:10:11: [SM] Changed map to "dod_cr44b3_remake"
L 07/18/2020 - 21:10:13: -------- Mapchange to dod_cr44b3_remake --------
L 07/18/2020 - 21:10:13: [adminsounds.smx] 63 sounds loaded
L 07/18/2020 - 21:10:16: -------- Mapchange to dod_cr44b3_remake --------
L 07/18/2020 - 21:10:16: [adminsounds.smx] 63 sounds loaded
L 07/18/2020 - 21:10:22: [randomcycle.smx] RandomCycle has chosen dod_flash for the nextmap.
L 07/18/2020 - 21:19:15: [mapchooser.smx] Voting for next map has started.
L 07/18/2020 - 21:20:21: [SM] Changed map to "dod_stug"
L 07/18/2020 - 21:20:21: [SM] Changed map to "dod_stug"
L 07/18/2020 - 21:20:23: -------- Mapchange to dod_stug --------
L 07/18/2020 - 21:20:24: [adminsounds.smx] 63 sounds loaded
L 07/18/2020 - 21:20:27: -------- Mapchange to dod_stug --------
L 07/18/2020 - 21:20:27: [adminsounds.smx] 63 sounds loaded
L 07/18/2020 - 21:20:33: [randomcycle.smx] RandomCycle has chosen dod_cr44b3_remake for the nextmap.
L 07/18/2020 - 21:29:26: [mapchooser.smx] Voting for next map has started.
L 07/18/2020 - 21:30:32: [SM] Changed map to "dod_snow_battlefield_final"
L 07/18/2020 - 21:30:32: [SM] Changed map to "dod_snow_battlefield_final"
L 07/18/2020 - 21:30:34: -------- Mapchange to dod_snow_battlefield_final --------
L 07/18/2020 - 21:30:34: [adminsounds.smx] 63 sounds loaded
L 07/18/2020 - 21:30:37: -------- Mapchange to dod_snow_battlefield_final --------
L 07/18/2020 - 21:30:37: [adminsounds.smx] 63 sounds loaded
L 07/18/2020 - 21:30:43: [randomcycle.smx] RandomCycle has chosen dod_gan for the nextmap.
L 07/18/2020 - 21:39:36: [mapchooser.smx] Voting for next map has started.
L 07/18/2020 - 21:40:42: [SM] Changed map to "dod_avalanche"
L 07/18/2020 - 21:40:42: [SM] Changed map to "dod_avalanche"
L 07/18/2020 - 21:40:44: -------- Mapchange to dod_avalanche --------
L 07/18/2020 - 21:40:44: [adminsounds.smx] 63 sounds loaded
L 07/18/2020 - 21:40:46: -------- Mapchange to dod_avalanche --------
L 07/18/2020 - 21:40:46: [adminsounds.smx] 63 sounds loaded
L 07/18/2020 - 21:40:52: [randomcycle.smx] RandomCycle has chosen dod_jagd for the nextmap.
L 07/18/2020 - 21:49:45: [mapchooser.smx] Voting for next map has started.
L 07/18/2020 - 21:49:49: [mapchooser.smx] Voting for next map has finished. Nextmap: dod_flash.
L 07/18/2020 - 21:50:51: [SM] Changed map to "dod_flash"
L 07/18/2020 - 21:50:51: [SM] Changed map to "dod_flash"
L 07/18/2020 - 21:50:53: -------- Mapchange to dod_flash --------
L 07/18/2020 - 21:50:53: [adminsounds.smx] 63 sounds loaded
L 07/18/2020 - 21:50:56: -------- Mapchange to dod_flash --------
L 07/18/2020 - 21:50:56: [adminsounds.smx] 63 sounds loaded
L 07/18/2020 - 21:51:01: [randomcycle.smx] RandomCycle has chosen dod_beachlanding_tdf for the nextmap.
L 07/18/2020 - 21:54:41: [adminsounds.smx] "B0UL3T___0N3<759><[U:1:37484034]><>" launch the sound 1 - "Albatra"
L 07/18/2020 - 21:58:34: [adminsounds.smx] "B0UL3T___0N3<759><[U:1:37484034]><>" launch the sound 1 - "Faithless"
L 07/18/2020 - 21:59:55: [mapchooser.smx] Voting for next map has started.
L 07/18/2020 - 22:00:04: [mapchooser.smx] Voting for next map has finished. Nextmap: dod_longestday_b5.
L 07/18/2020 - 22:01:01: [SM] Changed map to "dod_longestday_b5"
L 07/18/2020 - 22:01:01: [SM] Changed map to "dod_longestday_b5"
L 07/18/2020 - 22:01:03: -------- Mapchange to dod_longestday_b5 --------
L 07/18/2020 - 22:01:03: [adminsounds.smx] 63 sounds loaded
L 07/18/2020 - 22:01:05: -------- Mapchange to dod_longestday_b5 --------
L 07/18/2020 - 22:01:05: [adminsounds.smx] 63 sounds loaded
L 07/18/2020 - 22:01:11: [randomcycle.smx] RandomCycle has chosen dod_lennon for the nextmap.
L 07/18/2020 - 22:10:04: [mapchooser.smx] Voting for next map has started.
L 07/18/2020 - 22:10:08: [mapchooser.smx] Voting for next map has finished. Nextmap: dod_rive_rc3.
L 07/18/2020 - 22:11:10: [SM] Changed map to "dod_rive_rc3"
L 07/18/2020 - 22:11:10: [SM] Changed map to "dod_rive_rc3"
L 07/18/2020 - 22:11:12: -------- Mapchange to dod_rive_rc3 --------
L 07/18/2020 - 22:11:12: [adminsounds.smx] 63 sounds loaded
L 07/18/2020 - 22:11:15: -------- Mapchange to dod_rive_rc3 --------
L 07/18/2020 - 22:11:15: [adminsounds.smx] 63 sounds loaded
L 07/18/2020 - 22:11:21: [randomcycle.smx] RandomCycle has chosen dod_rive_rc3 for the nextmap.
L 07/18/2020 - 22:20:14: [mapchooser.smx] Voting for next map has started.
L 07/18/2020 - 22:21:20: [SM] Changed map to "dod_coire_rc3"
L 07/18/2020 - 22:21:20: [SM] Changed map to "dod_coire_rc3"
L 07/18/2020 - 22:21:23: -------- Mapchange to dod_coire_rc3 --------
L 07/18/2020 - 22:21:23: [adminsounds.smx] 63 sounds loaded
L 07/18/2020 - 22:21:26: -------- Mapchange to dod_coire_rc3 --------
L 07/18/2020 - 22:21:26: [adminsounds.smx] 63 sounds loaded
L 07/18/2020 - 22:21:32: [randomcycle.smx] RandomCycle has chosen dod_longestday_b5 for the nextmap.
L 07/18/2020 - 22:30:25: [mapchooser.smx] Voting for next map has started.
L 07/18/2020 - 22:31:31: [SM] Changed map to "dod_gan"
L 07/18/2020 - 22:31:31: [SM] Changed map to "dod_gan"
L 07/18/2020 - 22:31:33: -------- Mapchange to dod_gan --------
L 07/18/2020 - 22:31:33: [adminsounds.smx] 63 sounds loaded
L 07/18/2020 - 22:31:35: -------- Mapchange to dod_gan --------
L 07/18/2020 - 22:31:35: [adminsounds.smx] 63 sounds loaded
L 07/18/2020 - 22:31:41: [randomcycle.smx] RandomCycle has chosen dod_strasbourg_b3 for the nextmap.
L 07/18/2020 - 22:40:34: [mapchooser.smx] Voting for next map has started.
L 07/18/2020 - 22:41:40: [SM] Changed map to "dod_real_arena"
L 07/18/2020 - 22:41:40: [SM] Changed map to "dod_real_arena"
L 07/18/2020 - 22:41:42: -------- Mapchange to dod_real_arena --------
L 07/18/2020 - 22:41:42: [adminsounds.smx] 63 sounds loaded
L 07/18/2020 - 22:41:45: -------- Mapchange to dod_real_arena --------
L 07/18/2020 - 22:41:45: [adminsounds.smx] 63 sounds loaded
L 07/18/2020 - 22:41:50: [randomcycle.smx] RandomCycle has chosen dod_aura for the nextmap.
L 07/18/2020 - 22:50:44: [mapchooser.smx] Voting for next map has started.
L 07/18/2020 - 22:51:49: [SM] Changed map to "dod_stug"
L 07/18/2020 - 22:51:50: [SM] Changed map to "dod_stug"
L 07/18/2020 - 22:51:52: -------- Mapchange to dod_stug --------
L 07/18/2020 - 22:51:53: [adminsounds.smx] 63 sounds loaded
L 07/18/2020 - 22:51:56: -------- Mapchange to dod_stug --------
L 07/18/2020 - 22:51:56: [adminsounds.smx] 63 sounds loaded
L 07/18/2020 - 22:52:02: [randomcycle.smx] RandomCycle has chosen dod_palermo for the nextmap.
L 07/18/2020 - 23:00:55: [mapchooser.smx] Voting for next map has started.
L 07/18/2020 - 23:02:01: [SM] Changed map to "dod_rennes_xmas"
L 07/18/2020 - 23:02:01: [SM] Changed map to "dod_rennes_xmas"
L 07/18/2020 - 23:02:03: -------- Mapchange to dod_rennes_xmas --------
L 07/18/2020 - 23:02:03: [adminsounds.smx] 63 sounds loaded
L 07/18/2020 - 23:02:06: -------- Mapchange to dod_rennes_xmas --------
L 07/18/2020 - 23:02:06: [adminsounds.smx] 63 sounds loaded
L 07/18/2020 - 23:02:12: [randomcycle.smx] RandomCycle has chosen dod_don for the nextmap.
L 07/18/2020 - 23:11:05: [mapchooser.smx] Voting for next map has started.
L 07/18/2020 - 23:12:11: [SM] Changed map to "dod_beachlanding_tdf"
L 07/18/2020 - 23:12:11: [SM] Changed map to "dod_beachlanding_tdf"
L 07/18/2020 - 23:12:13: -------- Mapchange to dod_beachlanding_tdf --------
L 07/18/2020 - 23:12:13: [adminsounds.smx] 63 sounds loaded
L 07/18/2020 - 23:12:15: -------- Mapchange to dod_beachlanding_tdf --------
L 07/18/2020 - 23:12:15: [adminsounds.smx] 63 sounds loaded
L 07/18/2020 - 23:12:21: [randomcycle.smx] RandomCycle has chosen dod_harrington for the nextmap.
L 07/18/2020 - 23:21:14: [mapchooser.smx] Voting for next map has started.
L 07/18/2020 - 23:22:21: [SM] Changed map to "dod_flash"
L 07/18/2020 - 23:22:21: [SM] Changed map to "dod_flash"
L 07/18/2020 - 23:22:23: -------- Mapchange to dod_flash --------
L 07/18/2020 - 23:22:23: [adminsounds.smx] 63 sounds loaded
L 07/18/2020 - 23:22:25: -------- Mapchange to dod_flash --------
L 07/18/2020 - 23:22:26: [adminsounds.smx] 63 sounds loaded
L 07/18/2020 - 23:22:31: [randomcycle.smx] RandomCycle has chosen dod_argentan for the nextmap.
L 07/18/2020 - 23:31:24: [mapchooser.smx] Voting for next map has started.
L 07/18/2020 - 23:32:31: [SM] Changed map to "dod_beaverville_b2"
L 07/18/2020 - 23:32:31: [SM] Changed map to "dod_beaverville_b2"
L 07/18/2020 - 23:32:33: -------- Mapchange to dod_beaverville_b2 --------
L 07/18/2020 - 23:32:33: [adminsounds.smx] 63 sounds loaded
L 07/18/2020 - 23:32:36: -------- Mapchange to dod_beaverville_b2 --------
L 07/18/2020 - 23:32:36: [adminsounds.smx] 63 sounds loaded
L 07/18/2020 - 23:32:42: [randomcycle.smx] RandomCycle has chosen dod_real_arena for the nextmap.
L 07/18/2020 - 23:41:35: [mapchooser.smx] Voting for next map has started.
L 07/18/2020 - 23:42:41: [SM] Changed map to "dod_harrington"
L 07/18/2020 - 23:42:41: [SM] Changed map to "dod_harrington"
L 07/18/2020 - 23:42:44: -------- Mapchange to dod_harrington --------
L 07/18/2020 - 23:42:44: [adminsounds.smx] 63 sounds loaded
L 07/18/2020 - 23:42:47: -------- Mapchange to dod_harrington --------
L 07/18/2020 - 23:42:48: [adminsounds.smx] 63 sounds loaded
L 07/18/2020 - 23:42:53: [randomcycle.smx] RandomCycle has chosen dod_gan for the nextmap.
L 07/18/2020 - 23:51:46: [mapchooser.smx] Voting for next map has started.
L 07/18/2020 - 23:52:52: [SM] Changed map to "dod_jagd"
L 07/18/2020 - 23:52:52: [SM] Changed map to "dod_jagd"
L 07/18/2020 - 23:52:55: -------- Mapchange to dod_jagd --------
L 07/18/2020 - 23:52:56: [adminsounds.smx] 63 sounds loaded
L 07/18/2020 - 23:52:59: -------- Mapchange to dod_jagd --------
L 07/18/2020 - 23:52:59: [adminsounds.smx] 63 sounds loaded
L 07/18/2020 - 23:53:05: [randomcycle.smx] RandomCycle has chosen dod_crash for the nextmap.
L 07/19/2020 - 00:01:58: Log file closed.
