L 07/04/2020 - 00:02:03: SourceMod log file session started (file "/home/srvdod/srcds/dod_s/dod/addons/sourcemod/logs/L20200704.log") (Version "1.10.0.6490")
L 07/04/2020 - 00:02:03: [mapchooser.smx] Voting for next map has started.
L 07/04/2020 - 00:06:04: [SM] Changed map to "acc_labice"
L 07/04/2020 - 00:06:04: [SM] Changed map to "acc_labice"
L 07/04/2020 - 00:06:05: -------- Mapchange to acc_labice --------
L 07/04/2020 - 00:06:06: -------- Mapchange to acc_labice --------
L 07/04/2020 - 00:06:11: [randomcycle.smx] RandomCycle has chosen dod_orange_damier_v2 for the nextmap.
L 07/04/2020 - 00:13:04: [mapchooser.smx] Voting for next map has started.
L 07/04/2020 - 00:17:05: [SM] Changed map to "dod_kalt"
L 07/04/2020 - 00:17:05: [SM] Changed map to "dod_kalt"
L 07/04/2020 - 00:17:06: -------- Mapchange to dod_kalt --------
L 07/04/2020 - 00:17:07: -------- Mapchange to dod_kalt --------
L 07/04/2020 - 00:17:12: [randomcycle.smx] RandomCycle has chosen dod_orange_bridges for the nextmap.
L 07/04/2020 - 00:24:05: [mapchooser.smx] Voting for next map has started.
L 07/04/2020 - 00:28:06: [SM] Changed map to "mario_air"
L 07/04/2020 - 00:28:06: [SM] Changed map to "mario_air"
L 07/04/2020 - 00:28:07: -------- Mapchange to mario_air --------
L 07/04/2020 - 00:28:08: -------- Mapchange to mario_air --------
L 07/04/2020 - 00:28:13: [randomcycle.smx] RandomCycle has chosen dod_sand_rats_2006 for the nextmap.
L 07/04/2020 - 00:35:06: [mapchooser.smx] Voting for next map has started.
L 07/04/2020 - 00:39:07: [SM] Changed map to "dod_beer_circus"
L 07/04/2020 - 00:39:07: [SM] Changed map to "dod_beer_circus"
L 07/04/2020 - 00:39:16: -------- Mapchange to dod_beer_circus --------
L 07/04/2020 - 00:39:25: -------- Mapchange to dod_beer_circus --------
L 07/04/2020 - 00:39:30: [randomcycle.smx] RandomCycle has chosen dod_cdc_rats_rm for the nextmap.
L 07/04/2020 - 00:46:23: [mapchooser.smx] Voting for next map has started.
L 07/04/2020 - 00:50:24: [SM] Changed map to "dod_colmar"
L 07/04/2020 - 00:50:24: [SM] Changed map to "dod_colmar"
L 07/04/2020 - 00:50:26: -------- Mapchange to dod_colmar --------
L 07/04/2020 - 00:50:28: -------- Mapchange to dod_colmar --------
L 07/04/2020 - 00:50:33: [randomcycle.smx] RandomCycle has chosen dod_monopoly_source for the nextmap.
L 07/04/2020 - 00:57:26: [mapchooser.smx] Voting for next map has started.
L 07/04/2020 - 01:01:27: [SM] Changed map to "dod_4pyramides"
L 07/04/2020 - 01:01:27: [SM] Changed map to "dod_4pyramides"
L 07/04/2020 - 01:01:28: -------- Mapchange to dod_4pyramides --------
L 07/04/2020 - 01:01:29: -------- Mapchange to dod_4pyramides --------
L 07/04/2020 - 01:01:34: [randomcycle.smx] RandomCycle has chosen dod_dust2_snow_xmas for the nextmap.
L 07/04/2020 - 01:08:27: [mapchooser.smx] Voting for next map has started.
L 07/04/2020 - 01:12:28: [SM] Changed map to "dod_rats"
L 07/04/2020 - 01:12:28: [SM] Changed map to "dod_rats"
L 07/04/2020 - 01:12:29: -------- Mapchange to dod_rats --------
L 07/04/2020 - 01:12:30: -------- Mapchange to dod_rats --------
L 07/04/2020 - 01:12:35: [randomcycle.smx] RandomCycle has chosen dod_kalt for the nextmap.
L 07/04/2020 - 01:16:08: [basecommands.smx] "B0UL3T___0N3<10><[U:1:37484034]><>" changed map to "dod_deux_chateaux_final"
L 07/04/2020 - 01:16:11: [SM] Changed map to "dod_deux_chateaux_final"
L 07/04/2020 - 01:16:12: -------- Mapchange to dod_deux_chateaux_final --------
L 07/04/2020 - 01:16:17: [randomcycle.smx] RandomCycle has chosen dod_legoland_b2 for the nextmap.
L 07/04/2020 - 01:23:10: [mapchooser.smx] Voting for next map has started.
L 07/04/2020 - 01:27:12: [SM] Changed map to "dod_flash"
L 07/04/2020 - 01:27:12: [SM] Changed map to "dod_flash"
L 07/04/2020 - 01:27:13: -------- Mapchange to dod_flash --------
L 07/04/2020 - 01:27:14: -------- Mapchange to dod_flash --------
L 07/04/2020 - 01:27:19: [randomcycle.smx] RandomCycle has chosen dod_dli_football_b1 for the nextmap.
L 07/04/2020 - 01:30:20: [basecommands.smx] "B0UL3T___0N3<12><[U:1:37484034]><>" changed map to "dod_avalanche"
L 07/04/2020 - 01:30:23: [SM] Changed map to "dod_avalanche"
L 07/04/2020 - 01:30:24: -------- Mapchange to dod_avalanche --------
L 07/04/2020 - 01:30:29: [randomcycle.smx] RandomCycle has chosen dod_deux_chateaux_final for the nextmap.
L 07/04/2020 - 01:37:22: [mapchooser.smx] Voting for next map has started.
L 07/04/2020 - 01:40:09: [basecommands.smx] "B0UL3T___0N3<12><[U:1:37484034]><>" changed map to "dod_bigbunky_v4"
L 07/04/2020 - 01:40:13: [SM] Changed map to "dod_bigbunky_v4"
L 07/04/2020 - 01:40:13: -------- Mapchange to dod_bigbunky_v4 --------
L 07/04/2020 - 01:40:19: [randomcycle.smx] RandomCycle has chosen dod_orange_sniper for the nextmap.
L 07/04/2020 - 01:47:12: [mapchooser.smx] Voting for next map has started.
L 07/04/2020 - 01:48:37: [basecommands.smx] "B0UL3T___0N3<13><[U:1:37484034]><>" changed map to "dod_football_a"
L 07/04/2020 - 01:48:40: [SM] Changed map to "dod_football_a"
L 07/04/2020 - 01:48:40: -------- Mapchange to dod_football_a --------
L 07/04/2020 - 01:48:46: [randomcycle.smx] RandomCycle has chosen dod_solitude_rats for the nextmap.
L 07/04/2020 - 01:55:39: [mapchooser.smx] Voting for next map has started.
L 07/04/2020 - 01:59:40: [SM] Changed map to "dod_iceworld_final_[bds]_doc"
L 07/04/2020 - 01:59:40: [SM] Changed map to "dod_iceworld_final_[bds]_doc"
L 07/04/2020 - 01:59:40: -------- Mapchange to dod_iceworld_final_[bds]_doc --------
L 07/04/2020 - 01:59:41: -------- Mapchange to dod_iceworld_final_[bds]_doc --------
L 07/04/2020 - 01:59:46: [randomcycle.smx] RandomCycle has chosen dod_flash for the nextmap.
L 07/04/2020 - 02:06:39: [mapchooser.smx] Voting for next map has started.
L 07/04/2020 - 02:10:41: [SM] Changed map to "dod_aimap_b1"
L 07/04/2020 - 02:10:41: [SM] Changed map to "dod_aimap_b1"
L 07/04/2020 - 02:10:42: -------- Mapchange to dod_aimap_b1 --------
L 07/04/2020 - 02:10:43: -------- Mapchange to dod_aimap_b1 --------
L 07/04/2020 - 02:10:48: [randomcycle.smx] RandomCycle has chosen dod_jagd for the nextmap.
L 07/04/2020 - 02:17:41: [mapchooser.smx] Voting for next map has started.
L 07/04/2020 - 02:21:42: [SM] Changed map to "dod_donner"
L 07/04/2020 - 02:21:42: [SM] Changed map to "dod_donner"
L 07/04/2020 - 02:21:43: -------- Mapchange to dod_donner --------
L 07/04/2020 - 02:21:44: -------- Mapchange to dod_donner --------
L 07/04/2020 - 02:21:50: [randomcycle.smx] RandomCycle has chosen dod_murky_p2 for the nextmap.
L 07/04/2020 - 02:28:43: [mapchooser.smx] Voting for next map has started.
L 07/04/2020 - 02:32:44: [SM] Changed map to "dod_orange_wallhack"
L 07/04/2020 - 02:32:44: [SM] Changed map to "dod_orange_wallhack"
L 07/04/2020 - 02:32:44: -------- Mapchange to dod_orange_wallhack --------
L 07/04/2020 - 02:32:45: -------- Mapchange to dod_orange_wallhack --------
L 07/04/2020 - 02:32:51: [randomcycle.smx] RandomCycle has chosen dod_bunky2_modified for the nextmap.
L 07/04/2020 - 02:39:44: [mapchooser.smx] Voting for next map has started.
L 07/04/2020 - 02:43:45: [SM] Changed map to "dod_oasis_v1a"
L 07/04/2020 - 02:43:45: [SM] Changed map to "dod_oasis_v1a"
L 07/04/2020 - 02:43:46: -------- Mapchange to dod_oasis_v1a --------
L 07/04/2020 - 02:43:47: -------- Mapchange to dod_oasis_v1a --------
L 07/04/2020 - 02:43:52: [randomcycle.smx] RandomCycle has chosen dod_orange_wallhack for the nextmap.
L 07/04/2020 - 02:50:45: [mapchooser.smx] Voting for next map has started.
L 07/04/2020 - 02:54:46: [SM] Changed map to "dod_dli_football_b1"
L 07/04/2020 - 02:54:46: [SM] Changed map to "dod_dli_football_b1"
L 07/04/2020 - 02:54:47: -------- Mapchange to dod_dli_football_b1 --------
L 07/04/2020 - 02:54:48: -------- Mapchange to dod_dli_football_b1 --------
L 07/04/2020 - 02:54:53: [randomcycle.smx] RandomCycle has chosen dod_oasis_v1a for the nextmap.
L 07/04/2020 - 03:01:46: [mapchooser.smx] Voting for next map has started.
L 07/04/2020 - 03:02:23: [basecommands.smx] "B0UL3T___0N3<23><[U:1:37484034]><>" changed map to "dod_sucette_v3"
L 07/04/2020 - 03:02:26: [SM] Changed map to "dod_sucette_v3"
L 07/04/2020 - 03:02:27: -------- Mapchange to dod_sucette_v3 --------
L 07/04/2020 - 03:02:33: [randomcycle.smx] RandomCycle has chosen dod_sucette_v3 for the nextmap.
L 07/04/2020 - 03:04:17: [funcommands.smx] "B0UL3T___0N3<23><[U:1:37484034]><>" toggled noclip on "B0UL3T___0N3<23><[U:1:37484034]><>"
L 07/04/2020 - 03:04:59: [funcommands.smx] "B0UL3T___0N3<23><[U:1:37484034]><>" toggled noclip on "B0UL3T___0N3<23><[U:1:37484034]><>"
L 07/04/2020 - 03:05:03: [funcommands.smx] "B0UL3T___0N3<23><[U:1:37484034]><>" toggled noclip on "B0UL3T___0N3<23><[U:1:37484034]><>"
L 07/04/2020 - 03:05:11: [funcommands.smx] "B0UL3T___0N3<23><[U:1:37484034]><>" toggled noclip on "B0UL3T___0N3<23><[U:1:37484034]><>"
L 07/04/2020 - 03:05:37: [funcommands.smx] "B0UL3T___0N3<23><[U:1:37484034]><>" set a TimeBomb on "B0UL3T___0N3<23><[U:1:37484034]><>"
L 07/04/2020 - 03:06:08: [funcommands.smx] "B0UL3T___0N3<23><[U:1:37484034]><>" drugged "B0UL3T___0N3<23><[U:1:37484034]><>"
L 07/04/2020 - 03:06:28: [funcommands.smx] "B0UL3T___0N3<23><[U:1:37484034]><>" undrugged "B0UL3T___0N3<23><[U:1:37484034]><>"
L 07/04/2020 - 03:06:56: [funcommands.smx] "B0UL3T___0N3<23><[U:1:37484034]><>" set gravity on "B0UL3T___0N3<23><[U:1:37484034]><>" (amount "0.100000")
L 07/04/2020 - 03:07:05: [funcommands.smx] "B0UL3T___0N3<23><[U:1:37484034]><>" set gravity on "B0UL3T___0N3<23><[U:1:37484034]><>" (amount "0.100000")
L 07/04/2020 - 03:07:19: [funcommands.smx] "B0UL3T___0N3<23><[U:1:37484034]><>" set gravity on "B0UL3T___0N3<23><[U:1:37484034]><>" (amount "0.500000")
L 07/04/2020 - 03:07:40: [playercommands.smx] "B0UL3T___0N3<23><[U:1:37484034]><>" renamed "B0UL3T___0N3<23><[U:1:37484034]><>" (to "_N_B3U_LU__3")
L 07/04/2020 - 03:07:44: [playercommands.smx] "_N_B3U_LU__3<23><[U:1:37484034]><>" renamed "_N_B3U_LU__3<23><[U:1:37484034]><>" (to "_3U___U3__L_")
L 07/04/2020 - 03:07:45: [playercommands.smx] "_3U___U3__L_<23><[U:1:37484034]><>" renamed "_3U___U3__L_<23><[U:1:37484034]><>" (to "_3U____33_U_")
L 07/04/2020 - 03:07:46: [playercommands.smx] "_3U____33_U_<23><[U:1:37484034]><>" renamed "_3U____33_U_<23><[U:1:37484034]><>" (to "___3U__UU3U_")
L 07/04/2020 - 03:07:47: [playercommands.smx] "___3U__UU3U_<23><[U:1:37484034]><>" renamed "___3U__UU3U_<23><[U:1:37484034]><>" (to "_U_UU_UUUU__")
L 07/04/2020 - 03:07:48: [playercommands.smx] "_U_UU_UUUU__<23><[U:1:37484034]><>" renamed "_U_UU_UUUU__<23><[U:1:37484034]><>" (to "UU_____U_UUU")
L 07/04/2020 - 03:07:48: [playercommands.smx] "UU_____U_UUU<23><[U:1:37484034]><>" renamed "UU_____U_UUU<23><[U:1:37484034]><>" (to "__U_U__U__U_")
L 07/04/2020 - 03:07:49: [playercommands.smx] "__U_U__U__U_<23><[U:1:37484034]><>" renamed "__U_U__U__U_<23><[U:1:37484034]><>" (to "_____U_U_UU_")
L 07/04/2020 - 03:07:49: [playercommands.smx] "_____U_U_UU_<23><[U:1:37484034]><>" renamed "_____U_U_UU_<23><[U:1:37484034]><>" (to "___UU__UU___")
L 07/04/2020 - 03:07:50: [playercommands.smx] "___UU__UU___<23><[U:1:37484034]><>" renamed "___UU__UU___<23><[U:1:37484034]><>" (to "___U________")
L 07/04/2020 - 03:07:50: [playercommands.smx] "___U________<23><[U:1:37484034]><>" renamed "___U________<23><[U:1:37484034]><>" (to "__________U_")
L 07/04/2020 - 03:07:50: [playercommands.smx] "__________U_<23><[U:1:37484034]><>" renamed "__________U_<23><[U:1:37484034]><>" (to "____________")
L 07/04/2020 - 03:07:51: [playercommands.smx] "____________<23><[U:1:37484034]><>" renamed "____________<23><[U:1:37484034]><>" (to "____________")
L 07/04/2020 - 03:07:51: [playercommands.smx] "____________<23><[U:1:37484034]><>" renamed "____________<23><[U:1:37484034]><>" (to "____________")
L 07/04/2020 - 03:08:08: [funcommands.smx] "____________<23><[U:1:37484034]><>" set a FireBomb on "____________<23><[U:1:37484034]><>"
L 07/04/2020 - 03:08:24: [funcommands.smx] "____________<23><[U:1:37484034]><>" set a FireBomb on "____________<23><[U:1:37484034]><>"
L 07/04/2020 - 03:09:26: [mapchooser.smx] Voting for next map has started.
L 07/04/2020 - 03:09:45: [mapchooser.smx] Voting for next map has finished. Nextmap: dod_avalanche@night.
L 07/04/2020 - 03:11:22: [funvotes.smx] "____________<23><[U:1:37484034]><>" initiated a burn vote against "____________<23><[U:1:37484034]><>"
L 07/04/2020 - 03:11:25: [funvotes.smx] Vote burn successful, igniting "____________<23><[U:1:37484034]><>"
L 07/04/2020 - 03:13:27: [SM] Changed map to "dod_avalanche@night"
L 07/04/2020 - 03:13:27: [SM] Changed map to "dod_avalanche@night"
L 07/04/2020 - 03:13:28: -------- Mapchange to dod_avalanche@night --------
L 07/04/2020 - 03:13:29: -------- Mapchange to dod_avalanche@night --------
L 07/04/2020 - 03:13:35: [randomcycle.smx] RandomCycle has chosen dod_4pyramides for the nextmap.
L 07/04/2020 - 03:20:28: [mapchooser.smx] Voting for next map has started.
L 07/04/2020 - 03:24:29: [SM] Changed map to "dod_football_a"
L 07/04/2020 - 03:24:29: [SM] Changed map to "dod_football_a"
L 07/04/2020 - 03:24:30: -------- Mapchange to dod_football_a --------
L 07/04/2020 - 03:24:31: -------- Mapchange to dod_football_a --------
L 07/04/2020 - 03:24:36: [randomcycle.smx] RandomCycle has chosen dod_dli_football_b1 for the nextmap.
L 07/04/2020 - 03:31:29: [mapchooser.smx] Voting for next map has started.
L 07/04/2020 - 03:35:30: [SM] Changed map to "dod_orange_wallhack"
L 07/04/2020 - 03:35:30: [SM] Changed map to "dod_orange_wallhack"
L 07/04/2020 - 03:35:31: -------- Mapchange to dod_orange_wallhack --------
L 07/04/2020 - 03:35:32: -------- Mapchange to dod_orange_wallhack --------
L 07/04/2020 - 03:35:37: [randomcycle.smx] RandomCycle has chosen dod_sniper_wars_beta for the nextmap.
L 07/04/2020 - 03:42:30: [mapchooser.smx] Voting for next map has started.
L 07/04/2020 - 03:46:31: [SM] Changed map to "dod_aimap_b1"
L 07/04/2020 - 03:46:31: [SM] Changed map to "dod_aimap_b1"
L 07/04/2020 - 03:46:32: -------- Mapchange to dod_aimap_b1 --------
L 07/04/2020 - 03:46:33: -------- Mapchange to dod_aimap_b1 --------
L 07/04/2020 - 03:46:38: [randomcycle.smx] RandomCycle has chosen sniperzone for the nextmap.
L 07/04/2020 - 03:53:31: [mapchooser.smx] Voting for next map has started.
L 07/04/2020 - 03:57:32: [SM] Changed map to "dod_sniper_killbox_v2"
L 07/04/2020 - 03:57:32: [SM] Changed map to "dod_sniper_killbox_v2"
L 07/04/2020 - 03:57:33: -------- Mapchange to dod_sniper_killbox_v2 --------
L 07/04/2020 - 03:57:34: -------- Mapchange to dod_sniper_killbox_v2 --------
L 07/04/2020 - 03:57:39: [randomcycle.smx] RandomCycle has chosen mario_air for the nextmap.
L 07/04/2020 - 04:04:32: [mapchooser.smx] Voting for next map has started.
L 07/04/2020 - 04:08:33: [SM] Changed map to "dod_avalanche@night"
L 07/04/2020 - 04:08:33: [SM] Changed map to "dod_avalanche@night"
L 07/04/2020 - 04:08:35: -------- Mapchange to dod_avalanche@night --------
L 07/04/2020 - 04:08:36: -------- Mapchange to dod_avalanche@night --------
L 07/04/2020 - 04:08:41: [randomcycle.smx] RandomCycle has chosen dod_mousekitchen_ed for the nextmap.
L 07/04/2020 - 04:15:34: [mapchooser.smx] Voting for next map has started.
L 07/04/2020 - 04:19:35: [SM] Changed map to "dod_risk_b9"
L 07/04/2020 - 04:19:35: [SM] Changed map to "dod_risk_b9"
L 07/04/2020 - 04:19:38: -------- Mapchange to dod_risk_b9 --------
L 07/04/2020 - 04:19:40: -------- Mapchange to dod_risk_b9 --------
L 07/04/2020 - 04:19:46: [randomcycle.smx] RandomCycle has chosen dod_football_a for the nextmap.
L 07/04/2020 - 04:26:39: [mapchooser.smx] Voting for next map has started.
L 07/04/2020 - 04:30:40: [SM] Changed map to "dod_anzio"
L 07/04/2020 - 04:30:40: [SM] Changed map to "dod_anzio"
L 07/04/2020 - 04:30:41: -------- Mapchange to dod_anzio --------
L 07/04/2020 - 04:30:43: -------- Mapchange to dod_anzio --------
L 07/04/2020 - 04:30:48: [randomcycle.smx] RandomCycle has chosen dod_solitude_rats for the nextmap.
L 07/04/2020 - 04:37:41: [mapchooser.smx] Voting for next map has started.
L 07/04/2020 - 04:41:42: [SM] Changed map to "dod_orange_sniper"
L 07/04/2020 - 04:41:42: [SM] Changed map to "dod_orange_sniper"
L 07/04/2020 - 04:41:43: -------- Mapchange to dod_orange_sniper --------
L 07/04/2020 - 04:41:44: -------- Mapchange to dod_orange_sniper --------
L 07/04/2020 - 04:41:49: [randomcycle.smx] RandomCycle has chosen acc_labice for the nextmap.
L 07/04/2020 - 04:48:42: [mapchooser.smx] Voting for next map has started.
L 07/04/2020 - 04:52:43: [SM] Changed map to "dod_avalanche@night"
L 07/04/2020 - 04:52:43: [SM] Changed map to "dod_avalanche@night"
L 07/04/2020 - 04:52:45: -------- Mapchange to dod_avalanche@night --------
L 07/04/2020 - 04:52:46: -------- Mapchange to dod_avalanche@night --------
L 07/04/2020 - 04:52:51: [randomcycle.smx] RandomCycle has chosen dod_rats for the nextmap.
L 07/04/2020 - 04:59:44: [mapchooser.smx] Voting for next map has started.
L 07/04/2020 - 05:03:45: [SM] Changed map to "dod_bunky2_modified"
L 07/04/2020 - 05:03:45: [SM] Changed map to "dod_bunky2_modified"
L 07/04/2020 - 05:03:46: -------- Mapchange to dod_bunky2_modified --------
L 07/04/2020 - 05:03:48: -------- Mapchange to dod_bunky2_modified --------
L 07/04/2020 - 05:03:53: [randomcycle.smx] RandomCycle has chosen dod_dust2_snow_xmas for the nextmap.
L 07/04/2020 - 05:10:46: [mapchooser.smx] Voting for next map has started.
L 07/04/2020 - 05:14:47: [SM] Changed map to "dod_cdc_rats_rm"
L 07/04/2020 - 05:14:47: [SM] Changed map to "dod_cdc_rats_rm"
L 07/04/2020 - 05:14:48: -------- Mapchange to dod_cdc_rats_rm --------
L 07/04/2020 - 05:14:49: -------- Mapchange to dod_cdc_rats_rm --------
L 07/04/2020 - 05:14:54: [randomcycle.smx] RandomCycle has chosen dod_risk_b9 for the nextmap.
L 07/04/2020 - 05:21:47: [mapchooser.smx] Voting for next map has started.
L 07/04/2020 - 05:25:48: [SM] Changed map to "dod_orange_cancrelats"
L 07/04/2020 - 05:25:48: [SM] Changed map to "dod_orange_cancrelats"
L 07/04/2020 - 05:25:49: -------- Mapchange to dod_orange_cancrelats --------
L 07/04/2020 - 05:25:51: -------- Mapchange to dod_orange_cancrelats --------
L 07/04/2020 - 05:25:56: [randomcycle.smx] RandomCycle has chosen dod_deux_chateaux_final for the nextmap.
L 07/04/2020 - 05:32:49: [mapchooser.smx] Voting for next map has started.
L 07/04/2020 - 05:36:50: [SM] Changed map to "cdcmarijuana!"
L 07/04/2020 - 05:36:50: [SM] Changed map to "cdcmarijuana!"
L 07/04/2020 - 05:36:51: -------- Mapchange to cdcmarijuana! --------
L 07/04/2020 - 05:36:52: -------- Mapchange to cdcmarijuana! --------
L 07/04/2020 - 05:36:57: [randomcycle.smx] RandomCycle has chosen dod_kalt for the nextmap.
L 07/04/2020 - 05:43:50: [mapchooser.smx] Voting for next map has started.
L 07/04/2020 - 05:47:51: [SM] Changed map to "dod_oasis_v1a"
L 07/04/2020 - 05:47:51: [SM] Changed map to "dod_oasis_v1a"
L 07/04/2020 - 05:47:53: -------- Mapchange to dod_oasis_v1a --------
L 07/04/2020 - 05:47:54: -------- Mapchange to dod_oasis_v1a --------
L 07/04/2020 - 05:47:59: [randomcycle.smx] RandomCycle has chosen dod_murky_p2 for the nextmap.
L 07/04/2020 - 05:54:52: [mapchooser.smx] Voting for next map has started.
L 07/04/2020 - 05:58:53: [SM] Changed map to "dod_risk_b9"
L 07/04/2020 - 05:58:53: [SM] Changed map to "dod_risk_b9"
L 07/04/2020 - 05:58:56: -------- Mapchange to dod_risk_b9 --------
L 07/04/2020 - 05:58:59: -------- Mapchange to dod_risk_b9 --------
L 07/04/2020 - 05:59:04: [randomcycle.smx] RandomCycle has chosen dod_sand_rats_2006 for the nextmap.
L 07/04/2020 - 06:05:57: [mapchooser.smx] Voting for next map has started.
L 07/04/2020 - 06:09:58: [SM] Changed map to "dod_flash"
L 07/04/2020 - 06:09:58: [SM] Changed map to "dod_flash"
L 07/04/2020 - 06:09:59: -------- Mapchange to dod_flash --------
L 07/04/2020 - 06:10:01: -------- Mapchange to dod_flash --------
L 07/04/2020 - 06:10:06: [randomcycle.smx] RandomCycle has chosen dod_avalanche for the nextmap.
L 07/04/2020 - 06:16:59: [mapchooser.smx] Voting for next map has started.
L 07/04/2020 - 06:21:00: [SM] Changed map to "dod_4pyramides"
L 07/04/2020 - 06:21:00: [SM] Changed map to "dod_4pyramides"
L 07/04/2020 - 06:21:01: -------- Mapchange to dod_4pyramides --------
L 07/04/2020 - 06:21:03: -------- Mapchange to dod_4pyramides --------
L 07/04/2020 - 06:21:08: [randomcycle.smx] RandomCycle has chosen dod_fullhouse for the nextmap.
L 07/04/2020 - 06:28:01: [mapchooser.smx] Voting for next map has started.
L 07/04/2020 - 06:32:02: [SM] Changed map to "dod_monopoly_source"
L 07/04/2020 - 06:32:02: [SM] Changed map to "dod_monopoly_source"
L 07/04/2020 - 06:32:03: -------- Mapchange to dod_monopoly_source --------
L 07/04/2020 - 06:32:04: -------- Mapchange to dod_monopoly_source --------
L 07/04/2020 - 06:32:10: [randomcycle.smx] RandomCycle has chosen dod_orange_sniper for the nextmap.
L 07/04/2020 - 06:39:03: [mapchooser.smx] Voting for next map has started.
L 07/04/2020 - 06:43:04: [SM] Changed map to "babyfight_arena"
L 07/04/2020 - 06:43:04: [SM] Changed map to "babyfight_arena"
L 07/04/2020 - 06:43:05: -------- Mapchange to babyfight_arena --------
L 07/04/2020 - 06:43:06: -------- Mapchange to babyfight_arena --------
L 07/04/2020 - 06:43:11: [randomcycle.smx] RandomCycle has chosen dod_football_a for the nextmap.
L 07/04/2020 - 06:50:04: [mapchooser.smx] Voting for next map has started.
L 07/04/2020 - 06:54:05: [SM] Changed map to "dod_argentan"
L 07/04/2020 - 06:54:05: [SM] Changed map to "dod_argentan"
L 07/04/2020 - 06:54:07: -------- Mapchange to dod_argentan --------
L 07/04/2020 - 06:54:08: -------- Mapchange to dod_argentan --------
L 07/04/2020 - 06:54:14: [randomcycle.smx] RandomCycle has chosen dod_sniper_killbox_v2 for the nextmap.
L 07/04/2020 - 07:01:07: [mapchooser.smx] Voting for next map has started.
L 07/04/2020 - 07:05:08: [SM] Changed map to "dod_sniper_killbox_v2"
L 07/04/2020 - 07:05:08: [SM] Changed map to "dod_sniper_killbox_v2"
L 07/04/2020 - 07:05:09: -------- Mapchange to dod_sniper_killbox_v2 --------
L 07/04/2020 - 07:05:10: -------- Mapchange to dod_sniper_killbox_v2 --------
L 07/04/2020 - 07:05:16: [randomcycle.smx] RandomCycle has chosen dod_sucette_v3 for the nextmap.
L 07/04/2020 - 07:12:09: [mapchooser.smx] Voting for next map has started.
L 07/04/2020 - 07:16:10: [SM] Changed map to "dod_monopoly_source"
L 07/04/2020 - 07:16:10: [SM] Changed map to "dod_monopoly_source"
L 07/04/2020 - 07:16:11: -------- Mapchange to dod_monopoly_source --------
L 07/04/2020 - 07:16:12: -------- Mapchange to dod_monopoly_source --------
L 07/04/2020 - 07:16:17: [randomcycle.smx] RandomCycle has chosen dod_dli_football_b1 for the nextmap.
L 07/04/2020 - 07:23:10: [mapchooser.smx] Voting for next map has started.
L 07/04/2020 - 07:27:11: [SM] Changed map to "dod_avalanche@night"
L 07/04/2020 - 07:27:11: [SM] Changed map to "dod_avalanche@night"
L 07/04/2020 - 07:27:13: -------- Mapchange to dod_avalanche@night --------
L 07/04/2020 - 07:27:14: -------- Mapchange to dod_avalanche@night --------
L 07/04/2020 - 07:27:20: [randomcycle.smx] RandomCycle has chosen babyfight_arena for the nextmap.
L 07/04/2020 - 07:34:13: [mapchooser.smx] Voting for next map has started.
L 07/04/2020 - 07:38:14: [SM] Changed map to "dod_chocolate_fight_arena"
L 07/04/2020 - 07:38:14: [SM] Changed map to "dod_chocolate_fight_arena"
L 07/04/2020 - 07:38:15: -------- Mapchange to dod_chocolate_fight_arena --------
L 07/04/2020 - 07:38:16: -------- Mapchange to dod_chocolate_fight_arena --------
L 07/04/2020 - 07:38:22: [randomcycle.smx] RandomCycle has chosen dod_jagd for the nextmap.
L 07/04/2020 - 07:45:15: [mapchooser.smx] Voting for next map has started.
L 07/04/2020 - 07:49:16: [SM] Changed map to "dod_kalt"
L 07/04/2020 - 07:49:16: [SM] Changed map to "dod_kalt"
L 07/04/2020 - 07:49:17: -------- Mapchange to dod_kalt --------
L 07/04/2020 - 07:49:19: -------- Mapchange to dod_kalt --------
L 07/04/2020 - 07:49:25: [randomcycle.smx] RandomCycle has chosen dod_sniperarena_dgs2 for the nextmap.
L 07/04/2020 - 07:56:18: [mapchooser.smx] Voting for next map has started.
L 07/04/2020 - 08:00:19: [SM] Changed map to "dod_dli_football_b1"
L 07/04/2020 - 08:00:19: [SM] Changed map to "dod_dli_football_b1"
L 07/04/2020 - 08:00:20: -------- Mapchange to dod_dli_football_b1 --------
L 07/04/2020 - 08:00:21: -------- Mapchange to dod_dli_football_b1 --------
L 07/04/2020 - 08:00:27: [randomcycle.smx] RandomCycle has chosen dod_dust2_snow_xmas for the nextmap.
L 07/04/2020 - 08:07:20: [mapchooser.smx] Voting for next map has started.
L 07/04/2020 - 08:11:21: [SM] Changed map to "dod_beer_circus"
L 07/04/2020 - 08:11:21: [SM] Changed map to "dod_beer_circus"
L 07/04/2020 - 08:11:30: -------- Mapchange to dod_beer_circus --------
L 07/04/2020 - 08:11:39: -------- Mapchange to dod_beer_circus --------
L 07/04/2020 - 08:11:45: [randomcycle.smx] RandomCycle has chosen dod_bunky2_modified for the nextmap.
L 07/04/2020 - 08:18:38: [mapchooser.smx] Voting for next map has started.
L 07/04/2020 - 08:22:39: [SM] Changed map to "dod_aimap_b1"
L 07/04/2020 - 08:22:39: [SM] Changed map to "dod_aimap_b1"
L 07/04/2020 - 08:22:40: -------- Mapchange to dod_aimap_b1 --------
L 07/04/2020 - 08:22:41: -------- Mapchange to dod_aimap_b1 --------
L 07/04/2020 - 08:22:47: [randomcycle.smx] RandomCycle has chosen dod_orange_cancrelats for the nextmap.
L 07/04/2020 - 08:29:40: [mapchooser.smx] Voting for next map has started.
L 07/04/2020 - 08:33:41: [SM] Changed map to "dod_football_a"
L 07/04/2020 - 08:33:41: [SM] Changed map to "dod_football_a"
L 07/04/2020 - 08:33:42: -------- Mapchange to dod_football_a --------
L 07/04/2020 - 08:33:43: -------- Mapchange to dod_football_a --------
L 07/04/2020 - 08:33:49: [randomcycle.smx] RandomCycle has chosen dod_4pyramides for the nextmap.
L 07/04/2020 - 08:40:42: [mapchooser.smx] Voting for next map has started.
L 07/04/2020 - 08:44:43: [SM] Changed map to "dod_sewer_rats_b1"
L 07/04/2020 - 08:44:43: [SM] Changed map to "dod_sewer_rats_b1"
L 07/04/2020 - 08:44:44: -------- Mapchange to dod_sewer_rats_b1 --------
L 07/04/2020 - 08:44:45: -------- Mapchange to dod_sewer_rats_b1 --------
L 07/04/2020 - 08:44:51: [randomcycle.smx] RandomCycle has chosen dod_oasis_v1a for the nextmap.
L 07/04/2020 - 08:51:44: [mapchooser.smx] Voting for next map has started.
L 07/04/2020 - 08:55:45: [SM] Changed map to "dod_dust2_snow_xmas"
L 07/04/2020 - 08:55:45: [SM] Changed map to "dod_dust2_snow_xmas"
L 07/04/2020 - 08:55:46: -------- Mapchange to dod_dust2_snow_xmas --------
L 07/04/2020 - 08:55:48: -------- Mapchange to dod_dust2_snow_xmas --------
L 07/04/2020 - 08:55:53: [randomcycle.smx] RandomCycle has chosen dod_sand_rats_2006 for the nextmap.
L 07/04/2020 - 09:02:46: [mapchooser.smx] Voting for next map has started.
L 07/04/2020 - 09:06:47: [SM] Changed map to "mario_air"
L 07/04/2020 - 09:06:47: [SM] Changed map to "mario_air"
L 07/04/2020 - 09:06:48: -------- Mapchange to mario_air --------
L 07/04/2020 - 09:06:50: -------- Mapchange to mario_air --------
L 07/04/2020 - 09:06:55: [randomcycle.smx] RandomCycle has chosen dod_monopoly_source for the nextmap.
L 07/04/2020 - 09:13:48: [mapchooser.smx] Voting for next map has started.
L 07/04/2020 - 09:17:49: [SM] Changed map to "dod_orange_damier_v2"
L 07/04/2020 - 09:17:49: [SM] Changed map to "dod_orange_damier_v2"
L 07/04/2020 - 09:17:50: -------- Mapchange to dod_orange_damier_v2 --------
L 07/04/2020 - 09:17:52: -------- Mapchange to dod_orange_damier_v2 --------
L 07/04/2020 - 09:17:57: [randomcycle.smx] RandomCycle has chosen dod_orange_castel_evolution for the nextmap.
L 07/04/2020 - 09:24:50: [mapchooser.smx] Voting for next map has started.
L 07/04/2020 - 09:28:51: [SM] Changed map to "dod_orange_bridges"
L 07/04/2020 - 09:28:51: [SM] Changed map to "dod_orange_bridges"
L 07/04/2020 - 09:28:53: -------- Mapchange to dod_orange_bridges --------
L 07/04/2020 - 09:28:54: -------- Mapchange to dod_orange_bridges --------
L 07/04/2020 - 09:28:59: [randomcycle.smx] RandomCycle has chosen acc_labice for the nextmap.
L 07/04/2020 - 09:35:52: [mapchooser.smx] Voting for next map has started.
L 07/04/2020 - 09:39:53: [SM] Changed map to "dod_chocolate_fight_arena"
L 07/04/2020 - 09:39:53: [SM] Changed map to "dod_chocolate_fight_arena"
L 07/04/2020 - 09:39:55: -------- Mapchange to dod_chocolate_fight_arena --------
L 07/04/2020 - 09:39:56: -------- Mapchange to dod_chocolate_fight_arena --------
L 07/04/2020 - 09:40:02: [randomcycle.smx] RandomCycle has chosen dod_aimap_b1 for the nextmap.
L 07/04/2020 - 09:46:55: [mapchooser.smx] Voting for next map has started.
L 07/04/2020 - 09:50:56: [SM] Changed map to "dod_dust2_snow_xmas"
L 07/04/2020 - 09:50:56: [SM] Changed map to "dod_dust2_snow_xmas"
L 07/04/2020 - 09:50:57: -------- Mapchange to dod_dust2_snow_xmas --------
L 07/04/2020 - 09:50:59: -------- Mapchange to dod_dust2_snow_xmas --------
L 07/04/2020 - 09:51:04: [randomcycle.smx] RandomCycle has chosen dod_sucette_v3 for the nextmap.
L 07/04/2020 - 09:57:57: [mapchooser.smx] Voting for next map has started.
L 07/04/2020 - 10:01:58: [SM] Changed map to "dod_mousekitchen_ed"
L 07/04/2020 - 10:01:58: [SM] Changed map to "dod_mousekitchen_ed"
L 07/04/2020 - 10:01:59: -------- Mapchange to dod_mousekitchen_ed --------
L 07/04/2020 - 10:02:01: -------- Mapchange to dod_mousekitchen_ed --------
L 07/04/2020 - 10:02:06: [randomcycle.smx] RandomCycle has chosen dod_orange_sniper for the nextmap.
L 07/04/2020 - 10:08:59: [mapchooser.smx] Voting for next map has started.
L 07/04/2020 - 10:13:00: [SM] Changed map to "dod_football_a"
L 07/04/2020 - 10:13:00: [SM] Changed map to "dod_football_a"
L 07/04/2020 - 10:13:01: -------- Mapchange to dod_football_a --------
L 07/04/2020 - 10:13:03: -------- Mapchange to dod_football_a --------
L 07/04/2020 - 10:13:08: [randomcycle.smx] RandomCycle has chosen dod_avalanche for the nextmap.
L 07/04/2020 - 10:20:01: [mapchooser.smx] Voting for next map has started.
L 07/04/2020 - 10:24:03: [SM] Changed map to "dod_orange_damier_v2"
L 07/04/2020 - 10:24:03: [SM] Changed map to "dod_orange_damier_v2"
L 07/04/2020 - 10:24:04: -------- Mapchange to dod_orange_damier_v2 --------
L 07/04/2020 - 10:24:05: -------- Mapchange to dod_orange_damier_v2 --------
L 07/04/2020 - 10:24:11: [randomcycle.smx] RandomCycle has chosen dod_kalt for the nextmap.
L 07/04/2020 - 10:31:04: [mapchooser.smx] Voting for next map has started.
L 07/04/2020 - 10:35:05: [SM] Changed map to "dod_avalanche"
L 07/04/2020 - 10:35:05: [SM] Changed map to "dod_avalanche"
L 07/04/2020 - 10:35:07: -------- Mapchange to dod_avalanche --------
L 07/04/2020 - 10:35:09: -------- Mapchange to dod_avalanche --------
L 07/04/2020 - 10:35:14: [randomcycle.smx] RandomCycle has chosen dod_murky_p2 for the nextmap.
L 07/04/2020 - 10:42:07: [mapchooser.smx] Voting for next map has started.
L 07/04/2020 - 10:46:08: [SM] Changed map to "dod_orange_bridges"
L 07/04/2020 - 10:46:08: [SM] Changed map to "dod_orange_bridges"
L 07/04/2020 - 10:46:09: -------- Mapchange to dod_orange_bridges --------
L 07/04/2020 - 10:46:11: -------- Mapchange to dod_orange_bridges --------
L 07/04/2020 - 10:46:16: [randomcycle.smx] RandomCycle has chosen dod_colmar for the nextmap.
L 07/04/2020 - 10:53:10: [mapchooser.smx] Voting for next map has started.
L 07/04/2020 - 10:57:11: [SM] Changed map to "mario_air"
L 07/04/2020 - 10:57:11: [SM] Changed map to "mario_air"
L 07/04/2020 - 10:57:12: -------- Mapchange to mario_air --------
L 07/04/2020 - 10:57:14: -------- Mapchange to mario_air --------
L 07/04/2020 - 10:57:19: [randomcycle.smx] RandomCycle has chosen dod_iceworld_final_[bds]_doc for the nextmap.
L 07/04/2020 - 11:04:12: [mapchooser.smx] Voting for next map has started.
L 07/04/2020 - 11:08:13: [SM] Changed map to "dod_orange_wallhack"
L 07/04/2020 - 11:08:13: [SM] Changed map to "dod_orange_wallhack"
L 07/04/2020 - 11:08:14: -------- Mapchange to dod_orange_wallhack --------
L 07/04/2020 - 11:08:16: -------- Mapchange to dod_orange_wallhack --------
L 07/04/2020 - 11:08:22: [randomcycle.smx] RandomCycle has chosen dod_sewer_rats_b1 for the nextmap.
L 07/04/2020 - 11:15:15: [mapchooser.smx] Voting for next map has started.
L 07/04/2020 - 11:19:16: [SM] Changed map to "dod_anzio"
L 07/04/2020 - 11:19:16: [SM] Changed map to "dod_anzio"
L 07/04/2020 - 11:19:17: -------- Mapchange to dod_anzio --------
L 07/04/2020 - 11:19:20: -------- Mapchange to dod_anzio --------
L 07/04/2020 - 11:19:25: [randomcycle.smx] RandomCycle has chosen dod_orange_bridges for the nextmap.
L 07/04/2020 - 11:26:18: [mapchooser.smx] Voting for next map has started.
L 07/04/2020 - 11:30:19: [SM] Changed map to "dod_flash"
L 07/04/2020 - 11:30:19: [SM] Changed map to "dod_flash"
L 07/04/2020 - 11:30:21: -------- Mapchange to dod_flash --------
L 07/04/2020 - 11:30:23: -------- Mapchange to dod_flash --------
L 07/04/2020 - 11:30:28: [randomcycle.smx] RandomCycle has chosen dod_anzio for the nextmap.
L 07/04/2020 - 11:37:21: [mapchooser.smx] Voting for next map has started.
L 07/04/2020 - 11:41:22: [SM] Changed map to "acc_labice"
L 07/04/2020 - 11:41:22: [SM] Changed map to "acc_labice"
L 07/04/2020 - 11:41:23: -------- Mapchange to acc_labice --------
L 07/04/2020 - 11:41:25: -------- Mapchange to acc_labice --------
L 07/04/2020 - 11:41:31: [randomcycle.smx] RandomCycle has chosen mario_air for the nextmap.
L 07/04/2020 - 11:48:24: [mapchooser.smx] Voting for next map has started.
L 07/04/2020 - 11:52:25: [SM] Changed map to "dod_sniperarena_dgs2"
L 07/04/2020 - 11:52:25: [SM] Changed map to "dod_sniperarena_dgs2"
L 07/04/2020 - 11:52:26: -------- Mapchange to dod_sniperarena_dgs2 --------
L 07/04/2020 - 11:52:28: -------- Mapchange to dod_sniperarena_dgs2 --------
L 07/04/2020 - 11:52:33: [randomcycle.smx] RandomCycle has chosen dod_4pyramides for the nextmap.
L 07/04/2020 - 11:59:26: [mapchooser.smx] Voting for next map has started.
L 07/04/2020 - 12:03:27: [SM] Changed map to "dod_kalt"
L 07/04/2020 - 12:03:27: [SM] Changed map to "dod_kalt"
L 07/04/2020 - 12:03:29: -------- Mapchange to dod_kalt --------
L 07/04/2020 - 12:03:31: -------- Mapchange to dod_kalt --------
L 07/04/2020 - 12:03:37: [randomcycle.smx] RandomCycle has chosen dod_dust2_snow_xmas for the nextmap.
L 07/04/2020 - 12:10:30: [mapchooser.smx] Voting for next map has started.
L 07/04/2020 - 12:14:31: [SM] Changed map to "dod_fullhouse"
L 07/04/2020 - 12:14:31: [SM] Changed map to "dod_fullhouse"
L 07/04/2020 - 12:14:32: -------- Mapchange to dod_fullhouse --------
L 07/04/2020 - 12:14:34: -------- Mapchange to dod_fullhouse --------
L 07/04/2020 - 12:14:40: [randomcycle.smx] RandomCycle has chosen dod_orange_sniper for the nextmap.
L 07/04/2020 - 12:21:33: [mapchooser.smx] Voting for next map has started.
L 07/04/2020 - 12:25:34: [SM] Changed map to "dod_solitude_rats"
L 07/04/2020 - 12:25:34: [SM] Changed map to "dod_solitude_rats"
L 07/04/2020 - 12:25:35: -------- Mapchange to dod_solitude_rats --------
L 07/04/2020 - 12:25:37: -------- Mapchange to dod_solitude_rats --------
L 07/04/2020 - 12:25:43: [randomcycle.smx] RandomCycle has chosen dod_rats for the nextmap.
L 07/04/2020 - 12:32:36: [mapchooser.smx] Voting for next map has started.
L 07/04/2020 - 12:36:37: [SM] Changed map to "dod_orange_sniper"
L 07/04/2020 - 12:36:37: [SM] Changed map to "dod_orange_sniper"
L 07/04/2020 - 12:36:38: -------- Mapchange to dod_orange_sniper --------
L 07/04/2020 - 12:36:40: -------- Mapchange to dod_orange_sniper --------
L 07/04/2020 - 12:36:45: [randomcycle.smx] RandomCycle has chosen dod_bigbunky_v4 for the nextmap.
L 07/04/2020 - 12:43:38: [mapchooser.smx] Voting for next map has started.
L 07/04/2020 - 12:47:39: [SM] Changed map to "dod_chocolate_fight_arena"
L 07/04/2020 - 12:47:39: [SM] Changed map to "dod_chocolate_fight_arena"
L 07/04/2020 - 12:47:40: -------- Mapchange to dod_chocolate_fight_arena --------
L 07/04/2020 - 12:47:42: -------- Mapchange to dod_chocolate_fight_arena --------
L 07/04/2020 - 12:47:48: [randomcycle.smx] RandomCycle has chosen dod_football_a for the nextmap.
L 07/04/2020 - 12:54:41: [mapchooser.smx] Voting for next map has started.
L 07/04/2020 - 12:58:42: [SM] Changed map to "dod_argentan"
L 07/04/2020 - 12:58:42: [SM] Changed map to "dod_argentan"
L 07/04/2020 - 12:58:43: -------- Mapchange to dod_argentan --------
L 07/04/2020 - 12:58:46: -------- Mapchange to dod_argentan --------
L 07/04/2020 - 12:58:51: [randomcycle.smx] RandomCycle has chosen dod_orange_cancrelats for the nextmap.
L 07/04/2020 - 13:05:44: [mapchooser.smx] Voting for next map has started.
L 07/04/2020 - 13:09:45: [SM] Changed map to "cdcmarijuana!"
L 07/04/2020 - 13:09:45: [SM] Changed map to "cdcmarijuana!"
L 07/04/2020 - 13:09:47: -------- Mapchange to cdcmarijuana! --------
L 07/04/2020 - 13:09:49: -------- Mapchange to cdcmarijuana! --------
L 07/04/2020 - 13:09:54: [randomcycle.smx] RandomCycle has chosen dod_orange_wallhack for the nextmap.
L 07/04/2020 - 13:16:47: [mapchooser.smx] Voting for next map has started.
L 07/04/2020 - 13:20:48: [SM] Changed map to "dod_rats"
L 07/04/2020 - 13:20:48: [SM] Changed map to "dod_rats"
L 07/04/2020 - 13:20:50: -------- Mapchange to dod_rats --------
L 07/04/2020 - 13:20:52: -------- Mapchange to dod_rats --------
L 07/04/2020 - 13:20:57: [randomcycle.smx] RandomCycle has chosen dod_colmar for the nextmap.
L 07/04/2020 - 13:27:50: [mapchooser.smx] Voting for next map has started.
L 07/04/2020 - 13:31:51: [SM] Changed map to "acc_labice"
L 07/04/2020 - 13:31:51: [SM] Changed map to "acc_labice"
L 07/04/2020 - 13:31:53: -------- Mapchange to acc_labice --------
L 07/04/2020 - 13:31:55: -------- Mapchange to acc_labice --------
L 07/04/2020 - 13:32:00: [randomcycle.smx] RandomCycle has chosen dod_jagd for the nextmap.
L 07/04/2020 - 13:38:53: [mapchooser.smx] Voting for next map has started.
L 07/04/2020 - 13:42:54: [SM] Changed map to "dod_iceworld_final_[bds]_doc"
L 07/04/2020 - 13:42:54: [SM] Changed map to "dod_iceworld_final_[bds]_doc"
L 07/04/2020 - 13:42:56: -------- Mapchange to dod_iceworld_final_[bds]_doc --------
L 07/04/2020 - 13:42:58: -------- Mapchange to dod_iceworld_final_[bds]_doc --------
L 07/04/2020 - 13:43:03: [randomcycle.smx] RandomCycle has chosen acc_labice for the nextmap.
L 07/04/2020 - 13:49:56: [mapchooser.smx] Voting for next map has started.
L 07/04/2020 - 13:53:57: [SM] Changed map to "dod_kalt"
L 07/04/2020 - 13:53:57: [SM] Changed map to "dod_kalt"
L 07/04/2020 - 13:53:59: -------- Mapchange to dod_kalt --------
L 07/04/2020 - 13:54:01: -------- Mapchange to dod_kalt --------
L 07/04/2020 - 13:54:07: [randomcycle.smx] RandomCycle has chosen cdcmarijuana! for the nextmap.
L 07/04/2020 - 14:01:00: [mapchooser.smx] Voting for next map has started.
L 07/04/2020 - 14:05:01: [SM] Changed map to "dod_colmar"
L 07/04/2020 - 14:05:01: [SM] Changed map to "dod_colmar"
L 07/04/2020 - 14:05:03: -------- Mapchange to dod_colmar --------
L 07/04/2020 - 14:05:06: -------- Mapchange to dod_colmar --------
L 07/04/2020 - 14:05:12: [randomcycle.smx] RandomCycle has chosen dod_orange_castel_evolution for the nextmap.
L 07/04/2020 - 14:12:05: [mapchooser.smx] Voting for next map has started.
L 07/04/2020 - 14:16:06: [SM] Changed map to "dod_deux_chateaux_final"
L 07/04/2020 - 14:16:06: [SM] Changed map to "dod_deux_chateaux_final"
L 07/04/2020 - 14:16:07: -------- Mapchange to dod_deux_chateaux_final --------
L 07/04/2020 - 14:16:09: -------- Mapchange to dod_deux_chateaux_final --------
L 07/04/2020 - 14:16:15: [randomcycle.smx] RandomCycle has chosen dod_4pyramides for the nextmap.
L 07/04/2020 - 14:23:08: [mapchooser.smx] Voting for next map has started.
L 07/04/2020 - 14:27:09: [SM] Changed map to "dod_orange_wallhack"
L 07/04/2020 - 14:27:09: [SM] Changed map to "dod_orange_wallhack"
L 07/04/2020 - 14:27:10: -------- Mapchange to dod_orange_wallhack --------
L 07/04/2020 - 14:27:12: -------- Mapchange to dod_orange_wallhack --------
L 07/04/2020 - 14:27:18: [randomcycle.smx] RandomCycle has chosen dod_monopoly_source for the nextmap.
L 07/04/2020 - 14:34:11: [mapchooser.smx] Voting for next map has started.
L 07/04/2020 - 14:38:12: [SM] Changed map to "dod_4pyramides"
L 07/04/2020 - 14:38:12: [SM] Changed map to "dod_4pyramides"
L 07/04/2020 - 14:38:13: -------- Mapchange to dod_4pyramides --------
L 07/04/2020 - 14:38:15: -------- Mapchange to dod_4pyramides --------
L 07/04/2020 - 14:38:21: [randomcycle.smx] RandomCycle has chosen dod_cdc_rats_rm for the nextmap.
L 07/04/2020 - 14:45:14: [mapchooser.smx] Voting for next map has started.
L 07/04/2020 - 14:49:15: [SM] Changed map to "dod_legoland_b2"
L 07/04/2020 - 14:49:15: [SM] Changed map to "dod_legoland_b2"
L 07/04/2020 - 14:49:16: -------- Mapchange to dod_legoland_b2 --------
L 07/04/2020 - 14:49:18: -------- Mapchange to dod_legoland_b2 --------
L 07/04/2020 - 14:49:24: [randomcycle.smx] RandomCycle has chosen dod_flash for the nextmap.
L 07/04/2020 - 14:56:17: [mapchooser.smx] Voting for next map has started.
L 07/04/2020 - 15:00:18: [SM] Changed map to "dod_bunky2_modified"
L 07/04/2020 - 15:00:18: [SM] Changed map to "dod_bunky2_modified"
L 07/04/2020 - 15:00:19: -------- Mapchange to dod_bunky2_modified --------
L 07/04/2020 - 15:00:21: -------- Mapchange to dod_bunky2_modified --------
L 07/04/2020 - 15:00:27: [randomcycle.smx] RandomCycle has chosen dod_mousekitchen_ed for the nextmap.
L 07/04/2020 - 15:07:20: [mapchooser.smx] Voting for next map has started.
L 07/04/2020 - 15:11:21: [SM] Changed map to "dod_anzio"
L 07/04/2020 - 15:11:21: [SM] Changed map to "dod_anzio"
L 07/04/2020 - 15:11:23: -------- Mapchange to dod_anzio --------
L 07/04/2020 - 15:11:25: -------- Mapchange to dod_anzio --------
L 07/04/2020 - 15:11:31: [randomcycle.smx] RandomCycle has chosen dod_kalt for the nextmap.
L 07/04/2020 - 15:18:24: [mapchooser.smx] Voting for next map has started.
L 07/04/2020 - 15:22:25: [SM] Changed map to "dod_orange_castel_evolution"
L 07/04/2020 - 15:22:25: [SM] Changed map to "dod_orange_castel_evolution"
L 07/04/2020 - 15:22:27: -------- Mapchange to dod_orange_castel_evolution --------
L 07/04/2020 - 15:22:29: -------- Mapchange to dod_orange_castel_evolution --------
L 07/04/2020 - 15:22:35: [randomcycle.smx] RandomCycle has chosen babyfight_arena for the nextmap.
L 07/04/2020 - 15:29:28: [mapchooser.smx] Voting for next map has started.
L 07/04/2020 - 15:33:29: [SM] Changed map to "dod_sucette_v3"
L 07/04/2020 - 15:33:29: [SM] Changed map to "dod_sucette_v3"
L 07/04/2020 - 15:33:30: -------- Mapchange to dod_sucette_v3 --------
L 07/04/2020 - 15:33:32: -------- Mapchange to dod_sucette_v3 --------
L 07/04/2020 - 15:33:38: [randomcycle.smx] RandomCycle has chosen dod_sewer_rats_b1 for the nextmap.
L 07/04/2020 - 15:40:31: [mapchooser.smx] Voting for next map has started.
L 07/04/2020 - 15:44:32: [SM] Changed map to "dod_argentan"
L 07/04/2020 - 15:44:32: [SM] Changed map to "dod_argentan"
L 07/04/2020 - 15:44:34: -------- Mapchange to dod_argentan --------
L 07/04/2020 - 15:44:36: -------- Mapchange to dod_argentan --------
L 07/04/2020 - 15:44:42: [randomcycle.smx] RandomCycle has chosen dod_aimap_b1 for the nextmap.
L 07/04/2020 - 15:51:35: [mapchooser.smx] Voting for next map has started.
L 07/04/2020 - 15:55:36: [SM] Changed map to "dod_orange_wallhack"
L 07/04/2020 - 15:55:36: [SM] Changed map to "dod_orange_wallhack"
L 07/04/2020 - 15:55:37: -------- Mapchange to dod_orange_wallhack --------
L 07/04/2020 - 15:55:39: -------- Mapchange to dod_orange_wallhack --------
L 07/04/2020 - 15:55:45: [randomcycle.smx] RandomCycle has chosen dod_football_a for the nextmap.
L 07/04/2020 - 16:02:38: [mapchooser.smx] Voting for next map has started.
L 07/04/2020 - 16:06:39: [SM] Changed map to "acc_labice"
L 07/04/2020 - 16:06:39: [SM] Changed map to "acc_labice"
L 07/04/2020 - 16:06:41: -------- Mapchange to acc_labice --------
L 07/04/2020 - 16:06:43: -------- Mapchange to acc_labice --------
L 07/04/2020 - 16:06:48: [randomcycle.smx] RandomCycle has chosen dod_orange_cancrelats for the nextmap.
L 07/04/2020 - 16:13:41: [mapchooser.smx] Voting for next map has started.
L 07/04/2020 - 16:17:42: [SM] Changed map to "dod_aimap_b1"
L 07/04/2020 - 16:17:42: [SM] Changed map to "dod_aimap_b1"
L 07/04/2020 - 16:17:44: -------- Mapchange to dod_aimap_b1 --------
L 07/04/2020 - 16:17:46: -------- Mapchange to dod_aimap_b1 --------
L 07/04/2020 - 16:17:52: [randomcycle.smx] RandomCycle has chosen dod_orange_castel_evolution for the nextmap.
L 07/04/2020 - 16:24:45: [mapchooser.smx] Voting for next map has started.
L 07/04/2020 - 16:28:46: [SM] Changed map to "dod_avalanche@night"
L 07/04/2020 - 16:28:46: [SM] Changed map to "dod_avalanche@night"
L 07/04/2020 - 16:28:48: -------- Mapchange to dod_avalanche@night --------
L 07/04/2020 - 16:28:50: -------- Mapchange to dod_avalanche@night --------
L 07/04/2020 - 16:28:56: [randomcycle.smx] RandomCycle has chosen dod_beer_circus for the nextmap.
L 07/04/2020 - 16:35:49: [mapchooser.smx] Voting for next map has started.
L 07/04/2020 - 16:39:50: [SM] Changed map to "dod_risk_b9"
L 07/04/2020 - 16:39:50: [SM] Changed map to "dod_risk_b9"
L 07/04/2020 - 16:39:53: -------- Mapchange to dod_risk_b9 --------
L 07/04/2020 - 16:39:56: -------- Mapchange to dod_risk_b9 --------
L 07/04/2020 - 16:40:02: [randomcycle.smx] RandomCycle has chosen cdcmarijuana! for the nextmap.
L 07/04/2020 - 16:46:55: [mapchooser.smx] Voting for next map has started.
L 07/04/2020 - 16:50:56: [SM] Changed map to "dod_dli_football_b1"
L 07/04/2020 - 16:50:56: [SM] Changed map to "dod_dli_football_b1"
L 07/04/2020 - 16:50:58: -------- Mapchange to dod_dli_football_b1 --------
L 07/04/2020 - 16:51:00: -------- Mapchange to dod_dli_football_b1 --------
L 07/04/2020 - 16:51:05: [randomcycle.smx] RandomCycle has chosen dod_bigbunky_v4 for the nextmap.
L 07/04/2020 - 16:57:59: [mapchooser.smx] Voting for next map has started.
L 07/04/2020 - 17:02:00: [SM] Changed map to "babyfight_arena"
L 07/04/2020 - 17:02:00: [SM] Changed map to "babyfight_arena"
L 07/04/2020 - 17:02:01: -------- Mapchange to babyfight_arena --------
L 07/04/2020 - 17:02:03: -------- Mapchange to babyfight_arena --------
L 07/04/2020 - 17:02:09: [randomcycle.smx] RandomCycle has chosen dod_oasis_v1a for the nextmap.
L 07/04/2020 - 17:09:02: [mapchooser.smx] Voting for next map has started.
L 07/04/2020 - 17:13:03: [SM] Changed map to "dod_donner"
L 07/04/2020 - 17:13:03: [SM] Changed map to "dod_donner"
L 07/04/2020 - 17:13:05: -------- Mapchange to dod_donner --------
L 07/04/2020 - 17:13:07: -------- Mapchange to dod_donner --------
L 07/04/2020 - 17:13:13: [randomcycle.smx] RandomCycle has chosen dod_sniperarena_dgs2 for the nextmap.
L 07/04/2020 - 17:20:06: [mapchooser.smx] Voting for next map has started.
L 07/04/2020 - 17:24:07: [SM] Changed map to "dod_orange_wallhack"
L 07/04/2020 - 17:24:07: [SM] Changed map to "dod_orange_wallhack"
L 07/04/2020 - 17:24:09: -------- Mapchange to dod_orange_wallhack --------
L 07/04/2020 - 17:24:11: -------- Mapchange to dod_orange_wallhack --------
L 07/04/2020 - 17:24:17: [randomcycle.smx] RandomCycle has chosen dod_sniper_killbox_v2 for the nextmap.
L 07/04/2020 - 17:31:10: [mapchooser.smx] Voting for next map has started.
L 07/04/2020 - 17:35:11: [SM] Changed map to "dod_sniper_killbox_v2"
L 07/04/2020 - 17:35:11: [SM] Changed map to "dod_sniper_killbox_v2"
L 07/04/2020 - 17:35:12: -------- Mapchange to dod_sniper_killbox_v2 --------
L 07/04/2020 - 17:35:14: -------- Mapchange to dod_sniper_killbox_v2 --------
L 07/04/2020 - 17:35:20: [randomcycle.smx] RandomCycle has chosen dod_risk_b9 for the nextmap.
L 07/04/2020 - 17:42:13: [mapchooser.smx] Voting for next map has started.
L 07/04/2020 - 17:46:14: [SM] Changed map to "dod_dust2_snow_xmas"
L 07/04/2020 - 17:46:14: [SM] Changed map to "dod_dust2_snow_xmas"
L 07/04/2020 - 17:46:16: -------- Mapchange to dod_dust2_snow_xmas --------
L 07/04/2020 - 17:46:18: -------- Mapchange to dod_dust2_snow_xmas --------
L 07/04/2020 - 17:46:24: [randomcycle.smx] RandomCycle has chosen dod_monopoly_source for the nextmap.
L 07/04/2020 - 17:53:17: [mapchooser.smx] Voting for next map has started.
L 07/04/2020 - 17:57:18: [SM] Changed map to "dod_murky_p2"
L 07/04/2020 - 17:57:18: [SM] Changed map to "dod_murky_p2"
L 07/04/2020 - 17:57:19: -------- Mapchange to dod_murky_p2 --------
L 07/04/2020 - 17:57:22: -------- Mapchange to dod_murky_p2 --------
L 07/04/2020 - 17:57:28: [randomcycle.smx] RandomCycle has chosen dod_aimap_b1 for the nextmap.
L 07/04/2020 - 18:04:21: [mapchooser.smx] Voting for next map has started.
L 07/04/2020 - 18:08:22: [SM] Changed map to "dod_solitude_rats"
L 07/04/2020 - 18:08:22: [SM] Changed map to "dod_solitude_rats"
L 07/04/2020 - 18:08:24: -------- Mapchange to dod_solitude_rats --------
L 07/04/2020 - 18:08:26: -------- Mapchange to dod_solitude_rats --------
L 07/04/2020 - 18:08:32: [randomcycle.smx] RandomCycle has chosen dod_dust2_snow_xmas for the nextmap.
L 07/04/2020 - 18:15:25: [mapchooser.smx] Voting for next map has started.
L 07/04/2020 - 18:19:26: [SM] Changed map to "dod_orange_wallhack"
L 07/04/2020 - 18:19:26: [SM] Changed map to "dod_orange_wallhack"
L 07/04/2020 - 18:19:27: -------- Mapchange to dod_orange_wallhack --------
L 07/04/2020 - 18:19:30: -------- Mapchange to dod_orange_wallhack --------
L 07/04/2020 - 18:19:36: [randomcycle.smx] RandomCycle has chosen mario_air for the nextmap.
L 07/04/2020 - 18:26:29: [mapchooser.smx] Voting for next map has started.
L 07/04/2020 - 18:30:30: [SM] Changed map to "dod_dust2_snow_xmas"
L 07/04/2020 - 18:30:30: [SM] Changed map to "dod_dust2_snow_xmas"
L 07/04/2020 - 18:30:31: -------- Mapchange to dod_dust2_snow_xmas --------
L 07/04/2020 - 18:30:34: -------- Mapchange to dod_dust2_snow_xmas --------
L 07/04/2020 - 18:30:40: [randomcycle.smx] RandomCycle has chosen dod_donner for the nextmap.
L 07/04/2020 - 18:37:33: [mapchooser.smx] Voting for next map has started.
L 07/04/2020 - 18:41:34: [SM] Changed map to "dod_orange_castel_evolution"
L 07/04/2020 - 18:41:34: [SM] Changed map to "dod_orange_castel_evolution"
L 07/04/2020 - 18:41:35: -------- Mapchange to dod_orange_castel_evolution --------
L 07/04/2020 - 18:41:38: -------- Mapchange to dod_orange_castel_evolution --------
L 07/04/2020 - 18:41:43: [randomcycle.smx] RandomCycle has chosen dod_sniper_wars_beta for the nextmap.
L 07/04/2020 - 18:48:37: [mapchooser.smx] Voting for next map has started.
L 07/04/2020 - 18:52:38: [SM] Changed map to "dod_kalt"
L 07/04/2020 - 18:52:38: [SM] Changed map to "dod_kalt"
L 07/04/2020 - 18:52:40: -------- Mapchange to dod_kalt --------
L 07/04/2020 - 18:52:42: -------- Mapchange to dod_kalt --------
L 07/04/2020 - 18:52:48: [randomcycle.smx] RandomCycle has chosen dod_flash for the nextmap.
L 07/04/2020 - 18:59:41: [mapchooser.smx] Voting for next map has started.
L 07/04/2020 - 19:03:42: [SM] Changed map to "dod_colmar"
L 07/04/2020 - 19:03:42: [SM] Changed map to "dod_colmar"
L 07/04/2020 - 19:03:45: -------- Mapchange to dod_colmar --------
L 07/04/2020 - 19:03:48: -------- Mapchange to dod_colmar --------
L 07/04/2020 - 19:03:54: [randomcycle.smx] RandomCycle has chosen dod_4pyramides for the nextmap.
L 07/04/2020 - 19:10:47: [mapchooser.smx] Voting for next map has started.
L 07/04/2020 - 19:14:48: [SM] Changed map to "dod_avalanche"
L 07/04/2020 - 19:14:48: [SM] Changed map to "dod_avalanche"
L 07/04/2020 - 19:14:50: -------- Mapchange to dod_avalanche --------
L 07/04/2020 - 19:14:52: -------- Mapchange to dod_avalanche --------
L 07/04/2020 - 19:14:58: [randomcycle.smx] RandomCycle has chosen dod_deux_chateaux_final for the nextmap.
L 07/04/2020 - 19:21:51: [mapchooser.smx] Voting for next map has started.
L 07/04/2020 - 19:25:52: [SM] Changed map to "dod_risk_b9"
L 07/04/2020 - 19:25:52: [SM] Changed map to "dod_risk_b9"
L 07/04/2020 - 19:25:56: -------- Mapchange to dod_risk_b9 --------
L 07/04/2020 - 19:25:59: -------- Mapchange to dod_risk_b9 --------
L 07/04/2020 - 19:26:05: [randomcycle.smx] RandomCycle has chosen dod_football_a for the nextmap.
L 07/04/2020 - 19:32:58: [mapchooser.smx] Voting for next map has started.
L 07/04/2020 - 19:36:59: [SM] Changed map to "acc_labice"
L 07/04/2020 - 19:36:59: [SM] Changed map to "acc_labice"
L 07/04/2020 - 19:37:01: -------- Mapchange to acc_labice --------
L 07/04/2020 - 19:37:03: -------- Mapchange to acc_labice --------
L 07/04/2020 - 19:37:09: [randomcycle.smx] RandomCycle has chosen dod_dli_football_b1 for the nextmap.
L 07/04/2020 - 19:44:02: [mapchooser.smx] Voting for next map has started.
L 07/04/2020 - 19:48:03: [SM] Changed map to "dod_beer_circus"
L 07/04/2020 - 19:48:03: [SM] Changed map to "dod_beer_circus"
L 07/04/2020 - 19:48:13: -------- Mapchange to dod_beer_circus --------
L 07/04/2020 - 19:48:23: -------- Mapchange to dod_beer_circus --------
L 07/04/2020 - 19:48:29: [randomcycle.smx] RandomCycle has chosen babyfight_arena for the nextmap.
L 07/04/2020 - 19:55:22: [mapchooser.smx] Voting for next map has started.
L 07/04/2020 - 19:59:23: [SM] Changed map to "dod_donner"
L 07/04/2020 - 19:59:23: [SM] Changed map to "dod_donner"
L 07/04/2020 - 19:59:25: -------- Mapchange to dod_donner --------
L 07/04/2020 - 19:59:28: -------- Mapchange to dod_donner --------
L 07/04/2020 - 19:59:34: [randomcycle.smx] RandomCycle has chosen dod_chocolate_fight_arena for the nextmap.
L 07/04/2020 - 20:06:27: [mapchooser.smx] Voting for next map has started.
L 07/04/2020 - 20:10:28: [SM] Changed map to "dod_solitude_rats"
L 07/04/2020 - 20:10:28: [SM] Changed map to "dod_solitude_rats"
L 07/04/2020 - 20:10:30: -------- Mapchange to dod_solitude_rats --------
L 07/04/2020 - 20:10:32: -------- Mapchange to dod_solitude_rats --------
L 07/04/2020 - 20:10:38: [randomcycle.smx] RandomCycle has chosen dod_murky_p2 for the nextmap.
L 07/04/2020 - 20:17:31: [mapchooser.smx] Voting for next map has started.
L 07/04/2020 - 20:21:32: [SM] Changed map to "dod_mousekitchen_ed"
L 07/04/2020 - 20:21:32: [SM] Changed map to "dod_mousekitchen_ed"
L 07/04/2020 - 20:21:34: -------- Mapchange to dod_mousekitchen_ed --------
L 07/04/2020 - 20:21:36: -------- Mapchange to dod_mousekitchen_ed --------
L 07/04/2020 - 20:21:42: [randomcycle.smx] RandomCycle has chosen dod_bunky2_modified for the nextmap.
L 07/04/2020 - 20:28:35: [mapchooser.smx] Voting for next map has started.
L 07/04/2020 - 20:32:36: [SM] Changed map to "dod_orange_damier_v2"
L 07/04/2020 - 20:32:36: [SM] Changed map to "dod_orange_damier_v2"
L 07/04/2020 - 20:32:38: -------- Mapchange to dod_orange_damier_v2 --------
L 07/04/2020 - 20:32:40: -------- Mapchange to dod_orange_damier_v2 --------
L 07/04/2020 - 20:32:46: [randomcycle.smx] RandomCycle has chosen dod_orange_sniper for the nextmap.
L 07/04/2020 - 20:39:39: [mapchooser.smx] Voting for next map has started.
L 07/04/2020 - 20:43:40: [SM] Changed map to "dod_anzio"
L 07/04/2020 - 20:43:40: [SM] Changed map to "dod_anzio"
L 07/04/2020 - 20:43:42: -------- Mapchange to dod_anzio --------
L 07/04/2020 - 20:43:45: -------- Mapchange to dod_anzio --------
L 07/04/2020 - 20:43:51: [randomcycle.smx] RandomCycle has chosen dod_anzio for the nextmap.
L 07/04/2020 - 20:50:44: [mapchooser.smx] Voting for next map has started.
L 07/04/2020 - 20:54:45: [SM] Changed map to "dod_donner"
L 07/04/2020 - 20:54:45: [SM] Changed map to "dod_donner"
L 07/04/2020 - 20:54:47: -------- Mapchange to dod_donner --------
L 07/04/2020 - 20:54:50: -------- Mapchange to dod_donner --------
L 07/04/2020 - 20:54:56: [randomcycle.smx] RandomCycle has chosen dod_orange_cancrelats for the nextmap.
L 07/04/2020 - 21:01:49: [mapchooser.smx] Voting for next map has started.
L 07/04/2020 - 21:05:50: [SM] Changed map to "cdcmarijuana!"
L 07/04/2020 - 21:05:50: [SM] Changed map to "cdcmarijuana!"
L 07/04/2020 - 21:05:52: -------- Mapchange to cdcmarijuana! --------
L 07/04/2020 - 21:05:54: -------- Mapchange to cdcmarijuana! --------
L 07/04/2020 - 21:06:00: [randomcycle.smx] RandomCycle has chosen dod_4pyramides for the nextmap.
L 07/04/2020 - 21:12:53: [mapchooser.smx] Voting for next map has started.
L 07/04/2020 - 21:16:54: [SM] Changed map to "dod_argentan"
L 07/04/2020 - 21:16:54: [SM] Changed map to "dod_argentan"
L 07/04/2020 - 21:16:56: -------- Mapchange to dod_argentan --------
L 07/04/2020 - 21:16:59: -------- Mapchange to dod_argentan --------
L 07/04/2020 - 21:17:05: [randomcycle.smx] RandomCycle has chosen sniperzone for the nextmap.
L 07/04/2020 - 21:23:58: [mapchooser.smx] Voting for next map has started.
L 07/04/2020 - 21:27:59: [SM] Changed map to "dod_4pyramides"
L 07/04/2020 - 21:27:59: [SM] Changed map to "dod_4pyramides"
L 07/04/2020 - 21:28:01: -------- Mapchange to dod_4pyramides --------
L 07/04/2020 - 21:28:04: -------- Mapchange to dod_4pyramides --------
L 07/04/2020 - 21:28:10: [randomcycle.smx] RandomCycle has chosen dod_monopoly_source for the nextmap.
L 07/04/2020 - 21:35:03: [mapchooser.smx] Voting for next map has started.
L 07/04/2020 - 21:39:04: [SM] Changed map to "dod_beer_circus"
L 07/04/2020 - 21:39:04: [SM] Changed map to "dod_beer_circus"
L 07/04/2020 - 21:39:13: -------- Mapchange to dod_beer_circus --------
L 07/04/2020 - 21:39:24: -------- Mapchange to dod_beer_circus --------
L 07/04/2020 - 21:39:30: [randomcycle.smx] RandomCycle has chosen dod_rats for the nextmap.
L 07/04/2020 - 21:46:23: [mapchooser.smx] Voting for next map has started.
L 07/04/2020 - 21:50:24: [SM] Changed map to "dod_dli_football_b1"
L 07/04/2020 - 21:50:24: [SM] Changed map to "dod_dli_football_b1"
L 07/04/2020 - 21:50:26: -------- Mapchange to dod_dli_football_b1 --------
L 07/04/2020 - 21:50:28: -------- Mapchange to dod_dli_football_b1 --------
L 07/04/2020 - 21:50:34: [randomcycle.smx] RandomCycle has chosen dod_deux_chateaux_final for the nextmap.
L 07/04/2020 - 21:57:27: [mapchooser.smx] Voting for next map has started.
L 07/04/2020 - 22:01:28: [SM] Changed map to "dod_bunky2_modified"
L 07/04/2020 - 22:01:28: [SM] Changed map to "dod_bunky2_modified"
L 07/04/2020 - 22:01:30: -------- Mapchange to dod_bunky2_modified --------
L 07/04/2020 - 22:01:33: -------- Mapchange to dod_bunky2_modified --------
L 07/04/2020 - 22:01:39: [randomcycle.smx] RandomCycle has chosen dod_orange_damier_v2 for the nextmap.
L 07/04/2020 - 22:08:32: [mapchooser.smx] Voting for next map has started.
L 07/04/2020 - 22:12:33: [SM] Changed map to "dod_orange_cancrelats"
L 07/04/2020 - 22:12:33: [SM] Changed map to "dod_orange_cancrelats"
L 07/04/2020 - 22:12:34: -------- Mapchange to dod_orange_cancrelats --------
L 07/04/2020 - 22:12:37: -------- Mapchange to dod_orange_cancrelats --------
L 07/04/2020 - 22:12:43: [randomcycle.smx] RandomCycle has chosen dod_iceworld_final_[bds]_doc for the nextmap.
L 07/04/2020 - 22:19:36: [mapchooser.smx] Voting for next map has started.
L 07/04/2020 - 22:23:37: [SM] Changed map to "dod_kalt"
L 07/04/2020 - 22:23:37: [SM] Changed map to "dod_kalt"
L 07/04/2020 - 22:23:39: -------- Mapchange to dod_kalt --------
L 07/04/2020 - 22:23:42: -------- Mapchange to dod_kalt --------
L 07/04/2020 - 22:23:48: [randomcycle.smx] RandomCycle has chosen dod_cdc_rats_rm for the nextmap.
L 07/04/2020 - 22:29:54: [basecommands.smx] "B0UL3T___0N3<29><[U:1:37484034]><>" changed map to "dod_football_a"
L 07/04/2020 - 22:29:57: [SM] Changed map to "dod_football_a"
L 07/04/2020 - 22:29:59: -------- Mapchange to dod_football_a --------
L 07/04/2020 - 22:30:05: [randomcycle.smx] RandomCycle has chosen dod_football_a for the nextmap.
L 07/04/2020 - 22:34:40: [basecommands.smx] "B0UL3T___0N3<29><[U:1:37484034]><>" changed map to "dod_bigbunky_v4"
L 07/04/2020 - 22:34:43: [SM] Changed map to "dod_bigbunky_v4"
L 07/04/2020 - 22:34:45: -------- Mapchange to dod_bigbunky_v4 --------
L 07/04/2020 - 22:34:51: [randomcycle.smx] RandomCycle has chosen dod_legoland_b2 for the nextmap.
L 07/04/2020 - 22:35:30: [basecommands.smx] "B0UL3T___0N3<29><[U:1:37484034]><>" changed map to "dod_dli_football_b1"
L 07/04/2020 - 22:35:33: [SM] Changed map to "dod_dli_football_b1"
L 07/04/2020 - 22:35:35: -------- Mapchange to dod_dli_football_b1 --------
L 07/04/2020 - 22:35:41: [randomcycle.smx] RandomCycle has chosen dod_jagd for the nextmap.
L 07/04/2020 - 22:42:34: [mapchooser.smx] Voting for next map has started.
L 07/04/2020 - 22:42:51: [mapchooser.smx] Voting for next map has finished. Nextmap: cdcmarijuana!.
L 07/04/2020 - 22:46:35: [SM] Changed map to "cdcmarijuana!"
L 07/04/2020 - 22:46:35: [SM] Changed map to "cdcmarijuana!"
L 07/04/2020 - 22:46:37: -------- Mapchange to cdcmarijuana! --------
L 07/04/2020 - 22:46:39: -------- Mapchange to cdcmarijuana! --------
L 07/04/2020 - 22:46:45: [randomcycle.smx] RandomCycle has chosen dod_aimap_b1 for the nextmap.
L 07/04/2020 - 22:53:38: [mapchooser.smx] Voting for next map has started.
L 07/04/2020 - 22:57:40: [SM] Changed map to "dod_bunky2_modified"
L 07/04/2020 - 22:57:40: [SM] Changed map to "dod_bunky2_modified"
L 07/04/2020 - 22:57:41: -------- Mapchange to dod_bunky2_modified --------
L 07/04/2020 - 22:57:44: -------- Mapchange to dod_bunky2_modified --------
L 07/04/2020 - 22:57:50: [randomcycle.smx] RandomCycle has chosen babyfight_arena for the nextmap.
L 07/04/2020 - 23:04:43: [mapchooser.smx] Voting for next map has started.
L 07/04/2020 - 23:08:44: [SM] Changed map to "dod_4pyramides"
L 07/04/2020 - 23:08:44: [SM] Changed map to "dod_4pyramides"
L 07/04/2020 - 23:08:46: -------- Mapchange to dod_4pyramides --------
L 07/04/2020 - 23:08:49: -------- Mapchange to dod_4pyramides --------
L 07/04/2020 - 23:08:55: [randomcycle.smx] RandomCycle has chosen dod_oasis_v1a for the nextmap.
L 07/04/2020 - 23:15:48: [mapchooser.smx] Voting for next map has started.
L 07/04/2020 - 23:19:49: [SM] Changed map to "dod_flash"
L 07/04/2020 - 23:19:49: [SM] Changed map to "dod_flash"
L 07/04/2020 - 23:19:51: -------- Mapchange to dod_flash --------
L 07/04/2020 - 23:19:54: -------- Mapchange to dod_flash --------
L 07/04/2020 - 23:20:00: [randomcycle.smx] RandomCycle has chosen dod_donner for the nextmap.
L 07/04/2020 - 23:26:53: [mapchooser.smx] Voting for next map has started.
L 07/04/2020 - 23:30:54: [SM] Changed map to "dod_dli_football_b1"
L 07/04/2020 - 23:30:54: [SM] Changed map to "dod_dli_football_b1"
L 07/04/2020 - 23:30:56: -------- Mapchange to dod_dli_football_b1 --------
L 07/04/2020 - 23:30:59: -------- Mapchange to dod_dli_football_b1 --------
L 07/04/2020 - 23:31:05: [randomcycle.smx] RandomCycle has chosen dod_orange_castel_evolution for the nextmap.
L 07/04/2020 - 23:37:58: [mapchooser.smx] Voting for next map has started.
L 07/04/2020 - 23:41:59: [SM] Changed map to "dod_orange_bridges"
L 07/04/2020 - 23:41:59: [SM] Changed map to "dod_orange_bridges"
L 07/04/2020 - 23:42:00: -------- Mapchange to dod_orange_bridges --------
L 07/04/2020 - 23:42:03: -------- Mapchange to dod_orange_bridges --------
L 07/04/2020 - 23:42:09: [randomcycle.smx] RandomCycle has chosen mario_air for the nextmap.
L 07/04/2020 - 23:49:02: [mapchooser.smx] Voting for next map has started.
L 07/04/2020 - 23:53:03: [SM] Changed map to "dod_orange_cancrelats"
L 07/04/2020 - 23:53:03: [SM] Changed map to "dod_orange_cancrelats"
L 07/04/2020 - 23:53:05: -------- Mapchange to dod_orange_cancrelats --------
L 07/04/2020 - 23:53:08: -------- Mapchange to dod_orange_cancrelats --------
L 07/04/2020 - 23:53:14: [randomcycle.smx] RandomCycle has chosen dod_deux_chateaux_final for the nextmap.
L 07/05/2020 - 00:00:07: Log file closed.
