L 07/12/2020 - 00:00:49: SourceMod log file session started (file "/home/srvdod/srcds/dod_s/dod/addons/sourcemod/logs/L20200712.log") (Version "1.10.0.6490")
L 07/12/2020 - 00:00:49: [SM] Changed map to "dod_sniper_killbox_v2"
L 07/12/2020 - 00:00:49: [SM] Changed map to "dod_sniper_killbox_v2"
L 07/12/2020 - 00:00:49: -------- Mapchange to dod_sniper_killbox_v2 --------
L 07/12/2020 - 00:00:50: [adminsounds.smx] 62 sounds loaded
L 07/12/2020 - 00:00:50: -------- Mapchange to dod_sniper_killbox_v2 --------
L 07/12/2020 - 00:00:50: [adminsounds.smx] 62 sounds loaded
L 07/12/2020 - 00:00:55: [randomcycle.smx] RandomCycle has chosen dod_dli_football_b1 for the nextmap.
L 07/12/2020 - 00:07:48: [mapchooser.smx] Voting for next map has started.
L 07/12/2020 - 00:11:49: [SM] Changed map to "dod_avalanche"
L 07/12/2020 - 00:11:49: [SM] Changed map to "dod_avalanche"
L 07/12/2020 - 00:11:50: -------- Mapchange to dod_avalanche --------
L 07/12/2020 - 00:11:51: [adminsounds.smx] 62 sounds loaded
L 07/12/2020 - 00:11:52: -------- Mapchange to dod_avalanche --------
L 07/12/2020 - 00:11:52: [adminsounds.smx] 62 sounds loaded
L 07/12/2020 - 00:11:57: [randomcycle.smx] RandomCycle has chosen dod_argentan for the nextmap.
L 07/12/2020 - 00:18:50: [mapchooser.smx] Voting for next map has started.
L 07/12/2020 - 00:22:51: [SM] Changed map to "dod_aimap_b1"
L 07/12/2020 - 00:22:51: [SM] Changed map to "dod_aimap_b1"
L 07/12/2020 - 00:22:51: -------- Mapchange to dod_aimap_b1 --------
L 07/12/2020 - 00:22:52: [adminsounds.smx] 62 sounds loaded
L 07/12/2020 - 00:22:52: -------- Mapchange to dod_aimap_b1 --------
L 07/12/2020 - 00:22:52: [adminsounds.smx] 62 sounds loaded
L 07/12/2020 - 00:22:57: [randomcycle.smx] RandomCycle has chosen dod_sniper_wars_beta for the nextmap.
L 07/12/2020 - 00:29:50: [mapchooser.smx] Voting for next map has started.
L 07/12/2020 - 00:33:51: [SM] Changed map to "dod_sucette_v3"
L 07/12/2020 - 00:33:51: [SM] Changed map to "dod_sucette_v3"
L 07/12/2020 - 00:33:52: -------- Mapchange to dod_sucette_v3 --------
L 07/12/2020 - 00:33:52: [adminsounds.smx] 62 sounds loaded
L 07/12/2020 - 00:33:53: -------- Mapchange to dod_sucette_v3 --------
L 07/12/2020 - 00:33:53: [adminsounds.smx] 62 sounds loaded
L 07/12/2020 - 00:33:58: [randomcycle.smx] RandomCycle has chosen dod_orange_wallhack for the nextmap.
L 07/12/2020 - 00:40:51: [mapchooser.smx] Voting for next map has started.
L 07/12/2020 - 00:44:52: [SM] Changed map to "dod_colmar"
L 07/12/2020 - 00:44:52: [SM] Changed map to "dod_colmar"
L 07/12/2020 - 00:44:54: -------- Mapchange to dod_colmar --------
L 07/12/2020 - 00:44:54: [adminsounds.smx] 62 sounds loaded
L 07/12/2020 - 00:44:56: -------- Mapchange to dod_colmar --------
L 07/12/2020 - 00:44:56: [adminsounds.smx] 62 sounds loaded
L 07/12/2020 - 00:45:01: [randomcycle.smx] RandomCycle has chosen dod_avalanche for the nextmap.
L 07/12/2020 - 00:51:54: [mapchooser.smx] Voting for next map has started.
L 07/12/2020 - 00:55:55: [SM] Changed map to "dod_dust2_snow_xmas"
L 07/12/2020 - 00:55:55: [SM] Changed map to "dod_dust2_snow_xmas"
L 07/12/2020 - 00:55:56: -------- Mapchange to dod_dust2_snow_xmas --------
L 07/12/2020 - 00:55:56: [adminsounds.smx] 62 sounds loaded
L 07/12/2020 - 00:55:57: -------- Mapchange to dod_dust2_snow_xmas --------
L 07/12/2020 - 00:55:57: [adminsounds.smx] 62 sounds loaded
L 07/12/2020 - 00:56:02: [randomcycle.smx] RandomCycle has chosen dod_sucette_v3 for the nextmap.
L 07/12/2020 - 01:02:55: [mapchooser.smx] Voting for next map has started.
L 07/12/2020 - 01:06:56: [SM] Changed map to "dod_flash"
L 07/12/2020 - 01:06:56: [SM] Changed map to "dod_flash"
L 07/12/2020 - 01:06:57: -------- Mapchange to dod_flash --------
L 07/12/2020 - 01:06:57: [adminsounds.smx] 62 sounds loaded
L 07/12/2020 - 01:06:58: -------- Mapchange to dod_flash --------
L 07/12/2020 - 01:06:58: [adminsounds.smx] 62 sounds loaded
L 07/12/2020 - 01:07:03: [randomcycle.smx] RandomCycle has chosen dod_dust2_snow_xmas for the nextmap.
L 07/12/2020 - 01:13:56: [mapchooser.smx] Voting for next map has started.
L 07/12/2020 - 01:17:57: [SM] Changed map to "dod_mousekitchen_ed"
L 07/12/2020 - 01:17:57: [SM] Changed map to "dod_mousekitchen_ed"
L 07/12/2020 - 01:17:58: -------- Mapchange to dod_mousekitchen_ed --------
L 07/12/2020 - 01:17:58: [adminsounds.smx] 62 sounds loaded
L 07/12/2020 - 01:17:59: -------- Mapchange to dod_mousekitchen_ed --------
L 07/12/2020 - 01:17:59: [adminsounds.smx] 62 sounds loaded
L 07/12/2020 - 01:18:04: [randomcycle.smx] RandomCycle has chosen dod_kalt for the nextmap.
L 07/12/2020 - 01:24:57: [mapchooser.smx] Voting for next map has started.
L 07/12/2020 - 01:28:58: [SM] Changed map to "dod_4pyramides"
L 07/12/2020 - 01:28:58: [SM] Changed map to "dod_4pyramides"
L 07/12/2020 - 01:28:59: -------- Mapchange to dod_4pyramides --------
L 07/12/2020 - 01:28:59: [adminsounds.smx] 62 sounds loaded
L 07/12/2020 - 01:29:00: -------- Mapchange to dod_4pyramides --------
L 07/12/2020 - 01:29:00: [adminsounds.smx] 62 sounds loaded
L 07/12/2020 - 01:29:05: [randomcycle.smx] RandomCycle has chosen babyfight_arena for the nextmap.
L 07/12/2020 - 01:35:58: [mapchooser.smx] Voting for next map has started.
L 07/12/2020 - 01:39:59: [SM] Changed map to "dod_orange_castel_evolution"
L 07/12/2020 - 01:39:59: [SM] Changed map to "dod_orange_castel_evolution"
L 07/12/2020 - 01:40:00: -------- Mapchange to dod_orange_castel_evolution --------
L 07/12/2020 - 01:40:00: [adminsounds.smx] 62 sounds loaded
L 07/12/2020 - 01:40:01: -------- Mapchange to dod_orange_castel_evolution --------
L 07/12/2020 - 01:40:01: [adminsounds.smx] 62 sounds loaded
L 07/12/2020 - 01:40:06: [randomcycle.smx] RandomCycle has chosen dod_legoland_b2 for the nextmap.
L 07/12/2020 - 01:46:59: [mapchooser.smx] Voting for next map has started.
L 07/12/2020 - 01:51:00: [SM] Changed map to "dod_colmar"
L 07/12/2020 - 01:51:00: [SM] Changed map to "dod_colmar"
L 07/12/2020 - 01:51:02: -------- Mapchange to dod_colmar --------
L 07/12/2020 - 01:51:02: [adminsounds.smx] 62 sounds loaded
L 07/12/2020 - 01:51:04: -------- Mapchange to dod_colmar --------
L 07/12/2020 - 01:51:04: [adminsounds.smx] 62 sounds loaded
L 07/12/2020 - 01:51:09: [randomcycle.smx] RandomCycle has chosen dod_orange_damier_v2 for the nextmap.
L 07/12/2020 - 01:58:02: [mapchooser.smx] Voting for next map has started.
L 07/12/2020 - 02:02:03: [SM] Changed map to "cdcmarijuana!"
L 07/12/2020 - 02:02:03: [SM] Changed map to "cdcmarijuana!"
L 07/12/2020 - 02:02:04: -------- Mapchange to cdcmarijuana! --------
L 07/12/2020 - 02:02:04: [adminsounds.smx] 62 sounds loaded
L 07/12/2020 - 02:02:04: -------- Mapchange to cdcmarijuana! --------
L 07/12/2020 - 02:02:05: [adminsounds.smx] 62 sounds loaded
L 07/12/2020 - 02:02:09: [randomcycle.smx] RandomCycle has chosen dod_murky_p2 for the nextmap.
L 07/12/2020 - 02:09:03: [mapchooser.smx] Voting for next map has started.
L 07/12/2020 - 02:13:04: [SM] Changed map to "dod_solitude_rats"
L 07/12/2020 - 02:13:04: [SM] Changed map to "dod_solitude_rats"
L 07/12/2020 - 02:13:05: -------- Mapchange to dod_solitude_rats --------
L 07/12/2020 - 02:13:05: [adminsounds.smx] 62 sounds loaded
L 07/12/2020 - 02:13:06: -------- Mapchange to dod_solitude_rats --------
L 07/12/2020 - 02:13:06: [adminsounds.smx] 62 sounds loaded
L 07/12/2020 - 02:13:11: [randomcycle.smx] RandomCycle has chosen dod_fullhouse for the nextmap.
L 07/12/2020 - 02:20:04: [mapchooser.smx] Voting for next map has started.
L 07/12/2020 - 02:24:05: [SM] Changed map to "dod_fullhouse"
L 07/12/2020 - 02:24:05: [SM] Changed map to "dod_fullhouse"
L 07/12/2020 - 02:24:06: -------- Mapchange to dod_fullhouse --------
L 07/12/2020 - 02:24:06: [adminsounds.smx] 62 sounds loaded
L 07/12/2020 - 02:24:07: -------- Mapchange to dod_fullhouse --------
L 07/12/2020 - 02:24:07: [adminsounds.smx] 62 sounds loaded
L 07/12/2020 - 02:24:12: [randomcycle.smx] RandomCycle has chosen dod_aimap_b1 for the nextmap.
L 07/12/2020 - 02:31:05: [mapchooser.smx] Voting for next map has started.
L 07/12/2020 - 02:35:06: [SM] Changed map to "acc_labice"
L 07/12/2020 - 02:35:06: [SM] Changed map to "acc_labice"
L 07/12/2020 - 02:35:07: -------- Mapchange to acc_labice --------
L 07/12/2020 - 02:35:07: [adminsounds.smx] 62 sounds loaded
L 07/12/2020 - 02:35:08: -------- Mapchange to acc_labice --------
L 07/12/2020 - 02:35:08: [adminsounds.smx] 62 sounds loaded
L 07/12/2020 - 02:35:13: [randomcycle.smx] RandomCycle has chosen dod_orange_cancrelats for the nextmap.
L 07/12/2020 - 02:42:06: [mapchooser.smx] Voting for next map has started.
L 07/12/2020 - 02:46:07: [SM] Changed map to "dod_donner"
L 07/12/2020 - 02:46:07: [SM] Changed map to "dod_donner"
L 07/12/2020 - 02:46:09: -------- Mapchange to dod_donner --------
L 07/12/2020 - 02:46:09: [adminsounds.smx] 62 sounds loaded
L 07/12/2020 - 02:46:10: -------- Mapchange to dod_donner --------
L 07/12/2020 - 02:46:10: [adminsounds.smx] 62 sounds loaded
L 07/12/2020 - 02:46:15: [randomcycle.smx] RandomCycle has chosen dod_bigbunky_v4 for the nextmap.
L 07/12/2020 - 02:53:08: [mapchooser.smx] Voting for next map has started.
L 07/12/2020 - 02:57:09: [SM] Changed map to "dod_sniper_wars_beta"
L 07/12/2020 - 02:57:09: [SM] Changed map to "dod_sniper_wars_beta"
L 07/12/2020 - 02:57:10: -------- Mapchange to dod_sniper_wars_beta --------
L 07/12/2020 - 02:57:10: [adminsounds.smx] 62 sounds loaded
L 07/12/2020 - 02:57:11: -------- Mapchange to dod_sniper_wars_beta --------
L 07/12/2020 - 02:57:11: [adminsounds.smx] 62 sounds loaded
L 07/12/2020 - 02:57:16: [randomcycle.smx] RandomCycle has chosen mario_air for the nextmap.
L 07/12/2020 - 03:04:09: [mapchooser.smx] Voting for next map has started.
L 07/12/2020 - 03:08:10: [SM] Changed map to "dod_oasis_v1a"
L 07/12/2020 - 03:08:10: [SM] Changed map to "dod_oasis_v1a"
L 07/12/2020 - 03:08:11: -------- Mapchange to dod_oasis_v1a --------
L 07/12/2020 - 03:08:11: [adminsounds.smx] 62 sounds loaded
L 07/12/2020 - 03:08:13: -------- Mapchange to dod_oasis_v1a --------
L 07/12/2020 - 03:08:13: [adminsounds.smx] 62 sounds loaded
L 07/12/2020 - 03:08:18: [randomcycle.smx] RandomCycle has chosen dod_avalanche for the nextmap.
L 07/12/2020 - 03:15:11: [mapchooser.smx] Voting for next map has started.
L 07/12/2020 - 03:19:12: [SM] Changed map to "dod_sewer_rats_b1"
L 07/12/2020 - 03:19:12: [SM] Changed map to "dod_sewer_rats_b1"
L 07/12/2020 - 03:19:13: -------- Mapchange to dod_sewer_rats_b1 --------
L 07/12/2020 - 03:19:13: [adminsounds.smx] 62 sounds loaded
L 07/12/2020 - 03:19:14: -------- Mapchange to dod_sewer_rats_b1 --------
L 07/12/2020 - 03:19:14: [adminsounds.smx] 62 sounds loaded
L 07/12/2020 - 03:19:19: [randomcycle.smx] RandomCycle has chosen cdcmarijuana! for the nextmap.
L 07/12/2020 - 03:26:12: [mapchooser.smx] Voting for next map has started.
L 07/12/2020 - 03:30:13: [SM] Changed map to "dod_rats"
L 07/12/2020 - 03:30:13: [SM] Changed map to "dod_rats"
L 07/12/2020 - 03:30:14: -------- Mapchange to dod_rats --------
L 07/12/2020 - 03:30:14: [adminsounds.smx] 62 sounds loaded
L 07/12/2020 - 03:30:16: -------- Mapchange to dod_rats --------
L 07/12/2020 - 03:30:16: [adminsounds.smx] 62 sounds loaded
L 07/12/2020 - 03:30:21: [randomcycle.smx] RandomCycle has chosen dod_orange_wallhack for the nextmap.
L 07/12/2020 - 03:37:14: [mapchooser.smx] Voting for next map has started.
L 07/12/2020 - 03:41:15: [SM] Changed map to "dod_argentan"
L 07/12/2020 - 03:41:15: [SM] Changed map to "dod_argentan"
L 07/12/2020 - 03:41:16: -------- Mapchange to dod_argentan --------
L 07/12/2020 - 03:41:16: [adminsounds.smx] 62 sounds loaded
L 07/12/2020 - 03:41:18: -------- Mapchange to dod_argentan --------
L 07/12/2020 - 03:41:18: [adminsounds.smx] 62 sounds loaded
L 07/12/2020 - 03:41:23: [randomcycle.smx] RandomCycle has chosen dod_solitude_rats for the nextmap.
L 07/12/2020 - 03:48:16: [mapchooser.smx] Voting for next map has started.
L 07/12/2020 - 03:52:17: [SM] Changed map to "dod_dust2_snow_xmas"
L 07/12/2020 - 03:52:17: [SM] Changed map to "dod_dust2_snow_xmas"
L 07/12/2020 - 03:52:18: -------- Mapchange to dod_dust2_snow_xmas --------
L 07/12/2020 - 03:52:18: [adminsounds.smx] 62 sounds loaded
L 07/12/2020 - 03:52:19: -------- Mapchange to dod_dust2_snow_xmas --------
L 07/12/2020 - 03:52:19: [adminsounds.smx] 62 sounds loaded
L 07/12/2020 - 03:52:24: [randomcycle.smx] RandomCycle has chosen dod_football_a for the nextmap.
L 07/12/2020 - 03:59:17: [mapchooser.smx] Voting for next map has started.
L 07/12/2020 - 04:03:18: [SM] Changed map to "dod_oasis_v1a"
L 07/12/2020 - 04:03:18: [SM] Changed map to "dod_oasis_v1a"
L 07/12/2020 - 04:03:19: -------- Mapchange to dod_oasis_v1a --------
L 07/12/2020 - 04:03:19: [adminsounds.smx] 62 sounds loaded
L 07/12/2020 - 04:03:21: -------- Mapchange to dod_oasis_v1a --------
L 07/12/2020 - 04:03:21: [adminsounds.smx] 62 sounds loaded
L 07/12/2020 - 04:03:26: [randomcycle.smx] RandomCycle has chosen dod_risk_b9 for the nextmap.
L 07/12/2020 - 04:10:19: [mapchooser.smx] Voting for next map has started.
L 07/12/2020 - 04:14:20: [SM] Changed map to "dod_dli_football_b1"
L 07/12/2020 - 04:14:20: [SM] Changed map to "dod_dli_football_b1"
L 07/12/2020 - 04:14:21: -------- Mapchange to dod_dli_football_b1 --------
L 07/12/2020 - 04:14:21: [adminsounds.smx] 62 sounds loaded
L 07/12/2020 - 04:14:22: -------- Mapchange to dod_dli_football_b1 --------
L 07/12/2020 - 04:14:22: [adminsounds.smx] 62 sounds loaded
L 07/12/2020 - 04:14:27: [randomcycle.smx] RandomCycle has chosen dod_sniper_wars_beta for the nextmap.
L 07/12/2020 - 04:21:20: [mapchooser.smx] Voting for next map has started.
L 07/12/2020 - 04:25:21: [SM] Changed map to "dod_deux_chateaux_final"
L 07/12/2020 - 04:25:21: [SM] Changed map to "dod_deux_chateaux_final"
L 07/12/2020 - 04:25:22: -------- Mapchange to dod_deux_chateaux_final --------
L 07/12/2020 - 04:25:22: [adminsounds.smx] 62 sounds loaded
L 07/12/2020 - 04:25:23: -------- Mapchange to dod_deux_chateaux_final --------
L 07/12/2020 - 04:25:23: [adminsounds.smx] 62 sounds loaded
L 07/12/2020 - 04:25:28: [randomcycle.smx] RandomCycle has chosen dod_kalt for the nextmap.
L 07/12/2020 - 04:32:21: [mapchooser.smx] Voting for next map has started.
L 07/12/2020 - 04:36:22: [SM] Changed map to "dod_colmar"
L 07/12/2020 - 04:36:22: [SM] Changed map to "dod_colmar"
L 07/12/2020 - 04:36:24: -------- Mapchange to dod_colmar --------
L 07/12/2020 - 04:36:24: [adminsounds.smx] 62 sounds loaded
L 07/12/2020 - 04:36:26: -------- Mapchange to dod_colmar --------
L 07/12/2020 - 04:36:26: [adminsounds.smx] 62 sounds loaded
L 07/12/2020 - 04:36:32: [randomcycle.smx] RandomCycle has chosen dod_monopoly_source for the nextmap.
L 07/12/2020 - 04:43:25: [mapchooser.smx] Voting for next map has started.
L 07/12/2020 - 04:47:26: [SM] Changed map to "dod_bunky2_modified"
L 07/12/2020 - 04:47:26: [SM] Changed map to "dod_bunky2_modified"
L 07/12/2020 - 04:47:26: -------- Mapchange to dod_bunky2_modified --------
L 07/12/2020 - 04:47:26: [adminsounds.smx] 62 sounds loaded
L 07/12/2020 - 04:47:28: -------- Mapchange to dod_bunky2_modified --------
L 07/12/2020 - 04:47:28: [adminsounds.smx] 62 sounds loaded
L 07/12/2020 - 04:47:33: [randomcycle.smx] RandomCycle has chosen dod_mousekitchen_ed for the nextmap.
L 07/12/2020 - 04:54:26: [mapchooser.smx] Voting for next map has started.
L 07/12/2020 - 04:58:27: [SM] Changed map to "dod_beer_circus"
L 07/12/2020 - 04:58:27: [SM] Changed map to "dod_beer_circus"
L 07/12/2020 - 04:58:36: -------- Mapchange to dod_beer_circus --------
L 07/12/2020 - 04:58:36: [adminsounds.smx] 62 sounds loaded
L 07/12/2020 - 04:58:45: -------- Mapchange to dod_beer_circus --------
L 07/12/2020 - 04:58:45: [adminsounds.smx] 62 sounds loaded
L 07/12/2020 - 04:58:50: [randomcycle.smx] RandomCycle has chosen dod_rats for the nextmap.
L 07/12/2020 - 05:05:43: [mapchooser.smx] Voting for next map has started.
L 07/12/2020 - 05:09:44: [SM] Changed map to "dod_oasis_v1a"
L 07/12/2020 - 05:09:44: [SM] Changed map to "dod_oasis_v1a"
L 07/12/2020 - 05:09:46: -------- Mapchange to dod_oasis_v1a --------
L 07/12/2020 - 05:09:46: [adminsounds.smx] 62 sounds loaded
L 07/12/2020 - 05:09:47: -------- Mapchange to dod_oasis_v1a --------
L 07/12/2020 - 05:09:47: [adminsounds.smx] 62 sounds loaded
L 07/12/2020 - 05:09:52: [randomcycle.smx] RandomCycle has chosen dod_dli_football_b1 for the nextmap.
L 07/12/2020 - 05:16:45: [mapchooser.smx] Voting for next map has started.
L 07/12/2020 - 05:20:46: [SM] Changed map to "babyfight_arena"
L 07/12/2020 - 05:20:46: [SM] Changed map to "babyfight_arena"
L 07/12/2020 - 05:20:47: -------- Mapchange to babyfight_arena --------
L 07/12/2020 - 05:20:47: [adminsounds.smx] 62 sounds loaded
L 07/12/2020 - 05:20:49: -------- Mapchange to babyfight_arena --------
L 07/12/2020 - 05:20:49: [adminsounds.smx] 62 sounds loaded
L 07/12/2020 - 05:20:54: [randomcycle.smx] RandomCycle has chosen dod_orange_damier_v2 for the nextmap.
L 07/12/2020 - 05:27:47: [mapchooser.smx] Voting for next map has started.
L 07/12/2020 - 05:31:48: [SM] Changed map to "sniperzone"
L 07/12/2020 - 05:31:48: [SM] Changed map to "sniperzone"
L 07/12/2020 - 05:31:49: -------- Mapchange to sniperzone --------
L 07/12/2020 - 05:31:49: [adminsounds.smx] 62 sounds loaded
L 07/12/2020 - 05:31:51: -------- Mapchange to sniperzone --------
L 07/12/2020 - 05:31:51: [adminsounds.smx] 62 sounds loaded
L 07/12/2020 - 05:31:56: [randomcycle.smx] RandomCycle has chosen cdcmarijuana! for the nextmap.
L 07/12/2020 - 05:38:49: [mapchooser.smx] Voting for next map has started.
L 07/12/2020 - 05:42:50: [SM] Changed map to "dod_legoland_b2"
L 07/12/2020 - 05:42:50: [SM] Changed map to "dod_legoland_b2"
L 07/12/2020 - 05:42:51: -------- Mapchange to dod_legoland_b2 --------
L 07/12/2020 - 05:42:51: [adminsounds.smx] 62 sounds loaded
L 07/12/2020 - 05:42:52: -------- Mapchange to dod_legoland_b2 --------
L 07/12/2020 - 05:42:52: [adminsounds.smx] 62 sounds loaded
L 07/12/2020 - 05:42:57: [randomcycle.smx] RandomCycle has chosen dod_dust2_snow_xmas for the nextmap.
L 07/12/2020 - 05:49:51: [mapchooser.smx] Voting for next map has started.
L 07/12/2020 - 05:53:52: [SM] Changed map to "dod_iceworld_final_[bds]_doc"
L 07/12/2020 - 05:53:52: [SM] Changed map to "dod_iceworld_final_[bds]_doc"
L 07/12/2020 - 05:53:53: -------- Mapchange to dod_iceworld_final_[bds]_doc --------
L 07/12/2020 - 05:53:53: [adminsounds.smx] 62 sounds loaded
L 07/12/2020 - 05:53:54: -------- Mapchange to dod_iceworld_final_[bds]_doc --------
L 07/12/2020 - 05:53:54: [adminsounds.smx] 62 sounds loaded
L 07/12/2020 - 05:53:59: [randomcycle.smx] RandomCycle has chosen dod_sniperarena_dgs2 for the nextmap.
L 07/12/2020 - 06:00:52: [mapchooser.smx] Voting for next map has started.
L 07/12/2020 - 06:04:53: [SM] Changed map to "acc_labice"
L 07/12/2020 - 06:04:53: [SM] Changed map to "acc_labice"
L 07/12/2020 - 06:04:54: -------- Mapchange to acc_labice --------
L 07/12/2020 - 06:04:54: [adminsounds.smx] 62 sounds loaded
L 07/12/2020 - 06:04:55: -------- Mapchange to acc_labice --------
L 07/12/2020 - 06:04:55: [adminsounds.smx] 62 sounds loaded
L 07/12/2020 - 06:05:01: [randomcycle.smx] RandomCycle has chosen dod_cdc_rats_rm for the nextmap.
L 07/12/2020 - 06:11:54: [mapchooser.smx] Voting for next map has started.
L 07/12/2020 - 06:15:55: [SM] Changed map to "dod_colmar"
L 07/12/2020 - 06:15:55: [SM] Changed map to "dod_colmar"
L 07/12/2020 - 06:15:57: -------- Mapchange to dod_colmar --------
L 07/12/2020 - 06:15:57: [adminsounds.smx] 62 sounds loaded
L 07/12/2020 - 06:15:59: -------- Mapchange to dod_colmar --------
L 07/12/2020 - 06:15:59: [adminsounds.smx] 62 sounds loaded
L 07/12/2020 - 06:16:04: [randomcycle.smx] RandomCycle has chosen mario_air for the nextmap.
L 07/12/2020 - 06:22:57: [mapchooser.smx] Voting for next map has started.
L 07/12/2020 - 06:26:58: [SM] Changed map to "dod_aimap_b1"
L 07/12/2020 - 06:26:58: [SM] Changed map to "dod_aimap_b1"
L 07/12/2020 - 06:26:59: -------- Mapchange to dod_aimap_b1 --------
L 07/12/2020 - 06:26:59: [adminsounds.smx] 62 sounds loaded
L 07/12/2020 - 06:27:01: -------- Mapchange to dod_aimap_b1 --------
L 07/12/2020 - 06:27:01: [adminsounds.smx] 62 sounds loaded
L 07/12/2020 - 06:27:06: [randomcycle.smx] RandomCycle has chosen dod_chocolate_fight_arena for the nextmap.
L 07/12/2020 - 06:33:59: [mapchooser.smx] Voting for next map has started.
L 07/12/2020 - 06:38:00: [SM] Changed map to "dod_orange_bridges"
L 07/12/2020 - 06:38:00: [SM] Changed map to "dod_orange_bridges"
L 07/12/2020 - 06:38:01: -------- Mapchange to dod_orange_bridges --------
L 07/12/2020 - 06:38:01: [adminsounds.smx] 62 sounds loaded
L 07/12/2020 - 06:38:02: -------- Mapchange to dod_orange_bridges --------
L 07/12/2020 - 06:38:02: [adminsounds.smx] 62 sounds loaded
L 07/12/2020 - 06:38:07: [randomcycle.smx] RandomCycle has chosen dod_avalanche@night for the nextmap.
L 07/12/2020 - 06:45:00: [mapchooser.smx] Voting for next map has started.
L 07/12/2020 - 06:49:02: [SM] Changed map to "babyfight_arena"
L 07/12/2020 - 06:49:02: [SM] Changed map to "babyfight_arena"
L 07/12/2020 - 06:49:03: -------- Mapchange to babyfight_arena --------
L 07/12/2020 - 06:49:03: [adminsounds.smx] 62 sounds loaded
L 07/12/2020 - 06:49:04: -------- Mapchange to babyfight_arena --------
L 07/12/2020 - 06:49:04: [adminsounds.smx] 62 sounds loaded
L 07/12/2020 - 06:49:09: [randomcycle.smx] RandomCycle has chosen dod_argentan for the nextmap.
L 07/12/2020 - 06:56:02: [mapchooser.smx] Voting for next map has started.
L 07/12/2020 - 07:00:03: [SM] Changed map to "dod_risk_b9"
L 07/12/2020 - 07:00:03: [SM] Changed map to "dod_risk_b9"
L 07/12/2020 - 07:00:06: -------- Mapchange to dod_risk_b9 --------
L 07/12/2020 - 07:00:06: [adminsounds.smx] 62 sounds loaded
L 07/12/2020 - 07:00:09: -------- Mapchange to dod_risk_b9 --------
L 07/12/2020 - 07:00:09: [adminsounds.smx] 62 sounds loaded
L 07/12/2020 - 07:00:14: [randomcycle.smx] RandomCycle has chosen dod_football_a for the nextmap.
L 07/12/2020 - 07:07:07: [mapchooser.smx] Voting for next map has started.
L 07/12/2020 - 07:11:08: [SM] Changed map to "dod_orange_sniper"
L 07/12/2020 - 07:11:08: [SM] Changed map to "dod_orange_sniper"
L 07/12/2020 - 07:11:09: -------- Mapchange to dod_orange_sniper --------
L 07/12/2020 - 07:11:09: [adminsounds.smx] 62 sounds loaded
L 07/12/2020 - 07:11:10: -------- Mapchange to dod_orange_sniper --------
L 07/12/2020 - 07:11:10: [adminsounds.smx] 62 sounds loaded
L 07/12/2020 - 07:11:16: [randomcycle.smx] RandomCycle has chosen dod_anzio for the nextmap.
L 07/12/2020 - 07:18:09: [mapchooser.smx] Voting for next map has started.
L 07/12/2020 - 07:22:10: [SM] Changed map to "dod_rats"
L 07/12/2020 - 07:22:10: [SM] Changed map to "dod_rats"
L 07/12/2020 - 07:22:11: -------- Mapchange to dod_rats --------
L 07/12/2020 - 07:22:11: [adminsounds.smx] 62 sounds loaded
L 07/12/2020 - 07:22:13: -------- Mapchange to dod_rats --------
L 07/12/2020 - 07:22:13: [adminsounds.smx] 62 sounds loaded
L 07/12/2020 - 07:22:18: [randomcycle.smx] RandomCycle has chosen dod_aimap_b1 for the nextmap.
L 07/12/2020 - 07:29:11: [mapchooser.smx] Voting for next map has started.
L 07/12/2020 - 07:33:12: [SM] Changed map to "dod_orange_damier_v2"
L 07/12/2020 - 07:33:12: [SM] Changed map to "dod_orange_damier_v2"
L 07/12/2020 - 07:33:13: -------- Mapchange to dod_orange_damier_v2 --------
L 07/12/2020 - 07:33:13: [adminsounds.smx] 62 sounds loaded
L 07/12/2020 - 07:33:14: -------- Mapchange to dod_orange_damier_v2 --------
L 07/12/2020 - 07:33:14: [adminsounds.smx] 62 sounds loaded
L 07/12/2020 - 07:33:20: [randomcycle.smx] RandomCycle has chosen dod_bigbunky_v4 for the nextmap.
L 07/12/2020 - 07:40:13: [mapchooser.smx] Voting for next map has started.
L 07/12/2020 - 07:44:14: [SM] Changed map to "dod_flash"
L 07/12/2020 - 07:44:14: [SM] Changed map to "dod_flash"
L 07/12/2020 - 07:44:15: -------- Mapchange to dod_flash --------
L 07/12/2020 - 07:44:15: [adminsounds.smx] 62 sounds loaded
L 07/12/2020 - 07:44:17: -------- Mapchange to dod_flash --------
L 07/12/2020 - 07:44:17: [adminsounds.smx] 62 sounds loaded
L 07/12/2020 - 07:44:22: [randomcycle.smx] RandomCycle has chosen dod_orange_wallhack for the nextmap.
L 07/12/2020 - 07:51:15: [mapchooser.smx] Voting for next map has started.
L 07/12/2020 - 07:55:16: [SM] Changed map to "dod_colmar"
L 07/12/2020 - 07:55:16: [SM] Changed map to "dod_colmar"
L 07/12/2020 - 07:55:18: -------- Mapchange to dod_colmar --------
L 07/12/2020 - 07:55:19: [adminsounds.smx] 62 sounds loaded
L 07/12/2020 - 07:55:21: -------- Mapchange to dod_colmar --------
L 07/12/2020 - 07:55:21: [adminsounds.smx] 62 sounds loaded
L 07/12/2020 - 07:55:26: [randomcycle.smx] RandomCycle has chosen dod_fullhouse for the nextmap.
L 07/12/2020 - 08:02:19: [mapchooser.smx] Voting for next map has started.
L 07/12/2020 - 08:06:20: [SM] Changed map to "dod_argentan"
L 07/12/2020 - 08:06:20: [SM] Changed map to "dod_argentan"
L 07/12/2020 - 08:06:22: -------- Mapchange to dod_argentan --------
L 07/12/2020 - 08:06:22: [adminsounds.smx] 62 sounds loaded
L 07/12/2020 - 08:06:24: -------- Mapchange to dod_argentan --------
L 07/12/2020 - 08:06:24: [adminsounds.smx] 62 sounds loaded
L 07/12/2020 - 08:06:29: [randomcycle.smx] RandomCycle has chosen dod_sniperarena_dgs2 for the nextmap.
L 07/12/2020 - 08:13:22: [mapchooser.smx] Voting for next map has started.
L 07/12/2020 - 08:17:23: [SM] Changed map to "dod_dust2_snow_xmas"
L 07/12/2020 - 08:17:23: [SM] Changed map to "dod_dust2_snow_xmas"
L 07/12/2020 - 08:17:24: -------- Mapchange to dod_dust2_snow_xmas --------
L 07/12/2020 - 08:17:24: [adminsounds.smx] 62 sounds loaded
L 07/12/2020 - 08:17:26: -------- Mapchange to dod_dust2_snow_xmas --------
L 07/12/2020 - 08:17:26: [adminsounds.smx] 62 sounds loaded
L 07/12/2020 - 08:17:31: [randomcycle.smx] RandomCycle has chosen dod_orange_bridges for the nextmap.
L 07/12/2020 - 08:24:24: [mapchooser.smx] Voting for next map has started.
L 07/12/2020 - 08:28:25: [SM] Changed map to "dod_avalanche"
L 07/12/2020 - 08:28:25: [SM] Changed map to "dod_avalanche"
L 07/12/2020 - 08:28:27: -------- Mapchange to dod_avalanche --------
L 07/12/2020 - 08:28:27: [adminsounds.smx] 62 sounds loaded
L 07/12/2020 - 08:28:29: -------- Mapchange to dod_avalanche --------
L 07/12/2020 - 08:28:29: [adminsounds.smx] 62 sounds loaded
L 07/12/2020 - 08:28:34: [randomcycle.smx] RandomCycle has chosen sniperzone for the nextmap.
L 07/12/2020 - 08:35:27: [mapchooser.smx] Voting for next map has started.
L 07/12/2020 - 08:39:28: [SM] Changed map to "dod_beer_circus"
L 07/12/2020 - 08:39:28: [SM] Changed map to "dod_beer_circus"
L 07/12/2020 - 08:39:37: -------- Mapchange to dod_beer_circus --------
L 07/12/2020 - 08:39:37: [adminsounds.smx] 62 sounds loaded
L 07/12/2020 - 08:39:47: -------- Mapchange to dod_beer_circus --------
L 07/12/2020 - 08:39:47: [adminsounds.smx] 62 sounds loaded
L 07/12/2020 - 08:39:52: [randomcycle.smx] RandomCycle has chosen cdcmarijuana! for the nextmap.
L 07/12/2020 - 08:46:45: [mapchooser.smx] Voting for next map has started.
L 07/12/2020 - 08:50:46: [SM] Changed map to "dod_cdc_rats_rm"
L 07/12/2020 - 08:50:46: [SM] Changed map to "dod_cdc_rats_rm"
L 07/12/2020 - 08:50:48: -------- Mapchange to dod_cdc_rats_rm --------
L 07/12/2020 - 08:50:48: [adminsounds.smx] 62 sounds loaded
L 07/12/2020 - 08:50:49: -------- Mapchange to dod_cdc_rats_rm --------
L 07/12/2020 - 08:50:49: [adminsounds.smx] 62 sounds loaded
L 07/12/2020 - 08:50:54: [randomcycle.smx] RandomCycle has chosen acc_labice for the nextmap.
L 07/12/2020 - 08:57:47: [mapchooser.smx] Voting for next map has started.
L 07/12/2020 - 09:01:48: [SM] Changed map to "dod_risk_b9"
L 07/12/2020 - 09:01:48: [SM] Changed map to "dod_risk_b9"
L 07/12/2020 - 09:01:51: -------- Mapchange to dod_risk_b9 --------
L 07/12/2020 - 09:01:51: [adminsounds.smx] 62 sounds loaded
L 07/12/2020 - 09:01:54: -------- Mapchange to dod_risk_b9 --------
L 07/12/2020 - 09:01:54: [adminsounds.smx] 62 sounds loaded
L 07/12/2020 - 09:02:00: [randomcycle.smx] RandomCycle has chosen dod_orange_sniper for the nextmap.
L 07/12/2020 - 09:08:53: [mapchooser.smx] Voting for next map has started.
L 07/12/2020 - 09:12:54: [SM] Changed map to "dod_anzio"
L 07/12/2020 - 09:12:54: [SM] Changed map to "dod_anzio"
L 07/12/2020 - 09:12:55: -------- Mapchange to dod_anzio --------
L 07/12/2020 - 09:12:56: [adminsounds.smx] 62 sounds loaded
L 07/12/2020 - 09:12:57: -------- Mapchange to dod_anzio --------
L 07/12/2020 - 09:12:57: [adminsounds.smx] 62 sounds loaded
L 07/12/2020 - 09:13:03: [randomcycle.smx] RandomCycle has chosen dod_solitude_rats for the nextmap.
L 07/12/2020 - 09:19:56: [mapchooser.smx] Voting for next map has started.
L 07/12/2020 - 09:23:57: [SM] Changed map to "dod_donner"
L 07/12/2020 - 09:23:57: [SM] Changed map to "dod_donner"
L 07/12/2020 - 09:23:58: -------- Mapchange to dod_donner --------
L 07/12/2020 - 09:23:58: [adminsounds.smx] 62 sounds loaded
L 07/12/2020 - 09:24:00: -------- Mapchange to dod_donner --------
L 07/12/2020 - 09:24:00: [adminsounds.smx] 62 sounds loaded
L 07/12/2020 - 09:24:06: [randomcycle.smx] RandomCycle has chosen dod_football_a for the nextmap.
L 07/12/2020 - 09:30:59: [mapchooser.smx] Voting for next map has started.
L 07/12/2020 - 09:35:00: [SM] Changed map to "dod_orange_castel_evolution"
L 07/12/2020 - 09:35:00: [SM] Changed map to "dod_orange_castel_evolution"
L 07/12/2020 - 09:35:01: -------- Mapchange to dod_orange_castel_evolution --------
L 07/12/2020 - 09:35:01: [adminsounds.smx] 62 sounds loaded
L 07/12/2020 - 09:35:02: -------- Mapchange to dod_orange_castel_evolution --------
L 07/12/2020 - 09:35:02: [adminsounds.smx] 62 sounds loaded
L 07/12/2020 - 09:35:08: [randomcycle.smx] RandomCycle has chosen dod_aimap_b1 for the nextmap.
L 07/12/2020 - 09:42:01: [mapchooser.smx] Voting for next map has started.
L 07/12/2020 - 09:46:02: [SM] Changed map to "dod_legoland_b2"
L 07/12/2020 - 09:46:02: [SM] Changed map to "dod_legoland_b2"
L 07/12/2020 - 09:46:03: -------- Mapchange to dod_legoland_b2 --------
L 07/12/2020 - 09:46:03: [adminsounds.smx] 62 sounds loaded
L 07/12/2020 - 09:46:05: -------- Mapchange to dod_legoland_b2 --------
L 07/12/2020 - 09:46:05: [adminsounds.smx] 62 sounds loaded
L 07/12/2020 - 09:46:10: [randomcycle.smx] RandomCycle has chosen dod_beer_circus for the nextmap.
L 07/12/2020 - 09:53:03: [mapchooser.smx] Voting for next map has started.
L 07/12/2020 - 09:57:04: [SM] Changed map to "dod_sniperarena_dgs2"
L 07/12/2020 - 09:57:04: [SM] Changed map to "dod_sniperarena_dgs2"
L 07/12/2020 - 09:57:05: -------- Mapchange to dod_sniperarena_dgs2 --------
L 07/12/2020 - 09:57:05: [adminsounds.smx] 62 sounds loaded
L 07/12/2020 - 09:57:07: -------- Mapchange to dod_sniperarena_dgs2 --------
L 07/12/2020 - 09:57:07: [adminsounds.smx] 62 sounds loaded
L 07/12/2020 - 09:57:12: [randomcycle.smx] RandomCycle has chosen dod_orange_cancrelats for the nextmap.
L 07/12/2020 - 10:04:05: [mapchooser.smx] Voting for next map has started.
L 07/12/2020 - 10:08:06: [SM] Changed map to "dod_sniper_wars_beta"
L 07/12/2020 - 10:08:06: [SM] Changed map to "dod_sniper_wars_beta"
L 07/12/2020 - 10:08:08: -------- Mapchange to dod_sniper_wars_beta --------
L 07/12/2020 - 10:08:08: [adminsounds.smx] 62 sounds loaded
L 07/12/2020 - 10:08:09: -------- Mapchange to dod_sniper_wars_beta --------
L 07/12/2020 - 10:08:09: [adminsounds.smx] 62 sounds loaded
L 07/12/2020 - 10:08:15: [randomcycle.smx] RandomCycle has chosen dod_sniper_killbox_v2 for the nextmap.
L 07/12/2020 - 10:15:08: [mapchooser.smx] Voting for next map has started.
L 07/12/2020 - 10:19:09: [SM] Changed map to "dod_oasis_v1a"
L 07/12/2020 - 10:19:09: [SM] Changed map to "dod_oasis_v1a"
L 07/12/2020 - 10:19:10: -------- Mapchange to dod_oasis_v1a --------
L 07/12/2020 - 10:19:10: [adminsounds.smx] 62 sounds loaded
L 07/12/2020 - 10:19:12: -------- Mapchange to dod_oasis_v1a --------
L 07/12/2020 - 10:19:12: [adminsounds.smx] 62 sounds loaded
L 07/12/2020 - 10:19:17: [randomcycle.smx] RandomCycle has chosen dod_murky_p2 for the nextmap.
L 07/12/2020 - 10:26:10: [mapchooser.smx] Voting for next map has started.
L 07/12/2020 - 10:30:11: [SM] Changed map to "dod_bigbunky_v4"
L 07/12/2020 - 10:30:11: [SM] Changed map to "dod_bigbunky_v4"
L 07/12/2020 - 10:30:13: -------- Mapchange to dod_bigbunky_v4 --------
L 07/12/2020 - 10:30:13: [adminsounds.smx] 62 sounds loaded
L 07/12/2020 - 10:30:15: -------- Mapchange to dod_bigbunky_v4 --------
L 07/12/2020 - 10:30:15: [adminsounds.smx] 62 sounds loaded
L 07/12/2020 - 10:30:20: [randomcycle.smx] RandomCycle has chosen dod_dli_football_b1 for the nextmap.
L 07/12/2020 - 10:37:13: [mapchooser.smx] Voting for next map has started.
L 07/12/2020 - 10:41:14: [SM] Changed map to "dod_colmar"
L 07/12/2020 - 10:41:14: [SM] Changed map to "dod_colmar"
L 07/12/2020 - 10:41:16: -------- Mapchange to dod_colmar --------
L 07/12/2020 - 10:41:16: [adminsounds.smx] 62 sounds loaded
L 07/12/2020 - 10:41:19: -------- Mapchange to dod_colmar --------
L 07/12/2020 - 10:41:19: [adminsounds.smx] 62 sounds loaded
L 07/12/2020 - 10:41:25: [randomcycle.smx] RandomCycle has chosen mario_air for the nextmap.
L 07/12/2020 - 10:48:18: [mapchooser.smx] Voting for next map has started.
L 07/12/2020 - 10:52:19: [SM] Changed map to "dod_orange_wallhack"
L 07/12/2020 - 10:52:19: [SM] Changed map to "dod_orange_wallhack"
L 07/12/2020 - 10:52:20: -------- Mapchange to dod_orange_wallhack --------
L 07/12/2020 - 10:52:20: [adminsounds.smx] 62 sounds loaded
L 07/12/2020 - 10:52:22: -------- Mapchange to dod_orange_wallhack --------
L 07/12/2020 - 10:52:22: [adminsounds.smx] 62 sounds loaded
L 07/12/2020 - 10:52:27: [randomcycle.smx] RandomCycle has chosen dod_avalanche for the nextmap.
L 07/12/2020 - 10:59:20: [mapchooser.smx] Voting for next map has started.
L 07/12/2020 - 11:03:21: [SM] Changed map to "dod_oasis_v1a"
L 07/12/2020 - 11:03:21: [SM] Changed map to "dod_oasis_v1a"
L 07/12/2020 - 11:03:22: -------- Mapchange to dod_oasis_v1a --------
L 07/12/2020 - 11:03:22: [adminsounds.smx] 62 sounds loaded
L 07/12/2020 - 11:03:24: -------- Mapchange to dod_oasis_v1a --------
L 07/12/2020 - 11:03:24: [adminsounds.smx] 62 sounds loaded
L 07/12/2020 - 11:03:30: [randomcycle.smx] RandomCycle has chosen dod_kalt for the nextmap.
L 07/12/2020 - 11:10:23: [mapchooser.smx] Voting for next map has started.
L 07/12/2020 - 11:14:24: [SM] Changed map to "dod_beer_circus"
L 07/12/2020 - 11:14:24: [SM] Changed map to "dod_beer_circus"
L 07/12/2020 - 11:14:33: -------- Mapchange to dod_beer_circus --------
L 07/12/2020 - 11:14:33: [adminsounds.smx] 62 sounds loaded
L 07/12/2020 - 11:14:43: -------- Mapchange to dod_beer_circus --------
L 07/12/2020 - 11:14:43: [adminsounds.smx] 62 sounds loaded
L 07/12/2020 - 11:14:48: [randomcycle.smx] RandomCycle has chosen dod_colmar for the nextmap.
L 07/12/2020 - 11:21:41: [mapchooser.smx] Voting for next map has started.
L 07/12/2020 - 11:25:42: [SM] Changed map to "dod_sniperarena_dgs2"
L 07/12/2020 - 11:25:43: [SM] Changed map to "dod_sniperarena_dgs2"
L 07/12/2020 - 11:25:44: -------- Mapchange to dod_sniperarena_dgs2 --------
L 07/12/2020 - 11:25:44: [adminsounds.smx] 62 sounds loaded
L 07/12/2020 - 11:25:46: -------- Mapchange to dod_sniperarena_dgs2 --------
L 07/12/2020 - 11:25:46: [adminsounds.smx] 62 sounds loaded
L 07/12/2020 - 11:25:51: [randomcycle.smx] RandomCycle has chosen dod_dust2_snow_xmas for the nextmap.
L 07/12/2020 - 11:32:44: [mapchooser.smx] Voting for next map has started.
L 07/12/2020 - 11:36:45: [SM] Changed map to "mario_air"
L 07/12/2020 - 11:36:45: [SM] Changed map to "mario_air"
L 07/12/2020 - 11:36:46: -------- Mapchange to mario_air --------
L 07/12/2020 - 11:36:47: [adminsounds.smx] 62 sounds loaded
L 07/12/2020 - 11:36:48: -------- Mapchange to mario_air --------
L 07/12/2020 - 11:36:48: [adminsounds.smx] 62 sounds loaded
L 07/12/2020 - 11:36:54: [randomcycle.smx] RandomCycle has chosen dod_monopoly_source for the nextmap.
L 07/12/2020 - 11:43:47: [mapchooser.smx] Voting for next map has started.
L 07/12/2020 - 11:47:48: [SM] Changed map to "dod_colmar"
L 07/12/2020 - 11:47:48: [SM] Changed map to "dod_colmar"
L 07/12/2020 - 11:47:50: -------- Mapchange to dod_colmar --------
L 07/12/2020 - 11:47:50: [adminsounds.smx] 62 sounds loaded
L 07/12/2020 - 11:47:53: -------- Mapchange to dod_colmar --------
L 07/12/2020 - 11:47:53: [adminsounds.smx] 62 sounds loaded
L 07/12/2020 - 11:47:58: [randomcycle.smx] RandomCycle has chosen dod_orange_castel_evolution for the nextmap.
L 07/12/2020 - 11:54:51: [mapchooser.smx] Voting for next map has started.
L 07/12/2020 - 11:58:52: [SM] Changed map to "dod_bunky2_modified"
L 07/12/2020 - 11:58:52: [SM] Changed map to "dod_bunky2_modified"
L 07/12/2020 - 11:58:54: -------- Mapchange to dod_bunky2_modified --------
L 07/12/2020 - 11:58:54: [adminsounds.smx] 62 sounds loaded
L 07/12/2020 - 11:58:55: -------- Mapchange to dod_bunky2_modified --------
L 07/12/2020 - 11:58:55: [adminsounds.smx] 62 sounds loaded
L 07/12/2020 - 11:59:01: [randomcycle.smx] RandomCycle has chosen dod_jagd for the nextmap.
L 07/12/2020 - 12:05:54: [mapchooser.smx] Voting for next map has started.
L 07/12/2020 - 12:09:55: [SM] Changed map to "dod_argentan"
L 07/12/2020 - 12:09:55: [SM] Changed map to "dod_argentan"
L 07/12/2020 - 12:09:57: -------- Mapchange to dod_argentan --------
L 07/12/2020 - 12:09:57: [adminsounds.smx] 62 sounds loaded
L 07/12/2020 - 12:09:59: -------- Mapchange to dod_argentan --------
L 07/12/2020 - 12:09:59: [adminsounds.smx] 62 sounds loaded
L 07/12/2020 - 12:10:04: [randomcycle.smx] RandomCycle has chosen dod_aimap_b1 for the nextmap.
L 07/12/2020 - 12:16:57: [mapchooser.smx] Voting for next map has started.
L 07/12/2020 - 12:20:58: [SM] Changed map to "dod_deux_chateaux_final"
L 07/12/2020 - 12:20:58: [SM] Changed map to "dod_deux_chateaux_final"
L 07/12/2020 - 12:21:00: -------- Mapchange to dod_deux_chateaux_final --------
L 07/12/2020 - 12:21:00: [adminsounds.smx] 62 sounds loaded
L 07/12/2020 - 12:21:02: -------- Mapchange to dod_deux_chateaux_final --------
L 07/12/2020 - 12:21:02: [adminsounds.smx] 62 sounds loaded
L 07/12/2020 - 12:21:07: [randomcycle.smx] RandomCycle has chosen cdcmarijuana! for the nextmap.
L 07/12/2020 - 12:28:00: [mapchooser.smx] Voting for next map has started.
L 07/12/2020 - 12:32:01: [SM] Changed map to "dod_donner"
L 07/12/2020 - 12:32:01: [SM] Changed map to "dod_donner"
L 07/12/2020 - 12:32:03: -------- Mapchange to dod_donner --------
L 07/12/2020 - 12:32:03: [adminsounds.smx] 62 sounds loaded
L 07/12/2020 - 12:32:05: -------- Mapchange to dod_donner --------
L 07/12/2020 - 12:32:05: [adminsounds.smx] 62 sounds loaded
L 07/12/2020 - 12:32:11: [randomcycle.smx] RandomCycle has chosen dod_bunky2_modified for the nextmap.
L 07/12/2020 - 12:39:04: [mapchooser.smx] Voting for next map has started.
L 07/12/2020 - 12:43:05: [SM] Changed map to "dod_rats"
L 07/12/2020 - 12:43:05: [SM] Changed map to "dod_rats"
L 07/12/2020 - 12:43:06: -------- Mapchange to dod_rats --------
L 07/12/2020 - 12:43:06: [adminsounds.smx] 62 sounds loaded
L 07/12/2020 - 12:43:09: -------- Mapchange to dod_rats --------
L 07/12/2020 - 12:43:09: [adminsounds.smx] 62 sounds loaded
L 07/12/2020 - 12:43:14: [randomcycle.smx] RandomCycle has chosen dod_oasis_v1a for the nextmap.
L 07/12/2020 - 12:50:07: [mapchooser.smx] Voting for next map has started.
L 07/12/2020 - 12:54:08: [SM] Changed map to "dod_bunky2_modified"
L 07/12/2020 - 12:54:08: [SM] Changed map to "dod_bunky2_modified"
L 07/12/2020 - 12:54:09: -------- Mapchange to dod_bunky2_modified --------
L 07/12/2020 - 12:54:09: [adminsounds.smx] 62 sounds loaded
L 07/12/2020 - 12:54:11: -------- Mapchange to dod_bunky2_modified --------
L 07/12/2020 - 12:54:11: [adminsounds.smx] 62 sounds loaded
L 07/12/2020 - 12:54:17: [randomcycle.smx] RandomCycle has chosen dod_avalanche for the nextmap.
L 07/12/2020 - 13:01:10: [mapchooser.smx] Voting for next map has started.
L 07/12/2020 - 13:05:11: [SM] Changed map to "dod_4pyramides"
L 07/12/2020 - 13:05:11: [SM] Changed map to "dod_4pyramides"
L 07/12/2020 - 13:05:12: -------- Mapchange to dod_4pyramides --------
L 07/12/2020 - 13:05:12: [adminsounds.smx] 62 sounds loaded
L 07/12/2020 - 13:05:14: -------- Mapchange to dod_4pyramides --------
L 07/12/2020 - 13:05:15: [adminsounds.smx] 62 sounds loaded
L 07/12/2020 - 13:05:20: [randomcycle.smx] RandomCycle has chosen dod_bigbunky_v4 for the nextmap.
L 07/12/2020 - 13:12:13: [mapchooser.smx] Voting for next map has started.
L 07/12/2020 - 13:16:14: [SM] Changed map to "dod_risk_b9"
L 07/12/2020 - 13:16:14: [SM] Changed map to "dod_risk_b9"
L 07/12/2020 - 13:16:17: -------- Mapchange to dod_risk_b9 --------
L 07/12/2020 - 13:16:17: [adminsounds.smx] 62 sounds loaded
L 07/12/2020 - 13:16:20: -------- Mapchange to dod_risk_b9 --------
L 07/12/2020 - 13:16:20: [adminsounds.smx] 62 sounds loaded
L 07/12/2020 - 13:16:26: [randomcycle.smx] RandomCycle has chosen dod_4pyramides for the nextmap.
L 07/12/2020 - 13:23:19: [mapchooser.smx] Voting for next map has started.
L 07/12/2020 - 13:27:20: [SM] Changed map to "dod_fullhouse"
L 07/12/2020 - 13:27:20: [SM] Changed map to "dod_fullhouse"
L 07/12/2020 - 13:27:21: -------- Mapchange to dod_fullhouse --------
L 07/12/2020 - 13:27:22: [adminsounds.smx] 62 sounds loaded
L 07/12/2020 - 13:27:23: -------- Mapchange to dod_fullhouse --------
L 07/12/2020 - 13:27:24: [adminsounds.smx] 62 sounds loaded
L 07/12/2020 - 13:27:29: [randomcycle.smx] RandomCycle has chosen dod_sand_rats_2006 for the nextmap.
L 07/12/2020 - 13:34:22: [mapchooser.smx] Voting for next map has started.
L 07/12/2020 - 13:38:23: [SM] Changed map to "cdcmarijuana!"
L 07/12/2020 - 13:38:23: [SM] Changed map to "cdcmarijuana!"
L 07/12/2020 - 13:38:24: -------- Mapchange to cdcmarijuana! --------
L 07/12/2020 - 13:38:24: [adminsounds.smx] 62 sounds loaded
L 07/12/2020 - 13:38:26: -------- Mapchange to cdcmarijuana! --------
L 07/12/2020 - 13:38:26: [adminsounds.smx] 62 sounds loaded
L 07/12/2020 - 13:38:32: [randomcycle.smx] RandomCycle has chosen dod_chocolate_fight_arena for the nextmap.
L 07/12/2020 - 13:45:25: [mapchooser.smx] Voting for next map has started.
L 07/12/2020 - 13:49:26: [SM] Changed map to "dod_sewer_rats_b1"
L 07/12/2020 - 13:49:26: [SM] Changed map to "dod_sewer_rats_b1"
L 07/12/2020 - 13:49:27: -------- Mapchange to dod_sewer_rats_b1 --------
L 07/12/2020 - 13:49:27: [adminsounds.smx] 62 sounds loaded
L 07/12/2020 - 13:49:29: -------- Mapchange to dod_sewer_rats_b1 --------
L 07/12/2020 - 13:49:29: [adminsounds.smx] 62 sounds loaded
L 07/12/2020 - 13:49:35: [randomcycle.smx] RandomCycle has chosen acc_labice for the nextmap.
L 07/12/2020 - 13:56:28: [mapchooser.smx] Voting for next map has started.
L 07/12/2020 - 14:00:29: [SM] Changed map to "dod_aimap_b1"
L 07/12/2020 - 14:00:29: [SM] Changed map to "dod_aimap_b1"
L 07/12/2020 - 14:00:30: -------- Mapchange to dod_aimap_b1 --------
L 07/12/2020 - 14:00:30: [adminsounds.smx] 62 sounds loaded
L 07/12/2020 - 14:00:32: -------- Mapchange to dod_aimap_b1 --------
L 07/12/2020 - 14:00:32: [adminsounds.smx] 62 sounds loaded
L 07/12/2020 - 14:00:38: [randomcycle.smx] RandomCycle has chosen dod_avalanche@night for the nextmap.
L 07/12/2020 - 14:07:31: [mapchooser.smx] Voting for next map has started.
L 07/12/2020 - 14:11:32: [SM] Changed map to "dod_deux_chateaux_final"
L 07/12/2020 - 14:11:32: [SM] Changed map to "dod_deux_chateaux_final"
L 07/12/2020 - 14:11:33: -------- Mapchange to dod_deux_chateaux_final --------
L 07/12/2020 - 14:11:33: [adminsounds.smx] 62 sounds loaded
L 07/12/2020 - 14:11:35: -------- Mapchange to dod_deux_chateaux_final --------
L 07/12/2020 - 14:11:35: [adminsounds.smx] 62 sounds loaded
L 07/12/2020 - 14:11:41: [randomcycle.smx] RandomCycle has chosen dod_deux_chateaux_final for the nextmap.
L 07/12/2020 - 14:18:34: [mapchooser.smx] Voting for next map has started.
L 07/12/2020 - 14:22:35: [SM] Changed map to "dod_solitude_rats"
L 07/12/2020 - 14:22:35: [SM] Changed map to "dod_solitude_rats"
L 07/12/2020 - 14:22:37: -------- Mapchange to dod_solitude_rats --------
L 07/12/2020 - 14:22:37: [adminsounds.smx] 62 sounds loaded
L 07/12/2020 - 14:22:39: -------- Mapchange to dod_solitude_rats --------
L 07/12/2020 - 14:22:39: [adminsounds.smx] 62 sounds loaded
L 07/12/2020 - 14:22:44: [randomcycle.smx] RandomCycle has chosen dod_iceworld_final_[bds]_doc for the nextmap.
L 07/12/2020 - 14:29:37: [mapchooser.smx] Voting for next map has started.
L 07/12/2020 - 14:33:38: [SM] Changed map to "dod_orange_damier_v2"
L 07/12/2020 - 14:33:38: [SM] Changed map to "dod_orange_damier_v2"
L 07/12/2020 - 14:33:40: -------- Mapchange to dod_orange_damier_v2 --------
L 07/12/2020 - 14:33:40: [adminsounds.smx] 62 sounds loaded
L 07/12/2020 - 14:33:42: -------- Mapchange to dod_orange_damier_v2 --------
L 07/12/2020 - 14:33:42: [adminsounds.smx] 62 sounds loaded
L 07/12/2020 - 14:33:47: [randomcycle.smx] RandomCycle has chosen dod_orange_bridges for the nextmap.
L 07/12/2020 - 14:40:40: [mapchooser.smx] Voting for next map has started.
L 07/12/2020 - 14:44:41: [SM] Changed map to "dod_sand_rats_2006"
L 07/12/2020 - 14:44:41: [SM] Changed map to "dod_sand_rats_2006"
L 07/12/2020 - 14:44:43: -------- Mapchange to dod_sand_rats_2006 --------
L 07/12/2020 - 14:44:43: [adminsounds.smx] 62 sounds loaded
L 07/12/2020 - 14:44:45: -------- Mapchange to dod_sand_rats_2006 --------
L 07/12/2020 - 14:44:45: [adminsounds.smx] 62 sounds loaded
L 07/12/2020 - 14:44:50: [randomcycle.smx] RandomCycle has chosen cdcmarijuana! for the nextmap.
L 07/12/2020 - 14:51:43: [mapchooser.smx] Voting for next map has started.
L 07/12/2020 - 14:55:45: [SM] Changed map to "dod_bunky2_modified"
L 07/12/2020 - 14:55:45: [SM] Changed map to "dod_bunky2_modified"
L 07/12/2020 - 14:55:46: -------- Mapchange to dod_bunky2_modified --------
L 07/12/2020 - 14:55:46: [adminsounds.smx] 62 sounds loaded
L 07/12/2020 - 14:55:48: -------- Mapchange to dod_bunky2_modified --------
L 07/12/2020 - 14:55:48: [adminsounds.smx] 62 sounds loaded
L 07/12/2020 - 14:55:53: [randomcycle.smx] RandomCycle has chosen dod_rats for the nextmap.
L 07/12/2020 - 15:02:47: [mapchooser.smx] Voting for next map has started.
L 07/12/2020 - 15:06:48: [SM] Changed map to "dod_4pyramides"
L 07/12/2020 - 15:06:48: [SM] Changed map to "dod_4pyramides"
L 07/12/2020 - 15:06:49: -------- Mapchange to dod_4pyramides --------
L 07/12/2020 - 15:06:49: [adminsounds.smx] 62 sounds loaded
L 07/12/2020 - 15:06:51: -------- Mapchange to dod_4pyramides --------
L 07/12/2020 - 15:06:51: [adminsounds.smx] 62 sounds loaded
L 07/12/2020 - 15:06:57: [randomcycle.smx] RandomCycle has chosen dod_mousekitchen_ed for the nextmap.
L 07/12/2020 - 15:13:50: [mapchooser.smx] Voting for next map has started.
L 07/12/2020 - 15:17:51: [SM] Changed map to "dod_sniper_killbox_v2"
L 07/12/2020 - 15:17:51: [SM] Changed map to "dod_sniper_killbox_v2"
L 07/12/2020 - 15:17:52: -------- Mapchange to dod_sniper_killbox_v2 --------
L 07/12/2020 - 15:17:52: [adminsounds.smx] 62 sounds loaded
L 07/12/2020 - 15:17:54: -------- Mapchange to dod_sniper_killbox_v2 --------
L 07/12/2020 - 15:17:54: [adminsounds.smx] 62 sounds loaded
L 07/12/2020 - 15:18:00: [randomcycle.smx] RandomCycle has chosen dod_solitude_rats for the nextmap.
L 07/12/2020 - 15:24:53: [mapchooser.smx] Voting for next map has started.
L 07/12/2020 - 15:28:54: [SM] Changed map to "dod_chocolate_fight_arena"
L 07/12/2020 - 15:28:54: [SM] Changed map to "dod_chocolate_fight_arena"
L 07/12/2020 - 15:28:56: -------- Mapchange to dod_chocolate_fight_arena --------
L 07/12/2020 - 15:28:56: [adminsounds.smx] 62 sounds loaded
L 07/12/2020 - 15:28:58: -------- Mapchange to dod_chocolate_fight_arena --------
L 07/12/2020 - 15:28:58: [adminsounds.smx] 62 sounds loaded
L 07/12/2020 - 15:29:03: [randomcycle.smx] RandomCycle has chosen dod_sniper_killbox_v2 for the nextmap.
L 07/12/2020 - 15:35:56: [mapchooser.smx] Voting for next map has started.
L 07/12/2020 - 15:39:57: [SM] Changed map to "dod_fullhouse"
L 07/12/2020 - 15:39:57: [SM] Changed map to "dod_fullhouse"
L 07/12/2020 - 15:39:59: -------- Mapchange to dod_fullhouse --------
L 07/12/2020 - 15:39:59: [adminsounds.smx] 62 sounds loaded
L 07/12/2020 - 15:40:01: -------- Mapchange to dod_fullhouse --------
L 07/12/2020 - 15:40:01: [adminsounds.smx] 62 sounds loaded
L 07/12/2020 - 15:40:07: [randomcycle.smx] RandomCycle has chosen dod_sand_rats_2006 for the nextmap.
L 07/12/2020 - 15:47:00: [mapchooser.smx] Voting for next map has started.
L 07/12/2020 - 15:51:01: [SM] Changed map to "dod_avalanche"
L 07/12/2020 - 15:51:01: [SM] Changed map to "dod_avalanche"
L 07/12/2020 - 15:51:03: -------- Mapchange to dod_avalanche --------
L 07/12/2020 - 15:51:03: [adminsounds.smx] 62 sounds loaded
L 07/12/2020 - 15:51:05: -------- Mapchange to dod_avalanche --------
L 07/12/2020 - 15:51:05: [adminsounds.smx] 62 sounds loaded
L 07/12/2020 - 15:51:11: [randomcycle.smx] RandomCycle has chosen dod_bunky2_modified for the nextmap.
L 07/12/2020 - 15:58:04: [mapchooser.smx] Voting for next map has started.
L 07/12/2020 - 16:02:05: [SM] Changed map to "dod_cdc_rats_rm"
L 07/12/2020 - 16:02:05: [SM] Changed map to "dod_cdc_rats_rm"
L 07/12/2020 - 16:02:07: -------- Mapchange to dod_cdc_rats_rm --------
L 07/12/2020 - 16:02:07: [adminsounds.smx] 62 sounds loaded
L 07/12/2020 - 16:02:09: -------- Mapchange to dod_cdc_rats_rm --------
L 07/12/2020 - 16:02:09: [adminsounds.smx] 62 sounds loaded
L 07/12/2020 - 16:02:14: [randomcycle.smx] RandomCycle has chosen dod_sewer_rats_b1 for the nextmap.
L 07/12/2020 - 16:09:08: [mapchooser.smx] Voting for next map has started.
L 07/12/2020 - 16:13:08: [SM] Changed map to "dod_oasis_v1a"
L 07/12/2020 - 16:13:09: [SM] Changed map to "dod_oasis_v1a"
L 07/12/2020 - 16:13:10: -------- Mapchange to dod_oasis_v1a --------
L 07/12/2020 - 16:13:10: [adminsounds.smx] 62 sounds loaded
L 07/12/2020 - 16:13:12: -------- Mapchange to dod_oasis_v1a --------
L 07/12/2020 - 16:13:13: [adminsounds.smx] 62 sounds loaded
L 07/12/2020 - 16:13:18: [randomcycle.smx] RandomCycle has chosen dod_aimap_b1 for the nextmap.
L 07/12/2020 - 16:20:11: [mapchooser.smx] Voting for next map has started.
L 07/12/2020 - 16:24:12: [SM] Changed map to "dod_monopoly_source"
L 07/12/2020 - 16:24:12: [SM] Changed map to "dod_monopoly_source"
L 07/12/2020 - 16:24:14: -------- Mapchange to dod_monopoly_source --------
L 07/12/2020 - 16:24:14: [adminsounds.smx] 62 sounds loaded
L 07/12/2020 - 16:24:16: -------- Mapchange to dod_monopoly_source --------
L 07/12/2020 - 16:24:16: [adminsounds.smx] 62 sounds loaded
L 07/12/2020 - 16:24:22: [randomcycle.smx] RandomCycle has chosen dod_4pyramides for the nextmap.
L 07/12/2020 - 16:31:15: [mapchooser.smx] Voting for next map has started.
L 07/12/2020 - 16:35:16: [SM] Changed map to "dod_fullhouse"
L 07/12/2020 - 16:35:16: [SM] Changed map to "dod_fullhouse"
L 07/12/2020 - 16:35:17: -------- Mapchange to dod_fullhouse --------
L 07/12/2020 - 16:35:17: [adminsounds.smx] 62 sounds loaded
L 07/12/2020 - 16:35:19: -------- Mapchange to dod_fullhouse --------
L 07/12/2020 - 16:35:20: [adminsounds.smx] 62 sounds loaded
L 07/12/2020 - 16:35:25: [randomcycle.smx] RandomCycle has chosen dod_monopoly_source for the nextmap.
L 07/12/2020 - 16:42:18: [mapchooser.smx] Voting for next map has started.
L 07/12/2020 - 16:46:19: [SM] Changed map to "cdcmarijuana!"
L 07/12/2020 - 16:46:19: [SM] Changed map to "cdcmarijuana!"
L 07/12/2020 - 16:46:21: -------- Mapchange to cdcmarijuana! --------
L 07/12/2020 - 16:46:21: [adminsounds.smx] 62 sounds loaded
L 07/12/2020 - 16:46:23: -------- Mapchange to cdcmarijuana! --------
L 07/12/2020 - 16:46:23: [adminsounds.smx] 62 sounds loaded
L 07/12/2020 - 16:46:28: [randomcycle.smx] RandomCycle has chosen dod_orange_damier_v2 for the nextmap.
L 07/12/2020 - 16:53:22: [mapchooser.smx] Voting for next map has started.
L 07/12/2020 - 16:57:23: [SM] Changed map to "dod_orange_wallhack"
L 07/12/2020 - 16:57:23: [SM] Changed map to "dod_orange_wallhack"
L 07/12/2020 - 16:57:24: -------- Mapchange to dod_orange_wallhack --------
L 07/12/2020 - 16:57:24: [adminsounds.smx] 62 sounds loaded
L 07/12/2020 - 16:57:26: -------- Mapchange to dod_orange_wallhack --------
L 07/12/2020 - 16:57:26: [adminsounds.smx] 62 sounds loaded
L 07/12/2020 - 16:57:32: [randomcycle.smx] RandomCycle has chosen babyfight_arena for the nextmap.
L 07/12/2020 - 17:04:25: [mapchooser.smx] Voting for next map has started.
L 07/12/2020 - 17:08:26: [SM] Changed map to "dod_flash"
L 07/12/2020 - 17:08:26: [SM] Changed map to "dod_flash"
L 07/12/2020 - 17:08:28: -------- Mapchange to dod_flash --------
L 07/12/2020 - 17:08:28: [adminsounds.smx] 62 sounds loaded
L 07/12/2020 - 17:08:30: -------- Mapchange to dod_flash --------
L 07/12/2020 - 17:08:30: [adminsounds.smx] 62 sounds loaded
L 07/12/2020 - 17:08:36: [randomcycle.smx] RandomCycle has chosen dod_sniperarena_dgs2 for the nextmap.
L 07/12/2020 - 17:15:29: [mapchooser.smx] Voting for next map has started.
L 07/12/2020 - 17:19:30: [SM] Changed map to "dod_sniper_killbox_v2"
L 07/12/2020 - 17:19:30: [SM] Changed map to "dod_sniper_killbox_v2"
L 07/12/2020 - 17:19:32: -------- Mapchange to dod_sniper_killbox_v2 --------
L 07/12/2020 - 17:19:32: [adminsounds.smx] 62 sounds loaded
L 07/12/2020 - 17:19:34: -------- Mapchange to dod_sniper_killbox_v2 --------
L 07/12/2020 - 17:19:34: [adminsounds.smx] 62 sounds loaded
L 07/12/2020 - 17:19:40: [randomcycle.smx] RandomCycle has chosen dod_orange_castel_evolution for the nextmap.
L 07/12/2020 - 17:26:33: [mapchooser.smx] Voting for next map has started.
L 07/12/2020 - 17:30:34: [SM] Changed map to "dod_legoland_b2"
L 07/12/2020 - 17:30:34: [SM] Changed map to "dod_legoland_b2"
L 07/12/2020 - 17:30:36: -------- Mapchange to dod_legoland_b2 --------
L 07/12/2020 - 17:30:36: [adminsounds.smx] 62 sounds loaded
L 07/12/2020 - 17:30:38: -------- Mapchange to dod_legoland_b2 --------
L 07/12/2020 - 17:30:38: [adminsounds.smx] 62 sounds loaded
L 07/12/2020 - 17:30:44: [randomcycle.smx] RandomCycle has chosen dod_cdc_rats_rm for the nextmap.
L 07/12/2020 - 17:37:37: [mapchooser.smx] Voting for next map has started.
L 07/12/2020 - 17:41:38: [SM] Changed map to "dod_4pyramides"
L 07/12/2020 - 17:41:38: [SM] Changed map to "dod_4pyramides"
L 07/12/2020 - 17:41:39: -------- Mapchange to dod_4pyramides --------
L 07/12/2020 - 17:41:39: [adminsounds.smx] 62 sounds loaded
L 07/12/2020 - 17:41:42: -------- Mapchange to dod_4pyramides --------
L 07/12/2020 - 17:41:42: [adminsounds.smx] 62 sounds loaded
L 07/12/2020 - 17:41:48: [randomcycle.smx] RandomCycle has chosen dod_oasis_v1a for the nextmap.
L 07/12/2020 - 17:48:40: [mapchooser.smx] Voting for next map has started.
L 07/12/2020 - 17:52:42: [SM] Changed map to "dod_flash"
L 07/12/2020 - 17:52:42: [SM] Changed map to "dod_flash"
L 07/12/2020 - 17:52:43: -------- Mapchange to dod_flash --------
L 07/12/2020 - 17:52:44: [adminsounds.smx] 62 sounds loaded
L 07/12/2020 - 17:52:46: -------- Mapchange to dod_flash --------
L 07/12/2020 - 17:52:46: [adminsounds.smx] 62 sounds loaded
L 07/12/2020 - 17:52:52: [randomcycle.smx] RandomCycle has chosen dod_bunky2_modified for the nextmap.
L 07/12/2020 - 17:59:45: [mapchooser.smx] Voting for next map has started.
L 07/12/2020 - 18:03:46: [SM] Changed map to "dod_football_a"
L 07/12/2020 - 18:03:46: [SM] Changed map to "dod_football_a"
L 07/12/2020 - 18:03:47: -------- Mapchange to dod_football_a --------
L 07/12/2020 - 18:03:47: [adminsounds.smx] 62 sounds loaded
L 07/12/2020 - 18:03:50: -------- Mapchange to dod_football_a --------
L 07/12/2020 - 18:03:50: [adminsounds.smx] 62 sounds loaded
L 07/12/2020 - 18:03:56: [randomcycle.smx] RandomCycle has chosen dod_avalanche for the nextmap.
L 07/12/2020 - 18:10:49: [mapchooser.smx] Voting for next map has started.
L 07/12/2020 - 18:14:50: [SM] Changed map to "dod_kalt"
L 07/12/2020 - 18:14:50: [SM] Changed map to "dod_kalt"
L 07/12/2020 - 18:14:52: -------- Mapchange to dod_kalt --------
L 07/12/2020 - 18:14:52: [adminsounds.smx] 62 sounds loaded
L 07/12/2020 - 18:14:54: -------- Mapchange to dod_kalt --------
L 07/12/2020 - 18:14:55: [adminsounds.smx] 62 sounds loaded
L 07/12/2020 - 18:15:00: [randomcycle.smx] RandomCycle has chosen dod_colmar for the nextmap.
L 07/12/2020 - 18:21:53: [mapchooser.smx] Voting for next map has started.
L 07/12/2020 - 18:25:54: [SM] Changed map to "dod_argentan"
L 07/12/2020 - 18:25:54: [SM] Changed map to "dod_argentan"
L 07/12/2020 - 18:25:56: -------- Mapchange to dod_argentan --------
L 07/12/2020 - 18:25:56: [adminsounds.smx] 62 sounds loaded
L 07/12/2020 - 18:25:59: -------- Mapchange to dod_argentan --------
L 07/12/2020 - 18:25:59: [adminsounds.smx] 62 sounds loaded
L 07/12/2020 - 18:26:05: [randomcycle.smx] RandomCycle has chosen dod_dli_football_b1 for the nextmap.
L 07/12/2020 - 18:32:58: [mapchooser.smx] Voting for next map has started.
L 07/12/2020 - 18:36:59: [SM] Changed map to "mario_air"
L 07/12/2020 - 18:36:59: [SM] Changed map to "mario_air"
L 07/12/2020 - 18:37:01: -------- Mapchange to mario_air --------
L 07/12/2020 - 18:37:01: [adminsounds.smx] 62 sounds loaded
L 07/12/2020 - 18:37:03: -------- Mapchange to mario_air --------
L 07/12/2020 - 18:37:03: [adminsounds.smx] 62 sounds loaded
L 07/12/2020 - 18:37:09: [randomcycle.smx] RandomCycle has chosen dod_orange_cancrelats for the nextmap.
L 07/12/2020 - 18:44:02: [mapchooser.smx] Voting for next map has started.
L 07/12/2020 - 18:48:03: [SM] Changed map to "dod_4pyramides"
L 07/12/2020 - 18:48:03: [SM] Changed map to "dod_4pyramides"
L 07/12/2020 - 18:48:05: -------- Mapchange to dod_4pyramides --------
L 07/12/2020 - 18:48:05: [adminsounds.smx] 62 sounds loaded
L 07/12/2020 - 18:48:07: -------- Mapchange to dod_4pyramides --------
L 07/12/2020 - 18:48:07: [adminsounds.smx] 62 sounds loaded
L 07/12/2020 - 18:48:13: [randomcycle.smx] RandomCycle has chosen dod_sucette_v3 for the nextmap.
L 07/12/2020 - 18:55:06: [mapchooser.smx] Voting for next map has started.
L 07/12/2020 - 18:59:07: [SM] Changed map to "dod_iceworld_final_[bds]_doc"
L 07/12/2020 - 18:59:07: [SM] Changed map to "dod_iceworld_final_[bds]_doc"
L 07/12/2020 - 18:59:08: -------- Mapchange to dod_iceworld_final_[bds]_doc --------
L 07/12/2020 - 18:59:08: [adminsounds.smx] 62 sounds loaded
L 07/12/2020 - 18:59:11: -------- Mapchange to dod_iceworld_final_[bds]_doc --------
L 07/12/2020 - 18:59:11: [adminsounds.smx] 62 sounds loaded
L 07/12/2020 - 18:59:17: [randomcycle.smx] RandomCycle has chosen dod_sniper_killbox_v2 for the nextmap.
L 07/12/2020 - 19:06:10: [mapchooser.smx] Voting for next map has started.
L 07/12/2020 - 19:10:11: [SM] Changed map to "dod_flash"
L 07/12/2020 - 19:10:11: [SM] Changed map to "dod_flash"
L 07/12/2020 - 19:10:13: -------- Mapchange to dod_flash --------
L 07/12/2020 - 19:10:13: [adminsounds.smx] 62 sounds loaded
L 07/12/2020 - 19:10:15: -------- Mapchange to dod_flash --------
L 07/12/2020 - 19:10:15: [adminsounds.smx] 62 sounds loaded
L 07/12/2020 - 19:10:21: [randomcycle.smx] RandomCycle has chosen dod_aimap_b1 for the nextmap.
L 07/12/2020 - 19:17:14: [mapchooser.smx] Voting for next map has started.
L 07/12/2020 - 19:21:15: [SM] Changed map to "dod_orange_cancrelats"
L 07/12/2020 - 19:21:15: [SM] Changed map to "dod_orange_cancrelats"
L 07/12/2020 - 19:21:17: -------- Mapchange to dod_orange_cancrelats --------
L 07/12/2020 - 19:21:17: [adminsounds.smx] 62 sounds loaded
L 07/12/2020 - 19:21:19: -------- Mapchange to dod_orange_cancrelats --------
L 07/12/2020 - 19:21:19: [adminsounds.smx] 62 sounds loaded
L 07/12/2020 - 19:21:25: [randomcycle.smx] RandomCycle has chosen dod_4pyramides for the nextmap.
L 07/12/2020 - 19:28:18: [mapchooser.smx] Voting for next map has started.
L 07/12/2020 - 19:32:19: [SM] Changed map to "dod_colmar"
L 07/12/2020 - 19:32:19: [SM] Changed map to "dod_colmar"
L 07/12/2020 - 19:32:22: -------- Mapchange to dod_colmar --------
L 07/12/2020 - 19:32:22: [adminsounds.smx] 62 sounds loaded
L 07/12/2020 - 19:32:25: -------- Mapchange to dod_colmar --------
L 07/12/2020 - 19:32:25: [adminsounds.smx] 62 sounds loaded
L 07/12/2020 - 19:32:31: [randomcycle.smx] RandomCycle has chosen acc_labice for the nextmap.
L 07/12/2020 - 19:39:24: [mapchooser.smx] Voting for next map has started.
L 07/12/2020 - 19:43:25: [SM] Changed map to "dod_football_a"
L 07/12/2020 - 19:43:25: [SM] Changed map to "dod_football_a"
L 07/12/2020 - 19:43:27: -------- Mapchange to dod_football_a --------
L 07/12/2020 - 19:43:27: [adminsounds.smx] 62 sounds loaded
L 07/12/2020 - 19:43:29: -------- Mapchange to dod_football_a --------
L 07/12/2020 - 19:43:29: [adminsounds.smx] 62 sounds loaded
L 07/12/2020 - 19:43:35: [randomcycle.smx] RandomCycle has chosen dod_orange_wallhack for the nextmap.
L 07/12/2020 - 19:50:28: [mapchooser.smx] Voting for next map has started.
L 07/12/2020 - 19:54:29: [SM] Changed map to "dod_dli_football_b1"
L 07/12/2020 - 19:54:29: [SM] Changed map to "dod_dli_football_b1"
L 07/12/2020 - 19:54:30: -------- Mapchange to dod_dli_football_b1 --------
L 07/12/2020 - 19:54:31: [adminsounds.smx] 62 sounds loaded
L 07/12/2020 - 19:54:33: -------- Mapchange to dod_dli_football_b1 --------
L 07/12/2020 - 19:54:33: [adminsounds.smx] 62 sounds loaded
L 07/12/2020 - 19:54:39: [randomcycle.smx] RandomCycle has chosen dod_bigbunky_v4 for the nextmap.
L 07/12/2020 - 20:01:32: [mapchooser.smx] Voting for next map has started.
L 07/12/2020 - 20:05:33: [SM] Changed map to "dod_chocolate_fight_arena"
L 07/12/2020 - 20:05:33: [SM] Changed map to "dod_chocolate_fight_arena"
L 07/12/2020 - 20:05:34: -------- Mapchange to dod_chocolate_fight_arena --------
L 07/12/2020 - 20:05:34: [adminsounds.smx] 62 sounds loaded
L 07/12/2020 - 20:05:37: -------- Mapchange to dod_chocolate_fight_arena --------
L 07/12/2020 - 20:05:37: [adminsounds.smx] 62 sounds loaded
L 07/12/2020 - 20:05:43: [randomcycle.smx] RandomCycle has chosen dod_chocolate_fight_arena for the nextmap.
L 07/12/2020 - 20:12:36: [mapchooser.smx] Voting for next map has started.
L 07/12/2020 - 20:16:37: [SM] Changed map to "dod_avalanche"
L 07/12/2020 - 20:16:37: [SM] Changed map to "dod_avalanche"
L 07/12/2020 - 20:16:39: -------- Mapchange to dod_avalanche --------
L 07/12/2020 - 20:16:39: [adminsounds.smx] 62 sounds loaded
L 07/12/2020 - 20:16:42: -------- Mapchange to dod_avalanche --------
L 07/12/2020 - 20:16:42: [adminsounds.smx] 62 sounds loaded
L 07/12/2020 - 20:16:48: [randomcycle.smx] RandomCycle has chosen dod_orange_damier_v2 for the nextmap.
L 07/12/2020 - 20:23:41: [mapchooser.smx] Voting for next map has started.
L 07/12/2020 - 20:27:42: [SM] Changed map to "dod_sniper_killbox_v2"
L 07/12/2020 - 20:27:42: [SM] Changed map to "dod_sniper_killbox_v2"
L 07/12/2020 - 20:27:43: -------- Mapchange to dod_sniper_killbox_v2 --------
L 07/12/2020 - 20:27:43: [adminsounds.smx] 62 sounds loaded
L 07/12/2020 - 20:27:46: -------- Mapchange to dod_sniper_killbox_v2 --------
L 07/12/2020 - 20:27:46: [adminsounds.smx] 62 sounds loaded
L 07/12/2020 - 20:27:52: [randomcycle.smx] RandomCycle has chosen dod_argentan for the nextmap.
L 07/12/2020 - 20:34:45: [mapchooser.smx] Voting for next map has started.
L 07/12/2020 - 20:38:46: [SM] Changed map to "dod_dust2_snow_xmas"
L 07/12/2020 - 20:38:46: [SM] Changed map to "dod_dust2_snow_xmas"
L 07/12/2020 - 20:38:48: -------- Mapchange to dod_dust2_snow_xmas --------
L 07/12/2020 - 20:38:48: [adminsounds.smx] 62 sounds loaded
L 07/12/2020 - 20:38:50: -------- Mapchange to dod_dust2_snow_xmas --------
L 07/12/2020 - 20:38:51: [adminsounds.smx] 62 sounds loaded
L 07/12/2020 - 20:38:56: [randomcycle.smx] RandomCycle has chosen dod_colmar for the nextmap.
L 07/12/2020 - 20:45:49: [mapchooser.smx] Voting for next map has started.
L 07/12/2020 - 20:49:50: [SM] Changed map to "dod_4pyramides"
L 07/12/2020 - 20:49:50: [SM] Changed map to "dod_4pyramides"
L 07/12/2020 - 20:49:52: -------- Mapchange to dod_4pyramides --------
L 07/12/2020 - 20:49:52: [adminsounds.smx] 62 sounds loaded
L 07/12/2020 - 20:49:55: -------- Mapchange to dod_4pyramides --------
L 07/12/2020 - 20:49:55: [adminsounds.smx] 62 sounds loaded
L 07/12/2020 - 20:50:01: [randomcycle.smx] RandomCycle has chosen dod_murky_p2 for the nextmap.
L 07/12/2020 - 20:56:54: [mapchooser.smx] Voting for next map has started.
L 07/12/2020 - 21:00:55: [SM] Changed map to "dod_cdc_rats_rm"
L 07/12/2020 - 21:00:55: [SM] Changed map to "dod_cdc_rats_rm"
L 07/12/2020 - 21:00:57: -------- Mapchange to dod_cdc_rats_rm --------
L 07/12/2020 - 21:00:57: [adminsounds.smx] 62 sounds loaded
L 07/12/2020 - 21:00:59: -------- Mapchange to dod_cdc_rats_rm --------
L 07/12/2020 - 21:00:59: [adminsounds.smx] 62 sounds loaded
L 07/12/2020 - 21:01:05: [randomcycle.smx] RandomCycle has chosen dod_orange_cancrelats for the nextmap.
L 07/12/2020 - 21:07:58: [mapchooser.smx] Voting for next map has started.
L 07/12/2020 - 21:11:59: [SM] Changed map to "dod_argentan"
L 07/12/2020 - 21:11:59: [SM] Changed map to "dod_argentan"
L 07/12/2020 - 21:12:01: -------- Mapchange to dod_argentan --------
L 07/12/2020 - 21:12:01: [adminsounds.smx] 62 sounds loaded
L 07/12/2020 - 21:12:04: -------- Mapchange to dod_argentan --------
L 07/12/2020 - 21:12:04: [adminsounds.smx] 62 sounds loaded
L 07/12/2020 - 21:12:10: [randomcycle.smx] RandomCycle has chosen dod_fullhouse for the nextmap.
L 07/12/2020 - 21:19:03: [mapchooser.smx] Voting for next map has started.
L 07/12/2020 - 21:23:04: [SM] Changed map to "dod_orange_bridges"
L 07/12/2020 - 21:23:04: [SM] Changed map to "dod_orange_bridges"
L 07/12/2020 - 21:23:06: -------- Mapchange to dod_orange_bridges --------
L 07/12/2020 - 21:23:06: [adminsounds.smx] 62 sounds loaded
L 07/12/2020 - 21:23:09: -------- Mapchange to dod_orange_bridges --------
L 07/12/2020 - 21:23:09: [adminsounds.smx] 62 sounds loaded
L 07/12/2020 - 21:23:14: [randomcycle.smx] RandomCycle has chosen dod_solitude_rats for the nextmap.
L 07/12/2020 - 21:30:07: [mapchooser.smx] Voting for next map has started.
L 07/12/2020 - 21:34:09: [SM] Changed map to "babyfight_arena"
L 07/12/2020 - 21:34:09: [SM] Changed map to "babyfight_arena"
L 07/12/2020 - 21:34:10: -------- Mapchange to babyfight_arena --------
L 07/12/2020 - 21:34:10: [adminsounds.smx] 62 sounds loaded
L 07/12/2020 - 21:34:13: -------- Mapchange to babyfight_arena --------
L 07/12/2020 - 21:34:13: [adminsounds.smx] 62 sounds loaded
L 07/12/2020 - 21:34:19: [randomcycle.smx] RandomCycle has chosen dod_football_a for the nextmap.
L 07/12/2020 - 21:41:12: [mapchooser.smx] Voting for next map has started.
L 07/12/2020 - 21:45:13: [SM] Changed map to "dod_sand_rats_2006"
L 07/12/2020 - 21:45:13: [SM] Changed map to "dod_sand_rats_2006"
L 07/12/2020 - 21:45:15: -------- Mapchange to dod_sand_rats_2006 --------
L 07/12/2020 - 21:45:15: [adminsounds.smx] 62 sounds loaded
L 07/12/2020 - 21:45:18: -------- Mapchange to dod_sand_rats_2006 --------
L 07/12/2020 - 21:45:18: [adminsounds.smx] 62 sounds loaded
L 07/12/2020 - 21:45:23: [randomcycle.smx] RandomCycle has chosen dod_orange_sniper for the nextmap.
L 07/12/2020 - 21:52:17: [mapchooser.smx] Voting for next map has started.
L 07/12/2020 - 21:56:18: [SM] Changed map to "dod_football_a"
L 07/12/2020 - 21:56:18: [SM] Changed map to "dod_football_a"
L 07/12/2020 - 21:56:19: -------- Mapchange to dod_football_a --------
L 07/12/2020 - 21:56:19: [adminsounds.smx] 62 sounds loaded
L 07/12/2020 - 21:56:22: -------- Mapchange to dod_football_a --------
L 07/12/2020 - 21:56:22: [adminsounds.smx] 62 sounds loaded
L 07/12/2020 - 21:56:28: [randomcycle.smx] RandomCycle has chosen dod_orange_bridges for the nextmap.
L 07/12/2020 - 22:03:21: [mapchooser.smx] Voting for next map has started.
L 07/12/2020 - 22:07:22: [SM] Changed map to "dod_anzio"
L 07/12/2020 - 22:07:22: [SM] Changed map to "dod_anzio"
L 07/12/2020 - 22:07:24: -------- Mapchange to dod_anzio --------
L 07/12/2020 - 22:07:24: [adminsounds.smx] 62 sounds loaded
L 07/12/2020 - 22:07:27: -------- Mapchange to dod_anzio --------
L 07/12/2020 - 22:07:27: [adminsounds.smx] 62 sounds loaded
L 07/12/2020 - 22:07:33: [randomcycle.smx] RandomCycle has chosen dod_sniper_killbox_v2 for the nextmap.
L 07/12/2020 - 22:14:26: [mapchooser.smx] Voting for next map has started.
L 07/12/2020 - 22:18:27: [SM] Changed map to "dod_mousekitchen_ed"
L 07/12/2020 - 22:18:27: [SM] Changed map to "dod_mousekitchen_ed"
L 07/12/2020 - 22:18:29: -------- Mapchange to dod_mousekitchen_ed --------
L 07/12/2020 - 22:18:29: [adminsounds.smx] 62 sounds loaded
L 07/12/2020 - 22:18:32: -------- Mapchange to dod_mousekitchen_ed --------
L 07/12/2020 - 22:18:32: [adminsounds.smx] 62 sounds loaded
L 07/12/2020 - 22:18:38: [randomcycle.smx] RandomCycle has chosen babyfight_arena for the nextmap.
L 07/12/2020 - 22:25:31: [mapchooser.smx] Voting for next map has started.
L 07/12/2020 - 22:29:32: [SM] Changed map to "dod_bigbunky_v4"
L 07/12/2020 - 22:29:32: [SM] Changed map to "dod_bigbunky_v4"
L 07/12/2020 - 22:29:34: -------- Mapchange to dod_bigbunky_v4 --------
L 07/12/2020 - 22:29:34: [adminsounds.smx] 62 sounds loaded
L 07/12/2020 - 22:29:36: -------- Mapchange to dod_bigbunky_v4 --------
L 07/12/2020 - 22:29:37: [adminsounds.smx] 62 sounds loaded
L 07/12/2020 - 22:29:42: [randomcycle.smx] RandomCycle has chosen dod_iceworld_final_[bds]_doc for the nextmap.
L 07/12/2020 - 22:36:35: [mapchooser.smx] Voting for next map has started.
L 07/12/2020 - 22:40:36: [SM] Changed map to "dod_deux_chateaux_final"
L 07/12/2020 - 22:40:36: [SM] Changed map to "dod_deux_chateaux_final"
L 07/12/2020 - 22:40:38: -------- Mapchange to dod_deux_chateaux_final --------
L 07/12/2020 - 22:40:38: [adminsounds.smx] 62 sounds loaded
L 07/12/2020 - 22:40:41: -------- Mapchange to dod_deux_chateaux_final --------
L 07/12/2020 - 22:40:41: [adminsounds.smx] 62 sounds loaded
L 07/12/2020 - 22:40:47: [randomcycle.smx] RandomCycle has chosen dod_4pyramides for the nextmap.
L 07/12/2020 - 22:47:40: [mapchooser.smx] Voting for next map has started.
L 07/12/2020 - 22:51:41: [SM] Changed map to "dod_sniperarena_dgs2"
L 07/12/2020 - 22:51:41: [SM] Changed map to "dod_sniperarena_dgs2"
L 07/12/2020 - 22:51:43: -------- Mapchange to dod_sniperarena_dgs2 --------
L 07/12/2020 - 22:51:43: [adminsounds.smx] 62 sounds loaded
L 07/12/2020 - 22:51:45: -------- Mapchange to dod_sniperarena_dgs2 --------
L 07/12/2020 - 22:51:45: [adminsounds.smx] 62 sounds loaded
L 07/12/2020 - 22:51:51: [randomcycle.smx] RandomCycle has chosen acc_labice for the nextmap.
L 07/12/2020 - 22:58:44: [mapchooser.smx] Voting for next map has started.
L 07/12/2020 - 23:02:45: [SM] Changed map to "dod_beer_circus"
L 07/12/2020 - 23:02:45: [SM] Changed map to "dod_beer_circus"
L 07/12/2020 - 23:02:55: -------- Mapchange to dod_beer_circus --------
L 07/12/2020 - 23:02:55: [adminsounds.smx] 62 sounds loaded
L 07/12/2020 - 23:03:06: -------- Mapchange to dod_beer_circus --------
L 07/12/2020 - 23:03:06: [adminsounds.smx] 62 sounds loaded
L 07/12/2020 - 23:03:12: [randomcycle.smx] RandomCycle has chosen dod_bunky2_modified for the nextmap.
L 07/12/2020 - 23:10:05: [mapchooser.smx] Voting for next map has started.
L 07/12/2020 - 23:14:06: [SM] Changed map to "dod_orange_damier_v2"
L 07/12/2020 - 23:14:06: [SM] Changed map to "dod_orange_damier_v2"
L 07/12/2020 - 23:14:08: -------- Mapchange to dod_orange_damier_v2 --------
L 07/12/2020 - 23:14:08: [adminsounds.smx] 62 sounds loaded
L 07/12/2020 - 23:14:10: -------- Mapchange to dod_orange_damier_v2 --------
L 07/12/2020 - 23:14:11: [adminsounds.smx] 62 sounds loaded
L 07/12/2020 - 23:14:16: [randomcycle.smx] RandomCycle has chosen dod_deux_chateaux_final for the nextmap.
L 07/12/2020 - 23:21:09: [mapchooser.smx] Voting for next map has started.
L 07/12/2020 - 23:25:11: [SM] Changed map to "dod_orange_wallhack"
L 07/12/2020 - 23:25:11: [SM] Changed map to "dod_orange_wallhack"
L 07/12/2020 - 23:25:12: -------- Mapchange to dod_orange_wallhack --------
L 07/12/2020 - 23:25:12: [adminsounds.smx] 62 sounds loaded
L 07/12/2020 - 23:25:15: -------- Mapchange to dod_orange_wallhack --------
L 07/12/2020 - 23:25:15: [adminsounds.smx] 62 sounds loaded
L 07/12/2020 - 23:25:21: [randomcycle.smx] RandomCycle has chosen dod_risk_b9 for the nextmap.
L 07/12/2020 - 23:32:14: [mapchooser.smx] Voting for next map has started.
L 07/12/2020 - 23:36:15: [SM] Changed map to "dod_orange_castel_evolution"
L 07/12/2020 - 23:36:15: [SM] Changed map to "dod_orange_castel_evolution"
L 07/12/2020 - 23:36:17: -------- Mapchange to dod_orange_castel_evolution --------
L 07/12/2020 - 23:36:17: [adminsounds.smx] 62 sounds loaded
L 07/12/2020 - 23:36:20: -------- Mapchange to dod_orange_castel_evolution --------
L 07/12/2020 - 23:36:20: [adminsounds.smx] 62 sounds loaded
L 07/12/2020 - 23:36:26: [randomcycle.smx] RandomCycle has chosen dod_oasis_v1a for the nextmap.
L 07/12/2020 - 23:43:19: [mapchooser.smx] Voting for next map has started.
L 07/12/2020 - 23:47:20: [SM] Changed map to "dod_cdc_rats_rm"
L 07/12/2020 - 23:47:20: [SM] Changed map to "dod_cdc_rats_rm"
L 07/12/2020 - 23:47:22: -------- Mapchange to dod_cdc_rats_rm --------
L 07/12/2020 - 23:47:22: [adminsounds.smx] 62 sounds loaded
L 07/12/2020 - 23:47:24: -------- Mapchange to dod_cdc_rats_rm --------
L 07/12/2020 - 23:47:24: [adminsounds.smx] 62 sounds loaded
L 07/12/2020 - 23:47:30: [randomcycle.smx] RandomCycle has chosen dod_dust2_snow_xmas for the nextmap.
L 07/12/2020 - 23:54:23: [mapchooser.smx] Voting for next map has started.
L 07/12/2020 - 23:58:24: [SM] Changed map to "dod_fullhouse"
L 07/12/2020 - 23:58:25: [SM] Changed map to "dod_fullhouse"
L 07/12/2020 - 23:58:26: -------- Mapchange to dod_fullhouse --------
L 07/12/2020 - 23:58:27: [adminsounds.smx] 62 sounds loaded
L 07/12/2020 - 23:58:29: -------- Mapchange to dod_fullhouse --------
L 07/12/2020 - 23:58:30: [adminsounds.smx] 62 sounds loaded
L 07/12/2020 - 23:58:35: [randomcycle.smx] RandomCycle has chosen dod_flash for the nextmap.
L 07/13/2020 - 00:05:28: Log file closed.
