L 07/08/2020 - 00:00:02: SourceMod log file session started (file "/home/srvdod/srcds/dod_s/dod/addons/sourcemod/logs/L20200708.log") (Version "1.10.0.6490")
L 07/08/2020 - 00:00:02: [mapchooser.smx] Voting for next map has started.
L 07/08/2020 - 00:04:03: [SM] Changed map to "dod_colmar"
L 07/08/2020 - 00:04:03: [SM] Changed map to "dod_colmar"
L 07/08/2020 - 00:04:05: -------- Mapchange to dod_colmar --------
L 07/08/2020 - 00:04:05: [adminsounds.smx] 0 sounds loaded
L 07/08/2020 - 00:04:06: -------- Mapchange to dod_colmar --------
L 07/08/2020 - 00:04:06: [adminsounds.smx] 0 sounds loaded
L 07/08/2020 - 00:04:11: [randomcycle.smx] RandomCycle has chosen dod_sucette_v3 for the nextmap.
L 07/08/2020 - 00:11:04: [mapchooser.smx] Voting for next map has started.
L 07/08/2020 - 00:15:05: [SM] Changed map to "acc_labice"
L 07/08/2020 - 00:15:05: [SM] Changed map to "acc_labice"
L 07/08/2020 - 00:15:06: -------- Mapchange to acc_labice --------
L 07/08/2020 - 00:15:06: [adminsounds.smx] 0 sounds loaded
L 07/08/2020 - 00:15:07: -------- Mapchange to acc_labice --------
L 07/08/2020 - 00:15:07: [adminsounds.smx] 0 sounds loaded
L 07/08/2020 - 00:15:12: [randomcycle.smx] RandomCycle has chosen dod_deux_chateaux_final for the nextmap.
L 07/08/2020 - 00:22:05: [mapchooser.smx] Voting for next map has started.
L 07/08/2020 - 00:26:06: [SM] Changed map to "dod_sewer_rats_b1"
L 07/08/2020 - 00:26:06: [SM] Changed map to "dod_sewer_rats_b1"
L 07/08/2020 - 00:26:07: -------- Mapchange to dod_sewer_rats_b1 --------
L 07/08/2020 - 00:26:07: [adminsounds.smx] 0 sounds loaded
L 07/08/2020 - 00:26:08: -------- Mapchange to dod_sewer_rats_b1 --------
L 07/08/2020 - 00:26:08: [adminsounds.smx] 0 sounds loaded
L 07/08/2020 - 00:26:13: [randomcycle.smx] RandomCycle has chosen babyfight_arena for the nextmap.
L 07/08/2020 - 00:33:06: [mapchooser.smx] Voting for next map has started.
L 07/08/2020 - 00:37:07: [SM] Changed map to "dod_fullhouse"
L 07/08/2020 - 00:37:07: [SM] Changed map to "dod_fullhouse"
L 07/08/2020 - 00:37:08: -------- Mapchange to dod_fullhouse --------
L 07/08/2020 - 00:37:08: [adminsounds.smx] 0 sounds loaded
L 07/08/2020 - 00:37:09: -------- Mapchange to dod_fullhouse --------
L 07/08/2020 - 00:37:09: [adminsounds.smx] 0 sounds loaded
L 07/08/2020 - 00:37:14: [randomcycle.smx] RandomCycle has chosen sniperzone for the nextmap.
L 07/08/2020 - 00:44:07: [mapchooser.smx] Voting for next map has started.
L 07/08/2020 - 00:48:08: [SM] Changed map to "dod_orange_wallhack"
L 07/08/2020 - 00:48:08: [SM] Changed map to "dod_orange_wallhack"
L 07/08/2020 - 00:48:08: -------- Mapchange to dod_orange_wallhack --------
L 07/08/2020 - 00:48:08: [adminsounds.smx] 0 sounds loaded
L 07/08/2020 - 00:48:09: -------- Mapchange to dod_orange_wallhack --------
L 07/08/2020 - 00:48:09: [adminsounds.smx] 0 sounds loaded
L 07/08/2020 - 00:48:14: [randomcycle.smx] RandomCycle has chosen dod_orange_bridges for the nextmap.
L 07/08/2020 - 00:55:07: [mapchooser.smx] Voting for next map has started.
L 07/08/2020 - 00:59:08: [SM] Changed map to "dod_murky_p2"
L 07/08/2020 - 00:59:08: [SM] Changed map to "dod_murky_p2"
L 07/08/2020 - 00:59:09: -------- Mapchange to dod_murky_p2 --------
L 07/08/2020 - 00:59:09: [adminsounds.smx] 0 sounds loaded
L 07/08/2020 - 00:59:10: -------- Mapchange to dod_murky_p2 --------
L 07/08/2020 - 00:59:10: [adminsounds.smx] 0 sounds loaded
L 07/08/2020 - 00:59:15: [randomcycle.smx] RandomCycle has chosen dod_orange_damier_v2 for the nextmap.
L 07/08/2020 - 01:06:08: [mapchooser.smx] Voting for next map has started.
L 07/08/2020 - 01:10:09: [SM] Changed map to "dod_bunky2_modified"
L 07/08/2020 - 01:10:09: [SM] Changed map to "dod_bunky2_modified"
L 07/08/2020 - 01:10:10: -------- Mapchange to dod_bunky2_modified --------
L 07/08/2020 - 01:10:10: [adminsounds.smx] 0 sounds loaded
L 07/08/2020 - 01:10:11: -------- Mapchange to dod_bunky2_modified --------
L 07/08/2020 - 01:10:11: [adminsounds.smx] 0 sounds loaded
L 07/08/2020 - 01:10:16: [randomcycle.smx] RandomCycle has chosen dod_jagd for the nextmap.
L 07/08/2020 - 01:17:09: [mapchooser.smx] Voting for next map has started.
L 07/08/2020 - 01:21:10: [SM] Changed map to "dod_mousekitchen_ed"
L 07/08/2020 - 01:21:10: [SM] Changed map to "dod_mousekitchen_ed"
L 07/08/2020 - 01:21:11: -------- Mapchange to dod_mousekitchen_ed --------
L 07/08/2020 - 01:21:11: [adminsounds.smx] 0 sounds loaded
L 07/08/2020 - 01:21:11: -------- Mapchange to dod_mousekitchen_ed --------
L 07/08/2020 - 01:21:12: [adminsounds.smx] 0 sounds loaded
L 07/08/2020 - 01:21:16: [randomcycle.smx] RandomCycle has chosen dod_sniper_wars_beta for the nextmap.
L 07/08/2020 - 01:28:10: [mapchooser.smx] Voting for next map has started.
L 07/08/2020 - 01:32:11: [SM] Changed map to "dod_deux_chateaux_final"
L 07/08/2020 - 01:32:11: [SM] Changed map to "dod_deux_chateaux_final"
L 07/08/2020 - 01:32:11: -------- Mapchange to dod_deux_chateaux_final --------
L 07/08/2020 - 01:32:11: [adminsounds.smx] 0 sounds loaded
L 07/08/2020 - 01:32:12: -------- Mapchange to dod_deux_chateaux_final --------
L 07/08/2020 - 01:32:12: [adminsounds.smx] 0 sounds loaded
L 07/08/2020 - 01:32:17: [randomcycle.smx] RandomCycle has chosen dod_dust2_snow_xmas for the nextmap.
L 07/08/2020 - 01:39:10: [mapchooser.smx] Voting for next map has started.
L 07/08/2020 - 01:43:11: [SM] Changed map to "dod_aimap_b1"
L 07/08/2020 - 01:43:11: [SM] Changed map to "dod_aimap_b1"
L 07/08/2020 - 01:43:12: -------- Mapchange to dod_aimap_b1 --------
L 07/08/2020 - 01:43:12: [adminsounds.smx] 0 sounds loaded
L 07/08/2020 - 01:43:13: -------- Mapchange to dod_aimap_b1 --------
L 07/08/2020 - 01:43:13: [adminsounds.smx] 0 sounds loaded
L 07/08/2020 - 01:43:18: [randomcycle.smx] RandomCycle has chosen dod_fullhouse for the nextmap.
L 07/08/2020 - 01:50:11: [mapchooser.smx] Voting for next map has started.
L 07/08/2020 - 01:54:12: [SM] Changed map to "dod_orange_wallhack"
L 07/08/2020 - 01:54:12: [SM] Changed map to "dod_orange_wallhack"
L 07/08/2020 - 01:54:13: -------- Mapchange to dod_orange_wallhack --------
L 07/08/2020 - 01:54:13: [adminsounds.smx] 0 sounds loaded
L 07/08/2020 - 01:54:14: -------- Mapchange to dod_orange_wallhack --------
L 07/08/2020 - 01:54:14: [adminsounds.smx] 0 sounds loaded
L 07/08/2020 - 01:54:19: [randomcycle.smx] RandomCycle has chosen dod_kalt for the nextmap.
L 07/08/2020 - 02:01:12: [mapchooser.smx] Voting for next map has started.
L 07/08/2020 - 02:05:13: [SM] Changed map to "dod_4pyramides"
L 07/08/2020 - 02:05:13: [SM] Changed map to "dod_4pyramides"
L 07/08/2020 - 02:05:14: -------- Mapchange to dod_4pyramides --------
L 07/08/2020 - 02:05:14: [adminsounds.smx] 0 sounds loaded
L 07/08/2020 - 02:05:15: -------- Mapchange to dod_4pyramides --------
L 07/08/2020 - 02:05:15: [adminsounds.smx] 0 sounds loaded
L 07/08/2020 - 02:05:20: [randomcycle.smx] RandomCycle has chosen dod_sniperarena_dgs2 for the nextmap.
L 07/08/2020 - 02:12:13: [mapchooser.smx] Voting for next map has started.
L 07/08/2020 - 02:16:14: [SM] Changed map to "dod_bigbunky_v4"
L 07/08/2020 - 02:16:14: [SM] Changed map to "dod_bigbunky_v4"
L 07/08/2020 - 02:16:15: -------- Mapchange to dod_bigbunky_v4 --------
L 07/08/2020 - 02:16:15: [adminsounds.smx] 0 sounds loaded
L 07/08/2020 - 02:16:16: -------- Mapchange to dod_bigbunky_v4 --------
L 07/08/2020 - 02:16:16: [adminsounds.smx] 0 sounds loaded
L 07/08/2020 - 02:16:21: [randomcycle.smx] RandomCycle has chosen dod_chocolate_fight_arena for the nextmap.
L 07/08/2020 - 02:23:14: [mapchooser.smx] Voting for next map has started.
L 07/08/2020 - 02:27:15: [SM] Changed map to "dod_legoland_b2"
L 07/08/2020 - 02:27:15: [SM] Changed map to "dod_legoland_b2"
L 07/08/2020 - 02:27:16: -------- Mapchange to dod_legoland_b2 --------
L 07/08/2020 - 02:27:16: [adminsounds.smx] 0 sounds loaded
L 07/08/2020 - 02:27:17: -------- Mapchange to dod_legoland_b2 --------
L 07/08/2020 - 02:27:17: [adminsounds.smx] 0 sounds loaded
L 07/08/2020 - 02:27:22: [randomcycle.smx] RandomCycle has chosen dod_avalanche@night for the nextmap.
L 07/08/2020 - 02:34:15: [mapchooser.smx] Voting for next map has started.
L 07/08/2020 - 02:38:16: [SM] Changed map to "dod_jagd"
L 07/08/2020 - 02:38:16: [SM] Changed map to "dod_jagd"
L 07/08/2020 - 02:38:18: -------- Mapchange to dod_jagd --------
L 07/08/2020 - 02:38:18: [adminsounds.smx] 0 sounds loaded
L 07/08/2020 - 02:38:20: -------- Mapchange to dod_jagd --------
L 07/08/2020 - 02:38:21: [adminsounds.smx] 0 sounds loaded
L 07/08/2020 - 02:38:26: [randomcycle.smx] RandomCycle has chosen dod_orange_castel_evolution for the nextmap.
L 07/08/2020 - 02:45:19: [mapchooser.smx] Voting for next map has started.
L 07/08/2020 - 02:49:20: [SM] Changed map to "dod_orange_bridges"
L 07/08/2020 - 02:49:20: [SM] Changed map to "dod_orange_bridges"
L 07/08/2020 - 02:49:20: -------- Mapchange to dod_orange_bridges --------
L 07/08/2020 - 02:49:20: [adminsounds.smx] 0 sounds loaded
L 07/08/2020 - 02:49:22: -------- Mapchange to dod_orange_bridges --------
L 07/08/2020 - 02:49:22: [adminsounds.smx] 0 sounds loaded
L 07/08/2020 - 02:49:27: [randomcycle.smx] RandomCycle has chosen sniperzone for the nextmap.
L 07/08/2020 - 02:56:20: [mapchooser.smx] Voting for next map has started.
L 07/08/2020 - 03:00:21: [SM] Changed map to "dod_orange_damier_v2"
L 07/08/2020 - 03:00:21: [SM] Changed map to "dod_orange_damier_v2"
L 07/08/2020 - 03:00:22: -------- Mapchange to dod_orange_damier_v2 --------
L 07/08/2020 - 03:00:22: [adminsounds.smx] 0 sounds loaded
L 07/08/2020 - 03:00:23: -------- Mapchange to dod_orange_damier_v2 --------
L 07/08/2020 - 03:00:23: [adminsounds.smx] 0 sounds loaded
L 07/08/2020 - 03:00:28: [randomcycle.smx] RandomCycle has chosen dod_argentan for the nextmap.
L 07/08/2020 - 03:07:21: [mapchooser.smx] Voting for next map has started.
L 07/08/2020 - 03:11:22: [SM] Changed map to "sniperzone"
L 07/08/2020 - 03:11:22: [SM] Changed map to "sniperzone"
L 07/08/2020 - 03:11:23: -------- Mapchange to sniperzone --------
L 07/08/2020 - 03:11:23: [adminsounds.smx] 0 sounds loaded
L 07/08/2020 - 03:11:24: -------- Mapchange to sniperzone --------
L 07/08/2020 - 03:11:24: [adminsounds.smx] 0 sounds loaded
L 07/08/2020 - 03:11:29: [randomcycle.smx] RandomCycle has chosen dod_bigbunky_v4 for the nextmap.
L 07/08/2020 - 03:18:22: [mapchooser.smx] Voting for next map has started.
L 07/08/2020 - 03:22:23: [SM] Changed map to "mario_air"
L 07/08/2020 - 03:22:23: [SM] Changed map to "mario_air"
L 07/08/2020 - 03:22:24: -------- Mapchange to mario_air --------
L 07/08/2020 - 03:22:24: [adminsounds.smx] 0 sounds loaded
L 07/08/2020 - 03:22:25: -------- Mapchange to mario_air --------
L 07/08/2020 - 03:22:25: [adminsounds.smx] 0 sounds loaded
L 07/08/2020 - 03:22:30: [randomcycle.smx] RandomCycle has chosen dod_sand_rats_2006 for the nextmap.
L 07/08/2020 - 03:29:23: [mapchooser.smx] Voting for next map has started.
L 07/08/2020 - 03:33:24: [SM] Changed map to "dod_orange_cancrelats"
L 07/08/2020 - 03:33:25: [SM] Changed map to "dod_orange_cancrelats"
L 07/08/2020 - 03:33:25: -------- Mapchange to dod_orange_cancrelats --------
L 07/08/2020 - 03:33:25: [adminsounds.smx] 0 sounds loaded
L 07/08/2020 - 03:33:26: -------- Mapchange to dod_orange_cancrelats --------
L 07/08/2020 - 03:33:27: [adminsounds.smx] 0 sounds loaded
L 07/08/2020 - 03:33:32: [randomcycle.smx] RandomCycle has chosen dod_dust2_snow_xmas for the nextmap.
L 07/08/2020 - 03:40:25: [mapchooser.smx] Voting for next map has started.
L 07/08/2020 - 03:44:26: [SM] Changed map to "dod_flash"
L 07/08/2020 - 03:44:26: [SM] Changed map to "dod_flash"
L 07/08/2020 - 03:44:27: -------- Mapchange to dod_flash --------
L 07/08/2020 - 03:44:27: [adminsounds.smx] 0 sounds loaded
L 07/08/2020 - 03:44:28: -------- Mapchange to dod_flash --------
L 07/08/2020 - 03:44:28: [adminsounds.smx] 0 sounds loaded
L 07/08/2020 - 03:44:33: [randomcycle.smx] RandomCycle has chosen dod_oasis_v1a for the nextmap.
L 07/08/2020 - 03:51:27: [mapchooser.smx] Voting for next map has started.
L 07/08/2020 - 03:55:27: [SM] Changed map to "dod_risk_b9"
L 07/08/2020 - 03:55:28: [SM] Changed map to "dod_risk_b9"
L 07/08/2020 - 03:55:30: -------- Mapchange to dod_risk_b9 --------
L 07/08/2020 - 03:55:30: [adminsounds.smx] 0 sounds loaded
L 07/08/2020 - 03:55:32: -------- Mapchange to dod_risk_b9 --------
L 07/08/2020 - 03:55:33: [adminsounds.smx] 0 sounds loaded
L 07/08/2020 - 03:55:38: [randomcycle.smx] RandomCycle has chosen dod_4pyramides for the nextmap.
L 07/08/2020 - 04:02:31: [mapchooser.smx] Voting for next map has started.
L 07/08/2020 - 04:06:32: [SM] Changed map to "dod_rats"
L 07/08/2020 - 04:06:32: [SM] Changed map to "dod_rats"
L 07/08/2020 - 04:06:33: -------- Mapchange to dod_rats --------
L 07/08/2020 - 04:06:33: [adminsounds.smx] 0 sounds loaded
L 07/08/2020 - 04:06:34: -------- Mapchange to dod_rats --------
L 07/08/2020 - 04:06:34: [adminsounds.smx] 0 sounds loaded
L 07/08/2020 - 04:06:39: [randomcycle.smx] RandomCycle has chosen cdcmarijuana! for the nextmap.
L 07/08/2020 - 04:13:32: [mapchooser.smx] Voting for next map has started.
L 07/08/2020 - 04:17:33: [SM] Changed map to "dod_jagd"
L 07/08/2020 - 04:17:33: [SM] Changed map to "dod_jagd"
L 07/08/2020 - 04:17:36: -------- Mapchange to dod_jagd --------
L 07/08/2020 - 04:17:36: [adminsounds.smx] 0 sounds loaded
L 07/08/2020 - 04:17:38: -------- Mapchange to dod_jagd --------
L 07/08/2020 - 04:17:38: [adminsounds.smx] 0 sounds loaded
L 07/08/2020 - 04:17:43: [randomcycle.smx] RandomCycle has chosen dod_murky_p2 for the nextmap.
L 07/08/2020 - 04:24:36: [mapchooser.smx] Voting for next map has started.
L 07/08/2020 - 04:28:37: [SM] Changed map to "dod_deux_chateaux_final"
L 07/08/2020 - 04:28:37: [SM] Changed map to "dod_deux_chateaux_final"
L 07/08/2020 - 04:28:38: -------- Mapchange to dod_deux_chateaux_final --------
L 07/08/2020 - 04:28:38: [adminsounds.smx] 0 sounds loaded
L 07/08/2020 - 04:28:39: -------- Mapchange to dod_deux_chateaux_final --------
L 07/08/2020 - 04:28:39: [adminsounds.smx] 0 sounds loaded
L 07/08/2020 - 04:28:44: [randomcycle.smx] RandomCycle has chosen dod_chocolate_fight_arena for the nextmap.
L 07/08/2020 - 04:35:37: [mapchooser.smx] Voting for next map has started.
L 07/08/2020 - 04:39:38: [SM] Changed map to "dod_argentan"
L 07/08/2020 - 04:39:38: [SM] Changed map to "dod_argentan"
L 07/08/2020 - 04:39:40: -------- Mapchange to dod_argentan --------
L 07/08/2020 - 04:39:40: [adminsounds.smx] 0 sounds loaded
L 07/08/2020 - 04:39:41: -------- Mapchange to dod_argentan --------
L 07/08/2020 - 04:39:41: [adminsounds.smx] 0 sounds loaded
L 07/08/2020 - 04:39:46: [randomcycle.smx] RandomCycle has chosen dod_dli_football_b1 for the nextmap.
L 07/08/2020 - 04:46:39: [mapchooser.smx] Voting for next map has started.
L 07/08/2020 - 04:50:40: [SM] Changed map to "dod_colmar"
L 07/08/2020 - 04:50:40: [SM] Changed map to "dod_colmar"
L 07/08/2020 - 04:50:42: -------- Mapchange to dod_colmar --------
L 07/08/2020 - 04:50:42: [adminsounds.smx] 0 sounds loaded
L 07/08/2020 - 04:50:44: -------- Mapchange to dod_colmar --------
L 07/08/2020 - 04:50:44: [adminsounds.smx] 0 sounds loaded
L 07/08/2020 - 04:50:50: [randomcycle.smx] RandomCycle has chosen dod_sniper_killbox_v2 for the nextmap.
L 07/08/2020 - 04:57:43: [mapchooser.smx] Voting for next map has started.
L 07/08/2020 - 05:01:44: [SM] Changed map to "dod_kalt"
L 07/08/2020 - 05:01:44: [SM] Changed map to "dod_kalt"
L 07/08/2020 - 05:01:45: -------- Mapchange to dod_kalt --------
L 07/08/2020 - 05:01:45: [adminsounds.smx] 0 sounds loaded
L 07/08/2020 - 05:01:47: -------- Mapchange to dod_kalt --------
L 07/08/2020 - 05:01:47: [adminsounds.smx] 0 sounds loaded
L 07/08/2020 - 05:01:52: [randomcycle.smx] RandomCycle has chosen dod_sniper_wars_beta for the nextmap.
L 07/08/2020 - 05:08:45: [mapchooser.smx] Voting for next map has started.
L 07/08/2020 - 05:12:46: [SM] Changed map to "dod_solitude_rats"
L 07/08/2020 - 05:12:46: [SM] Changed map to "dod_solitude_rats"
L 07/08/2020 - 05:12:47: -------- Mapchange to dod_solitude_rats --------
L 07/08/2020 - 05:12:47: [adminsounds.smx] 0 sounds loaded
L 07/08/2020 - 05:12:48: -------- Mapchange to dod_solitude_rats --------
L 07/08/2020 - 05:12:49: [adminsounds.smx] 0 sounds loaded
L 07/08/2020 - 05:12:54: [randomcycle.smx] RandomCycle has chosen dod_iceworld_final_[bds]_doc for the nextmap.
L 07/08/2020 - 05:19:47: [mapchooser.smx] Voting for next map has started.
L 07/08/2020 - 05:23:48: [SM] Changed map to "dod_mousekitchen_ed"
L 07/08/2020 - 05:23:48: [SM] Changed map to "dod_mousekitchen_ed"
L 07/08/2020 - 05:23:49: -------- Mapchange to dod_mousekitchen_ed --------
L 07/08/2020 - 05:23:49: [adminsounds.smx] 0 sounds loaded
L 07/08/2020 - 05:23:50: -------- Mapchange to dod_mousekitchen_ed --------
L 07/08/2020 - 05:23:50: [adminsounds.smx] 0 sounds loaded
L 07/08/2020 - 05:23:55: [randomcycle.smx] RandomCycle has chosen dod_avalanche@night for the nextmap.
L 07/08/2020 - 05:30:48: [mapchooser.smx] Voting for next map has started.
L 07/08/2020 - 05:34:49: [SM] Changed map to "dod_sniper_killbox_v2"
L 07/08/2020 - 05:34:49: [SM] Changed map to "dod_sniper_killbox_v2"
L 07/08/2020 - 05:34:50: -------- Mapchange to dod_sniper_killbox_v2 --------
L 07/08/2020 - 05:34:50: [adminsounds.smx] 0 sounds loaded
L 07/08/2020 - 05:34:52: -------- Mapchange to dod_sniper_killbox_v2 --------
L 07/08/2020 - 05:34:52: [adminsounds.smx] 0 sounds loaded
L 07/08/2020 - 05:34:57: [randomcycle.smx] RandomCycle has chosen dod_risk_b9 for the nextmap.
L 07/08/2020 - 05:41:50: [mapchooser.smx] Voting for next map has started.
L 07/08/2020 - 05:45:51: [SM] Changed map to "dod_fullhouse"
L 07/08/2020 - 05:45:51: [SM] Changed map to "dod_fullhouse"
L 07/08/2020 - 05:45:52: -------- Mapchange to dod_fullhouse --------
L 07/08/2020 - 05:45:52: [adminsounds.smx] 0 sounds loaded
L 07/08/2020 - 05:45:53: -------- Mapchange to dod_fullhouse --------
L 07/08/2020 - 05:45:54: [adminsounds.smx] 0 sounds loaded
L 07/08/2020 - 05:45:59: [randomcycle.smx] RandomCycle has chosen dod_aimap_b1 for the nextmap.
L 07/08/2020 - 05:52:52: [mapchooser.smx] Voting for next map has started.
L 07/08/2020 - 05:56:53: [SM] Changed map to "dod_kalt"
L 07/08/2020 - 05:56:53: [SM] Changed map to "dod_kalt"
L 07/08/2020 - 05:56:54: -------- Mapchange to dod_kalt --------
L 07/08/2020 - 05:56:55: [adminsounds.smx] 0 sounds loaded
L 07/08/2020 - 05:56:56: -------- Mapchange to dod_kalt --------
L 07/08/2020 - 05:56:56: [adminsounds.smx] 0 sounds loaded
L 07/08/2020 - 05:57:01: [randomcycle.smx] RandomCycle has chosen dod_monopoly_source for the nextmap.
L 07/08/2020 - 06:03:54: [mapchooser.smx] Voting for next map has started.
L 07/08/2020 - 06:07:55: [SM] Changed map to "dod_sniper_wars_beta"
L 07/08/2020 - 06:07:55: [SM] Changed map to "dod_sniper_wars_beta"
L 07/08/2020 - 06:07:56: -------- Mapchange to dod_sniper_wars_beta --------
L 07/08/2020 - 06:07:56: [adminsounds.smx] 0 sounds loaded
L 07/08/2020 - 06:07:58: -------- Mapchange to dod_sniper_wars_beta --------
L 07/08/2020 - 06:07:58: [adminsounds.smx] 0 sounds loaded
L 07/08/2020 - 06:08:03: [randomcycle.smx] RandomCycle has chosen dod_sniperarena_dgs2 for the nextmap.
L 07/08/2020 - 06:14:56: [mapchooser.smx] Voting for next map has started.
L 07/08/2020 - 06:18:57: [SM] Changed map to "dod_football_a"
L 07/08/2020 - 06:18:57: [SM] Changed map to "dod_football_a"
L 07/08/2020 - 06:18:58: -------- Mapchange to dod_football_a --------
L 07/08/2020 - 06:18:58: [adminsounds.smx] 0 sounds loaded
L 07/08/2020 - 06:18:59: -------- Mapchange to dod_football_a --------
L 07/08/2020 - 06:18:59: [adminsounds.smx] 0 sounds loaded
L 07/08/2020 - 06:19:05: [randomcycle.smx] RandomCycle has chosen dod_dust2_snow_xmas for the nextmap.
L 07/08/2020 - 06:25:58: [mapchooser.smx] Voting for next map has started.
L 07/08/2020 - 06:29:59: [SM] Changed map to "dod_argentan"
L 07/08/2020 - 06:29:59: [SM] Changed map to "dod_argentan"
L 07/08/2020 - 06:30:00: -------- Mapchange to dod_argentan --------
L 07/08/2020 - 06:30:00: [adminsounds.smx] 0 sounds loaded
L 07/08/2020 - 06:30:02: -------- Mapchange to dod_argentan --------
L 07/08/2020 - 06:30:02: [adminsounds.smx] 0 sounds loaded
L 07/08/2020 - 06:30:07: [randomcycle.smx] RandomCycle has chosen dod_murky_p2 for the nextmap.
L 07/08/2020 - 06:37:00: [mapchooser.smx] Voting for next map has started.
L 07/08/2020 - 06:41:01: [SM] Changed map to "dod_anzio"
L 07/08/2020 - 06:41:01: [SM] Changed map to "dod_anzio"
L 07/08/2020 - 06:41:03: -------- Mapchange to dod_anzio --------
L 07/08/2020 - 06:41:03: [adminsounds.smx] 0 sounds loaded
L 07/08/2020 - 06:41:04: -------- Mapchange to dod_anzio --------
L 07/08/2020 - 06:41:04: [adminsounds.smx] 0 sounds loaded
L 07/08/2020 - 06:41:10: [randomcycle.smx] RandomCycle has chosen dod_sand_rats_2006 for the nextmap.
L 07/08/2020 - 06:48:03: [mapchooser.smx] Voting for next map has started.
L 07/08/2020 - 06:52:04: [SM] Changed map to "dod_sniperarena_dgs2"
L 07/08/2020 - 06:52:04: [SM] Changed map to "dod_sniperarena_dgs2"
L 07/08/2020 - 06:52:05: -------- Mapchange to dod_sniperarena_dgs2 --------
L 07/08/2020 - 06:52:05: [adminsounds.smx] 0 sounds loaded
L 07/08/2020 - 06:52:06: -------- Mapchange to dod_sniperarena_dgs2 --------
L 07/08/2020 - 06:52:06: [adminsounds.smx] 0 sounds loaded
L 07/08/2020 - 06:52:11: [randomcycle.smx] RandomCycle has chosen sniperzone for the nextmap.
L 07/08/2020 - 06:59:05: [mapchooser.smx] Voting for next map has started.
L 07/08/2020 - 07:03:06: [SM] Changed map to "dod_dli_football_b1"
L 07/08/2020 - 07:03:06: [SM] Changed map to "dod_dli_football_b1"
L 07/08/2020 - 07:03:07: -------- Mapchange to dod_dli_football_b1 --------
L 07/08/2020 - 07:03:07: [adminsounds.smx] 0 sounds loaded
L 07/08/2020 - 07:03:08: -------- Mapchange to dod_dli_football_b1 --------
L 07/08/2020 - 07:03:08: [adminsounds.smx] 0 sounds loaded
L 07/08/2020 - 07:03:13: [randomcycle.smx] RandomCycle has chosen dod_bunky2_modified for the nextmap.
L 07/08/2020 - 07:10:06: [mapchooser.smx] Voting for next map has started.
L 07/08/2020 - 07:14:07: [SM] Changed map to "acc_labice"
L 07/08/2020 - 07:14:07: [SM] Changed map to "acc_labice"
L 07/08/2020 - 07:14:08: -------- Mapchange to acc_labice --------
L 07/08/2020 - 07:14:08: [adminsounds.smx] 0 sounds loaded
L 07/08/2020 - 07:14:10: -------- Mapchange to acc_labice --------
L 07/08/2020 - 07:14:10: [adminsounds.smx] 0 sounds loaded
L 07/08/2020 - 07:14:15: [randomcycle.smx] RandomCycle has chosen dod_chocolate_fight_arena for the nextmap.
L 07/08/2020 - 07:21:08: [mapchooser.smx] Voting for next map has started.
L 07/08/2020 - 07:25:09: [SM] Changed map to "dod_sucette_v3"
L 07/08/2020 - 07:25:09: [SM] Changed map to "dod_sucette_v3"
L 07/08/2020 - 07:25:10: -------- Mapchange to dod_sucette_v3 --------
L 07/08/2020 - 07:25:10: [adminsounds.smx] 0 sounds loaded
L 07/08/2020 - 07:25:11: -------- Mapchange to dod_sucette_v3 --------
L 07/08/2020 - 07:25:11: [adminsounds.smx] 0 sounds loaded
L 07/08/2020 - 07:25:17: [randomcycle.smx] RandomCycle has chosen dod_orange_bridges for the nextmap.
L 07/08/2020 - 07:32:10: [mapchooser.smx] Voting for next map has started.
L 07/08/2020 - 07:36:11: [SM] Changed map to "sniperzone"
L 07/08/2020 - 07:36:11: [SM] Changed map to "sniperzone"
L 07/08/2020 - 07:36:12: -------- Mapchange to sniperzone --------
L 07/08/2020 - 07:36:12: [adminsounds.smx] 0 sounds loaded
L 07/08/2020 - 07:36:13: -------- Mapchange to sniperzone --------
L 07/08/2020 - 07:36:13: [adminsounds.smx] 0 sounds loaded
L 07/08/2020 - 07:36:19: [randomcycle.smx] RandomCycle has chosen dod_orange_wallhack for the nextmap.
L 07/08/2020 - 07:43:12: [mapchooser.smx] Voting for next map has started.
L 07/08/2020 - 07:47:13: [SM] Changed map to "dod_bigbunky_v4"
L 07/08/2020 - 07:47:13: [SM] Changed map to "dod_bigbunky_v4"
L 07/08/2020 - 07:47:14: -------- Mapchange to dod_bigbunky_v4 --------
L 07/08/2020 - 07:47:14: [adminsounds.smx] 0 sounds loaded
L 07/08/2020 - 07:47:15: -------- Mapchange to dod_bigbunky_v4 --------
L 07/08/2020 - 07:47:15: [adminsounds.smx] 0 sounds loaded
L 07/08/2020 - 07:47:21: [randomcycle.smx] RandomCycle has chosen dod_avalanche for the nextmap.
L 07/08/2020 - 07:54:14: [mapchooser.smx] Voting for next map has started.
L 07/08/2020 - 07:58:15: [SM] Changed map to "acc_labice"
L 07/08/2020 - 07:58:15: [SM] Changed map to "acc_labice"
L 07/08/2020 - 07:58:16: -------- Mapchange to acc_labice --------
L 07/08/2020 - 07:58:16: [adminsounds.smx] 0 sounds loaded
L 07/08/2020 - 07:58:17: -------- Mapchange to acc_labice --------
L 07/08/2020 - 07:58:17: [adminsounds.smx] 0 sounds loaded
L 07/08/2020 - 07:58:23: [randomcycle.smx] RandomCycle has chosen dod_orange_damier_v2 for the nextmap.
L 07/08/2020 - 08:05:16: [mapchooser.smx] Voting for next map has started.
L 07/08/2020 - 08:09:17: [SM] Changed map to "dod_avalanche@night"
L 07/08/2020 - 08:09:17: [SM] Changed map to "dod_avalanche@night"
L 07/08/2020 - 08:09:18: -------- Mapchange to dod_avalanche@night --------
L 07/08/2020 - 08:09:18: [adminsounds.smx] 0 sounds loaded
L 07/08/2020 - 08:09:20: -------- Mapchange to dod_avalanche@night --------
L 07/08/2020 - 08:09:20: [adminsounds.smx] 0 sounds loaded
L 07/08/2020 - 08:09:26: [randomcycle.smx] RandomCycle has chosen dod_anzio for the nextmap.
L 07/08/2020 - 08:16:19: [mapchooser.smx] Voting for next map has started.
L 07/08/2020 - 08:20:20: [SM] Changed map to "dod_orange_castel_evolution"
L 07/08/2020 - 08:20:20: [SM] Changed map to "dod_orange_castel_evolution"
L 07/08/2020 - 08:20:21: -------- Mapchange to dod_orange_castel_evolution --------
L 07/08/2020 - 08:20:21: [adminsounds.smx] 0 sounds loaded
L 07/08/2020 - 08:20:22: -------- Mapchange to dod_orange_castel_evolution --------
L 07/08/2020 - 08:20:22: [adminsounds.smx] 0 sounds loaded
L 07/08/2020 - 08:20:27: [randomcycle.smx] RandomCycle has chosen dod_beer_circus for the nextmap.
L 07/08/2020 - 08:27:20: [mapchooser.smx] Voting for next map has started.
L 07/08/2020 - 08:31:22: [SM] Changed map to "dod_sucette_v3"
L 07/08/2020 - 08:31:22: [SM] Changed map to "dod_sucette_v3"
L 07/08/2020 - 08:31:23: -------- Mapchange to dod_sucette_v3 --------
L 07/08/2020 - 08:31:23: [adminsounds.smx] 0 sounds loaded
L 07/08/2020 - 08:31:24: -------- Mapchange to dod_sucette_v3 --------
L 07/08/2020 - 08:31:24: [adminsounds.smx] 0 sounds loaded
L 07/08/2020 - 08:31:29: [randomcycle.smx] RandomCycle has chosen dod_rats for the nextmap.
L 07/08/2020 - 08:38:22: [mapchooser.smx] Voting for next map has started.
L 07/08/2020 - 08:42:24: [SM] Changed map to "dod_bunky2_modified"
L 07/08/2020 - 08:42:24: [SM] Changed map to "dod_bunky2_modified"
L 07/08/2020 - 08:42:25: -------- Mapchange to dod_bunky2_modified --------
L 07/08/2020 - 08:42:25: [adminsounds.smx] 0 sounds loaded
L 07/08/2020 - 08:42:26: -------- Mapchange to dod_bunky2_modified --------
L 07/08/2020 - 08:42:26: [adminsounds.smx] 0 sounds loaded
L 07/08/2020 - 08:42:31: [randomcycle.smx] RandomCycle has chosen dod_legoland_b2 for the nextmap.
L 07/08/2020 - 08:49:25: [mapchooser.smx] Voting for next map has started.
L 07/08/2020 - 08:53:26: [SM] Changed map to "dod_orange_cancrelats"
L 07/08/2020 - 08:53:26: [SM] Changed map to "dod_orange_cancrelats"
L 07/08/2020 - 08:53:27: -------- Mapchange to dod_orange_cancrelats --------
L 07/08/2020 - 08:53:27: [adminsounds.smx] 0 sounds loaded
L 07/08/2020 - 08:53:28: -------- Mapchange to dod_orange_cancrelats --------
L 07/08/2020 - 08:53:28: [adminsounds.smx] 0 sounds loaded
L 07/08/2020 - 08:53:34: [randomcycle.smx] RandomCycle has chosen babyfight_arena for the nextmap.
L 07/08/2020 - 09:00:27: [mapchooser.smx] Voting for next map has started.
L 07/08/2020 - 09:04:28: [SM] Changed map to "dod_4pyramides"
L 07/08/2020 - 09:04:28: [SM] Changed map to "dod_4pyramides"
L 07/08/2020 - 09:04:29: -------- Mapchange to dod_4pyramides --------
L 07/08/2020 - 09:04:29: [adminsounds.smx] 0 sounds loaded
L 07/08/2020 - 09:04:30: -------- Mapchange to dod_4pyramides --------
L 07/08/2020 - 09:04:30: [adminsounds.smx] 0 sounds loaded
L 07/08/2020 - 09:04:36: [randomcycle.smx] RandomCycle has chosen mario_air for the nextmap.
L 07/08/2020 - 09:11:29: [mapchooser.smx] Voting for next map has started.
L 07/08/2020 - 09:15:30: [SM] Changed map to "mario_air"
L 07/08/2020 - 09:15:30: [SM] Changed map to "mario_air"
L 07/08/2020 - 09:15:31: -------- Mapchange to mario_air --------
L 07/08/2020 - 09:15:31: [adminsounds.smx] 0 sounds loaded
L 07/08/2020 - 09:15:33: -------- Mapchange to mario_air --------
L 07/08/2020 - 09:15:33: [adminsounds.smx] 0 sounds loaded
L 07/08/2020 - 09:15:38: [randomcycle.smx] RandomCycle has chosen dod_oasis_v1a for the nextmap.
L 07/08/2020 - 09:22:31: [mapchooser.smx] Voting for next map has started.
L 07/08/2020 - 09:26:32: [SM] Changed map to "dod_sniper_killbox_v2"
L 07/08/2020 - 09:26:32: [SM] Changed map to "dod_sniper_killbox_v2"
L 07/08/2020 - 09:26:33: -------- Mapchange to dod_sniper_killbox_v2 --------
L 07/08/2020 - 09:26:33: [adminsounds.smx] 0 sounds loaded
L 07/08/2020 - 09:26:35: -------- Mapchange to dod_sniper_killbox_v2 --------
L 07/08/2020 - 09:26:35: [adminsounds.smx] 0 sounds loaded
L 07/08/2020 - 09:26:40: [randomcycle.smx] RandomCycle has chosen dod_sniperarena_dgs2 for the nextmap.
L 07/08/2020 - 09:33:33: [mapchooser.smx] Voting for next map has started.
L 07/08/2020 - 09:37:34: [SM] Changed map to "dod_risk_b9"
L 07/08/2020 - 09:37:34: [SM] Changed map to "dod_risk_b9"
L 07/08/2020 - 09:37:37: -------- Mapchange to dod_risk_b9 --------
L 07/08/2020 - 09:37:37: [adminsounds.smx] 0 sounds loaded
L 07/08/2020 - 09:37:40: -------- Mapchange to dod_risk_b9 --------
L 07/08/2020 - 09:37:40: [adminsounds.smx] 0 sounds loaded
L 07/08/2020 - 09:37:45: [randomcycle.smx] RandomCycle has chosen dod_bunky2_modified for the nextmap.
L 07/08/2020 - 09:44:38: [mapchooser.smx] Voting for next map has started.
L 07/08/2020 - 09:48:39: [SM] Changed map to "dod_bunky2_modified"
L 07/08/2020 - 09:48:39: [SM] Changed map to "dod_bunky2_modified"
L 07/08/2020 - 09:48:40: -------- Mapchange to dod_bunky2_modified --------
L 07/08/2020 - 09:48:41: [adminsounds.smx] 0 sounds loaded
L 07/08/2020 - 09:48:42: -------- Mapchange to dod_bunky2_modified --------
L 07/08/2020 - 09:48:42: [adminsounds.smx] 0 sounds loaded
L 07/08/2020 - 09:48:47: [randomcycle.smx] RandomCycle has chosen dod_deux_chateaux_final for the nextmap.
L 07/08/2020 - 09:55:40: [mapchooser.smx] Voting for next map has started.
L 07/08/2020 - 09:59:42: [SM] Changed map to "dod_flash"
L 07/08/2020 - 09:59:42: [SM] Changed map to "dod_flash"
L 07/08/2020 - 09:59:43: -------- Mapchange to dod_flash --------
L 07/08/2020 - 09:59:43: [adminsounds.smx] 0 sounds loaded
L 07/08/2020 - 09:59:45: -------- Mapchange to dod_flash --------
L 07/08/2020 - 09:59:45: [adminsounds.smx] 0 sounds loaded
L 07/08/2020 - 09:59:50: [randomcycle.smx] RandomCycle has chosen dod_dli_football_b1 for the nextmap.
L 07/08/2020 - 10:06:44: [mapchooser.smx] Voting for next map has started.
L 07/08/2020 - 10:10:45: [SM] Changed map to "dod_football_a"
L 07/08/2020 - 10:10:45: [SM] Changed map to "dod_football_a"
L 07/08/2020 - 10:10:46: -------- Mapchange to dod_football_a --------
L 07/08/2020 - 10:10:46: [adminsounds.smx] 0 sounds loaded
L 07/08/2020 - 10:10:48: -------- Mapchange to dod_football_a --------
L 07/08/2020 - 10:10:48: [adminsounds.smx] 0 sounds loaded
L 07/08/2020 - 10:10:53: [randomcycle.smx] RandomCycle has chosen dod_sewer_rats_b1 for the nextmap.
L 07/08/2020 - 10:17:46: [mapchooser.smx] Voting for next map has started.
L 07/08/2020 - 10:21:47: [SM] Changed map to "dod_fullhouse"
L 07/08/2020 - 10:21:47: [SM] Changed map to "dod_fullhouse"
L 07/08/2020 - 10:21:48: -------- Mapchange to dod_fullhouse --------
L 07/08/2020 - 10:21:48: [adminsounds.smx] 0 sounds loaded
L 07/08/2020 - 10:21:50: -------- Mapchange to dod_fullhouse --------
L 07/08/2020 - 10:21:50: [adminsounds.smx] 0 sounds loaded
L 07/08/2020 - 10:21:56: [randomcycle.smx] RandomCycle has chosen dod_beer_circus for the nextmap.
L 07/08/2020 - 10:28:49: [mapchooser.smx] Voting for next map has started.
L 07/08/2020 - 10:32:50: [SM] Changed map to "dod_murky_p2"
L 07/08/2020 - 10:32:50: [SM] Changed map to "dod_murky_p2"
L 07/08/2020 - 10:32:51: -------- Mapchange to dod_murky_p2 --------
L 07/08/2020 - 10:32:51: [adminsounds.smx] 0 sounds loaded
L 07/08/2020 - 10:32:53: -------- Mapchange to dod_murky_p2 --------
L 07/08/2020 - 10:32:53: [adminsounds.smx] 0 sounds loaded
L 07/08/2020 - 10:32:58: [randomcycle.smx] RandomCycle has chosen dod_anzio for the nextmap.
L 07/08/2020 - 10:39:51: [mapchooser.smx] Voting for next map has started.
L 07/08/2020 - 10:43:52: [SM] Changed map to "dod_aimap_b1"
L 07/08/2020 - 10:43:52: [SM] Changed map to "dod_aimap_b1"
L 07/08/2020 - 10:43:53: -------- Mapchange to dod_aimap_b1 --------
L 07/08/2020 - 10:43:53: [adminsounds.smx] 0 sounds loaded
L 07/08/2020 - 10:43:55: -------- Mapchange to dod_aimap_b1 --------
L 07/08/2020 - 10:43:55: [adminsounds.smx] 0 sounds loaded
L 07/08/2020 - 10:44:01: [randomcycle.smx] RandomCycle has chosen dod_orange_bridges for the nextmap.
L 07/08/2020 - 10:50:54: [mapchooser.smx] Voting for next map has started.
L 07/08/2020 - 10:54:55: [SM] Changed map to "dod_sewer_rats_b1"
L 07/08/2020 - 10:54:55: [SM] Changed map to "dod_sewer_rats_b1"
L 07/08/2020 - 10:54:56: -------- Mapchange to dod_sewer_rats_b1 --------
L 07/08/2020 - 10:54:56: [adminsounds.smx] 0 sounds loaded
L 07/08/2020 - 10:54:57: -------- Mapchange to dod_sewer_rats_b1 --------
L 07/08/2020 - 10:54:58: [adminsounds.smx] 0 sounds loaded
L 07/08/2020 - 10:55:03: [randomcycle.smx] RandomCycle has chosen dod_sucette_v3 for the nextmap.
L 07/08/2020 - 11:01:56: [mapchooser.smx] Voting for next map has started.
L 07/08/2020 - 11:05:57: [SM] Changed map to "dod_orange_castel_evolution"
L 07/08/2020 - 11:05:57: [SM] Changed map to "dod_orange_castel_evolution"
L 07/08/2020 - 11:05:58: -------- Mapchange to dod_orange_castel_evolution --------
L 07/08/2020 - 11:05:58: [adminsounds.smx] 0 sounds loaded
L 07/08/2020 - 11:06:00: -------- Mapchange to dod_orange_castel_evolution --------
L 07/08/2020 - 11:06:00: [adminsounds.smx] 0 sounds loaded
L 07/08/2020 - 11:06:05: [randomcycle.smx] RandomCycle has chosen mario_air for the nextmap.
L 07/08/2020 - 11:12:59: [mapchooser.smx] Voting for next map has started.
L 07/08/2020 - 11:16:59: [SM] Changed map to "acc_labice"
L 07/08/2020 - 11:17:00: [SM] Changed map to "acc_labice"
L 07/08/2020 - 11:17:01: -------- Mapchange to acc_labice --------
L 07/08/2020 - 11:17:01: [adminsounds.smx] 0 sounds loaded
L 07/08/2020 - 11:17:02: -------- Mapchange to acc_labice --------
L 07/08/2020 - 11:17:02: [adminsounds.smx] 0 sounds loaded
L 07/08/2020 - 11:17:08: [randomcycle.smx] RandomCycle has chosen babyfight_arena for the nextmap.
L 07/08/2020 - 11:24:01: [mapchooser.smx] Voting for next map has started.
L 07/08/2020 - 11:28:02: [SM] Changed map to "dod_legoland_b2"
L 07/08/2020 - 11:28:02: [SM] Changed map to "dod_legoland_b2"
L 07/08/2020 - 11:28:03: -------- Mapchange to dod_legoland_b2 --------
L 07/08/2020 - 11:28:03: [adminsounds.smx] 0 sounds loaded
L 07/08/2020 - 11:28:05: -------- Mapchange to dod_legoland_b2 --------
L 07/08/2020 - 11:28:05: [adminsounds.smx] 0 sounds loaded
L 07/08/2020 - 11:28:11: [randomcycle.smx] RandomCycle has chosen dod_flash for the nextmap.
L 07/08/2020 - 11:35:04: [mapchooser.smx] Voting for next map has started.
L 07/08/2020 - 11:39:05: [SM] Changed map to "dod_murky_p2"
L 07/08/2020 - 11:39:05: [SM] Changed map to "dod_murky_p2"
L 07/08/2020 - 11:39:06: -------- Mapchange to dod_murky_p2 --------
L 07/08/2020 - 11:39:06: [adminsounds.smx] 0 sounds loaded
L 07/08/2020 - 11:39:08: -------- Mapchange to dod_murky_p2 --------
L 07/08/2020 - 11:39:08: [adminsounds.smx] 0 sounds loaded
L 07/08/2020 - 11:39:13: [randomcycle.smx] RandomCycle has chosen sniperzone for the nextmap.
L 07/08/2020 - 11:46:06: [mapchooser.smx] Voting for next map has started.
L 07/08/2020 - 11:50:07: [SM] Changed map to "dod_kalt"
L 07/08/2020 - 11:50:07: [SM] Changed map to "dod_kalt"
L 07/08/2020 - 11:50:09: -------- Mapchange to dod_kalt --------
L 07/08/2020 - 11:50:09: [adminsounds.smx] 0 sounds loaded
L 07/08/2020 - 11:50:11: -------- Mapchange to dod_kalt --------
L 07/08/2020 - 11:50:11: [adminsounds.smx] 0 sounds loaded
L 07/08/2020 - 11:50:17: [randomcycle.smx] RandomCycle has chosen dod_jagd for the nextmap.
L 07/08/2020 - 11:57:10: [mapchooser.smx] Voting for next map has started.
L 07/08/2020 - 12:01:11: [SM] Changed map to "dod_sucette_v3"
L 07/08/2020 - 12:01:11: [SM] Changed map to "dod_sucette_v3"
L 07/08/2020 - 12:01:12: -------- Mapchange to dod_sucette_v3 --------
L 07/08/2020 - 12:01:12: [adminsounds.smx] 0 sounds loaded
L 07/08/2020 - 12:01:14: -------- Mapchange to dod_sucette_v3 --------
L 07/08/2020 - 12:01:14: [adminsounds.smx] 0 sounds loaded
L 07/08/2020 - 12:01:19: [randomcycle.smx] RandomCycle has chosen dod_avalanche@night for the nextmap.
L 07/08/2020 - 12:08:12: [mapchooser.smx] Voting for next map has started.
L 07/08/2020 - 12:12:13: [SM] Changed map to "dod_football_a"
L 07/08/2020 - 12:12:13: [SM] Changed map to "dod_football_a"
L 07/08/2020 - 12:12:15: -------- Mapchange to dod_football_a --------
L 07/08/2020 - 12:12:15: [adminsounds.smx] 0 sounds loaded
L 07/08/2020 - 12:12:17: -------- Mapchange to dod_football_a --------
L 07/08/2020 - 12:12:17: [adminsounds.smx] 0 sounds loaded
L 07/08/2020 - 12:12:22: [randomcycle.smx] RandomCycle has chosen dod_cdc_rats_rm for the nextmap.
L 07/08/2020 - 12:19:15: [mapchooser.smx] Voting for next map has started.
L 07/08/2020 - 12:23:16: [SM] Changed map to "dod_fullhouse"
L 07/08/2020 - 12:23:16: [SM] Changed map to "dod_fullhouse"
L 07/08/2020 - 12:23:17: -------- Mapchange to dod_fullhouse --------
L 07/08/2020 - 12:23:18: [adminsounds.smx] 0 sounds loaded
L 07/08/2020 - 12:23:19: -------- Mapchange to dod_fullhouse --------
L 07/08/2020 - 12:23:19: [adminsounds.smx] 0 sounds loaded
L 07/08/2020 - 12:23:25: [randomcycle.smx] RandomCycle has chosen dod_beer_circus for the nextmap.
L 07/08/2020 - 12:30:18: [mapchooser.smx] Voting for next map has started.
L 07/08/2020 - 12:34:19: [SM] Changed map to "dod_anzio"
L 07/08/2020 - 12:34:19: [SM] Changed map to "dod_anzio"
L 07/08/2020 - 12:34:21: -------- Mapchange to dod_anzio --------
L 07/08/2020 - 12:34:21: [adminsounds.smx] 0 sounds loaded
L 07/08/2020 - 12:34:23: -------- Mapchange to dod_anzio --------
L 07/08/2020 - 12:34:23: [adminsounds.smx] 0 sounds loaded
L 07/08/2020 - 12:34:29: [randomcycle.smx] RandomCycle has chosen dod_monopoly_source for the nextmap.
L 07/08/2020 - 12:41:22: [mapchooser.smx] Voting for next map has started.
L 07/08/2020 - 12:45:23: [SM] Changed map to "dod_orange_damier_v2"
L 07/08/2020 - 12:45:23: [SM] Changed map to "dod_orange_damier_v2"
L 07/08/2020 - 12:45:24: -------- Mapchange to dod_orange_damier_v2 --------
L 07/08/2020 - 12:45:24: [adminsounds.smx] 0 sounds loaded
L 07/08/2020 - 12:45:26: -------- Mapchange to dod_orange_damier_v2 --------
L 07/08/2020 - 12:45:26: [adminsounds.smx] 0 sounds loaded
L 07/08/2020 - 12:45:31: [randomcycle.smx] RandomCycle has chosen dod_4pyramides for the nextmap.
L 07/08/2020 - 12:52:24: [mapchooser.smx] Voting for next map has started.
L 07/08/2020 - 12:56:25: [SM] Changed map to "dod_4pyramides"
L 07/08/2020 - 12:56:26: [SM] Changed map to "dod_4pyramides"
L 07/08/2020 - 12:56:27: -------- Mapchange to dod_4pyramides --------
L 07/08/2020 - 12:56:27: [adminsounds.smx] 0 sounds loaded
L 07/08/2020 - 12:56:29: -------- Mapchange to dod_4pyramides --------
L 07/08/2020 - 12:56:29: [adminsounds.smx] 0 sounds loaded
L 07/08/2020 - 12:56:34: [randomcycle.smx] RandomCycle has chosen acc_labice for the nextmap.
L 07/08/2020 - 13:03:27: [mapchooser.smx] Voting for next map has started.
L 07/08/2020 - 13:07:28: [SM] Changed map to "dod_oasis_v1a"
L 07/08/2020 - 13:07:28: [SM] Changed map to "dod_oasis_v1a"
L 07/08/2020 - 13:07:30: -------- Mapchange to dod_oasis_v1a --------
L 07/08/2020 - 13:07:30: [adminsounds.smx] 0 sounds loaded
L 07/08/2020 - 13:07:32: -------- Mapchange to dod_oasis_v1a --------
L 07/08/2020 - 13:07:32: [adminsounds.smx] 0 sounds loaded
L 07/08/2020 - 13:07:38: [randomcycle.smx] RandomCycle has chosen dod_solitude_rats for the nextmap.
L 07/08/2020 - 13:14:31: [mapchooser.smx] Voting for next map has started.
L 07/08/2020 - 13:18:32: [SM] Changed map to "dod_bunky2_modified"
L 07/08/2020 - 13:18:32: [SM] Changed map to "dod_bunky2_modified"
L 07/08/2020 - 13:18:33: -------- Mapchange to dod_bunky2_modified --------
L 07/08/2020 - 13:18:33: [adminsounds.smx] 0 sounds loaded
L 07/08/2020 - 13:18:35: -------- Mapchange to dod_bunky2_modified --------
L 07/08/2020 - 13:18:35: [adminsounds.smx] 0 sounds loaded
L 07/08/2020 - 13:18:41: [randomcycle.smx] RandomCycle has chosen dod_fullhouse for the nextmap.
L 07/08/2020 - 13:25:34: [mapchooser.smx] Voting for next map has started.
L 07/08/2020 - 13:29:35: [SM] Changed map to "dod_avalanche@night"
L 07/08/2020 - 13:29:35: [SM] Changed map to "dod_avalanche@night"
L 07/08/2020 - 13:29:36: -------- Mapchange to dod_avalanche@night --------
L 07/08/2020 - 13:29:37: [adminsounds.smx] 0 sounds loaded
L 07/08/2020 - 13:29:39: -------- Mapchange to dod_avalanche@night --------
L 07/08/2020 - 13:29:39: [adminsounds.smx] 0 sounds loaded
L 07/08/2020 - 13:29:44: [randomcycle.smx] RandomCycle has chosen dod_sand_rats_2006 for the nextmap.
L 07/08/2020 - 13:36:37: [mapchooser.smx] Voting for next map has started.
L 07/08/2020 - 13:40:38: [SM] Changed map to "dod_anzio"
L 07/08/2020 - 13:40:38: [SM] Changed map to "dod_anzio"
L 07/08/2020 - 13:40:40: -------- Mapchange to dod_anzio --------
L 07/08/2020 - 13:40:40: [adminsounds.smx] 0 sounds loaded
L 07/08/2020 - 13:40:42: -------- Mapchange to dod_anzio --------
L 07/08/2020 - 13:40:43: [adminsounds.smx] 0 sounds loaded
L 07/08/2020 - 13:40:48: [randomcycle.smx] RandomCycle has chosen dod_avalanche for the nextmap.
L 07/08/2020 - 13:47:41: [mapchooser.smx] Voting for next map has started.
L 07/08/2020 - 13:51:42: [SM] Changed map to "dod_sucette_v3"
L 07/08/2020 - 13:51:42: [SM] Changed map to "dod_sucette_v3"
L 07/08/2020 - 13:51:43: -------- Mapchange to dod_sucette_v3 --------
L 07/08/2020 - 13:51:43: [adminsounds.smx] 0 sounds loaded
L 07/08/2020 - 13:51:45: -------- Mapchange to dod_sucette_v3 --------
L 07/08/2020 - 13:51:45: [adminsounds.smx] 0 sounds loaded
L 07/08/2020 - 13:51:51: [randomcycle.smx] RandomCycle has chosen dod_flash for the nextmap.
L 07/08/2020 - 13:58:44: [mapchooser.smx] Voting for next map has started.
L 07/08/2020 - 14:02:45: [SM] Changed map to "dod_bigbunky_v4"
L 07/08/2020 - 14:02:45: [SM] Changed map to "dod_bigbunky_v4"
L 07/08/2020 - 14:02:46: -------- Mapchange to dod_bigbunky_v4 --------
L 07/08/2020 - 14:02:47: [adminsounds.smx] 0 sounds loaded
L 07/08/2020 - 14:02:49: -------- Mapchange to dod_bigbunky_v4 --------
L 07/08/2020 - 14:02:49: [adminsounds.smx] 0 sounds loaded
L 07/08/2020 - 14:02:54: [randomcycle.smx] RandomCycle has chosen dod_dli_football_b1 for the nextmap.
L 07/08/2020 - 14:09:47: [mapchooser.smx] Voting for next map has started.
L 07/08/2020 - 14:13:48: [SM] Changed map to "dod_orange_damier_v2"
L 07/08/2020 - 14:13:48: [SM] Changed map to "dod_orange_damier_v2"
L 07/08/2020 - 14:13:49: -------- Mapchange to dod_orange_damier_v2 --------
L 07/08/2020 - 14:13:49: [adminsounds.smx] 0 sounds loaded
L 07/08/2020 - 14:13:51: -------- Mapchange to dod_orange_damier_v2 --------
L 07/08/2020 - 14:13:51: [adminsounds.smx] 0 sounds loaded
L 07/08/2020 - 14:13:57: [randomcycle.smx] RandomCycle has chosen dod_murky_p2 for the nextmap.
L 07/08/2020 - 14:20:50: [mapchooser.smx] Voting for next map has started.
L 07/08/2020 - 14:24:51: [SM] Changed map to "dod_orange_cancrelats"
L 07/08/2020 - 14:24:51: [SM] Changed map to "dod_orange_cancrelats"
L 07/08/2020 - 14:24:52: -------- Mapchange to dod_orange_cancrelats --------
L 07/08/2020 - 14:24:52: [adminsounds.smx] 0 sounds loaded
L 07/08/2020 - 14:24:54: -------- Mapchange to dod_orange_cancrelats --------
L 07/08/2020 - 14:24:54: [adminsounds.smx] 0 sounds loaded
L 07/08/2020 - 14:25:00: [randomcycle.smx] RandomCycle has chosen dod_football_a for the nextmap.
L 07/08/2020 - 14:31:53: [mapchooser.smx] Voting for next map has started.
L 07/08/2020 - 14:35:54: [SM] Changed map to "dod_sand_rats_2006"
L 07/08/2020 - 14:35:54: [SM] Changed map to "dod_sand_rats_2006"
L 07/08/2020 - 14:35:56: -------- Mapchange to dod_sand_rats_2006 --------
L 07/08/2020 - 14:35:56: [adminsounds.smx] 0 sounds loaded
L 07/08/2020 - 14:35:58: -------- Mapchange to dod_sand_rats_2006 --------
L 07/08/2020 - 14:35:58: [adminsounds.smx] 0 sounds loaded
L 07/08/2020 - 14:36:03: [randomcycle.smx] RandomCycle has chosen dod_bigbunky_v4 for the nextmap.
L 07/08/2020 - 14:42:56: [mapchooser.smx] Voting for next map has started.
L 07/08/2020 - 14:46:57: [SM] Changed map to "dod_solitude_rats"
L 07/08/2020 - 14:46:57: [SM] Changed map to "dod_solitude_rats"
L 07/08/2020 - 14:46:59: -------- Mapchange to dod_solitude_rats --------
L 07/08/2020 - 14:46:59: [adminsounds.smx] 0 sounds loaded
L 07/08/2020 - 14:47:01: -------- Mapchange to dod_solitude_rats --------
L 07/08/2020 - 14:47:01: [adminsounds.smx] 0 sounds loaded
L 07/08/2020 - 14:47:07: [randomcycle.smx] RandomCycle has chosen cdcmarijuana! for the nextmap.
L 07/08/2020 - 14:54:00: [mapchooser.smx] Voting for next map has started.
L 07/08/2020 - 14:58:01: [SM] Changed map to "dod_bunky2_modified"
L 07/08/2020 - 14:58:01: [SM] Changed map to "dod_bunky2_modified"
L 07/08/2020 - 14:58:02: -------- Mapchange to dod_bunky2_modified --------
L 07/08/2020 - 14:58:02: [adminsounds.smx] 0 sounds loaded
L 07/08/2020 - 14:58:04: -------- Mapchange to dod_bunky2_modified --------
L 07/08/2020 - 14:58:04: [adminsounds.smx] 0 sounds loaded
L 07/08/2020 - 14:58:10: [randomcycle.smx] RandomCycle has chosen dod_cdc_rats_rm for the nextmap.
L 07/08/2020 - 15:05:03: [mapchooser.smx] Voting for next map has started.
L 07/08/2020 - 15:09:04: [SM] Changed map to "dod_jagd"
L 07/08/2020 - 15:09:04: [SM] Changed map to "dod_jagd"
L 07/08/2020 - 15:09:06: -------- Mapchange to dod_jagd --------
L 07/08/2020 - 15:09:07: [adminsounds.smx] 0 sounds loaded
L 07/08/2020 - 15:09:10: -------- Mapchange to dod_jagd --------
L 07/08/2020 - 15:09:10: [adminsounds.smx] 0 sounds loaded
L 07/08/2020 - 15:09:15: [randomcycle.smx] RandomCycle has chosen dod_jagd for the nextmap.
L 07/08/2020 - 15:16:08: [mapchooser.smx] Voting for next map has started.
L 07/08/2020 - 15:20:09: [SM] Changed map to "dod_anzio"
L 07/08/2020 - 15:20:09: [SM] Changed map to "dod_anzio"
L 07/08/2020 - 15:20:11: -------- Mapchange to dod_anzio --------
L 07/08/2020 - 15:20:11: [adminsounds.smx] 0 sounds loaded
L 07/08/2020 - 15:20:14: -------- Mapchange to dod_anzio --------
L 07/08/2020 - 15:20:14: [adminsounds.smx] 0 sounds loaded
L 07/08/2020 - 15:20:19: [randomcycle.smx] RandomCycle has chosen dod_colmar for the nextmap.
L 07/08/2020 - 15:27:13: [mapchooser.smx] Voting for next map has started.
L 07/08/2020 - 15:31:14: [SM] Changed map to "dod_bigbunky_v4"
L 07/08/2020 - 15:31:14: [SM] Changed map to "dod_bigbunky_v4"
L 07/08/2020 - 15:31:15: -------- Mapchange to dod_bigbunky_v4 --------
L 07/08/2020 - 15:31:15: [adminsounds.smx] 0 sounds loaded
L 07/08/2020 - 15:31:17: -------- Mapchange to dod_bigbunky_v4 --------
L 07/08/2020 - 15:31:17: [adminsounds.smx] 0 sounds loaded
L 07/08/2020 - 15:31:23: [randomcycle.smx] RandomCycle has chosen dod_mousekitchen_ed for the nextmap.
L 07/08/2020 - 15:38:16: [mapchooser.smx] Voting for next map has started.
L 07/08/2020 - 15:42:17: [SM] Changed map to "dod_mousekitchen_ed"
L 07/08/2020 - 15:42:17: [SM] Changed map to "dod_mousekitchen_ed"
L 07/08/2020 - 15:42:19: -------- Mapchange to dod_mousekitchen_ed --------
L 07/08/2020 - 15:42:19: [adminsounds.smx] 0 sounds loaded
L 07/08/2020 - 15:42:21: -------- Mapchange to dod_mousekitchen_ed --------
L 07/08/2020 - 15:42:21: [adminsounds.smx] 0 sounds loaded
L 07/08/2020 - 15:42:26: [randomcycle.smx] RandomCycle has chosen dod_orange_damier_v2 for the nextmap.
L 07/08/2020 - 15:49:19: [mapchooser.smx] Voting for next map has started.
L 07/08/2020 - 15:53:20: [SM] Changed map to "dod_dli_football_b1"
L 07/08/2020 - 15:53:20: [SM] Changed map to "dod_dli_football_b1"
L 07/08/2020 - 15:53:22: -------- Mapchange to dod_dli_football_b1 --------
L 07/08/2020 - 15:53:22: [adminsounds.smx] 0 sounds loaded
L 07/08/2020 - 15:53:24: -------- Mapchange to dod_dli_football_b1 --------
L 07/08/2020 - 15:53:24: [adminsounds.smx] 0 sounds loaded
L 07/08/2020 - 15:53:30: [randomcycle.smx] RandomCycle has chosen dod_bunky2_modified for the nextmap.
L 07/08/2020 - 16:00:23: [mapchooser.smx] Voting for next map has started.
L 07/08/2020 - 16:04:24: [SM] Changed map to "dod_colmar"
L 07/08/2020 - 16:04:24: [SM] Changed map to "dod_colmar"
L 07/08/2020 - 16:04:26: -------- Mapchange to dod_colmar --------
L 07/08/2020 - 16:04:26: [adminsounds.smx] 0 sounds loaded
L 07/08/2020 - 16:04:29: -------- Mapchange to dod_colmar --------
L 07/08/2020 - 16:04:29: [adminsounds.smx] 0 sounds loaded
L 07/08/2020 - 16:04:35: [randomcycle.smx] RandomCycle has chosen dod_4pyramides for the nextmap.
L 07/08/2020 - 16:11:28: [mapchooser.smx] Voting for next map has started.
L 07/08/2020 - 16:15:29: [SM] Changed map to "dod_risk_b9"
L 07/08/2020 - 16:15:29: [SM] Changed map to "dod_risk_b9"
L 07/08/2020 - 16:15:32: -------- Mapchange to dod_risk_b9 --------
L 07/08/2020 - 16:15:32: [adminsounds.smx] 0 sounds loaded
L 07/08/2020 - 16:15:36: -------- Mapchange to dod_risk_b9 --------
L 07/08/2020 - 16:15:36: [adminsounds.smx] 0 sounds loaded
L 07/08/2020 - 16:15:41: [randomcycle.smx] RandomCycle has chosen dod_dli_football_b1 for the nextmap.
L 07/08/2020 - 16:22:34: [mapchooser.smx] Voting for next map has started.
L 07/08/2020 - 16:26:35: [SM] Changed map to "dod_rats"
L 07/08/2020 - 16:26:35: [SM] Changed map to "dod_rats"
L 07/08/2020 - 16:26:37: -------- Mapchange to dod_rats --------
L 07/08/2020 - 16:26:37: [adminsounds.smx] 0 sounds loaded
L 07/08/2020 - 16:26:39: -------- Mapchange to dod_rats --------
L 07/08/2020 - 16:26:40: [adminsounds.smx] 0 sounds loaded
L 07/08/2020 - 16:26:45: [randomcycle.smx] RandomCycle has chosen dod_orange_sniper for the nextmap.
L 07/08/2020 - 16:33:38: [mapchooser.smx] Voting for next map has started.
L 07/08/2020 - 16:37:39: [SM] Changed map to "dod_murky_p2"
L 07/08/2020 - 16:37:39: [SM] Changed map to "dod_murky_p2"
L 07/08/2020 - 16:37:41: -------- Mapchange to dod_murky_p2 --------
L 07/08/2020 - 16:37:41: [adminsounds.smx] 0 sounds loaded
L 07/08/2020 - 16:37:43: -------- Mapchange to dod_murky_p2 --------
L 07/08/2020 - 16:37:43: [adminsounds.smx] 0 sounds loaded
L 07/08/2020 - 16:37:49: [randomcycle.smx] RandomCycle has chosen dod_risk_b9 for the nextmap.
L 07/08/2020 - 16:44:42: [mapchooser.smx] Voting for next map has started.
L 07/08/2020 - 16:48:43: [SM] Changed map to "dod_orange_wallhack"
L 07/08/2020 - 16:48:43: [SM] Changed map to "dod_orange_wallhack"
L 07/08/2020 - 16:48:44: -------- Mapchange to dod_orange_wallhack --------
L 07/08/2020 - 16:48:44: [adminsounds.smx] 0 sounds loaded
L 07/08/2020 - 16:48:46: -------- Mapchange to dod_orange_wallhack --------
L 07/08/2020 - 16:48:46: [adminsounds.smx] 0 sounds loaded
L 07/08/2020 - 16:48:52: [randomcycle.smx] RandomCycle has chosen acc_labice for the nextmap.
L 07/08/2020 - 16:55:45: [mapchooser.smx] Voting for next map has started.
L 07/08/2020 - 16:59:46: [SM] Changed map to "babyfight_arena"
L 07/08/2020 - 16:59:46: [SM] Changed map to "babyfight_arena"
L 07/08/2020 - 16:59:47: -------- Mapchange to babyfight_arena --------
L 07/08/2020 - 16:59:48: [adminsounds.smx] 0 sounds loaded
L 07/08/2020 - 16:59:50: -------- Mapchange to babyfight_arena --------
L 07/08/2020 - 16:59:50: [adminsounds.smx] 0 sounds loaded
L 07/08/2020 - 16:59:55: [randomcycle.smx] RandomCycle has chosen dod_sand_rats_2006 for the nextmap.
L 07/08/2020 - 17:06:48: [mapchooser.smx] Voting for next map has started.
L 07/08/2020 - 17:10:49: [SM] Changed map to "dod_dust2_snow_xmas"
L 07/08/2020 - 17:10:49: [SM] Changed map to "dod_dust2_snow_xmas"
L 07/08/2020 - 17:10:51: -------- Mapchange to dod_dust2_snow_xmas --------
L 07/08/2020 - 17:10:51: [adminsounds.smx] 0 sounds loaded
L 07/08/2020 - 17:10:53: -------- Mapchange to dod_dust2_snow_xmas --------
L 07/08/2020 - 17:10:53: [adminsounds.smx] 0 sounds loaded
L 07/08/2020 - 17:10:59: [randomcycle.smx] RandomCycle has chosen dod_jagd for the nextmap.
L 07/08/2020 - 17:17:52: [mapchooser.smx] Voting for next map has started.
L 07/08/2020 - 17:21:53: [SM] Changed map to "dod_monopoly_source"
L 07/08/2020 - 17:21:53: [SM] Changed map to "dod_monopoly_source"
L 07/08/2020 - 17:21:55: -------- Mapchange to dod_monopoly_source --------
L 07/08/2020 - 17:21:55: [adminsounds.smx] 0 sounds loaded
L 07/08/2020 - 17:21:57: -------- Mapchange to dod_monopoly_source --------
L 07/08/2020 - 17:21:57: [adminsounds.smx] 0 sounds loaded
L 07/08/2020 - 17:22:02: [randomcycle.smx] RandomCycle has chosen dod_orange_wallhack for the nextmap.
L 07/08/2020 - 17:28:56: [mapchooser.smx] Voting for next map has started.
L 07/08/2020 - 17:32:57: [SM] Changed map to "dod_flash"
L 07/08/2020 - 17:32:57: [SM] Changed map to "dod_flash"
L 07/08/2020 - 17:32:58: -------- Mapchange to dod_flash --------
L 07/08/2020 - 17:32:59: [adminsounds.smx] 0 sounds loaded
L 07/08/2020 - 17:33:01: -------- Mapchange to dod_flash --------
L 07/08/2020 - 17:33:01: [adminsounds.smx] 0 sounds loaded
L 07/08/2020 - 17:33:07: [randomcycle.smx] RandomCycle has chosen dod_sucette_v3 for the nextmap.
L 07/08/2020 - 17:40:00: [mapchooser.smx] Voting for next map has started.
L 07/08/2020 - 17:44:01: [SM] Changed map to "dod_deux_chateaux_final"
L 07/08/2020 - 17:44:01: [SM] Changed map to "dod_deux_chateaux_final"
L 07/08/2020 - 17:44:02: -------- Mapchange to dod_deux_chateaux_final --------
L 07/08/2020 - 17:44:02: [adminsounds.smx] 0 sounds loaded
L 07/08/2020 - 17:44:05: -------- Mapchange to dod_deux_chateaux_final --------
L 07/08/2020 - 17:44:05: [adminsounds.smx] 0 sounds loaded
L 07/08/2020 - 17:44:10: [randomcycle.smx] RandomCycle has chosen dod_rats for the nextmap.
L 07/08/2020 - 17:51:03: [mapchooser.smx] Voting for next map has started.
L 07/08/2020 - 17:55:05: [SM] Changed map to "dod_4pyramides"
L 07/08/2020 - 17:55:05: [SM] Changed map to "dod_4pyramides"
L 07/08/2020 - 17:55:06: -------- Mapchange to dod_4pyramides --------
L 07/08/2020 - 17:55:06: [adminsounds.smx] 0 sounds loaded
L 07/08/2020 - 17:55:08: -------- Mapchange to dod_4pyramides --------
L 07/08/2020 - 17:55:08: [adminsounds.smx] 0 sounds loaded
L 07/08/2020 - 17:55:14: [randomcycle.smx] RandomCycle has chosen dod_orange_damier_v2 for the nextmap.
L 07/08/2020 - 18:02:07: [mapchooser.smx] Voting for next map has started.
L 07/08/2020 - 18:06:08: [SM] Changed map to "dod_donner"
L 07/08/2020 - 18:06:08: [SM] Changed map to "dod_donner"
L 07/08/2020 - 18:06:10: -------- Mapchange to dod_donner --------
L 07/08/2020 - 18:06:10: [adminsounds.smx] 0 sounds loaded
L 07/08/2020 - 18:06:13: -------- Mapchange to dod_donner --------
L 07/08/2020 - 18:06:13: [adminsounds.smx] 0 sounds loaded
L 07/08/2020 - 18:06:19: [randomcycle.smx] RandomCycle has chosen dod_flash for the nextmap.
L 07/08/2020 - 18:13:12: [mapchooser.smx] Voting for next map has started.
L 07/08/2020 - 18:17:13: [SM] Changed map to "dod_oasis_v1a"
L 07/08/2020 - 18:17:13: [SM] Changed map to "dod_oasis_v1a"
L 07/08/2020 - 18:17:14: -------- Mapchange to dod_oasis_v1a --------
L 07/08/2020 - 18:17:14: [adminsounds.smx] 0 sounds loaded
L 07/08/2020 - 18:17:17: -------- Mapchange to dod_oasis_v1a --------
L 07/08/2020 - 18:17:17: [adminsounds.smx] 0 sounds loaded
L 07/08/2020 - 18:17:23: [randomcycle.smx] RandomCycle has chosen dod_argentan for the nextmap.
L 07/08/2020 - 18:24:16: [mapchooser.smx] Voting for next map has started.
L 07/08/2020 - 18:28:17: [SM] Changed map to "dod_argentan"
L 07/08/2020 - 18:28:17: [SM] Changed map to "dod_argentan"
L 07/08/2020 - 18:28:19: -------- Mapchange to dod_argentan --------
L 07/08/2020 - 18:28:19: [adminsounds.smx] 0 sounds loaded
L 07/08/2020 - 18:28:21: -------- Mapchange to dod_argentan --------
L 07/08/2020 - 18:28:22: [adminsounds.smx] 0 sounds loaded
L 07/08/2020 - 18:28:27: [randomcycle.smx] RandomCycle has chosen dod_oasis_v1a for the nextmap.
L 07/08/2020 - 18:35:20: [mapchooser.smx] Voting for next map has started.
L 07/08/2020 - 18:39:21: [SM] Changed map to "dod_4pyramides"
L 07/08/2020 - 18:39:21: [SM] Changed map to "dod_4pyramides"
L 07/08/2020 - 18:39:23: -------- Mapchange to dod_4pyramides --------
L 07/08/2020 - 18:39:23: [adminsounds.smx] 0 sounds loaded
L 07/08/2020 - 18:39:26: -------- Mapchange to dod_4pyramides --------
L 07/08/2020 - 18:39:26: [adminsounds.smx] 0 sounds loaded
L 07/08/2020 - 18:39:31: [randomcycle.smx] RandomCycle has chosen dod_orange_castel_evolution for the nextmap.
L 07/08/2020 - 18:46:24: [mapchooser.smx] Voting for next map has started.
L 07/08/2020 - 18:50:25: [SM] Changed map to "dod_bunky2_modified"
L 07/08/2020 - 18:50:25: [SM] Changed map to "dod_bunky2_modified"
L 07/08/2020 - 18:50:27: -------- Mapchange to dod_bunky2_modified --------
L 07/08/2020 - 18:50:27: [adminsounds.smx] 0 sounds loaded
L 07/08/2020 - 18:50:29: -------- Mapchange to dod_bunky2_modified --------
L 07/08/2020 - 18:50:29: [adminsounds.smx] 0 sounds loaded
L 07/08/2020 - 18:50:35: [randomcycle.smx] RandomCycle has chosen dod_anzio for the nextmap.
L 07/08/2020 - 18:57:28: [mapchooser.smx] Voting for next map has started.
L 07/08/2020 - 19:01:29: [SM] Changed map to "dod_football_a"
L 07/08/2020 - 19:01:29: [SM] Changed map to "dod_football_a"
L 07/08/2020 - 19:01:31: -------- Mapchange to dod_football_a --------
L 07/08/2020 - 19:01:31: [adminsounds.smx] 0 sounds loaded
L 07/08/2020 - 19:01:33: -------- Mapchange to dod_football_a --------
L 07/08/2020 - 19:01:33: [adminsounds.smx] 0 sounds loaded
L 07/08/2020 - 19:01:39: [randomcycle.smx] RandomCycle has chosen dod_solitude_rats for the nextmap.
L 07/08/2020 - 19:08:32: [mapchooser.smx] Voting for next map has started.
L 07/08/2020 - 19:12:33: [SM] Changed map to "dod_avalanche"
L 07/08/2020 - 19:12:33: [SM] Changed map to "dod_avalanche"
L 07/08/2020 - 19:12:35: -------- Mapchange to dod_avalanche --------
L 07/08/2020 - 19:12:35: [adminsounds.smx] 0 sounds loaded
L 07/08/2020 - 19:12:38: -------- Mapchange to dod_avalanche --------
L 07/08/2020 - 19:12:38: [adminsounds.smx] 0 sounds loaded
L 07/08/2020 - 19:12:44: [randomcycle.smx] RandomCycle has chosen dod_donner for the nextmap.
L 07/08/2020 - 19:19:37: [mapchooser.smx] Voting for next map has started.
L 07/08/2020 - 19:23:38: [SM] Changed map to "dod_bigbunky_v4"
L 07/08/2020 - 19:23:38: [SM] Changed map to "dod_bigbunky_v4"
L 07/08/2020 - 19:23:39: -------- Mapchange to dod_bigbunky_v4 --------
L 07/08/2020 - 19:23:39: [adminsounds.smx] 0 sounds loaded
L 07/08/2020 - 19:23:42: -------- Mapchange to dod_bigbunky_v4 --------
L 07/08/2020 - 19:23:42: [adminsounds.smx] 0 sounds loaded
L 07/08/2020 - 19:23:48: [randomcycle.smx] RandomCycle has chosen acc_labice for the nextmap.
L 07/08/2020 - 19:30:41: [mapchooser.smx] Voting for next map has started.
L 07/08/2020 - 19:34:42: [SM] Changed map to "dod_dust2_snow_xmas"
L 07/08/2020 - 19:34:42: [SM] Changed map to "dod_dust2_snow_xmas"
L 07/08/2020 - 19:34:44: -------- Mapchange to dod_dust2_snow_xmas --------
L 07/08/2020 - 19:34:44: [adminsounds.smx] 0 sounds loaded
L 07/08/2020 - 19:34:46: -------- Mapchange to dod_dust2_snow_xmas --------
L 07/08/2020 - 19:34:46: [adminsounds.smx] 0 sounds loaded
L 07/08/2020 - 19:34:52: [randomcycle.smx] RandomCycle has chosen dod_orange_sniper for the nextmap.
L 07/08/2020 - 19:41:45: [mapchooser.smx] Voting for next map has started.
L 07/08/2020 - 19:45:46: [SM] Changed map to "dod_cdc_rats_rm"
L 07/08/2020 - 19:45:46: [SM] Changed map to "dod_cdc_rats_rm"
L 07/08/2020 - 19:45:48: -------- Mapchange to dod_cdc_rats_rm --------
L 07/08/2020 - 19:45:48: [adminsounds.smx] 0 sounds loaded
L 07/08/2020 - 19:45:50: -------- Mapchange to dod_cdc_rats_rm --------
L 07/08/2020 - 19:45:50: [adminsounds.smx] 0 sounds loaded
L 07/08/2020 - 19:45:56: [randomcycle.smx] RandomCycle has chosen dod_cdc_rats_rm for the nextmap.
L 07/08/2020 - 19:52:49: [mapchooser.smx] Voting for next map has started.
L 07/08/2020 - 19:56:50: [SM] Changed map to "sniperzone"
L 07/08/2020 - 19:56:50: [SM] Changed map to "sniperzone"
L 07/08/2020 - 19:56:52: -------- Mapchange to sniperzone --------
L 07/08/2020 - 19:56:52: [adminsounds.smx] 0 sounds loaded
L 07/08/2020 - 19:56:54: -------- Mapchange to sniperzone --------
L 07/08/2020 - 19:56:54: [adminsounds.smx] 0 sounds loaded
L 07/08/2020 - 19:57:00: [randomcycle.smx] RandomCycle has chosen dod_bunky2_modified for the nextmap.
L 07/08/2020 - 20:03:53: [mapchooser.smx] Voting for next map has started.
L 07/08/2020 - 20:07:54: [SM] Changed map to "dod_sniperarena_dgs2"
L 07/08/2020 - 20:07:54: [SM] Changed map to "dod_sniperarena_dgs2"
L 07/08/2020 - 20:07:56: -------- Mapchange to dod_sniperarena_dgs2 --------
L 07/08/2020 - 20:07:56: [adminsounds.smx] 0 sounds loaded
L 07/08/2020 - 20:07:58: -------- Mapchange to dod_sniperarena_dgs2 --------
L 07/08/2020 - 20:07:58: [adminsounds.smx] 0 sounds loaded
L 07/08/2020 - 20:08:04: [randomcycle.smx] RandomCycle has chosen dod_flash for the nextmap.
L 07/08/2020 - 20:14:57: [mapchooser.smx] Voting for next map has started.
L 07/08/2020 - 20:18:58: [SM] Changed map to "dod_anzio"
L 07/08/2020 - 20:18:58: [SM] Changed map to "dod_anzio"
L 07/08/2020 - 20:19:00: -------- Mapchange to dod_anzio --------
L 07/08/2020 - 20:19:01: [adminsounds.smx] 0 sounds loaded
L 07/08/2020 - 20:19:03: -------- Mapchange to dod_anzio --------
L 07/08/2020 - 20:19:03: [adminsounds.smx] 0 sounds loaded
L 07/08/2020 - 20:19:09: [randomcycle.smx] RandomCycle has chosen dod_argentan for the nextmap.
L 07/08/2020 - 20:26:02: [mapchooser.smx] Voting for next map has started.
L 07/08/2020 - 20:30:03: [SM] Changed map to "dod_cdc_rats_rm"
L 07/08/2020 - 20:30:03: [SM] Changed map to "dod_cdc_rats_rm"
L 07/08/2020 - 20:30:05: -------- Mapchange to dod_cdc_rats_rm --------
L 07/08/2020 - 20:30:05: [adminsounds.smx] 0 sounds loaded
L 07/08/2020 - 20:30:08: -------- Mapchange to dod_cdc_rats_rm --------
L 07/08/2020 - 20:30:08: [adminsounds.smx] 0 sounds loaded
L 07/08/2020 - 20:30:13: [randomcycle.smx] RandomCycle has chosen dod_rats for the nextmap.
L 07/08/2020 - 20:37:06: [mapchooser.smx] Voting for next map has started.
L 07/08/2020 - 20:41:07: [SM] Changed map to "mario_air"
L 07/08/2020 - 20:41:08: [SM] Changed map to "mario_air"
L 07/08/2020 - 20:41:09: -------- Mapchange to mario_air --------
L 07/08/2020 - 20:41:09: [adminsounds.smx] 0 sounds loaded
L 07/08/2020 - 20:41:12: -------- Mapchange to mario_air --------
L 07/08/2020 - 20:41:12: [adminsounds.smx] 0 sounds loaded
L 07/08/2020 - 20:41:18: [randomcycle.smx] RandomCycle has chosen dod_sniper_killbox_v2 for the nextmap.
L 07/08/2020 - 20:48:11: [mapchooser.smx] Voting for next map has started.
L 07/08/2020 - 20:52:12: [SM] Changed map to "dod_sand_rats_2006"
L 07/08/2020 - 20:52:12: [SM] Changed map to "dod_sand_rats_2006"
L 07/08/2020 - 20:52:13: -------- Mapchange to dod_sand_rats_2006 --------
L 07/08/2020 - 20:52:14: [adminsounds.smx] 0 sounds loaded
L 07/08/2020 - 20:52:16: -------- Mapchange to dod_sand_rats_2006 --------
L 07/08/2020 - 20:52:16: [adminsounds.smx] 0 sounds loaded
L 07/08/2020 - 20:52:22: [randomcycle.smx] RandomCycle has chosen dod_orange_damier_v2 for the nextmap.
L 07/08/2020 - 20:59:15: [mapchooser.smx] Voting for next map has started.
L 07/08/2020 - 21:03:16: [SM] Changed map to "dod_beer_circus"
L 07/08/2020 - 21:03:16: [SM] Changed map to "dod_beer_circus"
L 07/08/2020 - 21:03:26: -------- Mapchange to dod_beer_circus --------
L 07/08/2020 - 21:03:26: [adminsounds.smx] 0 sounds loaded
L 07/08/2020 - 21:03:37: -------- Mapchange to dod_beer_circus --------
L 07/08/2020 - 21:03:37: [adminsounds.smx] 0 sounds loaded
L 07/08/2020 - 21:03:43: [randomcycle.smx] RandomCycle has chosen dod_orange_castel_evolution for the nextmap.
L 07/08/2020 - 21:10:36: [mapchooser.smx] Voting for next map has started.
L 07/08/2020 - 21:14:37: [SM] Changed map to "dod_sniperarena_dgs2"
L 07/08/2020 - 21:14:37: [SM] Changed map to "dod_sniperarena_dgs2"
L 07/08/2020 - 21:14:38: -------- Mapchange to dod_sniperarena_dgs2 --------
L 07/08/2020 - 21:14:39: [adminsounds.smx] 0 sounds loaded
L 07/08/2020 - 21:14:41: -------- Mapchange to dod_sniperarena_dgs2 --------
L 07/08/2020 - 21:14:41: [adminsounds.smx] 0 sounds loaded
L 07/08/2020 - 21:14:47: [randomcycle.smx] RandomCycle has chosen dod_football_a for the nextmap.
L 07/08/2020 - 21:21:40: [mapchooser.smx] Voting for next map has started.
L 07/08/2020 - 21:25:41: [SM] Changed map to "dod_4pyramides"
L 07/08/2020 - 21:25:41: [SM] Changed map to "dod_4pyramides"
L 07/08/2020 - 21:25:43: -------- Mapchange to dod_4pyramides --------
L 07/08/2020 - 21:25:43: [adminsounds.smx] 0 sounds loaded
L 07/08/2020 - 21:25:46: -------- Mapchange to dod_4pyramides --------
L 07/08/2020 - 21:25:46: [adminsounds.smx] 0 sounds loaded
L 07/08/2020 - 21:25:51: [randomcycle.smx] RandomCycle has chosen dod_deux_chateaux_final for the nextmap.
L 07/08/2020 - 21:32:44: [mapchooser.smx] Voting for next map has started.
L 07/08/2020 - 21:36:46: [SM] Changed map to "dod_orange_damier_v2"
L 07/08/2020 - 21:36:46: [SM] Changed map to "dod_orange_damier_v2"
L 07/08/2020 - 21:36:47: -------- Mapchange to dod_orange_damier_v2 --------
L 07/08/2020 - 21:36:47: [adminsounds.smx] 0 sounds loaded
L 07/08/2020 - 21:36:50: -------- Mapchange to dod_orange_damier_v2 --------
L 07/08/2020 - 21:36:50: [adminsounds.smx] 0 sounds loaded
L 07/08/2020 - 21:36:56: [randomcycle.smx] RandomCycle has chosen dod_chocolate_fight_arena for the nextmap.
L 07/08/2020 - 21:43:49: [mapchooser.smx] Voting for next map has started.
L 07/08/2020 - 21:47:50: [SM] Changed map to "dod_iceworld_final_[bds]_doc"
L 07/08/2020 - 21:47:50: [SM] Changed map to "dod_iceworld_final_[bds]_doc"
L 07/08/2020 - 21:47:51: -------- Mapchange to dod_iceworld_final_[bds]_doc --------
L 07/08/2020 - 21:47:52: [adminsounds.smx] 0 sounds loaded
L 07/08/2020 - 21:47:54: -------- Mapchange to dod_iceworld_final_[bds]_doc --------
L 07/08/2020 - 21:47:54: [adminsounds.smx] 0 sounds loaded
L 07/08/2020 - 21:48:00: [randomcycle.smx] RandomCycle has chosen dod_colmar for the nextmap.
L 07/08/2020 - 21:54:53: [mapchooser.smx] Voting for next map has started.
L 07/08/2020 - 21:58:54: [SM] Changed map to "dod_orange_castel_evolution"
L 07/08/2020 - 21:58:54: [SM] Changed map to "dod_orange_castel_evolution"
L 07/08/2020 - 21:58:56: -------- Mapchange to dod_orange_castel_evolution --------
L 07/08/2020 - 21:58:56: [adminsounds.smx] 0 sounds loaded
L 07/08/2020 - 21:58:58: -------- Mapchange to dod_orange_castel_evolution --------
L 07/08/2020 - 21:58:58: [adminsounds.smx] 0 sounds loaded
L 07/08/2020 - 21:59:04: [randomcycle.smx] RandomCycle has chosen dod_murky_p2 for the nextmap.
L 07/08/2020 - 22:05:57: [mapchooser.smx] Voting for next map has started.
L 07/08/2020 - 22:09:58: [SM] Changed map to "dod_risk_b9"
L 07/08/2020 - 22:09:58: [SM] Changed map to "dod_risk_b9"
L 07/08/2020 - 22:10:01: -------- Mapchange to dod_risk_b9 --------
L 07/08/2020 - 22:10:02: [adminsounds.smx] 0 sounds loaded
L 07/08/2020 - 22:10:06: -------- Mapchange to dod_risk_b9 --------
L 07/08/2020 - 22:10:06: [adminsounds.smx] 0 sounds loaded
L 07/08/2020 - 22:10:12: [randomcycle.smx] RandomCycle has chosen dod_4pyramides for the nextmap.
L 07/08/2020 - 22:17:05: [mapchooser.smx] Voting for next map has started.
L 07/08/2020 - 22:21:06: [SM] Changed map to "dod_mousekitchen_ed"
L 07/08/2020 - 22:21:06: [SM] Changed map to "dod_mousekitchen_ed"
L 07/08/2020 - 22:21:07: -------- Mapchange to dod_mousekitchen_ed --------
L 07/08/2020 - 22:21:07: [adminsounds.smx] 0 sounds loaded
L 07/08/2020 - 22:21:10: -------- Mapchange to dod_mousekitchen_ed --------
L 07/08/2020 - 22:21:10: [adminsounds.smx] 0 sounds loaded
L 07/08/2020 - 22:21:16: [randomcycle.smx] RandomCycle has chosen dod_sniper_wars_beta for the nextmap.
L 07/08/2020 - 22:28:09: [mapchooser.smx] Voting for next map has started.
L 07/08/2020 - 22:32:10: [SM] Changed map to "dod_avalanche"
L 07/08/2020 - 22:32:10: [SM] Changed map to "dod_avalanche"
L 07/08/2020 - 22:32:12: -------- Mapchange to dod_avalanche --------
L 07/08/2020 - 22:32:12: [adminsounds.smx] 0 sounds loaded
L 07/08/2020 - 22:32:15: -------- Mapchange to dod_avalanche --------
L 07/08/2020 - 22:32:15: [adminsounds.smx] 0 sounds loaded
L 07/08/2020 - 22:32:21: [randomcycle.smx] RandomCycle has chosen dod_rats for the nextmap.
L 07/08/2020 - 22:39:14: [mapchooser.smx] Voting for next map has started.
L 07/08/2020 - 22:43:15: [SM] Changed map to "dod_sniper_wars_beta"
L 07/08/2020 - 22:43:15: [SM] Changed map to "dod_sniper_wars_beta"
L 07/08/2020 - 22:43:17: -------- Mapchange to dod_sniper_wars_beta --------
L 07/08/2020 - 22:43:17: [adminsounds.smx] 0 sounds loaded
L 07/08/2020 - 22:43:20: -------- Mapchange to dod_sniper_wars_beta --------
L 07/08/2020 - 22:43:20: [adminsounds.smx] 0 sounds loaded
L 07/08/2020 - 22:43:26: [randomcycle.smx] RandomCycle has chosen dod_sewer_rats_b1 for the nextmap.
L 07/08/2020 - 22:50:19: [mapchooser.smx] Voting for next map has started.
L 07/08/2020 - 22:54:20: [SM] Changed map to "dod_flash"
L 07/08/2020 - 22:54:20: [SM] Changed map to "dod_flash"
L 07/08/2020 - 22:54:22: -------- Mapchange to dod_flash --------
L 07/08/2020 - 22:54:22: [adminsounds.smx] 0 sounds loaded
L 07/08/2020 - 22:54:25: -------- Mapchange to dod_flash --------
L 07/08/2020 - 22:54:25: [adminsounds.smx] 0 sounds loaded
L 07/08/2020 - 22:54:31: [randomcycle.smx] RandomCycle has chosen dod_orange_damier_v2 for the nextmap.
L 07/08/2020 - 23:01:24: [mapchooser.smx] Voting for next map has started.
L 07/08/2020 - 23:05:25: [SM] Changed map to "dod_deux_chateaux_final"
L 07/08/2020 - 23:05:25: [SM] Changed map to "dod_deux_chateaux_final"
L 07/08/2020 - 23:05:27: -------- Mapchange to dod_deux_chateaux_final --------
L 07/08/2020 - 23:05:27: [adminsounds.smx] 0 sounds loaded
L 07/08/2020 - 23:05:29: -------- Mapchange to dod_deux_chateaux_final --------
L 07/08/2020 - 23:05:30: [adminsounds.smx] 0 sounds loaded
L 07/08/2020 - 23:05:35: [randomcycle.smx] RandomCycle has chosen dod_avalanche@night for the nextmap.
L 07/08/2020 - 23:12:28: [mapchooser.smx] Voting for next map has started.
L 07/08/2020 - 23:16:29: [SM] Changed map to "dod_orange_damier_v2"
L 07/08/2020 - 23:16:29: [SM] Changed map to "dod_orange_damier_v2"
L 07/08/2020 - 23:16:31: -------- Mapchange to dod_orange_damier_v2 --------
L 07/08/2020 - 23:16:31: [adminsounds.smx] 0 sounds loaded
L 07/08/2020 - 23:16:34: -------- Mapchange to dod_orange_damier_v2 --------
L 07/08/2020 - 23:16:34: [adminsounds.smx] 0 sounds loaded
L 07/08/2020 - 23:16:40: [randomcycle.smx] RandomCycle has chosen dod_sucette_v3 for the nextmap.
L 07/08/2020 - 23:23:33: [mapchooser.smx] Voting for next map has started.
L 07/08/2020 - 23:27:34: [SM] Changed map to "dod_murky_p2"
L 07/08/2020 - 23:27:34: [SM] Changed map to "dod_murky_p2"
L 07/08/2020 - 23:27:36: -------- Mapchange to dod_murky_p2 --------
L 07/08/2020 - 23:27:36: [adminsounds.smx] 0 sounds loaded
L 07/08/2020 - 23:27:38: -------- Mapchange to dod_murky_p2 --------
L 07/08/2020 - 23:27:38: [adminsounds.smx] 0 sounds loaded
L 07/08/2020 - 23:27:44: [randomcycle.smx] RandomCycle has chosen dod_orange_castel_evolution for the nextmap.
L 07/08/2020 - 23:34:37: [mapchooser.smx] Voting for next map has started.
L 07/08/2020 - 23:38:38: [SM] Changed map to "dod_dli_football_b1"
L 07/08/2020 - 23:38:38: [SM] Changed map to "dod_dli_football_b1"
L 07/08/2020 - 23:38:40: -------- Mapchange to dod_dli_football_b1 --------
L 07/08/2020 - 23:38:40: [adminsounds.smx] 0 sounds loaded
L 07/08/2020 - 23:38:43: -------- Mapchange to dod_dli_football_b1 --------
L 07/08/2020 - 23:38:43: [adminsounds.smx] 0 sounds loaded
L 07/08/2020 - 23:38:49: [randomcycle.smx] RandomCycle has chosen dod_dust2_snow_xmas for the nextmap.
L 07/08/2020 - 23:45:42: [mapchooser.smx] Voting for next map has started.
L 07/08/2020 - 23:49:43: [SM] Changed map to "dod_mousekitchen_ed"
L 07/08/2020 - 23:49:43: [SM] Changed map to "dod_mousekitchen_ed"
L 07/08/2020 - 23:49:45: -------- Mapchange to dod_mousekitchen_ed --------
L 07/08/2020 - 23:49:45: [adminsounds.smx] 0 sounds loaded
L 07/08/2020 - 23:49:48: -------- Mapchange to dod_mousekitchen_ed --------
L 07/08/2020 - 23:49:48: [adminsounds.smx] 0 sounds loaded
L 07/08/2020 - 23:49:54: [randomcycle.smx] RandomCycle has chosen dod_kalt for the nextmap.
L 07/08/2020 - 23:56:47: [mapchooser.smx] Voting for next map has started.
L 07/09/2020 - 00:00:48: Log file closed.
