L 07/11/2020 - 00:03:42: SourceMod log file session started (file "/home/srvdod/srcds/dod_s/dod/addons/sourcemod/logs/L20200711.log") (Version "1.10.0.6490")
L 07/11/2020 - 00:03:42: [mapchooser.smx] Voting for next map has started.
L 07/11/2020 - 00:04:36: [adminsounds.smx] "B0UL3T___0N3<9><[U:1:37484034]><>" launch the sound sons - "Benny Hill"
L 07/11/2020 - 00:04:54: [adminsounds.smx] "B0UL3T___0N3<9><[U:1:37484034]><>" launch the sound sons - "MECREANT!!!"
L 07/11/2020 - 00:05:27: [adminsounds.smx] "B0UL3T___0N3<9><[U:1:37484034]><>" launch the sound sons - "Poli Bonjour"
L 07/11/2020 - 00:05:53: [adminsounds.smx] "B0UL3T___0N3<9><[U:1:37484034]><>" launch the sound sons - "MECREANT!!!"
L 07/11/2020 - 00:06:18: [adminsounds.smx] "B0UL3T___0N3<9><[U:1:37484034]><>" launch the sound sons - "Feel Good"
L 07/11/2020 - 00:07:43: [SM] Changed map to "dod_mousekitchen_ed"
L 07/11/2020 - 00:07:43: [SM] Changed map to "dod_mousekitchen_ed"
L 07/11/2020 - 00:07:44: -------- Mapchange to dod_mousekitchen_ed --------
L 07/11/2020 - 00:07:44: [adminsounds.smx] 62 sounds loaded
L 07/11/2020 - 00:07:44: -------- Mapchange to dod_mousekitchen_ed --------
L 07/11/2020 - 00:07:45: [adminsounds.smx] 62 sounds loaded
L 07/11/2020 - 00:07:49: [randomcycle.smx] RandomCycle has chosen dod_orange_cancrelats for the nextmap.
L 07/11/2020 - 00:14:42: [mapchooser.smx] Voting for next map has started.
L 07/11/2020 - 00:18:44: [SM] Changed map to "dod_iceworld_final_[bds]_doc"
L 07/11/2020 - 00:18:44: [SM] Changed map to "dod_iceworld_final_[bds]_doc"
L 07/11/2020 - 00:18:44: -------- Mapchange to dod_iceworld_final_[bds]_doc --------
L 07/11/2020 - 00:18:44: [adminsounds.smx] 62 sounds loaded
L 07/11/2020 - 00:18:45: -------- Mapchange to dod_iceworld_final_[bds]_doc --------
L 07/11/2020 - 00:18:45: [adminsounds.smx] 62 sounds loaded
L 07/11/2020 - 00:18:50: [randomcycle.smx] RandomCycle has chosen dod_monopoly_source for the nextmap.
L 07/11/2020 - 00:25:43: [mapchooser.smx] Voting for next map has started.
L 07/11/2020 - 00:29:44: [SM] Changed map to "dod_aimap_b1"
L 07/11/2020 - 00:29:44: [SM] Changed map to "dod_aimap_b1"
L 07/11/2020 - 00:29:45: -------- Mapchange to dod_aimap_b1 --------
L 07/11/2020 - 00:29:45: [adminsounds.smx] 62 sounds loaded
L 07/11/2020 - 00:29:46: -------- Mapchange to dod_aimap_b1 --------
L 07/11/2020 - 00:29:46: [adminsounds.smx] 62 sounds loaded
L 07/11/2020 - 00:29:51: [randomcycle.smx] RandomCycle has chosen dod_argentan for the nextmap.
L 07/11/2020 - 00:36:44: [mapchooser.smx] Voting for next map has started.
L 07/11/2020 - 00:40:45: [SM] Changed map to "dod_argentan"
L 07/11/2020 - 00:40:45: [SM] Changed map to "dod_argentan"
L 07/11/2020 - 00:40:46: -------- Mapchange to dod_argentan --------
L 07/11/2020 - 00:40:46: [adminsounds.smx] 62 sounds loaded
L 07/11/2020 - 00:40:47: -------- Mapchange to dod_argentan --------
L 07/11/2020 - 00:40:47: [adminsounds.smx] 62 sounds loaded
L 07/11/2020 - 00:40:52: [randomcycle.smx] RandomCycle has chosen dod_bigbunky_v4 for the nextmap.
L 07/11/2020 - 00:47:45: [mapchooser.smx] Voting for next map has started.
L 07/11/2020 - 00:51:46: [SM] Changed map to "dod_orange_damier_v2"
L 07/11/2020 - 00:51:46: [SM] Changed map to "dod_orange_damier_v2"
L 07/11/2020 - 00:51:47: -------- Mapchange to dod_orange_damier_v2 --------
L 07/11/2020 - 00:51:47: [adminsounds.smx] 62 sounds loaded
L 07/11/2020 - 00:51:48: -------- Mapchange to dod_orange_damier_v2 --------
L 07/11/2020 - 00:51:48: [adminsounds.smx] 62 sounds loaded
L 07/11/2020 - 00:51:53: [randomcycle.smx] RandomCycle has chosen babyfight_arena for the nextmap.
L 07/11/2020 - 00:58:46: [mapchooser.smx] Voting for next map has started.
L 07/11/2020 - 01:02:47: [SM] Changed map to "dod_bigbunky_v4"
L 07/11/2020 - 01:02:47: [SM] Changed map to "dod_bigbunky_v4"
L 07/11/2020 - 01:02:48: -------- Mapchange to dod_bigbunky_v4 --------
L 07/11/2020 - 01:02:48: [adminsounds.smx] 62 sounds loaded
L 07/11/2020 - 01:02:49: -------- Mapchange to dod_bigbunky_v4 --------
L 07/11/2020 - 01:02:49: [adminsounds.smx] 62 sounds loaded
L 07/11/2020 - 01:02:54: [randomcycle.smx] RandomCycle has chosen dod_risk_b9 for the nextmap.
L 07/11/2020 - 01:09:47: [mapchooser.smx] Voting for next map has started.
L 07/11/2020 - 01:13:48: [SM] Changed map to "dod_sand_rats_2006"
L 07/11/2020 - 01:13:48: [SM] Changed map to "dod_sand_rats_2006"
L 07/11/2020 - 01:13:49: -------- Mapchange to dod_sand_rats_2006 --------
L 07/11/2020 - 01:13:49: [adminsounds.smx] 62 sounds loaded
L 07/11/2020 - 01:13:50: -------- Mapchange to dod_sand_rats_2006 --------
L 07/11/2020 - 01:13:50: [adminsounds.smx] 62 sounds loaded
L 07/11/2020 - 01:13:55: [randomcycle.smx] RandomCycle has chosen dod_beer_circus for the nextmap.
L 07/11/2020 - 01:20:48: [mapchooser.smx] Voting for next map has started.
L 07/11/2020 - 01:24:49: [SM] Changed map to "dod_sniperarena_dgs2"
L 07/11/2020 - 01:24:49: [SM] Changed map to "dod_sniperarena_dgs2"
L 07/11/2020 - 01:24:50: -------- Mapchange to dod_sniperarena_dgs2 --------
L 07/11/2020 - 01:24:50: [adminsounds.smx] 62 sounds loaded
L 07/11/2020 - 01:24:51: -------- Mapchange to dod_sniperarena_dgs2 --------
L 07/11/2020 - 01:24:51: [adminsounds.smx] 62 sounds loaded
L 07/11/2020 - 01:24:56: [randomcycle.smx] RandomCycle has chosen dod_sand_rats_2006 for the nextmap.
L 07/11/2020 - 01:31:49: [mapchooser.smx] Voting for next map has started.
L 07/11/2020 - 01:35:50: [SM] Changed map to "dod_4pyramides"
L 07/11/2020 - 01:35:50: [SM] Changed map to "dod_4pyramides"
L 07/11/2020 - 01:35:51: -------- Mapchange to dod_4pyramides --------
L 07/11/2020 - 01:35:51: [adminsounds.smx] 62 sounds loaded
L 07/11/2020 - 01:35:52: -------- Mapchange to dod_4pyramides --------
L 07/11/2020 - 01:35:52: [adminsounds.smx] 62 sounds loaded
L 07/11/2020 - 01:35:57: [randomcycle.smx] RandomCycle has chosen dod_orange_wallhack for the nextmap.
L 07/11/2020 - 01:42:50: [mapchooser.smx] Voting for next map has started.
L 07/11/2020 - 01:46:51: [SM] Changed map to "babyfight_arena"
L 07/11/2020 - 01:46:51: [SM] Changed map to "babyfight_arena"
L 07/11/2020 - 01:46:52: -------- Mapchange to babyfight_arena --------
L 07/11/2020 - 01:46:52: [adminsounds.smx] 62 sounds loaded
L 07/11/2020 - 01:46:53: -------- Mapchange to babyfight_arena --------
L 07/11/2020 - 01:46:53: [adminsounds.smx] 62 sounds loaded
L 07/11/2020 - 01:46:58: [randomcycle.smx] RandomCycle has chosen dod_sniper_wars_beta for the nextmap.
L 07/11/2020 - 01:53:51: [mapchooser.smx] Voting for next map has started.
L 07/11/2020 - 01:57:52: [SM] Changed map to "dod_anzio"
L 07/11/2020 - 01:57:52: [SM] Changed map to "dod_anzio"
L 07/11/2020 - 01:57:53: -------- Mapchange to dod_anzio --------
L 07/11/2020 - 01:57:53: [adminsounds.smx] 62 sounds loaded
L 07/11/2020 - 01:57:54: -------- Mapchange to dod_anzio --------
L 07/11/2020 - 01:57:55: [adminsounds.smx] 62 sounds loaded
L 07/11/2020 - 01:58:00: [randomcycle.smx] RandomCycle has chosen dod_anzio for the nextmap.
L 07/11/2020 - 02:04:53: [mapchooser.smx] Voting for next map has started.
L 07/11/2020 - 02:08:54: [SM] Changed map to "dod_sniperarena_dgs2"
L 07/11/2020 - 02:08:54: [SM] Changed map to "dod_sniperarena_dgs2"
L 07/11/2020 - 02:08:55: -------- Mapchange to dod_sniperarena_dgs2 --------
L 07/11/2020 - 02:08:55: [adminsounds.smx] 62 sounds loaded
L 07/11/2020 - 02:08:56: -------- Mapchange to dod_sniperarena_dgs2 --------
L 07/11/2020 - 02:08:56: [adminsounds.smx] 62 sounds loaded
L 07/11/2020 - 02:09:01: [randomcycle.smx] RandomCycle has chosen mario_air for the nextmap.
L 07/11/2020 - 02:15:54: [mapchooser.smx] Voting for next map has started.
L 07/11/2020 - 02:19:55: [SM] Changed map to "dod_aimap_b1"
L 07/11/2020 - 02:19:55: [SM] Changed map to "dod_aimap_b1"
L 07/11/2020 - 02:19:55: -------- Mapchange to dod_aimap_b1 --------
L 07/11/2020 - 02:19:55: [adminsounds.smx] 62 sounds loaded
L 07/11/2020 - 02:19:56: -------- Mapchange to dod_aimap_b1 --------
L 07/11/2020 - 02:19:56: [adminsounds.smx] 62 sounds loaded
L 07/11/2020 - 02:20:01: [randomcycle.smx] RandomCycle has chosen dod_chocolate_fight_arena for the nextmap.
L 07/11/2020 - 02:26:54: [mapchooser.smx] Voting for next map has started.
L 07/11/2020 - 02:30:55: [SM] Changed map to "acc_labice"
L 07/11/2020 - 02:30:55: [SM] Changed map to "acc_labice"
L 07/11/2020 - 02:30:56: -------- Mapchange to acc_labice --------
L 07/11/2020 - 02:30:56: [adminsounds.smx] 62 sounds loaded
L 07/11/2020 - 02:30:57: -------- Mapchange to acc_labice --------
L 07/11/2020 - 02:30:57: [adminsounds.smx] 62 sounds loaded
L 07/11/2020 - 02:31:03: [randomcycle.smx] RandomCycle has chosen dod_orange_damier_v2 for the nextmap.
L 07/11/2020 - 02:37:56: [mapchooser.smx] Voting for next map has started.
L 07/11/2020 - 02:41:57: [SM] Changed map to "dod_anzio"
L 07/11/2020 - 02:41:57: [SM] Changed map to "dod_anzio"
L 07/11/2020 - 02:41:58: -------- Mapchange to dod_anzio --------
L 07/11/2020 - 02:41:58: [adminsounds.smx] 62 sounds loaded
L 07/11/2020 - 02:41:59: -------- Mapchange to dod_anzio --------
L 07/11/2020 - 02:42:00: [adminsounds.smx] 62 sounds loaded
L 07/11/2020 - 02:42:05: [randomcycle.smx] RandomCycle has chosen sniperzone for the nextmap.
L 07/11/2020 - 02:48:58: [mapchooser.smx] Voting for next map has started.
L 07/11/2020 - 02:52:59: [SM] Changed map to "sniperzone"
L 07/11/2020 - 02:52:59: [SM] Changed map to "sniperzone"
L 07/11/2020 - 02:53:00: -------- Mapchange to sniperzone --------
L 07/11/2020 - 02:53:00: [adminsounds.smx] 62 sounds loaded
L 07/11/2020 - 02:53:01: -------- Mapchange to sniperzone --------
L 07/11/2020 - 02:53:01: [adminsounds.smx] 62 sounds loaded
L 07/11/2020 - 02:53:06: [randomcycle.smx] RandomCycle has chosen dod_mousekitchen_ed for the nextmap.
L 07/11/2020 - 02:59:59: [mapchooser.smx] Voting for next map has started.
L 07/11/2020 - 03:04:00: [SM] Changed map to "dod_sand_rats_2006"
L 07/11/2020 - 03:04:00: [SM] Changed map to "dod_sand_rats_2006"
L 07/11/2020 - 03:04:01: -------- Mapchange to dod_sand_rats_2006 --------
L 07/11/2020 - 03:04:01: [adminsounds.smx] 62 sounds loaded
L 07/11/2020 - 03:04:02: -------- Mapchange to dod_sand_rats_2006 --------
L 07/11/2020 - 03:04:02: [adminsounds.smx] 62 sounds loaded
L 07/11/2020 - 03:04:07: [randomcycle.smx] RandomCycle has chosen dod_colmar for the nextmap.
L 07/11/2020 - 03:11:01: [mapchooser.smx] Voting for next map has started.
L 07/11/2020 - 03:15:02: [SM] Changed map to "dod_oasis_v1a"
L 07/11/2020 - 03:15:02: [SM] Changed map to "dod_oasis_v1a"
L 07/11/2020 - 03:15:03: -------- Mapchange to dod_oasis_v1a --------
L 07/11/2020 - 03:15:03: [adminsounds.smx] 62 sounds loaded
L 07/11/2020 - 03:15:04: -------- Mapchange to dod_oasis_v1a --------
L 07/11/2020 - 03:15:04: [adminsounds.smx] 62 sounds loaded
L 07/11/2020 - 03:15:09: [randomcycle.smx] RandomCycle has chosen dod_bigbunky_v4 for the nextmap.
L 07/11/2020 - 03:22:02: [mapchooser.smx] Voting for next map has started.
L 07/11/2020 - 03:26:03: [SM] Changed map to "dod_avalanche"
L 07/11/2020 - 03:26:03: [SM] Changed map to "dod_avalanche"
L 07/11/2020 - 03:26:04: -------- Mapchange to dod_avalanche --------
L 07/11/2020 - 03:26:05: [adminsounds.smx] 62 sounds loaded
L 07/11/2020 - 03:26:06: -------- Mapchange to dod_avalanche --------
L 07/11/2020 - 03:26:06: [adminsounds.smx] 62 sounds loaded
L 07/11/2020 - 03:26:11: [randomcycle.smx] RandomCycle has chosen dod_sucette_v3 for the nextmap.
L 07/11/2020 - 03:33:04: [mapchooser.smx] Voting for next map has started.
L 07/11/2020 - 03:37:05: [SM] Changed map to "dod_sucette_v3"
L 07/11/2020 - 03:37:05: [SM] Changed map to "dod_sucette_v3"
L 07/11/2020 - 03:37:06: -------- Mapchange to dod_sucette_v3 --------
L 07/11/2020 - 03:37:06: [adminsounds.smx] 62 sounds loaded
L 07/11/2020 - 03:37:07: -------- Mapchange to dod_sucette_v3 --------
L 07/11/2020 - 03:37:07: [adminsounds.smx] 62 sounds loaded
L 07/11/2020 - 03:37:12: [randomcycle.smx] RandomCycle has chosen dod_orange_cancrelats for the nextmap.
L 07/11/2020 - 03:44:05: [mapchooser.smx] Voting for next map has started.
L 07/11/2020 - 03:48:06: [SM] Changed map to "dod_risk_b9"
L 07/11/2020 - 03:48:06: [SM] Changed map to "dod_risk_b9"
L 07/11/2020 - 03:48:09: -------- Mapchange to dod_risk_b9 --------
L 07/11/2020 - 03:48:09: [adminsounds.smx] 62 sounds loaded
L 07/11/2020 - 03:48:11: -------- Mapchange to dod_risk_b9 --------
L 07/11/2020 - 03:48:12: [adminsounds.smx] 62 sounds loaded
L 07/11/2020 - 03:48:17: [randomcycle.smx] RandomCycle has chosen acc_labice for the nextmap.
L 07/11/2020 - 03:55:10: [mapchooser.smx] Voting for next map has started.
L 07/11/2020 - 03:59:11: [SM] Changed map to "dod_legoland_b2"
L 07/11/2020 - 03:59:11: [SM] Changed map to "dod_legoland_b2"
L 07/11/2020 - 03:59:12: -------- Mapchange to dod_legoland_b2 --------
L 07/11/2020 - 03:59:12: [adminsounds.smx] 62 sounds loaded
L 07/11/2020 - 03:59:13: -------- Mapchange to dod_legoland_b2 --------
L 07/11/2020 - 03:59:13: [adminsounds.smx] 62 sounds loaded
L 07/11/2020 - 03:59:18: [randomcycle.smx] RandomCycle has chosen dod_sniper_killbox_v2 for the nextmap.
L 07/11/2020 - 04:06:11: [mapchooser.smx] Voting for next map has started.
L 07/11/2020 - 04:10:12: [SM] Changed map to "dod_4pyramides"
L 07/11/2020 - 04:10:12: [SM] Changed map to "dod_4pyramides"
L 07/11/2020 - 04:10:13: -------- Mapchange to dod_4pyramides --------
L 07/11/2020 - 04:10:13: [adminsounds.smx] 62 sounds loaded
L 07/11/2020 - 04:10:14: -------- Mapchange to dod_4pyramides --------
L 07/11/2020 - 04:10:14: [adminsounds.smx] 62 sounds loaded
L 07/11/2020 - 04:10:19: [randomcycle.smx] RandomCycle has chosen babyfight_arena for the nextmap.
L 07/11/2020 - 04:17:12: [mapchooser.smx] Voting for next map has started.
L 07/11/2020 - 04:21:13: [SM] Changed map to "dod_dli_football_b1"
L 07/11/2020 - 04:21:13: [SM] Changed map to "dod_dli_football_b1"
L 07/11/2020 - 04:21:14: -------- Mapchange to dod_dli_football_b1 --------
L 07/11/2020 - 04:21:14: [adminsounds.smx] 62 sounds loaded
L 07/11/2020 - 04:21:15: -------- Mapchange to dod_dli_football_b1 --------
L 07/11/2020 - 04:21:16: [adminsounds.smx] 62 sounds loaded
L 07/11/2020 - 04:21:21: [randomcycle.smx] RandomCycle has chosen dod_risk_b9 for the nextmap.
L 07/11/2020 - 04:28:14: [mapchooser.smx] Voting for next map has started.
L 07/11/2020 - 04:32:15: [SM] Changed map to "dod_rats"
L 07/11/2020 - 04:32:15: [SM] Changed map to "dod_rats"
L 07/11/2020 - 04:32:16: -------- Mapchange to dod_rats --------
L 07/11/2020 - 04:32:16: [adminsounds.smx] 62 sounds loaded
L 07/11/2020 - 04:32:17: -------- Mapchange to dod_rats --------
L 07/11/2020 - 04:32:17: [adminsounds.smx] 62 sounds loaded
L 07/11/2020 - 04:32:22: [randomcycle.smx] RandomCycle has chosen dod_sniper_wars_beta for the nextmap.
L 07/11/2020 - 04:39:15: [mapchooser.smx] Voting for next map has started.
L 07/11/2020 - 04:43:16: [SM] Changed map to "dod_deux_chateaux_final"
L 07/11/2020 - 04:43:16: [SM] Changed map to "dod_deux_chateaux_final"
L 07/11/2020 - 04:43:17: -------- Mapchange to dod_deux_chateaux_final --------
L 07/11/2020 - 04:43:17: [adminsounds.smx] 62 sounds loaded
L 07/11/2020 - 04:43:19: -------- Mapchange to dod_deux_chateaux_final --------
L 07/11/2020 - 04:43:19: [adminsounds.smx] 62 sounds loaded
L 07/11/2020 - 04:43:24: [randomcycle.smx] RandomCycle has chosen dod_4pyramides for the nextmap.
L 07/11/2020 - 04:50:17: [mapchooser.smx] Voting for next map has started.
L 07/11/2020 - 04:54:18: [SM] Changed map to "dod_beer_circus"
L 07/11/2020 - 04:54:18: [SM] Changed map to "dod_beer_circus"
L 07/11/2020 - 04:54:27: -------- Mapchange to dod_beer_circus --------
L 07/11/2020 - 04:54:27: [adminsounds.smx] 62 sounds loaded
L 07/11/2020 - 04:54:36: -------- Mapchange to dod_beer_circus --------
L 07/11/2020 - 04:54:36: [adminsounds.smx] 62 sounds loaded
L 07/11/2020 - 04:54:41: [randomcycle.smx] RandomCycle has chosen dod_orange_bridges for the nextmap.
L 07/11/2020 - 05:01:34: [mapchooser.smx] Voting for next map has started.
L 07/11/2020 - 05:05:35: [SM] Changed map to "mario_air"
L 07/11/2020 - 05:05:35: [SM] Changed map to "mario_air"
L 07/11/2020 - 05:05:36: -------- Mapchange to mario_air --------
L 07/11/2020 - 05:05:36: [adminsounds.smx] 62 sounds loaded
L 07/11/2020 - 05:05:38: -------- Mapchange to mario_air --------
L 07/11/2020 - 05:05:38: [adminsounds.smx] 62 sounds loaded
L 07/11/2020 - 05:05:43: [randomcycle.smx] RandomCycle has chosen dod_oasis_v1a for the nextmap.
L 07/11/2020 - 05:12:36: [mapchooser.smx] Voting for next map has started.
L 07/11/2020 - 05:16:37: [SM] Changed map to "dod_sniperarena_dgs2"
L 07/11/2020 - 05:16:37: [SM] Changed map to "dod_sniperarena_dgs2"
L 07/11/2020 - 05:16:38: -------- Mapchange to dod_sniperarena_dgs2 --------
L 07/11/2020 - 05:16:38: [adminsounds.smx] 62 sounds loaded
L 07/11/2020 - 05:16:39: -------- Mapchange to dod_sniperarena_dgs2 --------
L 07/11/2020 - 05:16:39: [adminsounds.smx] 62 sounds loaded
L 07/11/2020 - 05:16:45: [randomcycle.smx] RandomCycle has chosen dod_deux_chateaux_final for the nextmap.
L 07/11/2020 - 05:23:38: [mapchooser.smx] Voting for next map has started.
L 07/11/2020 - 05:27:39: [SM] Changed map to "dod_jagd"
L 07/11/2020 - 05:27:39: [SM] Changed map to "dod_jagd"
L 07/11/2020 - 05:27:41: -------- Mapchange to dod_jagd --------
L 07/11/2020 - 05:27:41: [adminsounds.smx] 62 sounds loaded
L 07/11/2020 - 05:27:43: -------- Mapchange to dod_jagd --------
L 07/11/2020 - 05:27:43: [adminsounds.smx] 62 sounds loaded
L 07/11/2020 - 05:27:49: [randomcycle.smx] RandomCycle has chosen dod_bigbunky_v4 for the nextmap.
L 07/11/2020 - 05:34:42: [mapchooser.smx] Voting for next map has started.
L 07/11/2020 - 05:38:43: [SM] Changed map to "dod_solitude_rats"
L 07/11/2020 - 05:38:43: [SM] Changed map to "dod_solitude_rats"
L 07/11/2020 - 05:38:44: -------- Mapchange to dod_solitude_rats --------
L 07/11/2020 - 05:38:44: [adminsounds.smx] 62 sounds loaded
L 07/11/2020 - 05:38:45: -------- Mapchange to dod_solitude_rats --------
L 07/11/2020 - 05:38:45: [adminsounds.smx] 62 sounds loaded
L 07/11/2020 - 05:38:50: [randomcycle.smx] RandomCycle has chosen dod_avalanche for the nextmap.
L 07/11/2020 - 05:45:43: [mapchooser.smx] Voting for next map has started.
L 07/11/2020 - 05:49:44: [SM] Changed map to "babyfight_arena"
L 07/11/2020 - 05:49:44: [SM] Changed map to "babyfight_arena"
L 07/11/2020 - 05:49:46: -------- Mapchange to babyfight_arena --------
L 07/11/2020 - 05:49:46: [adminsounds.smx] 62 sounds loaded
L 07/11/2020 - 05:49:47: -------- Mapchange to babyfight_arena --------
L 07/11/2020 - 05:49:47: [adminsounds.smx] 62 sounds loaded
L 07/11/2020 - 05:49:52: [randomcycle.smx] RandomCycle has chosen dod_dli_football_b1 for the nextmap.
L 07/11/2020 - 05:56:45: [mapchooser.smx] Voting for next map has started.
L 07/11/2020 - 06:00:46: [SM] Changed map to "dod_beer_circus"
L 07/11/2020 - 06:00:46: [SM] Changed map to "dod_beer_circus"
L 07/11/2020 - 06:00:55: -------- Mapchange to dod_beer_circus --------
L 07/11/2020 - 06:00:55: [adminsounds.smx] 62 sounds loaded
L 07/11/2020 - 06:01:05: -------- Mapchange to dod_beer_circus --------
L 07/11/2020 - 06:01:05: [adminsounds.smx] 62 sounds loaded
L 07/11/2020 - 06:01:10: [randomcycle.smx] RandomCycle has chosen dod_solitude_rats for the nextmap.
L 07/11/2020 - 06:08:03: [mapchooser.smx] Voting for next map has started.
L 07/11/2020 - 06:12:04: [SM] Changed map to "dod_colmar"
L 07/11/2020 - 06:12:04: [SM] Changed map to "dod_colmar"
L 07/11/2020 - 06:12:06: -------- Mapchange to dod_colmar --------
L 07/11/2020 - 06:12:06: [adminsounds.smx] 62 sounds loaded
L 07/11/2020 - 06:12:08: -------- Mapchange to dod_colmar --------
L 07/11/2020 - 06:12:08: [adminsounds.smx] 62 sounds loaded
L 07/11/2020 - 06:12:14: [randomcycle.smx] RandomCycle has chosen dod_aimap_b1 for the nextmap.
L 07/11/2020 - 06:19:07: [mapchooser.smx] Voting for next map has started.
L 07/11/2020 - 06:23:08: [SM] Changed map to "dod_donner"
L 07/11/2020 - 06:23:08: [SM] Changed map to "dod_donner"
L 07/11/2020 - 06:23:09: -------- Mapchange to dod_donner --------
L 07/11/2020 - 06:23:09: [adminsounds.smx] 62 sounds loaded
L 07/11/2020 - 06:23:11: -------- Mapchange to dod_donner --------
L 07/11/2020 - 06:23:11: [adminsounds.smx] 62 sounds loaded
L 07/11/2020 - 06:23:16: [randomcycle.smx] RandomCycle has chosen dod_football_a for the nextmap.
L 07/11/2020 - 06:30:09: [mapchooser.smx] Voting for next map has started.
L 07/11/2020 - 06:34:10: [SM] Changed map to "dod_flash"
L 07/11/2020 - 06:34:10: [SM] Changed map to "dod_flash"
L 07/11/2020 - 06:34:11: -------- Mapchange to dod_flash --------
L 07/11/2020 - 06:34:11: [adminsounds.smx] 62 sounds loaded
L 07/11/2020 - 06:34:13: -------- Mapchange to dod_flash --------
L 07/11/2020 - 06:34:13: [adminsounds.smx] 62 sounds loaded
L 07/11/2020 - 06:34:18: [randomcycle.smx] RandomCycle has chosen dod_cdc_rats_rm for the nextmap.
L 07/11/2020 - 06:41:11: [mapchooser.smx] Voting for next map has started.
L 07/11/2020 - 06:45:12: [SM] Changed map to "dod_sewer_rats_b1"
L 07/11/2020 - 06:45:12: [SM] Changed map to "dod_sewer_rats_b1"
L 07/11/2020 - 06:45:13: -------- Mapchange to dod_sewer_rats_b1 --------
L 07/11/2020 - 06:45:13: [adminsounds.smx] 62 sounds loaded
L 07/11/2020 - 06:45:15: -------- Mapchange to dod_sewer_rats_b1 --------
L 07/11/2020 - 06:45:15: [adminsounds.smx] 62 sounds loaded
L 07/11/2020 - 06:45:20: [randomcycle.smx] RandomCycle has chosen dod_legoland_b2 for the nextmap.
L 07/11/2020 - 06:52:13: [mapchooser.smx] Voting for next map has started.
L 07/11/2020 - 06:56:14: [SM] Changed map to "dod_orange_castel_evolution"
L 07/11/2020 - 06:56:14: [SM] Changed map to "dod_orange_castel_evolution"
L 07/11/2020 - 06:56:15: -------- Mapchange to dod_orange_castel_evolution --------
L 07/11/2020 - 06:56:15: [adminsounds.smx] 62 sounds loaded
L 07/11/2020 - 06:56:16: -------- Mapchange to dod_orange_castel_evolution --------
L 07/11/2020 - 06:56:16: [adminsounds.smx] 62 sounds loaded
L 07/11/2020 - 06:56:22: [randomcycle.smx] RandomCycle has chosen dod_sewer_rats_b1 for the nextmap.
L 07/11/2020 - 07:03:15: [mapchooser.smx] Voting for next map has started.
L 07/11/2020 - 07:07:16: [SM] Changed map to "acc_labice"
L 07/11/2020 - 07:07:16: [SM] Changed map to "acc_labice"
L 07/11/2020 - 07:07:17: -------- Mapchange to acc_labice --------
L 07/11/2020 - 07:07:17: [adminsounds.smx] 62 sounds loaded
L 07/11/2020 - 07:07:18: -------- Mapchange to acc_labice --------
L 07/11/2020 - 07:07:18: [adminsounds.smx] 62 sounds loaded
L 07/11/2020 - 07:07:23: [randomcycle.smx] RandomCycle has chosen dod_donner for the nextmap.
L 07/11/2020 - 07:14:16: [mapchooser.smx] Voting for next map has started.
L 07/11/2020 - 07:18:17: [SM] Changed map to "dod_legoland_b2"
L 07/11/2020 - 07:18:17: [SM] Changed map to "dod_legoland_b2"
L 07/11/2020 - 07:18:18: -------- Mapchange to dod_legoland_b2 --------
L 07/11/2020 - 07:18:18: [adminsounds.smx] 62 sounds loaded
L 07/11/2020 - 07:18:20: -------- Mapchange to dod_legoland_b2 --------
L 07/11/2020 - 07:18:20: [adminsounds.smx] 62 sounds loaded
L 07/11/2020 - 07:18:25: [randomcycle.smx] RandomCycle has chosen dod_dust2_snow_xmas for the nextmap.
L 07/11/2020 - 07:25:18: [mapchooser.smx] Voting for next map has started.
L 07/11/2020 - 07:29:19: [SM] Changed map to "dod_chocolate_fight_arena"
L 07/11/2020 - 07:29:19: [SM] Changed map to "dod_chocolate_fight_arena"
L 07/11/2020 - 07:29:20: -------- Mapchange to dod_chocolate_fight_arena --------
L 07/11/2020 - 07:29:20: [adminsounds.smx] 62 sounds loaded
L 07/11/2020 - 07:29:22: -------- Mapchange to dod_chocolate_fight_arena --------
L 07/11/2020 - 07:29:22: [adminsounds.smx] 62 sounds loaded
L 07/11/2020 - 07:29:27: [randomcycle.smx] RandomCycle has chosen dod_colmar for the nextmap.
L 07/11/2020 - 07:36:20: [mapchooser.smx] Voting for next map has started.
L 07/11/2020 - 07:40:21: [SM] Changed map to "dod_orange_castel_evolution"
L 07/11/2020 - 07:40:21: [SM] Changed map to "dod_orange_castel_evolution"
L 07/11/2020 - 07:40:22: -------- Mapchange to dod_orange_castel_evolution --------
L 07/11/2020 - 07:40:22: [adminsounds.smx] 62 sounds loaded
L 07/11/2020 - 07:40:24: -------- Mapchange to dod_orange_castel_evolution --------
L 07/11/2020 - 07:40:24: [adminsounds.smx] 62 sounds loaded
L 07/11/2020 - 07:40:29: [randomcycle.smx] RandomCycle has chosen dod_orange_castel_evolution for the nextmap.
L 07/11/2020 - 07:47:22: [mapchooser.smx] Voting for next map has started.
L 07/11/2020 - 07:51:23: [SM] Changed map to "dod_4pyramides"
L 07/11/2020 - 07:51:23: [SM] Changed map to "dod_4pyramides"
L 07/11/2020 - 07:51:24: -------- Mapchange to dod_4pyramides --------
L 07/11/2020 - 07:51:24: [adminsounds.smx] 62 sounds loaded
L 07/11/2020 - 07:51:26: -------- Mapchange to dod_4pyramides --------
L 07/11/2020 - 07:51:26: [adminsounds.smx] 62 sounds loaded
L 07/11/2020 - 07:51:31: [randomcycle.smx] RandomCycle has chosen dod_monopoly_source for the nextmap.
L 07/11/2020 - 07:58:24: [mapchooser.smx] Voting for next map has started.
L 07/11/2020 - 08:02:25: [SM] Changed map to "dod_jagd"
L 07/11/2020 - 08:02:25: [SM] Changed map to "dod_jagd"
L 07/11/2020 - 08:02:28: -------- Mapchange to dod_jagd --------
L 07/11/2020 - 08:02:28: [adminsounds.smx] 62 sounds loaded
L 07/11/2020 - 08:02:30: -------- Mapchange to dod_jagd --------
L 07/11/2020 - 08:02:30: [adminsounds.smx] 62 sounds loaded
L 07/11/2020 - 08:02:36: [randomcycle.smx] RandomCycle has chosen dod_4pyramides for the nextmap.
L 07/11/2020 - 08:09:29: [mapchooser.smx] Voting for next map has started.
L 07/11/2020 - 08:13:30: [SM] Changed map to "dod_dust2_snow_xmas"
L 07/11/2020 - 08:13:30: [SM] Changed map to "dod_dust2_snow_xmas"
L 07/11/2020 - 08:13:31: -------- Mapchange to dod_dust2_snow_xmas --------
L 07/11/2020 - 08:13:31: [adminsounds.smx] 62 sounds loaded
L 07/11/2020 - 08:13:33: -------- Mapchange to dod_dust2_snow_xmas --------
L 07/11/2020 - 08:13:33: [adminsounds.smx] 62 sounds loaded
L 07/11/2020 - 08:13:38: [randomcycle.smx] RandomCycle has chosen dod_orange_damier_v2 for the nextmap.
L 07/11/2020 - 08:20:31: [mapchooser.smx] Voting for next map has started.
L 07/11/2020 - 08:24:32: [SM] Changed map to "dod_fullhouse"
L 07/11/2020 - 08:24:32: [SM] Changed map to "dod_fullhouse"
L 07/11/2020 - 08:24:33: -------- Mapchange to dod_fullhouse --------
L 07/11/2020 - 08:24:33: [adminsounds.smx] 62 sounds loaded
L 07/11/2020 - 08:24:35: -------- Mapchange to dod_fullhouse --------
L 07/11/2020 - 08:24:35: [adminsounds.smx] 62 sounds loaded
L 07/11/2020 - 08:24:40: [randomcycle.smx] RandomCycle has chosen dod_fullhouse for the nextmap.
L 07/11/2020 - 08:31:33: [mapchooser.smx] Voting for next map has started.
L 07/11/2020 - 08:31:39: [mapchooser.smx] Voting for next map has finished. Nextmap: dod_rats.
L 07/11/2020 - 08:35:34: [SM] Changed map to "dod_rats"
L 07/11/2020 - 08:35:34: [SM] Changed map to "dod_rats"
L 07/11/2020 - 08:35:36: -------- Mapchange to dod_rats --------
L 07/11/2020 - 08:35:36: [adminsounds.smx] 62 sounds loaded
L 07/11/2020 - 08:35:38: -------- Mapchange to dod_rats --------
L 07/11/2020 - 08:35:38: [adminsounds.smx] 62 sounds loaded
L 07/11/2020 - 08:35:43: [randomcycle.smx] RandomCycle has chosen babyfight_arena for the nextmap.
L 07/11/2020 - 08:38:14: [mapchooser.smx] Starting map vote because outside request
L 07/11/2020 - 08:38:14: [mapchooser.smx] Voting for next map has started.
L 07/11/2020 - 08:38:24: [mapchooser.smx] Voting for next map has finished. Nextmap: dod_chocolate_fight_arena.
L 07/11/2020 - 08:38:26: [SM] Changed map to "dod_chocolate_fight_arena"
L 07/11/2020 - 08:38:27: -------- Mapchange to dod_chocolate_fight_arena --------
L 07/11/2020 - 08:38:27: [adminsounds.smx] 62 sounds loaded
L 07/11/2020 - 08:38:33: [randomcycle.smx] RandomCycle has chosen dod_football_a for the nextmap.
L 07/11/2020 - 08:41:37: [mapchooser.smx] Starting map vote because outside request
L 07/11/2020 - 08:41:37: [mapchooser.smx] Voting for next map has started.
L 07/11/2020 - 08:41:51: [mapchooser.smx] Voting for next map has finished. Nextmap: dod_iceworld_final_[bds]_doc.
L 07/11/2020 - 08:41:53: [SM] Changed map to "dod_iceworld_final_[bds]_doc"
L 07/11/2020 - 08:41:54: -------- Mapchange to dod_iceworld_final_[bds]_doc --------
L 07/11/2020 - 08:41:54: [adminsounds.smx] 62 sounds loaded
L 07/11/2020 - 08:42:00: [randomcycle.smx] RandomCycle has chosen acc_labice for the nextmap.
L 07/11/2020 - 08:48:53: [mapchooser.smx] Voting for next map has started.
L 07/11/2020 - 08:49:11: [mapchooser.smx] Voting for next map has finished. Nextmap: dod_orange_cancrelats.
L 07/11/2020 - 08:52:54: [SM] Changed map to "dod_orange_cancrelats"
L 07/11/2020 - 08:52:54: [SM] Changed map to "dod_orange_cancrelats"
L 07/11/2020 - 08:52:55: -------- Mapchange to dod_orange_cancrelats --------
L 07/11/2020 - 08:52:55: [adminsounds.smx] 62 sounds loaded
L 07/11/2020 - 08:52:56: -------- Mapchange to dod_orange_cancrelats --------
L 07/11/2020 - 08:52:57: [adminsounds.smx] 62 sounds loaded
L 07/11/2020 - 08:53:02: [randomcycle.smx] RandomCycle has chosen dod_dli_football_b1 for the nextmap.
L 07/11/2020 - 08:59:55: [mapchooser.smx] Voting for next map has started.
L 07/11/2020 - 09:03:56: [SM] Changed map to "dod_football_a"
L 07/11/2020 - 09:03:56: [SM] Changed map to "dod_football_a"
L 07/11/2020 - 09:03:57: -------- Mapchange to dod_football_a --------
L 07/11/2020 - 09:03:57: [adminsounds.smx] 62 sounds loaded
L 07/11/2020 - 09:03:58: -------- Mapchange to dod_football_a --------
L 07/11/2020 - 09:03:59: [adminsounds.smx] 62 sounds loaded
L 07/11/2020 - 09:04:04: [randomcycle.smx] RandomCycle has chosen dod_cdc_rats_rm for the nextmap.
L 07/11/2020 - 09:10:57: [mapchooser.smx] Voting for next map has started.
L 07/11/2020 - 09:14:58: [SM] Changed map to "dod_legoland_b2"
L 07/11/2020 - 09:14:58: [SM] Changed map to "dod_legoland_b2"
L 07/11/2020 - 09:14:59: -------- Mapchange to dod_legoland_b2 --------
L 07/11/2020 - 09:14:59: [adminsounds.smx] 62 sounds loaded
L 07/11/2020 - 09:15:01: -------- Mapchange to dod_legoland_b2 --------
L 07/11/2020 - 09:15:01: [adminsounds.smx] 62 sounds loaded
L 07/11/2020 - 09:15:06: [randomcycle.smx] RandomCycle has chosen dod_dust2_snow_xmas for the nextmap.
L 07/11/2020 - 09:21:59: [mapchooser.smx] Voting for next map has started.
L 07/11/2020 - 09:26:00: [SM] Changed map to "dod_oasis_v1a"
L 07/11/2020 - 09:26:00: [SM] Changed map to "dod_oasis_v1a"
L 07/11/2020 - 09:26:01: -------- Mapchange to dod_oasis_v1a --------
L 07/11/2020 - 09:26:01: [adminsounds.smx] 62 sounds loaded
L 07/11/2020 - 09:26:03: -------- Mapchange to dod_oasis_v1a --------
L 07/11/2020 - 09:26:03: [adminsounds.smx] 62 sounds loaded
L 07/11/2020 - 09:26:09: [randomcycle.smx] RandomCycle has chosen dod_risk_b9 for the nextmap.
L 07/11/2020 - 09:33:02: [mapchooser.smx] Voting for next map has started.
L 07/11/2020 - 09:37:03: [SM] Changed map to "dod_kalt"
L 07/11/2020 - 09:37:03: [SM] Changed map to "dod_kalt"
L 07/11/2020 - 09:37:04: -------- Mapchange to dod_kalt --------
L 07/11/2020 - 09:37:04: [adminsounds.smx] 62 sounds loaded
L 07/11/2020 - 09:37:06: -------- Mapchange to dod_kalt --------
L 07/11/2020 - 09:37:06: [adminsounds.smx] 62 sounds loaded
L 07/11/2020 - 09:37:12: [randomcycle.smx] RandomCycle has chosen dod_sniperarena_dgs2 for the nextmap.
L 07/11/2020 - 09:44:05: [mapchooser.smx] Voting for next map has started.
L 07/11/2020 - 09:48:06: [SM] Changed map to "dod_sniper_killbox_v2"
L 07/11/2020 - 09:48:06: [SM] Changed map to "dod_sniper_killbox_v2"
L 07/11/2020 - 09:48:07: -------- Mapchange to dod_sniper_killbox_v2 --------
L 07/11/2020 - 09:48:07: [adminsounds.smx] 62 sounds loaded
L 07/11/2020 - 09:48:09: -------- Mapchange to dod_sniper_killbox_v2 --------
L 07/11/2020 - 09:48:09: [adminsounds.smx] 62 sounds loaded
L 07/11/2020 - 09:48:14: [randomcycle.smx] RandomCycle has chosen dod_kalt for the nextmap.
L 07/11/2020 - 09:55:07: [mapchooser.smx] Voting for next map has started.
L 07/11/2020 - 09:59:08: [SM] Changed map to "dod_solitude_rats"
L 07/11/2020 - 09:59:08: [SM] Changed map to "dod_solitude_rats"
L 07/11/2020 - 09:59:10: -------- Mapchange to dod_solitude_rats --------
L 07/11/2020 - 09:59:10: [adminsounds.smx] 62 sounds loaded
L 07/11/2020 - 09:59:11: -------- Mapchange to dod_solitude_rats --------
L 07/11/2020 - 09:59:12: [adminsounds.smx] 62 sounds loaded
L 07/11/2020 - 09:59:17: [randomcycle.smx] RandomCycle has chosen dod_orange_damier_v2 for the nextmap.
L 07/11/2020 - 10:06:10: [mapchooser.smx] Voting for next map has started.
L 07/11/2020 - 10:10:11: [SM] Changed map to "acc_labice"
L 07/11/2020 - 10:10:11: [SM] Changed map to "acc_labice"
L 07/11/2020 - 10:10:12: -------- Mapchange to acc_labice --------
L 07/11/2020 - 10:10:12: [adminsounds.smx] 62 sounds loaded
L 07/11/2020 - 10:10:14: -------- Mapchange to acc_labice --------
L 07/11/2020 - 10:10:14: [adminsounds.smx] 62 sounds loaded
L 07/11/2020 - 10:10:19: [randomcycle.smx] RandomCycle has chosen dod_murky_p2 for the nextmap.
L 07/11/2020 - 10:17:12: [mapchooser.smx] Voting for next map has started.
L 07/11/2020 - 10:21:13: [SM] Changed map to "cdcmarijuana!"
L 07/11/2020 - 10:21:13: [SM] Changed map to "cdcmarijuana!"
L 07/11/2020 - 10:21:15: -------- Mapchange to cdcmarijuana! --------
L 07/11/2020 - 10:21:15: [adminsounds.smx] 62 sounds loaded
L 07/11/2020 - 10:21:16: -------- Mapchange to cdcmarijuana! --------
L 07/11/2020 - 10:21:16: [adminsounds.smx] 62 sounds loaded
L 07/11/2020 - 10:21:22: [randomcycle.smx] RandomCycle has chosen dod_donner for the nextmap.
L 07/11/2020 - 10:28:15: [mapchooser.smx] Voting for next map has started.
L 07/11/2020 - 10:32:16: [SM] Changed map to "dod_anzio"
L 07/11/2020 - 10:32:16: [SM] Changed map to "dod_anzio"
L 07/11/2020 - 10:32:18: -------- Mapchange to dod_anzio --------
L 07/11/2020 - 10:32:18: [adminsounds.smx] 62 sounds loaded
L 07/11/2020 - 10:32:20: -------- Mapchange to dod_anzio --------
L 07/11/2020 - 10:32:20: [adminsounds.smx] 62 sounds loaded
L 07/11/2020 - 10:32:25: [randomcycle.smx] RandomCycle has chosen dod_sewer_rats_b1 for the nextmap.
L 07/11/2020 - 10:39:18: [mapchooser.smx] Voting for next map has started.
L 07/11/2020 - 10:43:19: [SM] Changed map to "dod_orange_damier_v2"
L 07/11/2020 - 10:43:19: [SM] Changed map to "dod_orange_damier_v2"
L 07/11/2020 - 10:43:21: -------- Mapchange to dod_orange_damier_v2 --------
L 07/11/2020 - 10:43:21: [adminsounds.smx] 62 sounds loaded
L 07/11/2020 - 10:43:22: -------- Mapchange to dod_orange_damier_v2 --------
L 07/11/2020 - 10:43:22: [adminsounds.smx] 62 sounds loaded
L 07/11/2020 - 10:43:28: [randomcycle.smx] RandomCycle has chosen dod_sniper_wars_beta for the nextmap.
L 07/11/2020 - 10:50:21: [mapchooser.smx] Voting for next map has started.
L 07/11/2020 - 10:54:22: [SM] Changed map to "dod_sniperarena_dgs2"
L 07/11/2020 - 10:54:22: [SM] Changed map to "dod_sniperarena_dgs2"
L 07/11/2020 - 10:54:23: -------- Mapchange to dod_sniperarena_dgs2 --------
L 07/11/2020 - 10:54:23: [adminsounds.smx] 62 sounds loaded
L 07/11/2020 - 10:54:25: -------- Mapchange to dod_sniperarena_dgs2 --------
L 07/11/2020 - 10:54:25: [adminsounds.smx] 62 sounds loaded
L 07/11/2020 - 10:54:30: [randomcycle.smx] RandomCycle has chosen dod_flash for the nextmap.
L 07/11/2020 - 11:01:23: [mapchooser.smx] Voting for next map has started.
L 07/11/2020 - 11:05:24: [SM] Changed map to "dod_deux_chateaux_final"
L 07/11/2020 - 11:05:24: [SM] Changed map to "dod_deux_chateaux_final"
L 07/11/2020 - 11:05:25: -------- Mapchange to dod_deux_chateaux_final --------
L 07/11/2020 - 11:05:26: [adminsounds.smx] 62 sounds loaded
L 07/11/2020 - 11:05:27: -------- Mapchange to dod_deux_chateaux_final --------
L 07/11/2020 - 11:05:27: [adminsounds.smx] 62 sounds loaded
L 07/11/2020 - 11:05:33: [randomcycle.smx] RandomCycle has chosen dod_avalanche@night for the nextmap.
L 07/11/2020 - 11:12:26: [mapchooser.smx] Voting for next map has started.
L 07/11/2020 - 11:16:27: [SM] Changed map to "dod_orange_castel_evolution"
L 07/11/2020 - 11:16:27: [SM] Changed map to "dod_orange_castel_evolution"
L 07/11/2020 - 11:16:28: -------- Mapchange to dod_orange_castel_evolution --------
L 07/11/2020 - 11:16:28: [adminsounds.smx] 62 sounds loaded
L 07/11/2020 - 11:16:30: -------- Mapchange to dod_orange_castel_evolution --------
L 07/11/2020 - 11:16:30: [adminsounds.smx] 62 sounds loaded
L 07/11/2020 - 11:16:35: [randomcycle.smx] RandomCycle has chosen dod_beer_circus for the nextmap.
L 07/11/2020 - 11:23:28: [mapchooser.smx] Voting for next map has started.
L 07/11/2020 - 11:27:29: [SM] Changed map to "babyfight_arena"
L 07/11/2020 - 11:27:29: [SM] Changed map to "babyfight_arena"
L 07/11/2020 - 11:27:31: -------- Mapchange to babyfight_arena --------
L 07/11/2020 - 11:27:31: [adminsounds.smx] 62 sounds loaded
L 07/11/2020 - 11:27:32: -------- Mapchange to babyfight_arena --------
L 07/11/2020 - 11:27:32: [adminsounds.smx] 62 sounds loaded
L 07/11/2020 - 11:27:38: [randomcycle.smx] RandomCycle has chosen dod_fullhouse for the nextmap.
L 07/11/2020 - 11:34:31: [mapchooser.smx] Voting for next map has started.
L 07/11/2020 - 11:38:32: [SM] Changed map to "dod_argentan"
L 07/11/2020 - 11:38:32: [SM] Changed map to "dod_argentan"
L 07/11/2020 - 11:38:33: -------- Mapchange to dod_argentan --------
L 07/11/2020 - 11:38:34: [adminsounds.smx] 62 sounds loaded
L 07/11/2020 - 11:38:36: -------- Mapchange to dod_argentan --------
L 07/11/2020 - 11:38:36: [adminsounds.smx] 62 sounds loaded
L 07/11/2020 - 11:38:41: [randomcycle.smx] RandomCycle has chosen dod_sand_rats_2006 for the nextmap.
L 07/11/2020 - 11:45:34: [mapchooser.smx] Voting for next map has started.
L 07/11/2020 - 11:49:36: [SM] Changed map to "dod_risk_b9"
L 07/11/2020 - 11:49:36: [SM] Changed map to "dod_risk_b9"
L 07/11/2020 - 11:49:39: -------- Mapchange to dod_risk_b9 --------
L 07/11/2020 - 11:49:39: [adminsounds.smx] 62 sounds loaded
L 07/11/2020 - 11:49:42: -------- Mapchange to dod_risk_b9 --------
L 07/11/2020 - 11:49:42: [adminsounds.smx] 62 sounds loaded
L 07/11/2020 - 11:49:47: [randomcycle.smx] RandomCycle has chosen dod_rats for the nextmap.
L 07/11/2020 - 11:56:40: [mapchooser.smx] Voting for next map has started.
L 07/11/2020 - 12:00:42: [SM] Changed map to "dod_sucette_v3"
L 07/11/2020 - 12:00:42: [SM] Changed map to "dod_sucette_v3"
L 07/11/2020 - 12:00:43: -------- Mapchange to dod_sucette_v3 --------
L 07/11/2020 - 12:00:43: [adminsounds.smx] 62 sounds loaded
L 07/11/2020 - 12:00:44: -------- Mapchange to dod_sucette_v3 --------
L 07/11/2020 - 12:00:45: [adminsounds.smx] 62 sounds loaded
L 07/11/2020 - 12:00:50: [randomcycle.smx] RandomCycle has chosen dod_oasis_v1a for the nextmap.
L 07/11/2020 - 12:07:43: [mapchooser.smx] Voting for next map has started.
L 07/11/2020 - 12:11:44: [SM] Changed map to "cdcmarijuana!"
L 07/11/2020 - 12:11:44: [SM] Changed map to "cdcmarijuana!"
L 07/11/2020 - 12:11:45: -------- Mapchange to cdcmarijuana! --------
L 07/11/2020 - 12:11:45: [adminsounds.smx] 62 sounds loaded
L 07/11/2020 - 12:11:47: -------- Mapchange to cdcmarijuana! --------
L 07/11/2020 - 12:11:47: [adminsounds.smx] 62 sounds loaded
L 07/11/2020 - 12:11:53: [randomcycle.smx] RandomCycle has chosen dod_4pyramides for the nextmap.
L 07/11/2020 - 12:18:46: [mapchooser.smx] Voting for next map has started.
L 07/11/2020 - 12:22:47: [SM] Changed map to "dod_orange_sniper"
L 07/11/2020 - 12:22:47: [SM] Changed map to "dod_orange_sniper"
L 07/11/2020 - 12:22:48: -------- Mapchange to dod_orange_sniper --------
L 07/11/2020 - 12:22:48: [adminsounds.smx] 62 sounds loaded
L 07/11/2020 - 12:22:50: -------- Mapchange to dod_orange_sniper --------
L 07/11/2020 - 12:22:50: [adminsounds.smx] 62 sounds loaded
L 07/11/2020 - 12:22:55: [randomcycle.smx] RandomCycle has chosen dod_orange_sniper for the nextmap.
L 07/11/2020 - 12:29:48: [mapchooser.smx] Voting for next map has started.
L 07/11/2020 - 12:33:49: [SM] Changed map to "dod_chocolate_fight_arena"
L 07/11/2020 - 12:33:49: [SM] Changed map to "dod_chocolate_fight_arena"
L 07/11/2020 - 12:33:51: -------- Mapchange to dod_chocolate_fight_arena --------
L 07/11/2020 - 12:33:51: [adminsounds.smx] 62 sounds loaded
L 07/11/2020 - 12:33:53: -------- Mapchange to dod_chocolate_fight_arena --------
L 07/11/2020 - 12:33:53: [adminsounds.smx] 62 sounds loaded
L 07/11/2020 - 12:33:58: [randomcycle.smx] RandomCycle has chosen dod_orange_damier_v2 for the nextmap.
L 07/11/2020 - 12:40:51: [mapchooser.smx] Voting for next map has started.
L 07/11/2020 - 12:44:52: [SM] Changed map to "dod_sniper_killbox_v2"
L 07/11/2020 - 12:44:52: [SM] Changed map to "dod_sniper_killbox_v2"
L 07/11/2020 - 12:44:54: -------- Mapchange to dod_sniper_killbox_v2 --------
L 07/11/2020 - 12:44:54: [adminsounds.smx] 62 sounds loaded
L 07/11/2020 - 12:44:55: -------- Mapchange to dod_sniper_killbox_v2 --------
L 07/11/2020 - 12:44:56: [adminsounds.smx] 62 sounds loaded
L 07/11/2020 - 12:45:01: [randomcycle.smx] RandomCycle has chosen dod_bunky2_modified for the nextmap.
L 07/11/2020 - 12:51:54: [mapchooser.smx] Voting for next map has started.
L 07/11/2020 - 12:55:55: [SM] Changed map to "dod_iceworld_final_[bds]_doc"
L 07/11/2020 - 12:55:55: [SM] Changed map to "dod_iceworld_final_[bds]_doc"
L 07/11/2020 - 12:55:56: -------- Mapchange to dod_iceworld_final_[bds]_doc --------
L 07/11/2020 - 12:55:56: [adminsounds.smx] 62 sounds loaded
L 07/11/2020 - 12:55:58: -------- Mapchange to dod_iceworld_final_[bds]_doc --------
L 07/11/2020 - 12:55:58: [adminsounds.smx] 62 sounds loaded
L 07/11/2020 - 12:56:04: [randomcycle.smx] RandomCycle has chosen dod_orange_cancrelats for the nextmap.
L 07/11/2020 - 13:02:57: [mapchooser.smx] Voting for next map has started.
L 07/11/2020 - 13:06:58: [SM] Changed map to "dod_legoland_b2"
L 07/11/2020 - 13:06:58: [SM] Changed map to "dod_legoland_b2"
L 07/11/2020 - 13:06:59: -------- Mapchange to dod_legoland_b2 --------
L 07/11/2020 - 13:06:59: [adminsounds.smx] 62 sounds loaded
L 07/11/2020 - 13:07:01: -------- Mapchange to dod_legoland_b2 --------
L 07/11/2020 - 13:07:01: [adminsounds.smx] 62 sounds loaded
L 07/11/2020 - 13:07:07: [randomcycle.smx] RandomCycle has chosen dod_cdc_rats_rm for the nextmap.
L 07/11/2020 - 13:14:00: [mapchooser.smx] Voting for next map has started.
L 07/11/2020 - 13:18:01: [SM] Changed map to "dod_chocolate_fight_arena"
L 07/11/2020 - 13:18:01: [SM] Changed map to "dod_chocolate_fight_arena"
L 07/11/2020 - 13:18:02: -------- Mapchange to dod_chocolate_fight_arena --------
L 07/11/2020 - 13:18:02: [adminsounds.smx] 62 sounds loaded
L 07/11/2020 - 13:18:04: -------- Mapchange to dod_chocolate_fight_arena --------
L 07/11/2020 - 13:18:04: [adminsounds.smx] 62 sounds loaded
L 07/11/2020 - 13:18:10: [randomcycle.smx] RandomCycle has chosen dod_football_a for the nextmap.
L 07/11/2020 - 13:25:03: [mapchooser.smx] Voting for next map has started.
L 07/11/2020 - 13:29:04: [SM] Changed map to "dod_jagd"
L 07/11/2020 - 13:29:04: [SM] Changed map to "dod_jagd"
L 07/11/2020 - 13:29:06: -------- Mapchange to dod_jagd --------
L 07/11/2020 - 13:29:07: [adminsounds.smx] 62 sounds loaded
L 07/11/2020 - 13:29:09: -------- Mapchange to dod_jagd --------
L 07/11/2020 - 13:29:10: [adminsounds.smx] 62 sounds loaded
L 07/11/2020 - 13:29:15: [randomcycle.smx] RandomCycle has chosen dod_donner for the nextmap.
L 07/11/2020 - 13:36:08: [mapchooser.smx] Voting for next map has started.
L 07/11/2020 - 13:40:09: [SM] Changed map to "dod_anzio"
L 07/11/2020 - 13:40:09: [SM] Changed map to "dod_anzio"
L 07/11/2020 - 13:40:11: -------- Mapchange to dod_anzio --------
L 07/11/2020 - 13:40:11: [adminsounds.smx] 62 sounds loaded
L 07/11/2020 - 13:40:13: -------- Mapchange to dod_anzio --------
L 07/11/2020 - 13:40:13: [adminsounds.smx] 62 sounds loaded
L 07/11/2020 - 13:40:19: [randomcycle.smx] RandomCycle has chosen dod_fullhouse for the nextmap.
L 07/11/2020 - 13:47:12: [mapchooser.smx] Voting for next map has started.
L 07/11/2020 - 13:51:13: [SM] Changed map to "dod_bigbunky_v4"
L 07/11/2020 - 13:51:13: [SM] Changed map to "dod_bigbunky_v4"
L 07/11/2020 - 13:51:15: -------- Mapchange to dod_bigbunky_v4 --------
L 07/11/2020 - 13:51:15: [adminsounds.smx] 62 sounds loaded
L 07/11/2020 - 13:51:17: -------- Mapchange to dod_bigbunky_v4 --------
L 07/11/2020 - 13:51:17: [adminsounds.smx] 62 sounds loaded
L 07/11/2020 - 13:51:22: [randomcycle.smx] RandomCycle has chosen dod_deux_chateaux_final for the nextmap.
L 07/11/2020 - 13:58:15: [mapchooser.smx] Voting for next map has started.
L 07/11/2020 - 14:02:16: [SM] Changed map to "dod_mousekitchen_ed"
L 07/11/2020 - 14:02:16: [SM] Changed map to "dod_mousekitchen_ed"
L 07/11/2020 - 14:02:18: -------- Mapchange to dod_mousekitchen_ed --------
L 07/11/2020 - 14:02:18: [adminsounds.smx] 62 sounds loaded
L 07/11/2020 - 14:02:20: -------- Mapchange to dod_mousekitchen_ed --------
L 07/11/2020 - 14:02:20: [adminsounds.smx] 62 sounds loaded
L 07/11/2020 - 14:02:25: [randomcycle.smx] RandomCycle has chosen dod_oasis_v1a for the nextmap.
L 07/11/2020 - 14:09:18: [mapchooser.smx] Voting for next map has started.
L 07/11/2020 - 14:13:19: [SM] Changed map to "dod_sucette_v3"
L 07/11/2020 - 14:13:19: [SM] Changed map to "dod_sucette_v3"
L 07/11/2020 - 14:13:21: -------- Mapchange to dod_sucette_v3 --------
L 07/11/2020 - 14:13:21: [adminsounds.smx] 62 sounds loaded
L 07/11/2020 - 14:13:23: -------- Mapchange to dod_sucette_v3 --------
L 07/11/2020 - 14:13:23: [adminsounds.smx] 62 sounds loaded
L 07/11/2020 - 14:13:28: [randomcycle.smx] RandomCycle has chosen dod_monopoly_source for the nextmap.
L 07/11/2020 - 14:20:21: [mapchooser.smx] Voting for next map has started.
L 07/11/2020 - 14:24:22: [SM] Changed map to "dod_flash"
L 07/11/2020 - 14:24:22: [SM] Changed map to "dod_flash"
L 07/11/2020 - 14:24:24: -------- Mapchange to dod_flash --------
L 07/11/2020 - 14:24:24: [adminsounds.smx] 62 sounds loaded
L 07/11/2020 - 14:24:26: -------- Mapchange to dod_flash --------
L 07/11/2020 - 14:24:26: [adminsounds.smx] 62 sounds loaded
L 07/11/2020 - 14:24:32: [randomcycle.smx] RandomCycle has chosen dod_sewer_rats_b1 for the nextmap.
L 07/11/2020 - 14:31:25: [mapchooser.smx] Voting for next map has started.
L 07/11/2020 - 14:35:26: [SM] Changed map to "dod_fullhouse"
L 07/11/2020 - 14:35:26: [SM] Changed map to "dod_fullhouse"
L 07/11/2020 - 14:35:28: -------- Mapchange to dod_fullhouse --------
L 07/11/2020 - 14:35:28: [adminsounds.smx] 62 sounds loaded
L 07/11/2020 - 14:35:30: -------- Mapchange to dod_fullhouse --------
L 07/11/2020 - 14:35:30: [adminsounds.smx] 62 sounds loaded
L 07/11/2020 - 14:35:35: [randomcycle.smx] RandomCycle has chosen dod_sand_rats_2006 for the nextmap.
L 07/11/2020 - 14:42:28: [mapchooser.smx] Voting for next map has started.
L 07/11/2020 - 14:46:29: [SM] Changed map to "sniperzone"
L 07/11/2020 - 14:46:29: [SM] Changed map to "sniperzone"
L 07/11/2020 - 14:46:31: -------- Mapchange to sniperzone --------
L 07/11/2020 - 14:46:31: [adminsounds.smx] 62 sounds loaded
L 07/11/2020 - 14:46:33: -------- Mapchange to sniperzone --------
L 07/11/2020 - 14:46:33: [adminsounds.smx] 62 sounds loaded
L 07/11/2020 - 14:46:39: [randomcycle.smx] RandomCycle has chosen dod_legoland_b2 for the nextmap.
L 07/11/2020 - 14:53:32: [mapchooser.smx] Voting for next map has started.
L 07/11/2020 - 14:57:33: [SM] Changed map to "dod_beer_circus"
L 07/11/2020 - 14:57:33: [SM] Changed map to "dod_beer_circus"
L 07/11/2020 - 14:57:43: -------- Mapchange to dod_beer_circus --------
L 07/11/2020 - 14:57:43: [adminsounds.smx] 62 sounds loaded
L 07/11/2020 - 14:57:53: -------- Mapchange to dod_beer_circus --------
L 07/11/2020 - 14:57:53: [adminsounds.smx] 62 sounds loaded
L 07/11/2020 - 14:57:58: [randomcycle.smx] RandomCycle has chosen dod_mousekitchen_ed for the nextmap.
L 07/11/2020 - 15:04:51: [mapchooser.smx] Voting for next map has started.
L 07/11/2020 - 15:08:52: [SM] Changed map to "mario_air"
L 07/11/2020 - 15:08:52: [SM] Changed map to "mario_air"
L 07/11/2020 - 15:08:54: -------- Mapchange to mario_air --------
L 07/11/2020 - 15:08:54: [adminsounds.smx] 62 sounds loaded
L 07/11/2020 - 15:08:56: -------- Mapchange to mario_air --------
L 07/11/2020 - 15:08:56: [adminsounds.smx] 62 sounds loaded
L 07/11/2020 - 15:09:02: [randomcycle.smx] RandomCycle has chosen dod_orange_cancrelats for the nextmap.
L 07/11/2020 - 15:15:55: [mapchooser.smx] Voting for next map has started.
L 07/11/2020 - 15:19:56: [SM] Changed map to "dod_orange_damier_v2"
L 07/11/2020 - 15:19:56: [SM] Changed map to "dod_orange_damier_v2"
L 07/11/2020 - 15:19:57: -------- Mapchange to dod_orange_damier_v2 --------
L 07/11/2020 - 15:19:57: [adminsounds.smx] 62 sounds loaded
L 07/11/2020 - 15:19:59: -------- Mapchange to dod_orange_damier_v2 --------
L 07/11/2020 - 15:20:00: [adminsounds.smx] 62 sounds loaded
L 07/11/2020 - 15:20:05: [randomcycle.smx] RandomCycle has chosen dod_colmar for the nextmap.
L 07/11/2020 - 15:26:58: [mapchooser.smx] Voting for next map has started.
L 07/11/2020 - 15:30:59: [SM] Changed map to "dod_sniper_wars_beta"
L 07/11/2020 - 15:30:59: [SM] Changed map to "dod_sniper_wars_beta"
L 07/11/2020 - 15:31:01: -------- Mapchange to dod_sniper_wars_beta --------
L 07/11/2020 - 15:31:01: [adminsounds.smx] 62 sounds loaded
L 07/11/2020 - 15:31:03: -------- Mapchange to dod_sniper_wars_beta --------
L 07/11/2020 - 15:31:03: [adminsounds.smx] 62 sounds loaded
L 07/11/2020 - 15:31:08: [randomcycle.smx] RandomCycle has chosen dod_sucette_v3 for the nextmap.
L 07/11/2020 - 15:38:01: [mapchooser.smx] Voting for next map has started.
L 07/11/2020 - 15:42:02: [SM] Changed map to "dod_avalanche@night"
L 07/11/2020 - 15:42:02: [SM] Changed map to "dod_avalanche@night"
L 07/11/2020 - 15:42:04: -------- Mapchange to dod_avalanche@night --------
L 07/11/2020 - 15:42:04: [adminsounds.smx] 62 sounds loaded
L 07/11/2020 - 15:42:07: -------- Mapchange to dod_avalanche@night --------
L 07/11/2020 - 15:42:07: [adminsounds.smx] 62 sounds loaded
L 07/11/2020 - 15:42:12: [randomcycle.smx] RandomCycle has chosen dod_dust2_snow_xmas for the nextmap.
L 07/11/2020 - 15:49:06: [mapchooser.smx] Voting for next map has started.
L 07/11/2020 - 15:53:06: [SM] Changed map to "dod_jagd"
L 07/11/2020 - 15:53:07: [SM] Changed map to "dod_jagd"
L 07/11/2020 - 15:53:09: -------- Mapchange to dod_jagd --------
L 07/11/2020 - 15:53:09: [adminsounds.smx] 62 sounds loaded
L 07/11/2020 - 15:53:12: -------- Mapchange to dod_jagd --------
L 07/11/2020 - 15:53:13: [adminsounds.smx] 62 sounds loaded
L 07/11/2020 - 15:53:18: [randomcycle.smx] RandomCycle has chosen dod_kalt for the nextmap.
L 07/11/2020 - 16:00:11: [mapchooser.smx] Voting for next map has started.
L 07/11/2020 - 16:04:12: [SM] Changed map to "dod_iceworld_final_[bds]_doc"
L 07/11/2020 - 16:04:12: [SM] Changed map to "dod_iceworld_final_[bds]_doc"
L 07/11/2020 - 16:04:14: -------- Mapchange to dod_iceworld_final_[bds]_doc --------
L 07/11/2020 - 16:04:14: [adminsounds.smx] 62 sounds loaded
L 07/11/2020 - 16:04:16: -------- Mapchange to dod_iceworld_final_[bds]_doc --------
L 07/11/2020 - 16:04:16: [adminsounds.smx] 62 sounds loaded
L 07/11/2020 - 16:04:21: [randomcycle.smx] RandomCycle has chosen dod_cdc_rats_rm for the nextmap.
L 07/11/2020 - 16:11:14: [mapchooser.smx] Voting for next map has started.
L 07/11/2020 - 16:15:16: [SM] Changed map to "cdcmarijuana!"
L 07/11/2020 - 16:15:16: [SM] Changed map to "cdcmarijuana!"
L 07/11/2020 - 16:15:17: -------- Mapchange to cdcmarijuana! --------
L 07/11/2020 - 16:15:17: [adminsounds.smx] 62 sounds loaded
L 07/11/2020 - 16:15:19: -------- Mapchange to cdcmarijuana! --------
L 07/11/2020 - 16:15:19: [adminsounds.smx] 62 sounds loaded
L 07/11/2020 - 16:15:25: [randomcycle.smx] RandomCycle has chosen dod_iceworld_final_[bds]_doc for the nextmap.
L 07/11/2020 - 16:22:18: [mapchooser.smx] Voting for next map has started.
L 07/11/2020 - 16:26:19: [SM] Changed map to "dod_fullhouse"
L 07/11/2020 - 16:26:19: [SM] Changed map to "dod_fullhouse"
L 07/11/2020 - 16:26:20: -------- Mapchange to dod_fullhouse --------
L 07/11/2020 - 16:26:20: [adminsounds.smx] 62 sounds loaded
L 07/11/2020 - 16:26:23: -------- Mapchange to dod_fullhouse --------
L 07/11/2020 - 16:26:23: [adminsounds.smx] 62 sounds loaded
L 07/11/2020 - 16:26:28: [randomcycle.smx] RandomCycle has chosen dod_anzio for the nextmap.
L 07/11/2020 - 16:33:21: [mapchooser.smx] Voting for next map has started.
L 07/11/2020 - 16:37:22: [SM] Changed map to "dod_orange_bridges"
L 07/11/2020 - 16:37:22: [SM] Changed map to "dod_orange_bridges"
L 07/11/2020 - 16:37:24: -------- Mapchange to dod_orange_bridges --------
L 07/11/2020 - 16:37:24: [adminsounds.smx] 62 sounds loaded
L 07/11/2020 - 16:37:26: -------- Mapchange to dod_orange_bridges --------
L 07/11/2020 - 16:37:26: [adminsounds.smx] 62 sounds loaded
L 07/11/2020 - 16:37:32: [randomcycle.smx] RandomCycle has chosen dod_avalanche for the nextmap.
L 07/11/2020 - 16:44:25: [mapchooser.smx] Voting for next map has started.
L 07/11/2020 - 16:48:26: [SM] Changed map to "dod_bigbunky_v4"
L 07/11/2020 - 16:48:26: [SM] Changed map to "dod_bigbunky_v4"
L 07/11/2020 - 16:48:27: -------- Mapchange to dod_bigbunky_v4 --------
L 07/11/2020 - 16:48:27: [adminsounds.smx] 62 sounds loaded
L 07/11/2020 - 16:48:30: -------- Mapchange to dod_bigbunky_v4 --------
L 07/11/2020 - 16:48:30: [adminsounds.smx] 62 sounds loaded
L 07/11/2020 - 16:48:35: [randomcycle.smx] RandomCycle has chosen dod_monopoly_source for the nextmap.
L 07/11/2020 - 16:55:28: [mapchooser.smx] Voting for next map has started.
L 07/11/2020 - 16:59:29: [SM] Changed map to "dod_orange_cancrelats"
L 07/11/2020 - 16:59:29: [SM] Changed map to "dod_orange_cancrelats"
L 07/11/2020 - 16:59:31: -------- Mapchange to dod_orange_cancrelats --------
L 07/11/2020 - 16:59:31: [adminsounds.smx] 62 sounds loaded
L 07/11/2020 - 16:59:33: -------- Mapchange to dod_orange_cancrelats --------
L 07/11/2020 - 16:59:33: [adminsounds.smx] 62 sounds loaded
L 07/11/2020 - 16:59:39: [randomcycle.smx] RandomCycle has chosen dod_4pyramides for the nextmap.
L 07/11/2020 - 17:06:32: [mapchooser.smx] Voting for next map has started.
L 07/11/2020 - 17:10:33: [SM] Changed map to "dod_dust2_snow_xmas"
L 07/11/2020 - 17:10:33: [SM] Changed map to "dod_dust2_snow_xmas"
L 07/11/2020 - 17:10:34: -------- Mapchange to dod_dust2_snow_xmas --------
L 07/11/2020 - 17:10:34: [adminsounds.smx] 62 sounds loaded
L 07/11/2020 - 17:10:37: -------- Mapchange to dod_dust2_snow_xmas --------
L 07/11/2020 - 17:10:37: [adminsounds.smx] 62 sounds loaded
L 07/11/2020 - 17:10:42: [randomcycle.smx] RandomCycle has chosen dod_legoland_b2 for the nextmap.
L 07/11/2020 - 17:17:35: [mapchooser.smx] Voting for next map has started.
L 07/11/2020 - 17:17:43: [mapchooser.smx] Voting for next map has finished. Nextmap: dod_avalanche@night.
L 07/11/2020 - 17:21:37: [SM] Changed map to "dod_avalanche@night"
L 07/11/2020 - 17:21:37: [SM] Changed map to "dod_avalanche@night"
L 07/11/2020 - 17:21:38: -------- Mapchange to dod_avalanche@night --------
L 07/11/2020 - 17:21:39: [adminsounds.smx] 62 sounds loaded
L 07/11/2020 - 17:21:41: -------- Mapchange to dod_avalanche@night --------
L 07/11/2020 - 17:21:41: [adminsounds.smx] 62 sounds loaded
L 07/11/2020 - 17:21:47: [randomcycle.smx] RandomCycle has chosen dod_chocolate_fight_arena for the nextmap.
L 07/11/2020 - 17:28:40: [mapchooser.smx] Voting for next map has started.
L 07/11/2020 - 17:32:41: [SM] Changed map to "dod_cdc_rats_rm"
L 07/11/2020 - 17:32:41: [SM] Changed map to "dod_cdc_rats_rm"
L 07/11/2020 - 17:32:43: -------- Mapchange to dod_cdc_rats_rm --------
L 07/11/2020 - 17:32:43: [adminsounds.smx] 62 sounds loaded
L 07/11/2020 - 17:32:45: -------- Mapchange to dod_cdc_rats_rm --------
L 07/11/2020 - 17:32:45: [adminsounds.smx] 62 sounds loaded
L 07/11/2020 - 17:32:51: [randomcycle.smx] RandomCycle has chosen dod_colmar for the nextmap.
L 07/11/2020 - 17:39:44: [mapchooser.smx] Voting for next map has started.
L 07/11/2020 - 17:43:45: [SM] Changed map to "dod_deux_chateaux_final"
L 07/11/2020 - 17:43:45: [SM] Changed map to "dod_deux_chateaux_final"
L 07/11/2020 - 17:43:46: -------- Mapchange to dod_deux_chateaux_final --------
L 07/11/2020 - 17:43:46: [adminsounds.smx] 62 sounds loaded
L 07/11/2020 - 17:43:49: -------- Mapchange to dod_deux_chateaux_final --------
L 07/11/2020 - 17:43:49: [adminsounds.smx] 62 sounds loaded
L 07/11/2020 - 17:43:54: [randomcycle.smx] RandomCycle has chosen dod_flash for the nextmap.
L 07/11/2020 - 17:50:47: [mapchooser.smx] Voting for next map has started.
L 07/11/2020 - 17:54:48: [SM] Changed map to "cdcmarijuana!"
L 07/11/2020 - 17:54:48: [SM] Changed map to "cdcmarijuana!"
L 07/11/2020 - 17:54:50: -------- Mapchange to cdcmarijuana! --------
L 07/11/2020 - 17:54:50: [adminsounds.smx] 62 sounds loaded
L 07/11/2020 - 17:54:52: -------- Mapchange to cdcmarijuana! --------
L 07/11/2020 - 17:54:52: [adminsounds.smx] 62 sounds loaded
L 07/11/2020 - 17:54:58: [randomcycle.smx] RandomCycle has chosen dod_beer_circus for the nextmap.
L 07/11/2020 - 18:01:51: [mapchooser.smx] Voting for next map has started.
L 07/11/2020 - 18:05:52: [SM] Changed map to "acc_labice"
L 07/11/2020 - 18:05:52: [SM] Changed map to "acc_labice"
L 07/11/2020 - 18:05:54: -------- Mapchange to acc_labice --------
L 07/11/2020 - 18:05:54: [adminsounds.smx] 62 sounds loaded
L 07/11/2020 - 18:05:56: -------- Mapchange to acc_labice --------
L 07/11/2020 - 18:05:56: [adminsounds.smx] 62 sounds loaded
L 07/11/2020 - 18:06:02: [randomcycle.smx] RandomCycle has chosen dod_deux_chateaux_final for the nextmap.
L 07/11/2020 - 18:12:55: [mapchooser.smx] Voting for next map has started.
L 07/11/2020 - 18:16:56: [SM] Changed map to "mario_air"
L 07/11/2020 - 18:16:56: [SM] Changed map to "mario_air"
L 07/11/2020 - 18:16:58: -------- Mapchange to mario_air --------
L 07/11/2020 - 18:16:58: [adminsounds.smx] 62 sounds loaded
L 07/11/2020 - 18:17:00: -------- Mapchange to mario_air --------
L 07/11/2020 - 18:17:00: [adminsounds.smx] 62 sounds loaded
L 07/11/2020 - 18:17:06: [randomcycle.smx] RandomCycle has chosen dod_football_a for the nextmap.
L 07/11/2020 - 18:23:59: [mapchooser.smx] Voting for next map has started.
L 07/11/2020 - 18:28:00: [SM] Changed map to "dod_beer_circus"
L 07/11/2020 - 18:28:00: [SM] Changed map to "dod_beer_circus"
L 07/11/2020 - 18:28:10: -------- Mapchange to dod_beer_circus --------
L 07/11/2020 - 18:28:10: [adminsounds.smx] 62 sounds loaded
L 07/11/2020 - 18:28:20: -------- Mapchange to dod_beer_circus --------
L 07/11/2020 - 18:28:20: [adminsounds.smx] 62 sounds loaded
L 07/11/2020 - 18:28:26: [randomcycle.smx] RandomCycle has chosen dod_bigbunky_v4 for the nextmap.
L 07/11/2020 - 18:35:19: [mapchooser.smx] Voting for next map has started.
L 07/11/2020 - 18:39:20: [SM] Changed map to "dod_solitude_rats"
L 07/11/2020 - 18:39:20: [SM] Changed map to "dod_solitude_rats"
L 07/11/2020 - 18:39:22: -------- Mapchange to dod_solitude_rats --------
L 07/11/2020 - 18:39:22: [adminsounds.smx] 62 sounds loaded
L 07/11/2020 - 18:39:24: -------- Mapchange to dod_solitude_rats --------
L 07/11/2020 - 18:39:24: [adminsounds.smx] 62 sounds loaded
L 07/11/2020 - 18:39:30: [randomcycle.smx] RandomCycle has chosen dod_kalt for the nextmap.
L 07/11/2020 - 18:46:23: [mapchooser.smx] Voting for next map has started.
L 07/11/2020 - 18:50:24: [SM] Changed map to "sniperzone"
L 07/11/2020 - 18:50:24: [SM] Changed map to "sniperzone"
L 07/11/2020 - 18:50:26: -------- Mapchange to sniperzone --------
L 07/11/2020 - 18:50:26: [adminsounds.smx] 62 sounds loaded
L 07/11/2020 - 18:50:28: -------- Mapchange to sniperzone --------
L 07/11/2020 - 18:50:28: [adminsounds.smx] 62 sounds loaded
L 07/11/2020 - 18:50:34: [randomcycle.smx] RandomCycle has chosen dod_orange_castel_evolution for the nextmap.
L 07/11/2020 - 18:57:27: [mapchooser.smx] Voting for next map has started.
L 07/11/2020 - 19:01:28: [SM] Changed map to "dod_orange_cancrelats"
L 07/11/2020 - 19:01:28: [SM] Changed map to "dod_orange_cancrelats"
L 07/11/2020 - 19:01:30: -------- Mapchange to dod_orange_cancrelats --------
L 07/11/2020 - 19:01:30: [adminsounds.smx] 62 sounds loaded
L 07/11/2020 - 19:01:32: -------- Mapchange to dod_orange_cancrelats --------
L 07/11/2020 - 19:01:32: [adminsounds.smx] 62 sounds loaded
L 07/11/2020 - 19:01:38: [randomcycle.smx] RandomCycle has chosen dod_orange_wallhack for the nextmap.
L 07/11/2020 - 19:08:31: [mapchooser.smx] Voting for next map has started.
L 07/11/2020 - 19:12:32: [SM] Changed map to "dod_sand_rats_2006"
L 07/11/2020 - 19:12:32: [SM] Changed map to "dod_sand_rats_2006"
L 07/11/2020 - 19:12:34: -------- Mapchange to dod_sand_rats_2006 --------
L 07/11/2020 - 19:12:34: [adminsounds.smx] 62 sounds loaded
L 07/11/2020 - 19:12:36: -------- Mapchange to dod_sand_rats_2006 --------
L 07/11/2020 - 19:12:36: [adminsounds.smx] 62 sounds loaded
L 07/11/2020 - 19:12:42: [randomcycle.smx] RandomCycle has chosen dod_donner for the nextmap.
L 07/11/2020 - 19:19:35: [mapchooser.smx] Voting for next map has started.
L 07/11/2020 - 19:23:36: [SM] Changed map to "dod_orange_bridges"
L 07/11/2020 - 19:23:36: [SM] Changed map to "dod_orange_bridges"
L 07/11/2020 - 19:23:38: -------- Mapchange to dod_orange_bridges --------
L 07/11/2020 - 19:23:38: [adminsounds.smx] 62 sounds loaded
L 07/11/2020 - 19:23:40: -------- Mapchange to dod_orange_bridges --------
L 07/11/2020 - 19:23:40: [adminsounds.smx] 62 sounds loaded
L 07/11/2020 - 19:23:46: [randomcycle.smx] RandomCycle has chosen dod_chocolate_fight_arena for the nextmap.
L 07/11/2020 - 19:30:39: [mapchooser.smx] Voting for next map has started.
L 07/11/2020 - 19:34:40: [SM] Changed map to "dod_anzio"
L 07/11/2020 - 19:34:40: [SM] Changed map to "dod_anzio"
L 07/11/2020 - 19:34:42: -------- Mapchange to dod_anzio --------
L 07/11/2020 - 19:34:42: [adminsounds.smx] 62 sounds loaded
L 07/11/2020 - 19:34:45: -------- Mapchange to dod_anzio --------
L 07/11/2020 - 19:34:45: [adminsounds.smx] 62 sounds loaded
L 07/11/2020 - 19:34:51: [randomcycle.smx] RandomCycle has chosen dod_avalanche for the nextmap.
L 07/11/2020 - 19:41:44: [mapchooser.smx] Voting for next map has started.
L 07/11/2020 - 19:45:45: [SM] Changed map to "acc_labice"
L 07/11/2020 - 19:45:45: [SM] Changed map to "acc_labice"
L 07/11/2020 - 19:45:47: -------- Mapchange to acc_labice --------
L 07/11/2020 - 19:45:47: [adminsounds.smx] 62 sounds loaded
L 07/11/2020 - 19:45:49: -------- Mapchange to acc_labice --------
L 07/11/2020 - 19:45:49: [adminsounds.smx] 62 sounds loaded
L 07/11/2020 - 19:45:55: [randomcycle.smx] RandomCycle has chosen dod_orange_damier_v2 for the nextmap.
L 07/11/2020 - 19:52:48: [mapchooser.smx] Voting for next map has started.
L 07/11/2020 - 19:56:49: [SM] Changed map to "dod_sand_rats_2006"
L 07/11/2020 - 19:56:49: [SM] Changed map to "dod_sand_rats_2006"
L 07/11/2020 - 19:56:51: -------- Mapchange to dod_sand_rats_2006 --------
L 07/11/2020 - 19:56:51: [adminsounds.smx] 62 sounds loaded
L 07/11/2020 - 19:56:54: -------- Mapchange to dod_sand_rats_2006 --------
L 07/11/2020 - 19:56:54: [adminsounds.smx] 62 sounds loaded
L 07/11/2020 - 19:56:59: [randomcycle.smx] RandomCycle has chosen dod_bunky2_modified for the nextmap.
L 07/11/2020 - 20:03:52: [mapchooser.smx] Voting for next map has started.
L 07/11/2020 - 20:07:54: [SM] Changed map to "dod_orange_wallhack"
L 07/11/2020 - 20:07:54: [SM] Changed map to "dod_orange_wallhack"
L 07/11/2020 - 20:07:55: -------- Mapchange to dod_orange_wallhack --------
L 07/11/2020 - 20:07:55: [adminsounds.smx] 62 sounds loaded
L 07/11/2020 - 20:07:58: -------- Mapchange to dod_orange_wallhack --------
L 07/11/2020 - 20:07:58: [adminsounds.smx] 62 sounds loaded
L 07/11/2020 - 20:08:04: [randomcycle.smx] RandomCycle has chosen dod_iceworld_final_[bds]_doc for the nextmap.
L 07/11/2020 - 20:14:57: [mapchooser.smx] Voting for next map has started.
L 07/11/2020 - 20:18:58: [SM] Changed map to "dod_avalanche@night"
L 07/11/2020 - 20:18:58: [SM] Changed map to "dod_avalanche@night"
L 07/11/2020 - 20:19:00: -------- Mapchange to dod_avalanche@night --------
L 07/11/2020 - 20:19:00: [adminsounds.smx] 62 sounds loaded
L 07/11/2020 - 20:19:03: -------- Mapchange to dod_avalanche@night --------
L 07/11/2020 - 20:19:03: [adminsounds.smx] 62 sounds loaded
L 07/11/2020 - 20:19:08: [randomcycle.smx] RandomCycle has chosen dod_orange_sniper for the nextmap.
L 07/11/2020 - 20:26:01: [mapchooser.smx] Voting for next map has started.
L 07/11/2020 - 20:30:03: [SM] Changed map to "dod_cdc_rats_rm"
L 07/11/2020 - 20:30:03: [SM] Changed map to "dod_cdc_rats_rm"
L 07/11/2020 - 20:30:04: -------- Mapchange to dod_cdc_rats_rm --------
L 07/11/2020 - 20:30:04: [adminsounds.smx] 62 sounds loaded
L 07/11/2020 - 20:30:07: -------- Mapchange to dod_cdc_rats_rm --------
L 07/11/2020 - 20:30:07: [adminsounds.smx] 62 sounds loaded
L 07/11/2020 - 20:30:13: [randomcycle.smx] RandomCycle has chosen dod_bigbunky_v4 for the nextmap.
L 07/11/2020 - 20:37:06: [mapchooser.smx] Voting for next map has started.
L 07/11/2020 - 20:41:07: [SM] Changed map to "babyfight_arena"
L 07/11/2020 - 20:41:07: [SM] Changed map to "babyfight_arena"
L 07/11/2020 - 20:41:08: -------- Mapchange to babyfight_arena --------
L 07/11/2020 - 20:41:08: [adminsounds.smx] 62 sounds loaded
L 07/11/2020 - 20:41:11: -------- Mapchange to babyfight_arena --------
L 07/11/2020 - 20:41:11: [adminsounds.smx] 62 sounds loaded
L 07/11/2020 - 20:41:17: [randomcycle.smx] RandomCycle has chosen dod_risk_b9 for the nextmap.
L 07/11/2020 - 20:48:10: [mapchooser.smx] Voting for next map has started.
L 07/11/2020 - 20:52:11: [SM] Changed map to "dod_beer_circus"
L 07/11/2020 - 20:52:11: [SM] Changed map to "dod_beer_circus"
L 07/11/2020 - 20:52:21: -------- Mapchange to dod_beer_circus --------
L 07/11/2020 - 20:52:21: [adminsounds.smx] 62 sounds loaded
L 07/11/2020 - 20:52:32: -------- Mapchange to dod_beer_circus --------
L 07/11/2020 - 20:52:32: [adminsounds.smx] 62 sounds loaded
L 07/11/2020 - 20:52:37: [randomcycle.smx] RandomCycle has chosen dod_kalt for the nextmap.
L 07/11/2020 - 20:59:30: [mapchooser.smx] Voting for next map has started.
L 07/11/2020 - 21:03:31: [SM] Changed map to "dod_football_a"
L 07/11/2020 - 21:03:31: [SM] Changed map to "dod_football_a"
L 07/11/2020 - 21:03:33: -------- Mapchange to dod_football_a --------
L 07/11/2020 - 21:03:33: [adminsounds.smx] 62 sounds loaded
L 07/11/2020 - 21:03:36: -------- Mapchange to dod_football_a --------
L 07/11/2020 - 21:03:36: [adminsounds.smx] 62 sounds loaded
L 07/11/2020 - 21:03:42: [randomcycle.smx] RandomCycle has chosen babyfight_arena for the nextmap.
L 07/11/2020 - 21:10:35: [mapchooser.smx] Voting for next map has started.
L 07/11/2020 - 21:14:36: [SM] Changed map to "dod_orange_castel_evolution"
L 07/11/2020 - 21:14:36: [SM] Changed map to "dod_orange_castel_evolution"
L 07/11/2020 - 21:14:37: -------- Mapchange to dod_orange_castel_evolution --------
L 07/11/2020 - 21:14:37: [adminsounds.smx] 62 sounds loaded
L 07/11/2020 - 21:14:40: -------- Mapchange to dod_orange_castel_evolution --------
L 07/11/2020 - 21:14:40: [adminsounds.smx] 62 sounds loaded
L 07/11/2020 - 21:14:46: [randomcycle.smx] RandomCycle has chosen dod_deux_chateaux_final for the nextmap.
L 07/11/2020 - 21:21:39: [mapchooser.smx] Voting for next map has started.
L 07/11/2020 - 21:25:40: [SM] Changed map to "dod_kalt"
L 07/11/2020 - 21:25:40: [SM] Changed map to "dod_kalt"
L 07/11/2020 - 21:25:42: -------- Mapchange to dod_kalt --------
L 07/11/2020 - 21:25:42: [adminsounds.smx] 62 sounds loaded
L 07/11/2020 - 21:25:45: -------- Mapchange to dod_kalt --------
L 07/11/2020 - 21:25:45: [adminsounds.smx] 62 sounds loaded
L 07/11/2020 - 21:25:51: [randomcycle.smx] RandomCycle has chosen dod_sand_rats_2006 for the nextmap.
L 07/11/2020 - 21:32:44: [mapchooser.smx] Voting for next map has started.
L 07/11/2020 - 21:36:45: [SM] Changed map to "dod_sniper_wars_beta"
L 07/11/2020 - 21:36:45: [SM] Changed map to "dod_sniper_wars_beta"
L 07/11/2020 - 21:36:47: -------- Mapchange to dod_sniper_wars_beta --------
L 07/11/2020 - 21:36:47: [adminsounds.smx] 62 sounds loaded
L 07/11/2020 - 21:36:50: -------- Mapchange to dod_sniper_wars_beta --------
L 07/11/2020 - 21:36:50: [adminsounds.smx] 62 sounds loaded
L 07/11/2020 - 21:36:55: [randomcycle.smx] RandomCycle has chosen dod_anzio for the nextmap.
L 07/11/2020 - 21:43:49: [mapchooser.smx] Voting for next map has started.
L 07/11/2020 - 21:47:50: [SM] Changed map to "dod_avalanche@night"
L 07/11/2020 - 21:47:50: [SM] Changed map to "dod_avalanche@night"
L 07/11/2020 - 21:47:52: -------- Mapchange to dod_avalanche@night --------
L 07/11/2020 - 21:47:52: [adminsounds.smx] 62 sounds loaded
L 07/11/2020 - 21:47:54: -------- Mapchange to dod_avalanche@night --------
L 07/11/2020 - 21:47:55: [adminsounds.smx] 62 sounds loaded
L 07/11/2020 - 21:48:00: [randomcycle.smx] RandomCycle has chosen dod_avalanche for the nextmap.
L 07/11/2020 - 21:54:53: [mapchooser.smx] Voting for next map has started.
L 07/11/2020 - 21:58:54: [SM] Changed map to "dod_argentan"
L 07/11/2020 - 21:58:55: [SM] Changed map to "dod_argentan"
L 07/11/2020 - 21:58:57: -------- Mapchange to dod_argentan --------
L 07/11/2020 - 21:58:57: [adminsounds.smx] 62 sounds loaded
L 07/11/2020 - 21:59:00: -------- Mapchange to dod_argentan --------
L 07/11/2020 - 21:59:00: [adminsounds.smx] 62 sounds loaded
L 07/11/2020 - 21:59:06: [randomcycle.smx] RandomCycle has chosen dod_orange_wallhack for the nextmap.
L 07/11/2020 - 22:05:59: [mapchooser.smx] Voting for next map has started.
L 07/11/2020 - 22:10:00: [SM] Changed map to "dod_sewer_rats_b1"
L 07/11/2020 - 22:10:00: [SM] Changed map to "dod_sewer_rats_b1"
L 07/11/2020 - 22:10:01: -------- Mapchange to dod_sewer_rats_b1 --------
L 07/11/2020 - 22:10:01: [adminsounds.smx] 62 sounds loaded
L 07/11/2020 - 22:10:04: -------- Mapchange to dod_sewer_rats_b1 --------
L 07/11/2020 - 22:10:04: [adminsounds.smx] 62 sounds loaded
L 07/11/2020 - 22:10:10: [randomcycle.smx] RandomCycle has chosen dod_argentan for the nextmap.
L 07/11/2020 - 22:17:03: [mapchooser.smx] Voting for next map has started.
L 07/11/2020 - 22:21:04: [SM] Changed map to "dod_4pyramides"
L 07/11/2020 - 22:21:04: [SM] Changed map to "dod_4pyramides"
L 07/11/2020 - 22:21:06: -------- Mapchange to dod_4pyramides --------
L 07/11/2020 - 22:21:06: [adminsounds.smx] 62 sounds loaded
L 07/11/2020 - 22:21:09: -------- Mapchange to dod_4pyramides --------
L 07/11/2020 - 22:21:09: [adminsounds.smx] 62 sounds loaded
L 07/11/2020 - 22:21:15: [randomcycle.smx] RandomCycle has chosen dod_sniperarena_dgs2 for the nextmap.
L 07/11/2020 - 22:28:08: [mapchooser.smx] Voting for next map has started.
L 07/11/2020 - 22:32:09: [SM] Changed map to "dod_cdc_rats_rm"
L 07/11/2020 - 22:32:09: [SM] Changed map to "dod_cdc_rats_rm"
L 07/11/2020 - 22:32:10: -------- Mapchange to dod_cdc_rats_rm --------
L 07/11/2020 - 22:32:10: [adminsounds.smx] 62 sounds loaded
L 07/11/2020 - 22:32:13: -------- Mapchange to dod_cdc_rats_rm --------
L 07/11/2020 - 22:32:13: [adminsounds.smx] 62 sounds loaded
L 07/11/2020 - 22:32:19: [randomcycle.smx] RandomCycle has chosen dod_solitude_rats for the nextmap.
L 07/11/2020 - 22:39:12: [mapchooser.smx] Voting for next map has started.
L 07/11/2020 - 22:43:13: [SM] Changed map to "dod_orange_cancrelats"
L 07/11/2020 - 22:43:13: [SM] Changed map to "dod_orange_cancrelats"
L 07/11/2020 - 22:43:15: -------- Mapchange to dod_orange_cancrelats --------
L 07/11/2020 - 22:43:15: [adminsounds.smx] 62 sounds loaded
L 07/11/2020 - 22:43:17: -------- Mapchange to dod_orange_cancrelats --------
L 07/11/2020 - 22:43:17: [adminsounds.smx] 62 sounds loaded
L 07/11/2020 - 22:43:23: [randomcycle.smx] RandomCycle has chosen dod_avalanche@night for the nextmap.
L 07/11/2020 - 22:50:16: [mapchooser.smx] Voting for next map has started.
L 07/11/2020 - 22:54:17: [SM] Changed map to "dod_orange_castel_evolution"
L 07/11/2020 - 22:54:17: [SM] Changed map to "dod_orange_castel_evolution"
L 07/11/2020 - 22:54:19: -------- Mapchange to dod_orange_castel_evolution --------
L 07/11/2020 - 22:54:19: [adminsounds.smx] 62 sounds loaded
L 07/11/2020 - 22:54:22: -------- Mapchange to dod_orange_castel_evolution --------
L 07/11/2020 - 22:54:22: [adminsounds.smx] 62 sounds loaded
L 07/11/2020 - 22:54:28: [randomcycle.smx] RandomCycle has chosen dod_legoland_b2 for the nextmap.
L 07/11/2020 - 23:01:21: [mapchooser.smx] Voting for next map has started.
L 07/11/2020 - 23:05:22: [SM] Changed map to "sniperzone"
L 07/11/2020 - 23:05:22: [SM] Changed map to "sniperzone"
L 07/11/2020 - 23:05:24: -------- Mapchange to sniperzone --------
L 07/11/2020 - 23:05:24: [adminsounds.smx] 62 sounds loaded
L 07/11/2020 - 23:05:27: -------- Mapchange to sniperzone --------
L 07/11/2020 - 23:05:27: [adminsounds.smx] 62 sounds loaded
L 07/11/2020 - 23:05:33: [randomcycle.smx] RandomCycle has chosen dod_donner for the nextmap.
L 07/11/2020 - 23:12:26: [mapchooser.smx] Voting for next map has started.
L 07/11/2020 - 23:16:27: [SM] Changed map to "dod_chocolate_fight_arena"
L 07/11/2020 - 23:16:27: [SM] Changed map to "dod_chocolate_fight_arena"
L 07/11/2020 - 23:16:29: -------- Mapchange to dod_chocolate_fight_arena --------
L 07/11/2020 - 23:16:29: [adminsounds.smx] 62 sounds loaded
L 07/11/2020 - 23:16:31: -------- Mapchange to dod_chocolate_fight_arena --------
L 07/11/2020 - 23:16:31: [adminsounds.smx] 62 sounds loaded
L 07/11/2020 - 23:16:37: [randomcycle.smx] RandomCycle has chosen mario_air for the nextmap.
L 07/11/2020 - 23:23:30: [mapchooser.smx] Voting for next map has started.
L 07/11/2020 - 23:27:31: [SM] Changed map to "dod_risk_b9"
L 07/11/2020 - 23:27:31: [SM] Changed map to "dod_risk_b9"
L 07/11/2020 - 23:27:35: -------- Mapchange to dod_risk_b9 --------
L 07/11/2020 - 23:27:35: [adminsounds.smx] 62 sounds loaded
L 07/11/2020 - 23:27:39: -------- Mapchange to dod_risk_b9 --------
L 07/11/2020 - 23:27:39: [adminsounds.smx] 62 sounds loaded
L 07/11/2020 - 23:27:45: [randomcycle.smx] RandomCycle has chosen dod_football_a for the nextmap.
L 07/11/2020 - 23:34:38: [mapchooser.smx] Voting for next map has started.
L 07/11/2020 - 23:38:39: [SM] Changed map to "babyfight_arena"
L 07/11/2020 - 23:38:39: [SM] Changed map to "babyfight_arena"
L 07/11/2020 - 23:38:41: -------- Mapchange to babyfight_arena --------
L 07/11/2020 - 23:38:41: [adminsounds.smx] 62 sounds loaded
L 07/11/2020 - 23:38:44: -------- Mapchange to babyfight_arena --------
L 07/11/2020 - 23:38:44: [adminsounds.smx] 62 sounds loaded
L 07/11/2020 - 23:38:50: [randomcycle.smx] RandomCycle has chosen dod_deux_chateaux_final for the nextmap.
L 07/11/2020 - 23:45:43: [mapchooser.smx] Voting for next map has started.
L 07/11/2020 - 23:49:44: [SM] Changed map to "dod_football_a"
L 07/11/2020 - 23:49:44: [SM] Changed map to "dod_football_a"
L 07/11/2020 - 23:49:46: -------- Mapchange to dod_football_a --------
L 07/11/2020 - 23:49:46: [adminsounds.smx] 62 sounds loaded
L 07/11/2020 - 23:49:49: -------- Mapchange to dod_football_a --------
L 07/11/2020 - 23:49:49: [adminsounds.smx] 62 sounds loaded
L 07/11/2020 - 23:49:55: [randomcycle.smx] RandomCycle has chosen dod_iceworld_final_[bds]_doc for the nextmap.
L 07/11/2020 - 23:56:48: [mapchooser.smx] Voting for next map has started.
L 07/12/2020 - 00:00:49: Log file closed.
