L 07/06/2020 - 00:06:43: SourceMod log file session started (file "/home/srvdod/srcds/dod_s/dod/addons/sourcemod/logs/L20200706.log") (Version "1.10.0.6490")
L 07/06/2020 - 00:06:43: [mapchooser.smx] Voting for next map has started.
L 07/06/2020 - 00:10:44: [SM] Changed map to "dod_jagd"
L 07/06/2020 - 00:10:44: [SM] Changed map to "dod_jagd"
L 07/06/2020 - 00:10:47: -------- Mapchange to dod_jagd --------
L 07/06/2020 - 00:10:47: [adminsounds.smx] 0 sounds loaded
L 07/06/2020 - 00:10:49: -------- Mapchange to dod_jagd --------
L 07/06/2020 - 00:10:49: [adminsounds.smx] 0 sounds loaded
L 07/06/2020 - 00:10:54: [randomcycle.smx] RandomCycle has chosen dod_iceworld_final_[bds]_doc for the nextmap.
L 07/06/2020 - 00:17:47: [mapchooser.smx] Voting for next map has started.
L 07/06/2020 - 00:21:49: [SM] Changed map to "dod_orange_damier_v2"
L 07/06/2020 - 00:21:49: [SM] Changed map to "dod_orange_damier_v2"
L 07/06/2020 - 00:21:50: -------- Mapchange to dod_orange_damier_v2 --------
L 07/06/2020 - 00:21:50: [adminsounds.smx] 0 sounds loaded
L 07/06/2020 - 00:21:51: -------- Mapchange to dod_orange_damier_v2 --------
L 07/06/2020 - 00:21:51: [adminsounds.smx] 0 sounds loaded
L 07/06/2020 - 00:21:56: [randomcycle.smx] RandomCycle has chosen dod_bunky2_modified for the nextmap.
L 07/06/2020 - 00:28:49: [mapchooser.smx] Voting for next map has started.
L 07/06/2020 - 00:32:50: [SM] Changed map to "sniperzone"
L 07/06/2020 - 00:32:50: [SM] Changed map to "sniperzone"
L 07/06/2020 - 00:32:51: -------- Mapchange to sniperzone --------
L 07/06/2020 - 00:32:51: [adminsounds.smx] 0 sounds loaded
L 07/06/2020 - 00:32:52: -------- Mapchange to sniperzone --------
L 07/06/2020 - 00:32:52: [adminsounds.smx] 0 sounds loaded
L 07/06/2020 - 00:32:56: [randomcycle.smx] RandomCycle has chosen dod_monopoly_source for the nextmap.
L 07/06/2020 - 00:39:50: [mapchooser.smx] Voting for next map has started.
L 07/06/2020 - 00:43:51: [SM] Changed map to "dod_sewer_rats_b1"
L 07/06/2020 - 00:43:51: [SM] Changed map to "dod_sewer_rats_b1"
L 07/06/2020 - 00:43:51: -------- Mapchange to dod_sewer_rats_b1 --------
L 07/06/2020 - 00:43:51: [adminsounds.smx] 0 sounds loaded
L 07/06/2020 - 00:43:52: -------- Mapchange to dod_sewer_rats_b1 --------
L 07/06/2020 - 00:43:52: [adminsounds.smx] 0 sounds loaded
L 07/06/2020 - 00:43:57: [randomcycle.smx] RandomCycle has chosen dod_orange_wallhack for the nextmap.
L 07/06/2020 - 00:50:50: [mapchooser.smx] Voting for next map has started.
L 07/06/2020 - 00:54:51: [SM] Changed map to "dod_donner"
L 07/06/2020 - 00:54:51: [SM] Changed map to "dod_donner"
L 07/06/2020 - 00:54:52: -------- Mapchange to dod_donner --------
L 07/06/2020 - 00:54:53: [adminsounds.smx] 0 sounds loaded
L 07/06/2020 - 00:54:54: -------- Mapchange to dod_donner --------
L 07/06/2020 - 00:54:54: [adminsounds.smx] 0 sounds loaded
L 07/06/2020 - 00:54:59: [randomcycle.smx] RandomCycle has chosen dod_colmar for the nextmap.
L 07/06/2020 - 01:01:52: [mapchooser.smx] Voting for next map has started.
L 07/06/2020 - 01:05:53: [SM] Changed map to "dod_colmar"
L 07/06/2020 - 01:05:53: [SM] Changed map to "dod_colmar"
L 07/06/2020 - 01:05:54: -------- Mapchange to dod_colmar --------
L 07/06/2020 - 01:05:55: [adminsounds.smx] 0 sounds loaded
L 07/06/2020 - 01:05:56: -------- Mapchange to dod_colmar --------
L 07/06/2020 - 01:05:56: [adminsounds.smx] 0 sounds loaded
L 07/06/2020 - 01:06:01: [randomcycle.smx] RandomCycle has chosen dod_rats for the nextmap.
L 07/06/2020 - 01:12:54: [mapchooser.smx] Voting for next map has started.
L 07/06/2020 - 01:16:55: [SM] Changed map to "dod_flash"
L 07/06/2020 - 01:16:55: [SM] Changed map to "dod_flash"
L 07/06/2020 - 01:16:56: -------- Mapchange to dod_flash --------
L 07/06/2020 - 01:16:57: [adminsounds.smx] 0 sounds loaded
L 07/06/2020 - 01:16:58: -------- Mapchange to dod_flash --------
L 07/06/2020 - 01:16:58: [adminsounds.smx] 0 sounds loaded
L 07/06/2020 - 01:17:03: [randomcycle.smx] RandomCycle has chosen dod_orange_castel_evolution for the nextmap.
L 07/06/2020 - 01:23:56: [mapchooser.smx] Voting for next map has started.
L 07/06/2020 - 01:27:57: [SM] Changed map to "dod_dli_football_b1"
L 07/06/2020 - 01:27:57: [SM] Changed map to "dod_dli_football_b1"
L 07/06/2020 - 01:27:58: -------- Mapchange to dod_dli_football_b1 --------
L 07/06/2020 - 01:27:58: [adminsounds.smx] 0 sounds loaded
L 07/06/2020 - 01:27:58: -------- Mapchange to dod_dli_football_b1 --------
L 07/06/2020 - 01:27:59: [adminsounds.smx] 0 sounds loaded
L 07/06/2020 - 01:28:04: [randomcycle.smx] RandomCycle has chosen dod_donner for the nextmap.
L 07/06/2020 - 01:34:57: [mapchooser.smx] Voting for next map has started.
L 07/06/2020 - 01:38:58: [SM] Changed map to "dod_orange_damier_v2"
L 07/06/2020 - 01:38:58: [SM] Changed map to "dod_orange_damier_v2"
L 07/06/2020 - 01:38:58: -------- Mapchange to dod_orange_damier_v2 --------
L 07/06/2020 - 01:38:58: [adminsounds.smx] 0 sounds loaded
L 07/06/2020 - 01:38:59: -------- Mapchange to dod_orange_damier_v2 --------
L 07/06/2020 - 01:38:59: [adminsounds.smx] 0 sounds loaded
L 07/06/2020 - 01:39:04: [randomcycle.smx] RandomCycle has chosen dod_kalt for the nextmap.
L 07/06/2020 - 01:45:57: [mapchooser.smx] Voting for next map has started.
L 07/06/2020 - 01:49:58: [SM] Changed map to "dod_chocolate_fight_arena"
L 07/06/2020 - 01:49:58: [SM] Changed map to "dod_chocolate_fight_arena"
L 07/06/2020 - 01:49:59: -------- Mapchange to dod_chocolate_fight_arena --------
L 07/06/2020 - 01:50:00: [adminsounds.smx] 0 sounds loaded
L 07/06/2020 - 01:50:00: -------- Mapchange to dod_chocolate_fight_arena --------
L 07/06/2020 - 01:50:01: [adminsounds.smx] 0 sounds loaded
L 07/06/2020 - 01:50:05: [randomcycle.smx] RandomCycle has chosen dod_deux_chateaux_final for the nextmap.
L 07/06/2020 - 01:56:59: [mapchooser.smx] Voting for next map has started.
L 07/06/2020 - 02:01:00: [SM] Changed map to "dod_dust2_snow_xmas"
L 07/06/2020 - 02:01:00: [SM] Changed map to "dod_dust2_snow_xmas"
L 07/06/2020 - 02:01:00: -------- Mapchange to dod_dust2_snow_xmas --------
L 07/06/2020 - 02:01:01: [adminsounds.smx] 0 sounds loaded
L 07/06/2020 - 02:01:01: -------- Mapchange to dod_dust2_snow_xmas --------
L 07/06/2020 - 02:01:02: [adminsounds.smx] 0 sounds loaded
L 07/06/2020 - 02:01:07: [randomcycle.smx] RandomCycle has chosen dod_dli_football_b1 for the nextmap.
L 07/06/2020 - 02:08:00: [mapchooser.smx] Voting for next map has started.
L 07/06/2020 - 02:12:01: [SM] Changed map to "dod_oasis_v1a"
L 07/06/2020 - 02:12:01: [SM] Changed map to "dod_oasis_v1a"
L 07/06/2020 - 02:12:02: -------- Mapchange to dod_oasis_v1a --------
L 07/06/2020 - 02:12:02: [adminsounds.smx] 0 sounds loaded
L 07/06/2020 - 02:12:03: -------- Mapchange to dod_oasis_v1a --------
L 07/06/2020 - 02:12:03: [adminsounds.smx] 0 sounds loaded
L 07/06/2020 - 02:12:08: [randomcycle.smx] RandomCycle has chosen cdcmarijuana! for the nextmap.
L 07/06/2020 - 02:19:01: [mapchooser.smx] Voting for next map has started.
L 07/06/2020 - 02:23:02: [SM] Changed map to "dod_sniper_wars_beta"
L 07/06/2020 - 02:23:02: [SM] Changed map to "dod_sniper_wars_beta"
L 07/06/2020 - 02:23:03: -------- Mapchange to dod_sniper_wars_beta --------
L 07/06/2020 - 02:23:03: [adminsounds.smx] 0 sounds loaded
L 07/06/2020 - 02:23:03: -------- Mapchange to dod_sniper_wars_beta --------
L 07/06/2020 - 02:23:03: [adminsounds.smx] 0 sounds loaded
L 07/06/2020 - 02:23:08: [randomcycle.smx] RandomCycle has chosen mario_air for the nextmap.
L 07/06/2020 - 02:30:02: [mapchooser.smx] Voting for next map has started.
L 07/06/2020 - 02:34:03: [SM] Changed map to "dod_fullhouse"
L 07/06/2020 - 02:34:03: [SM] Changed map to "dod_fullhouse"
L 07/06/2020 - 02:34:04: -------- Mapchange to dod_fullhouse --------
L 07/06/2020 - 02:34:04: [adminsounds.smx] 0 sounds loaded
L 07/06/2020 - 02:34:05: -------- Mapchange to dod_fullhouse --------
L 07/06/2020 - 02:34:05: [adminsounds.smx] 0 sounds loaded
L 07/06/2020 - 02:34:10: [randomcycle.smx] RandomCycle has chosen dod_avalanche for the nextmap.
L 07/06/2020 - 02:41:03: [mapchooser.smx] Voting for next map has started.
L 07/06/2020 - 02:45:04: [SM] Changed map to "dod_murky_p2"
L 07/06/2020 - 02:45:04: [SM] Changed map to "dod_murky_p2"
L 07/06/2020 - 02:45:05: -------- Mapchange to dod_murky_p2 --------
L 07/06/2020 - 02:45:05: [adminsounds.smx] 0 sounds loaded
L 07/06/2020 - 02:45:06: -------- Mapchange to dod_murky_p2 --------
L 07/06/2020 - 02:45:07: [adminsounds.smx] 0 sounds loaded
L 07/06/2020 - 02:45:12: [randomcycle.smx] RandomCycle has chosen dod_mousekitchen_ed for the nextmap.
L 07/06/2020 - 02:52:05: [mapchooser.smx] Voting for next map has started.
L 07/06/2020 - 02:56:06: [SM] Changed map to "dod_dli_football_b1"
L 07/06/2020 - 02:56:06: [SM] Changed map to "dod_dli_football_b1"
L 07/06/2020 - 02:56:07: -------- Mapchange to dod_dli_football_b1 --------
L 07/06/2020 - 02:56:07: [adminsounds.smx] 0 sounds loaded
L 07/06/2020 - 02:56:08: -------- Mapchange to dod_dli_football_b1 --------
L 07/06/2020 - 02:56:08: [adminsounds.smx] 0 sounds loaded
L 07/06/2020 - 02:56:13: [randomcycle.smx] RandomCycle has chosen dod_4pyramides for the nextmap.
L 07/06/2020 - 03:03:06: [mapchooser.smx] Voting for next map has started.
L 07/06/2020 - 03:07:07: [SM] Changed map to "dod_oasis_v1a"
L 07/06/2020 - 03:07:07: [SM] Changed map to "dod_oasis_v1a"
L 07/06/2020 - 03:07:08: -------- Mapchange to dod_oasis_v1a --------
L 07/06/2020 - 03:07:08: [adminsounds.smx] 0 sounds loaded
L 07/06/2020 - 03:07:09: -------- Mapchange to dod_oasis_v1a --------
L 07/06/2020 - 03:07:09: [adminsounds.smx] 0 sounds loaded
L 07/06/2020 - 03:07:14: [randomcycle.smx] RandomCycle has chosen dod_fullhouse for the nextmap.
L 07/06/2020 - 03:14:07: [mapchooser.smx] Voting for next map has started.
L 07/06/2020 - 03:18:08: [SM] Changed map to "acc_labice"
L 07/06/2020 - 03:18:08: [SM] Changed map to "acc_labice"
L 07/06/2020 - 03:18:09: -------- Mapchange to acc_labice --------
L 07/06/2020 - 03:18:09: [adminsounds.smx] 0 sounds loaded
L 07/06/2020 - 03:18:10: -------- Mapchange to acc_labice --------
L 07/06/2020 - 03:18:10: [adminsounds.smx] 0 sounds loaded
L 07/06/2020 - 03:18:15: [randomcycle.smx] RandomCycle has chosen dod_murky_p2 for the nextmap.
L 07/06/2020 - 03:25:08: [mapchooser.smx] Voting for next map has started.
L 07/06/2020 - 03:29:09: [SM] Changed map to "dod_sniper_wars_beta"
L 07/06/2020 - 03:29:09: [SM] Changed map to "dod_sniper_wars_beta"
L 07/06/2020 - 03:29:10: -------- Mapchange to dod_sniper_wars_beta --------
L 07/06/2020 - 03:29:10: [adminsounds.smx] 0 sounds loaded
L 07/06/2020 - 03:29:11: -------- Mapchange to dod_sniper_wars_beta --------
L 07/06/2020 - 03:29:11: [adminsounds.smx] 0 sounds loaded
L 07/06/2020 - 03:29:16: [randomcycle.smx] RandomCycle has chosen dod_flash for the nextmap.
L 07/06/2020 - 03:36:09: [mapchooser.smx] Voting for next map has started.
L 07/06/2020 - 03:40:10: [SM] Changed map to "babyfight_arena"
L 07/06/2020 - 03:40:10: [SM] Changed map to "babyfight_arena"
L 07/06/2020 - 03:40:11: -------- Mapchange to babyfight_arena --------
L 07/06/2020 - 03:40:11: [adminsounds.smx] 0 sounds loaded
L 07/06/2020 - 03:40:12: -------- Mapchange to babyfight_arena --------
L 07/06/2020 - 03:40:13: [adminsounds.smx] 0 sounds loaded
L 07/06/2020 - 03:40:18: [randomcycle.smx] RandomCycle has chosen dod_chocolate_fight_arena for the nextmap.
L 07/06/2020 - 03:47:11: [mapchooser.smx] Voting for next map has started.
L 07/06/2020 - 03:51:12: [SM] Changed map to "dod_cdc_rats_rm"
L 07/06/2020 - 03:51:12: [SM] Changed map to "dod_cdc_rats_rm"
L 07/06/2020 - 03:51:13: -------- Mapchange to dod_cdc_rats_rm --------
L 07/06/2020 - 03:51:13: [adminsounds.smx] 0 sounds loaded
L 07/06/2020 - 03:51:14: -------- Mapchange to dod_cdc_rats_rm --------
L 07/06/2020 - 03:51:14: [adminsounds.smx] 0 sounds loaded
L 07/06/2020 - 03:51:19: [randomcycle.smx] RandomCycle has chosen dod_sniper_wars_beta for the nextmap.
L 07/06/2020 - 03:58:12: [mapchooser.smx] Voting for next map has started.
L 07/06/2020 - 04:02:13: [SM] Changed map to "dod_dust2_snow_xmas"
L 07/06/2020 - 04:02:13: [SM] Changed map to "dod_dust2_snow_xmas"
L 07/06/2020 - 04:02:14: -------- Mapchange to dod_dust2_snow_xmas --------
L 07/06/2020 - 04:02:14: [adminsounds.smx] 0 sounds loaded
L 07/06/2020 - 04:02:15: -------- Mapchange to dod_dust2_snow_xmas --------
L 07/06/2020 - 04:02:15: [adminsounds.smx] 0 sounds loaded
L 07/06/2020 - 04:02:20: [randomcycle.smx] RandomCycle has chosen dod_aimap_b1 for the nextmap.
L 07/06/2020 - 04:09:14: [mapchooser.smx] Voting for next map has started.
L 07/06/2020 - 04:13:15: [SM] Changed map to "dod_murky_p2"
L 07/06/2020 - 04:13:15: [SM] Changed map to "dod_murky_p2"
L 07/06/2020 - 04:13:15: -------- Mapchange to dod_murky_p2 --------
L 07/06/2020 - 04:13:15: [adminsounds.smx] 0 sounds loaded
L 07/06/2020 - 04:13:16: -------- Mapchange to dod_murky_p2 --------
L 07/06/2020 - 04:13:17: [adminsounds.smx] 0 sounds loaded
L 07/06/2020 - 04:13:22: [randomcycle.smx] RandomCycle has chosen dod_anzio for the nextmap.
L 07/06/2020 - 04:20:15: [mapchooser.smx] Voting for next map has started.
L 07/06/2020 - 04:24:16: [SM] Changed map to "dod_orange_castel_evolution"
L 07/06/2020 - 04:24:16: [SM] Changed map to "dod_orange_castel_evolution"
L 07/06/2020 - 04:24:17: -------- Mapchange to dod_orange_castel_evolution --------
L 07/06/2020 - 04:24:17: [adminsounds.smx] 0 sounds loaded
L 07/06/2020 - 04:24:18: -------- Mapchange to dod_orange_castel_evolution --------
L 07/06/2020 - 04:24:18: [adminsounds.smx] 0 sounds loaded
L 07/06/2020 - 04:24:23: [randomcycle.smx] RandomCycle has chosen babyfight_arena for the nextmap.
L 07/06/2020 - 04:31:16: [mapchooser.smx] Voting for next map has started.
L 07/06/2020 - 04:35:17: [SM] Changed map to "cdcmarijuana!"
L 07/06/2020 - 04:35:17: [SM] Changed map to "cdcmarijuana!"
L 07/06/2020 - 04:35:18: -------- Mapchange to cdcmarijuana! --------
L 07/06/2020 - 04:35:18: [adminsounds.smx] 0 sounds loaded
L 07/06/2020 - 04:35:19: -------- Mapchange to cdcmarijuana! --------
L 07/06/2020 - 04:35:19: [adminsounds.smx] 0 sounds loaded
L 07/06/2020 - 04:35:24: [randomcycle.smx] RandomCycle has chosen dod_sewer_rats_b1 for the nextmap.
L 07/06/2020 - 04:42:17: [mapchooser.smx] Voting for next map has started.
L 07/06/2020 - 04:46:18: [SM] Changed map to "dod_anzio"
L 07/06/2020 - 04:46:18: [SM] Changed map to "dod_anzio"
L 07/06/2020 - 04:46:21: -------- Mapchange to dod_anzio --------
L 07/06/2020 - 04:46:21: [adminsounds.smx] 0 sounds loaded
L 07/06/2020 - 04:46:22: -------- Mapchange to dod_anzio --------
L 07/06/2020 - 04:46:22: [adminsounds.smx] 0 sounds loaded
L 07/06/2020 - 04:46:27: [randomcycle.smx] RandomCycle has chosen dod_jagd for the nextmap.
L 07/06/2020 - 04:53:21: [mapchooser.smx] Voting for next map has started.
L 07/06/2020 - 04:57:21: [SM] Changed map to "dod_donner"
L 07/06/2020 - 04:57:21: [SM] Changed map to "dod_donner"
L 07/06/2020 - 04:57:23: -------- Mapchange to dod_donner --------
L 07/06/2020 - 04:57:23: [adminsounds.smx] 0 sounds loaded
L 07/06/2020 - 04:57:24: -------- Mapchange to dod_donner --------
L 07/06/2020 - 04:57:24: [adminsounds.smx] 0 sounds loaded
L 07/06/2020 - 04:57:29: [randomcycle.smx] RandomCycle has chosen dod_kalt for the nextmap.
L 07/06/2020 - 05:04:22: [mapchooser.smx] Voting for next map has started.
L 07/06/2020 - 05:08:23: [SM] Changed map to "dod_solitude_rats"
L 07/06/2020 - 05:08:24: [SM] Changed map to "dod_solitude_rats"
L 07/06/2020 - 05:08:25: -------- Mapchange to dod_solitude_rats --------
L 07/06/2020 - 05:08:25: [adminsounds.smx] 0 sounds loaded
L 07/06/2020 - 05:08:26: -------- Mapchange to dod_solitude_rats --------
L 07/06/2020 - 05:08:26: [adminsounds.smx] 0 sounds loaded
L 07/06/2020 - 05:08:31: [randomcycle.smx] RandomCycle has chosen dod_sniperarena_dgs2 for the nextmap.
L 07/06/2020 - 05:15:24: [mapchooser.smx] Voting for next map has started.
L 07/06/2020 - 05:19:25: [SM] Changed map to "dod_orange_castel_evolution"
L 07/06/2020 - 05:19:25: [SM] Changed map to "dod_orange_castel_evolution"
L 07/06/2020 - 05:19:26: -------- Mapchange to dod_orange_castel_evolution --------
L 07/06/2020 - 05:19:26: [adminsounds.smx] 0 sounds loaded
L 07/06/2020 - 05:19:28: -------- Mapchange to dod_orange_castel_evolution --------
L 07/06/2020 - 05:19:28: [adminsounds.smx] 0 sounds loaded
L 07/06/2020 - 05:19:33: [randomcycle.smx] RandomCycle has chosen cdcmarijuana! for the nextmap.
L 07/06/2020 - 05:26:26: [mapchooser.smx] Voting for next map has started.
L 07/06/2020 - 05:30:27: [SM] Changed map to "dod_mousekitchen_ed"
L 07/06/2020 - 05:30:27: [SM] Changed map to "dod_mousekitchen_ed"
L 07/06/2020 - 05:30:28: -------- Mapchange to dod_mousekitchen_ed --------
L 07/06/2020 - 05:30:28: [adminsounds.smx] 0 sounds loaded
L 07/06/2020 - 05:30:29: -------- Mapchange to dod_mousekitchen_ed --------
L 07/06/2020 - 05:30:29: [adminsounds.smx] 0 sounds loaded
L 07/06/2020 - 05:30:35: [randomcycle.smx] RandomCycle has chosen dod_risk_b9 for the nextmap.
L 07/06/2020 - 05:37:28: [mapchooser.smx] Voting for next map has started.
L 07/06/2020 - 05:41:29: [SM] Changed map to "dod_colmar"
L 07/06/2020 - 05:41:29: [SM] Changed map to "dod_colmar"
L 07/06/2020 - 05:41:31: -------- Mapchange to dod_colmar --------
L 07/06/2020 - 05:41:31: [adminsounds.smx] 0 sounds loaded
L 07/06/2020 - 05:41:33: -------- Mapchange to dod_colmar --------
L 07/06/2020 - 05:41:33: [adminsounds.smx] 0 sounds loaded
L 07/06/2020 - 05:41:38: [randomcycle.smx] RandomCycle has chosen dod_orange_sniper for the nextmap.
L 07/06/2020 - 05:48:31: [mapchooser.smx] Voting for next map has started.
L 07/06/2020 - 05:52:32: [SM] Changed map to "dod_orange_damier_v2"
L 07/06/2020 - 05:52:32: [SM] Changed map to "dod_orange_damier_v2"
L 07/06/2020 - 05:52:33: -------- Mapchange to dod_orange_damier_v2 --------
L 07/06/2020 - 05:52:33: [adminsounds.smx] 0 sounds loaded
L 07/06/2020 - 05:52:35: -------- Mapchange to dod_orange_damier_v2 --------
L 07/06/2020 - 05:52:35: [adminsounds.smx] 0 sounds loaded
L 07/06/2020 - 05:52:40: [randomcycle.smx] RandomCycle has chosen mario_air for the nextmap.
L 07/06/2020 - 05:59:33: [mapchooser.smx] Voting for next map has started.
L 07/06/2020 - 06:03:34: [SM] Changed map to "dod_sniper_killbox_v2"
L 07/06/2020 - 06:03:34: [SM] Changed map to "dod_sniper_killbox_v2"
L 07/06/2020 - 06:03:35: -------- Mapchange to dod_sniper_killbox_v2 --------
L 07/06/2020 - 06:03:35: [adminsounds.smx] 0 sounds loaded
L 07/06/2020 - 06:03:36: -------- Mapchange to dod_sniper_killbox_v2 --------
L 07/06/2020 - 06:03:36: [adminsounds.smx] 0 sounds loaded
L 07/06/2020 - 06:03:41: [randomcycle.smx] RandomCycle has chosen dod_oasis_v1a for the nextmap.
L 07/06/2020 - 06:10:35: [mapchooser.smx] Voting for next map has started.
L 07/06/2020 - 06:14:36: [SM] Changed map to "dod_bunky2_modified"
L 07/06/2020 - 06:14:36: [SM] Changed map to "dod_bunky2_modified"
L 07/06/2020 - 06:14:36: -------- Mapchange to dod_bunky2_modified --------
L 07/06/2020 - 06:14:37: [adminsounds.smx] 0 sounds loaded
L 07/06/2020 - 06:14:38: -------- Mapchange to dod_bunky2_modified --------
L 07/06/2020 - 06:14:38: [adminsounds.smx] 0 sounds loaded
L 07/06/2020 - 06:14:43: [randomcycle.smx] RandomCycle has chosen dod_avalanche for the nextmap.
L 07/06/2020 - 06:21:36: [mapchooser.smx] Voting for next map has started.
L 07/06/2020 - 06:25:37: [SM] Changed map to "dod_sucette_v3"
L 07/06/2020 - 06:25:37: [SM] Changed map to "dod_sucette_v3"
L 07/06/2020 - 06:25:38: -------- Mapchange to dod_sucette_v3 --------
L 07/06/2020 - 06:25:38: [adminsounds.smx] 0 sounds loaded
L 07/06/2020 - 06:25:39: -------- Mapchange to dod_sucette_v3 --------
L 07/06/2020 - 06:25:39: [adminsounds.smx] 0 sounds loaded
L 07/06/2020 - 06:25:45: [randomcycle.smx] RandomCycle has chosen dod_aimap_b1 for the nextmap.
L 07/06/2020 - 06:32:38: [mapchooser.smx] Voting for next map has started.
L 07/06/2020 - 06:36:39: [SM] Changed map to "dod_sand_rats_2006"
L 07/06/2020 - 06:36:39: [SM] Changed map to "dod_sand_rats_2006"
L 07/06/2020 - 06:36:40: -------- Mapchange to dod_sand_rats_2006 --------
L 07/06/2020 - 06:36:40: [adminsounds.smx] 0 sounds loaded
L 07/06/2020 - 06:36:41: -------- Mapchange to dod_sand_rats_2006 --------
L 07/06/2020 - 06:36:41: [adminsounds.smx] 0 sounds loaded
L 07/06/2020 - 06:36:47: [randomcycle.smx] RandomCycle has chosen dod_sniper_killbox_v2 for the nextmap.
L 07/06/2020 - 06:43:40: [mapchooser.smx] Voting for next map has started.
L 07/06/2020 - 06:47:41: [SM] Changed map to "cdcmarijuana!"
L 07/06/2020 - 06:47:41: [SM] Changed map to "cdcmarijuana!"
L 07/06/2020 - 06:47:42: -------- Mapchange to cdcmarijuana! --------
L 07/06/2020 - 06:47:42: [adminsounds.smx] 0 sounds loaded
L 07/06/2020 - 06:47:43: -------- Mapchange to cdcmarijuana! --------
L 07/06/2020 - 06:47:43: [adminsounds.smx] 0 sounds loaded
L 07/06/2020 - 06:47:48: [randomcycle.smx] RandomCycle has chosen dod_orange_damier_v2 for the nextmap.
L 07/06/2020 - 06:54:41: [mapchooser.smx] Voting for next map has started.
L 07/06/2020 - 06:58:42: [SM] Changed map to "dod_argentan"
L 07/06/2020 - 06:58:42: [SM] Changed map to "dod_argentan"
L 07/06/2020 - 06:58:44: -------- Mapchange to dod_argentan --------
L 07/06/2020 - 06:58:44: [adminsounds.smx] 0 sounds loaded
L 07/06/2020 - 06:58:45: -------- Mapchange to dod_argentan --------
L 07/06/2020 - 06:58:45: [adminsounds.smx] 0 sounds loaded
L 07/06/2020 - 06:58:51: [randomcycle.smx] RandomCycle has chosen dod_jagd for the nextmap.
L 07/06/2020 - 07:05:44: [mapchooser.smx] Voting for next map has started.
L 07/06/2020 - 07:09:45: [SM] Changed map to "dod_orange_castel_evolution"
L 07/06/2020 - 07:09:45: [SM] Changed map to "dod_orange_castel_evolution"
L 07/06/2020 - 07:09:46: -------- Mapchange to dod_orange_castel_evolution --------
L 07/06/2020 - 07:09:46: [adminsounds.smx] 0 sounds loaded
L 07/06/2020 - 07:09:47: -------- Mapchange to dod_orange_castel_evolution --------
L 07/06/2020 - 07:09:47: [adminsounds.smx] 0 sounds loaded
L 07/06/2020 - 07:09:52: [randomcycle.smx] RandomCycle has chosen dod_donner for the nextmap.
L 07/06/2020 - 07:16:45: [mapchooser.smx] Voting for next map has started.
L 07/06/2020 - 07:20:46: [SM] Changed map to "mario_air"
L 07/06/2020 - 07:20:46: [SM] Changed map to "mario_air"
L 07/06/2020 - 07:20:47: -------- Mapchange to mario_air --------
L 07/06/2020 - 07:20:48: [adminsounds.smx] 0 sounds loaded
L 07/06/2020 - 07:20:49: -------- Mapchange to mario_air --------
L 07/06/2020 - 07:20:49: [adminsounds.smx] 0 sounds loaded
L 07/06/2020 - 07:20:54: [randomcycle.smx] RandomCycle has chosen dod_orange_wallhack for the nextmap.
L 07/06/2020 - 07:27:47: [mapchooser.smx] Voting for next map has started.
L 07/06/2020 - 07:31:48: [SM] Changed map to "dod_colmar"
L 07/06/2020 - 07:31:48: [SM] Changed map to "dod_colmar"
L 07/06/2020 - 07:31:50: -------- Mapchange to dod_colmar --------
L 07/06/2020 - 07:31:50: [adminsounds.smx] 0 sounds loaded
L 07/06/2020 - 07:31:52: -------- Mapchange to dod_colmar --------
L 07/06/2020 - 07:31:53: [adminsounds.smx] 0 sounds loaded
L 07/06/2020 - 07:31:58: [randomcycle.smx] RandomCycle has chosen dod_sand_rats_2006 for the nextmap.
L 07/06/2020 - 07:38:51: [mapchooser.smx] Voting for next map has started.
L 07/06/2020 - 07:42:52: [SM] Changed map to "dod_football_a"
L 07/06/2020 - 07:42:52: [SM] Changed map to "dod_football_a"
L 07/06/2020 - 07:42:53: -------- Mapchange to dod_football_a --------
L 07/06/2020 - 07:42:53: [adminsounds.smx] 0 sounds loaded
L 07/06/2020 - 07:42:55: -------- Mapchange to dod_football_a --------
L 07/06/2020 - 07:42:55: [adminsounds.smx] 0 sounds loaded
L 07/06/2020 - 07:43:00: [randomcycle.smx] RandomCycle has chosen dod_dust2_snow_xmas for the nextmap.
L 07/06/2020 - 07:49:53: [mapchooser.smx] Voting for next map has started.
L 07/06/2020 - 07:53:54: [SM] Changed map to "sniperzone"
L 07/06/2020 - 07:53:54: [SM] Changed map to "sniperzone"
L 07/06/2020 - 07:53:55: -------- Mapchange to sniperzone --------
L 07/06/2020 - 07:53:55: [adminsounds.smx] 0 sounds loaded
L 07/06/2020 - 07:53:57: -------- Mapchange to sniperzone --------
L 07/06/2020 - 07:53:57: [adminsounds.smx] 0 sounds loaded
L 07/06/2020 - 07:54:02: [randomcycle.smx] RandomCycle has chosen dod_football_a for the nextmap.
L 07/06/2020 - 08:00:55: [mapchooser.smx] Voting for next map has started.
L 07/06/2020 - 08:04:56: [SM] Changed map to "dod_fullhouse"
L 07/06/2020 - 08:04:56: [SM] Changed map to "dod_fullhouse"
L 07/06/2020 - 08:04:57: -------- Mapchange to dod_fullhouse --------
L 07/06/2020 - 08:04:57: [adminsounds.smx] 0 sounds loaded
L 07/06/2020 - 08:04:59: -------- Mapchange to dod_fullhouse --------
L 07/06/2020 - 08:04:59: [adminsounds.smx] 0 sounds loaded
L 07/06/2020 - 08:05:04: [randomcycle.smx] RandomCycle has chosen dod_cdc_rats_rm for the nextmap.
L 07/06/2020 - 08:11:57: [mapchooser.smx] Voting for next map has started.
L 07/06/2020 - 08:15:58: [SM] Changed map to "dod_donner"
L 07/06/2020 - 08:15:58: [SM] Changed map to "dod_donner"
L 07/06/2020 - 08:16:00: -------- Mapchange to dod_donner --------
L 07/06/2020 - 08:16:00: [adminsounds.smx] 0 sounds loaded
L 07/06/2020 - 08:16:02: -------- Mapchange to dod_donner --------
L 07/06/2020 - 08:16:02: [adminsounds.smx] 0 sounds loaded
L 07/06/2020 - 08:16:07: [randomcycle.smx] RandomCycle has chosen dod_4pyramides for the nextmap.
L 07/06/2020 - 08:23:00: [mapchooser.smx] Voting for next map has started.
L 07/06/2020 - 08:27:01: [SM] Changed map to "dod_orange_damier_v2"
L 07/06/2020 - 08:27:01: [SM] Changed map to "dod_orange_damier_v2"
L 07/06/2020 - 08:27:02: -------- Mapchange to dod_orange_damier_v2 --------
L 07/06/2020 - 08:27:02: [adminsounds.smx] 0 sounds loaded
L 07/06/2020 - 08:27:04: -------- Mapchange to dod_orange_damier_v2 --------
L 07/06/2020 - 08:27:04: [adminsounds.smx] 0 sounds loaded
L 07/06/2020 - 08:27:09: [randomcycle.smx] RandomCycle has chosen dod_sewer_rats_b1 for the nextmap.
L 07/06/2020 - 08:34:02: [mapchooser.smx] Voting for next map has started.
L 07/06/2020 - 08:38:03: [SM] Changed map to "dod_avalanche@night"
L 07/06/2020 - 08:38:03: [SM] Changed map to "dod_avalanche@night"
L 07/06/2020 - 08:38:05: -------- Mapchange to dod_avalanche@night --------
L 07/06/2020 - 08:38:05: [adminsounds.smx] 0 sounds loaded
L 07/06/2020 - 08:38:07: -------- Mapchange to dod_avalanche@night --------
L 07/06/2020 - 08:38:07: [adminsounds.smx] 0 sounds loaded
L 07/06/2020 - 08:38:12: [randomcycle.smx] RandomCycle has chosen dod_flash for the nextmap.
L 07/06/2020 - 08:45:05: [mapchooser.smx] Voting for next map has started.
L 07/06/2020 - 08:49:06: [SM] Changed map to "dod_deux_chateaux_final"
L 07/06/2020 - 08:49:06: [SM] Changed map to "dod_deux_chateaux_final"
L 07/06/2020 - 08:49:07: -------- Mapchange to dod_deux_chateaux_final --------
L 07/06/2020 - 08:49:07: [adminsounds.smx] 0 sounds loaded
L 07/06/2020 - 08:49:09: -------- Mapchange to dod_deux_chateaux_final --------
L 07/06/2020 - 08:49:09: [adminsounds.smx] 0 sounds loaded
L 07/06/2020 - 08:49:14: [randomcycle.smx] RandomCycle has chosen cdcmarijuana! for the nextmap.
L 07/06/2020 - 08:56:07: [mapchooser.smx] Voting for next map has started.
L 07/06/2020 - 09:00:08: [SM] Changed map to "dod_bigbunky_v4"
L 07/06/2020 - 09:00:08: [SM] Changed map to "dod_bigbunky_v4"
L 07/06/2020 - 09:00:10: -------- Mapchange to dod_bigbunky_v4 --------
L 07/06/2020 - 09:00:10: [adminsounds.smx] 0 sounds loaded
L 07/06/2020 - 09:00:11: -------- Mapchange to dod_bigbunky_v4 --------
L 07/06/2020 - 09:00:11: [adminsounds.smx] 0 sounds loaded
L 07/06/2020 - 09:00:17: [randomcycle.smx] RandomCycle has chosen dod_kalt for the nextmap.
L 07/06/2020 - 09:07:10: [mapchooser.smx] Voting for next map has started.
L 07/06/2020 - 09:11:11: [SM] Changed map to "dod_solitude_rats"
L 07/06/2020 - 09:11:11: [SM] Changed map to "dod_solitude_rats"
L 07/06/2020 - 09:11:12: -------- Mapchange to dod_solitude_rats --------
L 07/06/2020 - 09:11:12: [adminsounds.smx] 0 sounds loaded
L 07/06/2020 - 09:11:14: -------- Mapchange to dod_solitude_rats --------
L 07/06/2020 - 09:11:14: [adminsounds.smx] 0 sounds loaded
L 07/06/2020 - 09:11:19: [randomcycle.smx] RandomCycle has chosen sniperzone for the nextmap.
L 07/06/2020 - 09:18:12: [mapchooser.smx] Voting for next map has started.
L 07/06/2020 - 09:22:13: [SM] Changed map to "dod_anzio"
L 07/06/2020 - 09:22:13: [SM] Changed map to "dod_anzio"
L 07/06/2020 - 09:22:15: -------- Mapchange to dod_anzio --------
L 07/06/2020 - 09:22:15: [adminsounds.smx] 0 sounds loaded
L 07/06/2020 - 09:22:17: -------- Mapchange to dod_anzio --------
L 07/06/2020 - 09:22:17: [adminsounds.smx] 0 sounds loaded
L 07/06/2020 - 09:22:22: [randomcycle.smx] RandomCycle has chosen dod_beer_circus for the nextmap.
L 07/06/2020 - 09:29:15: [mapchooser.smx] Voting for next map has started.
L 07/06/2020 - 09:33:16: [SM] Changed map to "dod_mousekitchen_ed"
L 07/06/2020 - 09:33:16: [SM] Changed map to "dod_mousekitchen_ed"
L 07/06/2020 - 09:33:17: -------- Mapchange to dod_mousekitchen_ed --------
L 07/06/2020 - 09:33:17: [adminsounds.smx] 0 sounds loaded
L 07/06/2020 - 09:33:19: -------- Mapchange to dod_mousekitchen_ed --------
L 07/06/2020 - 09:33:19: [adminsounds.smx] 0 sounds loaded
L 07/06/2020 - 09:33:24: [randomcycle.smx] RandomCycle has chosen dod_orange_wallhack for the nextmap.
L 07/06/2020 - 09:40:17: [mapchooser.smx] Voting for next map has started.
L 07/06/2020 - 09:44:18: [SM] Changed map to "cdcmarijuana!"
L 07/06/2020 - 09:44:18: [SM] Changed map to "cdcmarijuana!"
L 07/06/2020 - 09:44:19: -------- Mapchange to cdcmarijuana! --------
L 07/06/2020 - 09:44:19: [adminsounds.smx] 0 sounds loaded
L 07/06/2020 - 09:44:21: -------- Mapchange to cdcmarijuana! --------
L 07/06/2020 - 09:44:21: [adminsounds.smx] 0 sounds loaded
L 07/06/2020 - 09:44:26: [randomcycle.smx] RandomCycle has chosen mario_air for the nextmap.
L 07/06/2020 - 09:51:19: [mapchooser.smx] Voting for next map has started.
L 07/06/2020 - 09:55:20: [SM] Changed map to "dod_oasis_v1a"
L 07/06/2020 - 09:55:20: [SM] Changed map to "dod_oasis_v1a"
L 07/06/2020 - 09:55:22: -------- Mapchange to dod_oasis_v1a --------
L 07/06/2020 - 09:55:22: [adminsounds.smx] 0 sounds loaded
L 07/06/2020 - 09:55:23: -------- Mapchange to dod_oasis_v1a --------
L 07/06/2020 - 09:55:23: [adminsounds.smx] 0 sounds loaded
L 07/06/2020 - 09:55:29: [randomcycle.smx] RandomCycle has chosen babyfight_arena for the nextmap.
L 07/06/2020 - 10:02:22: [mapchooser.smx] Voting for next map has started.
L 07/06/2020 - 10:06:23: [SM] Changed map to "dod_colmar"
L 07/06/2020 - 10:06:23: [SM] Changed map to "dod_colmar"
L 07/06/2020 - 10:06:25: -------- Mapchange to dod_colmar --------
L 07/06/2020 - 10:06:25: [adminsounds.smx] 0 sounds loaded
L 07/06/2020 - 10:06:28: -------- Mapchange to dod_colmar --------
L 07/06/2020 - 10:06:28: [adminsounds.smx] 0 sounds loaded
L 07/06/2020 - 10:06:33: [randomcycle.smx] RandomCycle has chosen dod_dust2_snow_xmas for the nextmap.
L 07/06/2020 - 10:13:26: [mapchooser.smx] Voting for next map has started.
L 07/06/2020 - 10:17:27: [SM] Changed map to "dod_fullhouse"
L 07/06/2020 - 10:17:27: [SM] Changed map to "dod_fullhouse"
L 07/06/2020 - 10:17:28: -------- Mapchange to dod_fullhouse --------
L 07/06/2020 - 10:17:29: [adminsounds.smx] 0 sounds loaded
L 07/06/2020 - 10:17:30: -------- Mapchange to dod_fullhouse --------
L 07/06/2020 - 10:17:30: [adminsounds.smx] 0 sounds loaded
L 07/06/2020 - 10:17:36: [randomcycle.smx] RandomCycle has chosen dod_iceworld_final_[bds]_doc for the nextmap.
L 07/06/2020 - 10:24:29: [mapchooser.smx] Voting for next map has started.
L 07/06/2020 - 10:28:30: [SM] Changed map to "dod_flash"
L 07/06/2020 - 10:28:30: [SM] Changed map to "dod_flash"
L 07/06/2020 - 10:28:31: -------- Mapchange to dod_flash --------
L 07/06/2020 - 10:28:31: [adminsounds.smx] 0 sounds loaded
L 07/06/2020 - 10:28:33: -------- Mapchange to dod_flash --------
L 07/06/2020 - 10:28:33: [adminsounds.smx] 0 sounds loaded
L 07/06/2020 - 10:28:39: [randomcycle.smx] RandomCycle has chosen dod_orange_sniper for the nextmap.
L 07/06/2020 - 10:35:32: [mapchooser.smx] Voting for next map has started.
L 07/06/2020 - 10:39:33: [SM] Changed map to "dod_donner"
L 07/06/2020 - 10:39:33: [SM] Changed map to "dod_donner"
L 07/06/2020 - 10:39:34: -------- Mapchange to dod_donner --------
L 07/06/2020 - 10:39:34: [adminsounds.smx] 0 sounds loaded
L 07/06/2020 - 10:39:36: -------- Mapchange to dod_donner --------
L 07/06/2020 - 10:39:36: [adminsounds.smx] 0 sounds loaded
L 07/06/2020 - 10:39:42: [randomcycle.smx] RandomCycle has chosen dod_legoland_b2 for the nextmap.
L 07/06/2020 - 10:46:35: [mapchooser.smx] Voting for next map has started.
L 07/06/2020 - 10:50:36: [SM] Changed map to "dod_colmar"
L 07/06/2020 - 10:50:36: [SM] Changed map to "dod_colmar"
L 07/06/2020 - 10:50:38: -------- Mapchange to dod_colmar --------
L 07/06/2020 - 10:50:38: [adminsounds.smx] 0 sounds loaded
L 07/06/2020 - 10:50:40: -------- Mapchange to dod_colmar --------
L 07/06/2020 - 10:50:41: [adminsounds.smx] 0 sounds loaded
L 07/06/2020 - 10:50:46: [randomcycle.smx] RandomCycle has chosen dod_orange_cancrelats for the nextmap.
L 07/06/2020 - 10:57:39: [mapchooser.smx] Voting for next map has started.
L 07/06/2020 - 11:01:40: [SM] Changed map to "dod_dli_football_b1"
L 07/06/2020 - 11:01:40: [SM] Changed map to "dod_dli_football_b1"
L 07/06/2020 - 11:01:41: -------- Mapchange to dod_dli_football_b1 --------
L 07/06/2020 - 11:01:41: [adminsounds.smx] 0 sounds loaded
L 07/06/2020 - 11:01:43: -------- Mapchange to dod_dli_football_b1 --------
L 07/06/2020 - 11:01:43: [adminsounds.smx] 0 sounds loaded
L 07/06/2020 - 11:01:48: [randomcycle.smx] RandomCycle has chosen dod_orange_castel_evolution for the nextmap.
L 07/06/2020 - 11:08:41: [mapchooser.smx] Voting for next map has started.
L 07/06/2020 - 11:12:42: [SM] Changed map to "dod_bunky2_modified"
L 07/06/2020 - 11:12:42: [SM] Changed map to "dod_bunky2_modified"
L 07/06/2020 - 11:12:44: -------- Mapchange to dod_bunky2_modified --------
L 07/06/2020 - 11:12:44: [adminsounds.smx] 0 sounds loaded
L 07/06/2020 - 11:12:45: -------- Mapchange to dod_bunky2_modified --------
L 07/06/2020 - 11:12:46: [adminsounds.smx] 0 sounds loaded
L 07/06/2020 - 11:12:51: [randomcycle.smx] RandomCycle has chosen dod_risk_b9 for the nextmap.
L 07/06/2020 - 11:19:44: [mapchooser.smx] Voting for next map has started.
L 07/06/2020 - 11:23:45: [SM] Changed map to "dod_sewer_rats_b1"
L 07/06/2020 - 11:23:45: [SM] Changed map to "dod_sewer_rats_b1"
L 07/06/2020 - 11:23:46: -------- Mapchange to dod_sewer_rats_b1 --------
L 07/06/2020 - 11:23:46: [adminsounds.smx] 0 sounds loaded
L 07/06/2020 - 11:23:48: -------- Mapchange to dod_sewer_rats_b1 --------
L 07/06/2020 - 11:23:48: [adminsounds.smx] 0 sounds loaded
L 07/06/2020 - 11:23:53: [randomcycle.smx] RandomCycle has chosen dod_fullhouse for the nextmap.
L 07/06/2020 - 11:30:46: [mapchooser.smx] Voting for next map has started.
L 07/06/2020 - 11:34:48: [SM] Changed map to "babyfight_arena"
L 07/06/2020 - 11:34:48: [SM] Changed map to "babyfight_arena"
L 07/06/2020 - 11:34:49: -------- Mapchange to babyfight_arena --------
L 07/06/2020 - 11:34:49: [adminsounds.smx] 0 sounds loaded
L 07/06/2020 - 11:34:51: -------- Mapchange to babyfight_arena --------
L 07/06/2020 - 11:34:51: [adminsounds.smx] 0 sounds loaded
L 07/06/2020 - 11:34:56: [randomcycle.smx] RandomCycle has chosen dod_flash for the nextmap.
L 07/06/2020 - 11:41:49: [mapchooser.smx] Voting for next map has started.
L 07/06/2020 - 11:45:50: [SM] Changed map to "dod_sucette_v3"
L 07/06/2020 - 11:45:50: [SM] Changed map to "dod_sucette_v3"
L 07/06/2020 - 11:45:51: -------- Mapchange to dod_sucette_v3 --------
L 07/06/2020 - 11:45:51: [adminsounds.smx] 0 sounds loaded
L 07/06/2020 - 11:45:53: -------- Mapchange to dod_sucette_v3 --------
L 07/06/2020 - 11:45:53: [adminsounds.smx] 0 sounds loaded
L 07/06/2020 - 11:45:59: [randomcycle.smx] RandomCycle has chosen mario_air for the nextmap.
L 07/06/2020 - 11:52:52: [mapchooser.smx] Voting for next map has started.
L 07/06/2020 - 11:56:53: [SM] Changed map to "dod_jagd"
L 07/06/2020 - 11:56:53: [SM] Changed map to "dod_jagd"
L 07/06/2020 - 11:56:55: -------- Mapchange to dod_jagd --------
L 07/06/2020 - 11:56:55: [adminsounds.smx] 0 sounds loaded
L 07/06/2020 - 11:56:58: -------- Mapchange to dod_jagd --------
L 07/06/2020 - 11:56:58: [adminsounds.smx] 0 sounds loaded
L 07/06/2020 - 11:57:04: [randomcycle.smx] RandomCycle has chosen dod_sucette_v3 for the nextmap.
L 07/06/2020 - 12:03:57: [mapchooser.smx] Voting for next map has started.
L 07/06/2020 - 12:07:58: [SM] Changed map to "dod_monopoly_source"
L 07/06/2020 - 12:07:58: [SM] Changed map to "dod_monopoly_source"
L 07/06/2020 - 12:07:59: -------- Mapchange to dod_monopoly_source --------
L 07/06/2020 - 12:07:59: [adminsounds.smx] 0 sounds loaded
L 07/06/2020 - 12:08:01: -------- Mapchange to dod_monopoly_source --------
L 07/06/2020 - 12:08:01: [adminsounds.smx] 0 sounds loaded
L 07/06/2020 - 12:08:06: [randomcycle.smx] RandomCycle has chosen dod_avalanche@night for the nextmap.
L 07/06/2020 - 12:14:59: [mapchooser.smx] Voting for next map has started.
L 07/06/2020 - 12:19:00: [SM] Changed map to "dod_avalanche"
L 07/06/2020 - 12:19:00: [SM] Changed map to "dod_avalanche"
L 07/06/2020 - 12:19:02: -------- Mapchange to dod_avalanche --------
L 07/06/2020 - 12:19:02: [adminsounds.smx] 0 sounds loaded
L 07/06/2020 - 12:19:04: -------- Mapchange to dod_avalanche --------
L 07/06/2020 - 12:19:04: [adminsounds.smx] 0 sounds loaded
L 07/06/2020 - 12:19:10: [randomcycle.smx] RandomCycle has chosen cdcmarijuana! for the nextmap.
L 07/06/2020 - 12:26:03: [mapchooser.smx] Voting for next map has started.
L 07/06/2020 - 12:30:04: [SM] Changed map to "dod_flash"
L 07/06/2020 - 12:30:04: [SM] Changed map to "dod_flash"
L 07/06/2020 - 12:30:05: -------- Mapchange to dod_flash --------
L 07/06/2020 - 12:30:05: [adminsounds.smx] 0 sounds loaded
L 07/06/2020 - 12:30:07: -------- Mapchange to dod_flash --------
L 07/06/2020 - 12:30:08: [adminsounds.smx] 0 sounds loaded
L 07/06/2020 - 12:30:13: [randomcycle.smx] RandomCycle has chosen dod_orange_bridges for the nextmap.
L 07/06/2020 - 12:37:06: [mapchooser.smx] Voting for next map has started.
L 07/06/2020 - 12:41:07: [SM] Changed map to "dod_cdc_rats_rm"
L 07/06/2020 - 12:41:07: [SM] Changed map to "dod_cdc_rats_rm"
L 07/06/2020 - 12:41:08: -------- Mapchange to dod_cdc_rats_rm --------
L 07/06/2020 - 12:41:09: [adminsounds.smx] 0 sounds loaded
L 07/06/2020 - 12:41:10: -------- Mapchange to dod_cdc_rats_rm --------
L 07/06/2020 - 12:41:10: [adminsounds.smx] 0 sounds loaded
L 07/06/2020 - 12:41:16: [randomcycle.smx] RandomCycle has chosen dod_dust2_snow_xmas for the nextmap.
L 07/06/2020 - 12:48:09: [mapchooser.smx] Voting for next map has started.
L 07/06/2020 - 12:52:10: [SM] Changed map to "dod_colmar"
L 07/06/2020 - 12:52:10: [SM] Changed map to "dod_colmar"
L 07/06/2020 - 12:52:12: -------- Mapchange to dod_colmar --------
L 07/06/2020 - 12:52:13: [adminsounds.smx] 0 sounds loaded
L 07/06/2020 - 12:52:15: -------- Mapchange to dod_colmar --------
L 07/06/2020 - 12:52:15: [adminsounds.smx] 0 sounds loaded
L 07/06/2020 - 12:52:21: [randomcycle.smx] RandomCycle has chosen dod_dli_football_b1 for the nextmap.
L 07/06/2020 - 12:59:14: [mapchooser.smx] Voting for next map has started.
L 07/06/2020 - 13:03:15: [SM] Changed map to "dod_dli_football_b1"
L 07/06/2020 - 13:03:15: [SM] Changed map to "dod_dli_football_b1"
L 07/06/2020 - 13:03:16: -------- Mapchange to dod_dli_football_b1 --------
L 07/06/2020 - 13:03:16: [adminsounds.smx] 0 sounds loaded
L 07/06/2020 - 13:03:18: -------- Mapchange to dod_dli_football_b1 --------
L 07/06/2020 - 13:03:18: [adminsounds.smx] 0 sounds loaded
L 07/06/2020 - 13:03:24: [randomcycle.smx] RandomCycle has chosen dod_murky_p2 for the nextmap.
L 07/06/2020 - 13:10:17: [mapchooser.smx] Voting for next map has started.
L 07/06/2020 - 13:14:18: [SM] Changed map to "dod_monopoly_source"
L 07/06/2020 - 13:14:18: [SM] Changed map to "dod_monopoly_source"
L 07/06/2020 - 13:14:19: -------- Mapchange to dod_monopoly_source --------
L 07/06/2020 - 13:14:19: [adminsounds.smx] 0 sounds loaded
L 07/06/2020 - 13:14:21: -------- Mapchange to dod_monopoly_source --------
L 07/06/2020 - 13:14:21: [adminsounds.smx] 0 sounds loaded
L 07/06/2020 - 13:14:27: [randomcycle.smx] RandomCycle has chosen dod_monopoly_source for the nextmap.
L 07/06/2020 - 13:21:20: [mapchooser.smx] Voting for next map has started.
L 07/06/2020 - 13:25:21: [SM] Changed map to "dod_orange_wallhack"
L 07/06/2020 - 13:25:21: [SM] Changed map to "dod_orange_wallhack"
L 07/06/2020 - 13:25:22: -------- Mapchange to dod_orange_wallhack --------
L 07/06/2020 - 13:25:22: [adminsounds.smx] 0 sounds loaded
L 07/06/2020 - 13:25:24: -------- Mapchange to dod_orange_wallhack --------
L 07/06/2020 - 13:25:24: [adminsounds.smx] 0 sounds loaded
L 07/06/2020 - 13:25:29: [randomcycle.smx] RandomCycle has chosen dod_sniper_killbox_v2 for the nextmap.
L 07/06/2020 - 13:32:23: [mapchooser.smx] Voting for next map has started.
L 07/06/2020 - 13:36:24: [SM] Changed map to "dod_mousekitchen_ed"
L 07/06/2020 - 13:36:24: [SM] Changed map to "dod_mousekitchen_ed"
L 07/06/2020 - 13:36:25: -------- Mapchange to dod_mousekitchen_ed --------
L 07/06/2020 - 13:36:25: [adminsounds.smx] 0 sounds loaded
L 07/06/2020 - 13:36:27: -------- Mapchange to dod_mousekitchen_ed --------
L 07/06/2020 - 13:36:27: [adminsounds.smx] 0 sounds loaded
L 07/06/2020 - 13:36:33: [randomcycle.smx] RandomCycle has chosen dod_orange_castel_evolution for the nextmap.
L 07/06/2020 - 13:43:26: [mapchooser.smx] Voting for next map has started.
L 07/06/2020 - 13:47:27: [SM] Changed map to "dod_kalt"
L 07/06/2020 - 13:47:27: [SM] Changed map to "dod_kalt"
L 07/06/2020 - 13:47:28: -------- Mapchange to dod_kalt --------
L 07/06/2020 - 13:47:29: [adminsounds.smx] 0 sounds loaded
L 07/06/2020 - 13:47:31: -------- Mapchange to dod_kalt --------
L 07/06/2020 - 13:47:31: [adminsounds.smx] 0 sounds loaded
L 07/06/2020 - 13:47:37: [randomcycle.smx] RandomCycle has chosen dod_rats for the nextmap.
L 07/06/2020 - 13:54:30: [mapchooser.smx] Voting for next map has started.
L 07/06/2020 - 13:58:31: [SM] Changed map to "dod_orange_castel_evolution"
L 07/06/2020 - 13:58:31: [SM] Changed map to "dod_orange_castel_evolution"
L 07/06/2020 - 13:58:32: -------- Mapchange to dod_orange_castel_evolution --------
L 07/06/2020 - 13:58:32: [adminsounds.smx] 0 sounds loaded
L 07/06/2020 - 13:58:34: -------- Mapchange to dod_orange_castel_evolution --------
L 07/06/2020 - 13:58:34: [adminsounds.smx] 0 sounds loaded
L 07/06/2020 - 13:58:39: [randomcycle.smx] RandomCycle has chosen dod_bigbunky_v4 for the nextmap.
L 07/06/2020 - 14:05:33: [mapchooser.smx] Voting for next map has started.
L 07/06/2020 - 14:09:34: [SM] Changed map to "dod_sand_rats_2006"
L 07/06/2020 - 14:09:34: [SM] Changed map to "dod_sand_rats_2006"
L 07/06/2020 - 14:09:35: -------- Mapchange to dod_sand_rats_2006 --------
L 07/06/2020 - 14:09:35: [adminsounds.smx] 0 sounds loaded
L 07/06/2020 - 14:09:37: -------- Mapchange to dod_sand_rats_2006 --------
L 07/06/2020 - 14:09:37: [adminsounds.smx] 0 sounds loaded
L 07/06/2020 - 14:09:43: [randomcycle.smx] RandomCycle has chosen dod_flash for the nextmap.
L 07/06/2020 - 14:16:36: [mapchooser.smx] Voting for next map has started.
L 07/06/2020 - 14:20:37: [SM] Changed map to "dod_orange_sniper"
L 07/06/2020 - 14:20:37: [SM] Changed map to "dod_orange_sniper"
L 07/06/2020 - 14:20:38: -------- Mapchange to dod_orange_sniper --------
L 07/06/2020 - 14:20:38: [adminsounds.smx] 0 sounds loaded
L 07/06/2020 - 14:20:40: -------- Mapchange to dod_orange_sniper --------
L 07/06/2020 - 14:20:40: [adminsounds.smx] 0 sounds loaded
L 07/06/2020 - 14:20:46: [randomcycle.smx] RandomCycle has chosen dod_orange_cancrelats for the nextmap.
L 07/06/2020 - 14:27:39: [mapchooser.smx] Voting for next map has started.
L 07/06/2020 - 14:31:40: [SM] Changed map to "dod_legoland_b2"
L 07/06/2020 - 14:31:40: [SM] Changed map to "dod_legoland_b2"
L 07/06/2020 - 14:31:41: -------- Mapchange to dod_legoland_b2 --------
L 07/06/2020 - 14:31:41: [adminsounds.smx] 0 sounds loaded
L 07/06/2020 - 14:31:43: -------- Mapchange to dod_legoland_b2 --------
L 07/06/2020 - 14:31:43: [adminsounds.smx] 0 sounds loaded
L 07/06/2020 - 14:31:49: [randomcycle.smx] RandomCycle has chosen dod_orange_bridges for the nextmap.
L 07/06/2020 - 14:38:42: [mapchooser.smx] Voting for next map has started.
L 07/06/2020 - 14:42:43: [SM] Changed map to "dod_football_a"
L 07/06/2020 - 14:42:43: [SM] Changed map to "dod_football_a"
L 07/06/2020 - 14:42:44: -------- Mapchange to dod_football_a --------
L 07/06/2020 - 14:42:44: [adminsounds.smx] 0 sounds loaded
L 07/06/2020 - 14:42:46: -------- Mapchange to dod_football_a --------
L 07/06/2020 - 14:42:46: [adminsounds.smx] 0 sounds loaded
L 07/06/2020 - 14:42:52: [randomcycle.smx] RandomCycle has chosen dod_chocolate_fight_arena for the nextmap.
L 07/06/2020 - 14:49:45: [mapchooser.smx] Voting for next map has started.
L 07/06/2020 - 14:53:46: [SM] Changed map to "dod_orange_castel_evolution"
L 07/06/2020 - 14:53:46: [SM] Changed map to "dod_orange_castel_evolution"
L 07/06/2020 - 14:53:47: -------- Mapchange to dod_orange_castel_evolution --------
L 07/06/2020 - 14:53:47: [adminsounds.smx] 0 sounds loaded
L 07/06/2020 - 14:53:49: -------- Mapchange to dod_orange_castel_evolution --------
L 07/06/2020 - 14:53:49: [adminsounds.smx] 0 sounds loaded
L 07/06/2020 - 14:53:55: [randomcycle.smx] RandomCycle has chosen dod_oasis_v1a for the nextmap.
L 07/06/2020 - 15:00:48: [mapchooser.smx] Voting for next map has started.
L 07/06/2020 - 15:04:49: [SM] Changed map to "dod_argentan"
L 07/06/2020 - 15:04:49: [SM] Changed map to "dod_argentan"
L 07/06/2020 - 15:04:51: -------- Mapchange to dod_argentan --------
L 07/06/2020 - 15:04:51: [adminsounds.smx] 0 sounds loaded
L 07/06/2020 - 15:04:53: -------- Mapchange to dod_argentan --------
L 07/06/2020 - 15:04:53: [adminsounds.smx] 0 sounds loaded
L 07/06/2020 - 15:04:59: [randomcycle.smx] RandomCycle has chosen dod_cdc_rats_rm for the nextmap.
L 07/06/2020 - 15:11:52: [mapchooser.smx] Voting for next map has started.
L 07/06/2020 - 15:15:53: [SM] Changed map to "dod_jagd"
L 07/06/2020 - 15:15:53: [SM] Changed map to "dod_jagd"
L 07/06/2020 - 15:15:55: -------- Mapchange to dod_jagd --------
L 07/06/2020 - 15:15:55: [adminsounds.smx] 0 sounds loaded
L 07/06/2020 - 15:15:59: -------- Mapchange to dod_jagd --------
L 07/06/2020 - 15:15:59: [adminsounds.smx] 0 sounds loaded
L 07/06/2020 - 15:16:04: [randomcycle.smx] RandomCycle has chosen cdcmarijuana! for the nextmap.
L 07/06/2020 - 15:22:57: [mapchooser.smx] Voting for next map has started.
L 07/06/2020 - 15:26:58: [SM] Changed map to "dod_cdc_rats_rm"
L 07/06/2020 - 15:26:58: [SM] Changed map to "dod_cdc_rats_rm"
L 07/06/2020 - 15:27:00: -------- Mapchange to dod_cdc_rats_rm --------
L 07/06/2020 - 15:27:00: [adminsounds.smx] 0 sounds loaded
L 07/06/2020 - 15:27:02: -------- Mapchange to dod_cdc_rats_rm --------
L 07/06/2020 - 15:27:02: [adminsounds.smx] 0 sounds loaded
L 07/06/2020 - 15:27:08: [randomcycle.smx] RandomCycle has chosen dod_mousekitchen_ed for the nextmap.
L 07/06/2020 - 15:34:01: [mapchooser.smx] Voting for next map has started.
L 07/06/2020 - 15:38:02: [SM] Changed map to "dod_bigbunky_v4"
L 07/06/2020 - 15:38:02: [SM] Changed map to "dod_bigbunky_v4"
L 07/06/2020 - 15:38:03: -------- Mapchange to dod_bigbunky_v4 --------
L 07/06/2020 - 15:38:03: [adminsounds.smx] 0 sounds loaded
L 07/06/2020 - 15:38:05: -------- Mapchange to dod_bigbunky_v4 --------
L 07/06/2020 - 15:38:05: [adminsounds.smx] 0 sounds loaded
L 07/06/2020 - 15:38:11: [randomcycle.smx] RandomCycle has chosen babyfight_arena for the nextmap.
L 07/06/2020 - 15:45:04: [mapchooser.smx] Voting for next map has started.
L 07/06/2020 - 15:49:05: [SM] Changed map to "dod_dli_football_b1"
L 07/06/2020 - 15:49:05: [SM] Changed map to "dod_dli_football_b1"
L 07/06/2020 - 15:49:06: -------- Mapchange to dod_dli_football_b1 --------
L 07/06/2020 - 15:49:07: [adminsounds.smx] 0 sounds loaded
L 07/06/2020 - 15:49:09: -------- Mapchange to dod_dli_football_b1 --------
L 07/06/2020 - 15:49:09: [adminsounds.smx] 0 sounds loaded
L 07/06/2020 - 15:49:14: [randomcycle.smx] RandomCycle has chosen dod_dust2_snow_xmas for the nextmap.
L 07/06/2020 - 15:56:07: [mapchooser.smx] Voting for next map has started.
L 07/06/2020 - 16:00:08: [SM] Changed map to "dod_deux_chateaux_final"
L 07/06/2020 - 16:00:08: [SM] Changed map to "dod_deux_chateaux_final"
L 07/06/2020 - 16:00:10: -------- Mapchange to dod_deux_chateaux_final --------
L 07/06/2020 - 16:00:10: [adminsounds.smx] 0 sounds loaded
L 07/06/2020 - 16:00:12: -------- Mapchange to dod_deux_chateaux_final --------
L 07/06/2020 - 16:00:12: [adminsounds.smx] 0 sounds loaded
L 07/06/2020 - 16:00:18: [randomcycle.smx] RandomCycle has chosen dod_orange_wallhack for the nextmap.
L 07/06/2020 - 16:07:11: [mapchooser.smx] Voting for next map has started.
L 07/06/2020 - 16:11:12: [SM] Changed map to "dod_sewer_rats_b1"
L 07/06/2020 - 16:11:12: [SM] Changed map to "dod_sewer_rats_b1"
L 07/06/2020 - 16:11:13: -------- Mapchange to dod_sewer_rats_b1 --------
L 07/06/2020 - 16:11:13: [adminsounds.smx] 0 sounds loaded
L 07/06/2020 - 16:11:15: -------- Mapchange to dod_sewer_rats_b1 --------
L 07/06/2020 - 16:11:15: [adminsounds.smx] 0 sounds loaded
L 07/06/2020 - 16:11:21: [randomcycle.smx] RandomCycle has chosen sniperzone for the nextmap.
L 07/06/2020 - 16:18:14: [mapchooser.smx] Voting for next map has started.
L 07/06/2020 - 16:22:15: [SM] Changed map to "dod_iceworld_final_[bds]_doc"
L 07/06/2020 - 16:22:15: [SM] Changed map to "dod_iceworld_final_[bds]_doc"
L 07/06/2020 - 16:22:16: -------- Mapchange to dod_iceworld_final_[bds]_doc --------
L 07/06/2020 - 16:22:16: [adminsounds.smx] 0 sounds loaded
L 07/06/2020 - 16:22:19: -------- Mapchange to dod_iceworld_final_[bds]_doc --------
L 07/06/2020 - 16:22:19: [adminsounds.smx] 0 sounds loaded
L 07/06/2020 - 16:22:24: [randomcycle.smx] RandomCycle has chosen dod_bunky2_modified for the nextmap.
L 07/06/2020 - 16:29:17: [mapchooser.smx] Voting for next map has started.
L 07/06/2020 - 16:33:18: [SM] Changed map to "dod_orange_cancrelats"
L 07/06/2020 - 16:33:18: [SM] Changed map to "dod_orange_cancrelats"
L 07/06/2020 - 16:33:20: -------- Mapchange to dod_orange_cancrelats --------
L 07/06/2020 - 16:33:20: [adminsounds.smx] 0 sounds loaded
L 07/06/2020 - 16:33:22: -------- Mapchange to dod_orange_cancrelats --------
L 07/06/2020 - 16:33:22: [adminsounds.smx] 0 sounds loaded
L 07/06/2020 - 16:33:27: [randomcycle.smx] RandomCycle has chosen dod_football_a for the nextmap.
L 07/06/2020 - 16:40:21: [mapchooser.smx] Voting for next map has started.
L 07/06/2020 - 16:44:22: [SM] Changed map to "dod_argentan"
L 07/06/2020 - 16:44:22: [SM] Changed map to "dod_argentan"
L 07/06/2020 - 16:44:23: -------- Mapchange to dod_argentan --------
L 07/06/2020 - 16:44:24: [adminsounds.smx] 0 sounds loaded
L 07/06/2020 - 16:44:26: -------- Mapchange to dod_argentan --------
L 07/06/2020 - 16:44:26: [adminsounds.smx] 0 sounds loaded
L 07/06/2020 - 16:44:32: [randomcycle.smx] RandomCycle has chosen dod_4pyramides for the nextmap.
L 07/06/2020 - 16:51:25: [mapchooser.smx] Voting for next map has started.
L 07/06/2020 - 16:55:26: [SM] Changed map to "dod_beer_circus"
L 07/06/2020 - 16:55:26: [SM] Changed map to "dod_beer_circus"
L 07/06/2020 - 16:55:35: -------- Mapchange to dod_beer_circus --------
L 07/06/2020 - 16:55:35: [adminsounds.smx] 0 sounds loaded
L 07/06/2020 - 16:55:46: -------- Mapchange to dod_beer_circus --------
L 07/06/2020 - 16:55:46: [adminsounds.smx] 0 sounds loaded
L 07/06/2020 - 16:55:51: [randomcycle.smx] RandomCycle has chosen dod_legoland_b2 for the nextmap.
L 07/06/2020 - 17:02:44: [mapchooser.smx] Voting for next map has started.
L 07/06/2020 - 17:06:45: [SM] Changed map to "dod_sniper_wars_beta"
L 07/06/2020 - 17:06:45: [SM] Changed map to "dod_sniper_wars_beta"
L 07/06/2020 - 17:06:47: -------- Mapchange to dod_sniper_wars_beta --------
L 07/06/2020 - 17:06:47: [adminsounds.smx] 0 sounds loaded
L 07/06/2020 - 17:06:49: -------- Mapchange to dod_sniper_wars_beta --------
L 07/06/2020 - 17:06:49: [adminsounds.smx] 0 sounds loaded
L 07/06/2020 - 17:06:55: [randomcycle.smx] RandomCycle has chosen dod_bigbunky_v4 for the nextmap.
L 07/06/2020 - 17:13:48: [mapchooser.smx] Voting for next map has started.
L 07/06/2020 - 17:17:49: [SM] Changed map to "dod_jagd"
L 07/06/2020 - 17:17:49: [SM] Changed map to "dod_jagd"
L 07/06/2020 - 17:17:52: -------- Mapchange to dod_jagd --------
L 07/06/2020 - 17:17:52: [adminsounds.smx] 0 sounds loaded
L 07/06/2020 - 17:17:55: -------- Mapchange to dod_jagd --------
L 07/06/2020 - 17:17:55: [adminsounds.smx] 0 sounds loaded
L 07/06/2020 - 17:18:01: [randomcycle.smx] RandomCycle has chosen dod_solitude_rats for the nextmap.
L 07/06/2020 - 17:24:54: [mapchooser.smx] Voting for next map has started.
L 07/06/2020 - 17:28:55: [SM] Changed map to "babyfight_arena"
L 07/06/2020 - 17:28:55: [SM] Changed map to "babyfight_arena"
L 07/06/2020 - 17:28:56: -------- Mapchange to babyfight_arena --------
L 07/06/2020 - 17:28:56: [adminsounds.smx] 0 sounds loaded
L 07/06/2020 - 17:28:59: -------- Mapchange to babyfight_arena --------
L 07/06/2020 - 17:28:59: [adminsounds.smx] 0 sounds loaded
L 07/06/2020 - 17:29:04: [randomcycle.smx] RandomCycle has chosen dod_sucette_v3 for the nextmap.
L 07/06/2020 - 17:35:57: [mapchooser.smx] Voting for next map has started.
L 07/06/2020 - 17:36:18: [mapchooser.smx] Voting for next map has finished. Nextmap: dod_sniperarena_dgs2.
L 07/06/2020 - 17:39:59: [SM] Changed map to "dod_sniperarena_dgs2"
L 07/06/2020 - 17:39:59: [SM] Changed map to "dod_sniperarena_dgs2"
L 07/06/2020 - 17:40:00: -------- Mapchange to dod_sniperarena_dgs2 --------
L 07/06/2020 - 17:40:00: [adminsounds.smx] 0 sounds loaded
L 07/06/2020 - 17:40:03: -------- Mapchange to dod_sniperarena_dgs2 --------
L 07/06/2020 - 17:40:03: [adminsounds.smx] 0 sounds loaded
L 07/06/2020 - 17:40:08: [randomcycle.smx] RandomCycle has chosen cdcmarijuana! for the nextmap.
L 07/06/2020 - 17:47:01: [mapchooser.smx] Voting for next map has started.
L 07/06/2020 - 17:51:02: [SM] Changed map to "dod_solitude_rats"
L 07/06/2020 - 17:51:02: [SM] Changed map to "dod_solitude_rats"
L 07/06/2020 - 17:51:04: -------- Mapchange to dod_solitude_rats --------
L 07/06/2020 - 17:51:04: [adminsounds.smx] 0 sounds loaded
L 07/06/2020 - 17:51:07: -------- Mapchange to dod_solitude_rats --------
L 07/06/2020 - 17:51:07: [adminsounds.smx] 0 sounds loaded
L 07/06/2020 - 17:51:12: [randomcycle.smx] RandomCycle has chosen dod_argentan for the nextmap.
L 07/06/2020 - 17:58:05: [mapchooser.smx] Voting for next map has started.
L 07/06/2020 - 18:02:07: [SM] Changed map to "cdcmarijuana!"
L 07/06/2020 - 18:02:07: [SM] Changed map to "cdcmarijuana!"
L 07/06/2020 - 18:02:08: -------- Mapchange to cdcmarijuana! --------
L 07/06/2020 - 18:02:08: [adminsounds.smx] 0 sounds loaded
L 07/06/2020 - 18:02:11: -------- Mapchange to cdcmarijuana! --------
L 07/06/2020 - 18:02:11: [adminsounds.smx] 0 sounds loaded
L 07/06/2020 - 18:02:16: [randomcycle.smx] RandomCycle has chosen dod_orange_sniper for the nextmap.
L 07/06/2020 - 18:09:09: [mapchooser.smx] Voting for next map has started.
L 07/06/2020 - 18:13:10: [SM] Changed map to "dod_orange_cancrelats"
L 07/06/2020 - 18:13:10: [SM] Changed map to "dod_orange_cancrelats"
L 07/06/2020 - 18:13:12: -------- Mapchange to dod_orange_cancrelats --------
L 07/06/2020 - 18:13:12: [adminsounds.smx] 0 sounds loaded
L 07/06/2020 - 18:13:14: -------- Mapchange to dod_orange_cancrelats --------
L 07/06/2020 - 18:13:14: [adminsounds.smx] 0 sounds loaded
L 07/06/2020 - 18:13:20: [randomcycle.smx] RandomCycle has chosen acc_labice for the nextmap.
L 07/06/2020 - 18:20:13: [mapchooser.smx] Voting for next map has started.
L 07/06/2020 - 18:24:14: [SM] Changed map to "dod_argentan"
L 07/06/2020 - 18:24:14: [SM] Changed map to "dod_argentan"
L 07/06/2020 - 18:24:16: -------- Mapchange to dod_argentan --------
L 07/06/2020 - 18:24:16: [adminsounds.smx] 0 sounds loaded
L 07/06/2020 - 18:24:19: -------- Mapchange to dod_argentan --------
L 07/06/2020 - 18:24:19: [adminsounds.smx] 0 sounds loaded
L 07/06/2020 - 18:24:25: [randomcycle.smx] RandomCycle has chosen dod_orange_wallhack for the nextmap.
L 07/06/2020 - 18:31:18: [mapchooser.smx] Voting for next map has started.
L 07/06/2020 - 18:35:19: [SM] Changed map to "dod_deux_chateaux_final"
L 07/06/2020 - 18:35:19: [SM] Changed map to "dod_deux_chateaux_final"
L 07/06/2020 - 18:35:20: -------- Mapchange to dod_deux_chateaux_final --------
L 07/06/2020 - 18:35:20: [adminsounds.smx] 0 sounds loaded
L 07/06/2020 - 18:35:23: -------- Mapchange to dod_deux_chateaux_final --------
L 07/06/2020 - 18:35:23: [adminsounds.smx] 0 sounds loaded
L 07/06/2020 - 18:35:29: [randomcycle.smx] RandomCycle has chosen dod_kalt for the nextmap.
L 07/06/2020 - 18:42:22: [mapchooser.smx] Voting for next map has started.
L 07/06/2020 - 18:46:23: [SM] Changed map to "dod_avalanche"
L 07/06/2020 - 18:46:23: [SM] Changed map to "dod_avalanche"
L 07/06/2020 - 18:46:25: -------- Mapchange to dod_avalanche --------
L 07/06/2020 - 18:46:25: [adminsounds.smx] 0 sounds loaded
L 07/06/2020 - 18:46:27: -------- Mapchange to dod_avalanche --------
L 07/06/2020 - 18:46:27: [adminsounds.smx] 0 sounds loaded
L 07/06/2020 - 18:46:33: [randomcycle.smx] RandomCycle has chosen dod_orange_cancrelats for the nextmap.
L 07/06/2020 - 18:53:26: [mapchooser.smx] Voting for next map has started.
L 07/06/2020 - 18:57:27: [SM] Changed map to "dod_anzio"
L 07/06/2020 - 18:57:27: [SM] Changed map to "dod_anzio"
L 07/06/2020 - 18:57:29: -------- Mapchange to dod_anzio --------
L 07/06/2020 - 18:57:29: [adminsounds.smx] 0 sounds loaded
L 07/06/2020 - 18:57:32: -------- Mapchange to dod_anzio --------
L 07/06/2020 - 18:57:32: [adminsounds.smx] 0 sounds loaded
L 07/06/2020 - 18:57:38: [randomcycle.smx] RandomCycle has chosen dod_iceworld_final_[bds]_doc for the nextmap.
L 07/06/2020 - 19:04:31: [mapchooser.smx] Voting for next map has started.
L 07/06/2020 - 19:08:32: [SM] Changed map to "dod_bunky2_modified"
L 07/06/2020 - 19:08:32: [SM] Changed map to "dod_bunky2_modified"
L 07/06/2020 - 19:08:33: -------- Mapchange to dod_bunky2_modified --------
L 07/06/2020 - 19:08:34: [adminsounds.smx] 0 sounds loaded
L 07/06/2020 - 19:08:36: -------- Mapchange to dod_bunky2_modified --------
L 07/06/2020 - 19:08:36: [adminsounds.smx] 0 sounds loaded
L 07/06/2020 - 19:08:42: [randomcycle.smx] RandomCycle has chosen dod_flash for the nextmap.
L 07/06/2020 - 19:15:35: [mapchooser.smx] Voting for next map has started.
L 07/06/2020 - 19:19:36: [SM] Changed map to "dod_rats"
L 07/06/2020 - 19:19:36: [SM] Changed map to "dod_rats"
L 07/06/2020 - 19:19:38: -------- Mapchange to dod_rats --------
L 07/06/2020 - 19:19:38: [adminsounds.smx] 0 sounds loaded
L 07/06/2020 - 19:19:41: -------- Mapchange to dod_rats --------
L 07/06/2020 - 19:19:41: [adminsounds.smx] 0 sounds loaded
L 07/06/2020 - 19:19:47: [randomcycle.smx] RandomCycle has chosen dod_monopoly_source for the nextmap.
L 07/06/2020 - 19:26:40: [mapchooser.smx] Voting for next map has started.
L 07/06/2020 - 19:30:41: [SM] Changed map to "dod_murky_p2"
L 07/06/2020 - 19:30:41: [SM] Changed map to "dod_murky_p2"
L 07/06/2020 - 19:30:43: -------- Mapchange to dod_murky_p2 --------
L 07/06/2020 - 19:30:43: [adminsounds.smx] 0 sounds loaded
L 07/06/2020 - 19:30:45: -------- Mapchange to dod_murky_p2 --------
L 07/06/2020 - 19:30:45: [adminsounds.smx] 0 sounds loaded
L 07/06/2020 - 19:30:51: [randomcycle.smx] RandomCycle has chosen dod_risk_b9 for the nextmap.
L 07/06/2020 - 19:37:44: [mapchooser.smx] Voting for next map has started.
L 07/06/2020 - 19:41:45: [SM] Changed map to "dod_sniper_wars_beta"
L 07/06/2020 - 19:41:45: [SM] Changed map to "dod_sniper_wars_beta"
L 07/06/2020 - 19:41:46: -------- Mapchange to dod_sniper_wars_beta --------
L 07/06/2020 - 19:41:46: [adminsounds.smx] 0 sounds loaded
L 07/06/2020 - 19:41:49: -------- Mapchange to dod_sniper_wars_beta --------
L 07/06/2020 - 19:41:49: [adminsounds.smx] 0 sounds loaded
L 07/06/2020 - 19:41:55: [randomcycle.smx] RandomCycle has chosen dod_mousekitchen_ed for the nextmap.
L 07/06/2020 - 19:48:48: [mapchooser.smx] Voting for next map has started.
L 07/06/2020 - 19:52:49: [SM] Changed map to "dod_donner"
L 07/06/2020 - 19:52:49: [SM] Changed map to "dod_donner"
L 07/06/2020 - 19:52:51: -------- Mapchange to dod_donner --------
L 07/06/2020 - 19:52:51: [adminsounds.smx] 0 sounds loaded
L 07/06/2020 - 19:52:53: -------- Mapchange to dod_donner --------
L 07/06/2020 - 19:52:54: [adminsounds.smx] 0 sounds loaded
L 07/06/2020 - 19:52:59: [randomcycle.smx] RandomCycle has chosen dod_dli_football_b1 for the nextmap.
L 07/06/2020 - 19:59:52: [mapchooser.smx] Voting for next map has started.
L 07/06/2020 - 20:03:53: [SM] Changed map to "dod_dust2_snow_xmas"
L 07/06/2020 - 20:03:53: [SM] Changed map to "dod_dust2_snow_xmas"
L 07/06/2020 - 20:03:55: -------- Mapchange to dod_dust2_snow_xmas --------
L 07/06/2020 - 20:03:55: [adminsounds.smx] 0 sounds loaded
L 07/06/2020 - 20:03:58: -------- Mapchange to dod_dust2_snow_xmas --------
L 07/06/2020 - 20:03:58: [adminsounds.smx] 0 sounds loaded
L 07/06/2020 - 20:04:04: [randomcycle.smx] RandomCycle has chosen dod_fullhouse for the nextmap.
L 07/06/2020 - 20:10:57: [mapchooser.smx] Voting for next map has started.
L 07/06/2020 - 20:14:58: [SM] Changed map to "dod_cdc_rats_rm"
L 07/06/2020 - 20:14:58: [SM] Changed map to "dod_cdc_rats_rm"
L 07/06/2020 - 20:14:59: -------- Mapchange to dod_cdc_rats_rm --------
L 07/06/2020 - 20:14:59: [adminsounds.smx] 0 sounds loaded
L 07/06/2020 - 20:15:02: -------- Mapchange to dod_cdc_rats_rm --------
L 07/06/2020 - 20:15:02: [adminsounds.smx] 0 sounds loaded
L 07/06/2020 - 20:15:08: [randomcycle.smx] RandomCycle has chosen dod_sniper_killbox_v2 for the nextmap.
L 07/06/2020 - 20:22:01: [mapchooser.smx] Voting for next map has started.
L 07/06/2020 - 20:26:02: [SM] Changed map to "dod_chocolate_fight_arena"
L 07/06/2020 - 20:26:02: [SM] Changed map to "dod_chocolate_fight_arena"
L 07/06/2020 - 20:26:03: -------- Mapchange to dod_chocolate_fight_arena --------
L 07/06/2020 - 20:26:04: [adminsounds.smx] 0 sounds loaded
L 07/06/2020 - 20:26:06: -------- Mapchange to dod_chocolate_fight_arena --------
L 07/06/2020 - 20:26:06: [adminsounds.smx] 0 sounds loaded
L 07/06/2020 - 20:26:12: [randomcycle.smx] RandomCycle has chosen dod_argentan for the nextmap.
L 07/06/2020 - 20:33:05: [mapchooser.smx] Voting for next map has started.
L 07/06/2020 - 20:37:06: [SM] Changed map to "dod_sniper_killbox_v2"
L 07/06/2020 - 20:37:06: [SM] Changed map to "dod_sniper_killbox_v2"
L 07/06/2020 - 20:37:08: -------- Mapchange to dod_sniper_killbox_v2 --------
L 07/06/2020 - 20:37:08: [adminsounds.smx] 0 sounds loaded
L 07/06/2020 - 20:37:10: -------- Mapchange to dod_sniper_killbox_v2 --------
L 07/06/2020 - 20:37:10: [adminsounds.smx] 0 sounds loaded
L 07/06/2020 - 20:37:16: [randomcycle.smx] RandomCycle has chosen dod_oasis_v1a for the nextmap.
L 07/06/2020 - 20:44:09: [mapchooser.smx] Voting for next map has started.
L 07/06/2020 - 20:48:10: [SM] Changed map to "dod_aimap_b1"
L 07/06/2020 - 20:48:10: [SM] Changed map to "dod_aimap_b1"
L 07/06/2020 - 20:48:12: -------- Mapchange to dod_aimap_b1 --------
L 07/06/2020 - 20:48:12: [adminsounds.smx] 0 sounds loaded
L 07/06/2020 - 20:48:15: -------- Mapchange to dod_aimap_b1 --------
L 07/06/2020 - 20:48:15: [adminsounds.smx] 0 sounds loaded
L 07/06/2020 - 20:48:20: [randomcycle.smx] RandomCycle has chosen dod_4pyramides for the nextmap.
L 07/06/2020 - 20:55:13: [mapchooser.smx] Voting for next map has started.
L 07/06/2020 - 20:59:14: [SM] Changed map to "dod_mousekitchen_ed"
L 07/06/2020 - 20:59:14: [SM] Changed map to "dod_mousekitchen_ed"
L 07/06/2020 - 20:59:16: -------- Mapchange to dod_mousekitchen_ed --------
L 07/06/2020 - 20:59:16: [adminsounds.smx] 0 sounds loaded
L 07/06/2020 - 20:59:19: -------- Mapchange to dod_mousekitchen_ed --------
L 07/06/2020 - 20:59:19: [adminsounds.smx] 0 sounds loaded
L 07/06/2020 - 20:59:25: [randomcycle.smx] RandomCycle has chosen dod_dust2_snow_xmas for the nextmap.
L 07/06/2020 - 21:06:18: [mapchooser.smx] Voting for next map has started.
L 07/06/2020 - 21:10:19: [SM] Changed map to "dod_orange_bridges"
L 07/06/2020 - 21:10:19: [SM] Changed map to "dod_orange_bridges"
L 07/06/2020 - 21:10:20: -------- Mapchange to dod_orange_bridges --------
L 07/06/2020 - 21:10:21: [adminsounds.smx] 0 sounds loaded
L 07/06/2020 - 21:10:23: -------- Mapchange to dod_orange_bridges --------
L 07/06/2020 - 21:10:23: [adminsounds.smx] 0 sounds loaded
L 07/06/2020 - 21:10:29: [randomcycle.smx] RandomCycle has chosen dod_sewer_rats_b1 for the nextmap.
L 07/06/2020 - 21:17:22: [mapchooser.smx] Voting for next map has started.
L 07/06/2020 - 21:21:23: [SM] Changed map to "dod_bigbunky_v4"
L 07/06/2020 - 21:21:23: [SM] Changed map to "dod_bigbunky_v4"
L 07/06/2020 - 21:21:25: -------- Mapchange to dod_bigbunky_v4 --------
L 07/06/2020 - 21:21:25: [adminsounds.smx] 0 sounds loaded
L 07/06/2020 - 21:21:27: -------- Mapchange to dod_bigbunky_v4 --------
L 07/06/2020 - 21:21:27: [adminsounds.smx] 0 sounds loaded
L 07/06/2020 - 21:21:33: [randomcycle.smx] RandomCycle has chosen dod_donner for the nextmap.
L 07/06/2020 - 21:28:26: [mapchooser.smx] Voting for next map has started.
L 07/06/2020 - 21:32:27: [SM] Changed map to "dod_solitude_rats"
L 07/06/2020 - 21:32:27: [SM] Changed map to "dod_solitude_rats"
L 07/06/2020 - 21:32:29: -------- Mapchange to dod_solitude_rats --------
L 07/06/2020 - 21:32:29: [adminsounds.smx] 0 sounds loaded
L 07/06/2020 - 21:32:32: -------- Mapchange to dod_solitude_rats --------
L 07/06/2020 - 21:32:32: [adminsounds.smx] 0 sounds loaded
L 07/06/2020 - 21:32:38: [randomcycle.smx] RandomCycle has chosen acc_labice for the nextmap.
L 07/06/2020 - 21:39:31: [mapchooser.smx] Voting for next map has started.
L 07/06/2020 - 21:43:32: [SM] Changed map to "dod_donner"
L 07/06/2020 - 21:43:32: [SM] Changed map to "dod_donner"
L 07/06/2020 - 21:43:34: -------- Mapchange to dod_donner --------
L 07/06/2020 - 21:43:34: [adminsounds.smx] 0 sounds loaded
L 07/06/2020 - 21:43:37: -------- Mapchange to dod_donner --------
L 07/06/2020 - 21:43:37: [adminsounds.smx] 0 sounds loaded
L 07/06/2020 - 21:43:43: [randomcycle.smx] RandomCycle has chosen dod_beer_circus for the nextmap.
L 07/06/2020 - 21:50:36: [mapchooser.smx] Voting for next map has started.
L 07/06/2020 - 21:54:37: [SM] Changed map to "babyfight_arena"
L 07/06/2020 - 21:54:37: [SM] Changed map to "babyfight_arena"
L 07/06/2020 - 21:54:39: -------- Mapchange to babyfight_arena --------
L 07/06/2020 - 21:54:39: [adminsounds.smx] 0 sounds loaded
L 07/06/2020 - 21:54:41: -------- Mapchange to babyfight_arena --------
L 07/06/2020 - 21:54:41: [adminsounds.smx] 0 sounds loaded
L 07/06/2020 - 21:54:47: [randomcycle.smx] RandomCycle has chosen dod_chocolate_fight_arena for the nextmap.
L 07/06/2020 - 22:01:40: [mapchooser.smx] Voting for next map has started.
L 07/06/2020 - 22:05:41: [SM] Changed map to "dod_argentan"
L 07/06/2020 - 22:05:41: [SM] Changed map to "dod_argentan"
L 07/06/2020 - 22:05:43: -------- Mapchange to dod_argentan --------
L 07/06/2020 - 22:05:44: [adminsounds.smx] 0 sounds loaded
L 07/06/2020 - 22:05:46: -------- Mapchange to dod_argentan --------
L 07/06/2020 - 22:05:46: [adminsounds.smx] 0 sounds loaded
L 07/06/2020 - 22:05:52: [randomcycle.smx] RandomCycle has chosen dod_dli_football_b1 for the nextmap.
L 07/06/2020 - 22:12:45: [mapchooser.smx] Voting for next map has started.
L 07/06/2020 - 22:16:46: [SM] Changed map to "dod_mousekitchen_ed"
L 07/06/2020 - 22:16:46: [SM] Changed map to "dod_mousekitchen_ed"
L 07/06/2020 - 22:16:48: -------- Mapchange to dod_mousekitchen_ed --------
L 07/06/2020 - 22:16:48: [adminsounds.smx] 0 sounds loaded
L 07/06/2020 - 22:16:51: -------- Mapchange to dod_mousekitchen_ed --------
L 07/06/2020 - 22:16:51: [adminsounds.smx] 0 sounds loaded
L 07/06/2020 - 22:16:57: [randomcycle.smx] RandomCycle has chosen dod_legoland_b2 for the nextmap.
L 07/06/2020 - 22:23:50: [mapchooser.smx] Voting for next map has started.
L 07/06/2020 - 22:27:51: [SM] Changed map to "dod_legoland_b2"
L 07/06/2020 - 22:27:51: [SM] Changed map to "dod_legoland_b2"
L 07/06/2020 - 22:27:53: -------- Mapchange to dod_legoland_b2 --------
L 07/06/2020 - 22:27:53: [adminsounds.smx] 0 sounds loaded
L 07/06/2020 - 22:27:55: -------- Mapchange to dod_legoland_b2 --------
L 07/06/2020 - 22:27:55: [adminsounds.smx] 0 sounds loaded
L 07/06/2020 - 22:28:01: [randomcycle.smx] RandomCycle has chosen dod_fullhouse for the nextmap.
L 07/06/2020 - 22:34:54: [mapchooser.smx] Voting for next map has started.
L 07/06/2020 - 22:38:55: [SM] Changed map to "acc_labice"
L 07/06/2020 - 22:38:55: [SM] Changed map to "acc_labice"
L 07/06/2020 - 22:38:57: -------- Mapchange to acc_labice --------
L 07/06/2020 - 22:38:57: [adminsounds.smx] 0 sounds loaded
L 07/06/2020 - 22:39:00: -------- Mapchange to acc_labice --------
L 07/06/2020 - 22:39:00: [adminsounds.smx] 0 sounds loaded
L 07/06/2020 - 22:39:06: [randomcycle.smx] RandomCycle has chosen dod_sand_rats_2006 for the nextmap.
L 07/06/2020 - 22:45:59: [mapchooser.smx] Voting for next map has started.
L 07/06/2020 - 22:50:00: [SM] Changed map to "dod_orange_castel_evolution"
L 07/06/2020 - 22:50:00: [SM] Changed map to "dod_orange_castel_evolution"
L 07/06/2020 - 22:50:01: -------- Mapchange to dod_orange_castel_evolution --------
L 07/06/2020 - 22:50:01: [adminsounds.smx] 0 sounds loaded
L 07/06/2020 - 22:50:04: -------- Mapchange to dod_orange_castel_evolution --------
L 07/06/2020 - 22:50:04: [adminsounds.smx] 0 sounds loaded
L 07/06/2020 - 22:50:10: [randomcycle.smx] RandomCycle has chosen dod_solitude_rats for the nextmap.
L 07/06/2020 - 22:57:03: [mapchooser.smx] Voting for next map has started.
L 07/06/2020 - 23:01:04: [SM] Changed map to "dod_football_a"
L 07/06/2020 - 23:01:04: [SM] Changed map to "dod_football_a"
L 07/06/2020 - 23:01:06: -------- Mapchange to dod_football_a --------
L 07/06/2020 - 23:01:06: [adminsounds.smx] 0 sounds loaded
L 07/06/2020 - 23:01:08: -------- Mapchange to dod_football_a --------
L 07/06/2020 - 23:01:08: [adminsounds.smx] 0 sounds loaded
L 07/06/2020 - 23:01:14: [randomcycle.smx] RandomCycle has chosen dod_iceworld_final_[bds]_doc for the nextmap.
L 07/06/2020 - 23:08:07: [mapchooser.smx] Voting for next map has started.
L 07/06/2020 - 23:12:08: [SM] Changed map to "dod_flash"
L 07/06/2020 - 23:12:08: [SM] Changed map to "dod_flash"
L 07/06/2020 - 23:12:10: -------- Mapchange to dod_flash --------
L 07/06/2020 - 23:12:11: [adminsounds.smx] 0 sounds loaded
L 07/06/2020 - 23:12:13: -------- Mapchange to dod_flash --------
L 07/06/2020 - 23:12:14: [adminsounds.smx] 0 sounds loaded
L 07/06/2020 - 23:12:20: [randomcycle.smx] RandomCycle has chosen dod_jagd for the nextmap.
L 07/06/2020 - 23:19:13: [mapchooser.smx] Voting for next map has started.
L 07/06/2020 - 23:23:14: [SM] Changed map to "dod_kalt"
L 07/06/2020 - 23:23:14: [SM] Changed map to "dod_kalt"
L 07/06/2020 - 23:23:16: -------- Mapchange to dod_kalt --------
L 07/06/2020 - 23:23:16: [adminsounds.smx] 0 sounds loaded
L 07/06/2020 - 23:23:19: -------- Mapchange to dod_kalt --------
L 07/06/2020 - 23:23:19: [adminsounds.smx] 0 sounds loaded
L 07/06/2020 - 23:23:25: [randomcycle.smx] RandomCycle has chosen dod_murky_p2 for the nextmap.
L 07/06/2020 - 23:30:18: [mapchooser.smx] Voting for next map has started.
L 07/06/2020 - 23:34:19: [SM] Changed map to "dod_orange_damier_v2"
L 07/06/2020 - 23:34:19: [SM] Changed map to "dod_orange_damier_v2"
L 07/06/2020 - 23:34:21: -------- Mapchange to dod_orange_damier_v2 --------
L 07/06/2020 - 23:34:21: [adminsounds.smx] 0 sounds loaded
L 07/06/2020 - 23:34:24: -------- Mapchange to dod_orange_damier_v2 --------
L 07/06/2020 - 23:34:24: [adminsounds.smx] 0 sounds loaded
L 07/06/2020 - 23:34:30: [randomcycle.smx] RandomCycle has chosen dod_orange_damier_v2 for the nextmap.
L 07/06/2020 - 23:41:23: [mapchooser.smx] Voting for next map has started.
L 07/06/2020 - 23:45:24: [SM] Changed map to "dod_chocolate_fight_arena"
L 07/06/2020 - 23:45:24: [SM] Changed map to "dod_chocolate_fight_arena"
L 07/06/2020 - 23:45:26: -------- Mapchange to dod_chocolate_fight_arena --------
L 07/06/2020 - 23:45:26: [adminsounds.smx] 0 sounds loaded
L 07/06/2020 - 23:45:28: -------- Mapchange to dod_chocolate_fight_arena --------
L 07/06/2020 - 23:45:29: [adminsounds.smx] 0 sounds loaded
L 07/06/2020 - 23:45:35: [randomcycle.smx] RandomCycle has chosen dod_orange_castel_evolution for the nextmap.
L 07/06/2020 - 23:52:27: [mapchooser.smx] Voting for next map has started.
L 07/06/2020 - 23:56:29: [SM] Changed map to "dod_fullhouse"
L 07/06/2020 - 23:56:29: [SM] Changed map to "dod_fullhouse"
L 07/06/2020 - 23:56:30: -------- Mapchange to dod_fullhouse --------
L 07/06/2020 - 23:56:31: [adminsounds.smx] 0 sounds loaded
L 07/06/2020 - 23:56:33: -------- Mapchange to dod_fullhouse --------
L 07/06/2020 - 23:56:33: [adminsounds.smx] 0 sounds loaded
L 07/06/2020 - 23:56:39: [randomcycle.smx] RandomCycle has chosen dod_donner for the nextmap.
L 07/07/2020 - 00:03:32: Log file closed.
