L 07/07/2020 - 00:03:32: SourceMod log file session started (file "/home/srvdod/srcds/dod_s/dod/addons/sourcemod/logs/L20200707.log") (Version "1.10.0.6490")
L 07/07/2020 - 00:03:32: [mapchooser.smx] Voting for next map has started.
L 07/07/2020 - 00:07:33: [SM] Changed map to "mario_air"
L 07/07/2020 - 00:07:33: [SM] Changed map to "mario_air"
L 07/07/2020 - 00:07:34: -------- Mapchange to mario_air --------
L 07/07/2020 - 00:07:34: [adminsounds.smx] 0 sounds loaded
L 07/07/2020 - 00:07:35: -------- Mapchange to mario_air --------
L 07/07/2020 - 00:07:35: [adminsounds.smx] 0 sounds loaded
L 07/07/2020 - 00:07:40: [randomcycle.smx] RandomCycle has chosen dod_orange_bridges for the nextmap.
L 07/07/2020 - 00:14:33: [mapchooser.smx] Voting for next map has started.
L 07/07/2020 - 00:18:34: [SM] Changed map to "dod_orange_damier_v2"
L 07/07/2020 - 00:18:34: [SM] Changed map to "dod_orange_damier_v2"
L 07/07/2020 - 00:18:35: -------- Mapchange to dod_orange_damier_v2 --------
L 07/07/2020 - 00:18:35: [adminsounds.smx] 0 sounds loaded
L 07/07/2020 - 00:18:36: -------- Mapchange to dod_orange_damier_v2 --------
L 07/07/2020 - 00:18:36: [adminsounds.smx] 0 sounds loaded
L 07/07/2020 - 00:18:41: [randomcycle.smx] RandomCycle has chosen dod_monopoly_source for the nextmap.
L 07/07/2020 - 00:25:34: [mapchooser.smx] Voting for next map has started.
L 07/07/2020 - 00:29:35: [SM] Changed map to "dod_argentan"
L 07/07/2020 - 00:29:35: [SM] Changed map to "dod_argentan"
L 07/07/2020 - 00:29:36: -------- Mapchange to dod_argentan --------
L 07/07/2020 - 00:29:36: [adminsounds.smx] 0 sounds loaded
L 07/07/2020 - 00:29:37: -------- Mapchange to dod_argentan --------
L 07/07/2020 - 00:29:38: [adminsounds.smx] 0 sounds loaded
L 07/07/2020 - 00:29:43: [randomcycle.smx] RandomCycle has chosen dod_orange_wallhack for the nextmap.
L 07/07/2020 - 00:36:36: [mapchooser.smx] Voting for next map has started.
L 07/07/2020 - 00:40:37: [SM] Changed map to "dod_deux_chateaux_final"
L 07/07/2020 - 00:40:37: [SM] Changed map to "dod_deux_chateaux_final"
L 07/07/2020 - 00:40:37: -------- Mapchange to dod_deux_chateaux_final --------
L 07/07/2020 - 00:40:37: [adminsounds.smx] 0 sounds loaded
L 07/07/2020 - 00:40:38: -------- Mapchange to dod_deux_chateaux_final --------
L 07/07/2020 - 00:40:38: [adminsounds.smx] 0 sounds loaded
L 07/07/2020 - 00:40:43: [randomcycle.smx] RandomCycle has chosen dod_sand_rats_2006 for the nextmap.
L 07/07/2020 - 00:47:36: [mapchooser.smx] Voting for next map has started.
L 07/07/2020 - 00:51:37: [SM] Changed map to "dod_bunky2_modified"
L 07/07/2020 - 00:51:37: [SM] Changed map to "dod_bunky2_modified"
L 07/07/2020 - 00:51:38: -------- Mapchange to dod_bunky2_modified --------
L 07/07/2020 - 00:51:38: [adminsounds.smx] 0 sounds loaded
L 07/07/2020 - 00:51:39: -------- Mapchange to dod_bunky2_modified --------
L 07/07/2020 - 00:51:39: [adminsounds.smx] 0 sounds loaded
L 07/07/2020 - 00:51:44: [randomcycle.smx] RandomCycle has chosen dod_dust2_snow_xmas for the nextmap.
L 07/07/2020 - 00:58:37: [mapchooser.smx] Voting for next map has started.
L 07/07/2020 - 01:02:38: [SM] Changed map to "dod_football_a"
L 07/07/2020 - 01:02:38: [SM] Changed map to "dod_football_a"
L 07/07/2020 - 01:02:39: -------- Mapchange to dod_football_a --------
L 07/07/2020 - 01:02:39: [adminsounds.smx] 0 sounds loaded
L 07/07/2020 - 01:02:40: -------- Mapchange to dod_football_a --------
L 07/07/2020 - 01:02:40: [adminsounds.smx] 0 sounds loaded
L 07/07/2020 - 01:02:45: [randomcycle.smx] RandomCycle has chosen dod_mousekitchen_ed for the nextmap.
L 07/07/2020 - 01:09:38: [mapchooser.smx] Voting for next map has started.
L 07/07/2020 - 01:13:39: [SM] Changed map to "dod_argentan"
L 07/07/2020 - 01:13:39: [SM] Changed map to "dod_argentan"
L 07/07/2020 - 01:13:40: -------- Mapchange to dod_argentan --------
L 07/07/2020 - 01:13:40: [adminsounds.smx] 0 sounds loaded
L 07/07/2020 - 01:13:41: -------- Mapchange to dod_argentan --------
L 07/07/2020 - 01:13:41: [adminsounds.smx] 0 sounds loaded
L 07/07/2020 - 01:13:46: [randomcycle.smx] RandomCycle has chosen dod_rats for the nextmap.
L 07/07/2020 - 01:20:39: [mapchooser.smx] Voting for next map has started.
L 07/07/2020 - 01:24:40: [SM] Changed map to "dod_anzio"
L 07/07/2020 - 01:24:40: [SM] Changed map to "dod_anzio"
L 07/07/2020 - 01:24:42: -------- Mapchange to dod_anzio --------
L 07/07/2020 - 01:24:42: [adminsounds.smx] 0 sounds loaded
L 07/07/2020 - 01:24:43: -------- Mapchange to dod_anzio --------
L 07/07/2020 - 01:24:43: [adminsounds.smx] 0 sounds loaded
L 07/07/2020 - 01:24:48: [randomcycle.smx] RandomCycle has chosen dod_dli_football_b1 for the nextmap.
L 07/07/2020 - 01:31:41: [mapchooser.smx] Voting for next map has started.
L 07/07/2020 - 01:35:42: [SM] Changed map to "dod_mousekitchen_ed"
L 07/07/2020 - 01:35:42: [SM] Changed map to "dod_mousekitchen_ed"
L 07/07/2020 - 01:35:43: -------- Mapchange to dod_mousekitchen_ed --------
L 07/07/2020 - 01:35:43: [adminsounds.smx] 0 sounds loaded
L 07/07/2020 - 01:35:44: -------- Mapchange to dod_mousekitchen_ed --------
L 07/07/2020 - 01:35:44: [adminsounds.smx] 0 sounds loaded
L 07/07/2020 - 01:35:49: [randomcycle.smx] RandomCycle has chosen dod_avalanche for the nextmap.
L 07/07/2020 - 01:42:42: [mapchooser.smx] Voting for next map has started.
L 07/07/2020 - 01:46:43: [SM] Changed map to "dod_chocolate_fight_arena"
L 07/07/2020 - 01:46:43: [SM] Changed map to "dod_chocolate_fight_arena"
L 07/07/2020 - 01:46:44: -------- Mapchange to dod_chocolate_fight_arena --------
L 07/07/2020 - 01:46:44: [adminsounds.smx] 0 sounds loaded
L 07/07/2020 - 01:46:45: -------- Mapchange to dod_chocolate_fight_arena --------
L 07/07/2020 - 01:46:45: [adminsounds.smx] 0 sounds loaded
L 07/07/2020 - 01:46:50: [randomcycle.smx] RandomCycle has chosen dod_flash for the nextmap.
L 07/07/2020 - 01:53:43: [mapchooser.smx] Voting for next map has started.
L 07/07/2020 - 01:57:44: [SM] Changed map to "dod_dust2_snow_xmas"
L 07/07/2020 - 01:57:44: [SM] Changed map to "dod_dust2_snow_xmas"
L 07/07/2020 - 01:57:45: -------- Mapchange to dod_dust2_snow_xmas --------
L 07/07/2020 - 01:57:45: [adminsounds.smx] 0 sounds loaded
L 07/07/2020 - 01:57:46: -------- Mapchange to dod_dust2_snow_xmas --------
L 07/07/2020 - 01:57:46: [adminsounds.smx] 0 sounds loaded
L 07/07/2020 - 01:57:51: [randomcycle.smx] RandomCycle has chosen dod_4pyramides for the nextmap.
L 07/07/2020 - 02:04:44: [mapchooser.smx] Voting for next map has started.
L 07/07/2020 - 02:08:45: [SM] Changed map to "dod_legoland_b2"
L 07/07/2020 - 02:08:45: [SM] Changed map to "dod_legoland_b2"
L 07/07/2020 - 02:08:46: -------- Mapchange to dod_legoland_b2 --------
L 07/07/2020 - 02:08:46: [adminsounds.smx] 0 sounds loaded
L 07/07/2020 - 02:08:47: -------- Mapchange to dod_legoland_b2 --------
L 07/07/2020 - 02:08:47: [adminsounds.smx] 0 sounds loaded
L 07/07/2020 - 02:08:52: [randomcycle.smx] RandomCycle has chosen dod_jagd for the nextmap.
L 07/07/2020 - 02:15:45: [mapchooser.smx] Voting for next map has started.
L 07/07/2020 - 02:19:46: [SM] Changed map to "mario_air"
L 07/07/2020 - 02:19:46: [SM] Changed map to "mario_air"
L 07/07/2020 - 02:19:47: -------- Mapchange to mario_air --------
L 07/07/2020 - 02:19:47: [adminsounds.smx] 0 sounds loaded
L 07/07/2020 - 02:19:48: -------- Mapchange to mario_air --------
L 07/07/2020 - 02:19:48: [adminsounds.smx] 0 sounds loaded
L 07/07/2020 - 02:19:53: [randomcycle.smx] RandomCycle has chosen dod_aimap_b1 for the nextmap.
L 07/07/2020 - 02:26:46: [mapchooser.smx] Voting for next map has started.
L 07/07/2020 - 02:30:47: [SM] Changed map to "cdcmarijuana!"
L 07/07/2020 - 02:30:47: [SM] Changed map to "cdcmarijuana!"
L 07/07/2020 - 02:30:48: -------- Mapchange to cdcmarijuana! --------
L 07/07/2020 - 02:30:48: [adminsounds.smx] 0 sounds loaded
L 07/07/2020 - 02:30:49: -------- Mapchange to cdcmarijuana! --------
L 07/07/2020 - 02:30:49: [adminsounds.smx] 0 sounds loaded
L 07/07/2020 - 02:30:54: [randomcycle.smx] RandomCycle has chosen mario_air for the nextmap.
L 07/07/2020 - 02:37:47: [mapchooser.smx] Voting for next map has started.
L 07/07/2020 - 02:41:48: [SM] Changed map to "dod_solitude_rats"
L 07/07/2020 - 02:41:48: [SM] Changed map to "dod_solitude_rats"
L 07/07/2020 - 02:41:49: -------- Mapchange to dod_solitude_rats --------
L 07/07/2020 - 02:41:49: [adminsounds.smx] 0 sounds loaded
L 07/07/2020 - 02:41:50: -------- Mapchange to dod_solitude_rats --------
L 07/07/2020 - 02:41:50: [adminsounds.smx] 0 sounds loaded
L 07/07/2020 - 02:41:55: [randomcycle.smx] RandomCycle has chosen dod_sniper_wars_beta for the nextmap.
L 07/07/2020 - 02:48:48: [mapchooser.smx] Voting for next map has started.
L 07/07/2020 - 02:52:49: [SM] Changed map to "sniperzone"
L 07/07/2020 - 02:52:49: [SM] Changed map to "sniperzone"
L 07/07/2020 - 02:52:50: -------- Mapchange to sniperzone --------
L 07/07/2020 - 02:52:50: [adminsounds.smx] 0 sounds loaded
L 07/07/2020 - 02:52:52: -------- Mapchange to sniperzone --------
L 07/07/2020 - 02:52:52: [adminsounds.smx] 0 sounds loaded
L 07/07/2020 - 02:52:57: [randomcycle.smx] RandomCycle has chosen dod_sniperarena_dgs2 for the nextmap.
L 07/07/2020 - 02:59:50: [mapchooser.smx] Voting for next map has started.
L 07/07/2020 - 03:03:51: [SM] Changed map to "dod_sand_rats_2006"
L 07/07/2020 - 03:03:51: [SM] Changed map to "dod_sand_rats_2006"
L 07/07/2020 - 03:03:52: -------- Mapchange to dod_sand_rats_2006 --------
L 07/07/2020 - 03:03:52: [adminsounds.smx] 0 sounds loaded
L 07/07/2020 - 03:03:53: -------- Mapchange to dod_sand_rats_2006 --------
L 07/07/2020 - 03:03:53: [adminsounds.smx] 0 sounds loaded
L 07/07/2020 - 03:03:58: [randomcycle.smx] RandomCycle has chosen dod_sand_rats_2006 for the nextmap.
L 07/07/2020 - 03:10:51: [mapchooser.smx] Voting for next map has started.
L 07/07/2020 - 03:14:52: [SM] Changed map to "dod_orange_wallhack"
L 07/07/2020 - 03:14:52: [SM] Changed map to "dod_orange_wallhack"
L 07/07/2020 - 03:14:53: -------- Mapchange to dod_orange_wallhack --------
L 07/07/2020 - 03:14:53: [adminsounds.smx] 0 sounds loaded
L 07/07/2020 - 03:14:54: -------- Mapchange to dod_orange_wallhack --------
L 07/07/2020 - 03:14:54: [adminsounds.smx] 0 sounds loaded
L 07/07/2020 - 03:14:59: [randomcycle.smx] RandomCycle has chosen dod_murky_p2 for the nextmap.
L 07/07/2020 - 03:21:52: [mapchooser.smx] Voting for next map has started.
L 07/07/2020 - 03:25:53: [SM] Changed map to "dod_orange_sniper"
L 07/07/2020 - 03:25:53: [SM] Changed map to "dod_orange_sniper"
L 07/07/2020 - 03:25:54: -------- Mapchange to dod_orange_sniper --------
L 07/07/2020 - 03:25:54: [adminsounds.smx] 0 sounds loaded
L 07/07/2020 - 03:25:55: -------- Mapchange to dod_orange_sniper --------
L 07/07/2020 - 03:25:55: [adminsounds.smx] 0 sounds loaded
L 07/07/2020 - 03:26:00: [randomcycle.smx] RandomCycle has chosen cdcmarijuana! for the nextmap.
L 07/07/2020 - 03:32:53: [mapchooser.smx] Voting for next map has started.
L 07/07/2020 - 03:36:54: [SM] Changed map to "dod_orange_damier_v2"
L 07/07/2020 - 03:36:54: [SM] Changed map to "dod_orange_damier_v2"
L 07/07/2020 - 03:36:55: -------- Mapchange to dod_orange_damier_v2 --------
L 07/07/2020 - 03:36:55: [adminsounds.smx] 0 sounds loaded
L 07/07/2020 - 03:36:56: -------- Mapchange to dod_orange_damier_v2 --------
L 07/07/2020 - 03:36:56: [adminsounds.smx] 0 sounds loaded
L 07/07/2020 - 03:37:01: [randomcycle.smx] RandomCycle has chosen dod_orange_damier_v2 for the nextmap.
L 07/07/2020 - 03:43:54: [mapchooser.smx] Voting for next map has started.
L 07/07/2020 - 03:47:55: [SM] Changed map to "dod_orange_cancrelats"
L 07/07/2020 - 03:47:55: [SM] Changed map to "dod_orange_cancrelats"
L 07/07/2020 - 03:47:56: -------- Mapchange to dod_orange_cancrelats --------
L 07/07/2020 - 03:47:56: [adminsounds.smx] 0 sounds loaded
L 07/07/2020 - 03:47:57: -------- Mapchange to dod_orange_cancrelats --------
L 07/07/2020 - 03:47:57: [adminsounds.smx] 0 sounds loaded
L 07/07/2020 - 03:48:02: [randomcycle.smx] RandomCycle has chosen dod_football_a for the nextmap.
L 07/07/2020 - 03:54:55: [mapchooser.smx] Voting for next map has started.
L 07/07/2020 - 03:58:57: [SM] Changed map to "dod_argentan"
L 07/07/2020 - 03:58:57: [SM] Changed map to "dod_argentan"
L 07/07/2020 - 03:58:58: -------- Mapchange to dod_argentan --------
L 07/07/2020 - 03:58:58: [adminsounds.smx] 0 sounds loaded
L 07/07/2020 - 03:58:59: -------- Mapchange to dod_argentan --------
L 07/07/2020 - 03:58:59: [adminsounds.smx] 0 sounds loaded
L 07/07/2020 - 03:59:04: [randomcycle.smx] RandomCycle has chosen babyfight_arena for the nextmap.
L 07/07/2020 - 04:05:58: [mapchooser.smx] Voting for next map has started.
L 07/07/2020 - 04:09:59: [SM] Changed map to "dod_bigbunky_v4"
L 07/07/2020 - 04:09:59: [SM] Changed map to "dod_bigbunky_v4"
L 07/07/2020 - 04:10:00: -------- Mapchange to dod_bigbunky_v4 --------
L 07/07/2020 - 04:10:00: [adminsounds.smx] 0 sounds loaded
L 07/07/2020 - 04:10:01: -------- Mapchange to dod_bigbunky_v4 --------
L 07/07/2020 - 04:10:01: [adminsounds.smx] 0 sounds loaded
L 07/07/2020 - 04:10:06: [randomcycle.smx] RandomCycle has chosen dod_chocolate_fight_arena for the nextmap.
L 07/07/2020 - 04:16:59: [mapchooser.smx] Voting for next map has started.
L 07/07/2020 - 04:21:00: [SM] Changed map to "dod_orange_wallhack"
L 07/07/2020 - 04:21:00: [SM] Changed map to "dod_orange_wallhack"
L 07/07/2020 - 04:21:01: -------- Mapchange to dod_orange_wallhack --------
L 07/07/2020 - 04:21:01: [adminsounds.smx] 0 sounds loaded
L 07/07/2020 - 04:21:02: -------- Mapchange to dod_orange_wallhack --------
L 07/07/2020 - 04:21:02: [adminsounds.smx] 0 sounds loaded
L 07/07/2020 - 04:21:07: [randomcycle.smx] RandomCycle has chosen dod_sewer_rats_b1 for the nextmap.
L 07/07/2020 - 04:28:00: [mapchooser.smx] Voting for next map has started.
L 07/07/2020 - 04:32:01: [SM] Changed map to "dod_legoland_b2"
L 07/07/2020 - 04:32:01: [SM] Changed map to "dod_legoland_b2"
L 07/07/2020 - 04:32:02: -------- Mapchange to dod_legoland_b2 --------
L 07/07/2020 - 04:32:03: [adminsounds.smx] 0 sounds loaded
L 07/07/2020 - 04:32:04: -------- Mapchange to dod_legoland_b2 --------
L 07/07/2020 - 04:32:04: [adminsounds.smx] 0 sounds loaded
L 07/07/2020 - 04:32:09: [randomcycle.smx] RandomCycle has chosen dod_orange_sniper for the nextmap.
L 07/07/2020 - 04:39:02: [mapchooser.smx] Voting for next map has started.
L 07/07/2020 - 04:43:03: [SM] Changed map to "dod_orange_sniper"
L 07/07/2020 - 04:43:03: [SM] Changed map to "dod_orange_sniper"
L 07/07/2020 - 04:43:04: -------- Mapchange to dod_orange_sniper --------
L 07/07/2020 - 04:43:04: [adminsounds.smx] 0 sounds loaded
L 07/07/2020 - 04:43:05: -------- Mapchange to dod_orange_sniper --------
L 07/07/2020 - 04:43:05: [adminsounds.smx] 0 sounds loaded
L 07/07/2020 - 04:43:10: [randomcycle.smx] RandomCycle has chosen dod_donner for the nextmap.
L 07/07/2020 - 04:50:03: [mapchooser.smx] Voting for next map has started.
L 07/07/2020 - 04:54:04: [SM] Changed map to "dod_solitude_rats"
L 07/07/2020 - 04:54:04: [SM] Changed map to "dod_solitude_rats"
L 07/07/2020 - 04:54:05: -------- Mapchange to dod_solitude_rats --------
L 07/07/2020 - 04:54:05: [adminsounds.smx] 0 sounds loaded
L 07/07/2020 - 04:54:07: -------- Mapchange to dod_solitude_rats --------
L 07/07/2020 - 04:54:07: [adminsounds.smx] 0 sounds loaded
L 07/07/2020 - 04:54:12: [randomcycle.smx] RandomCycle has chosen dod_colmar for the nextmap.
L 07/07/2020 - 05:01:05: [mapchooser.smx] Voting for next map has started.
L 07/07/2020 - 05:05:06: [SM] Changed map to "dod_kalt"
L 07/07/2020 - 05:05:06: [SM] Changed map to "dod_kalt"
L 07/07/2020 - 05:05:07: -------- Mapchange to dod_kalt --------
L 07/07/2020 - 05:05:08: [adminsounds.smx] 0 sounds loaded
L 07/07/2020 - 05:05:09: -------- Mapchange to dod_kalt --------
L 07/07/2020 - 05:05:09: [adminsounds.smx] 0 sounds loaded
L 07/07/2020 - 05:05:14: [randomcycle.smx] RandomCycle has chosen dod_risk_b9 for the nextmap.
L 07/07/2020 - 05:12:07: [mapchooser.smx] Voting for next map has started.
L 07/07/2020 - 05:16:08: [SM] Changed map to "dod_oasis_v1a"
L 07/07/2020 - 05:16:08: [SM] Changed map to "dod_oasis_v1a"
L 07/07/2020 - 05:16:10: -------- Mapchange to dod_oasis_v1a --------
L 07/07/2020 - 05:16:10: [adminsounds.smx] 0 sounds loaded
L 07/07/2020 - 05:16:11: -------- Mapchange to dod_oasis_v1a --------
L 07/07/2020 - 05:16:11: [adminsounds.smx] 0 sounds loaded
L 07/07/2020 - 05:16:16: [randomcycle.smx] RandomCycle has chosen dod_bigbunky_v4 for the nextmap.
L 07/07/2020 - 05:23:09: [mapchooser.smx] Voting for next map has started.
L 07/07/2020 - 05:27:10: [SM] Changed map to "dod_mousekitchen_ed"
L 07/07/2020 - 05:27:10: [SM] Changed map to "dod_mousekitchen_ed"
L 07/07/2020 - 05:27:11: -------- Mapchange to dod_mousekitchen_ed --------
L 07/07/2020 - 05:27:11: [adminsounds.smx] 0 sounds loaded
L 07/07/2020 - 05:27:13: -------- Mapchange to dod_mousekitchen_ed --------
L 07/07/2020 - 05:27:13: [adminsounds.smx] 0 sounds loaded
L 07/07/2020 - 05:27:18: [randomcycle.smx] RandomCycle has chosen dod_orange_bridges for the nextmap.
L 07/07/2020 - 05:34:11: [mapchooser.smx] Voting for next map has started.
L 07/07/2020 - 05:38:12: [SM] Changed map to "dod_orange_wallhack"
L 07/07/2020 - 05:38:12: [SM] Changed map to "dod_orange_wallhack"
L 07/07/2020 - 05:38:13: -------- Mapchange to dod_orange_wallhack --------
L 07/07/2020 - 05:38:13: [adminsounds.smx] 0 sounds loaded
L 07/07/2020 - 05:38:14: -------- Mapchange to dod_orange_wallhack --------
L 07/07/2020 - 05:38:14: [adminsounds.smx] 0 sounds loaded
L 07/07/2020 - 05:38:19: [randomcycle.smx] RandomCycle has chosen cdcmarijuana! for the nextmap.
L 07/07/2020 - 05:45:12: [mapchooser.smx] Voting for next map has started.
L 07/07/2020 - 05:49:13: [SM] Changed map to "dod_donner"
L 07/07/2020 - 05:49:13: [SM] Changed map to "dod_donner"
L 07/07/2020 - 05:49:15: -------- Mapchange to dod_donner --------
L 07/07/2020 - 05:49:15: [adminsounds.smx] 0 sounds loaded
L 07/07/2020 - 05:49:16: -------- Mapchange to dod_donner --------
L 07/07/2020 - 05:49:16: [adminsounds.smx] 0 sounds loaded
L 07/07/2020 - 05:49:22: [randomcycle.smx] RandomCycle has chosen dod_beer_circus for the nextmap.
L 07/07/2020 - 05:56:15: [mapchooser.smx] Voting for next map has started.
L 07/07/2020 - 06:00:16: [SM] Changed map to "dod_bunky2_modified"
L 07/07/2020 - 06:00:16: [SM] Changed map to "dod_bunky2_modified"
L 07/07/2020 - 06:00:17: -------- Mapchange to dod_bunky2_modified --------
L 07/07/2020 - 06:00:17: [adminsounds.smx] 0 sounds loaded
L 07/07/2020 - 06:00:18: -------- Mapchange to dod_bunky2_modified --------
L 07/07/2020 - 06:00:18: [adminsounds.smx] 0 sounds loaded
L 07/07/2020 - 06:00:23: [randomcycle.smx] RandomCycle has chosen dod_orange_damier_v2 for the nextmap.
L 07/07/2020 - 06:07:16: [mapchooser.smx] Voting for next map has started.
L 07/07/2020 - 06:11:17: [SM] Changed map to "dod_deux_chateaux_final"
L 07/07/2020 - 06:11:17: [SM] Changed map to "dod_deux_chateaux_final"
L 07/07/2020 - 06:11:18: -------- Mapchange to dod_deux_chateaux_final --------
L 07/07/2020 - 06:11:18: [adminsounds.smx] 0 sounds loaded
L 07/07/2020 - 06:11:19: -------- Mapchange to dod_deux_chateaux_final --------
L 07/07/2020 - 06:11:20: [adminsounds.smx] 0 sounds loaded
L 07/07/2020 - 06:11:25: [randomcycle.smx] RandomCycle has chosen dod_bunky2_modified for the nextmap.
L 07/07/2020 - 06:18:18: [mapchooser.smx] Voting for next map has started.
L 07/07/2020 - 06:22:19: [SM] Changed map to "dod_sniperarena_dgs2"
L 07/07/2020 - 06:22:19: [SM] Changed map to "dod_sniperarena_dgs2"
L 07/07/2020 - 06:22:20: -------- Mapchange to dod_sniperarena_dgs2 --------
L 07/07/2020 - 06:22:20: [adminsounds.smx] 0 sounds loaded
L 07/07/2020 - 06:22:21: -------- Mapchange to dod_sniperarena_dgs2 --------
L 07/07/2020 - 06:22:21: [adminsounds.smx] 0 sounds loaded
L 07/07/2020 - 06:22:26: [randomcycle.smx] RandomCycle has chosen dod_chocolate_fight_arena for the nextmap.
L 07/07/2020 - 06:29:19: [mapchooser.smx] Voting for next map has started.
L 07/07/2020 - 06:33:20: [SM] Changed map to "dod_cdc_rats_rm"
L 07/07/2020 - 06:33:21: [SM] Changed map to "dod_cdc_rats_rm"
L 07/07/2020 - 06:33:22: -------- Mapchange to dod_cdc_rats_rm --------
L 07/07/2020 - 06:33:22: [adminsounds.smx] 0 sounds loaded
L 07/07/2020 - 06:33:23: -------- Mapchange to dod_cdc_rats_rm --------
L 07/07/2020 - 06:33:23: [adminsounds.smx] 0 sounds loaded
L 07/07/2020 - 06:33:28: [randomcycle.smx] RandomCycle has chosen dod_argentan for the nextmap.
L 07/07/2020 - 06:40:21: [mapchooser.smx] Voting for next map has started.
L 07/07/2020 - 06:44:22: [SM] Changed map to "dod_sniper_killbox_v2"
L 07/07/2020 - 06:44:22: [SM] Changed map to "dod_sniper_killbox_v2"
L 07/07/2020 - 06:44:23: -------- Mapchange to dod_sniper_killbox_v2 --------
L 07/07/2020 - 06:44:23: [adminsounds.smx] 0 sounds loaded
L 07/07/2020 - 06:44:25: -------- Mapchange to dod_sniper_killbox_v2 --------
L 07/07/2020 - 06:44:25: [adminsounds.smx] 0 sounds loaded
L 07/07/2020 - 06:44:30: [randomcycle.smx] RandomCycle has chosen dod_deux_chateaux_final for the nextmap.
L 07/07/2020 - 06:51:23: [mapchooser.smx] Voting for next map has started.
L 07/07/2020 - 06:55:24: [SM] Changed map to "dod_sucette_v3"
L 07/07/2020 - 06:55:24: [SM] Changed map to "dod_sucette_v3"
L 07/07/2020 - 06:55:25: -------- Mapchange to dod_sucette_v3 --------
L 07/07/2020 - 06:55:25: [adminsounds.smx] 0 sounds loaded
L 07/07/2020 - 06:55:26: -------- Mapchange to dod_sucette_v3 --------
L 07/07/2020 - 06:55:26: [adminsounds.smx] 0 sounds loaded
L 07/07/2020 - 06:55:32: [randomcycle.smx] RandomCycle has chosen dod_donner for the nextmap.
L 07/07/2020 - 07:02:25: [mapchooser.smx] Voting for next map has started.
L 07/07/2020 - 07:06:26: [SM] Changed map to "dod_4pyramides"
L 07/07/2020 - 07:06:26: [SM] Changed map to "dod_4pyramides"
L 07/07/2020 - 07:06:27: -------- Mapchange to dod_4pyramides --------
L 07/07/2020 - 07:06:27: [adminsounds.smx] 0 sounds loaded
L 07/07/2020 - 07:06:28: -------- Mapchange to dod_4pyramides --------
L 07/07/2020 - 07:06:28: [adminsounds.smx] 0 sounds loaded
L 07/07/2020 - 07:06:33: [randomcycle.smx] RandomCycle has chosen dod_avalanche@night for the nextmap.
L 07/07/2020 - 07:13:26: [mapchooser.smx] Voting for next map has started.
L 07/07/2020 - 07:17:27: [SM] Changed map to "dod_solitude_rats"
L 07/07/2020 - 07:17:27: [SM] Changed map to "dod_solitude_rats"
L 07/07/2020 - 07:17:29: -------- Mapchange to dod_solitude_rats --------
L 07/07/2020 - 07:17:29: [adminsounds.smx] 0 sounds loaded
L 07/07/2020 - 07:17:30: -------- Mapchange to dod_solitude_rats --------
L 07/07/2020 - 07:17:30: [adminsounds.smx] 0 sounds loaded
L 07/07/2020 - 07:17:35: [randomcycle.smx] RandomCycle has chosen dod_aimap_b1 for the nextmap.
L 07/07/2020 - 07:24:28: [mapchooser.smx] Voting for next map has started.
L 07/07/2020 - 07:28:29: [SM] Changed map to "dod_argentan"
L 07/07/2020 - 07:28:30: [SM] Changed map to "dod_argentan"
L 07/07/2020 - 07:28:31: -------- Mapchange to dod_argentan --------
L 07/07/2020 - 07:28:31: [adminsounds.smx] 0 sounds loaded
L 07/07/2020 - 07:28:33: -------- Mapchange to dod_argentan --------
L 07/07/2020 - 07:28:33: [adminsounds.smx] 0 sounds loaded
L 07/07/2020 - 07:28:38: [randomcycle.smx] RandomCycle has chosen acc_labice for the nextmap.
L 07/07/2020 - 07:35:31: [mapchooser.smx] Voting for next map has started.
L 07/07/2020 - 07:39:32: [SM] Changed map to "dod_dust2_snow_xmas"
L 07/07/2020 - 07:39:32: [SM] Changed map to "dod_dust2_snow_xmas"
L 07/07/2020 - 07:39:33: -------- Mapchange to dod_dust2_snow_xmas --------
L 07/07/2020 - 07:39:34: [adminsounds.smx] 0 sounds loaded
L 07/07/2020 - 07:39:35: -------- Mapchange to dod_dust2_snow_xmas --------
L 07/07/2020 - 07:39:35: [adminsounds.smx] 0 sounds loaded
L 07/07/2020 - 07:39:40: [randomcycle.smx] RandomCycle has chosen dod_risk_b9 for the nextmap.
L 07/07/2020 - 07:46:33: [mapchooser.smx] Voting for next map has started.
L 07/07/2020 - 07:50:34: [SM] Changed map to "dod_sewer_rats_b1"
L 07/07/2020 - 07:50:34: [SM] Changed map to "dod_sewer_rats_b1"
L 07/07/2020 - 07:50:36: -------- Mapchange to dod_sewer_rats_b1 --------
L 07/07/2020 - 07:50:36: [adminsounds.smx] 0 sounds loaded
L 07/07/2020 - 07:50:37: -------- Mapchange to dod_sewer_rats_b1 --------
L 07/07/2020 - 07:50:37: [adminsounds.smx] 0 sounds loaded
L 07/07/2020 - 07:50:42: [randomcycle.smx] RandomCycle has chosen dod_rats for the nextmap.
L 07/07/2020 - 07:57:35: [mapchooser.smx] Voting for next map has started.
L 07/07/2020 - 08:01:36: [SM] Changed map to "dod_fullhouse"
L 07/07/2020 - 08:01:36: [SM] Changed map to "dod_fullhouse"
L 07/07/2020 - 08:01:38: -------- Mapchange to dod_fullhouse --------
L 07/07/2020 - 08:01:38: [adminsounds.smx] 0 sounds loaded
L 07/07/2020 - 08:01:39: -------- Mapchange to dod_fullhouse --------
L 07/07/2020 - 08:01:39: [adminsounds.smx] 0 sounds loaded
L 07/07/2020 - 08:01:45: [randomcycle.smx] RandomCycle has chosen dod_orange_damier_v2 for the nextmap.
L 07/07/2020 - 08:08:38: [mapchooser.smx] Voting for next map has started.
L 07/07/2020 - 08:12:39: [SM] Changed map to "dod_sucette_v3"
L 07/07/2020 - 08:12:39: [SM] Changed map to "dod_sucette_v3"
L 07/07/2020 - 08:12:40: -------- Mapchange to dod_sucette_v3 --------
L 07/07/2020 - 08:12:40: [adminsounds.smx] 0 sounds loaded
L 07/07/2020 - 08:12:41: -------- Mapchange to dod_sucette_v3 --------
L 07/07/2020 - 08:12:41: [adminsounds.smx] 0 sounds loaded
L 07/07/2020 - 08:12:47: [randomcycle.smx] RandomCycle has chosen dod_dli_football_b1 for the nextmap.
L 07/07/2020 - 08:19:40: [mapchooser.smx] Voting for next map has started.
L 07/07/2020 - 08:23:41: [SM] Changed map to "dod_sniper_wars_beta"
L 07/07/2020 - 08:23:41: [SM] Changed map to "dod_sniper_wars_beta"
L 07/07/2020 - 08:23:42: -------- Mapchange to dod_sniper_wars_beta --------
L 07/07/2020 - 08:23:42: [adminsounds.smx] 0 sounds loaded
L 07/07/2020 - 08:23:43: -------- Mapchange to dod_sniper_wars_beta --------
L 07/07/2020 - 08:23:43: [adminsounds.smx] 0 sounds loaded
L 07/07/2020 - 08:23:49: [randomcycle.smx] RandomCycle has chosen sniperzone for the nextmap.
L 07/07/2020 - 08:30:42: [mapchooser.smx] Voting for next map has started.
L 07/07/2020 - 08:34:43: [SM] Changed map to "dod_anzio"
L 07/07/2020 - 08:34:43: [SM] Changed map to "dod_anzio"
L 07/07/2020 - 08:34:44: -------- Mapchange to dod_anzio --------
L 07/07/2020 - 08:34:45: [adminsounds.smx] 0 sounds loaded
L 07/07/2020 - 08:34:46: -------- Mapchange to dod_anzio --------
L 07/07/2020 - 08:34:47: [adminsounds.smx] 0 sounds loaded
L 07/07/2020 - 08:34:52: [randomcycle.smx] RandomCycle has chosen dod_colmar for the nextmap.
L 07/07/2020 - 08:41:45: [mapchooser.smx] Voting for next map has started.
L 07/07/2020 - 08:45:46: [SM] Changed map to "dod_risk_b9"
L 07/07/2020 - 08:45:46: [SM] Changed map to "dod_risk_b9"
L 07/07/2020 - 08:45:49: -------- Mapchange to dod_risk_b9 --------
L 07/07/2020 - 08:45:49: [adminsounds.smx] 0 sounds loaded
L 07/07/2020 - 08:45:52: -------- Mapchange to dod_risk_b9 --------
L 07/07/2020 - 08:45:52: [adminsounds.smx] 0 sounds loaded
L 07/07/2020 - 08:45:57: [randomcycle.smx] RandomCycle has chosen dod_bunky2_modified for the nextmap.
L 07/07/2020 - 08:52:50: [mapchooser.smx] Voting for next map has started.
L 07/07/2020 - 08:56:51: [SM] Changed map to "dod_donner"
L 07/07/2020 - 08:56:51: [SM] Changed map to "dod_donner"
L 07/07/2020 - 08:56:53: -------- Mapchange to dod_donner --------
L 07/07/2020 - 08:56:53: [adminsounds.smx] 0 sounds loaded
L 07/07/2020 - 08:56:54: -------- Mapchange to dod_donner --------
L 07/07/2020 - 08:56:54: [adminsounds.smx] 0 sounds loaded
L 07/07/2020 - 08:57:00: [randomcycle.smx] RandomCycle has chosen dod_flash for the nextmap.
L 07/07/2020 - 09:03:53: [mapchooser.smx] Voting for next map has started.
L 07/07/2020 - 09:07:54: [SM] Changed map to "dod_fullhouse"
L 07/07/2020 - 09:07:54: [SM] Changed map to "dod_fullhouse"
L 07/07/2020 - 09:07:55: -------- Mapchange to dod_fullhouse --------
L 07/07/2020 - 09:07:55: [adminsounds.smx] 0 sounds loaded
L 07/07/2020 - 09:07:57: -------- Mapchange to dod_fullhouse --------
L 07/07/2020 - 09:07:57: [adminsounds.smx] 0 sounds loaded
L 07/07/2020 - 09:08:02: [randomcycle.smx] RandomCycle has chosen dod_solitude_rats for the nextmap.
L 07/07/2020 - 09:14:55: [mapchooser.smx] Voting for next map has started.
L 07/07/2020 - 09:18:56: [SM] Changed map to "mario_air"
L 07/07/2020 - 09:18:56: [SM] Changed map to "mario_air"
L 07/07/2020 - 09:18:57: -------- Mapchange to mario_air --------
L 07/07/2020 - 09:18:57: [adminsounds.smx] 0 sounds loaded
L 07/07/2020 - 09:18:59: -------- Mapchange to mario_air --------
L 07/07/2020 - 09:18:59: [adminsounds.smx] 0 sounds loaded
L 07/07/2020 - 09:19:04: [randomcycle.smx] RandomCycle has chosen dod_kalt for the nextmap.
L 07/07/2020 - 09:25:57: [mapchooser.smx] Voting for next map has started.
L 07/07/2020 - 09:29:58: [SM] Changed map to "dod_oasis_v1a"
L 07/07/2020 - 09:29:58: [SM] Changed map to "dod_oasis_v1a"
L 07/07/2020 - 09:30:00: -------- Mapchange to dod_oasis_v1a --------
L 07/07/2020 - 09:30:00: [adminsounds.smx] 0 sounds loaded
L 07/07/2020 - 09:30:01: -------- Mapchange to dod_oasis_v1a --------
L 07/07/2020 - 09:30:01: [adminsounds.smx] 0 sounds loaded
L 07/07/2020 - 09:30:07: [randomcycle.smx] RandomCycle has chosen cdcmarijuana! for the nextmap.
L 07/07/2020 - 09:37:00: [mapchooser.smx] Voting for next map has started.
L 07/07/2020 - 09:41:01: [SM] Changed map to "dod_monopoly_source"
L 07/07/2020 - 09:41:01: [SM] Changed map to "dod_monopoly_source"
L 07/07/2020 - 09:41:02: -------- Mapchange to dod_monopoly_source --------
L 07/07/2020 - 09:41:02: [adminsounds.smx] 0 sounds loaded
L 07/07/2020 - 09:41:03: -------- Mapchange to dod_monopoly_source --------
L 07/07/2020 - 09:41:03: [adminsounds.smx] 0 sounds loaded
L 07/07/2020 - 09:41:09: [randomcycle.smx] RandomCycle has chosen babyfight_arena for the nextmap.
L 07/07/2020 - 09:48:02: [mapchooser.smx] Voting for next map has started.
L 07/07/2020 - 09:52:03: [SM] Changed map to "dod_avalanche@night"
L 07/07/2020 - 09:52:03: [SM] Changed map to "dod_avalanche@night"
L 07/07/2020 - 09:52:04: -------- Mapchange to dod_avalanche@night --------
L 07/07/2020 - 09:52:05: [adminsounds.smx] 0 sounds loaded
L 07/07/2020 - 09:52:06: -------- Mapchange to dod_avalanche@night --------
L 07/07/2020 - 09:52:06: [adminsounds.smx] 0 sounds loaded
L 07/07/2020 - 09:52:12: [randomcycle.smx] RandomCycle has chosen mario_air for the nextmap.
L 07/07/2020 - 09:59:05: [mapchooser.smx] Voting for next map has started.
L 07/07/2020 - 10:03:06: [SM] Changed map to "dod_aimap_b1"
L 07/07/2020 - 10:03:06: [SM] Changed map to "dod_aimap_b1"
L 07/07/2020 - 10:03:07: -------- Mapchange to dod_aimap_b1 --------
L 07/07/2020 - 10:03:07: [adminsounds.smx] 0 sounds loaded
L 07/07/2020 - 10:03:09: -------- Mapchange to dod_aimap_b1 --------
L 07/07/2020 - 10:03:09: [adminsounds.smx] 0 sounds loaded
L 07/07/2020 - 10:03:14: [randomcycle.smx] RandomCycle has chosen dod_football_a for the nextmap.
L 07/07/2020 - 10:10:07: [mapchooser.smx] Voting for next map has started.
L 07/07/2020 - 10:14:08: [SM] Changed map to "cdcmarijuana!"
L 07/07/2020 - 10:14:08: [SM] Changed map to "cdcmarijuana!"
L 07/07/2020 - 10:14:09: -------- Mapchange to cdcmarijuana! --------
L 07/07/2020 - 10:14:09: [adminsounds.smx] 0 sounds loaded
L 07/07/2020 - 10:14:11: -------- Mapchange to cdcmarijuana! --------
L 07/07/2020 - 10:14:11: [adminsounds.smx] 0 sounds loaded
L 07/07/2020 - 10:14:16: [randomcycle.smx] RandomCycle has chosen dod_monopoly_source for the nextmap.
L 07/07/2020 - 10:21:09: [mapchooser.smx] Voting for next map has started.
L 07/07/2020 - 10:25:10: [SM] Changed map to "dod_sniper_killbox_v2"
L 07/07/2020 - 10:25:10: [SM] Changed map to "dod_sniper_killbox_v2"
L 07/07/2020 - 10:25:12: -------- Mapchange to dod_sniper_killbox_v2 --------
L 07/07/2020 - 10:25:12: [adminsounds.smx] 0 sounds loaded
L 07/07/2020 - 10:25:14: -------- Mapchange to dod_sniper_killbox_v2 --------
L 07/07/2020 - 10:25:14: [adminsounds.smx] 0 sounds loaded
L 07/07/2020 - 10:25:19: [randomcycle.smx] RandomCycle has chosen dod_orange_sniper for the nextmap.
L 07/07/2020 - 10:32:12: [mapchooser.smx] Voting for next map has started.
L 07/07/2020 - 10:36:13: [SM] Changed map to "dod_sand_rats_2006"
L 07/07/2020 - 10:36:13: [SM] Changed map to "dod_sand_rats_2006"
L 07/07/2020 - 10:36:14: -------- Mapchange to dod_sand_rats_2006 --------
L 07/07/2020 - 10:36:14: [adminsounds.smx] 0 sounds loaded
L 07/07/2020 - 10:36:16: -------- Mapchange to dod_sand_rats_2006 --------
L 07/07/2020 - 10:36:16: [adminsounds.smx] 0 sounds loaded
L 07/07/2020 - 10:36:22: [randomcycle.smx] RandomCycle has chosen dod_oasis_v1a for the nextmap.
L 07/07/2020 - 10:43:15: [mapchooser.smx] Voting for next map has started.
L 07/07/2020 - 10:47:16: [SM] Changed map to "babyfight_arena"
L 07/07/2020 - 10:47:16: [SM] Changed map to "babyfight_arena"
L 07/07/2020 - 10:47:17: -------- Mapchange to babyfight_arena --------
L 07/07/2020 - 10:47:17: [adminsounds.smx] 0 sounds loaded
L 07/07/2020 - 10:47:19: -------- Mapchange to babyfight_arena --------
L 07/07/2020 - 10:47:19: [adminsounds.smx] 0 sounds loaded
L 07/07/2020 - 10:47:24: [randomcycle.smx] RandomCycle has chosen dod_bunky2_modified for the nextmap.
L 07/07/2020 - 10:54:17: [mapchooser.smx] Voting for next map has started.
L 07/07/2020 - 10:58:18: [SM] Changed map to "dod_donner"
L 07/07/2020 - 10:58:18: [SM] Changed map to "dod_donner"
L 07/07/2020 - 10:58:20: -------- Mapchange to dod_donner --------
L 07/07/2020 - 10:58:20: [adminsounds.smx] 0 sounds loaded
L 07/07/2020 - 10:58:22: -------- Mapchange to dod_donner --------
L 07/07/2020 - 10:58:22: [adminsounds.smx] 0 sounds loaded
L 07/07/2020 - 10:58:27: [randomcycle.smx] RandomCycle has chosen acc_labice for the nextmap.
L 07/07/2020 - 11:05:20: [mapchooser.smx] Voting for next map has started.
L 07/07/2020 - 11:09:21: [SM] Changed map to "dod_orange_cancrelats"
L 07/07/2020 - 11:09:21: [SM] Changed map to "dod_orange_cancrelats"
L 07/07/2020 - 11:09:23: -------- Mapchange to dod_orange_cancrelats --------
L 07/07/2020 - 11:09:23: [adminsounds.smx] 0 sounds loaded
L 07/07/2020 - 11:09:24: -------- Mapchange to dod_orange_cancrelats --------
L 07/07/2020 - 11:09:25: [adminsounds.smx] 0 sounds loaded
L 07/07/2020 - 11:09:30: [randomcycle.smx] RandomCycle has chosen dod_anzio for the nextmap.
L 07/07/2020 - 11:16:23: [mapchooser.smx] Voting for next map has started.
L 07/07/2020 - 11:20:24: [SM] Changed map to "dod_dust2_snow_xmas"
L 07/07/2020 - 11:20:24: [SM] Changed map to "dod_dust2_snow_xmas"
L 07/07/2020 - 11:20:25: -------- Mapchange to dod_dust2_snow_xmas --------
L 07/07/2020 - 11:20:25: [adminsounds.smx] 0 sounds loaded
L 07/07/2020 - 11:20:27: -------- Mapchange to dod_dust2_snow_xmas --------
L 07/07/2020 - 11:20:27: [adminsounds.smx] 0 sounds loaded
L 07/07/2020 - 11:20:33: [randomcycle.smx] RandomCycle has chosen dod_orange_damier_v2 for the nextmap.
L 07/07/2020 - 11:27:26: [mapchooser.smx] Voting for next map has started.
L 07/07/2020 - 11:31:27: [SM] Changed map to "dod_iceworld_final_[bds]_doc"
L 07/07/2020 - 11:31:27: [SM] Changed map to "dod_iceworld_final_[bds]_doc"
L 07/07/2020 - 11:31:28: -------- Mapchange to dod_iceworld_final_[bds]_doc --------
L 07/07/2020 - 11:31:28: [adminsounds.smx] 0 sounds loaded
L 07/07/2020 - 11:31:30: -------- Mapchange to dod_iceworld_final_[bds]_doc --------
L 07/07/2020 - 11:31:30: [adminsounds.smx] 0 sounds loaded
L 07/07/2020 - 11:31:35: [randomcycle.smx] RandomCycle has chosen dod_bigbunky_v4 for the nextmap.
L 07/07/2020 - 11:38:28: [mapchooser.smx] Voting for next map has started.
L 07/07/2020 - 11:42:29: [SM] Changed map to "dod_sniperarena_dgs2"
L 07/07/2020 - 11:42:29: [SM] Changed map to "dod_sniperarena_dgs2"
L 07/07/2020 - 11:42:30: -------- Mapchange to dod_sniperarena_dgs2 --------
L 07/07/2020 - 11:42:30: [adminsounds.smx] 0 sounds loaded
L 07/07/2020 - 11:42:32: -------- Mapchange to dod_sniperarena_dgs2 --------
L 07/07/2020 - 11:42:32: [adminsounds.smx] 0 sounds loaded
L 07/07/2020 - 11:42:38: [randomcycle.smx] RandomCycle has chosen dod_legoland_b2 for the nextmap.
L 07/07/2020 - 11:49:31: [mapchooser.smx] Voting for next map has started.
L 07/07/2020 - 11:53:32: [SM] Changed map to "dod_football_a"
L 07/07/2020 - 11:53:32: [SM] Changed map to "dod_football_a"
L 07/07/2020 - 11:53:33: -------- Mapchange to dod_football_a --------
L 07/07/2020 - 11:53:33: [adminsounds.smx] 0 sounds loaded
L 07/07/2020 - 11:53:35: -------- Mapchange to dod_football_a --------
L 07/07/2020 - 11:53:35: [adminsounds.smx] 0 sounds loaded
L 07/07/2020 - 11:53:40: [randomcycle.smx] RandomCycle has chosen dod_rats for the nextmap.
L 07/07/2020 - 12:00:33: [mapchooser.smx] Voting for next map has started.
L 07/07/2020 - 12:04:34: [SM] Changed map to "dod_dli_football_b1"
L 07/07/2020 - 12:04:34: [SM] Changed map to "dod_dli_football_b1"
L 07/07/2020 - 12:04:35: -------- Mapchange to dod_dli_football_b1 --------
L 07/07/2020 - 12:04:36: [adminsounds.smx] 0 sounds loaded
L 07/07/2020 - 12:04:37: -------- Mapchange to dod_dli_football_b1 --------
L 07/07/2020 - 12:04:37: [adminsounds.smx] 0 sounds loaded
L 07/07/2020 - 12:04:43: [randomcycle.smx] RandomCycle has chosen dod_jagd for the nextmap.
L 07/07/2020 - 12:11:36: [mapchooser.smx] Voting for next map has started.
L 07/07/2020 - 12:15:37: [SM] Changed map to "dod_aimap_b1"
L 07/07/2020 - 12:15:37: [SM] Changed map to "dod_aimap_b1"
L 07/07/2020 - 12:15:38: -------- Mapchange to dod_aimap_b1 --------
L 07/07/2020 - 12:15:38: [adminsounds.smx] 0 sounds loaded
L 07/07/2020 - 12:15:40: -------- Mapchange to dod_aimap_b1 --------
L 07/07/2020 - 12:15:40: [adminsounds.smx] 0 sounds loaded
L 07/07/2020 - 12:15:45: [randomcycle.smx] RandomCycle has chosen dod_beer_circus for the nextmap.
L 07/07/2020 - 12:22:38: [mapchooser.smx] Voting for next map has started.
L 07/07/2020 - 12:26:39: [SM] Changed map to "dod_kalt"
L 07/07/2020 - 12:26:39: [SM] Changed map to "dod_kalt"
L 07/07/2020 - 12:26:41: -------- Mapchange to dod_kalt --------
L 07/07/2020 - 12:26:41: [adminsounds.smx] 0 sounds loaded
L 07/07/2020 - 12:26:43: -------- Mapchange to dod_kalt --------
L 07/07/2020 - 12:26:44: [adminsounds.smx] 0 sounds loaded
L 07/07/2020 - 12:26:49: [randomcycle.smx] RandomCycle has chosen dod_dli_football_b1 for the nextmap.
L 07/07/2020 - 12:33:42: [mapchooser.smx] Voting for next map has started.
L 07/07/2020 - 12:37:43: [SM] Changed map to "dod_sniperarena_dgs2"
L 07/07/2020 - 12:37:43: [SM] Changed map to "dod_sniperarena_dgs2"
L 07/07/2020 - 12:37:44: -------- Mapchange to dod_sniperarena_dgs2 --------
L 07/07/2020 - 12:37:44: [adminsounds.smx] 0 sounds loaded
L 07/07/2020 - 12:37:46: -------- Mapchange to dod_sniperarena_dgs2 --------
L 07/07/2020 - 12:37:46: [adminsounds.smx] 0 sounds loaded
L 07/07/2020 - 12:37:52: [randomcycle.smx] RandomCycle has chosen dod_argentan for the nextmap.
L 07/07/2020 - 12:44:45: [mapchooser.smx] Voting for next map has started.
L 07/07/2020 - 12:48:46: [SM] Changed map to "dod_sand_rats_2006"
L 07/07/2020 - 12:48:46: [SM] Changed map to "dod_sand_rats_2006"
L 07/07/2020 - 12:48:47: -------- Mapchange to dod_sand_rats_2006 --------
L 07/07/2020 - 12:48:47: [adminsounds.smx] 0 sounds loaded
L 07/07/2020 - 12:48:49: -------- Mapchange to dod_sand_rats_2006 --------
L 07/07/2020 - 12:48:49: [adminsounds.smx] 0 sounds loaded
L 07/07/2020 - 12:48:55: [randomcycle.smx] RandomCycle has chosen dod_orange_wallhack for the nextmap.
L 07/07/2020 - 12:55:48: [mapchooser.smx] Voting for next map has started.
L 07/07/2020 - 12:59:49: [SM] Changed map to "dod_sniper_killbox_v2"
L 07/07/2020 - 12:59:49: [SM] Changed map to "dod_sniper_killbox_v2"
L 07/07/2020 - 12:59:50: -------- Mapchange to dod_sniper_killbox_v2 --------
L 07/07/2020 - 12:59:50: [adminsounds.smx] 0 sounds loaded
L 07/07/2020 - 12:59:52: -------- Mapchange to dod_sniper_killbox_v2 --------
L 07/07/2020 - 12:59:52: [adminsounds.smx] 0 sounds loaded
L 07/07/2020 - 12:59:58: [randomcycle.smx] RandomCycle has chosen dod_iceworld_final_[bds]_doc for the nextmap.
L 07/07/2020 - 13:06:51: [mapchooser.smx] Voting for next map has started.
L 07/07/2020 - 13:10:52: [SM] Changed map to "dod_orange_castel_evolution"
L 07/07/2020 - 13:10:52: [SM] Changed map to "dod_orange_castel_evolution"
L 07/07/2020 - 13:10:53: -------- Mapchange to dod_orange_castel_evolution --------
L 07/07/2020 - 13:10:53: [adminsounds.smx] 0 sounds loaded
L 07/07/2020 - 13:10:55: -------- Mapchange to dod_orange_castel_evolution --------
L 07/07/2020 - 13:10:55: [adminsounds.smx] 0 sounds loaded
L 07/07/2020 - 13:11:00: [randomcycle.smx] RandomCycle has chosen dod_aimap_b1 for the nextmap.
L 07/07/2020 - 13:17:53: [mapchooser.smx] Voting for next map has started.
L 07/07/2020 - 13:21:54: [SM] Changed map to "dod_avalanche"
L 07/07/2020 - 13:21:55: [SM] Changed map to "dod_avalanche"
L 07/07/2020 - 13:21:56: -------- Mapchange to dod_avalanche --------
L 07/07/2020 - 13:21:56: [adminsounds.smx] 0 sounds loaded
L 07/07/2020 - 13:21:58: -------- Mapchange to dod_avalanche --------
L 07/07/2020 - 13:21:59: [adminsounds.smx] 0 sounds loaded
L 07/07/2020 - 13:22:04: [randomcycle.smx] RandomCycle has chosen dod_deux_chateaux_final for the nextmap.
L 07/07/2020 - 13:28:57: [mapchooser.smx] Voting for next map has started.
L 07/07/2020 - 13:32:58: [SM] Changed map to "dod_dli_football_b1"
L 07/07/2020 - 13:32:58: [SM] Changed map to "dod_dli_football_b1"
L 07/07/2020 - 13:33:00: -------- Mapchange to dod_dli_football_b1 --------
L 07/07/2020 - 13:33:00: [adminsounds.smx] 0 sounds loaded
L 07/07/2020 - 13:33:02: -------- Mapchange to dod_dli_football_b1 --------
L 07/07/2020 - 13:33:02: [adminsounds.smx] 0 sounds loaded
L 07/07/2020 - 13:33:07: [randomcycle.smx] RandomCycle has chosen dod_mousekitchen_ed for the nextmap.
L 07/07/2020 - 13:40:00: [mapchooser.smx] Voting for next map has started.
L 07/07/2020 - 13:44:01: [SM] Changed map to "acc_labice"
L 07/07/2020 - 13:44:01: [SM] Changed map to "acc_labice"
L 07/07/2020 - 13:44:02: -------- Mapchange to acc_labice --------
L 07/07/2020 - 13:44:02: [adminsounds.smx] 0 sounds loaded
L 07/07/2020 - 13:44:04: -------- Mapchange to acc_labice --------
L 07/07/2020 - 13:44:04: [adminsounds.smx] 0 sounds loaded
L 07/07/2020 - 13:44:10: [randomcycle.smx] RandomCycle has chosen dod_risk_b9 for the nextmap.
L 07/07/2020 - 13:51:03: [mapchooser.smx] Voting for next map has started.
L 07/07/2020 - 13:55:04: [SM] Changed map to "dod_orange_castel_evolution"
L 07/07/2020 - 13:55:04: [SM] Changed map to "dod_orange_castel_evolution"
L 07/07/2020 - 13:55:05: -------- Mapchange to dod_orange_castel_evolution --------
L 07/07/2020 - 13:55:05: [adminsounds.smx] 0 sounds loaded
L 07/07/2020 - 13:55:07: -------- Mapchange to dod_orange_castel_evolution --------
L 07/07/2020 - 13:55:07: [adminsounds.smx] 0 sounds loaded
L 07/07/2020 - 13:55:13: [randomcycle.smx] RandomCycle has chosen dod_sucette_v3 for the nextmap.
L 07/07/2020 - 14:02:06: [mapchooser.smx] Voting for next map has started.
L 07/07/2020 - 14:06:07: [SM] Changed map to "babyfight_arena"
L 07/07/2020 - 14:06:07: [SM] Changed map to "babyfight_arena"
L 07/07/2020 - 14:06:08: -------- Mapchange to babyfight_arena --------
L 07/07/2020 - 14:06:08: [adminsounds.smx] 0 sounds loaded
L 07/07/2020 - 14:06:10: -------- Mapchange to babyfight_arena --------
L 07/07/2020 - 14:06:10: [adminsounds.smx] 0 sounds loaded
L 07/07/2020 - 14:06:16: [randomcycle.smx] RandomCycle has chosen dod_dust2_snow_xmas for the nextmap.
L 07/07/2020 - 14:13:09: [mapchooser.smx] Voting for next map has started.
L 07/07/2020 - 14:17:10: [SM] Changed map to "dod_dust2_snow_xmas"
L 07/07/2020 - 14:17:10: [SM] Changed map to "dod_dust2_snow_xmas"
L 07/07/2020 - 14:17:11: -------- Mapchange to dod_dust2_snow_xmas --------
L 07/07/2020 - 14:17:11: [adminsounds.smx] 0 sounds loaded
L 07/07/2020 - 14:17:13: -------- Mapchange to dod_dust2_snow_xmas --------
L 07/07/2020 - 14:17:13: [adminsounds.smx] 0 sounds loaded
L 07/07/2020 - 14:17:19: [randomcycle.smx] RandomCycle has chosen dod_avalanche@night for the nextmap.
L 07/07/2020 - 14:24:12: [mapchooser.smx] Voting for next map has started.
L 07/07/2020 - 14:28:13: [SM] Changed map to "dod_sucette_v3"
L 07/07/2020 - 14:28:13: [SM] Changed map to "dod_sucette_v3"
L 07/07/2020 - 14:28:14: -------- Mapchange to dod_sucette_v3 --------
L 07/07/2020 - 14:28:14: [adminsounds.smx] 0 sounds loaded
L 07/07/2020 - 14:28:16: -------- Mapchange to dod_sucette_v3 --------
L 07/07/2020 - 14:28:16: [adminsounds.smx] 0 sounds loaded
L 07/07/2020 - 14:28:22: [randomcycle.smx] RandomCycle has chosen dod_rats for the nextmap.
L 07/07/2020 - 14:35:15: [mapchooser.smx] Voting for next map has started.
L 07/07/2020 - 14:39:16: [SM] Changed map to "dod_sewer_rats_b1"
L 07/07/2020 - 14:39:16: [SM] Changed map to "dod_sewer_rats_b1"
L 07/07/2020 - 14:39:17: -------- Mapchange to dod_sewer_rats_b1 --------
L 07/07/2020 - 14:39:17: [adminsounds.smx] 0 sounds loaded
L 07/07/2020 - 14:39:19: -------- Mapchange to dod_sewer_rats_b1 --------
L 07/07/2020 - 14:39:19: [adminsounds.smx] 0 sounds loaded
L 07/07/2020 - 14:39:25: [randomcycle.smx] RandomCycle has chosen dod_anzio for the nextmap.
L 07/07/2020 - 14:46:18: [mapchooser.smx] Voting for next map has started.
L 07/07/2020 - 14:50:19: [SM] Changed map to "dod_iceworld_final_[bds]_doc"
L 07/07/2020 - 14:50:19: [SM] Changed map to "dod_iceworld_final_[bds]_doc"
L 07/07/2020 - 14:50:20: -------- Mapchange to dod_iceworld_final_[bds]_doc --------
L 07/07/2020 - 14:50:20: [adminsounds.smx] 0 sounds loaded
L 07/07/2020 - 14:50:22: -------- Mapchange to dod_iceworld_final_[bds]_doc --------
L 07/07/2020 - 14:50:22: [adminsounds.smx] 0 sounds loaded
L 07/07/2020 - 14:50:28: [randomcycle.smx] RandomCycle has chosen dod_cdc_rats_rm for the nextmap.
L 07/07/2020 - 14:57:21: [mapchooser.smx] Voting for next map has started.
L 07/07/2020 - 15:01:22: [SM] Changed map to "dod_orange_sniper"
L 07/07/2020 - 15:01:22: [SM] Changed map to "dod_orange_sniper"
L 07/07/2020 - 15:01:23: -------- Mapchange to dod_orange_sniper --------
L 07/07/2020 - 15:01:23: [adminsounds.smx] 0 sounds loaded
L 07/07/2020 - 15:01:25: -------- Mapchange to dod_orange_sniper --------
L 07/07/2020 - 15:01:25: [adminsounds.smx] 0 sounds loaded
L 07/07/2020 - 15:01:31: [randomcycle.smx] RandomCycle has chosen dod_bigbunky_v4 for the nextmap.
L 07/07/2020 - 15:08:24: [mapchooser.smx] Voting for next map has started.
L 07/07/2020 - 15:12:25: [SM] Changed map to "sniperzone"
L 07/07/2020 - 15:12:25: [SM] Changed map to "sniperzone"
L 07/07/2020 - 15:12:26: -------- Mapchange to sniperzone --------
L 07/07/2020 - 15:12:27: [adminsounds.smx] 0 sounds loaded
L 07/07/2020 - 15:12:29: -------- Mapchange to sniperzone --------
L 07/07/2020 - 15:12:29: [adminsounds.smx] 0 sounds loaded
L 07/07/2020 - 15:12:34: [randomcycle.smx] RandomCycle has chosen dod_sniper_wars_beta for the nextmap.
L 07/07/2020 - 15:19:27: [mapchooser.smx] Voting for next map has started.
L 07/07/2020 - 15:23:28: [SM] Changed map to "dod_rats"
L 07/07/2020 - 15:23:28: [SM] Changed map to "dod_rats"
L 07/07/2020 - 15:23:30: -------- Mapchange to dod_rats --------
L 07/07/2020 - 15:23:30: [adminsounds.smx] 0 sounds loaded
L 07/07/2020 - 15:23:32: -------- Mapchange to dod_rats --------
L 07/07/2020 - 15:23:32: [adminsounds.smx] 0 sounds loaded
L 07/07/2020 - 15:23:38: [randomcycle.smx] RandomCycle has chosen dod_oasis_v1a for the nextmap.
L 07/07/2020 - 15:30:31: [mapchooser.smx] Voting for next map has started.
L 07/07/2020 - 15:34:32: [SM] Changed map to "dod_orange_castel_evolution"
L 07/07/2020 - 15:34:32: [SM] Changed map to "dod_orange_castel_evolution"
L 07/07/2020 - 15:34:33: -------- Mapchange to dod_orange_castel_evolution --------
L 07/07/2020 - 15:34:33: [adminsounds.smx] 0 sounds loaded
L 07/07/2020 - 15:34:35: -------- Mapchange to dod_orange_castel_evolution --------
L 07/07/2020 - 15:34:35: [adminsounds.smx] 0 sounds loaded
L 07/07/2020 - 15:34:41: [randomcycle.smx] RandomCycle has chosen dod_dli_football_b1 for the nextmap.
L 07/07/2020 - 15:41:34: [mapchooser.smx] Voting for next map has started.
L 07/07/2020 - 15:45:35: [SM] Changed map to "dod_cdc_rats_rm"
L 07/07/2020 - 15:45:35: [SM] Changed map to "dod_cdc_rats_rm"
L 07/07/2020 - 15:45:36: -------- Mapchange to dod_cdc_rats_rm --------
L 07/07/2020 - 15:45:36: [adminsounds.smx] 0 sounds loaded
L 07/07/2020 - 15:45:38: -------- Mapchange to dod_cdc_rats_rm --------
L 07/07/2020 - 15:45:39: [adminsounds.smx] 0 sounds loaded
L 07/07/2020 - 15:45:44: [randomcycle.smx] RandomCycle has chosen dod_sniper_killbox_v2 for the nextmap.
L 07/07/2020 - 15:52:37: [mapchooser.smx] Voting for next map has started.
L 07/07/2020 - 15:56:38: [SM] Changed map to "dod_deux_chateaux_final"
L 07/07/2020 - 15:56:38: [SM] Changed map to "dod_deux_chateaux_final"
L 07/07/2020 - 15:56:40: -------- Mapchange to dod_deux_chateaux_final --------
L 07/07/2020 - 15:56:40: [adminsounds.smx] 0 sounds loaded
L 07/07/2020 - 15:56:42: -------- Mapchange to dod_deux_chateaux_final --------
L 07/07/2020 - 15:56:42: [adminsounds.smx] 0 sounds loaded
L 07/07/2020 - 15:56:47: [randomcycle.smx] RandomCycle has chosen dod_orange_castel_evolution for the nextmap.
L 07/07/2020 - 16:03:40: [mapchooser.smx] Voting for next map has started.
L 07/07/2020 - 16:07:41: [SM] Changed map to "dod_orange_wallhack"
L 07/07/2020 - 16:07:41: [SM] Changed map to "dod_orange_wallhack"
L 07/07/2020 - 16:07:43: -------- Mapchange to dod_orange_wallhack --------
L 07/07/2020 - 16:07:43: [adminsounds.smx] 0 sounds loaded
L 07/07/2020 - 16:07:45: -------- Mapchange to dod_orange_wallhack --------
L 07/07/2020 - 16:07:45: [adminsounds.smx] 0 sounds loaded
L 07/07/2020 - 16:07:51: [randomcycle.smx] RandomCycle has chosen babyfight_arena for the nextmap.
L 07/07/2020 - 16:14:44: [mapchooser.smx] Voting for next map has started.
L 07/07/2020 - 16:18:45: [SM] Changed map to "dod_oasis_v1a"
L 07/07/2020 - 16:18:45: [SM] Changed map to "dod_oasis_v1a"
L 07/07/2020 - 16:18:46: -------- Mapchange to dod_oasis_v1a --------
L 07/07/2020 - 16:18:47: [adminsounds.smx] 0 sounds loaded
L 07/07/2020 - 16:18:49: -------- Mapchange to dod_oasis_v1a --------
L 07/07/2020 - 16:18:49: [adminsounds.smx] 0 sounds loaded
L 07/07/2020 - 16:18:55: [randomcycle.smx] RandomCycle has chosen dod_chocolate_fight_arena for the nextmap.
L 07/07/2020 - 16:25:48: [mapchooser.smx] Voting for next map has started.
L 07/07/2020 - 16:29:49: [SM] Changed map to "dod_monopoly_source"
L 07/07/2020 - 16:29:49: [SM] Changed map to "dod_monopoly_source"
L 07/07/2020 - 16:29:50: -------- Mapchange to dod_monopoly_source --------
L 07/07/2020 - 16:29:50: [adminsounds.smx] 0 sounds loaded
L 07/07/2020 - 16:29:52: -------- Mapchange to dod_monopoly_source --------
L 07/07/2020 - 16:29:52: [adminsounds.smx] 0 sounds loaded
L 07/07/2020 - 16:29:58: [randomcycle.smx] RandomCycle has chosen dod_murky_p2 for the nextmap.
L 07/07/2020 - 16:36:51: [mapchooser.smx] Voting for next map has started.
L 07/07/2020 - 16:40:52: [SM] Changed map to "dod_legoland_b2"
L 07/07/2020 - 16:40:52: [SM] Changed map to "dod_legoland_b2"
L 07/07/2020 - 16:40:53: -------- Mapchange to dod_legoland_b2 --------
L 07/07/2020 - 16:40:54: [adminsounds.smx] 0 sounds loaded
L 07/07/2020 - 16:40:56: -------- Mapchange to dod_legoland_b2 --------
L 07/07/2020 - 16:40:56: [adminsounds.smx] 0 sounds loaded
L 07/07/2020 - 16:41:01: [randomcycle.smx] RandomCycle has chosen mario_air for the nextmap.
L 07/07/2020 - 16:47:55: [mapchooser.smx] Voting for next map has started.
L 07/07/2020 - 16:51:55: [SM] Changed map to "dod_chocolate_fight_arena"
L 07/07/2020 - 16:51:55: [SM] Changed map to "dod_chocolate_fight_arena"
L 07/07/2020 - 16:51:57: -------- Mapchange to dod_chocolate_fight_arena --------
L 07/07/2020 - 16:51:57: [adminsounds.smx] 0 sounds loaded
L 07/07/2020 - 16:51:59: -------- Mapchange to dod_chocolate_fight_arena --------
L 07/07/2020 - 16:51:59: [adminsounds.smx] 0 sounds loaded
L 07/07/2020 - 16:52:05: [randomcycle.smx] RandomCycle has chosen dod_beer_circus for the nextmap.
L 07/07/2020 - 16:58:58: [mapchooser.smx] Voting for next map has started.
L 07/07/2020 - 17:02:59: [SM] Changed map to "dod_dust2_snow_xmas"
L 07/07/2020 - 17:02:59: [SM] Changed map to "dod_dust2_snow_xmas"
L 07/07/2020 - 17:03:01: -------- Mapchange to dod_dust2_snow_xmas --------
L 07/07/2020 - 17:03:01: [adminsounds.smx] 0 sounds loaded
L 07/07/2020 - 17:03:03: -------- Mapchange to dod_dust2_snow_xmas --------
L 07/07/2020 - 17:03:03: [adminsounds.smx] 0 sounds loaded
L 07/07/2020 - 17:03:09: [randomcycle.smx] RandomCycle has chosen dod_bunky2_modified for the nextmap.
L 07/07/2020 - 17:10:02: [mapchooser.smx] Voting for next map has started.
L 07/07/2020 - 17:14:03: [SM] Changed map to "dod_aimap_b1"
L 07/07/2020 - 17:14:03: [SM] Changed map to "dod_aimap_b1"
L 07/07/2020 - 17:14:04: -------- Mapchange to dod_aimap_b1 --------
L 07/07/2020 - 17:14:04: [adminsounds.smx] 0 sounds loaded
L 07/07/2020 - 17:14:06: -------- Mapchange to dod_aimap_b1 --------
L 07/07/2020 - 17:14:06: [adminsounds.smx] 0 sounds loaded
L 07/07/2020 - 17:14:12: [randomcycle.smx] RandomCycle has chosen acc_labice for the nextmap.
L 07/07/2020 - 17:21:05: [mapchooser.smx] Voting for next map has started.
L 07/07/2020 - 17:25:06: [SM] Changed map to "dod_orange_bridges"
L 07/07/2020 - 17:25:06: [SM] Changed map to "dod_orange_bridges"
L 07/07/2020 - 17:25:08: -------- Mapchange to dod_orange_bridges --------
L 07/07/2020 - 17:25:08: [adminsounds.smx] 0 sounds loaded
L 07/07/2020 - 17:25:10: -------- Mapchange to dod_orange_bridges --------
L 07/07/2020 - 17:25:10: [adminsounds.smx] 0 sounds loaded
L 07/07/2020 - 17:25:15: [randomcycle.smx] RandomCycle has chosen dod_orange_damier_v2 for the nextmap.
L 07/07/2020 - 17:32:08: [mapchooser.smx] Voting for next map has started.
L 07/07/2020 - 17:36:09: [SM] Changed map to "dod_sniperarena_dgs2"
L 07/07/2020 - 17:36:10: [SM] Changed map to "dod_sniperarena_dgs2"
L 07/07/2020 - 17:36:11: -------- Mapchange to dod_sniperarena_dgs2 --------
L 07/07/2020 - 17:36:11: [adminsounds.smx] 0 sounds loaded
L 07/07/2020 - 17:36:13: -------- Mapchange to dod_sniperarena_dgs2 --------
L 07/07/2020 - 17:36:13: [adminsounds.smx] 0 sounds loaded
L 07/07/2020 - 17:36:19: [randomcycle.smx] RandomCycle has chosen dod_avalanche@night for the nextmap.
L 07/07/2020 - 17:43:12: [mapchooser.smx] Voting for next map has started.
L 07/07/2020 - 17:47:13: [SM] Changed map to "dod_dust2_snow_xmas"
L 07/07/2020 - 17:47:13: [SM] Changed map to "dod_dust2_snow_xmas"
L 07/07/2020 - 17:47:15: -------- Mapchange to dod_dust2_snow_xmas --------
L 07/07/2020 - 17:47:15: [adminsounds.smx] 0 sounds loaded
L 07/07/2020 - 17:47:17: -------- Mapchange to dod_dust2_snow_xmas --------
L 07/07/2020 - 17:47:17: [adminsounds.smx] 0 sounds loaded
L 07/07/2020 - 17:47:23: [randomcycle.smx] RandomCycle has chosen dod_flash for the nextmap.
L 07/07/2020 - 17:54:16: [mapchooser.smx] Voting for next map has started.
L 07/07/2020 - 17:58:17: [SM] Changed map to "dod_colmar"
L 07/07/2020 - 17:58:17: [SM] Changed map to "dod_colmar"
L 07/07/2020 - 17:58:19: -------- Mapchange to dod_colmar --------
L 07/07/2020 - 17:58:19: [adminsounds.smx] 0 sounds loaded
L 07/07/2020 - 17:58:23: -------- Mapchange to dod_colmar --------
L 07/07/2020 - 17:58:23: [adminsounds.smx] 0 sounds loaded
L 07/07/2020 - 17:58:28: [randomcycle.smx] RandomCycle has chosen dod_orange_bridges for the nextmap.
L 07/07/2020 - 18:05:21: [mapchooser.smx] Voting for next map has started.
L 07/07/2020 - 18:09:22: [SM] Changed map to "dod_chocolate_fight_arena"
L 07/07/2020 - 18:09:22: [SM] Changed map to "dod_chocolate_fight_arena"
L 07/07/2020 - 18:09:24: -------- Mapchange to dod_chocolate_fight_arena --------
L 07/07/2020 - 18:09:24: [adminsounds.smx] 0 sounds loaded
L 07/07/2020 - 18:09:26: -------- Mapchange to dod_chocolate_fight_arena --------
L 07/07/2020 - 18:09:26: [adminsounds.smx] 0 sounds loaded
L 07/07/2020 - 18:09:32: [randomcycle.smx] RandomCycle has chosen dod_argentan for the nextmap.
L 07/07/2020 - 18:16:25: [mapchooser.smx] Voting for next map has started.
L 07/07/2020 - 18:20:26: [SM] Changed map to "dod_avalanche@night"
L 07/07/2020 - 18:20:26: [SM] Changed map to "dod_avalanche@night"
L 07/07/2020 - 18:20:28: -------- Mapchange to dod_avalanche@night --------
L 07/07/2020 - 18:20:28: [adminsounds.smx] 0 sounds loaded
L 07/07/2020 - 18:20:31: -------- Mapchange to dod_avalanche@night --------
L 07/07/2020 - 18:20:31: [adminsounds.smx] 0 sounds loaded
L 07/07/2020 - 18:20:37: [randomcycle.smx] RandomCycle has chosen babyfight_arena for the nextmap.
L 07/07/2020 - 18:27:30: [mapchooser.smx] Voting for next map has started.
L 07/07/2020 - 18:31:31: [SM] Changed map to "dod_murky_p2"
L 07/07/2020 - 18:31:31: [SM] Changed map to "dod_murky_p2"
L 07/07/2020 - 18:31:32: -------- Mapchange to dod_murky_p2 --------
L 07/07/2020 - 18:31:32: [adminsounds.smx] 0 sounds loaded
L 07/07/2020 - 18:31:35: -------- Mapchange to dod_murky_p2 --------
L 07/07/2020 - 18:31:35: [adminsounds.smx] 0 sounds loaded
L 07/07/2020 - 18:31:40: [randomcycle.smx] RandomCycle has chosen dod_sniper_wars_beta for the nextmap.
L 07/07/2020 - 18:38:33: [mapchooser.smx] Voting for next map has started.
L 07/07/2020 - 18:42:34: [SM] Changed map to "dod_bunky2_modified"
L 07/07/2020 - 18:42:34: [SM] Changed map to "dod_bunky2_modified"
L 07/07/2020 - 18:42:36: -------- Mapchange to dod_bunky2_modified --------
L 07/07/2020 - 18:42:36: [adminsounds.smx] 0 sounds loaded
L 07/07/2020 - 18:42:38: -------- Mapchange to dod_bunky2_modified --------
L 07/07/2020 - 18:42:38: [adminsounds.smx] 0 sounds loaded
L 07/07/2020 - 18:42:44: [randomcycle.smx] RandomCycle has chosen dod_sucette_v3 for the nextmap.
L 07/07/2020 - 18:49:37: [mapchooser.smx] Voting for next map has started.
L 07/07/2020 - 18:53:38: [SM] Changed map to "dod_cdc_rats_rm"
L 07/07/2020 - 18:53:38: [SM] Changed map to "dod_cdc_rats_rm"
L 07/07/2020 - 18:53:40: -------- Mapchange to dod_cdc_rats_rm --------
L 07/07/2020 - 18:53:40: [adminsounds.smx] 0 sounds loaded
L 07/07/2020 - 18:53:42: -------- Mapchange to dod_cdc_rats_rm --------
L 07/07/2020 - 18:53:42: [adminsounds.smx] 0 sounds loaded
L 07/07/2020 - 18:53:48: [randomcycle.smx] RandomCycle has chosen dod_iceworld_final_[bds]_doc for the nextmap.
L 07/07/2020 - 19:00:41: [mapchooser.smx] Voting for next map has started.
L 07/07/2020 - 19:04:42: [SM] Changed map to "dod_football_a"
L 07/07/2020 - 19:04:42: [SM] Changed map to "dod_football_a"
L 07/07/2020 - 19:04:44: -------- Mapchange to dod_football_a --------
L 07/07/2020 - 19:04:44: [adminsounds.smx] 0 sounds loaded
L 07/07/2020 - 19:04:46: -------- Mapchange to dod_football_a --------
L 07/07/2020 - 19:04:46: [adminsounds.smx] 0 sounds loaded
L 07/07/2020 - 19:04:52: [randomcycle.smx] RandomCycle has chosen dod_chocolate_fight_arena for the nextmap.
L 07/07/2020 - 19:11:45: [mapchooser.smx] Voting for next map has started.
L 07/07/2020 - 19:15:46: [SM] Changed map to "acc_labice"
L 07/07/2020 - 19:15:46: [SM] Changed map to "acc_labice"
L 07/07/2020 - 19:15:48: -------- Mapchange to acc_labice --------
L 07/07/2020 - 19:15:48: [adminsounds.smx] 0 sounds loaded
L 07/07/2020 - 19:15:50: -------- Mapchange to acc_labice --------
L 07/07/2020 - 19:15:50: [adminsounds.smx] 0 sounds loaded
L 07/07/2020 - 19:15:56: [randomcycle.smx] RandomCycle has chosen dod_cdc_rats_rm for the nextmap.
L 07/07/2020 - 19:22:49: [mapchooser.smx] Voting for next map has started.
L 07/07/2020 - 19:26:50: [SM] Changed map to "dod_rats"
L 07/07/2020 - 19:26:50: [SM] Changed map to "dod_rats"
L 07/07/2020 - 19:26:52: -------- Mapchange to dod_rats --------
L 07/07/2020 - 19:26:52: [adminsounds.smx] 0 sounds loaded
L 07/07/2020 - 19:26:54: -------- Mapchange to dod_rats --------
L 07/07/2020 - 19:26:54: [adminsounds.smx] 0 sounds loaded
L 07/07/2020 - 19:27:00: [randomcycle.smx] RandomCycle has chosen dod_sand_rats_2006 for the nextmap.
L 07/07/2020 - 19:33:53: [mapchooser.smx] Voting for next map has started.
L 07/07/2020 - 19:37:54: [SM] Changed map to "dod_mousekitchen_ed"
L 07/07/2020 - 19:37:54: [SM] Changed map to "dod_mousekitchen_ed"
L 07/07/2020 - 19:37:56: -------- Mapchange to dod_mousekitchen_ed --------
L 07/07/2020 - 19:37:56: [adminsounds.smx] 0 sounds loaded
L 07/07/2020 - 19:37:58: -------- Mapchange to dod_mousekitchen_ed --------
L 07/07/2020 - 19:37:58: [adminsounds.smx] 0 sounds loaded
L 07/07/2020 - 19:38:04: [randomcycle.smx] RandomCycle has chosen dod_orange_cancrelats for the nextmap.
L 07/07/2020 - 19:44:57: [mapchooser.smx] Voting for next map has started.
L 07/07/2020 - 19:48:58: [SM] Changed map to "cdcmarijuana!"
L 07/07/2020 - 19:48:58: [SM] Changed map to "cdcmarijuana!"
L 07/07/2020 - 19:49:00: -------- Mapchange to cdcmarijuana! --------
L 07/07/2020 - 19:49:00: [adminsounds.smx] 0 sounds loaded
L 07/07/2020 - 19:49:02: -------- Mapchange to cdcmarijuana! --------
L 07/07/2020 - 19:49:02: [adminsounds.smx] 0 sounds loaded
L 07/07/2020 - 19:49:08: [randomcycle.smx] RandomCycle has chosen dod_rats for the nextmap.
L 07/07/2020 - 19:56:01: [mapchooser.smx] Voting for next map has started.
L 07/07/2020 - 20:00:02: [SM] Changed map to "dod_sniperarena_dgs2"
L 07/07/2020 - 20:00:02: [SM] Changed map to "dod_sniperarena_dgs2"
L 07/07/2020 - 20:00:04: -------- Mapchange to dod_sniperarena_dgs2 --------
L 07/07/2020 - 20:00:04: [adminsounds.smx] 0 sounds loaded
L 07/07/2020 - 20:00:06: -------- Mapchange to dod_sniperarena_dgs2 --------
L 07/07/2020 - 20:00:06: [adminsounds.smx] 0 sounds loaded
L 07/07/2020 - 20:00:12: [randomcycle.smx] RandomCycle has chosen dod_mousekitchen_ed for the nextmap.
L 07/07/2020 - 20:07:05: [mapchooser.smx] Voting for next map has started.
L 07/07/2020 - 20:11:06: [SM] Changed map to "dod_beer_circus"
L 07/07/2020 - 20:11:06: [SM] Changed map to "dod_beer_circus"
L 07/07/2020 - 20:11:16: -------- Mapchange to dod_beer_circus --------
L 07/07/2020 - 20:11:16: [adminsounds.smx] 0 sounds loaded
L 07/07/2020 - 20:11:26: -------- Mapchange to dod_beer_circus --------
L 07/07/2020 - 20:11:26: [adminsounds.smx] 0 sounds loaded
L 07/07/2020 - 20:11:32: [randomcycle.smx] RandomCycle has chosen dod_risk_b9 for the nextmap.
L 07/07/2020 - 20:18:25: [mapchooser.smx] Voting for next map has started.
L 07/07/2020 - 20:22:26: [SM] Changed map to "dod_risk_b9"
L 07/07/2020 - 20:22:26: [SM] Changed map to "dod_risk_b9"
L 07/07/2020 - 20:22:29: -------- Mapchange to dod_risk_b9 --------
L 07/07/2020 - 20:22:29: [adminsounds.smx] 0 sounds loaded
L 07/07/2020 - 20:22:33: -------- Mapchange to dod_risk_b9 --------
L 07/07/2020 - 20:22:33: [adminsounds.smx] 0 sounds loaded
L 07/07/2020 - 20:22:39: [randomcycle.smx] RandomCycle has chosen dod_sniperarena_dgs2 for the nextmap.
L 07/07/2020 - 20:29:32: [mapchooser.smx] Voting for next map has started.
L 07/07/2020 - 20:33:33: [SM] Changed map to "dod_chocolate_fight_arena"
L 07/07/2020 - 20:33:33: [SM] Changed map to "dod_chocolate_fight_arena"
L 07/07/2020 - 20:33:35: -------- Mapchange to dod_chocolate_fight_arena --------
L 07/07/2020 - 20:33:35: [adminsounds.smx] 0 sounds loaded
L 07/07/2020 - 20:33:37: -------- Mapchange to dod_chocolate_fight_arena --------
L 07/07/2020 - 20:33:38: [adminsounds.smx] 0 sounds loaded
L 07/07/2020 - 20:33:43: [randomcycle.smx] RandomCycle has chosen dod_murky_p2 for the nextmap.
L 07/07/2020 - 20:40:36: [mapchooser.smx] Voting for next map has started.
L 07/07/2020 - 20:44:37: [SM] Changed map to "dod_rats"
L 07/07/2020 - 20:44:37: [SM] Changed map to "dod_rats"
L 07/07/2020 - 20:44:39: -------- Mapchange to dod_rats --------
L 07/07/2020 - 20:44:39: [adminsounds.smx] 0 sounds loaded
L 07/07/2020 - 20:44:42: -------- Mapchange to dod_rats --------
L 07/07/2020 - 20:44:42: [adminsounds.smx] 0 sounds loaded
L 07/07/2020 - 20:44:48: [randomcycle.smx] RandomCycle has chosen dod_legoland_b2 for the nextmap.
L 07/07/2020 - 20:51:41: [mapchooser.smx] Voting for next map has started.
L 07/07/2020 - 20:55:42: [SM] Changed map to "dod_dli_football_b1"
L 07/07/2020 - 20:55:42: [SM] Changed map to "dod_dli_football_b1"
L 07/07/2020 - 20:55:44: -------- Mapchange to dod_dli_football_b1 --------
L 07/07/2020 - 20:55:44: [adminsounds.smx] 0 sounds loaded
L 07/07/2020 - 20:55:46: -------- Mapchange to dod_dli_football_b1 --------
L 07/07/2020 - 20:55:46: [adminsounds.smx] 0 sounds loaded
L 07/07/2020 - 20:55:52: [randomcycle.smx] RandomCycle has chosen dod_iceworld_final_[bds]_doc for the nextmap.
L 07/07/2020 - 21:02:45: [mapchooser.smx] Voting for next map has started.
L 07/07/2020 - 21:06:46: [SM] Changed map to "dod_cdc_rats_rm"
L 07/07/2020 - 21:06:46: [SM] Changed map to "dod_cdc_rats_rm"
L 07/07/2020 - 21:06:48: -------- Mapchange to dod_cdc_rats_rm --------
L 07/07/2020 - 21:06:48: [adminsounds.smx] 0 sounds loaded
L 07/07/2020 - 21:06:51: -------- Mapchange to dod_cdc_rats_rm --------
L 07/07/2020 - 21:06:51: [adminsounds.smx] 0 sounds loaded
L 07/07/2020 - 21:06:57: [randomcycle.smx] RandomCycle has chosen dod_argentan for the nextmap.
L 07/07/2020 - 21:13:50: [mapchooser.smx] Voting for next map has started.
L 07/07/2020 - 21:17:51: [SM] Changed map to "dod_orange_damier_v2"
L 07/07/2020 - 21:17:51: [SM] Changed map to "dod_orange_damier_v2"
L 07/07/2020 - 21:17:52: -------- Mapchange to dod_orange_damier_v2 --------
L 07/07/2020 - 21:17:52: [adminsounds.smx] 0 sounds loaded
L 07/07/2020 - 21:17:55: -------- Mapchange to dod_orange_damier_v2 --------
L 07/07/2020 - 21:17:55: [adminsounds.smx] 0 sounds loaded
L 07/07/2020 - 21:18:01: [randomcycle.smx] RandomCycle has chosen dod_sucette_v3 for the nextmap.
L 07/07/2020 - 21:24:54: [mapchooser.smx] Voting for next map has started.
L 07/07/2020 - 21:28:55: [SM] Changed map to "dod_anzio"
L 07/07/2020 - 21:28:55: [SM] Changed map to "dod_anzio"
L 07/07/2020 - 21:28:57: -------- Mapchange to dod_anzio --------
L 07/07/2020 - 21:28:57: [adminsounds.smx] 0 sounds loaded
L 07/07/2020 - 21:29:00: -------- Mapchange to dod_anzio --------
L 07/07/2020 - 21:29:00: [adminsounds.smx] 0 sounds loaded
L 07/07/2020 - 21:29:06: [randomcycle.smx] RandomCycle has chosen dod_orange_wallhack for the nextmap.
L 07/07/2020 - 21:35:59: [mapchooser.smx] Voting for next map has started.
L 07/07/2020 - 21:40:00: [SM] Changed map to "dod_football_a"
L 07/07/2020 - 21:40:00: [SM] Changed map to "dod_football_a"
L 07/07/2020 - 21:40:02: -------- Mapchange to dod_football_a --------
L 07/07/2020 - 21:40:02: [adminsounds.smx] 0 sounds loaded
L 07/07/2020 - 21:40:05: -------- Mapchange to dod_football_a --------
L 07/07/2020 - 21:40:05: [adminsounds.smx] 0 sounds loaded
L 07/07/2020 - 21:40:11: [randomcycle.smx] RandomCycle has chosen dod_monopoly_source for the nextmap.
L 07/07/2020 - 21:47:04: [mapchooser.smx] Voting for next map has started.
L 07/07/2020 - 21:51:05: [SM] Changed map to "dod_kalt"
L 07/07/2020 - 21:51:05: [SM] Changed map to "dod_kalt"
L 07/07/2020 - 21:51:07: -------- Mapchange to dod_kalt --------
L 07/07/2020 - 21:51:07: [adminsounds.smx] 0 sounds loaded
L 07/07/2020 - 21:51:10: -------- Mapchange to dod_kalt --------
L 07/07/2020 - 21:51:10: [adminsounds.smx] 0 sounds loaded
L 07/07/2020 - 21:51:16: [randomcycle.smx] RandomCycle has chosen dod_sniper_wars_beta for the nextmap.
L 07/07/2020 - 21:58:09: [mapchooser.smx] Voting for next map has started.
L 07/07/2020 - 22:02:10: [SM] Changed map to "dod_sniperarena_dgs2"
L 07/07/2020 - 22:02:10: [SM] Changed map to "dod_sniperarena_dgs2"
L 07/07/2020 - 22:02:12: -------- Mapchange to dod_sniperarena_dgs2 --------
L 07/07/2020 - 22:02:12: [adminsounds.smx] 0 sounds loaded
L 07/07/2020 - 22:02:14: -------- Mapchange to dod_sniperarena_dgs2 --------
L 07/07/2020 - 22:02:15: [adminsounds.smx] 0 sounds loaded
L 07/07/2020 - 22:02:20: [randomcycle.smx] RandomCycle has chosen sniperzone for the nextmap.
L 07/07/2020 - 22:09:13: [mapchooser.smx] Voting for next map has started.
L 07/07/2020 - 22:13:14: [SM] Changed map to "dod_rats"
L 07/07/2020 - 22:13:14: [SM] Changed map to "dod_rats"
L 07/07/2020 - 22:13:16: -------- Mapchange to dod_rats --------
L 07/07/2020 - 22:13:16: [adminsounds.smx] 0 sounds loaded
L 07/07/2020 - 22:13:19: -------- Mapchange to dod_rats --------
L 07/07/2020 - 22:13:19: [adminsounds.smx] 0 sounds loaded
L 07/07/2020 - 22:13:25: [randomcycle.smx] RandomCycle has chosen dod_orange_cancrelats for the nextmap.
L 07/07/2020 - 22:20:18: [mapchooser.smx] Voting for next map has started.
L 07/07/2020 - 22:24:19: [SM] Changed map to "dod_dust2_snow_xmas"
L 07/07/2020 - 22:24:19: [SM] Changed map to "dod_dust2_snow_xmas"
L 07/07/2020 - 22:24:21: -------- Mapchange to dod_dust2_snow_xmas --------
L 07/07/2020 - 22:24:21: [adminsounds.smx] 0 sounds loaded
L 07/07/2020 - 22:24:24: -------- Mapchange to dod_dust2_snow_xmas --------
L 07/07/2020 - 22:24:24: [adminsounds.smx] 0 sounds loaded
L 07/07/2020 - 22:24:30: [randomcycle.smx] RandomCycle has chosen dod_beer_circus for the nextmap.
L 07/07/2020 - 22:31:23: [mapchooser.smx] Voting for next map has started.
L 07/07/2020 - 22:35:24: [SM] Changed map to "dod_sucette_v3"
L 07/07/2020 - 22:35:24: [SM] Changed map to "dod_sucette_v3"
L 07/07/2020 - 22:35:26: -------- Mapchange to dod_sucette_v3 --------
L 07/07/2020 - 22:35:26: [adminsounds.smx] 0 sounds loaded
L 07/07/2020 - 22:35:28: -------- Mapchange to dod_sucette_v3 --------
L 07/07/2020 - 22:35:28: [adminsounds.smx] 0 sounds loaded
L 07/07/2020 - 22:35:34: [randomcycle.smx] RandomCycle has chosen dod_orange_damier_v2 for the nextmap.
L 07/07/2020 - 22:42:27: [mapchooser.smx] Voting for next map has started.
L 07/07/2020 - 22:46:28: [SM] Changed map to "dod_solitude_rats"
L 07/07/2020 - 22:46:28: [SM] Changed map to "dod_solitude_rats"
L 07/07/2020 - 22:46:30: -------- Mapchange to dod_solitude_rats --------
L 07/07/2020 - 22:46:30: [adminsounds.smx] 0 sounds loaded
L 07/07/2020 - 22:46:33: -------- Mapchange to dod_solitude_rats --------
L 07/07/2020 - 22:46:33: [adminsounds.smx] 0 sounds loaded
L 07/07/2020 - 22:46:39: [randomcycle.smx] RandomCycle has chosen dod_sniperarena_dgs2 for the nextmap.
L 07/07/2020 - 22:53:32: [mapchooser.smx] Voting for next map has started.
L 07/07/2020 - 22:57:33: [SM] Changed map to "dod_dli_football_b1"
L 07/07/2020 - 22:57:33: [SM] Changed map to "dod_dli_football_b1"
L 07/07/2020 - 22:57:35: -------- Mapchange to dod_dli_football_b1 --------
L 07/07/2020 - 22:57:35: [adminsounds.smx] 0 sounds loaded
L 07/07/2020 - 22:57:38: -------- Mapchange to dod_dli_football_b1 --------
L 07/07/2020 - 22:57:38: [adminsounds.smx] 0 sounds loaded
L 07/07/2020 - 22:57:44: [randomcycle.smx] RandomCycle has chosen dod_dli_football_b1 for the nextmap.
L 07/07/2020 - 23:04:37: [mapchooser.smx] Voting for next map has started.
L 07/07/2020 - 23:08:38: [SM] Changed map to "dod_orange_cancrelats"
L 07/07/2020 - 23:08:38: [SM] Changed map to "dod_orange_cancrelats"
L 07/07/2020 - 23:08:39: -------- Mapchange to dod_orange_cancrelats --------
L 07/07/2020 - 23:08:39: [adminsounds.smx] 0 sounds loaded
L 07/07/2020 - 23:08:42: -------- Mapchange to dod_orange_cancrelats --------
L 07/07/2020 - 23:08:42: [adminsounds.smx] 0 sounds loaded
L 07/07/2020 - 23:08:48: [randomcycle.smx] RandomCycle has chosen dod_orange_sniper for the nextmap.
L 07/07/2020 - 23:15:41: [mapchooser.smx] Voting for next map has started.
L 07/07/2020 - 23:19:42: [SM] Changed map to "dod_colmar"
L 07/07/2020 - 23:19:42: [SM] Changed map to "dod_colmar"
L 07/07/2020 - 23:19:44: -------- Mapchange to dod_colmar --------
L 07/07/2020 - 23:19:45: [adminsounds.smx] 0 sounds loaded
L 07/07/2020 - 23:19:48: -------- Mapchange to dod_colmar --------
L 07/07/2020 - 23:19:48: [adminsounds.smx] 0 sounds loaded
L 07/07/2020 - 23:19:54: [randomcycle.smx] RandomCycle has chosen dod_cdc_rats_rm for the nextmap.
L 07/07/2020 - 23:26:47: [mapchooser.smx] Voting for next map has started.
L 07/07/2020 - 23:30:48: [SM] Changed map to "dod_chocolate_fight_arena"
L 07/07/2020 - 23:30:48: [SM] Changed map to "dod_chocolate_fight_arena"
L 07/07/2020 - 23:30:50: -------- Mapchange to dod_chocolate_fight_arena --------
L 07/07/2020 - 23:30:50: [adminsounds.smx] 0 sounds loaded
L 07/07/2020 - 23:30:53: -------- Mapchange to dod_chocolate_fight_arena --------
L 07/07/2020 - 23:30:53: [adminsounds.smx] 0 sounds loaded
L 07/07/2020 - 23:30:59: [randomcycle.smx] RandomCycle has chosen dod_sewer_rats_b1 for the nextmap.
L 07/07/2020 - 23:37:52: [mapchooser.smx] Voting for next map has started.
L 07/07/2020 - 23:41:53: [SM] Changed map to "dod_orange_castel_evolution"
L 07/07/2020 - 23:41:53: [SM] Changed map to "dod_orange_castel_evolution"
L 07/07/2020 - 23:41:55: -------- Mapchange to dod_orange_castel_evolution --------
L 07/07/2020 - 23:41:55: [adminsounds.smx] 0 sounds loaded
L 07/07/2020 - 23:41:58: -------- Mapchange to dod_orange_castel_evolution --------
L 07/07/2020 - 23:41:58: [adminsounds.smx] 0 sounds loaded
L 07/07/2020 - 23:42:04: [randomcycle.smx] RandomCycle has chosen dod_solitude_rats for the nextmap.
L 07/07/2020 - 23:48:57: [mapchooser.smx] Voting for next map has started.
L 07/07/2020 - 23:52:58: [SM] Changed map to "dod_oasis_v1a"
L 07/07/2020 - 23:52:58: [SM] Changed map to "dod_oasis_v1a"
L 07/07/2020 - 23:53:00: -------- Mapchange to dod_oasis_v1a --------
L 07/07/2020 - 23:53:00: [adminsounds.smx] 0 sounds loaded
L 07/07/2020 - 23:53:03: -------- Mapchange to dod_oasis_v1a --------
L 07/07/2020 - 23:53:03: [adminsounds.smx] 0 sounds loaded
L 07/07/2020 - 23:53:09: [randomcycle.smx] RandomCycle has chosen dod_football_a for the nextmap.
L 07/08/2020 - 00:00:02: Log file closed.
