L 07/03/2020 - 00:03:51: SourceMod log file session started (file "/home/srvdod/srcds/dod_s/dod/addons/sourcemod/logs/L20200703.log") (Version "1.10.0.6490")
L 07/03/2020 - 00:03:51: [mapchooser.smx] Voting for next map has started.
L 07/03/2020 - 00:07:52: [SM] Changed map to "dod_bunky2_modified"
L 07/03/2020 - 00:07:52: [SM] Changed map to "dod_bunky2_modified"
L 07/03/2020 - 00:07:53: -------- Mapchange to dod_bunky2_modified --------
L 07/03/2020 - 00:07:54: -------- Mapchange to dod_bunky2_modified --------
L 07/03/2020 - 00:07:59: [randomcycle.smx] RandomCycle has chosen dod_football_a for the nextmap.
L 07/03/2020 - 00:14:52: [mapchooser.smx] Voting for next map has started.
L 07/03/2020 - 00:18:53: [SM] Changed map to "dod_football_a"
L 07/03/2020 - 00:18:53: [SM] Changed map to "dod_football_a"
L 07/03/2020 - 00:18:54: -------- Mapchange to dod_football_a --------
L 07/03/2020 - 00:18:54: -------- Mapchange to dod_football_a --------
L 07/03/2020 - 00:18:59: [randomcycle.smx] RandomCycle has chosen dod_dli_football_b1 for the nextmap.
L 07/03/2020 - 00:25:52: [mapchooser.smx] Voting for next map has started.
L 07/03/2020 - 00:29:53: [SM] Changed map to "dod_oasis_v1a"
L 07/03/2020 - 00:29:53: [SM] Changed map to "dod_oasis_v1a"
L 07/03/2020 - 00:29:54: -------- Mapchange to dod_oasis_v1a --------
L 07/03/2020 - 00:29:55: -------- Mapchange to dod_oasis_v1a --------
L 07/03/2020 - 00:30:00: [randomcycle.smx] RandomCycle has chosen sniperzone for the nextmap.
L 07/03/2020 - 00:36:54: [mapchooser.smx] Voting for next map has started.
L 07/03/2020 - 00:40:55: [SM] Changed map to "dod_anzio"
L 07/03/2020 - 00:40:55: [SM] Changed map to "dod_anzio"
L 07/03/2020 - 00:40:56: -------- Mapchange to dod_anzio --------
L 07/03/2020 - 00:40:57: -------- Mapchange to dod_anzio --------
L 07/03/2020 - 00:41:02: [randomcycle.smx] RandomCycle has chosen dod_sand_rats_2006 for the nextmap.
L 07/03/2020 - 00:41:43: [mapchooser.smx] Starting map vote because outside request
L 07/03/2020 - 00:41:43: [mapchooser.smx] Voting for next map has started.
L 07/03/2020 - 00:41:50: [mapchooser.smx] Voting for next map has finished. Nextmap: dod_cdc_rats_rm.
L 07/03/2020 - 00:41:52: [SM] Changed map to "dod_cdc_rats_rm"
L 07/03/2020 - 00:41:53: -------- Mapchange to dod_cdc_rats_rm --------
L 07/03/2020 - 00:41:58: [randomcycle.smx] RandomCycle has chosen dod_sewer_rats_b1 for the nextmap.
L 07/03/2020 - 00:48:51: [mapchooser.smx] Voting for next map has started.
L 07/03/2020 - 00:49:06: [mapchooser.smx] Voting for next map has finished. Nextmap: dod_bunky2_modified.
L 07/03/2020 - 00:52:52: [SM] Changed map to "dod_bunky2_modified"
L 07/03/2020 - 00:52:52: [SM] Changed map to "dod_bunky2_modified"
L 07/03/2020 - 00:52:53: -------- Mapchange to dod_bunky2_modified --------
L 07/03/2020 - 00:52:54: -------- Mapchange to dod_bunky2_modified --------
L 07/03/2020 - 00:52:59: [randomcycle.smx] RandomCycle has chosen dod_iceworld_final_[bds]_doc for the nextmap.
L 07/03/2020 - 00:59:52: [mapchooser.smx] Voting for next map has started.
L 07/03/2020 - 01:03:53: [SM] Changed map to "dod_monopoly_source"
L 07/03/2020 - 01:03:53: [SM] Changed map to "dod_monopoly_source"
L 07/03/2020 - 01:03:54: -------- Mapchange to dod_monopoly_source --------
L 07/03/2020 - 01:03:55: -------- Mapchange to dod_monopoly_source --------
L 07/03/2020 - 01:04:00: [randomcycle.smx] RandomCycle has chosen dod_monopoly_source for the nextmap.
L 07/03/2020 - 01:10:53: [mapchooser.smx] Voting for next map has started.
L 07/03/2020 - 01:14:54: [SM] Changed map to "dod_sucette_v3"
L 07/03/2020 - 01:14:54: [SM] Changed map to "dod_sucette_v3"
L 07/03/2020 - 01:14:55: -------- Mapchange to dod_sucette_v3 --------
L 07/03/2020 - 01:14:56: -------- Mapchange to dod_sucette_v3 --------
L 07/03/2020 - 01:15:01: [randomcycle.smx] RandomCycle has chosen dod_avalanche@night for the nextmap.
L 07/03/2020 - 01:21:54: [mapchooser.smx] Voting for next map has started.
L 07/03/2020 - 01:25:55: [SM] Changed map to "dod_avalanche"
L 07/03/2020 - 01:25:55: [SM] Changed map to "dod_avalanche"
L 07/03/2020 - 01:25:56: -------- Mapchange to dod_avalanche --------
L 07/03/2020 - 01:25:57: -------- Mapchange to dod_avalanche --------
L 07/03/2020 - 01:26:02: [randomcycle.smx] RandomCycle has chosen acc_labice for the nextmap.
L 07/03/2020 - 01:32:55: [mapchooser.smx] Voting for next map has started.
L 07/03/2020 - 01:36:56: [SM] Changed map to "dod_bigbunky_v4"
L 07/03/2020 - 01:36:56: [SM] Changed map to "dod_bigbunky_v4"
L 07/03/2020 - 01:36:57: -------- Mapchange to dod_bigbunky_v4 --------
L 07/03/2020 - 01:36:58: -------- Mapchange to dod_bigbunky_v4 --------
L 07/03/2020 - 01:37:03: [randomcycle.smx] RandomCycle has chosen dod_4pyramides for the nextmap.
L 07/03/2020 - 01:43:56: [mapchooser.smx] Voting for next map has started.
L 07/03/2020 - 01:47:57: [SM] Changed map to "dod_oasis_v1a"
L 07/03/2020 - 01:47:57: [SM] Changed map to "dod_oasis_v1a"
L 07/03/2020 - 01:47:58: -------- Mapchange to dod_oasis_v1a --------
L 07/03/2020 - 01:47:59: -------- Mapchange to dod_oasis_v1a --------
L 07/03/2020 - 01:48:04: [randomcycle.smx] RandomCycle has chosen babyfight_arena for the nextmap.
L 07/03/2020 - 01:54:57: [mapchooser.smx] Voting for next map has started.
L 07/03/2020 - 01:58:58: [SM] Changed map to "dod_orange_castel_evolution"
L 07/03/2020 - 01:58:58: [SM] Changed map to "dod_orange_castel_evolution"
L 07/03/2020 - 01:58:59: -------- Mapchange to dod_orange_castel_evolution --------
L 07/03/2020 - 01:59:00: -------- Mapchange to dod_orange_castel_evolution --------
L 07/03/2020 - 01:59:05: [randomcycle.smx] RandomCycle has chosen dod_orange_sniper for the nextmap.
L 07/03/2020 - 02:05:58: [mapchooser.smx] Voting for next map has started.
L 07/03/2020 - 02:09:59: [SM] Changed map to "dod_cdc_rats_rm"
L 07/03/2020 - 02:09:59: [SM] Changed map to "dod_cdc_rats_rm"
L 07/03/2020 - 02:10:00: -------- Mapchange to dod_cdc_rats_rm --------
L 07/03/2020 - 02:10:01: -------- Mapchange to dod_cdc_rats_rm --------
L 07/03/2020 - 02:10:06: [randomcycle.smx] RandomCycle has chosen dod_risk_b9 for the nextmap.
L 07/03/2020 - 02:16:59: [mapchooser.smx] Voting for next map has started.
L 07/03/2020 - 02:21:00: [SM] Changed map to "dod_risk_b9"
L 07/03/2020 - 02:21:00: [SM] Changed map to "dod_risk_b9"
L 07/03/2020 - 02:21:02: -------- Mapchange to dod_risk_b9 --------
L 07/03/2020 - 02:21:05: -------- Mapchange to dod_risk_b9 --------
L 07/03/2020 - 02:21:10: [randomcycle.smx] RandomCycle has chosen dod_dli_football_b1 for the nextmap.
L 07/03/2020 - 02:28:03: [mapchooser.smx] Voting for next map has started.
L 07/03/2020 - 02:32:04: [SM] Changed map to "dod_sniper_killbox_v2"
L 07/03/2020 - 02:32:04: [SM] Changed map to "dod_sniper_killbox_v2"
L 07/03/2020 - 02:32:05: -------- Mapchange to dod_sniper_killbox_v2 --------
L 07/03/2020 - 02:32:06: -------- Mapchange to dod_sniper_killbox_v2 --------
L 07/03/2020 - 02:32:11: [randomcycle.smx] RandomCycle has chosen dod_mousekitchen_ed for the nextmap.
L 07/03/2020 - 02:39:04: [mapchooser.smx] Voting for next map has started.
L 07/03/2020 - 02:43:05: [SM] Changed map to "dod_iceworld_final_[bds]_doc"
L 07/03/2020 - 02:43:05: [SM] Changed map to "dod_iceworld_final_[bds]_doc"
L 07/03/2020 - 02:43:06: -------- Mapchange to dod_iceworld_final_[bds]_doc --------
L 07/03/2020 - 02:43:07: -------- Mapchange to dod_iceworld_final_[bds]_doc --------
L 07/03/2020 - 02:43:12: [randomcycle.smx] RandomCycle has chosen dod_jagd for the nextmap.
L 07/03/2020 - 02:50:05: [mapchooser.smx] Voting for next map has started.
L 07/03/2020 - 02:54:06: [SM] Changed map to "dod_oasis_v1a"
L 07/03/2020 - 02:54:06: [SM] Changed map to "dod_oasis_v1a"
L 07/03/2020 - 02:54:07: -------- Mapchange to dod_oasis_v1a --------
L 07/03/2020 - 02:54:08: -------- Mapchange to dod_oasis_v1a --------
L 07/03/2020 - 02:54:13: [randomcycle.smx] RandomCycle has chosen dod_chocolate_fight_arena for the nextmap.
L 07/03/2020 - 03:01:06: [mapchooser.smx] Voting for next map has started.
L 07/03/2020 - 03:05:07: [SM] Changed map to "dod_sand_rats_2006"
L 07/03/2020 - 03:05:07: [SM] Changed map to "dod_sand_rats_2006"
L 07/03/2020 - 03:05:08: -------- Mapchange to dod_sand_rats_2006 --------
L 07/03/2020 - 03:05:10: -------- Mapchange to dod_sand_rats_2006 --------
L 07/03/2020 - 03:05:15: [randomcycle.smx] RandomCycle has chosen dod_fullhouse for the nextmap.
L 07/03/2020 - 03:12:08: [mapchooser.smx] Voting for next map has started.
L 07/03/2020 - 03:16:09: [SM] Changed map to "dod_chocolate_fight_arena"
L 07/03/2020 - 03:16:09: [SM] Changed map to "dod_chocolate_fight_arena"
L 07/03/2020 - 03:16:10: -------- Mapchange to dod_chocolate_fight_arena --------
L 07/03/2020 - 03:16:11: -------- Mapchange to dod_chocolate_fight_arena --------
L 07/03/2020 - 03:16:16: [randomcycle.smx] RandomCycle has chosen dod_legoland_b2 for the nextmap.
L 07/03/2020 - 03:23:09: [mapchooser.smx] Voting for next map has started.
L 07/03/2020 - 03:27:10: [SM] Changed map to "dod_flash"
L 07/03/2020 - 03:27:10: [SM] Changed map to "dod_flash"
L 07/03/2020 - 03:27:11: -------- Mapchange to dod_flash --------
L 07/03/2020 - 03:27:13: -------- Mapchange to dod_flash --------
L 07/03/2020 - 03:27:18: [randomcycle.smx] RandomCycle has chosen dod_colmar for the nextmap.
L 07/03/2020 - 03:34:11: [mapchooser.smx] Voting for next map has started.
L 07/03/2020 - 03:38:12: [SM] Changed map to "dod_sniperarena_dgs2"
L 07/03/2020 - 03:38:12: [SM] Changed map to "dod_sniperarena_dgs2"
L 07/03/2020 - 03:38:13: -------- Mapchange to dod_sniperarena_dgs2 --------
L 07/03/2020 - 03:38:14: -------- Mapchange to dod_sniperarena_dgs2 --------
L 07/03/2020 - 03:38:19: [randomcycle.smx] RandomCycle has chosen dod_orange_castel_evolution for the nextmap.
L 07/03/2020 - 03:45:12: [mapchooser.smx] Voting for next map has started.
L 07/03/2020 - 03:49:13: [SM] Changed map to "dod_rats"
L 07/03/2020 - 03:49:13: [SM] Changed map to "dod_rats"
L 07/03/2020 - 03:49:15: -------- Mapchange to dod_rats --------
L 07/03/2020 - 03:49:16: -------- Mapchange to dod_rats --------
L 07/03/2020 - 03:49:21: [randomcycle.smx] RandomCycle has chosen dod_sucette_v3 for the nextmap.
L 07/03/2020 - 03:56:14: [mapchooser.smx] Voting for next map has started.
L 07/03/2020 - 04:00:15: [SM] Changed map to "dod_orange_bridges"
L 07/03/2020 - 04:00:15: [SM] Changed map to "dod_orange_bridges"
L 07/03/2020 - 04:00:16: -------- Mapchange to dod_orange_bridges --------
L 07/03/2020 - 04:00:17: -------- Mapchange to dod_orange_bridges --------
L 07/03/2020 - 04:00:22: [randomcycle.smx] RandomCycle has chosen dod_flash for the nextmap.
L 07/03/2020 - 04:07:15: [mapchooser.smx] Voting for next map has started.
L 07/03/2020 - 04:11:16: [SM] Changed map to "dod_aimap_b1"
L 07/03/2020 - 04:11:16: [SM] Changed map to "dod_aimap_b1"
L 07/03/2020 - 04:11:17: -------- Mapchange to dod_aimap_b1 --------
L 07/03/2020 - 04:11:18: -------- Mapchange to dod_aimap_b1 --------
L 07/03/2020 - 04:11:23: [randomcycle.smx] RandomCycle has chosen dod_4pyramides for the nextmap.
L 07/03/2020 - 04:18:17: [mapchooser.smx] Voting for next map has started.
L 07/03/2020 - 04:22:18: [SM] Changed map to "dod_orange_sniper"
L 07/03/2020 - 04:22:18: [SM] Changed map to "dod_orange_sniper"
L 07/03/2020 - 04:22:18: -------- Mapchange to dod_orange_sniper --------
L 07/03/2020 - 04:22:20: -------- Mapchange to dod_orange_sniper --------
L 07/03/2020 - 04:22:25: [randomcycle.smx] RandomCycle has chosen babyfight_arena for the nextmap.
L 07/03/2020 - 04:29:18: [mapchooser.smx] Voting for next map has started.
L 07/03/2020 - 04:33:19: [SM] Changed map to "dod_4pyramides"
L 07/03/2020 - 04:33:19: [SM] Changed map to "dod_4pyramides"
L 07/03/2020 - 04:33:20: -------- Mapchange to dod_4pyramides --------
L 07/03/2020 - 04:33:21: -------- Mapchange to dod_4pyramides --------
L 07/03/2020 - 04:33:26: [randomcycle.smx] RandomCycle has chosen dod_monopoly_source for the nextmap.
L 07/03/2020 - 04:40:19: [mapchooser.smx] Voting for next map has started.
L 07/03/2020 - 04:44:20: [SM] Changed map to "dod_risk_b9"
L 07/03/2020 - 04:44:20: [SM] Changed map to "dod_risk_b9"
L 07/03/2020 - 04:44:23: -------- Mapchange to dod_risk_b9 --------
L 07/03/2020 - 04:44:25: -------- Mapchange to dod_risk_b9 --------
L 07/03/2020 - 04:44:30: [randomcycle.smx] RandomCycle has chosen dod_solitude_rats for the nextmap.
L 07/03/2020 - 04:51:24: [mapchooser.smx] Voting for next map has started.
L 07/03/2020 - 04:55:25: [SM] Changed map to "dod_dli_football_b1"
L 07/03/2020 - 04:55:25: [SM] Changed map to "dod_dli_football_b1"
L 07/03/2020 - 04:55:25: -------- Mapchange to dod_dli_football_b1 --------
L 07/03/2020 - 04:55:27: -------- Mapchange to dod_dli_football_b1 --------
L 07/03/2020 - 04:55:32: [randomcycle.smx] RandomCycle has chosen dod_football_a for the nextmap.
L 07/03/2020 - 05:02:25: [mapchooser.smx] Voting for next map has started.
L 07/03/2020 - 05:06:26: [SM] Changed map to "dod_sniper_killbox_v2"
L 07/03/2020 - 05:06:26: [SM] Changed map to "dod_sniper_killbox_v2"
L 07/03/2020 - 05:06:27: -------- Mapchange to dod_sniper_killbox_v2 --------
L 07/03/2020 - 05:06:28: -------- Mapchange to dod_sniper_killbox_v2 --------
L 07/03/2020 - 05:06:33: [randomcycle.smx] RandomCycle has chosen dod_bigbunky_v4 for the nextmap.
L 07/03/2020 - 05:13:26: [mapchooser.smx] Voting for next map has started.
L 07/03/2020 - 05:17:28: [SM] Changed map to "dod_solitude_rats"
L 07/03/2020 - 05:17:28: [SM] Changed map to "dod_solitude_rats"
L 07/03/2020 - 05:17:29: -------- Mapchange to dod_solitude_rats --------
L 07/03/2020 - 05:17:30: -------- Mapchange to dod_solitude_rats --------
L 07/03/2020 - 05:17:35: [randomcycle.smx] RandomCycle has chosen dod_fullhouse for the nextmap.
L 07/03/2020 - 05:24:28: [mapchooser.smx] Voting for next map has started.
L 07/03/2020 - 05:28:29: [SM] Changed map to "dod_orange_damier_v2"
L 07/03/2020 - 05:28:29: [SM] Changed map to "dod_orange_damier_v2"
L 07/03/2020 - 05:28:30: -------- Mapchange to dod_orange_damier_v2 --------
L 07/03/2020 - 05:28:32: -------- Mapchange to dod_orange_damier_v2 --------
L 07/03/2020 - 05:28:37: [randomcycle.smx] RandomCycle has chosen dod_orange_sniper for the nextmap.
L 07/03/2020 - 05:35:30: [mapchooser.smx] Voting for next map has started.
L 07/03/2020 - 05:39:31: [SM] Changed map to "dod_dust2_snow_xmas"
L 07/03/2020 - 05:39:31: [SM] Changed map to "dod_dust2_snow_xmas"
L 07/03/2020 - 05:39:32: -------- Mapchange to dod_dust2_snow_xmas --------
L 07/03/2020 - 05:39:33: -------- Mapchange to dod_dust2_snow_xmas --------
L 07/03/2020 - 05:39:39: [randomcycle.smx] RandomCycle has chosen dod_dust2_snow_xmas for the nextmap.
L 07/03/2020 - 05:46:32: [mapchooser.smx] Voting for next map has started.
L 07/03/2020 - 05:50:33: [SM] Changed map to "dod_avalanche"
L 07/03/2020 - 05:50:33: [SM] Changed map to "dod_avalanche"
L 07/03/2020 - 05:50:34: -------- Mapchange to dod_avalanche --------
L 07/03/2020 - 05:50:36: -------- Mapchange to dod_avalanche --------
L 07/03/2020 - 05:50:41: [randomcycle.smx] RandomCycle has chosen dod_aimap_b1 for the nextmap.
L 07/03/2020 - 05:57:34: [mapchooser.smx] Voting for next map has started.
L 07/03/2020 - 06:01:35: [SM] Changed map to "dod_solitude_rats"
L 07/03/2020 - 06:01:35: [SM] Changed map to "dod_solitude_rats"
L 07/03/2020 - 06:01:36: -------- Mapchange to dod_solitude_rats --------
L 07/03/2020 - 06:01:38: -------- Mapchange to dod_solitude_rats --------
L 07/03/2020 - 06:01:43: [randomcycle.smx] RandomCycle has chosen dod_oasis_v1a for the nextmap.
L 07/03/2020 - 06:08:36: [mapchooser.smx] Voting for next map has started.
L 07/03/2020 - 06:12:37: [SM] Changed map to "dod_donner"
L 07/03/2020 - 06:12:37: [SM] Changed map to "dod_donner"
L 07/03/2020 - 06:12:38: -------- Mapchange to dod_donner --------
L 07/03/2020 - 06:12:40: -------- Mapchange to dod_donner --------
L 07/03/2020 - 06:12:45: [randomcycle.smx] RandomCycle has chosen dod_colmar for the nextmap.
L 07/03/2020 - 06:19:38: [mapchooser.smx] Voting for next map has started.
L 07/03/2020 - 06:23:39: [SM] Changed map to "dod_beer_circus"
L 07/03/2020 - 06:23:39: [SM] Changed map to "dod_beer_circus"
L 07/03/2020 - 06:23:48: -------- Mapchange to dod_beer_circus --------
L 07/03/2020 - 06:23:58: -------- Mapchange to dod_beer_circus --------
L 07/03/2020 - 06:24:03: [randomcycle.smx] RandomCycle has chosen dod_risk_b9 for the nextmap.
L 07/03/2020 - 06:30:56: [mapchooser.smx] Voting for next map has started.
L 07/03/2020 - 06:34:57: [SM] Changed map to "dod_dust2_snow_xmas"
L 07/03/2020 - 06:34:57: [SM] Changed map to "dod_dust2_snow_xmas"
L 07/03/2020 - 06:34:58: -------- Mapchange to dod_dust2_snow_xmas --------
L 07/03/2020 - 06:35:00: -------- Mapchange to dod_dust2_snow_xmas --------
L 07/03/2020 - 06:35:05: [randomcycle.smx] RandomCycle has chosen dod_argentan for the nextmap.
L 07/03/2020 - 06:41:58: [mapchooser.smx] Voting for next map has started.
L 07/03/2020 - 06:45:59: [SM] Changed map to "dod_bigbunky_v4"
L 07/03/2020 - 06:45:59: [SM] Changed map to "dod_bigbunky_v4"
L 07/03/2020 - 06:46:00: -------- Mapchange to dod_bigbunky_v4 --------
L 07/03/2020 - 06:46:02: -------- Mapchange to dod_bigbunky_v4 --------
L 07/03/2020 - 06:46:07: [randomcycle.smx] RandomCycle has chosen dod_sniperarena_dgs2 for the nextmap.
L 07/03/2020 - 06:53:00: [mapchooser.smx] Voting for next map has started.
L 07/03/2020 - 06:57:01: [SM] Changed map to "acc_labice"
L 07/03/2020 - 06:57:01: [SM] Changed map to "acc_labice"
L 07/03/2020 - 06:57:02: -------- Mapchange to acc_labice --------
L 07/03/2020 - 06:57:03: -------- Mapchange to acc_labice --------
L 07/03/2020 - 06:57:09: [randomcycle.smx] RandomCycle has chosen dod_jagd for the nextmap.
L 07/03/2020 - 07:04:02: [mapchooser.smx] Voting for next map has started.
L 07/03/2020 - 07:08:03: [SM] Changed map to "dod_orange_cancrelats"
L 07/03/2020 - 07:08:03: [SM] Changed map to "dod_orange_cancrelats"
L 07/03/2020 - 07:08:04: -------- Mapchange to dod_orange_cancrelats --------
L 07/03/2020 - 07:08:05: -------- Mapchange to dod_orange_cancrelats --------
L 07/03/2020 - 07:08:10: [randomcycle.smx] RandomCycle has chosen dod_orange_cancrelats for the nextmap.
L 07/03/2020 - 07:15:03: [mapchooser.smx] Voting for next map has started.
L 07/03/2020 - 07:19:04: [SM] Changed map to "dod_flash"
L 07/03/2020 - 07:19:04: [SM] Changed map to "dod_flash"
L 07/03/2020 - 07:19:06: -------- Mapchange to dod_flash --------
L 07/03/2020 - 07:19:07: -------- Mapchange to dod_flash --------
L 07/03/2020 - 07:19:13: [randomcycle.smx] RandomCycle has chosen dod_donner for the nextmap.
L 07/03/2020 - 07:26:06: [mapchooser.smx] Voting for next map has started.
L 07/03/2020 - 07:30:07: [SM] Changed map to "dod_4pyramides"
L 07/03/2020 - 07:30:07: [SM] Changed map to "dod_4pyramides"
L 07/03/2020 - 07:30:08: -------- Mapchange to dod_4pyramides --------
L 07/03/2020 - 07:30:10: -------- Mapchange to dod_4pyramides --------
L 07/03/2020 - 07:30:15: [randomcycle.smx] RandomCycle has chosen dod_flash for the nextmap.
L 07/03/2020 - 07:37:08: [mapchooser.smx] Voting for next map has started.
L 07/03/2020 - 07:41:09: [SM] Changed map to "dod_bigbunky_v4"
L 07/03/2020 - 07:41:09: [SM] Changed map to "dod_bigbunky_v4"
L 07/03/2020 - 07:41:10: -------- Mapchange to dod_bigbunky_v4 --------
L 07/03/2020 - 07:41:12: -------- Mapchange to dod_bigbunky_v4 --------
L 07/03/2020 - 07:41:17: [randomcycle.smx] RandomCycle has chosen dod_chocolate_fight_arena for the nextmap.
L 07/03/2020 - 07:48:10: [mapchooser.smx] Voting for next map has started.
L 07/03/2020 - 07:52:11: [SM] Changed map to "dod_orange_cancrelats"
L 07/03/2020 - 07:52:11: [SM] Changed map to "dod_orange_cancrelats"
L 07/03/2020 - 07:52:12: -------- Mapchange to dod_orange_cancrelats --------
L 07/03/2020 - 07:52:14: -------- Mapchange to dod_orange_cancrelats --------
L 07/03/2020 - 07:52:19: [randomcycle.smx] RandomCycle has chosen dod_cdc_rats_rm for the nextmap.
L 07/03/2020 - 07:59:12: [mapchooser.smx] Voting for next map has started.
L 07/03/2020 - 08:03:13: [SM] Changed map to "dod_sewer_rats_b1"
L 07/03/2020 - 08:03:13: [SM] Changed map to "dod_sewer_rats_b1"
L 07/03/2020 - 08:03:14: -------- Mapchange to dod_sewer_rats_b1 --------
L 07/03/2020 - 08:03:16: -------- Mapchange to dod_sewer_rats_b1 --------
L 07/03/2020 - 08:03:21: [randomcycle.smx] RandomCycle has chosen babyfight_arena for the nextmap.
L 07/03/2020 - 08:10:14: [mapchooser.smx] Voting for next map has started.
L 07/03/2020 - 08:14:15: [SM] Changed map to "dod_argentan"
L 07/03/2020 - 08:14:15: [SM] Changed map to "dod_argentan"
L 07/03/2020 - 08:14:17: -------- Mapchange to dod_argentan --------
L 07/03/2020 - 08:14:18: -------- Mapchange to dod_argentan --------
L 07/03/2020 - 08:14:24: [randomcycle.smx] RandomCycle has chosen dod_mousekitchen_ed for the nextmap.
L 07/03/2020 - 08:21:17: [mapchooser.smx] Voting for next map has started.
L 07/03/2020 - 08:25:18: [SM] Changed map to "dod_orange_damier_v2"
L 07/03/2020 - 08:25:18: [SM] Changed map to "dod_orange_damier_v2"
L 07/03/2020 - 08:25:19: -------- Mapchange to dod_orange_damier_v2 --------
L 07/03/2020 - 08:25:20: -------- Mapchange to dod_orange_damier_v2 --------
L 07/03/2020 - 08:25:26: [randomcycle.smx] RandomCycle has chosen dod_sniper_wars_beta for the nextmap.
L 07/03/2020 - 08:32:19: [mapchooser.smx] Voting for next map has started.
L 07/03/2020 - 08:36:20: [SM] Changed map to "dod_flash"
L 07/03/2020 - 08:36:20: [SM] Changed map to "dod_flash"
L 07/03/2020 - 08:36:21: -------- Mapchange to dod_flash --------
L 07/03/2020 - 08:36:23: -------- Mapchange to dod_flash --------
L 07/03/2020 - 08:36:29: [randomcycle.smx] RandomCycle has chosen dod_oasis_v1a for the nextmap.
L 07/03/2020 - 08:43:22: [mapchooser.smx] Voting for next map has started.
L 07/03/2020 - 08:47:23: [SM] Changed map to "dod_4pyramides"
L 07/03/2020 - 08:47:23: [SM] Changed map to "dod_4pyramides"
L 07/03/2020 - 08:47:24: -------- Mapchange to dod_4pyramides --------
L 07/03/2020 - 08:47:26: -------- Mapchange to dod_4pyramides --------
L 07/03/2020 - 08:47:31: [randomcycle.smx] RandomCycle has chosen sniperzone for the nextmap.
L 07/03/2020 - 08:54:24: [mapchooser.smx] Voting for next map has started.
L 07/03/2020 - 08:58:25: [SM] Changed map to "dod_sand_rats_2006"
L 07/03/2020 - 08:58:25: [SM] Changed map to "dod_sand_rats_2006"
L 07/03/2020 - 08:58:26: -------- Mapchange to dod_sand_rats_2006 --------
L 07/03/2020 - 08:58:28: -------- Mapchange to dod_sand_rats_2006 --------
L 07/03/2020 - 08:58:33: [randomcycle.smx] RandomCycle has chosen dod_football_a for the nextmap.
L 07/03/2020 - 09:05:26: [mapchooser.smx] Voting for next map has started.
L 07/03/2020 - 09:09:27: [SM] Changed map to "dod_fullhouse"
L 07/03/2020 - 09:09:27: [SM] Changed map to "dod_fullhouse"
L 07/03/2020 - 09:09:29: -------- Mapchange to dod_fullhouse --------
L 07/03/2020 - 09:09:30: -------- Mapchange to dod_fullhouse --------
L 07/03/2020 - 09:09:36: [randomcycle.smx] RandomCycle has chosen dod_bunky2_modified for the nextmap.
L 07/03/2020 - 09:16:29: [mapchooser.smx] Voting for next map has started.
L 07/03/2020 - 09:20:30: [SM] Changed map to "dod_chocolate_fight_arena"
L 07/03/2020 - 09:20:30: [SM] Changed map to "dod_chocolate_fight_arena"
L 07/03/2020 - 09:20:31: -------- Mapchange to dod_chocolate_fight_arena --------
L 07/03/2020 - 09:20:33: -------- Mapchange to dod_chocolate_fight_arena --------
L 07/03/2020 - 09:20:38: [randomcycle.smx] RandomCycle has chosen dod_jagd for the nextmap.
L 07/03/2020 - 09:27:31: [mapchooser.smx] Voting for next map has started.
L 07/03/2020 - 09:31:32: [SM] Changed map to "dod_football_a"
L 07/03/2020 - 09:31:32: [SM] Changed map to "dod_football_a"
L 07/03/2020 - 09:31:33: -------- Mapchange to dod_football_a --------
L 07/03/2020 - 09:31:35: -------- Mapchange to dod_football_a --------
L 07/03/2020 - 09:31:40: [randomcycle.smx] RandomCycle has chosen dod_deux_chateaux_final for the nextmap.
L 07/03/2020 - 09:38:33: [mapchooser.smx] Voting for next map has started.
L 07/03/2020 - 09:42:34: [SM] Changed map to "dod_orange_wallhack"
L 07/03/2020 - 09:42:34: [SM] Changed map to "dod_orange_wallhack"
L 07/03/2020 - 09:42:35: -------- Mapchange to dod_orange_wallhack --------
L 07/03/2020 - 09:42:37: -------- Mapchange to dod_orange_wallhack --------
L 07/03/2020 - 09:42:42: [randomcycle.smx] RandomCycle has chosen dod_murky_p2 for the nextmap.
L 07/03/2020 - 09:49:35: [mapchooser.smx] Voting for next map has started.
L 07/03/2020 - 09:53:36: [SM] Changed map to "dod_sucette_v3"
L 07/03/2020 - 09:53:36: [SM] Changed map to "dod_sucette_v3"
L 07/03/2020 - 09:53:37: -------- Mapchange to dod_sucette_v3 --------
L 07/03/2020 - 09:53:39: -------- Mapchange to dod_sucette_v3 --------
L 07/03/2020 - 09:53:44: [randomcycle.smx] RandomCycle has chosen dod_iceworld_final_[bds]_doc for the nextmap.
L 07/03/2020 - 10:00:37: [mapchooser.smx] Voting for next map has started.
L 07/03/2020 - 10:04:38: [SM] Changed map to "dod_murky_p2"
L 07/03/2020 - 10:04:38: [SM] Changed map to "dod_murky_p2"
L 07/03/2020 - 10:04:40: -------- Mapchange to dod_murky_p2 --------
L 07/03/2020 - 10:04:41: -------- Mapchange to dod_murky_p2 --------
L 07/03/2020 - 10:04:47: [randomcycle.smx] RandomCycle has chosen dod_chocolate_fight_arena for the nextmap.
L 07/03/2020 - 10:11:40: [mapchooser.smx] Voting for next map has started.
L 07/03/2020 - 10:15:41: [SM] Changed map to "dod_chocolate_fight_arena"
L 07/03/2020 - 10:15:41: [SM] Changed map to "dod_chocolate_fight_arena"
L 07/03/2020 - 10:15:42: -------- Mapchange to dod_chocolate_fight_arena --------
L 07/03/2020 - 10:15:44: -------- Mapchange to dod_chocolate_fight_arena --------
L 07/03/2020 - 10:15:49: [randomcycle.smx] RandomCycle has chosen dod_rats for the nextmap.
L 07/03/2020 - 10:22:42: [mapchooser.smx] Voting for next map has started.
L 07/03/2020 - 10:26:43: [SM] Changed map to "cdcmarijuana!"
L 07/03/2020 - 10:26:43: [SM] Changed map to "cdcmarijuana!"
L 07/03/2020 - 10:26:45: -------- Mapchange to cdcmarijuana! --------
L 07/03/2020 - 10:26:46: -------- Mapchange to cdcmarijuana! --------
L 07/03/2020 - 10:26:52: [randomcycle.smx] RandomCycle has chosen dod_risk_b9 for the nextmap.
L 07/03/2020 - 10:33:45: [mapchooser.smx] Voting for next map has started.
L 07/03/2020 - 10:37:46: [SM] Changed map to "babyfight_arena"
L 07/03/2020 - 10:37:46: [SM] Changed map to "babyfight_arena"
L 07/03/2020 - 10:37:47: -------- Mapchange to babyfight_arena --------
L 07/03/2020 - 10:37:49: -------- Mapchange to babyfight_arena --------
L 07/03/2020 - 10:37:54: [randomcycle.smx] RandomCycle has chosen dod_donner for the nextmap.
L 07/03/2020 - 10:44:47: [mapchooser.smx] Voting for next map has started.
L 07/03/2020 - 10:48:48: [SM] Changed map to "dod_anzio"
L 07/03/2020 - 10:48:48: [SM] Changed map to "dod_anzio"
L 07/03/2020 - 10:48:50: -------- Mapchange to dod_anzio --------
L 07/03/2020 - 10:48:52: -------- Mapchange to dod_anzio --------
L 07/03/2020 - 10:48:58: [randomcycle.smx] RandomCycle has chosen dod_orange_bridges for the nextmap.
L 07/03/2020 - 10:55:51: [mapchooser.smx] Voting for next map has started.
L 07/03/2020 - 10:59:52: [SM] Changed map to "dod_cdc_rats_rm"
L 07/03/2020 - 10:59:52: [SM] Changed map to "dod_cdc_rats_rm"
L 07/03/2020 - 10:59:53: -------- Mapchange to dod_cdc_rats_rm --------
L 07/03/2020 - 10:59:55: -------- Mapchange to dod_cdc_rats_rm --------
L 07/03/2020 - 11:00:00: [randomcycle.smx] RandomCycle has chosen dod_sucette_v3 for the nextmap.
L 07/03/2020 - 11:06:53: [mapchooser.smx] Voting for next map has started.
L 07/03/2020 - 11:10:54: [SM] Changed map to "dod_kalt"
L 07/03/2020 - 11:10:54: [SM] Changed map to "dod_kalt"
L 07/03/2020 - 11:10:56: -------- Mapchange to dod_kalt --------
L 07/03/2020 - 11:10:58: -------- Mapchange to dod_kalt --------
L 07/03/2020 - 11:11:04: [randomcycle.smx] RandomCycle has chosen dod_4pyramides for the nextmap.
L 07/03/2020 - 11:17:57: [mapchooser.smx] Voting for next map has started.
L 07/03/2020 - 11:21:58: [SM] Changed map to "dod_fullhouse"
L 07/03/2020 - 11:21:58: [SM] Changed map to "dod_fullhouse"
L 07/03/2020 - 11:21:59: -------- Mapchange to dod_fullhouse --------
L 07/03/2020 - 11:22:01: -------- Mapchange to dod_fullhouse --------
L 07/03/2020 - 11:22:07: [randomcycle.smx] RandomCycle has chosen dod_mousekitchen_ed for the nextmap.
L 07/03/2020 - 11:29:00: [mapchooser.smx] Voting for next map has started.
L 07/03/2020 - 11:33:01: [SM] Changed map to "acc_labice"
L 07/03/2020 - 11:33:01: [SM] Changed map to "acc_labice"
L 07/03/2020 - 11:33:02: -------- Mapchange to acc_labice --------
L 07/03/2020 - 11:33:04: -------- Mapchange to acc_labice --------
L 07/03/2020 - 11:33:09: [randomcycle.smx] RandomCycle has chosen dod_beer_circus for the nextmap.
L 07/03/2020 - 11:40:02: [mapchooser.smx] Voting for next map has started.
L 07/03/2020 - 11:44:03: [SM] Changed map to "dod_donner"
L 07/03/2020 - 11:44:03: [SM] Changed map to "dod_donner"
L 07/03/2020 - 11:44:05: -------- Mapchange to dod_donner --------
L 07/03/2020 - 11:44:07: -------- Mapchange to dod_donner --------
L 07/03/2020 - 11:44:13: [randomcycle.smx] RandomCycle has chosen dod_aimap_b1 for the nextmap.
L 07/03/2020 - 11:51:06: [mapchooser.smx] Voting for next map has started.
L 07/03/2020 - 11:55:07: [SM] Changed map to "dod_sniperarena_dgs2"
L 07/03/2020 - 11:55:07: [SM] Changed map to "dod_sniperarena_dgs2"
L 07/03/2020 - 11:55:08: -------- Mapchange to dod_sniperarena_dgs2 --------
L 07/03/2020 - 11:55:10: -------- Mapchange to dod_sniperarena_dgs2 --------
L 07/03/2020 - 11:55:15: [randomcycle.smx] RandomCycle has chosen dod_dust2_snow_xmas for the nextmap.
L 07/03/2020 - 12:02:08: [mapchooser.smx] Voting for next map has started.
L 07/03/2020 - 12:06:09: [SM] Changed map to "dod_legoland_b2"
L 07/03/2020 - 12:06:09: [SM] Changed map to "dod_legoland_b2"
L 07/03/2020 - 12:06:11: -------- Mapchange to dod_legoland_b2 --------
L 07/03/2020 - 12:06:12: -------- Mapchange to dod_legoland_b2 --------
L 07/03/2020 - 12:06:18: [randomcycle.smx] RandomCycle has chosen dod_orange_damier_v2 for the nextmap.
L 07/03/2020 - 12:13:11: [mapchooser.smx] Voting for next map has started.
L 07/03/2020 - 12:17:12: [SM] Changed map to "dod_dli_football_b1"
L 07/03/2020 - 12:17:12: [SM] Changed map to "dod_dli_football_b1"
L 07/03/2020 - 12:17:13: -------- Mapchange to dod_dli_football_b1 --------
L 07/03/2020 - 12:17:15: -------- Mapchange to dod_dli_football_b1 --------
L 07/03/2020 - 12:17:21: [randomcycle.smx] RandomCycle has chosen dod_oasis_v1a for the nextmap.
L 07/03/2020 - 12:24:14: [mapchooser.smx] Voting for next map has started.
L 07/03/2020 - 12:28:15: [SM] Changed map to "dod_sniper_killbox_v2"
L 07/03/2020 - 12:28:15: [SM] Changed map to "dod_sniper_killbox_v2"
L 07/03/2020 - 12:28:16: -------- Mapchange to dod_sniper_killbox_v2 --------
L 07/03/2020 - 12:28:18: -------- Mapchange to dod_sniper_killbox_v2 --------
L 07/03/2020 - 12:28:24: [randomcycle.smx] RandomCycle has chosen dod_chocolate_fight_arena for the nextmap.
L 07/03/2020 - 12:35:17: [mapchooser.smx] Voting for next map has started.
L 07/03/2020 - 12:39:18: [SM] Changed map to "dod_risk_b9"
L 07/03/2020 - 12:39:18: [SM] Changed map to "dod_risk_b9"
L 07/03/2020 - 12:39:20: -------- Mapchange to dod_risk_b9 --------
L 07/03/2020 - 12:39:24: -------- Mapchange to dod_risk_b9 --------
L 07/03/2020 - 12:39:29: [randomcycle.smx] RandomCycle has chosen dod_sniper_wars_beta for the nextmap.
L 07/03/2020 - 12:46:22: [mapchooser.smx] Voting for next map has started.
L 07/03/2020 - 12:50:24: [SM] Changed map to "dod_rats"
L 07/03/2020 - 12:50:24: [SM] Changed map to "dod_rats"
L 07/03/2020 - 12:50:25: -------- Mapchange to dod_rats --------
L 07/03/2020 - 12:50:27: -------- Mapchange to dod_rats --------
L 07/03/2020 - 12:50:33: [randomcycle.smx] RandomCycle has chosen dod_donner for the nextmap.
L 07/03/2020 - 12:57:26: [mapchooser.smx] Voting for next map has started.
L 07/03/2020 - 13:01:27: [SM] Changed map to "dod_dli_football_b1"
L 07/03/2020 - 13:01:27: [SM] Changed map to "dod_dli_football_b1"
L 07/03/2020 - 13:01:28: -------- Mapchange to dod_dli_football_b1 --------
L 07/03/2020 - 13:01:30: -------- Mapchange to dod_dli_football_b1 --------
L 07/03/2020 - 13:01:36: [randomcycle.smx] RandomCycle has chosen sniperzone for the nextmap.
L 07/03/2020 - 13:08:29: [mapchooser.smx] Voting for next map has started.
L 07/03/2020 - 13:12:30: [SM] Changed map to "dod_sand_rats_2006"
L 07/03/2020 - 13:12:30: [SM] Changed map to "dod_sand_rats_2006"
L 07/03/2020 - 13:12:31: -------- Mapchange to dod_sand_rats_2006 --------
L 07/03/2020 - 13:12:33: -------- Mapchange to dod_sand_rats_2006 --------
L 07/03/2020 - 13:12:39: [randomcycle.smx] RandomCycle has chosen dod_sniper_killbox_v2 for the nextmap.
L 07/03/2020 - 13:19:32: [mapchooser.smx] Voting for next map has started.
L 07/03/2020 - 13:23:33: [SM] Changed map to "dod_bigbunky_v4"
L 07/03/2020 - 13:23:33: [SM] Changed map to "dod_bigbunky_v4"
L 07/03/2020 - 13:23:34: -------- Mapchange to dod_bigbunky_v4 --------
L 07/03/2020 - 13:23:36: -------- Mapchange to dod_bigbunky_v4 --------
L 07/03/2020 - 13:23:42: [randomcycle.smx] RandomCycle has chosen dod_rats for the nextmap.
L 07/03/2020 - 13:30:35: [mapchooser.smx] Voting for next map has started.
L 07/03/2020 - 13:34:36: [SM] Changed map to "dod_orange_wallhack"
L 07/03/2020 - 13:34:36: [SM] Changed map to "dod_orange_wallhack"
L 07/03/2020 - 13:34:37: -------- Mapchange to dod_orange_wallhack --------
L 07/03/2020 - 13:34:39: -------- Mapchange to dod_orange_wallhack --------
L 07/03/2020 - 13:34:45: [randomcycle.smx] RandomCycle has chosen dod_dli_football_b1 for the nextmap.
L 07/03/2020 - 13:41:38: [mapchooser.smx] Voting for next map has started.
L 07/03/2020 - 13:45:39: [SM] Changed map to "dod_bunky2_modified"
L 07/03/2020 - 13:45:39: [SM] Changed map to "dod_bunky2_modified"
L 07/03/2020 - 13:45:40: -------- Mapchange to dod_bunky2_modified --------
L 07/03/2020 - 13:45:42: -------- Mapchange to dod_bunky2_modified --------
L 07/03/2020 - 13:45:48: [randomcycle.smx] RandomCycle has chosen babyfight_arena for the nextmap.
L 07/03/2020 - 13:52:41: [mapchooser.smx] Voting for next map has started.
L 07/03/2020 - 13:56:42: [SM] Changed map to "dod_sniperarena_dgs2"
L 07/03/2020 - 13:56:42: [SM] Changed map to "dod_sniperarena_dgs2"
L 07/03/2020 - 13:56:43: -------- Mapchange to dod_sniperarena_dgs2 --------
L 07/03/2020 - 13:56:45: -------- Mapchange to dod_sniperarena_dgs2 --------
L 07/03/2020 - 13:56:51: [randomcycle.smx] RandomCycle has chosen dod_mousekitchen_ed for the nextmap.
L 07/03/2020 - 14:03:44: [mapchooser.smx] Voting for next map has started.
L 07/03/2020 - 14:07:45: [SM] Changed map to "dod_cdc_rats_rm"
L 07/03/2020 - 14:07:45: [SM] Changed map to "dod_cdc_rats_rm"
L 07/03/2020 - 14:07:46: -------- Mapchange to dod_cdc_rats_rm --------
L 07/03/2020 - 14:07:48: -------- Mapchange to dod_cdc_rats_rm --------
L 07/03/2020 - 14:07:54: [randomcycle.smx] RandomCycle has chosen dod_sewer_rats_b1 for the nextmap.
L 07/03/2020 - 14:14:47: [mapchooser.smx] Voting for next map has started.
L 07/03/2020 - 14:18:48: [SM] Changed map to "dod_chocolate_fight_arena"
L 07/03/2020 - 14:18:48: [SM] Changed map to "dod_chocolate_fight_arena"
L 07/03/2020 - 14:18:49: -------- Mapchange to dod_chocolate_fight_arena --------
L 07/03/2020 - 14:18:51: -------- Mapchange to dod_chocolate_fight_arena --------
L 07/03/2020 - 14:18:57: [randomcycle.smx] RandomCycle has chosen dod_fullhouse for the nextmap.
L 07/03/2020 - 14:25:50: [mapchooser.smx] Voting for next map has started.
L 07/03/2020 - 14:29:51: [SM] Changed map to "dod_murky_p2"
L 07/03/2020 - 14:29:51: [SM] Changed map to "dod_murky_p2"
L 07/03/2020 - 14:29:52: -------- Mapchange to dod_murky_p2 --------
L 07/03/2020 - 14:29:54: -------- Mapchange to dod_murky_p2 --------
L 07/03/2020 - 14:30:00: [randomcycle.smx] RandomCycle has chosen dod_anzio for the nextmap.
L 07/03/2020 - 14:36:53: [mapchooser.smx] Voting for next map has started.
L 07/03/2020 - 14:40:54: [SM] Changed map to "babyfight_arena"
L 07/03/2020 - 14:40:54: [SM] Changed map to "babyfight_arena"
L 07/03/2020 - 14:40:55: -------- Mapchange to babyfight_arena --------
L 07/03/2020 - 14:40:57: -------- Mapchange to babyfight_arena --------
L 07/03/2020 - 14:41:03: [randomcycle.smx] RandomCycle has chosen acc_labice for the nextmap.
L 07/03/2020 - 14:47:56: [mapchooser.smx] Voting for next map has started.
L 07/03/2020 - 14:51:57: [SM] Changed map to "dod_cdc_rats_rm"
L 07/03/2020 - 14:51:57: [SM] Changed map to "dod_cdc_rats_rm"
L 07/03/2020 - 14:51:58: -------- Mapchange to dod_cdc_rats_rm --------
L 07/03/2020 - 14:52:01: -------- Mapchange to dod_cdc_rats_rm --------
L 07/03/2020 - 14:52:06: [randomcycle.smx] RandomCycle has chosen cdcmarijuana! for the nextmap.
L 07/03/2020 - 14:58:59: [mapchooser.smx] Voting for next map has started.
L 07/03/2020 - 15:03:00: [SM] Changed map to "dod_dli_football_b1"
L 07/03/2020 - 15:03:00: [SM] Changed map to "dod_dli_football_b1"
L 07/03/2020 - 15:03:02: -------- Mapchange to dod_dli_football_b1 --------
L 07/03/2020 - 15:03:04: -------- Mapchange to dod_dli_football_b1 --------
L 07/03/2020 - 15:03:09: [randomcycle.smx] RandomCycle has chosen dod_avalanche for the nextmap.
L 07/03/2020 - 15:10:02: [mapchooser.smx] Voting for next map has started.
L 07/03/2020 - 15:14:03: [SM] Changed map to "dod_beer_circus"
L 07/03/2020 - 15:14:03: [SM] Changed map to "dod_beer_circus"
L 07/03/2020 - 15:14:13: -------- Mapchange to dod_beer_circus --------
L 07/03/2020 - 15:14:23: -------- Mapchange to dod_beer_circus --------
L 07/03/2020 - 15:14:29: [randomcycle.smx] RandomCycle has chosen dod_orange_damier_v2 for the nextmap.
L 07/03/2020 - 15:21:22: [mapchooser.smx] Voting for next map has started.
L 07/03/2020 - 15:25:23: [SM] Changed map to "dod_legoland_b2"
L 07/03/2020 - 15:25:23: [SM] Changed map to "dod_legoland_b2"
L 07/03/2020 - 15:25:25: -------- Mapchange to dod_legoland_b2 --------
L 07/03/2020 - 15:25:27: -------- Mapchange to dod_legoland_b2 --------
L 07/03/2020 - 15:25:32: [randomcycle.smx] RandomCycle has chosen dod_sand_rats_2006 for the nextmap.
L 07/03/2020 - 15:32:25: [mapchooser.smx] Voting for next map has started.
L 07/03/2020 - 15:36:26: [SM] Changed map to "dod_sniper_wars_beta"
L 07/03/2020 - 15:36:26: [SM] Changed map to "dod_sniper_wars_beta"
L 07/03/2020 - 15:36:28: -------- Mapchange to dod_sniper_wars_beta --------
L 07/03/2020 - 15:36:30: -------- Mapchange to dod_sniper_wars_beta --------
L 07/03/2020 - 15:36:36: [randomcycle.smx] RandomCycle has chosen dod_flash for the nextmap.
L 07/03/2020 - 15:43:29: [mapchooser.smx] Voting for next map has started.
L 07/03/2020 - 15:47:30: [SM] Changed map to "dod_orange_damier_v2"
L 07/03/2020 - 15:47:30: [SM] Changed map to "dod_orange_damier_v2"
L 07/03/2020 - 15:47:31: -------- Mapchange to dod_orange_damier_v2 --------
L 07/03/2020 - 15:47:33: -------- Mapchange to dod_orange_damier_v2 --------
L 07/03/2020 - 15:47:39: [randomcycle.smx] RandomCycle has chosen dod_donner for the nextmap.
L 07/03/2020 - 15:54:32: [mapchooser.smx] Voting for next map has started.
L 07/03/2020 - 15:58:33: [SM] Changed map to "dod_4pyramides"
L 07/03/2020 - 15:58:33: [SM] Changed map to "dod_4pyramides"
L 07/03/2020 - 15:58:35: -------- Mapchange to dod_4pyramides --------
L 07/03/2020 - 15:58:37: -------- Mapchange to dod_4pyramides --------
L 07/03/2020 - 15:58:43: [randomcycle.smx] RandomCycle has chosen sniperzone for the nextmap.
L 07/03/2020 - 16:05:36: [mapchooser.smx] Voting for next map has started.
L 07/03/2020 - 16:09:37: [SM] Changed map to "babyfight_arena"
L 07/03/2020 - 16:09:37: [SM] Changed map to "babyfight_arena"
L 07/03/2020 - 16:09:38: -------- Mapchange to babyfight_arena --------
L 07/03/2020 - 16:09:40: -------- Mapchange to babyfight_arena --------
L 07/03/2020 - 16:09:46: [randomcycle.smx] RandomCycle has chosen dod_jagd for the nextmap.
L 07/03/2020 - 16:16:39: [mapchooser.smx] Voting for next map has started.
L 07/03/2020 - 16:20:40: [SM] Changed map to "cdcmarijuana!"
L 07/03/2020 - 16:20:40: [SM] Changed map to "cdcmarijuana!"
L 07/03/2020 - 16:20:42: -------- Mapchange to cdcmarijuana! --------
L 07/03/2020 - 16:20:44: -------- Mapchange to cdcmarijuana! --------
L 07/03/2020 - 16:20:49: [randomcycle.smx] RandomCycle has chosen dod_oasis_v1a for the nextmap.
L 07/03/2020 - 16:27:42: [mapchooser.smx] Voting for next map has started.
L 07/03/2020 - 16:31:44: [SM] Changed map to "dod_kalt"
L 07/03/2020 - 16:31:44: [SM] Changed map to "dod_kalt"
L 07/03/2020 - 16:31:46: -------- Mapchange to dod_kalt --------
L 07/03/2020 - 16:31:48: -------- Mapchange to dod_kalt --------
L 07/03/2020 - 16:31:54: [randomcycle.smx] RandomCycle has chosen dod_dust2_snow_xmas for the nextmap.
L 07/03/2020 - 16:38:47: [mapchooser.smx] Voting for next map has started.
L 07/03/2020 - 16:42:48: [SM] Changed map to "dod_jagd"
L 07/03/2020 - 16:42:48: [SM] Changed map to "dod_jagd"
L 07/03/2020 - 16:42:51: -------- Mapchange to dod_jagd --------
L 07/03/2020 - 16:42:54: -------- Mapchange to dod_jagd --------
L 07/03/2020 - 16:43:00: [randomcycle.smx] RandomCycle has chosen dod_orange_cancrelats for the nextmap.
L 07/03/2020 - 16:49:53: [mapchooser.smx] Voting for next map has started.
L 07/03/2020 - 16:53:54: [SM] Changed map to "dod_dli_football_b1"
L 07/03/2020 - 16:53:54: [SM] Changed map to "dod_dli_football_b1"
L 07/03/2020 - 16:53:55: -------- Mapchange to dod_dli_football_b1 --------
L 07/03/2020 - 16:53:58: -------- Mapchange to dod_dli_football_b1 --------
L 07/03/2020 - 16:54:03: [randomcycle.smx] RandomCycle has chosen dod_4pyramides for the nextmap.
L 07/03/2020 - 17:00:56: [mapchooser.smx] Voting for next map has started.
L 07/03/2020 - 17:04:57: [SM] Changed map to "dod_sewer_rats_b1"
L 07/03/2020 - 17:04:57: [SM] Changed map to "dod_sewer_rats_b1"
L 07/03/2020 - 17:04:59: -------- Mapchange to dod_sewer_rats_b1 --------
L 07/03/2020 - 17:05:01: -------- Mapchange to dod_sewer_rats_b1 --------
L 07/03/2020 - 17:05:07: [randomcycle.smx] RandomCycle has chosen dod_avalanche for the nextmap.
L 07/03/2020 - 17:12:00: [mapchooser.smx] Voting for next map has started.
L 07/03/2020 - 17:16:01: [SM] Changed map to "dod_sniper_wars_beta"
L 07/03/2020 - 17:16:01: [SM] Changed map to "dod_sniper_wars_beta"
L 07/03/2020 - 17:16:03: -------- Mapchange to dod_sniper_wars_beta --------
L 07/03/2020 - 17:16:05: -------- Mapchange to dod_sniper_wars_beta --------
L 07/03/2020 - 17:16:11: [randomcycle.smx] RandomCycle has chosen dod_dli_football_b1 for the nextmap.
L 07/03/2020 - 17:23:04: [mapchooser.smx] Voting for next map has started.
L 07/03/2020 - 17:27:05: [SM] Changed map to "dod_fullhouse"
L 07/03/2020 - 17:27:05: [SM] Changed map to "dod_fullhouse"
L 07/03/2020 - 17:27:06: -------- Mapchange to dod_fullhouse --------
L 07/03/2020 - 17:27:09: -------- Mapchange to dod_fullhouse --------
L 07/03/2020 - 17:27:14: [randomcycle.smx] RandomCycle has chosen dod_bunky2_modified for the nextmap.
L 07/03/2020 - 17:34:07: [mapchooser.smx] Voting for next map has started.
L 07/03/2020 - 17:38:09: [SM] Changed map to "dod_mousekitchen_ed"
L 07/03/2020 - 17:38:09: [SM] Changed map to "dod_mousekitchen_ed"
L 07/03/2020 - 17:38:10: -------- Mapchange to dod_mousekitchen_ed --------
L 07/03/2020 - 17:38:13: -------- Mapchange to dod_mousekitchen_ed --------
L 07/03/2020 - 17:38:18: [randomcycle.smx] RandomCycle has chosen babyfight_arena for the nextmap.
L 07/03/2020 - 17:45:11: [mapchooser.smx] Voting for next map has started.
L 07/03/2020 - 17:49:12: [SM] Changed map to "dod_argentan"
L 07/03/2020 - 17:49:12: [SM] Changed map to "dod_argentan"
L 07/03/2020 - 17:49:14: -------- Mapchange to dod_argentan --------
L 07/03/2020 - 17:49:17: -------- Mapchange to dod_argentan --------
L 07/03/2020 - 17:49:23: [randomcycle.smx] RandomCycle has chosen dod_sniper_killbox_v2 for the nextmap.
L 07/03/2020 - 17:56:16: [mapchooser.smx] Voting for next map has started.
L 07/03/2020 - 18:00:17: [SM] Changed map to "dod_jagd"
L 07/03/2020 - 18:00:17: [SM] Changed map to "dod_jagd"
L 07/03/2020 - 18:00:20: -------- Mapchange to dod_jagd --------
L 07/03/2020 - 18:00:23: -------- Mapchange to dod_jagd --------
L 07/03/2020 - 18:00:29: [randomcycle.smx] RandomCycle has chosen dod_rats for the nextmap.
L 07/03/2020 - 18:07:22: [mapchooser.smx] Voting for next map has started.
L 07/03/2020 - 18:11:23: [SM] Changed map to "dod_avalanche@night"
L 07/03/2020 - 18:11:23: [SM] Changed map to "dod_avalanche@night"
L 07/03/2020 - 18:11:25: -------- Mapchange to dod_avalanche@night --------
L 07/03/2020 - 18:11:27: -------- Mapchange to dod_avalanche@night --------
L 07/03/2020 - 18:11:33: [randomcycle.smx] RandomCycle has chosen dod_iceworld_final_[bds]_doc for the nextmap.
L 07/03/2020 - 18:18:26: [mapchooser.smx] Voting for next map has started.
L 07/03/2020 - 18:22:27: [SM] Changed map to "dod_dust2_snow_xmas"
L 07/03/2020 - 18:22:27: [SM] Changed map to "dod_dust2_snow_xmas"
L 07/03/2020 - 18:22:29: -------- Mapchange to dod_dust2_snow_xmas --------
L 07/03/2020 - 18:22:32: -------- Mapchange to dod_dust2_snow_xmas --------
L 07/03/2020 - 18:22:37: [randomcycle.smx] RandomCycle has chosen dod_avalanche@night for the nextmap.
L 07/03/2020 - 18:29:31: [mapchooser.smx] Voting for next map has started.
L 07/03/2020 - 18:33:32: [SM] Changed map to "dod_4pyramides"
L 07/03/2020 - 18:33:32: [SM] Changed map to "dod_4pyramides"
L 07/03/2020 - 18:33:33: -------- Mapchange to dod_4pyramides --------
L 07/03/2020 - 18:33:36: -------- Mapchange to dod_4pyramides --------
L 07/03/2020 - 18:33:42: [randomcycle.smx] RandomCycle has chosen dod_orange_wallhack for the nextmap.
L 07/03/2020 - 18:40:35: [mapchooser.smx] Voting for next map has started.
L 07/03/2020 - 18:44:36: [SM] Changed map to "dod_iceworld_final_[bds]_doc"
L 07/03/2020 - 18:44:36: [SM] Changed map to "dod_iceworld_final_[bds]_doc"
L 07/03/2020 - 18:44:37: -------- Mapchange to dod_iceworld_final_[bds]_doc --------
L 07/03/2020 - 18:44:40: -------- Mapchange to dod_iceworld_final_[bds]_doc --------
L 07/03/2020 - 18:44:45: [randomcycle.smx] RandomCycle has chosen dod_jagd for the nextmap.
L 07/03/2020 - 18:51:38: [mapchooser.smx] Voting for next map has started.
L 07/03/2020 - 18:55:39: [SM] Changed map to "dod_beer_circus"
L 07/03/2020 - 18:55:39: [SM] Changed map to "dod_beer_circus"
L 07/03/2020 - 18:55:49: -------- Mapchange to dod_beer_circus --------
L 07/03/2020 - 18:56:00: -------- Mapchange to dod_beer_circus --------
L 07/03/2020 - 18:56:05: [randomcycle.smx] RandomCycle has chosen dod_risk_b9 for the nextmap.
L 07/03/2020 - 19:02:59: [mapchooser.smx] Voting for next map has started.
L 07/03/2020 - 19:06:59: [SM] Changed map to "dod_argentan"
L 07/03/2020 - 19:06:59: [SM] Changed map to "dod_argentan"
L 07/03/2020 - 19:07:01: -------- Mapchange to dod_argentan --------
L 07/03/2020 - 19:07:04: -------- Mapchange to dod_argentan --------
L 07/03/2020 - 19:07:10: [randomcycle.smx] RandomCycle has chosen dod_orange_bridges for the nextmap.
L 07/03/2020 - 19:14:03: [mapchooser.smx] Voting for next map has started.
L 07/03/2020 - 19:18:04: [SM] Changed map to "dod_orange_sniper"
L 07/03/2020 - 19:18:04: [SM] Changed map to "dod_orange_sniper"
L 07/03/2020 - 19:18:06: -------- Mapchange to dod_orange_sniper --------
L 07/03/2020 - 19:18:08: -------- Mapchange to dod_orange_sniper --------
L 07/03/2020 - 19:18:14: [randomcycle.smx] RandomCycle has chosen dod_avalanche for the nextmap.
L 07/03/2020 - 19:25:07: [mapchooser.smx] Voting for next map has started.
L 07/03/2020 - 19:29:08: [SM] Changed map to "dod_kalt"
L 07/03/2020 - 19:29:08: [SM] Changed map to "dod_kalt"
L 07/03/2020 - 19:29:10: -------- Mapchange to dod_kalt --------
L 07/03/2020 - 19:29:13: -------- Mapchange to dod_kalt --------
L 07/03/2020 - 19:29:19: [randomcycle.smx] RandomCycle has chosen dod_sniperarena_dgs2 for the nextmap.
L 07/03/2020 - 19:36:12: [mapchooser.smx] Voting for next map has started.
L 07/03/2020 - 19:40:13: [SM] Changed map to "dod_orange_cancrelats"
L 07/03/2020 - 19:40:13: [SM] Changed map to "dod_orange_cancrelats"
L 07/03/2020 - 19:40:14: -------- Mapchange to dod_orange_cancrelats --------
L 07/03/2020 - 19:40:17: -------- Mapchange to dod_orange_cancrelats --------
L 07/03/2020 - 19:40:23: [randomcycle.smx] RandomCycle has chosen dod_solitude_rats for the nextmap.
L 07/03/2020 - 19:47:16: [mapchooser.smx] Voting for next map has started.
L 07/03/2020 - 19:51:17: [SM] Changed map to "dod_orange_castel_evolution"
L 07/03/2020 - 19:51:17: [SM] Changed map to "dod_orange_castel_evolution"
L 07/03/2020 - 19:51:18: -------- Mapchange to dod_orange_castel_evolution --------
L 07/03/2020 - 19:51:21: -------- Mapchange to dod_orange_castel_evolution --------
L 07/03/2020 - 19:51:27: [randomcycle.smx] RandomCycle has chosen dod_sucette_v3 for the nextmap.
L 07/03/2020 - 19:58:20: [mapchooser.smx] Voting for next map has started.
L 07/03/2020 - 20:02:21: [SM] Changed map to "dod_avalanche@night"
L 07/03/2020 - 20:02:21: [SM] Changed map to "dod_avalanche@night"
L 07/03/2020 - 20:02:23: -------- Mapchange to dod_avalanche@night --------
L 07/03/2020 - 20:02:25: -------- Mapchange to dod_avalanche@night --------
L 07/03/2020 - 20:02:31: [randomcycle.smx] RandomCycle has chosen sniperzone for the nextmap.
L 07/03/2020 - 20:09:24: [mapchooser.smx] Voting for next map has started.
L 07/03/2020 - 20:13:25: [SM] Changed map to "dod_avalanche"
L 07/03/2020 - 20:13:25: [SM] Changed map to "dod_avalanche"
L 07/03/2020 - 20:13:27: -------- Mapchange to dod_avalanche --------
L 07/03/2020 - 20:13:30: -------- Mapchange to dod_avalanche --------
L 07/03/2020 - 20:13:36: [randomcycle.smx] RandomCycle has chosen dod_orange_damier_v2 for the nextmap.
L 07/03/2020 - 20:20:29: [mapchooser.smx] Voting for next map has started.
L 07/03/2020 - 20:24:30: [SM] Changed map to "acc_labice"
L 07/03/2020 - 20:24:30: [SM] Changed map to "acc_labice"
L 07/03/2020 - 20:24:32: -------- Mapchange to acc_labice --------
L 07/03/2020 - 20:24:34: -------- Mapchange to acc_labice --------
L 07/03/2020 - 20:24:40: [randomcycle.smx] RandomCycle has chosen dod_mousekitchen_ed for the nextmap.
L 07/03/2020 - 20:31:33: [mapchooser.smx] Voting for next map has started.
L 07/03/2020 - 20:35:34: [SM] Changed map to "dod_murky_p2"
L 07/03/2020 - 20:35:34: [SM] Changed map to "dod_murky_p2"
L 07/03/2020 - 20:35:36: -------- Mapchange to dod_murky_p2 --------
L 07/03/2020 - 20:35:39: -------- Mapchange to dod_murky_p2 --------
L 07/03/2020 - 20:35:44: [randomcycle.smx] RandomCycle has chosen dod_football_a for the nextmap.
L 07/03/2020 - 20:42:37: [mapchooser.smx] Voting for next map has started.
L 07/03/2020 - 20:46:38: [SM] Changed map to "dod_donner"
L 07/03/2020 - 20:46:38: [SM] Changed map to "dod_donner"
L 07/03/2020 - 20:46:40: -------- Mapchange to dod_donner --------
L 07/03/2020 - 20:46:43: -------- Mapchange to dod_donner --------
L 07/03/2020 - 20:46:49: [randomcycle.smx] RandomCycle has chosen dod_argentan for the nextmap.
L 07/03/2020 - 20:53:42: [mapchooser.smx] Voting for next map has started.
L 07/03/2020 - 20:57:43: [SM] Changed map to "dod_mousekitchen_ed"
L 07/03/2020 - 20:57:43: [SM] Changed map to "dod_mousekitchen_ed"
L 07/03/2020 - 20:57:45: -------- Mapchange to dod_mousekitchen_ed --------
L 07/03/2020 - 20:57:48: -------- Mapchange to dod_mousekitchen_ed --------
L 07/03/2020 - 20:57:54: [randomcycle.smx] RandomCycle has chosen babyfight_arena for the nextmap.
L 07/03/2020 - 21:04:47: [mapchooser.smx] Voting for next map has started.
L 07/03/2020 - 21:08:48: [SM] Changed map to "dod_dli_football_b1"
L 07/03/2020 - 21:08:48: [SM] Changed map to "dod_dli_football_b1"
L 07/03/2020 - 21:08:49: -------- Mapchange to dod_dli_football_b1 --------
L 07/03/2020 - 21:08:52: -------- Mapchange to dod_dli_football_b1 --------
L 07/03/2020 - 21:08:58: [randomcycle.smx] RandomCycle has chosen dod_murky_p2 for the nextmap.
L 07/03/2020 - 21:15:51: [mapchooser.smx] Voting for next map has started.
L 07/03/2020 - 21:19:52: [SM] Changed map to "dod_jagd"
L 07/03/2020 - 21:19:52: [SM] Changed map to "dod_jagd"
L 07/03/2020 - 21:19:55: -------- Mapchange to dod_jagd --------
L 07/03/2020 - 21:19:59: -------- Mapchange to dod_jagd --------
L 07/03/2020 - 21:20:05: [randomcycle.smx] RandomCycle has chosen dod_cdc_rats_rm for the nextmap.
L 07/03/2020 - 21:26:58: [mapchooser.smx] Voting for next map has started.
L 07/03/2020 - 21:30:59: [SM] Changed map to "dod_bunky2_modified"
L 07/03/2020 - 21:30:59: [SM] Changed map to "dod_bunky2_modified"
L 07/03/2020 - 21:31:00: -------- Mapchange to dod_bunky2_modified --------
L 07/03/2020 - 21:31:03: -------- Mapchange to dod_bunky2_modified --------
L 07/03/2020 - 21:31:09: [randomcycle.smx] RandomCycle has chosen dod_fullhouse for the nextmap.
L 07/03/2020 - 21:38:02: [mapchooser.smx] Voting for next map has started.
L 07/03/2020 - 21:42:03: [SM] Changed map to "dod_orange_cancrelats"
L 07/03/2020 - 21:42:03: [SM] Changed map to "dod_orange_cancrelats"
L 07/03/2020 - 21:42:05: -------- Mapchange to dod_orange_cancrelats --------
L 07/03/2020 - 21:42:07: -------- Mapchange to dod_orange_cancrelats --------
L 07/03/2020 - 21:42:13: [randomcycle.smx] RandomCycle has chosen dod_risk_b9 for the nextmap.
L 07/03/2020 - 21:49:06: [mapchooser.smx] Voting for next map has started.
L 07/03/2020 - 21:53:07: [SM] Changed map to "dod_aimap_b1"
L 07/03/2020 - 21:53:07: [SM] Changed map to "dod_aimap_b1"
L 07/03/2020 - 21:53:09: -------- Mapchange to dod_aimap_b1 --------
L 07/03/2020 - 21:53:12: -------- Mapchange to dod_aimap_b1 --------
L 07/03/2020 - 21:53:18: [randomcycle.smx] RandomCycle has chosen dod_flash for the nextmap.
L 07/03/2020 - 22:00:11: [mapchooser.smx] Voting for next map has started.
L 07/03/2020 - 22:04:12: [SM] Changed map to "dod_monopoly_source"
L 07/03/2020 - 22:04:12: [SM] Changed map to "dod_monopoly_source"
L 07/03/2020 - 22:04:13: -------- Mapchange to dod_monopoly_source --------
L 07/03/2020 - 22:04:16: -------- Mapchange to dod_monopoly_source --------
L 07/03/2020 - 22:04:22: [randomcycle.smx] RandomCycle has chosen sniperzone for the nextmap.
L 07/03/2020 - 22:11:15: [mapchooser.smx] Voting for next map has started.
L 07/03/2020 - 22:15:16: [SM] Changed map to "dod_sewer_rats_b1"
L 07/03/2020 - 22:15:16: [SM] Changed map to "dod_sewer_rats_b1"
L 07/03/2020 - 22:15:18: -------- Mapchange to dod_sewer_rats_b1 --------
L 07/03/2020 - 22:15:20: -------- Mapchange to dod_sewer_rats_b1 --------
L 07/03/2020 - 22:15:26: [randomcycle.smx] RandomCycle has chosen dod_orange_cancrelats for the nextmap.
L 07/03/2020 - 22:22:19: [mapchooser.smx] Voting for next map has started.
L 07/03/2020 - 22:26:20: [SM] Changed map to "dod_fullhouse"
L 07/03/2020 - 22:26:20: [SM] Changed map to "dod_fullhouse"
L 07/03/2020 - 22:26:22: -------- Mapchange to dod_fullhouse --------
L 07/03/2020 - 22:26:25: -------- Mapchange to dod_fullhouse --------
L 07/03/2020 - 22:26:31: [randomcycle.smx] RandomCycle has chosen dod_4pyramides for the nextmap.
L 07/03/2020 - 22:33:24: [mapchooser.smx] Voting for next map has started.
L 07/03/2020 - 22:37:25: [SM] Changed map to "dod_argentan"
L 07/03/2020 - 22:37:25: [SM] Changed map to "dod_argentan"
L 07/03/2020 - 22:37:27: -------- Mapchange to dod_argentan --------
L 07/03/2020 - 22:37:31: -------- Mapchange to dod_argentan --------
L 07/03/2020 - 22:37:37: [randomcycle.smx] RandomCycle has chosen dod_legoland_b2 for the nextmap.
L 07/03/2020 - 22:44:30: [mapchooser.smx] Voting for next map has started.
L 07/03/2020 - 22:48:31: [SM] Changed map to "dod_iceworld_final_[bds]_doc"
L 07/03/2020 - 22:48:31: [SM] Changed map to "dod_iceworld_final_[bds]_doc"
L 07/03/2020 - 22:48:32: -------- Mapchange to dod_iceworld_final_[bds]_doc --------
L 07/03/2020 - 22:48:35: -------- Mapchange to dod_iceworld_final_[bds]_doc --------
L 07/03/2020 - 22:48:41: [randomcycle.smx] RandomCycle has chosen dod_dli_football_b1 for the nextmap.
L 07/03/2020 - 22:55:34: [mapchooser.smx] Voting for next map has started.
L 07/03/2020 - 22:59:35: [SM] Changed map to "dod_oasis_v1a"
L 07/03/2020 - 22:59:35: [SM] Changed map to "dod_oasis_v1a"
L 07/03/2020 - 22:59:37: -------- Mapchange to dod_oasis_v1a --------
L 07/03/2020 - 22:59:40: -------- Mapchange to dod_oasis_v1a --------
L 07/03/2020 - 22:59:46: [randomcycle.smx] RandomCycle has chosen dod_rats for the nextmap.
L 07/03/2020 - 23:06:39: [mapchooser.smx] Voting for next map has started.
L 07/03/2020 - 23:10:40: [SM] Changed map to "dod_mousekitchen_ed"
L 07/03/2020 - 23:10:40: [SM] Changed map to "dod_mousekitchen_ed"
L 07/03/2020 - 23:10:42: -------- Mapchange to dod_mousekitchen_ed --------
L 07/03/2020 - 23:10:45: -------- Mapchange to dod_mousekitchen_ed --------
L 07/03/2020 - 23:10:51: [randomcycle.smx] RandomCycle has chosen dod_aimap_b1 for the nextmap.
L 07/03/2020 - 23:17:44: [mapchooser.smx] Voting for next map has started.
L 07/03/2020 - 23:21:45: [SM] Changed map to "dod_chocolate_fight_arena"
L 07/03/2020 - 23:21:45: [SM] Changed map to "dod_chocolate_fight_arena"
L 07/03/2020 - 23:21:47: -------- Mapchange to dod_chocolate_fight_arena --------
L 07/03/2020 - 23:21:50: -------- Mapchange to dod_chocolate_fight_arena --------
L 07/03/2020 - 23:21:56: [randomcycle.smx] RandomCycle has chosen dod_anzio for the nextmap.
L 07/03/2020 - 23:28:49: [mapchooser.smx] Voting for next map has started.
L 07/03/2020 - 23:32:50: [SM] Changed map to "dod_sniper_wars_beta"
L 07/03/2020 - 23:32:50: [SM] Changed map to "dod_sniper_wars_beta"
L 07/03/2020 - 23:32:52: -------- Mapchange to dod_sniper_wars_beta --------
L 07/03/2020 - 23:32:54: -------- Mapchange to dod_sniper_wars_beta --------
L 07/03/2020 - 23:33:00: [randomcycle.smx] RandomCycle has chosen dod_bunky2_modified for the nextmap.
L 07/03/2020 - 23:39:53: [mapchooser.smx] Voting for next map has started.
L 07/03/2020 - 23:43:54: [SM] Changed map to "dod_football_a"
L 07/03/2020 - 23:43:54: [SM] Changed map to "dod_football_a"
L 07/03/2020 - 23:43:56: -------- Mapchange to dod_football_a --------
L 07/03/2020 - 23:43:59: -------- Mapchange to dod_football_a --------
L 07/03/2020 - 23:44:05: [randomcycle.smx] RandomCycle has chosen dod_sniper_wars_beta for the nextmap.
L 07/03/2020 - 23:50:58: [mapchooser.smx] Voting for next map has started.
L 07/03/2020 - 23:54:59: [SM] Changed map to "dod_bigbunky_v4"
L 07/03/2020 - 23:54:59: [SM] Changed map to "dod_bigbunky_v4"
L 07/03/2020 - 23:55:01: -------- Mapchange to dod_bigbunky_v4 --------
L 07/03/2020 - 23:55:04: -------- Mapchange to dod_bigbunky_v4 --------
L 07/03/2020 - 23:55:10: [randomcycle.smx] RandomCycle has chosen cdcmarijuana! for the nextmap.
L 07/04/2020 - 00:02:03: Log file closed.
