L 07/19/2020 - 00:01:58: SourceMod log file session started (file "/home/srvdod/srcds/dod_s/dod/addons/sourcemod/logs/L20200719.log") (Version "1.10.0.6490")
L 07/19/2020 - 00:01:58: [mapchooser.smx] Voting for next map has started.
L 07/19/2020 - 00:03:29: [SM] Changed map to "dod_flash"
L 07/19/2020 - 00:03:29: [SM] Changed map to "dod_flash"
L 07/19/2020 - 00:03:30: -------- Mapchange to dod_flash --------
L 07/19/2020 - 00:03:30: [adminsounds.smx] 63 sounds loaded
L 07/19/2020 - 00:03:31: -------- Mapchange to dod_flash --------
L 07/19/2020 - 00:03:31: [adminsounds.smx] 63 sounds loaded
L 07/19/2020 - 00:03:37: [randomcycle.smx] RandomCycle has chosen dod_beaverville_b2 for the nextmap.
L 07/19/2020 - 00:12:30: [mapchooser.smx] Voting for next map has started.
L 07/19/2020 - 00:13:36: [SM] Changed map to "dod_anzio"
L 07/19/2020 - 00:13:36: [SM] Changed map to "dod_anzio"
L 07/19/2020 - 00:13:37: -------- Mapchange to dod_anzio --------
L 07/19/2020 - 00:13:38: [adminsounds.smx] 63 sounds loaded
L 07/19/2020 - 00:13:39: -------- Mapchange to dod_anzio --------
L 07/19/2020 - 00:13:39: [adminsounds.smx] 63 sounds loaded
L 07/19/2020 - 00:13:44: [randomcycle.smx] RandomCycle has chosen dod_beachlanding_tdf for the nextmap.
L 07/19/2020 - 00:22:37: [mapchooser.smx] Voting for next map has started.
L 07/19/2020 - 00:23:43: [SM] Changed map to "dod_don"
L 07/19/2020 - 00:23:43: [SM] Changed map to "dod_don"
L 07/19/2020 - 00:23:44: -------- Mapchange to dod_don --------
L 07/19/2020 - 00:23:44: [adminsounds.smx] 63 sounds loaded
L 07/19/2020 - 00:23:45: -------- Mapchange to dod_don --------
L 07/19/2020 - 00:23:45: [adminsounds.smx] 63 sounds loaded
L 07/19/2020 - 00:23:50: [randomcycle.smx] RandomCycle has chosen dod_snow_battlefield_final for the nextmap.
L 07/19/2020 - 00:32:43: [mapchooser.smx] Voting for next map has started.
L 07/19/2020 - 00:33:49: [SM] Changed map to "dod_rennes_xmas"
L 07/19/2020 - 00:33:49: [SM] Changed map to "dod_rennes_xmas"
L 07/19/2020 - 00:33:50: -------- Mapchange to dod_rennes_xmas --------
L 07/19/2020 - 00:33:50: [adminsounds.smx] 63 sounds loaded
L 07/19/2020 - 00:33:51: -------- Mapchange to dod_rennes_xmas --------
L 07/19/2020 - 00:33:51: [adminsounds.smx] 63 sounds loaded
L 07/19/2020 - 00:33:56: [randomcycle.smx] RandomCycle has chosen dod_rive_rc3 for the nextmap.
L 07/19/2020 - 00:42:49: [mapchooser.smx] Voting for next map has started.
L 07/19/2020 - 00:43:55: [SM] Changed map to "3xi_trainmap"
L 07/19/2020 - 00:43:55: [SM] Changed map to "3xi_trainmap"
L 07/19/2020 - 00:43:55: -------- Mapchange to 3xi_trainmap --------
L 07/19/2020 - 00:43:56: [adminsounds.smx] 63 sounds loaded
L 07/19/2020 - 00:43:56: -------- Mapchange to 3xi_trainmap --------
L 07/19/2020 - 00:43:56: [adminsounds.smx] 63 sounds loaded
L 07/19/2020 - 00:44:01: [randomcycle.smx] RandomCycle has chosen dod_churchyard for the nextmap.
L 07/19/2020 - 00:52:54: [mapchooser.smx] Voting for next map has started.
L 07/19/2020 - 00:54:00: [SM] Changed map to "dod_gan"
L 07/19/2020 - 00:54:00: [SM] Changed map to "dod_gan"
L 07/19/2020 - 00:54:01: -------- Mapchange to dod_gan --------
L 07/19/2020 - 00:54:01: [adminsounds.smx] 63 sounds loaded
L 07/19/2020 - 00:54:02: -------- Mapchange to dod_gan --------
L 07/19/2020 - 00:54:02: [adminsounds.smx] 63 sounds loaded
L 07/19/2020 - 00:54:07: [randomcycle.smx] RandomCycle has chosen dod_donner for the nextmap.
L 07/19/2020 - 01:03:00: [mapchooser.smx] Voting for next map has started.
L 07/19/2020 - 01:04:06: [SM] Changed map to "dod_azure"
L 07/19/2020 - 01:04:06: [SM] Changed map to "dod_azure"
L 07/19/2020 - 01:04:08: -------- Mapchange to dod_azure --------
L 07/19/2020 - 01:04:08: [adminsounds.smx] 63 sounds loaded
L 07/19/2020 - 01:04:09: -------- Mapchange to dod_azure --------
L 07/19/2020 - 01:04:09: [adminsounds.smx] 63 sounds loaded
L 07/19/2020 - 01:04:14: [randomcycle.smx] RandomCycle has chosen dod_harrington for the nextmap.
L 07/19/2020 - 01:13:07: [mapchooser.smx] Voting for next map has started.
L 07/19/2020 - 01:14:13: [SM] Changed map to "dod_argentan"
L 07/19/2020 - 01:14:13: [SM] Changed map to "dod_argentan"
L 07/19/2020 - 01:14:14: -------- Mapchange to dod_argentan --------
L 07/19/2020 - 01:14:14: [adminsounds.smx] 63 sounds loaded
L 07/19/2020 - 01:14:15: -------- Mapchange to dod_argentan --------
L 07/19/2020 - 01:14:15: [adminsounds.smx] 63 sounds loaded
L 07/19/2020 - 01:14:20: [randomcycle.smx] RandomCycle has chosen dod_orange_indoor_dream_arena for the nextmap.
L 07/19/2020 - 01:23:13: [mapchooser.smx] Voting for next map has started.
L 07/19/2020 - 01:24:20: [SM] Changed map to "dod_don"
L 07/19/2020 - 01:24:20: [SM] Changed map to "dod_don"
L 07/19/2020 - 01:24:20: -------- Mapchange to dod_don --------
L 07/19/2020 - 01:24:21: [adminsounds.smx] 63 sounds loaded
L 07/19/2020 - 01:24:21: -------- Mapchange to dod_don --------
L 07/19/2020 - 01:24:22: [adminsounds.smx] 63 sounds loaded
L 07/19/2020 - 01:24:27: [randomcycle.smx] RandomCycle has chosen dod_anvil for the nextmap.
L 07/19/2020 - 01:33:19: [mapchooser.smx] Voting for next map has started.
L 07/19/2020 - 01:34:26: [SM] Changed map to "dod_beaverville_b2"
L 07/19/2020 - 01:34:26: [SM] Changed map to "dod_beaverville_b2"
L 07/19/2020 - 01:34:26: -------- Mapchange to dod_beaverville_b2 --------
L 07/19/2020 - 01:34:26: [adminsounds.smx] 63 sounds loaded
L 07/19/2020 - 01:34:27: -------- Mapchange to dod_beaverville_b2 --------
L 07/19/2020 - 01:34:28: [adminsounds.smx] 63 sounds loaded
L 07/19/2020 - 01:34:32: [randomcycle.smx] RandomCycle has chosen dod_real_arena for the nextmap.
L 07/19/2020 - 01:43:26: [mapchooser.smx] Voting for next map has started.
L 07/19/2020 - 01:44:32: [SM] Changed map to "dod_anvil"
L 07/19/2020 - 01:44:32: [SM] Changed map to "dod_anvil"
L 07/19/2020 - 01:44:34: -------- Mapchange to dod_anvil --------
L 07/19/2020 - 01:44:34: [adminsounds.smx] 63 sounds loaded
L 07/19/2020 - 01:44:36: -------- Mapchange to dod_anvil --------
L 07/19/2020 - 01:44:37: [adminsounds.smx] 63 sounds loaded
L 07/19/2020 - 01:44:42: [randomcycle.smx] RandomCycle has chosen dod_marche for the nextmap.
L 07/19/2020 - 01:53:35: [mapchooser.smx] Voting for next map has started.
L 07/19/2020 - 01:54:41: [SM] Changed map to "dod_rive_rc3"
L 07/19/2020 - 01:54:41: [SM] Changed map to "dod_rive_rc3"
L 07/19/2020 - 01:54:42: -------- Mapchange to dod_rive_rc3 --------
L 07/19/2020 - 01:54:42: [adminsounds.smx] 63 sounds loaded
L 07/19/2020 - 01:54:43: -------- Mapchange to dod_rive_rc3 --------
L 07/19/2020 - 01:54:43: [adminsounds.smx] 63 sounds loaded
L 07/19/2020 - 01:54:48: [randomcycle.smx] RandomCycle has chosen dod_azure for the nextmap.
L 07/19/2020 - 02:03:41: [mapchooser.smx] Voting for next map has started.
L 07/19/2020 - 02:04:47: [SM] Changed map to "dod_don"
L 07/19/2020 - 02:04:47: [SM] Changed map to "dod_don"
L 07/19/2020 - 02:04:48: -------- Mapchange to dod_don --------
L 07/19/2020 - 02:04:48: [adminsounds.smx] 63 sounds loaded
L 07/19/2020 - 02:04:50: -------- Mapchange to dod_don --------
L 07/19/2020 - 02:04:50: [adminsounds.smx] 63 sounds loaded
L 07/19/2020 - 02:04:55: [randomcycle.smx] RandomCycle has chosen dod_flash for the nextmap.
L 07/19/2020 - 02:13:48: [mapchooser.smx] Voting for next map has started.
L 07/19/2020 - 02:14:54: [SM] Changed map to "dod_sniperbridge_rc1"
L 07/19/2020 - 02:14:54: [SM] Changed map to "dod_sniperbridge_rc1"
L 07/19/2020 - 02:14:55: -------- Mapchange to dod_sniperbridge_rc1 --------
L 07/19/2020 - 02:14:55: [adminsounds.smx] 63 sounds loaded
L 07/19/2020 - 02:14:56: -------- Mapchange to dod_sniperbridge_rc1 --------
L 07/19/2020 - 02:14:56: [adminsounds.smx] 63 sounds loaded
L 07/19/2020 - 02:15:01: [randomcycle.smx] RandomCycle has chosen dod_gan for the nextmap.
L 07/19/2020 - 02:23:54: [mapchooser.smx] Voting for next map has started.
L 07/19/2020 - 02:25:00: [SM] Changed map to "dod_real_arena"
L 07/19/2020 - 02:25:00: [SM] Changed map to "dod_real_arena"
L 07/19/2020 - 02:25:02: -------- Mapchange to dod_real_arena --------
L 07/19/2020 - 02:25:02: [adminsounds.smx] 63 sounds loaded
L 07/19/2020 - 02:25:03: -------- Mapchange to dod_real_arena --------
L 07/19/2020 - 02:25:03: [adminsounds.smx] 63 sounds loaded
L 07/19/2020 - 02:25:08: [randomcycle.smx] RandomCycle has chosen dod_anzio for the nextmap.
L 07/19/2020 - 02:34:01: [mapchooser.smx] Voting for next map has started.
L 07/19/2020 - 02:35:07: [SM] Changed map to "dod_kalt"
L 07/19/2020 - 02:35:07: [SM] Changed map to "dod_kalt"
L 07/19/2020 - 02:35:08: -------- Mapchange to dod_kalt --------
L 07/19/2020 - 02:35:08: [adminsounds.smx] 63 sounds loaded
L 07/19/2020 - 02:35:10: -------- Mapchange to dod_kalt --------
L 07/19/2020 - 02:35:10: [adminsounds.smx] 63 sounds loaded
L 07/19/2020 - 02:35:15: [randomcycle.smx] RandomCycle has chosen dod_cr44b3_remake for the nextmap.
L 07/19/2020 - 02:44:08: [mapchooser.smx] Voting for next map has started.
L 07/19/2020 - 02:45:14: [SM] Changed map to "dod_avalanche@night"
L 07/19/2020 - 02:45:14: [SM] Changed map to "dod_avalanche@night"
L 07/19/2020 - 02:45:15: -------- Mapchange to dod_avalanche@night --------
L 07/19/2020 - 02:45:15: [adminsounds.smx] 63 sounds loaded
L 07/19/2020 - 02:45:16: -------- Mapchange to dod_avalanche@night --------
L 07/19/2020 - 02:45:17: [adminsounds.smx] 63 sounds loaded
L 07/19/2020 - 02:45:22: [randomcycle.smx] RandomCycle has chosen dod_churchyard for the nextmap.
L 07/19/2020 - 02:54:15: [mapchooser.smx] Voting for next map has started.
L 07/19/2020 - 02:55:21: [SM] Changed map to "dod_rive_rc3"
L 07/19/2020 - 02:55:21: [SM] Changed map to "dod_rive_rc3"
L 07/19/2020 - 02:55:22: -------- Mapchange to dod_rive_rc3 --------
L 07/19/2020 - 02:55:22: [adminsounds.smx] 63 sounds loaded
L 07/19/2020 - 02:55:23: -------- Mapchange to dod_rive_rc3 --------
L 07/19/2020 - 02:55:23: [adminsounds.smx] 63 sounds loaded
L 07/19/2020 - 02:55:28: [randomcycle.smx] RandomCycle has chosen dod_donner for the nextmap.
L 07/19/2020 - 03:04:21: [mapchooser.smx] Voting for next map has started.
L 07/19/2020 - 03:05:27: [SM] Changed map to "dod_longestday_b5"
L 07/19/2020 - 03:05:27: [SM] Changed map to "dod_longestday_b5"
L 07/19/2020 - 03:05:29: -------- Mapchange to dod_longestday_b5 --------
L 07/19/2020 - 03:05:29: [adminsounds.smx] 63 sounds loaded
L 07/19/2020 - 03:05:30: -------- Mapchange to dod_longestday_b5 --------
L 07/19/2020 - 03:05:30: [adminsounds.smx] 63 sounds loaded
L 07/19/2020 - 03:05:35: [randomcycle.smx] RandomCycle has chosen dod_stug for the nextmap.
L 07/19/2020 - 03:14:28: [mapchooser.smx] Voting for next map has started.
L 07/19/2020 - 03:15:34: [SM] Changed map to "dod_aura"
L 07/19/2020 - 03:15:34: [SM] Changed map to "dod_aura"
L 07/19/2020 - 03:15:36: -------- Mapchange to dod_aura --------
L 07/19/2020 - 03:15:36: [adminsounds.smx] 63 sounds loaded
L 07/19/2020 - 03:15:38: -------- Mapchange to dod_aura --------
L 07/19/2020 - 03:15:38: [adminsounds.smx] 63 sounds loaded
L 07/19/2020 - 03:15:43: [randomcycle.smx] RandomCycle has chosen dod_colmar for the nextmap.
L 07/19/2020 - 03:24:36: [mapchooser.smx] Voting for next map has started.
L 07/19/2020 - 03:25:42: [SM] Changed map to "dod_tiger2008"
L 07/19/2020 - 03:25:42: [SM] Changed map to "dod_tiger2008"
L 07/19/2020 - 03:25:43: -------- Mapchange to dod_tiger2008 --------
L 07/19/2020 - 03:25:44: [adminsounds.smx] 63 sounds loaded
L 07/19/2020 - 03:25:45: -------- Mapchange to dod_tiger2008 --------
L 07/19/2020 - 03:25:45: [adminsounds.smx] 63 sounds loaded
L 07/19/2020 - 03:25:50: [randomcycle.smx] RandomCycle has chosen dod_orange_indoor_dream_arena for the nextmap.
L 07/19/2020 - 03:34:43: [mapchooser.smx] Voting for next map has started.
L 07/19/2020 - 03:35:49: [SM] Changed map to "dod_jagd"
L 07/19/2020 - 03:35:49: [SM] Changed map to "dod_jagd"
L 07/19/2020 - 03:35:51: -------- Mapchange to dod_jagd --------
L 07/19/2020 - 03:35:51: [adminsounds.smx] 63 sounds loaded
L 07/19/2020 - 03:35:53: -------- Mapchange to dod_jagd --------
L 07/19/2020 - 03:35:54: [adminsounds.smx] 63 sounds loaded
L 07/19/2020 - 03:35:59: [randomcycle.smx] RandomCycle has chosen dod_dust2_tdf for the nextmap.
L 07/19/2020 - 03:44:52: [mapchooser.smx] Voting for next map has started.
L 07/19/2020 - 03:46:23: [SM] Changed map to "dod_anvil"
L 07/19/2020 - 03:46:23: [SM] Changed map to "dod_anvil"
L 07/19/2020 - 03:46:25: -------- Mapchange to dod_anvil --------
L 07/19/2020 - 03:46:26: [adminsounds.smx] 63 sounds loaded
L 07/19/2020 - 03:46:28: -------- Mapchange to dod_anvil --------
L 07/19/2020 - 03:46:28: [adminsounds.smx] 63 sounds loaded
L 07/19/2020 - 03:46:33: [randomcycle.smx] RandomCycle has chosen dod_sniperbridge_rc1 for the nextmap.
L 07/19/2020 - 03:55:26: [mapchooser.smx] Voting for next map has started.
L 07/19/2020 - 03:56:32: [SM] Changed map to "dod_anzio"
L 07/19/2020 - 03:56:32: [SM] Changed map to "dod_anzio"
L 07/19/2020 - 03:56:34: -------- Mapchange to dod_anzio --------
L 07/19/2020 - 03:56:34: [adminsounds.smx] 63 sounds loaded
L 07/19/2020 - 03:56:35: -------- Mapchange to dod_anzio --------
L 07/19/2020 - 03:56:36: [adminsounds.smx] 63 sounds loaded
L 07/19/2020 - 03:56:41: [randomcycle.smx] RandomCycle has chosen dod_jagd for the nextmap.
L 07/19/2020 - 03:57:05: SourceMod log file session started (file "/home/srvdod/srcds/dod_s/dod/addons/sourcemod/logs/L20200719.log") (Version "1.10.0.6490")
L 07/19/2020 - 03:57:05: [adminsounds.smx] 63 sounds loaded
L 07/19/2020 - 03:57:11: [randomcycle.smx] RandomCycle has chosen dod_harrington for the nextmap.
L 07/19/2020 - 19:55:20: [mapchooser.smx] Voting for next map has started.
L 07/19/2020 - 19:56:26: [SM] Changed map to "dod_strasbourg_b3"
L 07/19/2020 - 19:56:26: [SM] Changed map to "dod_strasbourg_b3"
L 07/19/2020 - 19:56:28: -------- Mapchange to dod_strasbourg_b3 --------
L 07/19/2020 - 19:56:28: [adminsounds.smx] 63 sounds loaded
L 07/19/2020 - 19:56:30: -------- Mapchange to dod_strasbourg_b3 --------
L 07/19/2020 - 19:56:30: [adminsounds.smx] 63 sounds loaded
L 07/19/2020 - 19:56:35: [randomcycle.smx] RandomCycle has chosen dod_avalanche for the nextmap.
L 07/19/2020 - 20:05:28: [mapchooser.smx] Voting for next map has started.
L 07/19/2020 - 20:06:34: [SM] Changed map to "dod_sniperbridge_rc1"
L 07/19/2020 - 20:06:34: [SM] Changed map to "dod_sniperbridge_rc1"
L 07/19/2020 - 20:06:36: -------- Mapchange to dod_sniperbridge_rc1 --------
L 07/19/2020 - 20:06:36: [adminsounds.smx] 63 sounds loaded
L 07/19/2020 - 20:06:37: -------- Mapchange to dod_sniperbridge_rc1 --------
L 07/19/2020 - 20:06:37: [adminsounds.smx] 63 sounds loaded
L 07/19/2020 - 20:06:42: [randomcycle.smx] RandomCycle has chosen dod_strasbourg_b3 for the nextmap.
L 07/19/2020 - 20:15:35: [mapchooser.smx] Voting for next map has started.
L 07/19/2020 - 20:16:41: [SM] Changed map to "dod_don"
L 07/19/2020 - 20:16:41: [SM] Changed map to "dod_don"
L 07/19/2020 - 20:16:43: -------- Mapchange to dod_don --------
L 07/19/2020 - 20:16:43: [adminsounds.smx] 63 sounds loaded
L 07/19/2020 - 20:16:44: -------- Mapchange to dod_don --------
L 07/19/2020 - 20:16:44: [adminsounds.smx] 63 sounds loaded
L 07/19/2020 - 20:16:49: [randomcycle.smx] RandomCycle has chosen dod_sniperbridge_rc1 for the nextmap.
L 07/19/2020 - 20:25:42: [mapchooser.smx] Voting for next map has started.
L 07/19/2020 - 20:26:48: [SM] Changed map to "dod_breugelb8"
L 07/19/2020 - 20:26:48: [SM] Changed map to "dod_breugelb8"
L 07/19/2020 - 20:26:51: -------- Mapchange to dod_breugelb8 --------
L 07/19/2020 - 20:26:51: [adminsounds.smx] 63 sounds loaded
L 07/19/2020 - 20:26:53: -------- Mapchange to dod_breugelb8 --------
L 07/19/2020 - 20:26:53: [adminsounds.smx] 63 sounds loaded
L 07/19/2020 - 20:26:58: [randomcycle.smx] RandomCycle has chosen dod_coire_rc3 for the nextmap.
L 07/19/2020 - 20:35:51: [mapchooser.smx] Voting for next map has started.
L 07/19/2020 - 20:36:57: [SM] Changed map to "dod_anvil"
L 07/19/2020 - 20:36:57: [SM] Changed map to "dod_anvil"
L 07/19/2020 - 20:37:00: -------- Mapchange to dod_anvil --------
L 07/19/2020 - 20:37:00: [adminsounds.smx] 63 sounds loaded
L 07/19/2020 - 20:37:03: -------- Mapchange to dod_anvil --------
L 07/19/2020 - 20:37:03: [adminsounds.smx] 63 sounds loaded
L 07/19/2020 - 20:37:08: [randomcycle.smx] RandomCycle has chosen dod_rennes_xmas for the nextmap.
L 07/19/2020 - 20:46:01: [mapchooser.smx] Voting for next map has started.
L 07/19/2020 - 20:47:07: [SM] Changed map to "dod_crash"
L 07/19/2020 - 20:47:07: [SM] Changed map to "dod_crash"
L 07/19/2020 - 20:47:09: -------- Mapchange to dod_crash --------
L 07/19/2020 - 20:47:09: [adminsounds.smx] 63 sounds loaded
L 07/19/2020 - 20:47:11: -------- Mapchange to dod_crash --------
L 07/19/2020 - 20:47:11: [adminsounds.smx] 63 sounds loaded
L 07/19/2020 - 20:47:16: [randomcycle.smx] RandomCycle has chosen dod_don for the nextmap.
L 07/19/2020 - 20:56:09: [mapchooser.smx] Voting for next map has started.
L 07/19/2020 - 20:57:15: [SM] Changed map to "dod_don"
L 07/19/2020 - 20:57:15: [SM] Changed map to "dod_don"
L 07/19/2020 - 20:57:16: -------- Mapchange to dod_don --------
L 07/19/2020 - 20:57:16: [adminsounds.smx] 63 sounds loaded
L 07/19/2020 - 20:57:18: -------- Mapchange to dod_don --------
L 07/19/2020 - 20:57:18: [adminsounds.smx] 63 sounds loaded
L 07/19/2020 - 20:57:23: [randomcycle.smx] RandomCycle has chosen dod_donner for the nextmap.
L 07/19/2020 - 21:06:16: [mapchooser.smx] Voting for next map has started.
L 07/19/2020 - 21:07:22: [SM] Changed map to "dod_beaverville_b2"
L 07/19/2020 - 21:07:22: [SM] Changed map to "dod_beaverville_b2"
L 07/19/2020 - 21:07:23: -------- Mapchange to dod_beaverville_b2 --------
L 07/19/2020 - 21:07:23: [adminsounds.smx] 63 sounds loaded
L 07/19/2020 - 21:07:24: -------- Mapchange to dod_beaverville_b2 --------
L 07/19/2020 - 21:07:25: [adminsounds.smx] 63 sounds loaded
L 07/19/2020 - 21:07:30: [randomcycle.smx] RandomCycle has chosen dod_beachlanding_tdf for the nextmap.
L 07/19/2020 - 21:16:23: [mapchooser.smx] Voting for next map has started.
L 07/19/2020 - 21:17:29: [SM] Changed map to "dod_rennes_xmas"
L 07/19/2020 - 21:17:29: [SM] Changed map to "dod_rennes_xmas"
L 07/19/2020 - 21:17:30: -------- Mapchange to dod_rennes_xmas --------
L 07/19/2020 - 21:17:30: [adminsounds.smx] 63 sounds loaded
L 07/19/2020 - 21:17:31: -------- Mapchange to dod_rennes_xmas --------
L 07/19/2020 - 21:17:31: [adminsounds.smx] 63 sounds loaded
L 07/19/2020 - 21:17:36: [randomcycle.smx] RandomCycle has chosen dod_churchyard for the nextmap.
L 07/19/2020 - 21:26:29: [mapchooser.smx] Voting for next map has started.
L 07/19/2020 - 21:27:35: [SM] Changed map to "dod_kalt"
L 07/19/2020 - 21:27:35: [SM] Changed map to "dod_kalt"
L 07/19/2020 - 21:27:37: -------- Mapchange to dod_kalt --------
L 07/19/2020 - 21:27:37: [adminsounds.smx] 63 sounds loaded
L 07/19/2020 - 21:27:39: -------- Mapchange to dod_kalt --------
L 07/19/2020 - 21:27:39: [adminsounds.smx] 63 sounds loaded
L 07/19/2020 - 21:27:44: [randomcycle.smx] RandomCycle has chosen dod_lennon for the nextmap.
L 07/19/2020 - 21:36:37: [mapchooser.smx] Voting for next map has started.
L 07/19/2020 - 21:37:43: [SM] Changed map to "dod_tiger2008"
L 07/19/2020 - 21:37:43: [SM] Changed map to "dod_tiger2008"
L 07/19/2020 - 21:37:45: -------- Mapchange to dod_tiger2008 --------
L 07/19/2020 - 21:37:45: [adminsounds.smx] 63 sounds loaded
L 07/19/2020 - 21:37:46: -------- Mapchange to dod_tiger2008 --------
L 07/19/2020 - 21:37:46: [adminsounds.smx] 63 sounds loaded
L 07/19/2020 - 21:37:52: [randomcycle.smx] RandomCycle has chosen dod_rive_rc3 for the nextmap.
L 07/19/2020 - 21:46:44: [mapchooser.smx] Voting for next map has started.
L 07/19/2020 - 21:47:51: [SM] Changed map to "dod_azure"
L 07/19/2020 - 21:47:51: [SM] Changed map to "dod_azure"
L 07/19/2020 - 21:47:52: -------- Mapchange to dod_azure --------
L 07/19/2020 - 21:47:52: [adminsounds.smx] 63 sounds loaded
L 07/19/2020 - 21:47:54: -------- Mapchange to dod_azure --------
L 07/19/2020 - 21:47:54: [adminsounds.smx] 63 sounds loaded
L 07/19/2020 - 21:47:59: [randomcycle.smx] RandomCycle has chosen dod_stug for the nextmap.
L 07/19/2020 - 21:56:52: [mapchooser.smx] Voting for next map has started.
L 07/19/2020 - 21:57:58: [SM] Changed map to "dod_anzio"
L 07/19/2020 - 21:57:58: [SM] Changed map to "dod_anzio"
L 07/19/2020 - 21:58:00: -------- Mapchange to dod_anzio --------
L 07/19/2020 - 21:58:00: [adminsounds.smx] 63 sounds loaded
L 07/19/2020 - 21:58:02: -------- Mapchange to dod_anzio --------
L 07/19/2020 - 21:58:02: [adminsounds.smx] 63 sounds loaded
L 07/19/2020 - 21:58:07: [randomcycle.smx] RandomCycle has chosen dod_azure for the nextmap.
L 07/19/2020 - 22:07:00: [mapchooser.smx] Voting for next map has started.
L 07/19/2020 - 22:08:06: [SM] Changed map to "dod_lennon"
L 07/19/2020 - 22:08:06: [SM] Changed map to "dod_lennon"
L 07/19/2020 - 22:08:08: -------- Mapchange to dod_lennon --------
L 07/19/2020 - 22:08:08: [adminsounds.smx] 63 sounds loaded
L 07/19/2020 - 22:08:09: -------- Mapchange to dod_lennon --------
L 07/19/2020 - 22:08:09: [adminsounds.smx] 63 sounds loaded
L 07/19/2020 - 22:08:15: [randomcycle.smx] RandomCycle has chosen dod_strasbourg_b3 for the nextmap.
L 07/19/2020 - 22:17:08: [mapchooser.smx] Voting for next map has started.
L 07/19/2020 - 22:18:14: [SM] Changed map to "dod_breugelb8"
L 07/19/2020 - 22:18:14: [SM] Changed map to "dod_breugelb8"
L 07/19/2020 - 22:18:16: -------- Mapchange to dod_breugelb8 --------
L 07/19/2020 - 22:18:16: [adminsounds.smx] 63 sounds loaded
L 07/19/2020 - 22:18:19: -------- Mapchange to dod_breugelb8 --------
L 07/19/2020 - 22:18:19: [adminsounds.smx] 63 sounds loaded
L 07/19/2020 - 22:18:24: [randomcycle.smx] RandomCycle has chosen dod_harrington for the nextmap.
L 07/19/2020 - 22:27:17: [mapchooser.smx] Voting for next map has started.
L 07/19/2020 - 22:28:23: [SM] Changed map to "dod_real_arena"
L 07/19/2020 - 22:28:23: [SM] Changed map to "dod_real_arena"
L 07/19/2020 - 22:28:24: -------- Mapchange to dod_real_arena --------
L 07/19/2020 - 22:28:24: [adminsounds.smx] 63 sounds loaded
L 07/19/2020 - 22:28:26: -------- Mapchange to dod_real_arena --------
L 07/19/2020 - 22:28:26: [adminsounds.smx] 63 sounds loaded
L 07/19/2020 - 22:28:31: [randomcycle.smx] RandomCycle has chosen dod_anzio for the nextmap.
L 07/19/2020 - 22:37:24: [mapchooser.smx] Voting for next map has started.
L 07/19/2020 - 22:38:30: [SM] Changed map to "dod_jagd"
L 07/19/2020 - 22:38:30: [SM] Changed map to "dod_jagd"
L 07/19/2020 - 22:38:33: -------- Mapchange to dod_jagd --------
L 07/19/2020 - 22:38:33: [adminsounds.smx] 63 sounds loaded
L 07/19/2020 - 22:38:35: -------- Mapchange to dod_jagd --------
L 07/19/2020 - 22:38:35: [adminsounds.smx] 63 sounds loaded
L 07/19/2020 - 22:38:40: [randomcycle.smx] RandomCycle has chosen dod_jagd for the nextmap.
L 07/19/2020 - 22:47:34: [mapchooser.smx] Voting for next map has started.
L 07/19/2020 - 22:48:40: [SM] Changed map to "dod_rennes_xmas"
L 07/19/2020 - 22:48:40: [SM] Changed map to "dod_rennes_xmas"
L 07/19/2020 - 22:48:41: -------- Mapchange to dod_rennes_xmas --------
L 07/19/2020 - 22:48:41: [adminsounds.smx] 63 sounds loaded
L 07/19/2020 - 22:48:42: -------- Mapchange to dod_rennes_xmas --------
L 07/19/2020 - 22:48:42: [adminsounds.smx] 63 sounds loaded
L 07/19/2020 - 22:48:48: [randomcycle.smx] RandomCycle has chosen dod_tiger2008 for the nextmap.
L 07/19/2020 - 22:57:41: [mapchooser.smx] Voting for next map has started.
L 07/19/2020 - 22:58:47: [SM] Changed map to "dod_anzio"
L 07/19/2020 - 22:58:47: [SM] Changed map to "dod_anzio"
L 07/19/2020 - 22:58:48: -------- Mapchange to dod_anzio --------
L 07/19/2020 - 22:58:49: [adminsounds.smx] 63 sounds loaded
L 07/19/2020 - 22:58:50: -------- Mapchange to dod_anzio --------
L 07/19/2020 - 22:58:50: [adminsounds.smx] 63 sounds loaded
L 07/19/2020 - 22:58:56: [randomcycle.smx] RandomCycle has chosen dod_argentan for the nextmap.
L 07/19/2020 - 23:07:49: [mapchooser.smx] Voting for next map has started.
L 07/19/2020 - 23:08:55: [SM] Changed map to "dod_coire_rc3"
L 07/19/2020 - 23:08:55: [SM] Changed map to "dod_coire_rc3"
L 07/19/2020 - 23:08:57: -------- Mapchange to dod_coire_rc3 --------
L 07/19/2020 - 23:08:57: [adminsounds.smx] 63 sounds loaded
L 07/19/2020 - 23:08:59: -------- Mapchange to dod_coire_rc3 --------
L 07/19/2020 - 23:08:59: [adminsounds.smx] 63 sounds loaded
L 07/19/2020 - 23:09:04: [randomcycle.smx] RandomCycle has chosen dod_aura for the nextmap.
L 07/19/2020 - 23:17:57: [mapchooser.smx] Voting for next map has started.
L 07/19/2020 - 23:19:03: [SM] Changed map to "dod_jagd"
L 07/19/2020 - 23:19:03: [SM] Changed map to "dod_jagd"
L 07/19/2020 - 23:19:06: -------- Mapchange to dod_jagd --------
L 07/19/2020 - 23:19:06: [adminsounds.smx] 63 sounds loaded
L 07/19/2020 - 23:19:08: -------- Mapchange to dod_jagd --------
L 07/19/2020 - 23:19:09: [adminsounds.smx] 63 sounds loaded
L 07/19/2020 - 23:19:14: [randomcycle.smx] RandomCycle has chosen dod_marche for the nextmap.
L 07/19/2020 - 23:28:07: [mapchooser.smx] Voting for next map has started.
L 07/19/2020 - 23:29:13: [SM] Changed map to "dod_anvil"
L 07/19/2020 - 23:29:13: [SM] Changed map to "dod_anvil"
L 07/19/2020 - 23:29:16: -------- Mapchange to dod_anvil --------
L 07/19/2020 - 23:29:16: [adminsounds.smx] 63 sounds loaded
L 07/19/2020 - 23:29:19: -------- Mapchange to dod_anvil --------
L 07/19/2020 - 23:29:19: [adminsounds.smx] 63 sounds loaded
L 07/19/2020 - 23:29:24: [randomcycle.smx] RandomCycle has chosen dod_breugelb8 for the nextmap.
L 07/19/2020 - 23:38:17: [mapchooser.smx] Voting for next map has started.
L 07/19/2020 - 23:39:23: [SM] Changed map to "dod_stug"
L 07/19/2020 - 23:39:23: [SM] Changed map to "dod_stug"
L 07/19/2020 - 23:39:25: -------- Mapchange to dod_stug --------
L 07/19/2020 - 23:39:25: [adminsounds.smx] 63 sounds loaded
L 07/19/2020 - 23:39:28: -------- Mapchange to dod_stug --------
L 07/19/2020 - 23:39:28: [adminsounds.smx] 63 sounds loaded
L 07/19/2020 - 23:39:33: [randomcycle.smx] RandomCycle has chosen dod_kalt for the nextmap.
L 07/19/2020 - 23:48:26: [mapchooser.smx] Voting for next map has started.
L 07/19/2020 - 23:49:32: [SM] Changed map to "dod_longestday_b5"
L 07/19/2020 - 23:49:32: [SM] Changed map to "dod_longestday_b5"
L 07/19/2020 - 23:49:34: -------- Mapchange to dod_longestday_b5 --------
L 07/19/2020 - 23:49:34: [adminsounds.smx] 63 sounds loaded
L 07/19/2020 - 23:49:36: -------- Mapchange to dod_longestday_b5 --------
L 07/19/2020 - 23:49:36: [adminsounds.smx] 63 sounds loaded
L 07/19/2020 - 23:49:41: [randomcycle.smx] RandomCycle has chosen dod_stug for the nextmap.
L 07/19/2020 - 23:58:34: [mapchooser.smx] Voting for next map has started.
L 07/19/2020 - 23:59:40: [SM] Changed map to "dod_tiger2008"
L 07/19/2020 - 23:59:40: [SM] Changed map to "dod_tiger2008"
L 07/19/2020 - 23:59:42: -------- Mapchange to dod_tiger2008 --------
L 07/19/2020 - 23:59:42: [adminsounds.smx] 63 sounds loaded
L 07/19/2020 - 23:59:44: -------- Mapchange to dod_tiger2008 --------
L 07/19/2020 - 23:59:44: [adminsounds.smx] 63 sounds loaded
L 07/19/2020 - 23:59:49: [randomcycle.smx] RandomCycle has chosen dod_avalanche for the nextmap.
L 07/20/2020 - 00:00:00: Log file closed.
