L 07/10/2020 - 00:03:19: SourceMod log file session started (file "/home/srvdod/srcds/dod_s/dod/addons/sourcemod/logs/L20200710.log") (Version "1.10.0.6490")
L 07/10/2020 - 00:03:19: [SM] Changed map to "dod_beer_circus"
L 07/10/2020 - 00:03:19: [SM] Changed map to "dod_beer_circus"
L 07/10/2020 - 00:03:28: -------- Mapchange to dod_beer_circus --------
L 07/10/2020 - 00:03:28: [adminsounds.smx] 0 sounds loaded
L 07/10/2020 - 00:03:37: -------- Mapchange to dod_beer_circus --------
L 07/10/2020 - 00:03:37: [adminsounds.smx] 0 sounds loaded
L 07/10/2020 - 00:03:42: [randomcycle.smx] RandomCycle has chosen acc_labice for the nextmap.
L 07/10/2020 - 00:10:35: [mapchooser.smx] Voting for next map has started.
L 07/10/2020 - 00:14:36: [SM] Changed map to "dod_sniper_killbox_v2"
L 07/10/2020 - 00:14:36: [SM] Changed map to "dod_sniper_killbox_v2"
L 07/10/2020 - 00:14:37: -------- Mapchange to dod_sniper_killbox_v2 --------
L 07/10/2020 - 00:14:37: [adminsounds.smx] 0 sounds loaded
L 07/10/2020 - 00:14:38: -------- Mapchange to dod_sniper_killbox_v2 --------
L 07/10/2020 - 00:14:38: [adminsounds.smx] 0 sounds loaded
L 07/10/2020 - 00:14:43: [randomcycle.smx] RandomCycle has chosen dod_bigbunky_v4 for the nextmap.
L 07/10/2020 - 00:21:36: [mapchooser.smx] Voting for next map has started.
L 07/10/2020 - 00:25:37: [SM] Changed map to "dod_legoland_b2"
L 07/10/2020 - 00:25:37: [SM] Changed map to "dod_legoland_b2"
L 07/10/2020 - 00:25:38: -------- Mapchange to dod_legoland_b2 --------
L 07/10/2020 - 00:25:38: [adminsounds.smx] 0 sounds loaded
L 07/10/2020 - 00:25:38: -------- Mapchange to dod_legoland_b2 --------
L 07/10/2020 - 00:25:38: [adminsounds.smx] 0 sounds loaded
L 07/10/2020 - 00:25:43: [randomcycle.smx] RandomCycle has chosen dod_orange_damier_v2 for the nextmap.
L 07/10/2020 - 00:32:36: [mapchooser.smx] Voting for next map has started.
L 07/10/2020 - 00:36:37: [SM] Changed map to "dod_anzio"
L 07/10/2020 - 00:36:37: [SM] Changed map to "dod_anzio"
L 07/10/2020 - 00:36:39: -------- Mapchange to dod_anzio --------
L 07/10/2020 - 00:36:39: [adminsounds.smx] 0 sounds loaded
L 07/10/2020 - 00:36:40: -------- Mapchange to dod_anzio --------
L 07/10/2020 - 00:36:40: [adminsounds.smx] 0 sounds loaded
L 07/10/2020 - 00:36:45: [randomcycle.smx] RandomCycle has chosen dod_sand_rats_2006 for the nextmap.
L 07/10/2020 - 00:43:38: [mapchooser.smx] Voting for next map has started.
L 07/10/2020 - 00:47:39: [SM] Changed map to "dod_bigbunky_v4"
L 07/10/2020 - 00:47:39: [SM] Changed map to "dod_bigbunky_v4"
L 07/10/2020 - 00:47:40: -------- Mapchange to dod_bigbunky_v4 --------
L 07/10/2020 - 00:47:40: [adminsounds.smx] 0 sounds loaded
L 07/10/2020 - 00:47:41: -------- Mapchange to dod_bigbunky_v4 --------
L 07/10/2020 - 00:47:41: [adminsounds.smx] 0 sounds loaded
L 07/10/2020 - 00:47:46: [randomcycle.smx] RandomCycle has chosen dod_orange_castel_evolution for the nextmap.
L 07/10/2020 - 00:54:39: [mapchooser.smx] Voting for next map has started.
L 07/10/2020 - 00:58:40: [SM] Changed map to "dod_sniper_wars_beta"
L 07/10/2020 - 00:58:40: [SM] Changed map to "dod_sniper_wars_beta"
L 07/10/2020 - 00:58:41: -------- Mapchange to dod_sniper_wars_beta --------
L 07/10/2020 - 00:58:41: [adminsounds.smx] 0 sounds loaded
L 07/10/2020 - 00:58:42: -------- Mapchange to dod_sniper_wars_beta --------
L 07/10/2020 - 00:58:42: [adminsounds.smx] 0 sounds loaded
L 07/10/2020 - 00:58:47: [randomcycle.smx] RandomCycle has chosen dod_risk_b9 for the nextmap.
L 07/10/2020 - 01:05:40: [mapchooser.smx] Voting for next map has started.
L 07/10/2020 - 01:09:41: [SM] Changed map to "dod_mousekitchen_ed"
L 07/10/2020 - 01:09:41: [SM] Changed map to "dod_mousekitchen_ed"
L 07/10/2020 - 01:09:42: -------- Mapchange to dod_mousekitchen_ed --------
L 07/10/2020 - 01:09:42: [adminsounds.smx] 0 sounds loaded
L 07/10/2020 - 01:09:43: -------- Mapchange to dod_mousekitchen_ed --------
L 07/10/2020 - 01:09:43: [adminsounds.smx] 0 sounds loaded
L 07/10/2020 - 01:09:48: [randomcycle.smx] RandomCycle has chosen dod_sucette_v3 for the nextmap.
L 07/10/2020 - 01:16:41: [mapchooser.smx] Voting for next map has started.
L 07/10/2020 - 01:20:42: [SM] Changed map to "dod_fullhouse"
L 07/10/2020 - 01:20:42: [SM] Changed map to "dod_fullhouse"
L 07/10/2020 - 01:20:43: -------- Mapchange to dod_fullhouse --------
L 07/10/2020 - 01:20:43: [adminsounds.smx] 0 sounds loaded
L 07/10/2020 - 01:20:44: -------- Mapchange to dod_fullhouse --------
L 07/10/2020 - 01:20:44: [adminsounds.smx] 0 sounds loaded
L 07/10/2020 - 01:20:49: [randomcycle.smx] RandomCycle has chosen dod_solitude_rats for the nextmap.
L 07/10/2020 - 01:27:42: [mapchooser.smx] Voting for next map has started.
L 07/10/2020 - 01:31:43: [SM] Changed map to "dod_orange_wallhack"
L 07/10/2020 - 01:31:43: [SM] Changed map to "dod_orange_wallhack"
L 07/10/2020 - 01:31:43: -------- Mapchange to dod_orange_wallhack --------
L 07/10/2020 - 01:31:43: [adminsounds.smx] 0 sounds loaded
L 07/10/2020 - 01:31:44: -------- Mapchange to dod_orange_wallhack --------
L 07/10/2020 - 01:31:44: [adminsounds.smx] 0 sounds loaded
L 07/10/2020 - 01:31:49: [randomcycle.smx] RandomCycle has chosen dod_iceworld_final_[bds]_doc for the nextmap.
L 07/10/2020 - 01:38:42: [mapchooser.smx] Voting for next map has started.
L 07/10/2020 - 01:42:43: [SM] Changed map to "dod_legoland_b2"
L 07/10/2020 - 01:42:43: [SM] Changed map to "dod_legoland_b2"
L 07/10/2020 - 01:42:44: -------- Mapchange to dod_legoland_b2 --------
L 07/10/2020 - 01:42:44: [adminsounds.smx] 0 sounds loaded
L 07/10/2020 - 01:42:45: -------- Mapchange to dod_legoland_b2 --------
L 07/10/2020 - 01:42:45: [adminsounds.smx] 0 sounds loaded
L 07/10/2020 - 01:42:50: [randomcycle.smx] RandomCycle has chosen dod_deux_chateaux_final for the nextmap.
L 07/10/2020 - 01:49:43: [mapchooser.smx] Voting for next map has started.
L 07/10/2020 - 01:53:44: [SM] Changed map to "dod_mousekitchen_ed"
L 07/10/2020 - 01:53:44: [SM] Changed map to "dod_mousekitchen_ed"
L 07/10/2020 - 01:53:45: -------- Mapchange to dod_mousekitchen_ed --------
L 07/10/2020 - 01:53:45: [adminsounds.smx] 0 sounds loaded
L 07/10/2020 - 01:53:46: -------- Mapchange to dod_mousekitchen_ed --------
L 07/10/2020 - 01:53:46: [adminsounds.smx] 0 sounds loaded
L 07/10/2020 - 01:53:51: [randomcycle.smx] RandomCycle has chosen babyfight_arena for the nextmap.
L 07/10/2020 - 02:00:44: [mapchooser.smx] Voting for next map has started.
L 07/10/2020 - 02:04:45: [SM] Changed map to "dod_avalanche@night"
L 07/10/2020 - 02:04:45: [SM] Changed map to "dod_avalanche@night"
L 07/10/2020 - 02:04:46: -------- Mapchange to dod_avalanche@night --------
L 07/10/2020 - 02:04:46: [adminsounds.smx] 0 sounds loaded
L 07/10/2020 - 02:04:48: -------- Mapchange to dod_avalanche@night --------
L 07/10/2020 - 02:04:48: [adminsounds.smx] 0 sounds loaded
L 07/10/2020 - 02:04:53: [randomcycle.smx] RandomCycle has chosen dod_fullhouse for the nextmap.
L 07/10/2020 - 02:11:46: [mapchooser.smx] Voting for next map has started.
L 07/10/2020 - 02:15:47: [SM] Changed map to "dod_jagd"
L 07/10/2020 - 02:15:47: [SM] Changed map to "dod_jagd"
L 07/10/2020 - 02:15:49: -------- Mapchange to dod_jagd --------
L 07/10/2020 - 02:15:49: [adminsounds.smx] 0 sounds loaded
L 07/10/2020 - 02:15:51: -------- Mapchange to dod_jagd --------
L 07/10/2020 - 02:15:51: [adminsounds.smx] 0 sounds loaded
L 07/10/2020 - 02:15:56: [randomcycle.smx] RandomCycle has chosen dod_legoland_b2 for the nextmap.
L 07/10/2020 - 02:22:49: [mapchooser.smx] Voting for next map has started.
L 07/10/2020 - 02:26:50: [SM] Changed map to "cdcmarijuana!"
L 07/10/2020 - 02:26:50: [SM] Changed map to "cdcmarijuana!"
L 07/10/2020 - 02:26:51: -------- Mapchange to cdcmarijuana! --------
L 07/10/2020 - 02:26:51: [adminsounds.smx] 0 sounds loaded
L 07/10/2020 - 02:26:52: -------- Mapchange to cdcmarijuana! --------
L 07/10/2020 - 02:26:52: [adminsounds.smx] 0 sounds loaded
L 07/10/2020 - 02:26:57: [randomcycle.smx] RandomCycle has chosen dod_football_a for the nextmap.
L 07/10/2020 - 02:33:50: [mapchooser.smx] Voting for next map has started.
L 07/10/2020 - 02:37:51: [SM] Changed map to "dod_orange_cancrelats"
L 07/10/2020 - 02:37:51: [SM] Changed map to "dod_orange_cancrelats"
L 07/10/2020 - 02:37:52: -------- Mapchange to dod_orange_cancrelats --------
L 07/10/2020 - 02:37:52: [adminsounds.smx] 0 sounds loaded
L 07/10/2020 - 02:37:53: -------- Mapchange to dod_orange_cancrelats --------
L 07/10/2020 - 02:37:53: [adminsounds.smx] 0 sounds loaded
L 07/10/2020 - 02:37:58: [randomcycle.smx] RandomCycle has chosen dod_avalanche for the nextmap.
L 07/10/2020 - 02:44:51: [mapchooser.smx] Voting for next map has started.
L 07/10/2020 - 02:48:52: [SM] Changed map to "dod_monopoly_source"
L 07/10/2020 - 02:48:52: [SM] Changed map to "dod_monopoly_source"
L 07/10/2020 - 02:48:53: -------- Mapchange to dod_monopoly_source --------
L 07/10/2020 - 02:48:53: [adminsounds.smx] 0 sounds loaded
L 07/10/2020 - 02:48:54: -------- Mapchange to dod_monopoly_source --------
L 07/10/2020 - 02:48:54: [adminsounds.smx] 0 sounds loaded
L 07/10/2020 - 02:48:59: [randomcycle.smx] RandomCycle has chosen dod_sniperarena_dgs2 for the nextmap.
L 07/10/2020 - 02:55:52: [mapchooser.smx] Voting for next map has started.
L 07/10/2020 - 02:59:53: [SM] Changed map to "mario_air"
L 07/10/2020 - 02:59:53: [SM] Changed map to "mario_air"
L 07/10/2020 - 02:59:54: -------- Mapchange to mario_air --------
L 07/10/2020 - 02:59:54: [adminsounds.smx] 0 sounds loaded
L 07/10/2020 - 02:59:55: -------- Mapchange to mario_air --------
L 07/10/2020 - 02:59:55: [adminsounds.smx] 0 sounds loaded
L 07/10/2020 - 03:00:00: [randomcycle.smx] RandomCycle has chosen dod_kalt for the nextmap.
L 07/10/2020 - 03:06:53: [mapchooser.smx] Voting for next map has started.
L 07/10/2020 - 03:10:54: [SM] Changed map to "dod_aimap_b1"
L 07/10/2020 - 03:10:54: [SM] Changed map to "dod_aimap_b1"
L 07/10/2020 - 03:10:55: -------- Mapchange to dod_aimap_b1 --------
L 07/10/2020 - 03:10:55: [adminsounds.smx] 0 sounds loaded
L 07/10/2020 - 03:10:56: -------- Mapchange to dod_aimap_b1 --------
L 07/10/2020 - 03:10:56: [adminsounds.smx] 0 sounds loaded
L 07/10/2020 - 03:11:01: [randomcycle.smx] RandomCycle has chosen dod_4pyramides for the nextmap.
L 07/10/2020 - 03:17:55: [mapchooser.smx] Voting for next map has started.
L 07/10/2020 - 03:21:56: [SM] Changed map to "dod_avalanche@night"
L 07/10/2020 - 03:21:56: [SM] Changed map to "dod_avalanche@night"
L 07/10/2020 - 03:21:57: -------- Mapchange to dod_avalanche@night --------
L 07/10/2020 - 03:21:57: [adminsounds.smx] 0 sounds loaded
L 07/10/2020 - 03:21:58: -------- Mapchange to dod_avalanche@night --------
L 07/10/2020 - 03:21:58: [adminsounds.smx] 0 sounds loaded
L 07/10/2020 - 03:22:03: [randomcycle.smx] RandomCycle has chosen dod_oasis_v1a for the nextmap.
L 07/10/2020 - 03:28:56: [mapchooser.smx] Voting for next map has started.
L 07/10/2020 - 03:32:57: [SM] Changed map to "dod_bigbunky_v4"
L 07/10/2020 - 03:32:57: [SM] Changed map to "dod_bigbunky_v4"
L 07/10/2020 - 03:32:58: -------- Mapchange to dod_bigbunky_v4 --------
L 07/10/2020 - 03:32:58: [adminsounds.smx] 0 sounds loaded
L 07/10/2020 - 03:33:00: -------- Mapchange to dod_bigbunky_v4 --------
L 07/10/2020 - 03:33:00: [adminsounds.smx] 0 sounds loaded
L 07/10/2020 - 03:33:05: [randomcycle.smx] RandomCycle has chosen dod_beer_circus for the nextmap.
L 07/10/2020 - 03:39:58: [mapchooser.smx] Voting for next map has started.
L 07/10/2020 - 03:43:59: [SM] Changed map to "dod_orange_bridges"
L 07/10/2020 - 03:43:59: [SM] Changed map to "dod_orange_bridges"
L 07/10/2020 - 03:44:00: -------- Mapchange to dod_orange_bridges --------
L 07/10/2020 - 03:44:00: [adminsounds.smx] 0 sounds loaded
L 07/10/2020 - 03:44:01: -------- Mapchange to dod_orange_bridges --------
L 07/10/2020 - 03:44:01: [adminsounds.smx] 0 sounds loaded
L 07/10/2020 - 03:44:06: [randomcycle.smx] RandomCycle has chosen dod_deux_chateaux_final for the nextmap.
L 07/10/2020 - 03:50:59: [mapchooser.smx] Voting for next map has started.
L 07/10/2020 - 03:55:00: [SM] Changed map to "dod_fullhouse"
L 07/10/2020 - 03:55:00: [SM] Changed map to "dod_fullhouse"
L 07/10/2020 - 03:55:01: -------- Mapchange to dod_fullhouse --------
L 07/10/2020 - 03:55:01: [adminsounds.smx] 0 sounds loaded
L 07/10/2020 - 03:55:02: -------- Mapchange to dod_fullhouse --------
L 07/10/2020 - 03:55:02: [adminsounds.smx] 0 sounds loaded
L 07/10/2020 - 03:55:07: [randomcycle.smx] RandomCycle has chosen dod_aimap_b1 for the nextmap.
L 07/10/2020 - 04:02:00: [mapchooser.smx] Voting for next map has started.
L 07/10/2020 - 04:06:01: [SM] Changed map to "dod_sewer_rats_b1"
L 07/10/2020 - 04:06:01: [SM] Changed map to "dod_sewer_rats_b1"
L 07/10/2020 - 04:06:02: -------- Mapchange to dod_sewer_rats_b1 --------
L 07/10/2020 - 04:06:02: [adminsounds.smx] 0 sounds loaded
L 07/10/2020 - 04:06:03: -------- Mapchange to dod_sewer_rats_b1 --------
L 07/10/2020 - 04:06:03: [adminsounds.smx] 0 sounds loaded
L 07/10/2020 - 04:06:08: [randomcycle.smx] RandomCycle has chosen dod_bigbunky_v4 for the nextmap.
L 07/10/2020 - 04:13:01: [mapchooser.smx] Voting for next map has started.
L 07/10/2020 - 04:17:02: [SM] Changed map to "dod_dust2_snow_xmas"
L 07/10/2020 - 04:17:02: [SM] Changed map to "dod_dust2_snow_xmas"
L 07/10/2020 - 04:17:04: -------- Mapchange to dod_dust2_snow_xmas --------
L 07/10/2020 - 04:17:04: [adminsounds.smx] 0 sounds loaded
L 07/10/2020 - 04:17:05: -------- Mapchange to dod_dust2_snow_xmas --------
L 07/10/2020 - 04:17:05: [adminsounds.smx] 0 sounds loaded
L 07/10/2020 - 04:17:10: [randomcycle.smx] RandomCycle has chosen acc_labice for the nextmap.
L 07/10/2020 - 04:24:03: [mapchooser.smx] Voting for next map has started.
L 07/10/2020 - 04:28:04: [SM] Changed map to "dod_flash"
L 07/10/2020 - 04:28:04: [SM] Changed map to "dod_flash"
L 07/10/2020 - 04:28:05: -------- Mapchange to dod_flash --------
L 07/10/2020 - 04:28:05: [adminsounds.smx] 0 sounds loaded
L 07/10/2020 - 04:28:07: -------- Mapchange to dod_flash --------
L 07/10/2020 - 04:28:07: [adminsounds.smx] 0 sounds loaded
L 07/10/2020 - 04:28:12: [randomcycle.smx] RandomCycle has chosen mario_air for the nextmap.
L 07/10/2020 - 04:35:05: [mapchooser.smx] Voting for next map has started.
L 07/10/2020 - 04:39:06: [SM] Changed map to "dod_avalanche"
L 07/10/2020 - 04:39:06: [SM] Changed map to "dod_avalanche"
L 07/10/2020 - 04:39:07: -------- Mapchange to dod_avalanche --------
L 07/10/2020 - 04:39:07: [adminsounds.smx] 0 sounds loaded
L 07/10/2020 - 04:39:09: -------- Mapchange to dod_avalanche --------
L 07/10/2020 - 04:39:09: [adminsounds.smx] 0 sounds loaded
L 07/10/2020 - 04:39:14: [randomcycle.smx] RandomCycle has chosen dod_donner for the nextmap.
L 07/10/2020 - 04:46:07: [mapchooser.smx] Voting for next map has started.
L 07/10/2020 - 04:50:08: [SM] Changed map to "dod_sniper_wars_beta"
L 07/10/2020 - 04:50:08: [SM] Changed map to "dod_sniper_wars_beta"
L 07/10/2020 - 04:50:09: -------- Mapchange to dod_sniper_wars_beta --------
L 07/10/2020 - 04:50:09: [adminsounds.smx] 0 sounds loaded
L 07/10/2020 - 04:50:10: -------- Mapchange to dod_sniper_wars_beta --------
L 07/10/2020 - 04:50:10: [adminsounds.smx] 0 sounds loaded
L 07/10/2020 - 04:50:15: [randomcycle.smx] RandomCycle has chosen dod_monopoly_source for the nextmap.
L 07/10/2020 - 04:57:08: [mapchooser.smx] Voting for next map has started.
L 07/10/2020 - 05:01:09: [SM] Changed map to "babyfight_arena"
L 07/10/2020 - 05:01:09: [SM] Changed map to "babyfight_arena"
L 07/10/2020 - 05:01:10: -------- Mapchange to babyfight_arena --------
L 07/10/2020 - 05:01:10: [adminsounds.smx] 0 sounds loaded
L 07/10/2020 - 05:01:12: -------- Mapchange to babyfight_arena --------
L 07/10/2020 - 05:01:12: [adminsounds.smx] 0 sounds loaded
L 07/10/2020 - 05:01:17: [randomcycle.smx] RandomCycle has chosen dod_orange_castel_evolution for the nextmap.
L 07/10/2020 - 05:08:10: [mapchooser.smx] Voting for next map has started.
L 07/10/2020 - 05:12:11: [SM] Changed map to "dod_bunky2_modified"
L 07/10/2020 - 05:12:11: [SM] Changed map to "dod_bunky2_modified"
L 07/10/2020 - 05:12:12: -------- Mapchange to dod_bunky2_modified --------
L 07/10/2020 - 05:12:12: [adminsounds.smx] 0 sounds loaded
L 07/10/2020 - 05:12:13: -------- Mapchange to dod_bunky2_modified --------
L 07/10/2020 - 05:12:13: [adminsounds.smx] 0 sounds loaded
L 07/10/2020 - 05:12:18: [randomcycle.smx] RandomCycle has chosen dod_iceworld_final_[bds]_doc for the nextmap.
L 07/10/2020 - 05:19:11: [mapchooser.smx] Voting for next map has started.
L 07/10/2020 - 05:23:12: [SM] Changed map to "dod_fullhouse"
L 07/10/2020 - 05:23:12: [SM] Changed map to "dod_fullhouse"
L 07/10/2020 - 05:23:14: -------- Mapchange to dod_fullhouse --------
L 07/10/2020 - 05:23:14: [adminsounds.smx] 0 sounds loaded
L 07/10/2020 - 05:23:15: -------- Mapchange to dod_fullhouse --------
L 07/10/2020 - 05:23:15: [adminsounds.smx] 0 sounds loaded
L 07/10/2020 - 05:23:20: [randomcycle.smx] RandomCycle has chosen dod_orange_cancrelats for the nextmap.
L 07/10/2020 - 05:30:13: [mapchooser.smx] Voting for next map has started.
L 07/10/2020 - 05:34:14: [SM] Changed map to "dod_donner"
L 07/10/2020 - 05:34:14: [SM] Changed map to "dod_donner"
L 07/10/2020 - 05:34:16: -------- Mapchange to dod_donner --------
L 07/10/2020 - 05:34:16: [adminsounds.smx] 0 sounds loaded
L 07/10/2020 - 05:34:17: -------- Mapchange to dod_donner --------
L 07/10/2020 - 05:34:17: [adminsounds.smx] 0 sounds loaded
L 07/10/2020 - 05:34:23: [randomcycle.smx] RandomCycle has chosen sniperzone for the nextmap.
L 07/10/2020 - 05:41:16: [mapchooser.smx] Voting for next map has started.
L 07/10/2020 - 05:45:17: [SM] Changed map to "dod_orange_castel_evolution"
L 07/10/2020 - 05:45:17: [SM] Changed map to "dod_orange_castel_evolution"
L 07/10/2020 - 05:45:18: -------- Mapchange to dod_orange_castel_evolution --------
L 07/10/2020 - 05:45:18: [adminsounds.smx] 0 sounds loaded
L 07/10/2020 - 05:45:19: -------- Mapchange to dod_orange_castel_evolution --------
L 07/10/2020 - 05:45:19: [adminsounds.smx] 0 sounds loaded
L 07/10/2020 - 05:45:24: [randomcycle.smx] RandomCycle has chosen dod_solitude_rats for the nextmap.
L 07/10/2020 - 05:52:17: [mapchooser.smx] Voting for next map has started.
L 07/10/2020 - 05:56:18: [SM] Changed map to "dod_sniper_wars_beta"
L 07/10/2020 - 05:56:18: [SM] Changed map to "dod_sniper_wars_beta"
L 07/10/2020 - 05:56:19: -------- Mapchange to dod_sniper_wars_beta --------
L 07/10/2020 - 05:56:19: [adminsounds.smx] 0 sounds loaded
L 07/10/2020 - 05:56:20: -------- Mapchange to dod_sniper_wars_beta --------
L 07/10/2020 - 05:56:21: [adminsounds.smx] 0 sounds loaded
L 07/10/2020 - 05:56:26: [randomcycle.smx] RandomCycle has chosen dod_aimap_b1 for the nextmap.
L 07/10/2020 - 06:03:19: [mapchooser.smx] Voting for next map has started.
L 07/10/2020 - 06:07:20: [SM] Changed map to "dod_sucette_v3"
L 07/10/2020 - 06:07:20: [SM] Changed map to "dod_sucette_v3"
L 07/10/2020 - 06:07:21: -------- Mapchange to dod_sucette_v3 --------
L 07/10/2020 - 06:07:21: [adminsounds.smx] 0 sounds loaded
L 07/10/2020 - 06:07:22: -------- Mapchange to dod_sucette_v3 --------
L 07/10/2020 - 06:07:22: [adminsounds.smx] 0 sounds loaded
L 07/10/2020 - 06:07:27: [randomcycle.smx] RandomCycle has chosen dod_avalanche@night for the nextmap.
L 07/10/2020 - 06:14:20: [mapchooser.smx] Voting for next map has started.
L 07/10/2020 - 06:18:21: [SM] Changed map to "sniperzone"
L 07/10/2020 - 06:18:21: [SM] Changed map to "sniperzone"
L 07/10/2020 - 06:18:23: -------- Mapchange to sniperzone --------
L 07/10/2020 - 06:18:23: [adminsounds.smx] 0 sounds loaded
L 07/10/2020 - 06:18:24: -------- Mapchange to sniperzone --------
L 07/10/2020 - 06:18:24: [adminsounds.smx] 0 sounds loaded
L 07/10/2020 - 06:18:29: [randomcycle.smx] RandomCycle has chosen dod_deux_chateaux_final for the nextmap.
L 07/10/2020 - 06:25:22: [mapchooser.smx] Voting for next map has started.
L 07/10/2020 - 06:29:23: [SM] Changed map to "dod_football_a"
L 07/10/2020 - 06:29:23: [SM] Changed map to "dod_football_a"
L 07/10/2020 - 06:29:24: -------- Mapchange to dod_football_a --------
L 07/10/2020 - 06:29:24: [adminsounds.smx] 0 sounds loaded
L 07/10/2020 - 06:29:26: -------- Mapchange to dod_football_a --------
L 07/10/2020 - 06:29:26: [adminsounds.smx] 0 sounds loaded
L 07/10/2020 - 06:29:31: [randomcycle.smx] RandomCycle has chosen dod_oasis_v1a for the nextmap.
L 07/10/2020 - 06:36:24: [mapchooser.smx] Voting for next map has started.
L 07/10/2020 - 06:40:25: [SM] Changed map to "dod_sniper_killbox_v2"
L 07/10/2020 - 06:40:25: [SM] Changed map to "dod_sniper_killbox_v2"
L 07/10/2020 - 06:40:26: -------- Mapchange to dod_sniper_killbox_v2 --------
L 07/10/2020 - 06:40:26: [adminsounds.smx] 0 sounds loaded
L 07/10/2020 - 06:40:27: -------- Mapchange to dod_sniper_killbox_v2 --------
L 07/10/2020 - 06:40:27: [adminsounds.smx] 0 sounds loaded
L 07/10/2020 - 06:40:33: [randomcycle.smx] RandomCycle has chosen dod_sniperarena_dgs2 for the nextmap.
L 07/10/2020 - 06:47:26: [mapchooser.smx] Voting for next map has started.
L 07/10/2020 - 06:51:27: [SM] Changed map to "dod_donner"
L 07/10/2020 - 06:51:27: [SM] Changed map to "dod_donner"
L 07/10/2020 - 06:51:28: -------- Mapchange to dod_donner --------
L 07/10/2020 - 06:51:28: [adminsounds.smx] 0 sounds loaded
L 07/10/2020 - 06:51:30: -------- Mapchange to dod_donner --------
L 07/10/2020 - 06:51:30: [adminsounds.smx] 0 sounds loaded
L 07/10/2020 - 06:51:35: [randomcycle.smx] RandomCycle has chosen babyfight_arena for the nextmap.
L 07/10/2020 - 06:58:28: [mapchooser.smx] Voting for next map has started.
L 07/10/2020 - 07:02:29: [SM] Changed map to "dod_anzio"
L 07/10/2020 - 07:02:29: [SM] Changed map to "dod_anzio"
L 07/10/2020 - 07:02:31: -------- Mapchange to dod_anzio --------
L 07/10/2020 - 07:02:31: [adminsounds.smx] 0 sounds loaded
L 07/10/2020 - 07:02:32: -------- Mapchange to dod_anzio --------
L 07/10/2020 - 07:02:32: [adminsounds.smx] 0 sounds loaded
L 07/10/2020 - 07:02:38: [randomcycle.smx] RandomCycle has chosen dod_bunky2_modified for the nextmap.
L 07/10/2020 - 07:09:31: [mapchooser.smx] Voting for next map has started.
L 07/10/2020 - 07:13:32: [SM] Changed map to "dod_chocolate_fight_arena"
L 07/10/2020 - 07:13:32: [SM] Changed map to "dod_chocolate_fight_arena"
L 07/10/2020 - 07:13:33: -------- Mapchange to dod_chocolate_fight_arena --------
L 07/10/2020 - 07:13:33: [adminsounds.smx] 0 sounds loaded
L 07/10/2020 - 07:13:34: -------- Mapchange to dod_chocolate_fight_arena --------
L 07/10/2020 - 07:13:34: [adminsounds.smx] 0 sounds loaded
L 07/10/2020 - 07:13:40: [randomcycle.smx] RandomCycle has chosen dod_beer_circus for the nextmap.
L 07/10/2020 - 07:20:33: [mapchooser.smx] Voting for next map has started.
L 07/10/2020 - 07:24:34: [SM] Changed map to "dod_sniper_killbox_v2"
L 07/10/2020 - 07:24:34: [SM] Changed map to "dod_sniper_killbox_v2"
L 07/10/2020 - 07:24:35: -------- Mapchange to dod_sniper_killbox_v2 --------
L 07/10/2020 - 07:24:35: [adminsounds.smx] 0 sounds loaded
L 07/10/2020 - 07:24:36: -------- Mapchange to dod_sniper_killbox_v2 --------
L 07/10/2020 - 07:24:36: [adminsounds.smx] 0 sounds loaded
L 07/10/2020 - 07:24:41: [randomcycle.smx] RandomCycle has chosen dod_donner for the nextmap.
L 07/10/2020 - 07:31:34: [mapchooser.smx] Voting for next map has started.
L 07/10/2020 - 07:35:35: [SM] Changed map to "dod_sniperarena_dgs2"
L 07/10/2020 - 07:35:35: [SM] Changed map to "dod_sniperarena_dgs2"
L 07/10/2020 - 07:35:37: -------- Mapchange to dod_sniperarena_dgs2 --------
L 07/10/2020 - 07:35:37: [adminsounds.smx] 0 sounds loaded
L 07/10/2020 - 07:35:38: -------- Mapchange to dod_sniperarena_dgs2 --------
L 07/10/2020 - 07:35:38: [adminsounds.smx] 0 sounds loaded
L 07/10/2020 - 07:35:43: [randomcycle.smx] RandomCycle has chosen dod_flash for the nextmap.
L 07/10/2020 - 07:42:36: [mapchooser.smx] Voting for next map has started.
L 07/10/2020 - 07:46:37: [SM] Changed map to "dod_bunky2_modified"
L 07/10/2020 - 07:46:37: [SM] Changed map to "dod_bunky2_modified"
L 07/10/2020 - 07:46:39: -------- Mapchange to dod_bunky2_modified --------
L 07/10/2020 - 07:46:39: [adminsounds.smx] 0 sounds loaded
L 07/10/2020 - 07:46:40: -------- Mapchange to dod_bunky2_modified --------
L 07/10/2020 - 07:46:40: [adminsounds.smx] 0 sounds loaded
L 07/10/2020 - 07:46:45: [randomcycle.smx] RandomCycle has chosen dod_iceworld_final_[bds]_doc for the nextmap.
L 07/10/2020 - 07:53:38: [mapchooser.smx] Voting for next map has started.
L 07/10/2020 - 07:57:39: [SM] Changed map to "dod_murky_p2"
L 07/10/2020 - 07:57:40: [SM] Changed map to "dod_murky_p2"
L 07/10/2020 - 07:57:41: -------- Mapchange to dod_murky_p2 --------
L 07/10/2020 - 07:57:41: [adminsounds.smx] 0 sounds loaded
L 07/10/2020 - 07:57:42: -------- Mapchange to dod_murky_p2 --------
L 07/10/2020 - 07:57:42: [adminsounds.smx] 0 sounds loaded
L 07/10/2020 - 07:57:47: [randomcycle.smx] RandomCycle has chosen sniperzone for the nextmap.
L 07/10/2020 - 08:04:40: [mapchooser.smx] Voting for next map has started.
L 07/10/2020 - 08:08:41: [SM] Changed map to "dod_iceworld_final_[bds]_doc"
L 07/10/2020 - 08:08:41: [SM] Changed map to "dod_iceworld_final_[bds]_doc"
L 07/10/2020 - 08:08:43: -------- Mapchange to dod_iceworld_final_[bds]_doc --------
L 07/10/2020 - 08:08:43: [adminsounds.smx] 0 sounds loaded
L 07/10/2020 - 08:08:44: -------- Mapchange to dod_iceworld_final_[bds]_doc --------
L 07/10/2020 - 08:08:44: [adminsounds.smx] 0 sounds loaded
L 07/10/2020 - 08:08:49: [randomcycle.smx] RandomCycle has chosen dod_aimap_b1 for the nextmap.
L 07/10/2020 - 08:15:42: [mapchooser.smx] Voting for next map has started.
L 07/10/2020 - 08:19:43: [SM] Changed map to "dod_argentan"
L 07/10/2020 - 08:19:43: [SM] Changed map to "dod_argentan"
L 07/10/2020 - 08:19:45: -------- Mapchange to dod_argentan --------
L 07/10/2020 - 08:19:45: [adminsounds.smx] 0 sounds loaded
L 07/10/2020 - 08:19:47: -------- Mapchange to dod_argentan --------
L 07/10/2020 - 08:19:47: [adminsounds.smx] 0 sounds loaded
L 07/10/2020 - 08:19:52: [randomcycle.smx] RandomCycle has chosen dod_cdc_rats_rm for the nextmap.
L 07/10/2020 - 08:26:45: [mapchooser.smx] Voting for next map has started.
L 07/10/2020 - 08:30:46: [SM] Changed map to "dod_dust2_snow_xmas"
L 07/10/2020 - 08:30:46: [SM] Changed map to "dod_dust2_snow_xmas"
L 07/10/2020 - 08:30:48: -------- Mapchange to dod_dust2_snow_xmas --------
L 07/10/2020 - 08:30:48: [adminsounds.smx] 0 sounds loaded
L 07/10/2020 - 08:30:49: -------- Mapchange to dod_dust2_snow_xmas --------
L 07/10/2020 - 08:30:49: [adminsounds.smx] 0 sounds loaded
L 07/10/2020 - 08:30:55: [randomcycle.smx] RandomCycle has chosen dod_orange_wallhack for the nextmap.
L 07/10/2020 - 08:37:48: [mapchooser.smx] Voting for next map has started.
L 07/10/2020 - 08:41:49: [SM] Changed map to "dod_orange_cancrelats"
L 07/10/2020 - 08:41:49: [SM] Changed map to "dod_orange_cancrelats"
L 07/10/2020 - 08:41:50: -------- Mapchange to dod_orange_cancrelats --------
L 07/10/2020 - 08:41:50: [adminsounds.smx] 0 sounds loaded
L 07/10/2020 - 08:41:51: -------- Mapchange to dod_orange_cancrelats --------
L 07/10/2020 - 08:41:51: [adminsounds.smx] 0 sounds loaded
L 07/10/2020 - 08:41:57: [randomcycle.smx] RandomCycle has chosen dod_football_a for the nextmap.
L 07/10/2020 - 08:48:50: [mapchooser.smx] Voting for next map has started.
L 07/10/2020 - 08:52:51: [SM] Changed map to "dod_sniper_wars_beta"
L 07/10/2020 - 08:52:51: [SM] Changed map to "dod_sniper_wars_beta"
L 07/10/2020 - 08:52:52: -------- Mapchange to dod_sniper_wars_beta --------
L 07/10/2020 - 08:52:52: [adminsounds.smx] 0 sounds loaded
L 07/10/2020 - 08:52:53: -------- Mapchange to dod_sniper_wars_beta --------
L 07/10/2020 - 08:52:53: [adminsounds.smx] 0 sounds loaded
L 07/10/2020 - 08:52:59: [randomcycle.smx] RandomCycle has chosen dod_sucette_v3 for the nextmap.
L 07/10/2020 - 08:59:52: [mapchooser.smx] Voting for next map has started.
L 07/10/2020 - 09:03:53: [SM] Changed map to "dod_mousekitchen_ed"
L 07/10/2020 - 09:03:53: [SM] Changed map to "dod_mousekitchen_ed"
L 07/10/2020 - 09:03:54: -------- Mapchange to dod_mousekitchen_ed --------
L 07/10/2020 - 09:03:54: [adminsounds.smx] 0 sounds loaded
L 07/10/2020 - 09:03:55: -------- Mapchange to dod_mousekitchen_ed --------
L 07/10/2020 - 09:03:56: [adminsounds.smx] 0 sounds loaded
L 07/10/2020 - 09:04:01: [randomcycle.smx] RandomCycle has chosen dod_solitude_rats for the nextmap.
L 07/10/2020 - 09:10:54: [mapchooser.smx] Voting for next map has started.
L 07/10/2020 - 09:14:55: [SM] Changed map to "dod_rats"
L 07/10/2020 - 09:14:55: [SM] Changed map to "dod_rats"
L 07/10/2020 - 09:14:56: -------- Mapchange to dod_rats --------
L 07/10/2020 - 09:14:56: [adminsounds.smx] 0 sounds loaded
L 07/10/2020 - 09:14:58: -------- Mapchange to dod_rats --------
L 07/10/2020 - 09:14:58: [adminsounds.smx] 0 sounds loaded
L 07/10/2020 - 09:15:03: [randomcycle.smx] RandomCycle has chosen dod_orange_castel_evolution for the nextmap.
L 07/10/2020 - 09:21:56: [mapchooser.smx] Voting for next map has started.
L 07/10/2020 - 09:25:57: [SM] Changed map to "dod_aimap_b1"
L 07/10/2020 - 09:25:58: [SM] Changed map to "dod_aimap_b1"
L 07/10/2020 - 09:25:59: -------- Mapchange to dod_aimap_b1 --------
L 07/10/2020 - 09:25:59: [adminsounds.smx] 0 sounds loaded
L 07/10/2020 - 09:26:00: -------- Mapchange to dod_aimap_b1 --------
L 07/10/2020 - 09:26:00: [adminsounds.smx] 0 sounds loaded
L 07/10/2020 - 09:26:06: [randomcycle.smx] RandomCycle has chosen dod_chocolate_fight_arena for the nextmap.
L 07/10/2020 - 09:32:59: [mapchooser.smx] Voting for next map has started.
L 07/10/2020 - 09:37:00: [SM] Changed map to "dod_sucette_v3"
L 07/10/2020 - 09:37:00: [SM] Changed map to "dod_sucette_v3"
L 07/10/2020 - 09:37:01: -------- Mapchange to dod_sucette_v3 --------
L 07/10/2020 - 09:37:01: [adminsounds.smx] 0 sounds loaded
L 07/10/2020 - 09:37:02: -------- Mapchange to dod_sucette_v3 --------
L 07/10/2020 - 09:37:02: [adminsounds.smx] 0 sounds loaded
L 07/10/2020 - 09:37:08: [randomcycle.smx] RandomCycle has chosen dod_fullhouse for the nextmap.
L 07/10/2020 - 09:44:01: [mapchooser.smx] Voting for next map has started.
L 07/10/2020 - 09:48:02: [SM] Changed map to "dod_risk_b9"
L 07/10/2020 - 09:48:02: [SM] Changed map to "dod_risk_b9"
L 07/10/2020 - 09:48:04: -------- Mapchange to dod_risk_b9 --------
L 07/10/2020 - 09:48:04: [adminsounds.smx] 0 sounds loaded
L 07/10/2020 - 09:48:08: -------- Mapchange to dod_risk_b9 --------
L 07/10/2020 - 09:48:08: [adminsounds.smx] 0 sounds loaded
L 07/10/2020 - 09:48:13: [randomcycle.smx] RandomCycle has chosen dod_legoland_b2 for the nextmap.
L 07/10/2020 - 09:55:06: [mapchooser.smx] Voting for next map has started.
L 07/10/2020 - 09:59:07: [SM] Changed map to "dod_avalanche@night"
L 07/10/2020 - 09:59:07: [SM] Changed map to "dod_avalanche@night"
L 07/10/2020 - 09:59:08: -------- Mapchange to dod_avalanche@night --------
L 07/10/2020 - 09:59:09: [adminsounds.smx] 0 sounds loaded
L 07/10/2020 - 09:59:10: -------- Mapchange to dod_avalanche@night --------
L 07/10/2020 - 09:59:11: [adminsounds.smx] 0 sounds loaded
L 07/10/2020 - 09:59:16: [randomcycle.smx] RandomCycle has chosen dod_dli_football_b1 for the nextmap.
L 07/10/2020 - 10:06:09: [mapchooser.smx] Voting for next map has started.
L 07/10/2020 - 10:10:10: [SM] Changed map to "dod_deux_chateaux_final"
L 07/10/2020 - 10:10:10: [SM] Changed map to "dod_deux_chateaux_final"
L 07/10/2020 - 10:10:11: -------- Mapchange to dod_deux_chateaux_final --------
L 07/10/2020 - 10:10:11: [adminsounds.smx] 0 sounds loaded
L 07/10/2020 - 10:10:13: -------- Mapchange to dod_deux_chateaux_final --------
L 07/10/2020 - 10:10:13: [adminsounds.smx] 0 sounds loaded
L 07/10/2020 - 10:10:18: [randomcycle.smx] RandomCycle has chosen dod_anzio for the nextmap.
L 07/10/2020 - 10:17:11: [mapchooser.smx] Voting for next map has started.
L 07/10/2020 - 10:21:12: [SM] Changed map to "dod_orange_sniper"
L 07/10/2020 - 10:21:12: [SM] Changed map to "dod_orange_sniper"
L 07/10/2020 - 10:21:14: -------- Mapchange to dod_orange_sniper --------
L 07/10/2020 - 10:21:14: [adminsounds.smx] 0 sounds loaded
L 07/10/2020 - 10:21:15: -------- Mapchange to dod_orange_sniper --------
L 07/10/2020 - 10:21:15: [adminsounds.smx] 0 sounds loaded
L 07/10/2020 - 10:21:21: [randomcycle.smx] RandomCycle has chosen dod_monopoly_source for the nextmap.
L 07/10/2020 - 10:28:14: [mapchooser.smx] Voting for next map has started.
L 07/10/2020 - 10:32:15: [SM] Changed map to "dod_mousekitchen_ed"
L 07/10/2020 - 10:32:15: [SM] Changed map to "dod_mousekitchen_ed"
L 07/10/2020 - 10:32:16: -------- Mapchange to dod_mousekitchen_ed --------
L 07/10/2020 - 10:32:16: [adminsounds.smx] 0 sounds loaded
L 07/10/2020 - 10:32:18: -------- Mapchange to dod_mousekitchen_ed --------
L 07/10/2020 - 10:32:18: [adminsounds.smx] 0 sounds loaded
L 07/10/2020 - 10:32:23: [randomcycle.smx] RandomCycle has chosen dod_sewer_rats_b1 for the nextmap.
L 07/10/2020 - 10:39:16: [mapchooser.smx] Voting for next map has started.
L 07/10/2020 - 10:43:17: [SM] Changed map to "dod_argentan"
L 07/10/2020 - 10:43:17: [SM] Changed map to "dod_argentan"
L 07/10/2020 - 10:43:19: -------- Mapchange to dod_argentan --------
L 07/10/2020 - 10:43:19: [adminsounds.smx] 0 sounds loaded
L 07/10/2020 - 10:43:21: -------- Mapchange to dod_argentan --------
L 07/10/2020 - 10:43:21: [adminsounds.smx] 0 sounds loaded
L 07/10/2020 - 10:43:26: [randomcycle.smx] RandomCycle has chosen dod_colmar for the nextmap.
L 07/10/2020 - 10:50:19: [mapchooser.smx] Voting for next map has started.
L 07/10/2020 - 10:54:20: [SM] Changed map to "dod_beer_circus"
L 07/10/2020 - 10:54:20: [SM] Changed map to "dod_beer_circus"
L 07/10/2020 - 10:54:30: -------- Mapchange to dod_beer_circus --------
L 07/10/2020 - 10:54:30: [adminsounds.smx] 0 sounds loaded
L 07/10/2020 - 10:54:40: -------- Mapchange to dod_beer_circus --------
L 07/10/2020 - 10:54:40: [adminsounds.smx] 0 sounds loaded
L 07/10/2020 - 10:54:45: [randomcycle.smx] RandomCycle has chosen dod_argentan for the nextmap.
L 07/10/2020 - 11:01:38: [mapchooser.smx] Voting for next map has started.
L 07/10/2020 - 11:05:39: [SM] Changed map to "dod_solitude_rats"
L 07/10/2020 - 11:05:39: [SM] Changed map to "dod_solitude_rats"
L 07/10/2020 - 11:05:41: -------- Mapchange to dod_solitude_rats --------
L 07/10/2020 - 11:05:41: [adminsounds.smx] 0 sounds loaded
L 07/10/2020 - 11:05:42: -------- Mapchange to dod_solitude_rats --------
L 07/10/2020 - 11:05:42: [adminsounds.smx] 0 sounds loaded
L 07/10/2020 - 11:05:48: [randomcycle.smx] RandomCycle has chosen dod_avalanche for the nextmap.
L 07/10/2020 - 11:12:41: [mapchooser.smx] Voting for next map has started.
L 07/10/2020 - 11:16:42: [SM] Changed map to "dod_dust2_snow_xmas"
L 07/10/2020 - 11:16:42: [SM] Changed map to "dod_dust2_snow_xmas"
L 07/10/2020 - 11:16:43: -------- Mapchange to dod_dust2_snow_xmas --------
L 07/10/2020 - 11:16:43: [adminsounds.smx] 0 sounds loaded
L 07/10/2020 - 11:16:45: -------- Mapchange to dod_dust2_snow_xmas --------
L 07/10/2020 - 11:16:45: [adminsounds.smx] 0 sounds loaded
L 07/10/2020 - 11:16:51: [randomcycle.smx] RandomCycle has chosen sniperzone for the nextmap.
L 07/10/2020 - 11:23:44: [mapchooser.smx] Voting for next map has started.
L 07/10/2020 - 11:27:45: [SM] Changed map to "dod_avalanche"
L 07/10/2020 - 11:27:45: [SM] Changed map to "dod_avalanche"
L 07/10/2020 - 11:27:46: -------- Mapchange to dod_avalanche --------
L 07/10/2020 - 11:27:46: [adminsounds.smx] 0 sounds loaded
L 07/10/2020 - 11:27:48: -------- Mapchange to dod_avalanche --------
L 07/10/2020 - 11:27:48: [adminsounds.smx] 0 sounds loaded
L 07/10/2020 - 11:27:54: [randomcycle.smx] RandomCycle has chosen dod_jagd for the nextmap.
L 07/10/2020 - 11:34:47: [mapchooser.smx] Voting for next map has started.
L 07/10/2020 - 11:38:48: [SM] Changed map to "cdcmarijuana!"
L 07/10/2020 - 11:38:48: [SM] Changed map to "cdcmarijuana!"
L 07/10/2020 - 11:38:49: -------- Mapchange to cdcmarijuana! --------
L 07/10/2020 - 11:38:49: [adminsounds.smx] 0 sounds loaded
L 07/10/2020 - 11:38:51: -------- Mapchange to cdcmarijuana! --------
L 07/10/2020 - 11:38:51: [adminsounds.smx] 0 sounds loaded
L 07/10/2020 - 11:38:56: [randomcycle.smx] RandomCycle has chosen cdcmarijuana! for the nextmap.
L 07/10/2020 - 11:45:49: [mapchooser.smx] Voting for next map has started.
L 07/10/2020 - 11:49:50: [SM] Changed map to "dod_football_a"
L 07/10/2020 - 11:49:50: [SM] Changed map to "dod_football_a"
L 07/10/2020 - 11:49:52: -------- Mapchange to dod_football_a --------
L 07/10/2020 - 11:49:52: [adminsounds.smx] 0 sounds loaded
L 07/10/2020 - 11:49:53: -------- Mapchange to dod_football_a --------
L 07/10/2020 - 11:49:53: [adminsounds.smx] 0 sounds loaded
L 07/10/2020 - 11:49:59: [randomcycle.smx] RandomCycle has chosen dod_aimap_b1 for the nextmap.
L 07/10/2020 - 11:56:52: [mapchooser.smx] Voting for next map has started.
L 07/10/2020 - 12:00:53: [SM] Changed map to "dod_iceworld_final_[bds]_doc"
L 07/10/2020 - 12:00:53: [SM] Changed map to "dod_iceworld_final_[bds]_doc"
L 07/10/2020 - 12:00:54: -------- Mapchange to dod_iceworld_final_[bds]_doc --------
L 07/10/2020 - 12:00:54: [adminsounds.smx] 0 sounds loaded
L 07/10/2020 - 12:00:56: -------- Mapchange to dod_iceworld_final_[bds]_doc --------
L 07/10/2020 - 12:00:56: [adminsounds.smx] 0 sounds loaded
L 07/10/2020 - 12:01:01: [randomcycle.smx] RandomCycle has chosen dod_kalt for the nextmap.
L 07/10/2020 - 12:07:54: [mapchooser.smx] Voting for next map has started.
L 07/10/2020 - 12:11:55: [SM] Changed map to "dod_sniper_killbox_v2"
L 07/10/2020 - 12:11:55: [SM] Changed map to "dod_sniper_killbox_v2"
L 07/10/2020 - 12:11:57: -------- Mapchange to dod_sniper_killbox_v2 --------
L 07/10/2020 - 12:11:57: [adminsounds.smx] 0 sounds loaded
L 07/10/2020 - 12:11:59: -------- Mapchange to dod_sniper_killbox_v2 --------
L 07/10/2020 - 12:11:59: [adminsounds.smx] 0 sounds loaded
L 07/10/2020 - 12:12:04: [randomcycle.smx] RandomCycle has chosen dod_donner for the nextmap.
L 07/10/2020 - 12:18:57: [mapchooser.smx] Voting for next map has started.
L 07/10/2020 - 12:22:58: [SM] Changed map to "dod_solitude_rats"
L 07/10/2020 - 12:22:58: [SM] Changed map to "dod_solitude_rats"
L 07/10/2020 - 12:23:00: -------- Mapchange to dod_solitude_rats --------
L 07/10/2020 - 12:23:00: [adminsounds.smx] 0 sounds loaded
L 07/10/2020 - 12:23:02: -------- Mapchange to dod_solitude_rats --------
L 07/10/2020 - 12:23:02: [adminsounds.smx] 0 sounds loaded
L 07/10/2020 - 12:23:07: [randomcycle.smx] RandomCycle has chosen dod_sniperarena_dgs2 for the nextmap.
L 07/10/2020 - 12:30:00: [mapchooser.smx] Voting for next map has started.
L 07/10/2020 - 12:34:01: [SM] Changed map to "dod_orange_castel_evolution"
L 07/10/2020 - 12:34:01: [SM] Changed map to "dod_orange_castel_evolution"
L 07/10/2020 - 12:34:03: -------- Mapchange to dod_orange_castel_evolution --------
L 07/10/2020 - 12:34:03: [adminsounds.smx] 0 sounds loaded
L 07/10/2020 - 12:34:04: -------- Mapchange to dod_orange_castel_evolution --------
L 07/10/2020 - 12:34:04: [adminsounds.smx] 0 sounds loaded
L 07/10/2020 - 12:34:10: [randomcycle.smx] RandomCycle has chosen dod_solitude_rats for the nextmap.
L 07/10/2020 - 12:41:03: [mapchooser.smx] Voting for next map has started.
L 07/10/2020 - 12:45:04: [SM] Changed map to "dod_avalanche@night"
L 07/10/2020 - 12:45:04: [SM] Changed map to "dod_avalanche@night"
L 07/10/2020 - 12:45:06: -------- Mapchange to dod_avalanche@night --------
L 07/10/2020 - 12:45:06: [adminsounds.smx] 0 sounds loaded
L 07/10/2020 - 12:45:08: -------- Mapchange to dod_avalanche@night --------
L 07/10/2020 - 12:45:08: [adminsounds.smx] 0 sounds loaded
L 07/10/2020 - 12:45:14: [randomcycle.smx] RandomCycle has chosen dod_risk_b9 for the nextmap.
L 07/10/2020 - 12:52:07: [mapchooser.smx] Voting for next map has started.
L 07/10/2020 - 12:56:08: [SM] Changed map to "dod_donner"
L 07/10/2020 - 12:56:08: [SM] Changed map to "dod_donner"
L 07/10/2020 - 12:56:09: -------- Mapchange to dod_donner --------
L 07/10/2020 - 12:56:09: [adminsounds.smx] 0 sounds loaded
L 07/10/2020 - 12:56:11: -------- Mapchange to dod_donner --------
L 07/10/2020 - 12:56:12: [adminsounds.smx] 0 sounds loaded
L 07/10/2020 - 12:56:17: [randomcycle.smx] RandomCycle has chosen dod_4pyramides for the nextmap.
L 07/10/2020 - 13:03:10: [mapchooser.smx] Voting for next map has started.
L 07/10/2020 - 13:07:11: [SM] Changed map to "acc_labice"
L 07/10/2020 - 13:07:11: [SM] Changed map to "acc_labice"
L 07/10/2020 - 13:07:12: -------- Mapchange to acc_labice --------
L 07/10/2020 - 13:07:12: [adminsounds.smx] 0 sounds loaded
L 07/10/2020 - 13:07:14: -------- Mapchange to acc_labice --------
L 07/10/2020 - 13:07:14: [adminsounds.smx] 0 sounds loaded
L 07/10/2020 - 13:07:20: [randomcycle.smx] RandomCycle has chosen dod_sewer_rats_b1 for the nextmap.
L 07/10/2020 - 13:14:13: [mapchooser.smx] Voting for next map has started.
L 07/10/2020 - 13:18:14: [SM] Changed map to "dod_oasis_v1a"
L 07/10/2020 - 13:18:14: [SM] Changed map to "dod_oasis_v1a"
L 07/10/2020 - 13:18:15: -------- Mapchange to dod_oasis_v1a --------
L 07/10/2020 - 13:18:16: [adminsounds.smx] 0 sounds loaded
L 07/10/2020 - 13:18:18: -------- Mapchange to dod_oasis_v1a --------
L 07/10/2020 - 13:18:18: [adminsounds.smx] 0 sounds loaded
L 07/10/2020 - 13:18:23: [randomcycle.smx] RandomCycle has chosen dod_cdc_rats_rm for the nextmap.
L 07/10/2020 - 13:25:16: [mapchooser.smx] Voting for next map has started.
L 07/10/2020 - 13:29:17: [SM] Changed map to "dod_orange_sniper"
L 07/10/2020 - 13:29:17: [SM] Changed map to "dod_orange_sniper"
L 07/10/2020 - 13:29:19: -------- Mapchange to dod_orange_sniper --------
L 07/10/2020 - 13:29:19: [adminsounds.smx] 0 sounds loaded
L 07/10/2020 - 13:29:21: -------- Mapchange to dod_orange_sniper --------
L 07/10/2020 - 13:29:21: [adminsounds.smx] 0 sounds loaded
L 07/10/2020 - 13:29:26: [randomcycle.smx] RandomCycle has chosen dod_sniper_wars_beta for the nextmap.
L 07/10/2020 - 13:36:19: [mapchooser.smx] Voting for next map has started.
L 07/10/2020 - 13:40:20: [SM] Changed map to "dod_orange_wallhack"
L 07/10/2020 - 13:40:20: [SM] Changed map to "dod_orange_wallhack"
L 07/10/2020 - 13:40:21: -------- Mapchange to dod_orange_wallhack --------
L 07/10/2020 - 13:40:21: [adminsounds.smx] 0 sounds loaded
L 07/10/2020 - 13:40:23: -------- Mapchange to dod_orange_wallhack --------
L 07/10/2020 - 13:40:23: [adminsounds.smx] 0 sounds loaded
L 07/10/2020 - 13:40:29: [randomcycle.smx] RandomCycle has chosen dod_deux_chateaux_final for the nextmap.
L 07/10/2020 - 13:47:22: [mapchooser.smx] Voting for next map has started.
L 07/10/2020 - 13:51:23: [SM] Changed map to "dod_jagd"
L 07/10/2020 - 13:51:23: [SM] Changed map to "dod_jagd"
L 07/10/2020 - 13:51:26: -------- Mapchange to dod_jagd --------
L 07/10/2020 - 13:51:26: [adminsounds.smx] 0 sounds loaded
L 07/10/2020 - 13:51:29: -------- Mapchange to dod_jagd --------
L 07/10/2020 - 13:51:29: [adminsounds.smx] 0 sounds loaded
L 07/10/2020 - 13:51:34: [randomcycle.smx] RandomCycle has chosen dod_football_a for the nextmap.
L 07/10/2020 - 13:58:27: [mapchooser.smx] Voting for next map has started.
L 07/10/2020 - 14:02:28: [SM] Changed map to "dod_flash"
L 07/10/2020 - 14:02:28: [SM] Changed map to "dod_flash"
L 07/10/2020 - 14:02:30: -------- Mapchange to dod_flash --------
L 07/10/2020 - 14:02:30: [adminsounds.smx] 0 sounds loaded
L 07/10/2020 - 14:02:32: -------- Mapchange to dod_flash --------
L 07/10/2020 - 14:02:32: [adminsounds.smx] 0 sounds loaded
L 07/10/2020 - 14:02:38: [randomcycle.smx] RandomCycle has chosen dod_iceworld_final_[bds]_doc for the nextmap.
L 07/10/2020 - 14:09:31: [mapchooser.smx] Voting for next map has started.
L 07/10/2020 - 14:13:32: [SM] Changed map to "dod_avalanche@night"
L 07/10/2020 - 14:13:32: [SM] Changed map to "dod_avalanche@night"
L 07/10/2020 - 14:13:34: -------- Mapchange to dod_avalanche@night --------
L 07/10/2020 - 14:13:34: [adminsounds.smx] 0 sounds loaded
L 07/10/2020 - 14:13:36: -------- Mapchange to dod_avalanche@night --------
L 07/10/2020 - 14:13:36: [adminsounds.smx] 0 sounds loaded
L 07/10/2020 - 14:13:42: [randomcycle.smx] RandomCycle has chosen dod_donner for the nextmap.
L 07/10/2020 - 14:20:35: [mapchooser.smx] Voting for next map has started.
L 07/10/2020 - 14:24:36: [SM] Changed map to "dod_solitude_rats"
L 07/10/2020 - 14:24:36: [SM] Changed map to "dod_solitude_rats"
L 07/10/2020 - 14:24:37: -------- Mapchange to dod_solitude_rats --------
L 07/10/2020 - 14:24:37: [adminsounds.smx] 0 sounds loaded
L 07/10/2020 - 14:24:39: -------- Mapchange to dod_solitude_rats --------
L 07/10/2020 - 14:24:39: [adminsounds.smx] 0 sounds loaded
L 07/10/2020 - 14:24:45: [randomcycle.smx] RandomCycle has chosen dod_fullhouse for the nextmap.
L 07/10/2020 - 14:31:38: [mapchooser.smx] Voting for next map has started.
L 07/10/2020 - 14:35:39: [SM] Changed map to "sniperzone"
L 07/10/2020 - 14:35:39: [SM] Changed map to "sniperzone"
L 07/10/2020 - 14:35:40: -------- Mapchange to sniperzone --------
L 07/10/2020 - 14:35:40: [adminsounds.smx] 0 sounds loaded
L 07/10/2020 - 14:35:42: -------- Mapchange to sniperzone --------
L 07/10/2020 - 14:35:42: [adminsounds.smx] 0 sounds loaded
L 07/10/2020 - 14:35:48: [randomcycle.smx] RandomCycle has chosen dod_orange_wallhack for the nextmap.
L 07/10/2020 - 14:42:41: [mapchooser.smx] Voting for next map has started.
L 07/10/2020 - 14:46:42: [SM] Changed map to "dod_sewer_rats_b1"
L 07/10/2020 - 14:46:42: [SM] Changed map to "dod_sewer_rats_b1"
L 07/10/2020 - 14:46:43: -------- Mapchange to dod_sewer_rats_b1 --------
L 07/10/2020 - 14:46:43: [adminsounds.smx] 0 sounds loaded
L 07/10/2020 - 14:46:46: -------- Mapchange to dod_sewer_rats_b1 --------
L 07/10/2020 - 14:46:46: [adminsounds.smx] 0 sounds loaded
L 07/10/2020 - 14:46:51: [randomcycle.smx] RandomCycle has chosen dod_bunky2_modified for the nextmap.
L 07/10/2020 - 14:53:44: [mapchooser.smx] Voting for next map has started.
L 07/10/2020 - 14:57:45: [SM] Changed map to "dod_colmar"
L 07/10/2020 - 14:57:45: [SM] Changed map to "dod_colmar"
L 07/10/2020 - 14:57:48: -------- Mapchange to dod_colmar --------
L 07/10/2020 - 14:57:48: [adminsounds.smx] 0 sounds loaded
L 07/10/2020 - 14:57:51: -------- Mapchange to dod_colmar --------
L 07/10/2020 - 14:57:51: [adminsounds.smx] 0 sounds loaded
L 07/10/2020 - 14:57:56: [randomcycle.smx] RandomCycle has chosen sniperzone for the nextmap.
L 07/10/2020 - 15:04:49: [mapchooser.smx] Voting for next map has started.
L 07/10/2020 - 15:08:50: [SM] Changed map to "dod_solitude_rats"
L 07/10/2020 - 15:08:50: [SM] Changed map to "dod_solitude_rats"
L 07/10/2020 - 15:08:52: -------- Mapchange to dod_solitude_rats --------
L 07/10/2020 - 15:08:52: [adminsounds.smx] 0 sounds loaded
L 07/10/2020 - 15:08:54: -------- Mapchange to dod_solitude_rats --------
L 07/10/2020 - 15:08:54: [adminsounds.smx] 0 sounds loaded
L 07/10/2020 - 15:09:00: [randomcycle.smx] RandomCycle has chosen dod_murky_p2 for the nextmap.
L 07/10/2020 - 15:15:53: [mapchooser.smx] Voting for next map has started.
L 07/10/2020 - 15:19:54: [SM] Changed map to "sniperzone"
L 07/10/2020 - 15:19:54: [SM] Changed map to "sniperzone"
L 07/10/2020 - 15:19:55: -------- Mapchange to sniperzone --------
L 07/10/2020 - 15:19:55: [adminsounds.smx] 0 sounds loaded
L 07/10/2020 - 15:19:58: -------- Mapchange to sniperzone --------
L 07/10/2020 - 15:19:58: [adminsounds.smx] 0 sounds loaded
L 07/10/2020 - 15:20:03: [randomcycle.smx] RandomCycle has chosen dod_orange_sniper for the nextmap.
L 07/10/2020 - 15:26:56: [mapchooser.smx] Voting for next map has started.
L 07/10/2020 - 15:30:57: [SM] Changed map to "dod_cdc_rats_rm"
L 07/10/2020 - 15:30:57: [SM] Changed map to "dod_cdc_rats_rm"
L 07/10/2020 - 15:30:59: -------- Mapchange to dod_cdc_rats_rm --------
L 07/10/2020 - 15:30:59: [adminsounds.smx] 0 sounds loaded
L 07/10/2020 - 15:31:01: -------- Mapchange to dod_cdc_rats_rm --------
L 07/10/2020 - 15:31:01: [adminsounds.smx] 0 sounds loaded
L 07/10/2020 - 15:31:07: [randomcycle.smx] RandomCycle has chosen dod_avalanche@night for the nextmap.
L 07/10/2020 - 15:38:00: [mapchooser.smx] Voting for next map has started.
L 07/10/2020 - 15:42:01: [SM] Changed map to "dod_football_a"
L 07/10/2020 - 15:42:01: [SM] Changed map to "dod_football_a"
L 07/10/2020 - 15:42:02: -------- Mapchange to dod_football_a --------
L 07/10/2020 - 15:42:02: [adminsounds.smx] 0 sounds loaded
L 07/10/2020 - 15:42:04: -------- Mapchange to dod_football_a --------
L 07/10/2020 - 15:42:04: [adminsounds.smx] 0 sounds loaded
L 07/10/2020 - 15:42:10: [randomcycle.smx] RandomCycle has chosen dod_solitude_rats for the nextmap.
L 07/10/2020 - 15:49:03: [mapchooser.smx] Voting for next map has started.
L 07/10/2020 - 15:53:04: [SM] Changed map to "dod_orange_wallhack"
L 07/10/2020 - 15:53:04: [SM] Changed map to "dod_orange_wallhack"
L 07/10/2020 - 15:53:05: -------- Mapchange to dod_orange_wallhack --------
L 07/10/2020 - 15:53:05: [adminsounds.smx] 0 sounds loaded
L 07/10/2020 - 15:53:07: -------- Mapchange to dod_orange_wallhack --------
L 07/10/2020 - 15:53:08: [adminsounds.smx] 0 sounds loaded
L 07/10/2020 - 15:53:13: [randomcycle.smx] RandomCycle has chosen dod_jagd for the nextmap.
L 07/10/2020 - 16:00:06: [mapchooser.smx] Voting for next map has started.
L 07/10/2020 - 16:04:07: [SM] Changed map to "dod_orange_damier_v2"
L 07/10/2020 - 16:04:07: [SM] Changed map to "dod_orange_damier_v2"
L 07/10/2020 - 16:04:09: -------- Mapchange to dod_orange_damier_v2 --------
L 07/10/2020 - 16:04:09: [adminsounds.smx] 0 sounds loaded
L 07/10/2020 - 16:04:11: -------- Mapchange to dod_orange_damier_v2 --------
L 07/10/2020 - 16:04:11: [adminsounds.smx] 0 sounds loaded
L 07/10/2020 - 16:04:16: [randomcycle.smx] RandomCycle has chosen dod_football_a for the nextmap.
L 07/10/2020 - 16:11:09: [mapchooser.smx] Voting for next map has started.
L 07/10/2020 - 16:15:10: [SM] Changed map to "dod_fullhouse"
L 07/10/2020 - 16:15:10: [SM] Changed map to "dod_fullhouse"
L 07/10/2020 - 16:15:12: -------- Mapchange to dod_fullhouse --------
L 07/10/2020 - 16:15:12: [adminsounds.smx] 0 sounds loaded
L 07/10/2020 - 16:15:14: -------- Mapchange to dod_fullhouse --------
L 07/10/2020 - 16:15:14: [adminsounds.smx] 0 sounds loaded
L 07/10/2020 - 16:15:20: [randomcycle.smx] RandomCycle has chosen dod_monopoly_source for the nextmap.
L 07/10/2020 - 16:22:13: [mapchooser.smx] Voting for next map has started.
L 07/10/2020 - 16:26:14: [SM] Changed map to "dod_anzio"
L 07/10/2020 - 16:26:14: [SM] Changed map to "dod_anzio"
L 07/10/2020 - 16:26:16: -------- Mapchange to dod_anzio --------
L 07/10/2020 - 16:26:16: [adminsounds.smx] 0 sounds loaded
L 07/10/2020 - 16:26:19: -------- Mapchange to dod_anzio --------
L 07/10/2020 - 16:26:19: [adminsounds.smx] 0 sounds loaded
L 07/10/2020 - 16:26:24: [randomcycle.smx] RandomCycle has chosen dod_sand_rats_2006 for the nextmap.
L 07/10/2020 - 16:33:17: [mapchooser.smx] Voting for next map has started.
L 07/10/2020 - 16:37:18: [SM] Changed map to "dod_sucette_v3"
L 07/10/2020 - 16:37:18: [SM] Changed map to "dod_sucette_v3"
L 07/10/2020 - 16:37:20: -------- Mapchange to dod_sucette_v3 --------
L 07/10/2020 - 16:37:20: [adminsounds.smx] 0 sounds loaded
L 07/10/2020 - 16:37:22: -------- Mapchange to dod_sucette_v3 --------
L 07/10/2020 - 16:37:22: [adminsounds.smx] 0 sounds loaded
L 07/10/2020 - 16:37:28: [randomcycle.smx] RandomCycle has chosen dod_sniper_wars_beta for the nextmap.
L 07/10/2020 - 16:44:21: [mapchooser.smx] Voting for next map has started.
L 07/10/2020 - 16:48:22: [SM] Changed map to "dod_cdc_rats_rm"
L 07/10/2020 - 16:48:22: [SM] Changed map to "dod_cdc_rats_rm"
L 07/10/2020 - 16:48:23: -------- Mapchange to dod_cdc_rats_rm --------
L 07/10/2020 - 16:48:23: [adminsounds.smx] 0 sounds loaded
L 07/10/2020 - 16:48:26: -------- Mapchange to dod_cdc_rats_rm --------
L 07/10/2020 - 16:48:26: [adminsounds.smx] 0 sounds loaded
L 07/10/2020 - 16:48:31: [randomcycle.smx] RandomCycle has chosen dod_legoland_b2 for the nextmap.
L 07/10/2020 - 16:55:24: [mapchooser.smx] Voting for next map has started.
L 07/10/2020 - 16:59:25: [SM] Changed map to "dod_oasis_v1a"
L 07/10/2020 - 16:59:25: [SM] Changed map to "dod_oasis_v1a"
L 07/10/2020 - 16:59:27: -------- Mapchange to dod_oasis_v1a --------
L 07/10/2020 - 16:59:27: [adminsounds.smx] 0 sounds loaded
L 07/10/2020 - 16:59:29: -------- Mapchange to dod_oasis_v1a --------
L 07/10/2020 - 16:59:29: [adminsounds.smx] 0 sounds loaded
L 07/10/2020 - 16:59:35: [randomcycle.smx] RandomCycle has chosen dod_colmar for the nextmap.
L 07/10/2020 - 17:06:28: [mapchooser.smx] Voting for next map has started.
L 07/10/2020 - 17:10:29: [SM] Changed map to "dod_colmar"
L 07/10/2020 - 17:10:29: [SM] Changed map to "dod_colmar"
L 07/10/2020 - 17:10:32: -------- Mapchange to dod_colmar --------
L 07/10/2020 - 17:10:32: [adminsounds.smx] 0 sounds loaded
L 07/10/2020 - 17:10:35: -------- Mapchange to dod_colmar --------
L 07/10/2020 - 17:10:35: [adminsounds.smx] 0 sounds loaded
L 07/10/2020 - 17:10:40: [randomcycle.smx] RandomCycle has chosen dod_argentan for the nextmap.
L 07/10/2020 - 17:17:34: [mapchooser.smx] Voting for next map has started.
L 07/10/2020 - 17:21:35: [SM] Changed map to "dod_bigbunky_v4"
L 07/10/2020 - 17:21:35: [SM] Changed map to "dod_bigbunky_v4"
L 07/10/2020 - 17:21:36: -------- Mapchange to dod_bigbunky_v4 --------
L 07/10/2020 - 17:21:36: [adminsounds.smx] 0 sounds loaded
L 07/10/2020 - 17:21:39: -------- Mapchange to dod_bigbunky_v4 --------
L 07/10/2020 - 17:21:39: [adminsounds.smx] 0 sounds loaded
L 07/10/2020 - 17:21:44: [randomcycle.smx] RandomCycle has chosen dod_iceworld_final_[bds]_doc for the nextmap.
L 07/10/2020 - 17:28:37: [mapchooser.smx] Voting for next map has started.
L 07/10/2020 - 17:32:38: [SM] Changed map to "dod_avalanche"
L 07/10/2020 - 17:32:38: [SM] Changed map to "dod_avalanche"
L 07/10/2020 - 17:32:40: -------- Mapchange to dod_avalanche --------
L 07/10/2020 - 17:32:40: [adminsounds.smx] 0 sounds loaded
L 07/10/2020 - 17:32:43: -------- Mapchange to dod_avalanche --------
L 07/10/2020 - 17:32:43: [adminsounds.smx] 0 sounds loaded
L 07/10/2020 - 17:32:49: [randomcycle.smx] RandomCycle has chosen dod_avalanche@night for the nextmap.
L 07/10/2020 - 17:39:42: [mapchooser.smx] Voting for next map has started.
L 07/10/2020 - 17:43:43: [SM] Changed map to "dod_dli_football_b1"
L 07/10/2020 - 17:43:43: [SM] Changed map to "dod_dli_football_b1"
L 07/10/2020 - 17:43:44: -------- Mapchange to dod_dli_football_b1 --------
L 07/10/2020 - 17:43:44: [adminsounds.smx] 0 sounds loaded
L 07/10/2020 - 17:43:47: -------- Mapchange to dod_dli_football_b1 --------
L 07/10/2020 - 17:43:47: [adminsounds.smx] 0 sounds loaded
L 07/10/2020 - 17:43:52: [randomcycle.smx] RandomCycle has chosen dod_bigbunky_v4 for the nextmap.
L 07/10/2020 - 17:50:46: [mapchooser.smx] Voting for next map has started.
L 07/10/2020 - 17:54:47: [SM] Changed map to "acc_labice"
L 07/10/2020 - 17:54:47: [SM] Changed map to "acc_labice"
L 07/10/2020 - 17:54:48: -------- Mapchange to acc_labice --------
L 07/10/2020 - 17:54:48: [adminsounds.smx] 0 sounds loaded
L 07/10/2020 - 17:54:50: -------- Mapchange to acc_labice --------
L 07/10/2020 - 17:54:51: [adminsounds.smx] 0 sounds loaded
L 07/10/2020 - 17:54:56: [randomcycle.smx] RandomCycle has chosen dod_mousekitchen_ed for the nextmap.
L 07/10/2020 - 18:01:49: [mapchooser.smx] Voting for next map has started.
L 07/10/2020 - 18:05:50: [SM] Changed map to "dod_mousekitchen_ed"
L 07/10/2020 - 18:05:50: [SM] Changed map to "dod_mousekitchen_ed"
L 07/10/2020 - 18:05:52: -------- Mapchange to dod_mousekitchen_ed --------
L 07/10/2020 - 18:05:52: [adminsounds.smx] 0 sounds loaded
L 07/10/2020 - 18:05:54: -------- Mapchange to dod_mousekitchen_ed --------
L 07/10/2020 - 18:05:54: [adminsounds.smx] 0 sounds loaded
L 07/10/2020 - 18:06:00: [randomcycle.smx] RandomCycle has chosen dod_kalt for the nextmap.
L 07/10/2020 - 18:12:53: [mapchooser.smx] Voting for next map has started.
L 07/10/2020 - 18:16:54: [SM] Changed map to "dod_chocolate_fight_arena"
L 07/10/2020 - 18:16:54: [SM] Changed map to "dod_chocolate_fight_arena"
L 07/10/2020 - 18:16:56: -------- Mapchange to dod_chocolate_fight_arena --------
L 07/10/2020 - 18:16:56: [adminsounds.smx] 0 sounds loaded
L 07/10/2020 - 18:16:58: -------- Mapchange to dod_chocolate_fight_arena --------
L 07/10/2020 - 18:16:58: [adminsounds.smx] 0 sounds loaded
L 07/10/2020 - 18:17:04: [randomcycle.smx] RandomCycle has chosen dod_orange_wallhack for the nextmap.
L 07/10/2020 - 18:23:57: [mapchooser.smx] Voting for next map has started.
L 07/10/2020 - 18:27:58: [SM] Changed map to "dod_orange_wallhack"
L 07/10/2020 - 18:27:58: [SM] Changed map to "dod_orange_wallhack"
L 07/10/2020 - 18:27:59: -------- Mapchange to dod_orange_wallhack --------
L 07/10/2020 - 18:28:00: [adminsounds.smx] 0 sounds loaded
L 07/10/2020 - 18:28:02: -------- Mapchange to dod_orange_wallhack --------
L 07/10/2020 - 18:28:02: [adminsounds.smx] 0 sounds loaded
L 07/10/2020 - 18:28:08: [randomcycle.smx] RandomCycle has chosen dod_dust2_snow_xmas for the nextmap.
L 07/10/2020 - 18:35:01: [mapchooser.smx] Voting for next map has started.
L 07/10/2020 - 18:39:02: [SM] Changed map to "dod_orange_damier_v2"
L 07/10/2020 - 18:39:02: [SM] Changed map to "dod_orange_damier_v2"
L 07/10/2020 - 18:39:03: -------- Mapchange to dod_orange_damier_v2 --------
L 07/10/2020 - 18:39:03: [adminsounds.smx] 0 sounds loaded
L 07/10/2020 - 18:39:06: -------- Mapchange to dod_orange_damier_v2 --------
L 07/10/2020 - 18:39:06: [adminsounds.smx] 0 sounds loaded
L 07/10/2020 - 18:39:11: [randomcycle.smx] RandomCycle has chosen dod_orange_bridges for the nextmap.
L 07/10/2020 - 18:46:04: [mapchooser.smx] Voting for next map has started.
L 07/10/2020 - 18:50:05: [SM] Changed map to "dod_legoland_b2"
L 07/10/2020 - 18:50:05: [SM] Changed map to "dod_legoland_b2"
L 07/10/2020 - 18:50:07: -------- Mapchange to dod_legoland_b2 --------
L 07/10/2020 - 18:50:07: [adminsounds.smx] 0 sounds loaded
L 07/10/2020 - 18:50:10: -------- Mapchange to dod_legoland_b2 --------
L 07/10/2020 - 18:50:10: [adminsounds.smx] 0 sounds loaded
L 07/10/2020 - 18:50:15: [randomcycle.smx] RandomCycle has chosen dod_murky_p2 for the nextmap.
L 07/10/2020 - 18:57:08: [mapchooser.smx] Voting for next map has started.
L 07/10/2020 - 19:01:09: [SM] Changed map to "dod_kalt"
L 07/10/2020 - 19:01:09: [SM] Changed map to "dod_kalt"
L 07/10/2020 - 19:01:12: -------- Mapchange to dod_kalt --------
L 07/10/2020 - 19:01:12: [adminsounds.smx] 0 sounds loaded
L 07/10/2020 - 19:01:14: -------- Mapchange to dod_kalt --------
L 07/10/2020 - 19:01:14: [adminsounds.smx] 0 sounds loaded
L 07/10/2020 - 19:01:20: [randomcycle.smx] RandomCycle has chosen dod_beer_circus for the nextmap.
L 07/10/2020 - 19:08:13: [mapchooser.smx] Voting for next map has started.
L 07/10/2020 - 19:12:14: [SM] Changed map to "dod_solitude_rats"
L 07/10/2020 - 19:12:14: [SM] Changed map to "dod_solitude_rats"
L 07/10/2020 - 19:12:16: -------- Mapchange to dod_solitude_rats --------
L 07/10/2020 - 19:12:16: [adminsounds.smx] 0 sounds loaded
L 07/10/2020 - 19:12:19: -------- Mapchange to dod_solitude_rats --------
L 07/10/2020 - 19:12:19: [adminsounds.smx] 0 sounds loaded
L 07/10/2020 - 19:12:24: [randomcycle.smx] RandomCycle has chosen dod_dli_football_b1 for the nextmap.
L 07/10/2020 - 19:19:17: [mapchooser.smx] Voting for next map has started.
L 07/10/2020 - 19:23:18: [SM] Changed map to "dod_sucette_v3"
L 07/10/2020 - 19:23:18: [SM] Changed map to "dod_sucette_v3"
L 07/10/2020 - 19:23:20: -------- Mapchange to dod_sucette_v3 --------
L 07/10/2020 - 19:23:20: [adminsounds.smx] 0 sounds loaded
L 07/10/2020 - 19:23:22: -------- Mapchange to dod_sucette_v3 --------
L 07/10/2020 - 19:23:22: [adminsounds.smx] 0 sounds loaded
L 07/10/2020 - 19:23:28: [randomcycle.smx] RandomCycle has chosen dod_donner for the nextmap.
L 07/10/2020 - 19:30:21: [mapchooser.smx] Voting for next map has started.
L 07/10/2020 - 19:34:22: [SM] Changed map to "dod_donner"
L 07/10/2020 - 19:34:22: [SM] Changed map to "dod_donner"
L 07/10/2020 - 19:34:24: -------- Mapchange to dod_donner --------
L 07/10/2020 - 19:34:24: [adminsounds.smx] 0 sounds loaded
L 07/10/2020 - 19:34:27: -------- Mapchange to dod_donner --------
L 07/10/2020 - 19:34:27: [adminsounds.smx] 0 sounds loaded
L 07/10/2020 - 19:34:33: [randomcycle.smx] RandomCycle has chosen dod_bunky2_modified for the nextmap.
L 07/10/2020 - 19:41:26: [mapchooser.smx] Voting for next map has started.
L 07/10/2020 - 19:45:27: [SM] Changed map to "dod_monopoly_source"
L 07/10/2020 - 19:45:27: [SM] Changed map to "dod_monopoly_source"
L 07/10/2020 - 19:45:28: -------- Mapchange to dod_monopoly_source --------
L 07/10/2020 - 19:45:28: [adminsounds.smx] 0 sounds loaded
L 07/10/2020 - 19:45:31: -------- Mapchange to dod_monopoly_source --------
L 07/10/2020 - 19:45:31: [adminsounds.smx] 0 sounds loaded
L 07/10/2020 - 19:45:37: [randomcycle.smx] RandomCycle has chosen dod_jagd for the nextmap.
L 07/10/2020 - 19:52:30: [mapchooser.smx] Voting for next map has started.
L 07/10/2020 - 19:56:31: [SM] Changed map to "dod_murky_p2"
L 07/10/2020 - 19:56:31: [SM] Changed map to "dod_murky_p2"
L 07/10/2020 - 19:56:32: -------- Mapchange to dod_murky_p2 --------
L 07/10/2020 - 19:56:33: [adminsounds.smx] 0 sounds loaded
L 07/10/2020 - 19:56:35: -------- Mapchange to dod_murky_p2 --------
L 07/10/2020 - 19:56:35: [adminsounds.smx] 0 sounds loaded
L 07/10/2020 - 19:56:41: [randomcycle.smx] RandomCycle has chosen dod_sand_rats_2006 for the nextmap.
L 07/10/2020 - 20:03:34: [mapchooser.smx] Voting for next map has started.
L 07/10/2020 - 20:07:35: [SM] Changed map to "dod_orange_sniper"
L 07/10/2020 - 20:07:35: [SM] Changed map to "dod_orange_sniper"
L 07/10/2020 - 20:07:36: -------- Mapchange to dod_orange_sniper --------
L 07/10/2020 - 20:07:36: [adminsounds.smx] 0 sounds loaded
L 07/10/2020 - 20:07:39: -------- Mapchange to dod_orange_sniper --------
L 07/10/2020 - 20:07:39: [adminsounds.smx] 0 sounds loaded
L 07/10/2020 - 20:07:45: [randomcycle.smx] RandomCycle has chosen dod_anzio for the nextmap.
L 07/10/2020 - 20:14:38: [mapchooser.smx] Voting for next map has started.
L 07/10/2020 - 20:18:39: [SM] Changed map to "dod_dli_football_b1"
L 07/10/2020 - 20:18:39: [SM] Changed map to "dod_dli_football_b1"
L 07/10/2020 - 20:18:40: -------- Mapchange to dod_dli_football_b1 --------
L 07/10/2020 - 20:18:40: [adminsounds.smx] 0 sounds loaded
L 07/10/2020 - 20:18:43: -------- Mapchange to dod_dli_football_b1 --------
L 07/10/2020 - 20:18:43: [adminsounds.smx] 0 sounds loaded
L 07/10/2020 - 20:18:49: [randomcycle.smx] RandomCycle has chosen dod_orange_wallhack for the nextmap.
L 07/10/2020 - 20:25:42: [mapchooser.smx] Voting for next map has started.
L 07/10/2020 - 20:29:43: [SM] Changed map to "babyfight_arena"
L 07/10/2020 - 20:29:43: [SM] Changed map to "babyfight_arena"
L 07/10/2020 - 20:29:45: -------- Mapchange to babyfight_arena --------
L 07/10/2020 - 20:29:45: [adminsounds.smx] 0 sounds loaded
L 07/10/2020 - 20:29:47: -------- Mapchange to babyfight_arena --------
L 07/10/2020 - 20:29:47: [adminsounds.smx] 0 sounds loaded
L 07/10/2020 - 20:29:53: [randomcycle.smx] RandomCycle has chosen dod_chocolate_fight_arena for the nextmap.
L 07/10/2020 - 20:36:46: [mapchooser.smx] Voting for next map has started.
L 07/10/2020 - 20:40:47: [SM] Changed map to "dod_sniper_killbox_v2"
L 07/10/2020 - 20:40:47: [SM] Changed map to "dod_sniper_killbox_v2"
L 07/10/2020 - 20:40:49: -------- Mapchange to dod_sniper_killbox_v2 --------
L 07/10/2020 - 20:40:49: [adminsounds.smx] 0 sounds loaded
L 07/10/2020 - 20:40:51: -------- Mapchange to dod_sniper_killbox_v2 --------
L 07/10/2020 - 20:40:52: [adminsounds.smx] 0 sounds loaded
L 07/10/2020 - 20:40:57: [randomcycle.smx] RandomCycle has chosen cdcmarijuana! for the nextmap.
L 07/10/2020 - 20:47:50: [mapchooser.smx] Voting for next map has started.
L 07/10/2020 - 20:51:52: [SM] Changed map to "dod_deux_chateaux_final"
L 07/10/2020 - 20:51:52: [SM] Changed map to "dod_deux_chateaux_final"
L 07/10/2020 - 20:51:54: -------- Mapchange to dod_deux_chateaux_final --------
L 07/10/2020 - 20:51:54: [adminsounds.smx] 0 sounds loaded
L 07/10/2020 - 20:51:57: -------- Mapchange to dod_deux_chateaux_final --------
L 07/10/2020 - 20:51:57: [adminsounds.smx] 0 sounds loaded
L 07/10/2020 - 20:52:02: [randomcycle.smx] RandomCycle has chosen dod_cdc_rats_rm for the nextmap.
L 07/10/2020 - 20:58:55: [mapchooser.smx] Voting for next map has started.
L 07/10/2020 - 21:02:56: [SM] Changed map to "dod_dust2_snow_xmas"
L 07/10/2020 - 21:02:56: [SM] Changed map to "dod_dust2_snow_xmas"
L 07/10/2020 - 21:02:58: -------- Mapchange to dod_dust2_snow_xmas --------
L 07/10/2020 - 21:02:58: [adminsounds.smx] 0 sounds loaded
L 07/10/2020 - 21:03:01: -------- Mapchange to dod_dust2_snow_xmas --------
L 07/10/2020 - 21:03:01: [adminsounds.smx] 0 sounds loaded
L 07/10/2020 - 21:03:07: [randomcycle.smx] RandomCycle has chosen dod_sniperarena_dgs2 for the nextmap.
L 07/10/2020 - 21:10:00: [mapchooser.smx] Voting for next map has started.
L 07/10/2020 - 21:14:01: [SM] Changed map to "dod_jagd"
L 07/10/2020 - 21:14:01: [SM] Changed map to "dod_jagd"
L 07/10/2020 - 21:14:04: -------- Mapchange to dod_jagd --------
L 07/10/2020 - 21:14:04: [adminsounds.smx] 0 sounds loaded
L 07/10/2020 - 21:14:08: -------- Mapchange to dod_jagd --------
L 07/10/2020 - 21:14:08: [adminsounds.smx] 0 sounds loaded
L 07/10/2020 - 21:14:14: [randomcycle.smx] RandomCycle has chosen dod_deux_chateaux_final for the nextmap.
L 07/10/2020 - 21:21:07: [mapchooser.smx] Voting for next map has started.
L 07/10/2020 - 21:25:08: [SM] Changed map to "mario_air"
L 07/10/2020 - 21:25:08: [SM] Changed map to "mario_air"
L 07/10/2020 - 21:25:09: -------- Mapchange to mario_air --------
L 07/10/2020 - 21:25:10: [adminsounds.smx] 0 sounds loaded
L 07/10/2020 - 21:25:12: -------- Mapchange to mario_air --------
L 07/10/2020 - 21:25:12: [adminsounds.smx] 0 sounds loaded
L 07/10/2020 - 21:25:18: [randomcycle.smx] RandomCycle has chosen babyfight_arena for the nextmap.
L 07/10/2020 - 21:32:11: [mapchooser.smx] Voting for next map has started.
L 07/10/2020 - 21:36:12: [SM] Changed map to "dod_legoland_b2"
L 07/10/2020 - 21:36:12: [SM] Changed map to "dod_legoland_b2"
L 07/10/2020 - 21:36:14: -------- Mapchange to dod_legoland_b2 --------
L 07/10/2020 - 21:36:14: [adminsounds.smx] 0 sounds loaded
L 07/10/2020 - 21:36:17: -------- Mapchange to dod_legoland_b2 --------
L 07/10/2020 - 21:36:17: [adminsounds.smx] 0 sounds loaded
L 07/10/2020 - 21:36:23: [randomcycle.smx] RandomCycle has chosen sniperzone for the nextmap.
L 07/10/2020 - 21:43:16: [mapchooser.smx] Voting for next map has started.
L 07/10/2020 - 21:47:17: [SM] Changed map to "dod_sniperarena_dgs2"
L 07/10/2020 - 21:47:17: [SM] Changed map to "dod_sniperarena_dgs2"
L 07/10/2020 - 21:47:18: -------- Mapchange to dod_sniperarena_dgs2 --------
L 07/10/2020 - 21:47:18: [adminsounds.smx] 0 sounds loaded
L 07/10/2020 - 21:47:21: -------- Mapchange to dod_sniperarena_dgs2 --------
L 07/10/2020 - 21:47:21: [adminsounds.smx] 0 sounds loaded
L 07/10/2020 - 21:47:27: [randomcycle.smx] RandomCycle has chosen dod_orange_bridges for the nextmap.
L 07/10/2020 - 21:54:20: [mapchooser.smx] Voting for next map has started.
L 07/10/2020 - 21:58:22: [SM] Changed map to "dod_orange_bridges"
L 07/10/2020 - 21:58:22: [SM] Changed map to "dod_orange_bridges"
L 07/10/2020 - 21:58:23: -------- Mapchange to dod_orange_bridges --------
L 07/10/2020 - 21:58:23: [adminsounds.smx] 0 sounds loaded
L 07/10/2020 - 21:58:26: -------- Mapchange to dod_orange_bridges --------
L 07/10/2020 - 21:58:26: [adminsounds.smx] 0 sounds loaded
L 07/10/2020 - 21:58:32: [randomcycle.smx] RandomCycle has chosen dod_flash for the nextmap.
L 07/10/2020 - 22:05:25: [mapchooser.smx] Voting for next map has started.
L 07/10/2020 - 22:09:26: [SM] Changed map to "dod_sniper_wars_beta"
L 07/10/2020 - 22:09:26: [SM] Changed map to "dod_sniper_wars_beta"
L 07/10/2020 - 22:09:28: -------- Mapchange to dod_sniper_wars_beta --------
L 07/10/2020 - 22:09:28: [adminsounds.smx] 0 sounds loaded
L 07/10/2020 - 22:09:30: -------- Mapchange to dod_sniper_wars_beta --------
L 07/10/2020 - 22:09:30: [adminsounds.smx] 0 sounds loaded
L 07/10/2020 - 22:09:36: [randomcycle.smx] RandomCycle has chosen dod_sucette_v3 for the nextmap.
L 07/10/2020 - 22:16:29: [mapchooser.smx] Voting for next map has started.
L 07/10/2020 - 22:20:30: [SM] Changed map to "dod_monopoly_source"
L 07/10/2020 - 22:20:30: [SM] Changed map to "dod_monopoly_source"
L 07/10/2020 - 22:20:32: -------- Mapchange to dod_monopoly_source --------
L 07/10/2020 - 22:20:32: [adminsounds.smx] 0 sounds loaded
L 07/10/2020 - 22:20:35: -------- Mapchange to dod_monopoly_source --------
L 07/10/2020 - 22:20:35: [adminsounds.smx] 0 sounds loaded
L 07/10/2020 - 22:20:41: [randomcycle.smx] RandomCycle has chosen dod_beer_circus for the nextmap.
L 07/10/2020 - 22:27:34: [mapchooser.smx] Voting for next map has started.
L 07/10/2020 - 22:31:35: [SM] Changed map to "dod_fullhouse"
L 07/10/2020 - 22:31:35: [SM] Changed map to "dod_fullhouse"
L 07/10/2020 - 22:31:36: -------- Mapchange to dod_fullhouse --------
L 07/10/2020 - 22:31:37: [adminsounds.smx] 0 sounds loaded
L 07/10/2020 - 22:31:39: -------- Mapchange to dod_fullhouse --------
L 07/10/2020 - 22:31:39: [adminsounds.smx] 0 sounds loaded
L 07/10/2020 - 22:31:45: [randomcycle.smx] RandomCycle has chosen dod_orange_cancrelats for the nextmap.
L 07/10/2020 - 22:38:38: [mapchooser.smx] Voting for next map has started.
L 07/10/2020 - 22:42:39: [SM] Changed map to "cdcmarijuana!"
L 07/10/2020 - 22:42:39: [SM] Changed map to "cdcmarijuana!"
L 07/10/2020 - 22:42:41: -------- Mapchange to cdcmarijuana! --------
L 07/10/2020 - 22:42:41: [adminsounds.smx] 0 sounds loaded
L 07/10/2020 - 22:42:44: -------- Mapchange to cdcmarijuana! --------
L 07/10/2020 - 22:42:44: [adminsounds.smx] 0 sounds loaded
L 07/10/2020 - 22:42:50: [randomcycle.smx] RandomCycle has chosen dod_anzio for the nextmap.
L 07/10/2020 - 22:49:43: [mapchooser.smx] Voting for next map has started.
L 07/10/2020 - 22:53:44: [SM] Changed map to "dod_4pyramides"
L 07/10/2020 - 22:53:44: [SM] Changed map to "dod_4pyramides"
L 07/10/2020 - 22:53:46: -------- Mapchange to dod_4pyramides --------
L 07/10/2020 - 22:53:46: [adminsounds.smx] 0 sounds loaded
L 07/10/2020 - 22:53:49: -------- Mapchange to dod_4pyramides --------
L 07/10/2020 - 22:53:49: [adminsounds.smx] 0 sounds loaded
L 07/10/2020 - 22:53:55: [randomcycle.smx] RandomCycle has chosen dod_sniper_wars_beta for the nextmap.
L 07/10/2020 - 23:00:48: [mapchooser.smx] Voting for next map has started.
L 07/10/2020 - 23:04:49: [SM] Changed map to "dod_avalanche@night"
L 07/10/2020 - 23:04:49: [SM] Changed map to "dod_avalanche@night"
L 07/10/2020 - 23:04:51: -------- Mapchange to dod_avalanche@night --------
L 07/10/2020 - 23:04:51: [adminsounds.smx] 61 sounds loaded
L 07/10/2020 - 23:04:54: -------- Mapchange to dod_avalanche@night --------
L 07/10/2020 - 23:04:54: [adminsounds.smx] 61 sounds loaded
L 07/10/2020 - 23:05:00: [randomcycle.smx] RandomCycle has chosen dod_monopoly_source for the nextmap.
L 07/10/2020 - 23:12:05: SourceMod log file session started (file "/home/srvdod/srcds/dod_s/dod/addons/sourcemod/logs/L20200710.log") (Version "1.10.0.6490")
L 07/10/2020 - 23:12:05: [adminsounds.smx] 62 sounds loaded
L 07/10/2020 - 23:12:12: [randomcycle.smx] RandomCycle has chosen dod_sniperarena_dgs2 for the nextmap.
L 07/10/2020 - 23:16:06: [adminsounds.smx] "B0UL3T___0N3<2><[U:1:37484034]><>" launch the sound sons - "Feel Good"
L 07/10/2020 - 23:18:57: [adminsounds.smx] "B0UL3T___0N3<2><[U:1:37484034]><>" launch the sound sons - "Burn"
L 07/10/2020 - 23:19:14: [adminsounds.smx] "B0UL3T___0N3<2><[U:1:37484034]><>" launch the sound 0 - "ACDC"
L 07/10/2020 - 23:19:22: [mapchooser.smx] Voting for next map has started.
L 07/10/2020 - 23:21:14: [adminsounds.smx] "B0UL3T___0N3<4><[U:1:37484034]><>" launch the sound 0 - "Albatra"
L 07/10/2020 - 23:22:00: [adminsounds.smx] "B0UL3T___0N3<4><[U:1:37484034]><>" launch the sound 0 - "ACDC"
L 07/10/2020 - 23:23:24: [SM] Changed map to "dod_sand_rats_2006"
L 07/10/2020 - 23:23:24: [SM] Changed map to "dod_sand_rats_2006"
L 07/10/2020 - 23:23:26: -------- Mapchange to dod_sand_rats_2006 --------
L 07/10/2020 - 23:23:26: [adminsounds.smx] 62 sounds loaded
L 07/10/2020 - 23:23:29: -------- Mapchange to dod_sand_rats_2006 --------
L 07/10/2020 - 23:23:29: [adminsounds.smx] 62 sounds loaded
L 07/10/2020 - 23:23:35: [randomcycle.smx] RandomCycle has chosen dod_dli_football_b1 for the nextmap.
L 07/10/2020 - 23:24:00: [adminsounds.smx] "B0UL3T___0N3<6><[U:1:37484034]><>" launch the sound 0 - "Blade"
L 07/10/2020 - 23:24:49: [adminsounds.smx] "B0UL3T___0N3<6><[U:1:37484034]><>" launch the sound sons - "Arrete de parler"
L 07/10/2020 - 23:30:28: [mapchooser.smx] Voting for next map has started.
L 07/10/2020 - 23:34:29: [SM] Changed map to "dod_orange_sniper"
L 07/10/2020 - 23:34:29: [SM] Changed map to "dod_orange_sniper"
L 07/10/2020 - 23:34:30: -------- Mapchange to dod_orange_sniper --------
L 07/10/2020 - 23:34:30: [adminsounds.smx] 62 sounds loaded
L 07/10/2020 - 23:34:33: -------- Mapchange to dod_orange_sniper --------
L 07/10/2020 - 23:34:33: [adminsounds.smx] 62 sounds loaded
L 07/10/2020 - 23:34:39: [randomcycle.smx] RandomCycle has chosen cdcmarijuana! for the nextmap.
L 07/10/2020 - 23:41:32: [mapchooser.smx] Voting for next map has started.
L 07/10/2020 - 23:45:33: [SM] Changed map to "acc_labice"
L 07/10/2020 - 23:45:33: [SM] Changed map to "acc_labice"
L 07/10/2020 - 23:45:35: -------- Mapchange to acc_labice --------
L 07/10/2020 - 23:45:35: [adminsounds.smx] 62 sounds loaded
L 07/10/2020 - 23:45:38: -------- Mapchange to acc_labice --------
L 07/10/2020 - 23:45:38: [adminsounds.smx] 62 sounds loaded
L 07/10/2020 - 23:45:44: [randomcycle.smx] RandomCycle has chosen dod_sniper_wars_beta for the nextmap.
L 07/10/2020 - 23:52:37: [mapchooser.smx] Voting for next map has started.
L 07/10/2020 - 23:56:38: [SM] Changed map to "dod_orange_bridges"
L 07/10/2020 - 23:56:38: [SM] Changed map to "dod_orange_bridges"
L 07/10/2020 - 23:56:40: -------- Mapchange to dod_orange_bridges --------
L 07/10/2020 - 23:56:40: [adminsounds.smx] 62 sounds loaded
L 07/10/2020 - 23:56:43: -------- Mapchange to dod_orange_bridges --------
L 07/10/2020 - 23:56:43: [adminsounds.smx] 62 sounds loaded
L 07/10/2020 - 23:56:49: [randomcycle.smx] RandomCycle has chosen dod_aimap_b1 for the nextmap.
L 07/11/2020 - 00:03:42: Log file closed.
